[2023-11-25T03:33:51.086+0000] {taskinstance.py:1149} INFO - Dependencies not met for <TaskInstance: dag_extract_despesas.task_extract_despesas scheduled__2023-11-24T20:26:32.148764+00:00 [up_for_retry]>, dependency 'Not In Retry Period' FAILED: Task is not ready for retry yet but will be retried automatically. Current date is 2023-11-25T03:33:51.085763+00:00 and task will be retried at 2023-11-25T03:34:46.304985+00:00.
[2023-11-25T03:33:51.108+0000] {local_task_job_runner.py:154} INFO - Task is not able to be run
[2023-11-25T03:34:00.575+0000] {taskinstance.py:1149} INFO - Dependencies not met for <TaskInstance: dag_extract_despesas.task_extract_despesas scheduled__2023-11-24T20:26:32.148764+00:00 [up_for_retry]>, dependency 'Not In Retry Period' FAILED: Task is not ready for retry yet but will be retried automatically. Current date is 2023-11-25T03:34:00.574995+00:00 and task will be retried at 2023-11-25T03:34:46.304985+00:00.
[2023-11-25T03:34:00.598+0000] {local_task_job_runner.py:154} INFO - Task is not able to be run
[2023-11-25T03:37:33.462+0000] {taskinstance.py:1159} INFO - Dependencies all met for dep_context=non-requeueable deps ti=<TaskInstance: dag_extract_despesas.task_extract_despesas scheduled__2023-11-24T20:26:32.148764+00:00 [queued]>
[2023-11-25T03:37:35.006+0000] {taskinstance.py:1159} INFO - Dependencies all met for dep_context=requeueable deps ti=<TaskInstance: dag_extract_despesas.task_extract_despesas scheduled__2023-11-24T20:26:32.148764+00:00 [queued]>
[2023-11-25T03:37:35.008+0000] {taskinstance.py:1361} INFO - Starting attempt 4 of 5
[2023-11-25T03:37:35.403+0000] {taskinstance.py:1382} INFO - Executing <Task(PythonOperator): task_extract_despesas> on 2023-11-24 20:26:32.148764+00:00
[2023-11-25T03:37:35.865+0000] {standard_task_runner.py:57} INFO - Started process 87 to run task
[2023-11-25T03:37:36.066+0000] {standard_task_runner.py:84} INFO - Running: ['***', 'tasks', 'run', 'dag_extract_despesas', 'task_extract_despesas', 'scheduled__2023-11-24T20:26:32.148764+00:00', '--job-id', '171', '--raw', '--subdir', 'DAGS_FOLDER/dag_extract_despesas.py', '--cfg-path', '/tmp/tmp2o00n3gn']
[2023-11-25T03:37:36.070+0000] {standard_task_runner.py:85} INFO - Job 171: Subtask task_extract_despesas
[2023-11-25T03:37:37.793+0000] {task_command.py:416} INFO - Running <TaskInstance: dag_extract_despesas.task_extract_despesas scheduled__2023-11-24T20:26:32.148764+00:00 [running]> on host eea2b93d502c
[2023-11-25T03:37:37.977+0000] {taskinstance.py:1662} INFO - Exporting env vars: AIRFLOW_CTX_DAG_OWNER='***' AIRFLOW_CTX_DAG_ID='dag_extract_despesas' AIRFLOW_CTX_TASK_ID='task_extract_despesas' AIRFLOW_CTX_EXECUTION_DATE='2023-11-24T20:26:32.148764+00:00' AIRFLOW_CTX_TRY_NUMBER='4' AIRFLOW_CTX_DAG_RUN_ID='scheduled__2023-11-24T20:26:32.148764+00:00'
[2023-11-25T03:37:40.157+0000] {logging_mixin.py:154} INFO - Despesas do deputado 215043 do mês 11 extraída!
[2023-11-25T03:37:40.159+0000] {logging_mixin.py:154} INFO - Lote de despesas de 215043 do mês 11 adicionado!
[2023-11-25T03:37:42.255+0000] {logging_mixin.py:154} INFO - Despesas do deputado 139285 do mês 11 extraída!
[2023-11-25T03:37:42.258+0000] {logging_mixin.py:154} INFO - Lote de despesas de 139285 do mês 11 adicionado!
[2023-11-25T03:37:44.289+0000] {logging_mixin.py:154} INFO - Despesas do deputado 157130 do mês 11 extraída!
[2023-11-25T03:37:44.292+0000] {logging_mixin.py:154} INFO - Lote de despesas de 157130 do mês 11 adicionado!
[2023-11-25T03:37:46.334+0000] {logging_mixin.py:154} INFO - Despesas do deputado 73768 do mês 11 extraída!
[2023-11-25T03:37:46.338+0000] {logging_mixin.py:154} INFO - Lote de despesas de 73768 do mês 11 adicionado!
[2023-11-25T03:37:48.473+0000] {logging_mixin.py:154} INFO - Despesas do deputado 210989 do mês 11 extraída!
[2023-11-25T03:37:48.478+0000] {logging_mixin.py:154} INFO - Lote de despesas de 210989 do mês 11 adicionado!
[2023-11-25T03:37:49.955+0000] {logging_mixin.py:154} INFO - Despesas do deputado 73778 do mês 11 extraída!
[2023-11-25T03:37:49.958+0000] {logging_mixin.py:154} INFO - Lote de despesas de 73778 do mês 11 adicionado!
[2023-11-25T03:37:51.986+0000] {logging_mixin.py:154} INFO - Despesas do deputado 73788 do mês 11 extraída!
[2023-11-25T03:37:51.999+0000] {logging_mixin.py:154} INFO - Lote de despesas de 73788 do mês 11 adicionado!
[2023-11-25T03:37:54.008+0000] {logging_mixin.py:154} INFO - Despesas do deputado 73801 do mês 11 extraída!
[2023-11-25T03:37:54.012+0000] {logging_mixin.py:154} INFO - Lote de despesas de 73801 do mês 11 adicionado!
[2023-11-25T03:37:56.021+0000] {logging_mixin.py:154} INFO - Despesas do deputado 73806 do mês 11 extraída!
[2023-11-25T03:37:56.028+0000] {logging_mixin.py:154} INFO - Lote de despesas de 73806 do mês 11 adicionado!
[2023-11-25T03:37:58.075+0000] {logging_mixin.py:154} INFO - Despesas do deputado 141391 do mês 11 extraída!
[2023-11-25T03:37:58.081+0000] {logging_mixin.py:154} INFO - Lote de despesas de 141391 do mês 11 adicionado!
[2023-11-25T03:38:00.102+0000] {logging_mixin.py:154} INFO - Despesas do deputado 73808 do mês 11 extraída!
[2023-11-25T03:38:00.110+0000] {logging_mixin.py:154} INFO - Lote de despesas de 73808 do mês 11 adicionado!
[2023-11-25T03:38:02.142+0000] {logging_mixin.py:154} INFO - Despesas do deputado 141398 do mês 11 extraída!
[2023-11-25T03:38:02.149+0000] {logging_mixin.py:154} INFO - Lote de despesas de 141398 do mês 11 adicionado!
[2023-11-25T03:38:04.222+0000] {logging_mixin.py:154} INFO - Despesas do deputado 122974 do mês 11 extraída!
[2023-11-25T03:38:04.229+0000] {logging_mixin.py:154} INFO - Lote de despesas de 122974 do mês 11 adicionado!
[2023-11-25T03:38:06.248+0000] {logging_mixin.py:154} INFO - Despesas do deputado 141408 do mês 11 extraída!
[2023-11-25T03:38:06.251+0000] {logging_mixin.py:154} INFO - Lote de despesas de 141408 do mês 11 adicionado!
[2023-11-25T03:38:08.362+0000] {logging_mixin.py:154} INFO - Despesas do deputado 141411 do mês 11 extraída!
[2023-11-25T03:38:08.369+0000] {logging_mixin.py:154} INFO - Lote de despesas de 141411 do mês 11 adicionado!
[2023-11-25T03:38:10.581+0000] {logging_mixin.py:154} INFO - Despesas do deputado 104552 do mês 11 extraída!
[2023-11-25T03:38:10.588+0000] {logging_mixin.py:154} INFO - Lote de despesas de 104552 do mês 11 adicionado!
[2023-11-25T03:38:11.229+0000] {local_task_job_runner.py:294} WARNING - State of this instance has been externally set to removed. Terminating instance.
[2023-11-25T03:38:11.241+0000] {process_utils.py:131} INFO - Sending 15 to group 87. PIDs of all processes in the group: [87]
[2023-11-25T03:38:11.243+0000] {process_utils.py:86} INFO - Sending the signal 15 to group 87
[2023-11-25T03:38:11.245+0000] {taskinstance.py:1632} ERROR - Received SIGTERM. Terminating subprocesses.
[2023-11-25T03:38:11.382+0000] {process_utils.py:79} INFO - Process psutil.Process(pid=87, status='terminated', exitcode=0, started='03:37:34') (87) terminated with exit code 0
