[2023-11-22T20:46:52.745+0000] {processor.py:157} INFO - Started process (PID=58) to work on /home/airflow/.local/lib/python3.8/site-packages/airflow/example_dags/example_task_group_decorator.py
[2023-11-22T20:46:52.762+0000] {processor.py:829} INFO - Processing file /home/airflow/.local/lib/python3.8/site-packages/airflow/example_dags/example_task_group_decorator.py for tasks to queue
[2023-11-22T20:46:52.884+0000] {logging_mixin.py:154} INFO - [2023-11-22T20:46:52.860+0000] {dagbag.py:536} INFO - Filling up the DagBag from /home/airflow/.local/lib/python3.8/site-packages/airflow/example_dags/example_task_group_decorator.py
[2023-11-22T20:46:52.917+0000] {processor.py:839} INFO - DAG(s) dict_keys(['example_task_group_decorator']) retrieved from /home/airflow/.local/lib/python3.8/site-packages/airflow/example_dags/example_task_group_decorator.py
[2023-11-22T20:46:53.245+0000] {logging_mixin.py:154} INFO - [2023-11-22T20:46:53.244+0000] {dag.py:2941} INFO - Sync 1 DAGs
[2023-11-22T20:46:53.913+0000] {logging_mixin.py:154} INFO - [2023-11-22T20:46:53.913+0000] {dag.py:3722} INFO - Setting next_dagrun for example_task_group_decorator to 2023-11-21T20:46:53.912737+00:00, run_after=2023-11-22T20:46:53.912737+00:00
[2023-11-22T20:46:54.126+0000] {processor.py:179} INFO - Processing /home/airflow/.local/lib/python3.8/site-packages/airflow/example_dags/example_task_group_decorator.py took 1.556 seconds
[2023-11-22T20:47:25.207+0000] {processor.py:157} INFO - Started process (PID=112) to work on /home/airflow/.local/lib/python3.8/site-packages/airflow/example_dags/example_task_group_decorator.py
[2023-11-22T20:47:25.211+0000] {processor.py:829} INFO - Processing file /home/airflow/.local/lib/python3.8/site-packages/airflow/example_dags/example_task_group_decorator.py for tasks to queue
[2023-11-22T20:47:25.216+0000] {logging_mixin.py:154} INFO - [2023-11-22T20:47:25.215+0000] {dagbag.py:536} INFO - Filling up the DagBag from /home/airflow/.local/lib/python3.8/site-packages/airflow/example_dags/example_task_group_decorator.py
[2023-11-22T20:47:25.261+0000] {processor.py:839} INFO - DAG(s) dict_keys(['example_task_group_decorator']) retrieved from /home/airflow/.local/lib/python3.8/site-packages/airflow/example_dags/example_task_group_decorator.py
[2023-11-22T20:47:25.315+0000] {logging_mixin.py:154} INFO - [2023-11-22T20:47:25.314+0000] {dag.py:2941} INFO - Sync 1 DAGs
[2023-11-22T20:47:25.370+0000] {logging_mixin.py:154} INFO - [2023-11-22T20:47:25.369+0000] {dag.py:3722} INFO - Setting next_dagrun for example_task_group_decorator to 2023-11-21T20:47:25.369137+00:00, run_after=2023-11-22T20:47:25.369137+00:00
[2023-11-22T20:47:25.438+0000] {processor.py:179} INFO - Processing /home/airflow/.local/lib/python3.8/site-packages/airflow/example_dags/example_task_group_decorator.py took 0.240 seconds
[2023-11-22T20:47:58.539+0000] {processor.py:157} INFO - Started process (PID=164) to work on /home/airflow/.local/lib/python3.8/site-packages/airflow/example_dags/example_task_group_decorator.py
[2023-11-22T20:47:58.540+0000] {processor.py:829} INFO - Processing file /home/airflow/.local/lib/python3.8/site-packages/airflow/example_dags/example_task_group_decorator.py for tasks to queue
[2023-11-22T20:47:58.544+0000] {logging_mixin.py:154} INFO - [2023-11-22T20:47:58.544+0000] {dagbag.py:536} INFO - Filling up the DagBag from /home/airflow/.local/lib/python3.8/site-packages/airflow/example_dags/example_task_group_decorator.py
[2023-11-22T20:47:58.567+0000] {processor.py:839} INFO - DAG(s) dict_keys(['example_task_group_decorator']) retrieved from /home/airflow/.local/lib/python3.8/site-packages/airflow/example_dags/example_task_group_decorator.py
[2023-11-22T20:47:58.600+0000] {logging_mixin.py:154} INFO - [2023-11-22T20:47:58.600+0000] {dag.py:2941} INFO - Sync 1 DAGs
[2023-11-22T20:47:58.630+0000] {logging_mixin.py:154} INFO - [2023-11-22T20:47:58.630+0000] {dag.py:3722} INFO - Setting next_dagrun for example_task_group_decorator to 2023-11-21T20:47:58.629609+00:00, run_after=2023-11-22T20:47:58.629609+00:00
[2023-11-22T20:47:58.656+0000] {processor.py:179} INFO - Processing /home/airflow/.local/lib/python3.8/site-packages/airflow/example_dags/example_task_group_decorator.py took 0.122 seconds
[2023-11-22T20:48:29.563+0000] {processor.py:157} INFO - Started process (PID=218) to work on /home/airflow/.local/lib/python3.8/site-packages/airflow/example_dags/example_task_group_decorator.py
[2023-11-22T20:48:29.565+0000] {processor.py:829} INFO - Processing file /home/airflow/.local/lib/python3.8/site-packages/airflow/example_dags/example_task_group_decorator.py for tasks to queue
[2023-11-22T20:48:29.567+0000] {logging_mixin.py:154} INFO - [2023-11-22T20:48:29.567+0000] {dagbag.py:536} INFO - Filling up the DagBag from /home/airflow/.local/lib/python3.8/site-packages/airflow/example_dags/example_task_group_decorator.py
[2023-11-22T20:48:29.585+0000] {processor.py:839} INFO - DAG(s) dict_keys(['example_task_group_decorator']) retrieved from /home/airflow/.local/lib/python3.8/site-packages/airflow/example_dags/example_task_group_decorator.py
[2023-11-22T20:48:29.610+0000] {logging_mixin.py:154} INFO - [2023-11-22T20:48:29.610+0000] {dag.py:2941} INFO - Sync 1 DAGs
[2023-11-22T20:48:29.632+0000] {logging_mixin.py:154} INFO - [2023-11-22T20:48:29.632+0000] {dag.py:3722} INFO - Setting next_dagrun for example_task_group_decorator to 2023-11-21T20:48:29.632260+00:00, run_after=2023-11-22T20:48:29.632260+00:00
[2023-11-22T20:48:29.709+0000] {processor.py:179} INFO - Processing /home/airflow/.local/lib/python3.8/site-packages/airflow/example_dags/example_task_group_decorator.py took 0.149 seconds
[2023-11-22T20:49:00.351+0000] {processor.py:157} INFO - Started process (PID=272) to work on /home/airflow/.local/lib/python3.8/site-packages/airflow/example_dags/example_task_group_decorator.py
[2023-11-22T20:49:00.353+0000] {processor.py:829} INFO - Processing file /home/airflow/.local/lib/python3.8/site-packages/airflow/example_dags/example_task_group_decorator.py for tasks to queue
[2023-11-22T20:49:00.356+0000] {logging_mixin.py:154} INFO - [2023-11-22T20:49:00.355+0000] {dagbag.py:536} INFO - Filling up the DagBag from /home/airflow/.local/lib/python3.8/site-packages/airflow/example_dags/example_task_group_decorator.py
[2023-11-22T20:49:00.374+0000] {processor.py:839} INFO - DAG(s) dict_keys(['example_task_group_decorator']) retrieved from /home/airflow/.local/lib/python3.8/site-packages/airflow/example_dags/example_task_group_decorator.py
[2023-11-22T20:49:00.411+0000] {logging_mixin.py:154} INFO - [2023-11-22T20:49:00.410+0000] {dag.py:2941} INFO - Sync 1 DAGs
[2023-11-22T20:49:00.443+0000] {logging_mixin.py:154} INFO - [2023-11-22T20:49:00.443+0000] {dag.py:3722} INFO - Setting next_dagrun for example_task_group_decorator to 2023-11-21T20:49:00.442850+00:00, run_after=2023-11-22T20:49:00.442850+00:00
[2023-11-22T20:49:00.473+0000] {processor.py:179} INFO - Processing /home/airflow/.local/lib/python3.8/site-packages/airflow/example_dags/example_task_group_decorator.py took 0.126 seconds
[2023-11-22T20:49:30.718+0000] {processor.py:157} INFO - Started process (PID=326) to work on /home/airflow/.local/lib/python3.8/site-packages/airflow/example_dags/example_task_group_decorator.py
[2023-11-22T20:49:30.720+0000] {processor.py:829} INFO - Processing file /home/airflow/.local/lib/python3.8/site-packages/airflow/example_dags/example_task_group_decorator.py for tasks to queue
[2023-11-22T20:49:30.723+0000] {logging_mixin.py:154} INFO - [2023-11-22T20:49:30.723+0000] {dagbag.py:536} INFO - Filling up the DagBag from /home/airflow/.local/lib/python3.8/site-packages/airflow/example_dags/example_task_group_decorator.py
[2023-11-22T20:49:30.739+0000] {processor.py:839} INFO - DAG(s) dict_keys(['example_task_group_decorator']) retrieved from /home/airflow/.local/lib/python3.8/site-packages/airflow/example_dags/example_task_group_decorator.py
[2023-11-22T20:49:30.772+0000] {logging_mixin.py:154} INFO - [2023-11-22T20:49:30.772+0000] {dag.py:2941} INFO - Sync 1 DAGs
[2023-11-22T20:49:30.796+0000] {logging_mixin.py:154} INFO - [2023-11-22T20:49:30.796+0000] {dag.py:3722} INFO - Setting next_dagrun for example_task_group_decorator to 2023-11-21T20:49:30.796169+00:00, run_after=2023-11-22T20:49:30.796169+00:00
[2023-11-22T20:49:30.814+0000] {processor.py:179} INFO - Processing /home/airflow/.local/lib/python3.8/site-packages/airflow/example_dags/example_task_group_decorator.py took 0.099 seconds
[2023-11-22T20:50:01.719+0000] {processor.py:157} INFO - Started process (PID=380) to work on /home/airflow/.local/lib/python3.8/site-packages/airflow/example_dags/example_task_group_decorator.py
[2023-11-22T20:50:01.720+0000] {processor.py:829} INFO - Processing file /home/airflow/.local/lib/python3.8/site-packages/airflow/example_dags/example_task_group_decorator.py for tasks to queue
[2023-11-22T20:50:01.723+0000] {logging_mixin.py:154} INFO - [2023-11-22T20:50:01.722+0000] {dagbag.py:536} INFO - Filling up the DagBag from /home/airflow/.local/lib/python3.8/site-packages/airflow/example_dags/example_task_group_decorator.py
[2023-11-22T20:50:01.736+0000] {processor.py:839} INFO - DAG(s) dict_keys(['example_task_group_decorator']) retrieved from /home/airflow/.local/lib/python3.8/site-packages/airflow/example_dags/example_task_group_decorator.py
[2023-11-22T20:50:01.761+0000] {logging_mixin.py:154} INFO - [2023-11-22T20:50:01.760+0000] {dag.py:2941} INFO - Sync 1 DAGs
[2023-11-22T20:50:01.785+0000] {logging_mixin.py:154} INFO - [2023-11-22T20:50:01.785+0000] {dag.py:3722} INFO - Setting next_dagrun for example_task_group_decorator to 2023-11-21T20:50:01.784788+00:00, run_after=2023-11-22T20:50:01.784788+00:00
[2023-11-22T20:50:01.805+0000] {processor.py:179} INFO - Processing /home/airflow/.local/lib/python3.8/site-packages/airflow/example_dags/example_task_group_decorator.py took 0.089 seconds
[2023-11-22T20:50:32.207+0000] {processor.py:157} INFO - Started process (PID=434) to work on /home/airflow/.local/lib/python3.8/site-packages/airflow/example_dags/example_task_group_decorator.py
[2023-11-22T20:50:32.210+0000] {processor.py:829} INFO - Processing file /home/airflow/.local/lib/python3.8/site-packages/airflow/example_dags/example_task_group_decorator.py for tasks to queue
[2023-11-22T20:50:32.214+0000] {logging_mixin.py:154} INFO - [2023-11-22T20:50:32.213+0000] {dagbag.py:536} INFO - Filling up the DagBag from /home/airflow/.local/lib/python3.8/site-packages/airflow/example_dags/example_task_group_decorator.py
[2023-11-22T20:50:32.240+0000] {processor.py:839} INFO - DAG(s) dict_keys(['example_task_group_decorator']) retrieved from /home/airflow/.local/lib/python3.8/site-packages/airflow/example_dags/example_task_group_decorator.py
[2023-11-22T20:50:32.272+0000] {logging_mixin.py:154} INFO - [2023-11-22T20:50:32.272+0000] {dag.py:2941} INFO - Sync 1 DAGs
[2023-11-22T20:50:32.307+0000] {logging_mixin.py:154} INFO - [2023-11-22T20:50:32.307+0000] {dag.py:3722} INFO - Setting next_dagrun for example_task_group_decorator to 2023-11-21T20:50:32.306606+00:00, run_after=2023-11-22T20:50:32.306606+00:00
[2023-11-22T20:50:32.348+0000] {processor.py:179} INFO - Processing /home/airflow/.local/lib/python3.8/site-packages/airflow/example_dags/example_task_group_decorator.py took 0.145 seconds
[2023-11-22T20:51:03.208+0000] {processor.py:157} INFO - Started process (PID=488) to work on /home/airflow/.local/lib/python3.8/site-packages/airflow/example_dags/example_task_group_decorator.py
[2023-11-22T20:51:03.210+0000] {processor.py:829} INFO - Processing file /home/airflow/.local/lib/python3.8/site-packages/airflow/example_dags/example_task_group_decorator.py for tasks to queue
[2023-11-22T20:51:03.212+0000] {logging_mixin.py:154} INFO - [2023-11-22T20:51:03.212+0000] {dagbag.py:536} INFO - Filling up the DagBag from /home/airflow/.local/lib/python3.8/site-packages/airflow/example_dags/example_task_group_decorator.py
[2023-11-22T20:51:03.228+0000] {processor.py:839} INFO - DAG(s) dict_keys(['example_task_group_decorator']) retrieved from /home/airflow/.local/lib/python3.8/site-packages/airflow/example_dags/example_task_group_decorator.py
[2023-11-22T20:51:03.255+0000] {logging_mixin.py:154} INFO - [2023-11-22T20:51:03.254+0000] {dag.py:2941} INFO - Sync 1 DAGs
[2023-11-22T20:51:03.279+0000] {logging_mixin.py:154} INFO - [2023-11-22T20:51:03.278+0000] {dag.py:3722} INFO - Setting next_dagrun for example_task_group_decorator to 2023-11-21T20:51:03.278685+00:00, run_after=2023-11-22T20:51:03.278685+00:00
[2023-11-22T20:51:03.303+0000] {processor.py:179} INFO - Processing /home/airflow/.local/lib/python3.8/site-packages/airflow/example_dags/example_task_group_decorator.py took 0.098 seconds
[2023-11-22T20:51:34.297+0000] {processor.py:157} INFO - Started process (PID=542) to work on /home/airflow/.local/lib/python3.8/site-packages/airflow/example_dags/example_task_group_decorator.py
[2023-11-22T20:51:34.298+0000] {processor.py:829} INFO - Processing file /home/airflow/.local/lib/python3.8/site-packages/airflow/example_dags/example_task_group_decorator.py for tasks to queue
[2023-11-22T20:51:34.303+0000] {logging_mixin.py:154} INFO - [2023-11-22T20:51:34.302+0000] {dagbag.py:536} INFO - Filling up the DagBag from /home/airflow/.local/lib/python3.8/site-packages/airflow/example_dags/example_task_group_decorator.py
[2023-11-22T20:51:34.322+0000] {processor.py:839} INFO - DAG(s) dict_keys(['example_task_group_decorator']) retrieved from /home/airflow/.local/lib/python3.8/site-packages/airflow/example_dags/example_task_group_decorator.py
[2023-11-22T20:51:34.350+0000] {logging_mixin.py:154} INFO - [2023-11-22T20:51:34.350+0000] {dag.py:2941} INFO - Sync 1 DAGs
[2023-11-22T20:51:34.381+0000] {logging_mixin.py:154} INFO - [2023-11-22T20:51:34.381+0000] {dag.py:3722} INFO - Setting next_dagrun for example_task_group_decorator to 2023-11-21T20:51:34.381106+00:00, run_after=2023-11-22T20:51:34.381106+00:00
[2023-11-22T20:51:34.407+0000] {processor.py:179} INFO - Processing /home/airflow/.local/lib/python3.8/site-packages/airflow/example_dags/example_task_group_decorator.py took 0.113 seconds
[2023-11-22T20:52:27.021+0000] {processor.py:157} INFO - Started process (PID=602) to work on /home/airflow/.local/lib/python3.8/site-packages/airflow/example_dags/example_task_group_decorator.py
[2023-11-22T20:52:27.028+0000] {processor.py:829} INFO - Processing file /home/airflow/.local/lib/python3.8/site-packages/airflow/example_dags/example_task_group_decorator.py for tasks to queue
[2023-11-22T20:52:27.057+0000] {logging_mixin.py:154} INFO - [2023-11-22T20:52:27.057+0000] {dagbag.py:536} INFO - Filling up the DagBag from /home/airflow/.local/lib/python3.8/site-packages/airflow/example_dags/example_task_group_decorator.py
[2023-11-22T20:52:27.088+0000] {processor.py:839} INFO - DAG(s) dict_keys(['example_task_group_decorator']) retrieved from /home/airflow/.local/lib/python3.8/site-packages/airflow/example_dags/example_task_group_decorator.py
[2023-11-22T20:52:27.182+0000] {logging_mixin.py:154} INFO - [2023-11-22T20:52:27.181+0000] {dag.py:2941} INFO - Sync 1 DAGs
[2023-11-22T20:52:27.295+0000] {logging_mixin.py:154} INFO - [2023-11-22T20:52:27.295+0000] {dag.py:3722} INFO - Setting next_dagrun for example_task_group_decorator to 2023-11-21T20:52:27.289375+00:00, run_after=2023-11-22T20:52:27.289375+00:00
[2023-11-22T20:52:27.347+0000] {processor.py:179} INFO - Processing /home/airflow/.local/lib/python3.8/site-packages/airflow/example_dags/example_task_group_decorator.py took 0.336 seconds
[2023-11-22T20:52:57.522+0000] {processor.py:157} INFO - Started process (PID=655) to work on /home/airflow/.local/lib/python3.8/site-packages/airflow/example_dags/example_task_group_decorator.py
[2023-11-22T20:52:57.524+0000] {processor.py:829} INFO - Processing file /home/airflow/.local/lib/python3.8/site-packages/airflow/example_dags/example_task_group_decorator.py for tasks to queue
[2023-11-22T20:52:57.527+0000] {logging_mixin.py:154} INFO - [2023-11-22T20:52:57.527+0000] {dagbag.py:536} INFO - Filling up the DagBag from /home/airflow/.local/lib/python3.8/site-packages/airflow/example_dags/example_task_group_decorator.py
[2023-11-22T20:52:57.544+0000] {processor.py:839} INFO - DAG(s) dict_keys(['example_task_group_decorator']) retrieved from /home/airflow/.local/lib/python3.8/site-packages/airflow/example_dags/example_task_group_decorator.py
[2023-11-22T20:52:57.571+0000] {logging_mixin.py:154} INFO - [2023-11-22T20:52:57.571+0000] {dag.py:2941} INFO - Sync 1 DAGs
[2023-11-22T20:52:57.597+0000] {logging_mixin.py:154} INFO - [2023-11-22T20:52:57.597+0000] {dag.py:3722} INFO - Setting next_dagrun for example_task_group_decorator to 2023-11-21T20:52:57.596746+00:00, run_after=2023-11-22T20:52:57.596746+00:00
[2023-11-22T20:52:57.626+0000] {processor.py:179} INFO - Processing /home/airflow/.local/lib/python3.8/site-packages/airflow/example_dags/example_task_group_decorator.py took 0.107 seconds
[2023-11-22T20:53:28.031+0000] {processor.py:157} INFO - Started process (PID=710) to work on /home/airflow/.local/lib/python3.8/site-packages/airflow/example_dags/example_task_group_decorator.py
[2023-11-22T20:53:28.032+0000] {processor.py:829} INFO - Processing file /home/airflow/.local/lib/python3.8/site-packages/airflow/example_dags/example_task_group_decorator.py for tasks to queue
[2023-11-22T20:53:28.035+0000] {logging_mixin.py:154} INFO - [2023-11-22T20:53:28.034+0000] {dagbag.py:536} INFO - Filling up the DagBag from /home/airflow/.local/lib/python3.8/site-packages/airflow/example_dags/example_task_group_decorator.py
[2023-11-22T20:53:28.054+0000] {processor.py:839} INFO - DAG(s) dict_keys(['example_task_group_decorator']) retrieved from /home/airflow/.local/lib/python3.8/site-packages/airflow/example_dags/example_task_group_decorator.py
[2023-11-22T20:53:28.079+0000] {logging_mixin.py:154} INFO - [2023-11-22T20:53:28.079+0000] {dag.py:2941} INFO - Sync 1 DAGs
[2023-11-22T20:53:28.102+0000] {logging_mixin.py:154} INFO - [2023-11-22T20:53:28.102+0000] {dag.py:3722} INFO - Setting next_dagrun for example_task_group_decorator to 2023-11-21T20:53:28.102104+00:00, run_after=2023-11-22T20:53:28.102104+00:00
[2023-11-22T20:53:28.128+0000] {processor.py:179} INFO - Processing /home/airflow/.local/lib/python3.8/site-packages/airflow/example_dags/example_task_group_decorator.py took 0.100 seconds
[2023-11-22T20:53:58.266+0000] {processor.py:157} INFO - Started process (PID=765) to work on /home/airflow/.local/lib/python3.8/site-packages/airflow/example_dags/example_task_group_decorator.py
[2023-11-22T20:53:58.267+0000] {processor.py:829} INFO - Processing file /home/airflow/.local/lib/python3.8/site-packages/airflow/example_dags/example_task_group_decorator.py for tasks to queue
[2023-11-22T20:53:58.269+0000] {logging_mixin.py:154} INFO - [2023-11-22T20:53:58.269+0000] {dagbag.py:536} INFO - Filling up the DagBag from /home/airflow/.local/lib/python3.8/site-packages/airflow/example_dags/example_task_group_decorator.py
[2023-11-22T20:53:58.284+0000] {processor.py:839} INFO - DAG(s) dict_keys(['example_task_group_decorator']) retrieved from /home/airflow/.local/lib/python3.8/site-packages/airflow/example_dags/example_task_group_decorator.py
[2023-11-22T20:53:58.308+0000] {logging_mixin.py:154} INFO - [2023-11-22T20:53:58.308+0000] {dag.py:2941} INFO - Sync 1 DAGs
[2023-11-22T20:53:58.331+0000] {logging_mixin.py:154} INFO - [2023-11-22T20:53:58.331+0000] {dag.py:3722} INFO - Setting next_dagrun for example_task_group_decorator to 2023-11-21T20:53:58.330780+00:00, run_after=2023-11-22T20:53:58.330780+00:00
[2023-11-22T20:53:58.352+0000] {processor.py:179} INFO - Processing /home/airflow/.local/lib/python3.8/site-packages/airflow/example_dags/example_task_group_decorator.py took 0.089 seconds
[2023-11-22T20:54:29.078+0000] {processor.py:157} INFO - Started process (PID=819) to work on /home/airflow/.local/lib/python3.8/site-packages/airflow/example_dags/example_task_group_decorator.py
[2023-11-22T20:54:29.080+0000] {processor.py:829} INFO - Processing file /home/airflow/.local/lib/python3.8/site-packages/airflow/example_dags/example_task_group_decorator.py for tasks to queue
[2023-11-22T20:54:29.083+0000] {logging_mixin.py:154} INFO - [2023-11-22T20:54:29.082+0000] {dagbag.py:536} INFO - Filling up the DagBag from /home/airflow/.local/lib/python3.8/site-packages/airflow/example_dags/example_task_group_decorator.py
[2023-11-22T20:54:29.097+0000] {processor.py:839} INFO - DAG(s) dict_keys(['example_task_group_decorator']) retrieved from /home/airflow/.local/lib/python3.8/site-packages/airflow/example_dags/example_task_group_decorator.py
[2023-11-22T20:54:29.122+0000] {logging_mixin.py:154} INFO - [2023-11-22T20:54:29.122+0000] {dag.py:2941} INFO - Sync 1 DAGs
[2023-11-22T20:54:29.145+0000] {logging_mixin.py:154} INFO - [2023-11-22T20:54:29.145+0000] {dag.py:3722} INFO - Setting next_dagrun for example_task_group_decorator to 2023-11-21T20:54:29.144966+00:00, run_after=2023-11-22T20:54:29.144966+00:00
[2023-11-22T20:54:29.178+0000] {processor.py:179} INFO - Processing /home/airflow/.local/lib/python3.8/site-packages/airflow/example_dags/example_task_group_decorator.py took 0.102 seconds
[2023-11-22T20:54:59.629+0000] {processor.py:157} INFO - Started process (PID=873) to work on /home/airflow/.local/lib/python3.8/site-packages/airflow/example_dags/example_task_group_decorator.py
[2023-11-22T20:54:59.631+0000] {processor.py:829} INFO - Processing file /home/airflow/.local/lib/python3.8/site-packages/airflow/example_dags/example_task_group_decorator.py for tasks to queue
[2023-11-22T20:54:59.634+0000] {logging_mixin.py:154} INFO - [2023-11-22T20:54:59.634+0000] {dagbag.py:536} INFO - Filling up the DagBag from /home/airflow/.local/lib/python3.8/site-packages/airflow/example_dags/example_task_group_decorator.py
[2023-11-22T20:54:59.666+0000] {processor.py:839} INFO - DAG(s) dict_keys(['example_task_group_decorator']) retrieved from /home/airflow/.local/lib/python3.8/site-packages/airflow/example_dags/example_task_group_decorator.py
[2023-11-22T20:54:59.704+0000] {logging_mixin.py:154} INFO - [2023-11-22T20:54:59.704+0000] {dag.py:2941} INFO - Sync 1 DAGs
[2023-11-22T20:54:59.731+0000] {logging_mixin.py:154} INFO - [2023-11-22T20:54:59.731+0000] {dag.py:3722} INFO - Setting next_dagrun for example_task_group_decorator to 2023-11-21T20:54:59.730839+00:00, run_after=2023-11-22T20:54:59.730839+00:00
[2023-11-22T20:54:59.754+0000] {processor.py:179} INFO - Processing /home/airflow/.local/lib/python3.8/site-packages/airflow/example_dags/example_task_group_decorator.py took 0.129 seconds
[2023-11-22T20:55:29.835+0000] {processor.py:157} INFO - Started process (PID=927) to work on /home/airflow/.local/lib/python3.8/site-packages/airflow/example_dags/example_task_group_decorator.py
[2023-11-22T20:55:29.837+0000] {processor.py:829} INFO - Processing file /home/airflow/.local/lib/python3.8/site-packages/airflow/example_dags/example_task_group_decorator.py for tasks to queue
[2023-11-22T20:55:29.841+0000] {logging_mixin.py:154} INFO - [2023-11-22T20:55:29.841+0000] {dagbag.py:536} INFO - Filling up the DagBag from /home/airflow/.local/lib/python3.8/site-packages/airflow/example_dags/example_task_group_decorator.py
[2023-11-22T20:55:29.858+0000] {processor.py:839} INFO - DAG(s) dict_keys(['example_task_group_decorator']) retrieved from /home/airflow/.local/lib/python3.8/site-packages/airflow/example_dags/example_task_group_decorator.py
[2023-11-22T20:55:29.895+0000] {logging_mixin.py:154} INFO - [2023-11-22T20:55:29.894+0000] {dag.py:2941} INFO - Sync 1 DAGs
[2023-11-22T20:55:29.929+0000] {logging_mixin.py:154} INFO - [2023-11-22T20:55:29.929+0000] {dag.py:3722} INFO - Setting next_dagrun for example_task_group_decorator to 2023-11-21T20:55:29.929319+00:00, run_after=2023-11-22T20:55:29.929319+00:00
[2023-11-22T20:55:29.964+0000] {processor.py:179} INFO - Processing /home/airflow/.local/lib/python3.8/site-packages/airflow/example_dags/example_task_group_decorator.py took 0.132 seconds
[2023-11-22T20:56:00.439+0000] {processor.py:157} INFO - Started process (PID=982) to work on /home/airflow/.local/lib/python3.8/site-packages/airflow/example_dags/example_task_group_decorator.py
[2023-11-22T20:56:00.441+0000] {processor.py:829} INFO - Processing file /home/airflow/.local/lib/python3.8/site-packages/airflow/example_dags/example_task_group_decorator.py for tasks to queue
[2023-11-22T20:56:00.444+0000] {logging_mixin.py:154} INFO - [2023-11-22T20:56:00.443+0000] {dagbag.py:536} INFO - Filling up the DagBag from /home/airflow/.local/lib/python3.8/site-packages/airflow/example_dags/example_task_group_decorator.py
[2023-11-22T20:56:00.461+0000] {processor.py:839} INFO - DAG(s) dict_keys(['example_task_group_decorator']) retrieved from /home/airflow/.local/lib/python3.8/site-packages/airflow/example_dags/example_task_group_decorator.py
[2023-11-22T20:56:00.489+0000] {logging_mixin.py:154} INFO - [2023-11-22T20:56:00.489+0000] {dag.py:2941} INFO - Sync 1 DAGs
[2023-11-22T20:56:00.677+0000] {logging_mixin.py:154} INFO - [2023-11-22T20:56:00.677+0000] {dag.py:3722} INFO - Setting next_dagrun for example_task_group_decorator to 2023-11-21T20:56:00.676993+00:00, run_after=2023-11-22T20:56:00.676993+00:00
[2023-11-22T20:56:00.711+0000] {processor.py:179} INFO - Processing /home/airflow/.local/lib/python3.8/site-packages/airflow/example_dags/example_task_group_decorator.py took 0.276 seconds
[2023-11-22T20:56:31.281+0000] {processor.py:157} INFO - Started process (PID=1036) to work on /home/airflow/.local/lib/python3.8/site-packages/airflow/example_dags/example_task_group_decorator.py
[2023-11-22T20:56:31.283+0000] {processor.py:829} INFO - Processing file /home/airflow/.local/lib/python3.8/site-packages/airflow/example_dags/example_task_group_decorator.py for tasks to queue
[2023-11-22T20:56:31.285+0000] {logging_mixin.py:154} INFO - [2023-11-22T20:56:31.285+0000] {dagbag.py:536} INFO - Filling up the DagBag from /home/airflow/.local/lib/python3.8/site-packages/airflow/example_dags/example_task_group_decorator.py
[2023-11-22T20:56:31.299+0000] {processor.py:839} INFO - DAG(s) dict_keys(['example_task_group_decorator']) retrieved from /home/airflow/.local/lib/python3.8/site-packages/airflow/example_dags/example_task_group_decorator.py
[2023-11-22T20:56:31.323+0000] {logging_mixin.py:154} INFO - [2023-11-22T20:56:31.323+0000] {dag.py:2941} INFO - Sync 1 DAGs
[2023-11-22T20:56:31.344+0000] {logging_mixin.py:154} INFO - [2023-11-22T20:56:31.344+0000] {dag.py:3722} INFO - Setting next_dagrun for example_task_group_decorator to 2023-11-21T20:56:31.344331+00:00, run_after=2023-11-22T20:56:31.344331+00:00
[2023-11-22T20:56:31.364+0000] {processor.py:179} INFO - Processing /home/airflow/.local/lib/python3.8/site-packages/airflow/example_dags/example_task_group_decorator.py took 0.085 seconds
[2023-11-22T20:57:01.485+0000] {processor.py:157} INFO - Started process (PID=1090) to work on /home/airflow/.local/lib/python3.8/site-packages/airflow/example_dags/example_task_group_decorator.py
[2023-11-22T20:57:01.487+0000] {processor.py:829} INFO - Processing file /home/airflow/.local/lib/python3.8/site-packages/airflow/example_dags/example_task_group_decorator.py for tasks to queue
[2023-11-22T20:57:01.489+0000] {logging_mixin.py:154} INFO - [2023-11-22T20:57:01.489+0000] {dagbag.py:536} INFO - Filling up the DagBag from /home/airflow/.local/lib/python3.8/site-packages/airflow/example_dags/example_task_group_decorator.py
[2023-11-22T20:57:01.503+0000] {processor.py:839} INFO - DAG(s) dict_keys(['example_task_group_decorator']) retrieved from /home/airflow/.local/lib/python3.8/site-packages/airflow/example_dags/example_task_group_decorator.py
[2023-11-22T20:57:01.528+0000] {logging_mixin.py:154} INFO - [2023-11-22T20:57:01.528+0000] {dag.py:2941} INFO - Sync 1 DAGs
[2023-11-22T20:57:01.550+0000] {logging_mixin.py:154} INFO - [2023-11-22T20:57:01.549+0000] {dag.py:3722} INFO - Setting next_dagrun for example_task_group_decorator to 2023-11-21T20:57:01.549682+00:00, run_after=2023-11-22T20:57:01.549682+00:00
[2023-11-22T20:57:01.569+0000] {processor.py:179} INFO - Processing /home/airflow/.local/lib/python3.8/site-packages/airflow/example_dags/example_task_group_decorator.py took 0.087 seconds
[2023-11-22T20:57:32.922+0000] {processor.py:157} INFO - Started process (PID=1144) to work on /home/airflow/.local/lib/python3.8/site-packages/airflow/example_dags/example_task_group_decorator.py
[2023-11-22T20:57:32.924+0000] {processor.py:829} INFO - Processing file /home/airflow/.local/lib/python3.8/site-packages/airflow/example_dags/example_task_group_decorator.py for tasks to queue
[2023-11-22T20:57:32.926+0000] {logging_mixin.py:154} INFO - [2023-11-22T20:57:32.926+0000] {dagbag.py:536} INFO - Filling up the DagBag from /home/airflow/.local/lib/python3.8/site-packages/airflow/example_dags/example_task_group_decorator.py
[2023-11-22T20:57:32.941+0000] {processor.py:839} INFO - DAG(s) dict_keys(['example_task_group_decorator']) retrieved from /home/airflow/.local/lib/python3.8/site-packages/airflow/example_dags/example_task_group_decorator.py
[2023-11-22T20:57:32.967+0000] {logging_mixin.py:154} INFO - [2023-11-22T20:57:32.967+0000] {dag.py:2941} INFO - Sync 1 DAGs
[2023-11-22T20:57:32.989+0000] {logging_mixin.py:154} INFO - [2023-11-22T20:57:32.989+0000] {dag.py:3722} INFO - Setting next_dagrun for example_task_group_decorator to 2023-11-21T20:57:32.989154+00:00, run_after=2023-11-22T20:57:32.989154+00:00
[2023-11-22T20:57:33.009+0000] {processor.py:179} INFO - Processing /home/airflow/.local/lib/python3.8/site-packages/airflow/example_dags/example_task_group_decorator.py took 0.090 seconds
[2023-11-22T20:58:03.487+0000] {processor.py:157} INFO - Started process (PID=1198) to work on /home/airflow/.local/lib/python3.8/site-packages/airflow/example_dags/example_task_group_decorator.py
[2023-11-22T20:58:03.488+0000] {processor.py:829} INFO - Processing file /home/airflow/.local/lib/python3.8/site-packages/airflow/example_dags/example_task_group_decorator.py for tasks to queue
[2023-11-22T20:58:03.491+0000] {logging_mixin.py:154} INFO - [2023-11-22T20:58:03.490+0000] {dagbag.py:536} INFO - Filling up the DagBag from /home/airflow/.local/lib/python3.8/site-packages/airflow/example_dags/example_task_group_decorator.py
[2023-11-22T20:58:03.511+0000] {processor.py:839} INFO - DAG(s) dict_keys(['example_task_group_decorator']) retrieved from /home/airflow/.local/lib/python3.8/site-packages/airflow/example_dags/example_task_group_decorator.py
[2023-11-22T20:58:03.534+0000] {logging_mixin.py:154} INFO - [2023-11-22T20:58:03.534+0000] {dag.py:2941} INFO - Sync 1 DAGs
[2023-11-22T20:58:03.554+0000] {logging_mixin.py:154} INFO - [2023-11-22T20:58:03.554+0000] {dag.py:3722} INFO - Setting next_dagrun for example_task_group_decorator to 2023-11-21T20:58:03.554394+00:00, run_after=2023-11-22T20:58:03.554394+00:00
[2023-11-22T20:58:03.573+0000] {processor.py:179} INFO - Processing /home/airflow/.local/lib/python3.8/site-packages/airflow/example_dags/example_task_group_decorator.py took 0.089 seconds
[2023-11-22T20:58:34.399+0000] {processor.py:157} INFO - Started process (PID=1252) to work on /home/airflow/.local/lib/python3.8/site-packages/airflow/example_dags/example_task_group_decorator.py
[2023-11-22T20:58:34.401+0000] {processor.py:829} INFO - Processing file /home/airflow/.local/lib/python3.8/site-packages/airflow/example_dags/example_task_group_decorator.py for tasks to queue
[2023-11-22T20:58:34.404+0000] {logging_mixin.py:154} INFO - [2023-11-22T20:58:34.404+0000] {dagbag.py:536} INFO - Filling up the DagBag from /home/airflow/.local/lib/python3.8/site-packages/airflow/example_dags/example_task_group_decorator.py
[2023-11-22T20:58:34.425+0000] {processor.py:839} INFO - DAG(s) dict_keys(['example_task_group_decorator']) retrieved from /home/airflow/.local/lib/python3.8/site-packages/airflow/example_dags/example_task_group_decorator.py
[2023-11-22T20:58:34.456+0000] {logging_mixin.py:154} INFO - [2023-11-22T20:58:34.456+0000] {dag.py:2941} INFO - Sync 1 DAGs
[2023-11-22T20:58:34.485+0000] {logging_mixin.py:154} INFO - [2023-11-22T20:58:34.485+0000] {dag.py:3722} INFO - Setting next_dagrun for example_task_group_decorator to 2023-11-21T20:58:34.484991+00:00, run_after=2023-11-22T20:58:34.484991+00:00
[2023-11-22T20:58:34.511+0000] {processor.py:179} INFO - Processing /home/airflow/.local/lib/python3.8/site-packages/airflow/example_dags/example_task_group_decorator.py took 0.116 seconds
[2023-11-22T20:59:05.203+0000] {processor.py:157} INFO - Started process (PID=1306) to work on /home/airflow/.local/lib/python3.8/site-packages/airflow/example_dags/example_task_group_decorator.py
[2023-11-22T20:59:05.205+0000] {processor.py:829} INFO - Processing file /home/airflow/.local/lib/python3.8/site-packages/airflow/example_dags/example_task_group_decorator.py for tasks to queue
[2023-11-22T20:59:05.207+0000] {logging_mixin.py:154} INFO - [2023-11-22T20:59:05.207+0000] {dagbag.py:536} INFO - Filling up the DagBag from /home/airflow/.local/lib/python3.8/site-packages/airflow/example_dags/example_task_group_decorator.py
[2023-11-22T20:59:05.223+0000] {processor.py:839} INFO - DAG(s) dict_keys(['example_task_group_decorator']) retrieved from /home/airflow/.local/lib/python3.8/site-packages/airflow/example_dags/example_task_group_decorator.py
[2023-11-22T20:59:05.252+0000] {logging_mixin.py:154} INFO - [2023-11-22T20:59:05.252+0000] {dag.py:2941} INFO - Sync 1 DAGs
[2023-11-22T20:59:05.430+0000] {logging_mixin.py:154} INFO - [2023-11-22T20:59:05.429+0000] {dag.py:3722} INFO - Setting next_dagrun for example_task_group_decorator to 2023-11-21T20:59:05.429380+00:00, run_after=2023-11-22T20:59:05.429380+00:00
[2023-11-22T20:59:05.458+0000] {processor.py:179} INFO - Processing /home/airflow/.local/lib/python3.8/site-packages/airflow/example_dags/example_task_group_decorator.py took 0.258 seconds
[2023-11-22T20:59:36.066+0000] {processor.py:157} INFO - Started process (PID=1360) to work on /home/airflow/.local/lib/python3.8/site-packages/airflow/example_dags/example_task_group_decorator.py
[2023-11-22T20:59:36.068+0000] {processor.py:829} INFO - Processing file /home/airflow/.local/lib/python3.8/site-packages/airflow/example_dags/example_task_group_decorator.py for tasks to queue
[2023-11-22T20:59:36.071+0000] {logging_mixin.py:154} INFO - [2023-11-22T20:59:36.071+0000] {dagbag.py:536} INFO - Filling up the DagBag from /home/airflow/.local/lib/python3.8/site-packages/airflow/example_dags/example_task_group_decorator.py
[2023-11-22T20:59:36.086+0000] {processor.py:839} INFO - DAG(s) dict_keys(['example_task_group_decorator']) retrieved from /home/airflow/.local/lib/python3.8/site-packages/airflow/example_dags/example_task_group_decorator.py
[2023-11-22T20:59:36.111+0000] {logging_mixin.py:154} INFO - [2023-11-22T20:59:36.110+0000] {dag.py:2941} INFO - Sync 1 DAGs
[2023-11-22T20:59:36.133+0000] {logging_mixin.py:154} INFO - [2023-11-22T20:59:36.132+0000] {dag.py:3722} INFO - Setting next_dagrun for example_task_group_decorator to 2023-11-21T20:59:36.132606+00:00, run_after=2023-11-22T20:59:36.132606+00:00
[2023-11-22T20:59:36.296+0000] {processor.py:179} INFO - Processing /home/airflow/.local/lib/python3.8/site-packages/airflow/example_dags/example_task_group_decorator.py took 0.232 seconds
[2023-11-22T21:00:06.976+0000] {processor.py:157} INFO - Started process (PID=1414) to work on /home/airflow/.local/lib/python3.8/site-packages/airflow/example_dags/example_task_group_decorator.py
[2023-11-22T21:00:06.978+0000] {processor.py:829} INFO - Processing file /home/airflow/.local/lib/python3.8/site-packages/airflow/example_dags/example_task_group_decorator.py for tasks to queue
[2023-11-22T21:00:06.980+0000] {logging_mixin.py:154} INFO - [2023-11-22T21:00:06.980+0000] {dagbag.py:536} INFO - Filling up the DagBag from /home/airflow/.local/lib/python3.8/site-packages/airflow/example_dags/example_task_group_decorator.py
[2023-11-22T21:00:06.994+0000] {processor.py:839} INFO - DAG(s) dict_keys(['example_task_group_decorator']) retrieved from /home/airflow/.local/lib/python3.8/site-packages/airflow/example_dags/example_task_group_decorator.py
[2023-11-22T21:00:07.020+0000] {logging_mixin.py:154} INFO - [2023-11-22T21:00:07.019+0000] {dag.py:2941} INFO - Sync 1 DAGs
[2023-11-22T21:00:07.041+0000] {logging_mixin.py:154} INFO - [2023-11-22T21:00:07.041+0000] {dag.py:3722} INFO - Setting next_dagrun for example_task_group_decorator to 2023-11-21T21:00:07.041226+00:00, run_after=2023-11-22T21:00:07.041226+00:00
[2023-11-22T21:00:07.061+0000] {processor.py:179} INFO - Processing /home/airflow/.local/lib/python3.8/site-packages/airflow/example_dags/example_task_group_decorator.py took 0.089 seconds
[2023-11-22T21:00:38.010+0000] {processor.py:157} INFO - Started process (PID=1468) to work on /home/airflow/.local/lib/python3.8/site-packages/airflow/example_dags/example_task_group_decorator.py
[2023-11-22T21:00:38.011+0000] {processor.py:829} INFO - Processing file /home/airflow/.local/lib/python3.8/site-packages/airflow/example_dags/example_task_group_decorator.py for tasks to queue
[2023-11-22T21:00:38.014+0000] {logging_mixin.py:154} INFO - [2023-11-22T21:00:38.014+0000] {dagbag.py:536} INFO - Filling up the DagBag from /home/airflow/.local/lib/python3.8/site-packages/airflow/example_dags/example_task_group_decorator.py
[2023-11-22T21:00:38.028+0000] {processor.py:839} INFO - DAG(s) dict_keys(['example_task_group_decorator']) retrieved from /home/airflow/.local/lib/python3.8/site-packages/airflow/example_dags/example_task_group_decorator.py
[2023-11-22T21:00:38.184+0000] {logging_mixin.py:154} INFO - [2023-11-22T21:00:38.183+0000] {dag.py:2941} INFO - Sync 1 DAGs
[2023-11-22T21:00:38.212+0000] {logging_mixin.py:154} INFO - [2023-11-22T21:00:38.212+0000] {dag.py:3722} INFO - Setting next_dagrun for example_task_group_decorator to 2023-11-21T21:00:38.212292+00:00, run_after=2023-11-22T21:00:38.212292+00:00
[2023-11-22T21:00:38.234+0000] {processor.py:179} INFO - Processing /home/airflow/.local/lib/python3.8/site-packages/airflow/example_dags/example_task_group_decorator.py took 0.228 seconds
[2023-11-22T21:01:08.304+0000] {processor.py:157} INFO - Started process (PID=1522) to work on /home/airflow/.local/lib/python3.8/site-packages/airflow/example_dags/example_task_group_decorator.py
[2023-11-22T21:01:08.306+0000] {processor.py:829} INFO - Processing file /home/airflow/.local/lib/python3.8/site-packages/airflow/example_dags/example_task_group_decorator.py for tasks to queue
[2023-11-22T21:01:08.308+0000] {logging_mixin.py:154} INFO - [2023-11-22T21:01:08.308+0000] {dagbag.py:536} INFO - Filling up the DagBag from /home/airflow/.local/lib/python3.8/site-packages/airflow/example_dags/example_task_group_decorator.py
[2023-11-22T21:01:08.326+0000] {processor.py:839} INFO - DAG(s) dict_keys(['example_task_group_decorator']) retrieved from /home/airflow/.local/lib/python3.8/site-packages/airflow/example_dags/example_task_group_decorator.py
[2023-11-22T21:01:08.350+0000] {logging_mixin.py:154} INFO - [2023-11-22T21:01:08.350+0000] {dag.py:2941} INFO - Sync 1 DAGs
[2023-11-22T21:01:08.504+0000] {logging_mixin.py:154} INFO - [2023-11-22T21:01:08.504+0000] {dag.py:3722} INFO - Setting next_dagrun for example_task_group_decorator to 2023-11-21T21:01:08.500506+00:00, run_after=2023-11-22T21:01:08.500506+00:00
[2023-11-22T21:01:08.530+0000] {processor.py:179} INFO - Processing /home/airflow/.local/lib/python3.8/site-packages/airflow/example_dags/example_task_group_decorator.py took 0.230 seconds
[2023-11-22T21:01:39.561+0000] {processor.py:157} INFO - Started process (PID=1576) to work on /home/airflow/.local/lib/python3.8/site-packages/airflow/example_dags/example_task_group_decorator.py
[2023-11-22T21:01:39.562+0000] {processor.py:829} INFO - Processing file /home/airflow/.local/lib/python3.8/site-packages/airflow/example_dags/example_task_group_decorator.py for tasks to queue
[2023-11-22T21:01:39.565+0000] {logging_mixin.py:154} INFO - [2023-11-22T21:01:39.565+0000] {dagbag.py:536} INFO - Filling up the DagBag from /home/airflow/.local/lib/python3.8/site-packages/airflow/example_dags/example_task_group_decorator.py
[2023-11-22T21:01:39.580+0000] {processor.py:839} INFO - DAG(s) dict_keys(['example_task_group_decorator']) retrieved from /home/airflow/.local/lib/python3.8/site-packages/airflow/example_dags/example_task_group_decorator.py
[2023-11-22T21:01:39.604+0000] {logging_mixin.py:154} INFO - [2023-11-22T21:01:39.603+0000] {dag.py:2941} INFO - Sync 1 DAGs
[2023-11-22T21:01:39.625+0000] {logging_mixin.py:154} INFO - [2023-11-22T21:01:39.625+0000] {dag.py:3722} INFO - Setting next_dagrun for example_task_group_decorator to 2023-11-21T21:01:39.625005+00:00, run_after=2023-11-22T21:01:39.625005+00:00
[2023-11-22T21:01:39.647+0000] {processor.py:179} INFO - Processing /home/airflow/.local/lib/python3.8/site-packages/airflow/example_dags/example_task_group_decorator.py took 0.090 seconds
[2023-11-22T21:02:10.005+0000] {processor.py:157} INFO - Started process (PID=1630) to work on /home/airflow/.local/lib/python3.8/site-packages/airflow/example_dags/example_task_group_decorator.py
[2023-11-22T21:02:10.006+0000] {processor.py:829} INFO - Processing file /home/airflow/.local/lib/python3.8/site-packages/airflow/example_dags/example_task_group_decorator.py for tasks to queue
[2023-11-22T21:02:10.009+0000] {logging_mixin.py:154} INFO - [2023-11-22T21:02:10.009+0000] {dagbag.py:536} INFO - Filling up the DagBag from /home/airflow/.local/lib/python3.8/site-packages/airflow/example_dags/example_task_group_decorator.py
[2023-11-22T21:02:10.024+0000] {processor.py:839} INFO - DAG(s) dict_keys(['example_task_group_decorator']) retrieved from /home/airflow/.local/lib/python3.8/site-packages/airflow/example_dags/example_task_group_decorator.py
[2023-11-22T21:02:10.184+0000] {logging_mixin.py:154} INFO - [2023-11-22T21:02:10.184+0000] {dag.py:2941} INFO - Sync 1 DAGs
[2023-11-22T21:02:10.204+0000] {logging_mixin.py:154} INFO - [2023-11-22T21:02:10.204+0000] {dag.py:3722} INFO - Setting next_dagrun for example_task_group_decorator to 2023-11-21T21:02:10.204394+00:00, run_after=2023-11-22T21:02:10.204394+00:00
[2023-11-22T21:02:10.223+0000] {processor.py:179} INFO - Processing /home/airflow/.local/lib/python3.8/site-packages/airflow/example_dags/example_task_group_decorator.py took 0.221 seconds
[2023-11-22T21:02:40.602+0000] {processor.py:157} INFO - Started process (PID=1685) to work on /home/airflow/.local/lib/python3.8/site-packages/airflow/example_dags/example_task_group_decorator.py
[2023-11-22T21:02:40.604+0000] {processor.py:829} INFO - Processing file /home/airflow/.local/lib/python3.8/site-packages/airflow/example_dags/example_task_group_decorator.py for tasks to queue
[2023-11-22T21:02:40.607+0000] {logging_mixin.py:154} INFO - [2023-11-22T21:02:40.607+0000] {dagbag.py:536} INFO - Filling up the DagBag from /home/airflow/.local/lib/python3.8/site-packages/airflow/example_dags/example_task_group_decorator.py
[2023-11-22T21:02:40.627+0000] {processor.py:839} INFO - DAG(s) dict_keys(['example_task_group_decorator']) retrieved from /home/airflow/.local/lib/python3.8/site-packages/airflow/example_dags/example_task_group_decorator.py
[2023-11-22T21:02:40.652+0000] {logging_mixin.py:154} INFO - [2023-11-22T21:02:40.652+0000] {dag.py:2941} INFO - Sync 1 DAGs
[2023-11-22T21:02:40.812+0000] {logging_mixin.py:154} INFO - [2023-11-22T21:02:40.812+0000] {dag.py:3722} INFO - Setting next_dagrun for example_task_group_decorator to 2023-11-21T21:02:40.807789+00:00, run_after=2023-11-22T21:02:40.807789+00:00
[2023-11-22T21:02:40.840+0000] {processor.py:179} INFO - Processing /home/airflow/.local/lib/python3.8/site-packages/airflow/example_dags/example_task_group_decorator.py took 0.244 seconds
[2023-11-22T21:03:11.166+0000] {processor.py:157} INFO - Started process (PID=1739) to work on /home/airflow/.local/lib/python3.8/site-packages/airflow/example_dags/example_task_group_decorator.py
[2023-11-22T21:03:11.167+0000] {processor.py:829} INFO - Processing file /home/airflow/.local/lib/python3.8/site-packages/airflow/example_dags/example_task_group_decorator.py for tasks to queue
[2023-11-22T21:03:11.171+0000] {logging_mixin.py:154} INFO - [2023-11-22T21:03:11.170+0000] {dagbag.py:536} INFO - Filling up the DagBag from /home/airflow/.local/lib/python3.8/site-packages/airflow/example_dags/example_task_group_decorator.py
[2023-11-22T21:03:11.191+0000] {processor.py:839} INFO - DAG(s) dict_keys(['example_task_group_decorator']) retrieved from /home/airflow/.local/lib/python3.8/site-packages/airflow/example_dags/example_task_group_decorator.py
[2023-11-22T21:03:11.215+0000] {logging_mixin.py:154} INFO - [2023-11-22T21:03:11.215+0000] {dag.py:2941} INFO - Sync 1 DAGs
[2023-11-22T21:03:11.236+0000] {logging_mixin.py:154} INFO - [2023-11-22T21:03:11.236+0000] {dag.py:3722} INFO - Setting next_dagrun for example_task_group_decorator to 2023-11-21T21:03:11.235971+00:00, run_after=2023-11-22T21:03:11.235971+00:00
[2023-11-22T21:03:11.261+0000] {processor.py:179} INFO - Processing /home/airflow/.local/lib/python3.8/site-packages/airflow/example_dags/example_task_group_decorator.py took 0.099 seconds
[2023-11-22T21:03:41.482+0000] {processor.py:157} INFO - Started process (PID=1793) to work on /home/airflow/.local/lib/python3.8/site-packages/airflow/example_dags/example_task_group_decorator.py
[2023-11-22T21:03:41.483+0000] {processor.py:829} INFO - Processing file /home/airflow/.local/lib/python3.8/site-packages/airflow/example_dags/example_task_group_decorator.py for tasks to queue
[2023-11-22T21:03:41.486+0000] {logging_mixin.py:154} INFO - [2023-11-22T21:03:41.486+0000] {dagbag.py:536} INFO - Filling up the DagBag from /home/airflow/.local/lib/python3.8/site-packages/airflow/example_dags/example_task_group_decorator.py
[2023-11-22T21:03:41.500+0000] {processor.py:839} INFO - DAG(s) dict_keys(['example_task_group_decorator']) retrieved from /home/airflow/.local/lib/python3.8/site-packages/airflow/example_dags/example_task_group_decorator.py
[2023-11-22T21:03:41.525+0000] {logging_mixin.py:154} INFO - [2023-11-22T21:03:41.525+0000] {dag.py:2941} INFO - Sync 1 DAGs
[2023-11-22T21:03:41.546+0000] {logging_mixin.py:154} INFO - [2023-11-22T21:03:41.546+0000] {dag.py:3722} INFO - Setting next_dagrun for example_task_group_decorator to 2023-11-21T21:03:41.546133+00:00, run_after=2023-11-22T21:03:41.546133+00:00
[2023-11-22T21:03:41.572+0000] {processor.py:179} INFO - Processing /home/airflow/.local/lib/python3.8/site-packages/airflow/example_dags/example_task_group_decorator.py took 0.094 seconds
[2023-11-22T21:04:11.782+0000] {processor.py:157} INFO - Started process (PID=1847) to work on /home/airflow/.local/lib/python3.8/site-packages/airflow/example_dags/example_task_group_decorator.py
[2023-11-22T21:04:11.783+0000] {processor.py:829} INFO - Processing file /home/airflow/.local/lib/python3.8/site-packages/airflow/example_dags/example_task_group_decorator.py for tasks to queue
[2023-11-22T21:04:11.786+0000] {logging_mixin.py:154} INFO - [2023-11-22T21:04:11.786+0000] {dagbag.py:536} INFO - Filling up the DagBag from /home/airflow/.local/lib/python3.8/site-packages/airflow/example_dags/example_task_group_decorator.py
[2023-11-22T21:04:11.801+0000] {processor.py:839} INFO - DAG(s) dict_keys(['example_task_group_decorator']) retrieved from /home/airflow/.local/lib/python3.8/site-packages/airflow/example_dags/example_task_group_decorator.py
[2023-11-22T21:04:11.831+0000] {logging_mixin.py:154} INFO - [2023-11-22T21:04:11.830+0000] {dag.py:2941} INFO - Sync 1 DAGs
[2023-11-22T21:04:11.857+0000] {logging_mixin.py:154} INFO - [2023-11-22T21:04:11.857+0000] {dag.py:3722} INFO - Setting next_dagrun for example_task_group_decorator to 2023-11-21T21:04:11.856819+00:00, run_after=2023-11-22T21:04:11.856819+00:00
[2023-11-22T21:04:11.882+0000] {processor.py:179} INFO - Processing /home/airflow/.local/lib/python3.8/site-packages/airflow/example_dags/example_task_group_decorator.py took 0.104 seconds
[2023-11-22T21:04:42.015+0000] {processor.py:157} INFO - Started process (PID=1901) to work on /home/airflow/.local/lib/python3.8/site-packages/airflow/example_dags/example_task_group_decorator.py
[2023-11-22T21:04:42.016+0000] {processor.py:829} INFO - Processing file /home/airflow/.local/lib/python3.8/site-packages/airflow/example_dags/example_task_group_decorator.py for tasks to queue
[2023-11-22T21:04:42.019+0000] {logging_mixin.py:154} INFO - [2023-11-22T21:04:42.018+0000] {dagbag.py:536} INFO - Filling up the DagBag from /home/airflow/.local/lib/python3.8/site-packages/airflow/example_dags/example_task_group_decorator.py
[2023-11-22T21:04:42.033+0000] {processor.py:839} INFO - DAG(s) dict_keys(['example_task_group_decorator']) retrieved from /home/airflow/.local/lib/python3.8/site-packages/airflow/example_dags/example_task_group_decorator.py
[2023-11-22T21:04:42.057+0000] {logging_mixin.py:154} INFO - [2023-11-22T21:04:42.056+0000] {dag.py:2941} INFO - Sync 1 DAGs
[2023-11-22T21:04:42.078+0000] {logging_mixin.py:154} INFO - [2023-11-22T21:04:42.078+0000] {dag.py:3722} INFO - Setting next_dagrun for example_task_group_decorator to 2023-11-21T21:04:42.078358+00:00, run_after=2023-11-22T21:04:42.078358+00:00
[2023-11-22T21:04:42.103+0000] {processor.py:179} INFO - Processing /home/airflow/.local/lib/python3.8/site-packages/airflow/example_dags/example_task_group_decorator.py took 0.093 seconds
[2023-11-22T21:05:12.284+0000] {processor.py:157} INFO - Started process (PID=1955) to work on /home/airflow/.local/lib/python3.8/site-packages/airflow/example_dags/example_task_group_decorator.py
[2023-11-22T21:05:12.286+0000] {processor.py:829} INFO - Processing file /home/airflow/.local/lib/python3.8/site-packages/airflow/example_dags/example_task_group_decorator.py for tasks to queue
[2023-11-22T21:05:12.289+0000] {logging_mixin.py:154} INFO - [2023-11-22T21:05:12.289+0000] {dagbag.py:536} INFO - Filling up the DagBag from /home/airflow/.local/lib/python3.8/site-packages/airflow/example_dags/example_task_group_decorator.py
[2023-11-22T21:05:12.306+0000] {processor.py:839} INFO - DAG(s) dict_keys(['example_task_group_decorator']) retrieved from /home/airflow/.local/lib/python3.8/site-packages/airflow/example_dags/example_task_group_decorator.py
[2023-11-22T21:05:12.330+0000] {logging_mixin.py:154} INFO - [2023-11-22T21:05:12.330+0000] {dag.py:2941} INFO - Sync 1 DAGs
[2023-11-22T21:05:12.351+0000] {logging_mixin.py:154} INFO - [2023-11-22T21:05:12.351+0000] {dag.py:3722} INFO - Setting next_dagrun for example_task_group_decorator to 2023-11-21T21:05:12.351368+00:00, run_after=2023-11-22T21:05:12.351368+00:00
[2023-11-22T21:05:12.373+0000] {processor.py:179} INFO - Processing /home/airflow/.local/lib/python3.8/site-packages/airflow/example_dags/example_task_group_decorator.py took 0.093 seconds
[2023-11-22T21:05:42.898+0000] {processor.py:157} INFO - Started process (PID=2009) to work on /home/airflow/.local/lib/python3.8/site-packages/airflow/example_dags/example_task_group_decorator.py
[2023-11-22T21:05:42.899+0000] {processor.py:829} INFO - Processing file /home/airflow/.local/lib/python3.8/site-packages/airflow/example_dags/example_task_group_decorator.py for tasks to queue
[2023-11-22T21:05:42.903+0000] {logging_mixin.py:154} INFO - [2023-11-22T21:05:42.903+0000] {dagbag.py:536} INFO - Filling up the DagBag from /home/airflow/.local/lib/python3.8/site-packages/airflow/example_dags/example_task_group_decorator.py
[2023-11-22T21:05:42.920+0000] {processor.py:839} INFO - DAG(s) dict_keys(['example_task_group_decorator']) retrieved from /home/airflow/.local/lib/python3.8/site-packages/airflow/example_dags/example_task_group_decorator.py
[2023-11-22T21:05:42.945+0000] {logging_mixin.py:154} INFO - [2023-11-22T21:05:42.945+0000] {dag.py:2941} INFO - Sync 1 DAGs
[2023-11-22T21:05:42.967+0000] {logging_mixin.py:154} INFO - [2023-11-22T21:05:42.967+0000] {dag.py:3722} INFO - Setting next_dagrun for example_task_group_decorator to 2023-11-21T21:05:42.967357+00:00, run_after=2023-11-22T21:05:42.967357+00:00
[2023-11-22T21:05:42.994+0000] {processor.py:179} INFO - Processing /home/airflow/.local/lib/python3.8/site-packages/airflow/example_dags/example_task_group_decorator.py took 0.102 seconds
[2023-11-22T21:06:13.166+0000] {processor.py:157} INFO - Started process (PID=2063) to work on /home/airflow/.local/lib/python3.8/site-packages/airflow/example_dags/example_task_group_decorator.py
[2023-11-22T21:06:13.167+0000] {processor.py:829} INFO - Processing file /home/airflow/.local/lib/python3.8/site-packages/airflow/example_dags/example_task_group_decorator.py for tasks to queue
[2023-11-22T21:06:13.170+0000] {logging_mixin.py:154} INFO - [2023-11-22T21:06:13.170+0000] {dagbag.py:536} INFO - Filling up the DagBag from /home/airflow/.local/lib/python3.8/site-packages/airflow/example_dags/example_task_group_decorator.py
[2023-11-22T21:06:13.190+0000] {processor.py:839} INFO - DAG(s) dict_keys(['example_task_group_decorator']) retrieved from /home/airflow/.local/lib/python3.8/site-packages/airflow/example_dags/example_task_group_decorator.py
[2023-11-22T21:06:13.229+0000] {logging_mixin.py:154} INFO - [2023-11-22T21:06:13.228+0000] {dag.py:2941} INFO - Sync 1 DAGs
[2023-11-22T21:06:13.274+0000] {logging_mixin.py:154} INFO - [2023-11-22T21:06:13.274+0000] {dag.py:3722} INFO - Setting next_dagrun for example_task_group_decorator to 2023-11-21T21:06:13.274173+00:00, run_after=2023-11-22T21:06:13.274173+00:00
[2023-11-22T21:06:13.310+0000] {processor.py:179} INFO - Processing /home/airflow/.local/lib/python3.8/site-packages/airflow/example_dags/example_task_group_decorator.py took 0.149 seconds
[2023-11-22T21:06:43.578+0000] {processor.py:157} INFO - Started process (PID=2118) to work on /home/airflow/.local/lib/python3.8/site-packages/airflow/example_dags/example_task_group_decorator.py
[2023-11-22T21:06:43.580+0000] {processor.py:829} INFO - Processing file /home/airflow/.local/lib/python3.8/site-packages/airflow/example_dags/example_task_group_decorator.py for tasks to queue
[2023-11-22T21:06:43.585+0000] {logging_mixin.py:154} INFO - [2023-11-22T21:06:43.585+0000] {dagbag.py:536} INFO - Filling up the DagBag from /home/airflow/.local/lib/python3.8/site-packages/airflow/example_dags/example_task_group_decorator.py
[2023-11-22T21:06:43.607+0000] {processor.py:839} INFO - DAG(s) dict_keys(['example_task_group_decorator']) retrieved from /home/airflow/.local/lib/python3.8/site-packages/airflow/example_dags/example_task_group_decorator.py
[2023-11-22T21:06:43.643+0000] {logging_mixin.py:154} INFO - [2023-11-22T21:06:43.642+0000] {dag.py:2941} INFO - Sync 1 DAGs
[2023-11-22T21:06:43.672+0000] {logging_mixin.py:154} INFO - [2023-11-22T21:06:43.672+0000] {dag.py:3722} INFO - Setting next_dagrun for example_task_group_decorator to 2023-11-21T21:06:43.672191+00:00, run_after=2023-11-22T21:06:43.672191+00:00
[2023-11-22T21:06:43.709+0000] {processor.py:179} INFO - Processing /home/airflow/.local/lib/python3.8/site-packages/airflow/example_dags/example_task_group_decorator.py took 0.134 seconds
[2023-11-22T21:07:13.878+0000] {processor.py:157} INFO - Started process (PID=2172) to work on /home/airflow/.local/lib/python3.8/site-packages/airflow/example_dags/example_task_group_decorator.py
[2023-11-22T21:07:13.879+0000] {processor.py:829} INFO - Processing file /home/airflow/.local/lib/python3.8/site-packages/airflow/example_dags/example_task_group_decorator.py for tasks to queue
[2023-11-22T21:07:13.882+0000] {logging_mixin.py:154} INFO - [2023-11-22T21:07:13.882+0000] {dagbag.py:536} INFO - Filling up the DagBag from /home/airflow/.local/lib/python3.8/site-packages/airflow/example_dags/example_task_group_decorator.py
[2023-11-22T21:07:13.897+0000] {processor.py:839} INFO - DAG(s) dict_keys(['example_task_group_decorator']) retrieved from /home/airflow/.local/lib/python3.8/site-packages/airflow/example_dags/example_task_group_decorator.py
[2023-11-22T21:07:13.921+0000] {logging_mixin.py:154} INFO - [2023-11-22T21:07:13.921+0000] {dag.py:2941} INFO - Sync 1 DAGs
[2023-11-22T21:07:13.944+0000] {logging_mixin.py:154} INFO - [2023-11-22T21:07:13.944+0000] {dag.py:3722} INFO - Setting next_dagrun for example_task_group_decorator to 2023-11-21T21:07:13.944429+00:00, run_after=2023-11-22T21:07:13.944429+00:00
[2023-11-22T21:07:13.966+0000] {processor.py:179} INFO - Processing /home/airflow/.local/lib/python3.8/site-packages/airflow/example_dags/example_task_group_decorator.py took 0.092 seconds
[2023-11-22T21:07:44.171+0000] {processor.py:157} INFO - Started process (PID=2226) to work on /home/airflow/.local/lib/python3.8/site-packages/airflow/example_dags/example_task_group_decorator.py
[2023-11-22T21:07:44.173+0000] {processor.py:829} INFO - Processing file /home/airflow/.local/lib/python3.8/site-packages/airflow/example_dags/example_task_group_decorator.py for tasks to queue
[2023-11-22T21:07:44.177+0000] {logging_mixin.py:154} INFO - [2023-11-22T21:07:44.176+0000] {dagbag.py:536} INFO - Filling up the DagBag from /home/airflow/.local/lib/python3.8/site-packages/airflow/example_dags/example_task_group_decorator.py
[2023-11-22T21:07:44.194+0000] {processor.py:839} INFO - DAG(s) dict_keys(['example_task_group_decorator']) retrieved from /home/airflow/.local/lib/python3.8/site-packages/airflow/example_dags/example_task_group_decorator.py
[2023-11-22T21:07:44.218+0000] {logging_mixin.py:154} INFO - [2023-11-22T21:07:44.218+0000] {dag.py:2941} INFO - Sync 1 DAGs
[2023-11-22T21:07:44.240+0000] {logging_mixin.py:154} INFO - [2023-11-22T21:07:44.240+0000] {dag.py:3722} INFO - Setting next_dagrun for example_task_group_decorator to 2023-11-21T21:07:44.240460+00:00, run_after=2023-11-22T21:07:44.240460+00:00
[2023-11-22T21:07:44.263+0000] {processor.py:179} INFO - Processing /home/airflow/.local/lib/python3.8/site-packages/airflow/example_dags/example_task_group_decorator.py took 0.096 seconds
[2023-11-22T21:08:14.419+0000] {processor.py:157} INFO - Started process (PID=2280) to work on /home/airflow/.local/lib/python3.8/site-packages/airflow/example_dags/example_task_group_decorator.py
[2023-11-22T21:08:14.421+0000] {processor.py:829} INFO - Processing file /home/airflow/.local/lib/python3.8/site-packages/airflow/example_dags/example_task_group_decorator.py for tasks to queue
[2023-11-22T21:08:14.423+0000] {logging_mixin.py:154} INFO - [2023-11-22T21:08:14.423+0000] {dagbag.py:536} INFO - Filling up the DagBag from /home/airflow/.local/lib/python3.8/site-packages/airflow/example_dags/example_task_group_decorator.py
[2023-11-22T21:08:14.438+0000] {processor.py:839} INFO - DAG(s) dict_keys(['example_task_group_decorator']) retrieved from /home/airflow/.local/lib/python3.8/site-packages/airflow/example_dags/example_task_group_decorator.py
[2023-11-22T21:08:14.465+0000] {logging_mixin.py:154} INFO - [2023-11-22T21:08:14.464+0000] {dag.py:2941} INFO - Sync 1 DAGs
[2023-11-22T21:08:14.486+0000] {logging_mixin.py:154} INFO - [2023-11-22T21:08:14.486+0000] {dag.py:3722} INFO - Setting next_dagrun for example_task_group_decorator to 2023-11-21T21:08:14.486483+00:00, run_after=2023-11-22T21:08:14.486483+00:00
[2023-11-22T21:08:14.506+0000] {processor.py:179} INFO - Processing /home/airflow/.local/lib/python3.8/site-packages/airflow/example_dags/example_task_group_decorator.py took 0.090 seconds
[2023-11-22T21:08:45.114+0000] {processor.py:157} INFO - Started process (PID=2334) to work on /home/airflow/.local/lib/python3.8/site-packages/airflow/example_dags/example_task_group_decorator.py
[2023-11-22T21:08:45.116+0000] {processor.py:829} INFO - Processing file /home/airflow/.local/lib/python3.8/site-packages/airflow/example_dags/example_task_group_decorator.py for tasks to queue
[2023-11-22T21:08:45.120+0000] {logging_mixin.py:154} INFO - [2023-11-22T21:08:45.119+0000] {dagbag.py:536} INFO - Filling up the DagBag from /home/airflow/.local/lib/python3.8/site-packages/airflow/example_dags/example_task_group_decorator.py
[2023-11-22T21:08:45.135+0000] {processor.py:839} INFO - DAG(s) dict_keys(['example_task_group_decorator']) retrieved from /home/airflow/.local/lib/python3.8/site-packages/airflow/example_dags/example_task_group_decorator.py
[2023-11-22T21:08:45.159+0000] {logging_mixin.py:154} INFO - [2023-11-22T21:08:45.159+0000] {dag.py:2941} INFO - Sync 1 DAGs
[2023-11-22T21:08:45.181+0000] {logging_mixin.py:154} INFO - [2023-11-22T21:08:45.180+0000] {dag.py:3722} INFO - Setting next_dagrun for example_task_group_decorator to 2023-11-21T21:08:45.180715+00:00, run_after=2023-11-22T21:08:45.180715+00:00
[2023-11-22T21:08:45.202+0000] {processor.py:179} INFO - Processing /home/airflow/.local/lib/python3.8/site-packages/airflow/example_dags/example_task_group_decorator.py took 0.092 seconds
[2023-11-22T21:09:15.429+0000] {processor.py:157} INFO - Started process (PID=2388) to work on /home/airflow/.local/lib/python3.8/site-packages/airflow/example_dags/example_task_group_decorator.py
[2023-11-22T21:09:15.431+0000] {processor.py:829} INFO - Processing file /home/airflow/.local/lib/python3.8/site-packages/airflow/example_dags/example_task_group_decorator.py for tasks to queue
[2023-11-22T21:09:15.433+0000] {logging_mixin.py:154} INFO - [2023-11-22T21:09:15.433+0000] {dagbag.py:536} INFO - Filling up the DagBag from /home/airflow/.local/lib/python3.8/site-packages/airflow/example_dags/example_task_group_decorator.py
[2023-11-22T21:09:15.452+0000] {processor.py:839} INFO - DAG(s) dict_keys(['example_task_group_decorator']) retrieved from /home/airflow/.local/lib/python3.8/site-packages/airflow/example_dags/example_task_group_decorator.py
[2023-11-22T21:09:15.479+0000] {logging_mixin.py:154} INFO - [2023-11-22T21:09:15.479+0000] {dag.py:2941} INFO - Sync 1 DAGs
[2023-11-22T21:09:15.503+0000] {logging_mixin.py:154} INFO - [2023-11-22T21:09:15.503+0000] {dag.py:3722} INFO - Setting next_dagrun for example_task_group_decorator to 2023-11-21T21:09:15.502658+00:00, run_after=2023-11-22T21:09:15.502658+00:00
[2023-11-22T21:09:15.529+0000] {processor.py:179} INFO - Processing /home/airflow/.local/lib/python3.8/site-packages/airflow/example_dags/example_task_group_decorator.py took 0.103 seconds
[2023-11-22T21:09:45.657+0000] {processor.py:157} INFO - Started process (PID=2442) to work on /home/airflow/.local/lib/python3.8/site-packages/airflow/example_dags/example_task_group_decorator.py
[2023-11-22T21:09:45.659+0000] {processor.py:829} INFO - Processing file /home/airflow/.local/lib/python3.8/site-packages/airflow/example_dags/example_task_group_decorator.py for tasks to queue
[2023-11-22T21:09:45.662+0000] {logging_mixin.py:154} INFO - [2023-11-22T21:09:45.662+0000] {dagbag.py:536} INFO - Filling up the DagBag from /home/airflow/.local/lib/python3.8/site-packages/airflow/example_dags/example_task_group_decorator.py
[2023-11-22T21:09:45.683+0000] {processor.py:839} INFO - DAG(s) dict_keys(['example_task_group_decorator']) retrieved from /home/airflow/.local/lib/python3.8/site-packages/airflow/example_dags/example_task_group_decorator.py
[2023-11-22T21:09:45.712+0000] {logging_mixin.py:154} INFO - [2023-11-22T21:09:45.712+0000] {dag.py:2941} INFO - Sync 1 DAGs
[2023-11-22T21:09:45.734+0000] {logging_mixin.py:154} INFO - [2023-11-22T21:09:45.734+0000] {dag.py:3722} INFO - Setting next_dagrun for example_task_group_decorator to 2023-11-21T21:09:45.734439+00:00, run_after=2023-11-22T21:09:45.734439+00:00
[2023-11-22T21:09:45.752+0000] {processor.py:179} INFO - Processing /home/airflow/.local/lib/python3.8/site-packages/airflow/example_dags/example_task_group_decorator.py took 0.098 seconds
[2023-11-22T21:10:16.138+0000] {processor.py:157} INFO - Started process (PID=2496) to work on /home/airflow/.local/lib/python3.8/site-packages/airflow/example_dags/example_task_group_decorator.py
[2023-11-22T21:10:16.139+0000] {processor.py:829} INFO - Processing file /home/airflow/.local/lib/python3.8/site-packages/airflow/example_dags/example_task_group_decorator.py for tasks to queue
[2023-11-22T21:10:16.142+0000] {logging_mixin.py:154} INFO - [2023-11-22T21:10:16.141+0000] {dagbag.py:536} INFO - Filling up the DagBag from /home/airflow/.local/lib/python3.8/site-packages/airflow/example_dags/example_task_group_decorator.py
[2023-11-22T21:10:16.157+0000] {processor.py:839} INFO - DAG(s) dict_keys(['example_task_group_decorator']) retrieved from /home/airflow/.local/lib/python3.8/site-packages/airflow/example_dags/example_task_group_decorator.py
[2023-11-22T21:10:16.185+0000] {logging_mixin.py:154} INFO - [2023-11-22T21:10:16.185+0000] {dag.py:2941} INFO - Sync 1 DAGs
[2023-11-22T21:10:16.209+0000] {logging_mixin.py:154} INFO - [2023-11-22T21:10:16.209+0000] {dag.py:3722} INFO - Setting next_dagrun for example_task_group_decorator to 2023-11-21T21:10:16.208965+00:00, run_after=2023-11-22T21:10:16.208965+00:00
[2023-11-22T21:10:16.231+0000] {processor.py:179} INFO - Processing /home/airflow/.local/lib/python3.8/site-packages/airflow/example_dags/example_task_group_decorator.py took 0.097 seconds
[2023-11-22T21:10:47.058+0000] {processor.py:157} INFO - Started process (PID=2548) to work on /home/airflow/.local/lib/python3.8/site-packages/airflow/example_dags/example_task_group_decorator.py
[2023-11-22T21:10:47.059+0000] {processor.py:829} INFO - Processing file /home/airflow/.local/lib/python3.8/site-packages/airflow/example_dags/example_task_group_decorator.py for tasks to queue
[2023-11-22T21:10:47.062+0000] {logging_mixin.py:154} INFO - [2023-11-22T21:10:47.062+0000] {dagbag.py:536} INFO - Filling up the DagBag from /home/airflow/.local/lib/python3.8/site-packages/airflow/example_dags/example_task_group_decorator.py
[2023-11-22T21:10:47.082+0000] {processor.py:839} INFO - DAG(s) dict_keys(['example_task_group_decorator']) retrieved from /home/airflow/.local/lib/python3.8/site-packages/airflow/example_dags/example_task_group_decorator.py
[2023-11-22T21:10:47.109+0000] {logging_mixin.py:154} INFO - [2023-11-22T21:10:47.109+0000] {dag.py:2941} INFO - Sync 1 DAGs
[2023-11-22T21:10:47.132+0000] {logging_mixin.py:154} INFO - [2023-11-22T21:10:47.132+0000] {dag.py:3722} INFO - Setting next_dagrun for example_task_group_decorator to 2023-11-21T21:10:47.132038+00:00, run_after=2023-11-22T21:10:47.132038+00:00
[2023-11-22T21:10:47.152+0000] {processor.py:179} INFO - Processing /home/airflow/.local/lib/python3.8/site-packages/airflow/example_dags/example_task_group_decorator.py took 0.097 seconds
[2023-11-22T21:11:17.686+0000] {processor.py:157} INFO - Started process (PID=2602) to work on /home/airflow/.local/lib/python3.8/site-packages/airflow/example_dags/example_task_group_decorator.py
[2023-11-22T21:11:17.687+0000] {processor.py:829} INFO - Processing file /home/airflow/.local/lib/python3.8/site-packages/airflow/example_dags/example_task_group_decorator.py for tasks to queue
[2023-11-22T21:11:17.690+0000] {logging_mixin.py:154} INFO - [2023-11-22T21:11:17.690+0000] {dagbag.py:536} INFO - Filling up the DagBag from /home/airflow/.local/lib/python3.8/site-packages/airflow/example_dags/example_task_group_decorator.py
[2023-11-22T21:11:17.704+0000] {processor.py:839} INFO - DAG(s) dict_keys(['example_task_group_decorator']) retrieved from /home/airflow/.local/lib/python3.8/site-packages/airflow/example_dags/example_task_group_decorator.py
[2023-11-22T21:11:17.730+0000] {logging_mixin.py:154} INFO - [2023-11-22T21:11:17.729+0000] {dag.py:2941} INFO - Sync 1 DAGs
[2023-11-22T21:11:17.755+0000] {logging_mixin.py:154} INFO - [2023-11-22T21:11:17.755+0000] {dag.py:3722} INFO - Setting next_dagrun for example_task_group_decorator to 2023-11-21T21:11:17.754967+00:00, run_after=2023-11-22T21:11:17.754967+00:00
[2023-11-22T21:11:18.485+0000] {processor.py:179} INFO - Processing /home/airflow/.local/lib/python3.8/site-packages/airflow/example_dags/example_task_group_decorator.py took 0.802 seconds
[2023-11-22T21:11:49.693+0000] {processor.py:157} INFO - Started process (PID=2658) to work on /home/airflow/.local/lib/python3.8/site-packages/airflow/example_dags/example_task_group_decorator.py
[2023-11-22T21:11:49.694+0000] {processor.py:829} INFO - Processing file /home/airflow/.local/lib/python3.8/site-packages/airflow/example_dags/example_task_group_decorator.py for tasks to queue
[2023-11-22T21:11:49.697+0000] {logging_mixin.py:154} INFO - [2023-11-22T21:11:49.697+0000] {dagbag.py:536} INFO - Filling up the DagBag from /home/airflow/.local/lib/python3.8/site-packages/airflow/example_dags/example_task_group_decorator.py
[2023-11-22T21:11:49.717+0000] {processor.py:839} INFO - DAG(s) dict_keys(['example_task_group_decorator']) retrieved from /home/airflow/.local/lib/python3.8/site-packages/airflow/example_dags/example_task_group_decorator.py
[2023-11-22T21:11:49.741+0000] {logging_mixin.py:154} INFO - [2023-11-22T21:11:49.741+0000] {dag.py:2941} INFO - Sync 1 DAGs
[2023-11-22T21:11:49.769+0000] {logging_mixin.py:154} INFO - [2023-11-22T21:11:49.768+0000] {dag.py:3722} INFO - Setting next_dagrun for example_task_group_decorator to 2023-11-21T21:11:49.768651+00:00, run_after=2023-11-22T21:11:49.768651+00:00
[2023-11-22T21:11:49.793+0000] {processor.py:179} INFO - Processing /home/airflow/.local/lib/python3.8/site-packages/airflow/example_dags/example_task_group_decorator.py took 0.107 seconds
