[2023-11-22T20:47:04.373+0000] {processor.py:157} INFO - Started process (PID=64) to work on /home/airflow/.local/lib/python3.8/site-packages/airflow/example_dags/example_external_task_marker_dag.py
[2023-11-22T20:47:04.436+0000] {processor.py:829} INFO - Processing file /home/airflow/.local/lib/python3.8/site-packages/airflow/example_dags/example_external_task_marker_dag.py for tasks to queue
[2023-11-22T20:47:04.526+0000] {logging_mixin.py:154} INFO - [2023-11-22T20:47:04.520+0000] {dagbag.py:536} INFO - Filling up the DagBag from /home/airflow/.local/lib/python3.8/site-packages/airflow/example_dags/example_external_task_marker_dag.py
[2023-11-22T20:47:04.698+0000] {processor.py:839} INFO - DAG(s) dict_keys(['example_external_task_marker_parent', 'example_external_task_marker_child']) retrieved from /home/airflow/.local/lib/python3.8/site-packages/airflow/example_dags/example_external_task_marker_dag.py
[2023-11-22T20:47:05.131+0000] {logging_mixin.py:154} INFO - [2023-11-22T20:47:05.130+0000] {dag.py:2941} INFO - Sync 2 DAGs
[2023-11-22T20:47:05.341+0000] {logging_mixin.py:154} INFO - [2023-11-22T20:47:05.341+0000] {dag.py:3722} INFO - Setting next_dagrun for example_external_task_marker_child to None, run_after=None
[2023-11-22T20:47:05.364+0000] {logging_mixin.py:154} INFO - [2023-11-22T20:47:05.364+0000] {dag.py:3722} INFO - Setting next_dagrun for example_external_task_marker_parent to None, run_after=None
[2023-11-22T20:47:05.421+0000] {processor.py:179} INFO - Processing /home/airflow/.local/lib/python3.8/site-packages/airflow/example_dags/example_external_task_marker_dag.py took 1.345 seconds
[2023-11-22T20:47:36.229+0000] {processor.py:157} INFO - Started process (PID=118) to work on /home/airflow/.local/lib/python3.8/site-packages/airflow/example_dags/example_external_task_marker_dag.py
[2023-11-22T20:47:36.237+0000] {processor.py:829} INFO - Processing file /home/airflow/.local/lib/python3.8/site-packages/airflow/example_dags/example_external_task_marker_dag.py for tasks to queue
[2023-11-22T20:47:36.265+0000] {logging_mixin.py:154} INFO - [2023-11-22T20:47:36.264+0000] {dagbag.py:536} INFO - Filling up the DagBag from /home/airflow/.local/lib/python3.8/site-packages/airflow/example_dags/example_external_task_marker_dag.py
[2023-11-22T20:47:38.536+0000] {processor.py:839} INFO - DAG(s) dict_keys(['example_external_task_marker_parent', 'example_external_task_marker_child']) retrieved from /home/airflow/.local/lib/python3.8/site-packages/airflow/example_dags/example_external_task_marker_dag.py
[2023-11-22T20:47:39.552+0000] {logging_mixin.py:154} INFO - [2023-11-22T20:47:39.552+0000] {dag.py:2941} INFO - Sync 2 DAGs
[2023-11-22T20:47:39.582+0000] {logging_mixin.py:154} INFO - [2023-11-22T20:47:39.582+0000] {dag.py:3722} INFO - Setting next_dagrun for example_external_task_marker_child to None, run_after=None
[2023-11-22T20:47:39.588+0000] {logging_mixin.py:154} INFO - [2023-11-22T20:47:39.587+0000] {dag.py:3722} INFO - Setting next_dagrun for example_external_task_marker_parent to None, run_after=None
[2023-11-22T20:47:39.615+0000] {processor.py:179} INFO - Processing /home/airflow/.local/lib/python3.8/site-packages/airflow/example_dags/example_external_task_marker_dag.py took 3.392 seconds
[2023-11-22T20:48:09.973+0000] {processor.py:157} INFO - Started process (PID=172) to work on /home/airflow/.local/lib/python3.8/site-packages/airflow/example_dags/example_external_task_marker_dag.py
[2023-11-22T20:48:09.976+0000] {processor.py:829} INFO - Processing file /home/airflow/.local/lib/python3.8/site-packages/airflow/example_dags/example_external_task_marker_dag.py for tasks to queue
[2023-11-22T20:48:09.979+0000] {logging_mixin.py:154} INFO - [2023-11-22T20:48:09.978+0000] {dagbag.py:536} INFO - Filling up the DagBag from /home/airflow/.local/lib/python3.8/site-packages/airflow/example_dags/example_external_task_marker_dag.py
[2023-11-22T20:48:09.986+0000] {processor.py:839} INFO - DAG(s) dict_keys(['example_external_task_marker_child', 'example_external_task_marker_parent']) retrieved from /home/airflow/.local/lib/python3.8/site-packages/airflow/example_dags/example_external_task_marker_dag.py
[2023-11-22T20:48:10.013+0000] {logging_mixin.py:154} INFO - [2023-11-22T20:48:10.013+0000] {dag.py:2941} INFO - Sync 2 DAGs
[2023-11-22T20:48:10.027+0000] {logging_mixin.py:154} INFO - [2023-11-22T20:48:10.026+0000] {dag.py:3722} INFO - Setting next_dagrun for example_external_task_marker_child to None, run_after=None
[2023-11-22T20:48:10.031+0000] {logging_mixin.py:154} INFO - [2023-11-22T20:48:10.031+0000] {dag.py:3722} INFO - Setting next_dagrun for example_external_task_marker_parent to None, run_after=None
[2023-11-22T20:48:10.050+0000] {processor.py:179} INFO - Processing /home/airflow/.local/lib/python3.8/site-packages/airflow/example_dags/example_external_task_marker_dag.py took 0.081 seconds
[2023-11-22T20:48:41.024+0000] {processor.py:157} INFO - Started process (PID=226) to work on /home/airflow/.local/lib/python3.8/site-packages/airflow/example_dags/example_external_task_marker_dag.py
[2023-11-22T20:48:41.030+0000] {processor.py:829} INFO - Processing file /home/airflow/.local/lib/python3.8/site-packages/airflow/example_dags/example_external_task_marker_dag.py for tasks to queue
[2023-11-22T20:48:41.037+0000] {logging_mixin.py:154} INFO - [2023-11-22T20:48:41.037+0000] {dagbag.py:536} INFO - Filling up the DagBag from /home/airflow/.local/lib/python3.8/site-packages/airflow/example_dags/example_external_task_marker_dag.py
[2023-11-22T20:48:41.051+0000] {processor.py:839} INFO - DAG(s) dict_keys(['example_external_task_marker_child', 'example_external_task_marker_parent']) retrieved from /home/airflow/.local/lib/python3.8/site-packages/airflow/example_dags/example_external_task_marker_dag.py
[2023-11-22T20:48:41.121+0000] {logging_mixin.py:154} INFO - [2023-11-22T20:48:41.121+0000] {dag.py:2941} INFO - Sync 2 DAGs
[2023-11-22T20:48:41.225+0000] {logging_mixin.py:154} INFO - [2023-11-22T20:48:41.225+0000] {dag.py:3722} INFO - Setting next_dagrun for example_external_task_marker_child to None, run_after=None
[2023-11-22T20:48:41.235+0000] {logging_mixin.py:154} INFO - [2023-11-22T20:48:41.235+0000] {dag.py:3722} INFO - Setting next_dagrun for example_external_task_marker_parent to None, run_after=None
[2023-11-22T20:48:41.284+0000] {processor.py:179} INFO - Processing /home/airflow/.local/lib/python3.8/site-packages/airflow/example_dags/example_external_task_marker_dag.py took 0.558 seconds
[2023-11-22T20:49:11.452+0000] {processor.py:157} INFO - Started process (PID=280) to work on /home/airflow/.local/lib/python3.8/site-packages/airflow/example_dags/example_external_task_marker_dag.py
[2023-11-22T20:49:11.454+0000] {processor.py:829} INFO - Processing file /home/airflow/.local/lib/python3.8/site-packages/airflow/example_dags/example_external_task_marker_dag.py for tasks to queue
[2023-11-22T20:49:11.457+0000] {logging_mixin.py:154} INFO - [2023-11-22T20:49:11.457+0000] {dagbag.py:536} INFO - Filling up the DagBag from /home/airflow/.local/lib/python3.8/site-packages/airflow/example_dags/example_external_task_marker_dag.py
[2023-11-22T20:49:11.464+0000] {processor.py:839} INFO - DAG(s) dict_keys(['example_external_task_marker_parent', 'example_external_task_marker_child']) retrieved from /home/airflow/.local/lib/python3.8/site-packages/airflow/example_dags/example_external_task_marker_dag.py
[2023-11-22T20:49:11.493+0000] {logging_mixin.py:154} INFO - [2023-11-22T20:49:11.493+0000] {dag.py:2941} INFO - Sync 2 DAGs
[2023-11-22T20:49:11.514+0000] {logging_mixin.py:154} INFO - [2023-11-22T20:49:11.514+0000] {dag.py:3722} INFO - Setting next_dagrun for example_external_task_marker_child to None, run_after=None
[2023-11-22T20:49:11.519+0000] {logging_mixin.py:154} INFO - [2023-11-22T20:49:11.519+0000] {dag.py:3722} INFO - Setting next_dagrun for example_external_task_marker_parent to None, run_after=None
[2023-11-22T20:49:11.552+0000] {processor.py:179} INFO - Processing /home/airflow/.local/lib/python3.8/site-packages/airflow/example_dags/example_external_task_marker_dag.py took 0.105 seconds
[2023-11-22T20:49:41.682+0000] {processor.py:157} INFO - Started process (PID=334) to work on /home/airflow/.local/lib/python3.8/site-packages/airflow/example_dags/example_external_task_marker_dag.py
[2023-11-22T20:49:41.683+0000] {processor.py:829} INFO - Processing file /home/airflow/.local/lib/python3.8/site-packages/airflow/example_dags/example_external_task_marker_dag.py for tasks to queue
[2023-11-22T20:49:41.686+0000] {logging_mixin.py:154} INFO - [2023-11-22T20:49:41.685+0000] {dagbag.py:536} INFO - Filling up the DagBag from /home/airflow/.local/lib/python3.8/site-packages/airflow/example_dags/example_external_task_marker_dag.py
[2023-11-22T20:49:41.692+0000] {processor.py:839} INFO - DAG(s) dict_keys(['example_external_task_marker_parent', 'example_external_task_marker_child']) retrieved from /home/airflow/.local/lib/python3.8/site-packages/airflow/example_dags/example_external_task_marker_dag.py
[2023-11-22T20:49:41.716+0000] {logging_mixin.py:154} INFO - [2023-11-22T20:49:41.716+0000] {dag.py:2941} INFO - Sync 2 DAGs
[2023-11-22T20:49:41.729+0000] {logging_mixin.py:154} INFO - [2023-11-22T20:49:41.729+0000] {dag.py:3722} INFO - Setting next_dagrun for example_external_task_marker_child to None, run_after=None
[2023-11-22T20:49:41.733+0000] {logging_mixin.py:154} INFO - [2023-11-22T20:49:41.733+0000] {dag.py:3722} INFO - Setting next_dagrun for example_external_task_marker_parent to None, run_after=None
[2023-11-22T20:49:41.854+0000] {processor.py:179} INFO - Processing /home/airflow/.local/lib/python3.8/site-packages/airflow/example_dags/example_external_task_marker_dag.py took 0.175 seconds
[2023-11-22T20:50:12.575+0000] {processor.py:157} INFO - Started process (PID=388) to work on /home/airflow/.local/lib/python3.8/site-packages/airflow/example_dags/example_external_task_marker_dag.py
[2023-11-22T20:50:12.577+0000] {processor.py:829} INFO - Processing file /home/airflow/.local/lib/python3.8/site-packages/airflow/example_dags/example_external_task_marker_dag.py for tasks to queue
[2023-11-22T20:50:12.582+0000] {logging_mixin.py:154} INFO - [2023-11-22T20:50:12.581+0000] {dagbag.py:536} INFO - Filling up the DagBag from /home/airflow/.local/lib/python3.8/site-packages/airflow/example_dags/example_external_task_marker_dag.py
[2023-11-22T20:50:12.589+0000] {processor.py:839} INFO - DAG(s) dict_keys(['example_external_task_marker_child', 'example_external_task_marker_parent']) retrieved from /home/airflow/.local/lib/python3.8/site-packages/airflow/example_dags/example_external_task_marker_dag.py
[2023-11-22T20:50:12.623+0000] {logging_mixin.py:154} INFO - [2023-11-22T20:50:12.622+0000] {dag.py:2941} INFO - Sync 2 DAGs
[2023-11-22T20:50:12.646+0000] {logging_mixin.py:154} INFO - [2023-11-22T20:50:12.646+0000] {dag.py:3722} INFO - Setting next_dagrun for example_external_task_marker_child to None, run_after=None
[2023-11-22T20:50:12.655+0000] {logging_mixin.py:154} INFO - [2023-11-22T20:50:12.654+0000] {dag.py:3722} INFO - Setting next_dagrun for example_external_task_marker_parent to None, run_after=None
[2023-11-22T20:50:12.697+0000] {processor.py:179} INFO - Processing /home/airflow/.local/lib/python3.8/site-packages/airflow/example_dags/example_external_task_marker_dag.py took 0.125 seconds
[2023-11-22T20:50:42.790+0000] {processor.py:157} INFO - Started process (PID=442) to work on /home/airflow/.local/lib/python3.8/site-packages/airflow/example_dags/example_external_task_marker_dag.py
[2023-11-22T20:50:42.792+0000] {processor.py:829} INFO - Processing file /home/airflow/.local/lib/python3.8/site-packages/airflow/example_dags/example_external_task_marker_dag.py for tasks to queue
[2023-11-22T20:50:42.795+0000] {logging_mixin.py:154} INFO - [2023-11-22T20:50:42.794+0000] {dagbag.py:536} INFO - Filling up the DagBag from /home/airflow/.local/lib/python3.8/site-packages/airflow/example_dags/example_external_task_marker_dag.py
[2023-11-22T20:50:42.802+0000] {processor.py:839} INFO - DAG(s) dict_keys(['example_external_task_marker_parent', 'example_external_task_marker_child']) retrieved from /home/airflow/.local/lib/python3.8/site-packages/airflow/example_dags/example_external_task_marker_dag.py
[2023-11-22T20:50:42.827+0000] {logging_mixin.py:154} INFO - [2023-11-22T20:50:42.826+0000] {dag.py:2941} INFO - Sync 2 DAGs
[2023-11-22T20:50:42.841+0000] {logging_mixin.py:154} INFO - [2023-11-22T20:50:42.841+0000] {dag.py:3722} INFO - Setting next_dagrun for example_external_task_marker_child to None, run_after=None
[2023-11-22T20:50:42.846+0000] {logging_mixin.py:154} INFO - [2023-11-22T20:50:42.846+0000] {dag.py:3722} INFO - Setting next_dagrun for example_external_task_marker_parent to None, run_after=None
[2023-11-22T20:50:42.870+0000] {processor.py:179} INFO - Processing /home/airflow/.local/lib/python3.8/site-packages/airflow/example_dags/example_external_task_marker_dag.py took 0.084 seconds
[2023-11-22T20:51:13.537+0000] {processor.py:157} INFO - Started process (PID=496) to work on /home/airflow/.local/lib/python3.8/site-packages/airflow/example_dags/example_external_task_marker_dag.py
[2023-11-22T20:51:13.543+0000] {processor.py:829} INFO - Processing file /home/airflow/.local/lib/python3.8/site-packages/airflow/example_dags/example_external_task_marker_dag.py for tasks to queue
[2023-11-22T20:51:13.547+0000] {logging_mixin.py:154} INFO - [2023-11-22T20:51:13.546+0000] {dagbag.py:536} INFO - Filling up the DagBag from /home/airflow/.local/lib/python3.8/site-packages/airflow/example_dags/example_external_task_marker_dag.py
[2023-11-22T20:51:13.554+0000] {processor.py:839} INFO - DAG(s) dict_keys(['example_external_task_marker_parent', 'example_external_task_marker_child']) retrieved from /home/airflow/.local/lib/python3.8/site-packages/airflow/example_dags/example_external_task_marker_dag.py
[2023-11-22T20:51:13.580+0000] {logging_mixin.py:154} INFO - [2023-11-22T20:51:13.580+0000] {dag.py:2941} INFO - Sync 2 DAGs
[2023-11-22T20:51:13.593+0000] {logging_mixin.py:154} INFO - [2023-11-22T20:51:13.593+0000] {dag.py:3722} INFO - Setting next_dagrun for example_external_task_marker_child to None, run_after=None
[2023-11-22T20:51:13.598+0000] {logging_mixin.py:154} INFO - [2023-11-22T20:51:13.598+0000] {dag.py:3722} INFO - Setting next_dagrun for example_external_task_marker_parent to None, run_after=None
[2023-11-22T20:51:13.621+0000] {processor.py:179} INFO - Processing /home/airflow/.local/lib/python3.8/site-packages/airflow/example_dags/example_external_task_marker_dag.py took 0.088 seconds
[2023-11-22T20:51:43.824+0000] {processor.py:157} INFO - Started process (PID=550) to work on /home/airflow/.local/lib/python3.8/site-packages/airflow/example_dags/example_external_task_marker_dag.py
[2023-11-22T20:51:43.826+0000] {processor.py:829} INFO - Processing file /home/airflow/.local/lib/python3.8/site-packages/airflow/example_dags/example_external_task_marker_dag.py for tasks to queue
[2023-11-22T20:51:43.828+0000] {logging_mixin.py:154} INFO - [2023-11-22T20:51:43.828+0000] {dagbag.py:536} INFO - Filling up the DagBag from /home/airflow/.local/lib/python3.8/site-packages/airflow/example_dags/example_external_task_marker_dag.py
[2023-11-22T20:51:43.835+0000] {processor.py:839} INFO - DAG(s) dict_keys(['example_external_task_marker_parent', 'example_external_task_marker_child']) retrieved from /home/airflow/.local/lib/python3.8/site-packages/airflow/example_dags/example_external_task_marker_dag.py
[2023-11-22T20:51:43.864+0000] {logging_mixin.py:154} INFO - [2023-11-22T20:51:43.863+0000] {dag.py:2941} INFO - Sync 2 DAGs
[2023-11-22T20:51:43.878+0000] {logging_mixin.py:154} INFO - [2023-11-22T20:51:43.878+0000] {dag.py:3722} INFO - Setting next_dagrun for example_external_task_marker_child to None, run_after=None
[2023-11-22T20:51:43.882+0000] {logging_mixin.py:154} INFO - [2023-11-22T20:51:43.882+0000] {dag.py:3722} INFO - Setting next_dagrun for example_external_task_marker_parent to None, run_after=None
[2023-11-22T20:51:43.901+0000] {processor.py:179} INFO - Processing /home/airflow/.local/lib/python3.8/site-packages/airflow/example_dags/example_external_task_marker_dag.py took 0.081 seconds
[2023-11-22T20:52:29.366+0000] {processor.py:157} INFO - Started process (PID=608) to work on /home/airflow/.local/lib/python3.8/site-packages/airflow/example_dags/example_external_task_marker_dag.py
[2023-11-22T20:52:29.368+0000] {processor.py:829} INFO - Processing file /home/airflow/.local/lib/python3.8/site-packages/airflow/example_dags/example_external_task_marker_dag.py for tasks to queue
[2023-11-22T20:52:29.372+0000] {logging_mixin.py:154} INFO - [2023-11-22T20:52:29.372+0000] {dagbag.py:536} INFO - Filling up the DagBag from /home/airflow/.local/lib/python3.8/site-packages/airflow/example_dags/example_external_task_marker_dag.py
[2023-11-22T20:52:29.384+0000] {processor.py:839} INFO - DAG(s) dict_keys(['example_external_task_marker_child', 'example_external_task_marker_parent']) retrieved from /home/airflow/.local/lib/python3.8/site-packages/airflow/example_dags/example_external_task_marker_dag.py
[2023-11-22T20:52:29.422+0000] {logging_mixin.py:154} INFO - [2023-11-22T20:52:29.422+0000] {dag.py:2941} INFO - Sync 2 DAGs
[2023-11-22T20:52:29.443+0000] {logging_mixin.py:154} INFO - [2023-11-22T20:52:29.443+0000] {dag.py:3722} INFO - Setting next_dagrun for example_external_task_marker_child to None, run_after=None
[2023-11-22T20:52:29.449+0000] {logging_mixin.py:154} INFO - [2023-11-22T20:52:29.449+0000] {dag.py:3722} INFO - Setting next_dagrun for example_external_task_marker_parent to None, run_after=None
[2023-11-22T20:52:29.478+0000] {processor.py:179} INFO - Processing /home/airflow/.local/lib/python3.8/site-packages/airflow/example_dags/example_external_task_marker_dag.py took 0.117 seconds
[2023-11-22T20:53:00.134+0000] {processor.py:157} INFO - Started process (PID=662) to work on /home/airflow/.local/lib/python3.8/site-packages/airflow/example_dags/example_external_task_marker_dag.py
[2023-11-22T20:53:00.135+0000] {processor.py:829} INFO - Processing file /home/airflow/.local/lib/python3.8/site-packages/airflow/example_dags/example_external_task_marker_dag.py for tasks to queue
[2023-11-22T20:53:00.138+0000] {logging_mixin.py:154} INFO - [2023-11-22T20:53:00.137+0000] {dagbag.py:536} INFO - Filling up the DagBag from /home/airflow/.local/lib/python3.8/site-packages/airflow/example_dags/example_external_task_marker_dag.py
[2023-11-22T20:53:00.144+0000] {processor.py:839} INFO - DAG(s) dict_keys(['example_external_task_marker_child', 'example_external_task_marker_parent']) retrieved from /home/airflow/.local/lib/python3.8/site-packages/airflow/example_dags/example_external_task_marker_dag.py
[2023-11-22T20:53:00.170+0000] {logging_mixin.py:154} INFO - [2023-11-22T20:53:00.170+0000] {dag.py:2941} INFO - Sync 2 DAGs
[2023-11-22T20:53:00.185+0000] {logging_mixin.py:154} INFO - [2023-11-22T20:53:00.185+0000] {dag.py:3722} INFO - Setting next_dagrun for example_external_task_marker_child to None, run_after=None
[2023-11-22T20:53:00.190+0000] {logging_mixin.py:154} INFO - [2023-11-22T20:53:00.189+0000] {dag.py:3722} INFO - Setting next_dagrun for example_external_task_marker_parent to None, run_after=None
[2023-11-22T20:53:00.208+0000] {processor.py:179} INFO - Processing /home/airflow/.local/lib/python3.8/site-packages/airflow/example_dags/example_external_task_marker_dag.py took 0.077 seconds
[2023-11-22T20:53:30.532+0000] {processor.py:157} INFO - Started process (PID=716) to work on /home/airflow/.local/lib/python3.8/site-packages/airflow/example_dags/example_external_task_marker_dag.py
[2023-11-22T20:53:30.534+0000] {processor.py:829} INFO - Processing file /home/airflow/.local/lib/python3.8/site-packages/airflow/example_dags/example_external_task_marker_dag.py for tasks to queue
[2023-11-22T20:53:30.537+0000] {logging_mixin.py:154} INFO - [2023-11-22T20:53:30.537+0000] {dagbag.py:536} INFO - Filling up the DagBag from /home/airflow/.local/lib/python3.8/site-packages/airflow/example_dags/example_external_task_marker_dag.py
[2023-11-22T20:53:30.544+0000] {processor.py:839} INFO - DAG(s) dict_keys(['example_external_task_marker_child', 'example_external_task_marker_parent']) retrieved from /home/airflow/.local/lib/python3.8/site-packages/airflow/example_dags/example_external_task_marker_dag.py
[2023-11-22T20:53:30.574+0000] {logging_mixin.py:154} INFO - [2023-11-22T20:53:30.573+0000] {dag.py:2941} INFO - Sync 2 DAGs
[2023-11-22T20:53:30.598+0000] {logging_mixin.py:154} INFO - [2023-11-22T20:53:30.598+0000] {dag.py:3722} INFO - Setting next_dagrun for example_external_task_marker_child to None, run_after=None
[2023-11-22T20:53:30.604+0000] {logging_mixin.py:154} INFO - [2023-11-22T20:53:30.604+0000] {dag.py:3722} INFO - Setting next_dagrun for example_external_task_marker_parent to None, run_after=None
[2023-11-22T20:53:30.624+0000] {processor.py:179} INFO - Processing /home/airflow/.local/lib/python3.8/site-packages/airflow/example_dags/example_external_task_marker_dag.py took 0.095 seconds
[2023-11-22T20:54:05.308+0000] {processor.py:157} INFO - Started process (PID=774) to work on /home/airflow/.local/lib/python3.8/site-packages/airflow/example_dags/example_external_task_marker_dag.py
[2023-11-22T20:54:05.311+0000] {processor.py:829} INFO - Processing file /home/airflow/.local/lib/python3.8/site-packages/airflow/example_dags/example_external_task_marker_dag.py for tasks to queue
[2023-11-22T20:54:05.316+0000] {logging_mixin.py:154} INFO - [2023-11-22T20:54:05.316+0000] {dagbag.py:536} INFO - Filling up the DagBag from /home/airflow/.local/lib/python3.8/site-packages/airflow/example_dags/example_external_task_marker_dag.py
[2023-11-22T20:54:05.331+0000] {processor.py:839} INFO - DAG(s) dict_keys(['example_external_task_marker_child', 'example_external_task_marker_parent']) retrieved from /home/airflow/.local/lib/python3.8/site-packages/airflow/example_dags/example_external_task_marker_dag.py
[2023-11-22T20:54:05.368+0000] {logging_mixin.py:154} INFO - [2023-11-22T20:54:05.367+0000] {dag.py:2941} INFO - Sync 2 DAGs
[2023-11-22T20:54:05.390+0000] {logging_mixin.py:154} INFO - [2023-11-22T20:54:05.390+0000] {dag.py:3722} INFO - Setting next_dagrun for example_external_task_marker_child to None, run_after=None
[2023-11-22T20:54:05.395+0000] {logging_mixin.py:154} INFO - [2023-11-22T20:54:05.395+0000] {dag.py:3722} INFO - Setting next_dagrun for example_external_task_marker_parent to None, run_after=None
[2023-11-22T20:54:06.332+0000] {processor.py:179} INFO - Processing /home/airflow/.local/lib/python3.8/site-packages/airflow/example_dags/example_external_task_marker_dag.py took 1.031 seconds
[2023-11-22T20:54:37.909+0000] {processor.py:157} INFO - Started process (PID=827) to work on /home/airflow/.local/lib/python3.8/site-packages/airflow/example_dags/example_external_task_marker_dag.py
[2023-11-22T20:54:37.911+0000] {processor.py:829} INFO - Processing file /home/airflow/.local/lib/python3.8/site-packages/airflow/example_dags/example_external_task_marker_dag.py for tasks to queue
[2023-11-22T20:54:37.916+0000] {logging_mixin.py:154} INFO - [2023-11-22T20:54:37.916+0000] {dagbag.py:536} INFO - Filling up the DagBag from /home/airflow/.local/lib/python3.8/site-packages/airflow/example_dags/example_external_task_marker_dag.py
[2023-11-22T20:54:37.926+0000] {processor.py:839} INFO - DAG(s) dict_keys(['example_external_task_marker_child', 'example_external_task_marker_parent']) retrieved from /home/airflow/.local/lib/python3.8/site-packages/airflow/example_dags/example_external_task_marker_dag.py
[2023-11-22T20:54:37.980+0000] {logging_mixin.py:154} INFO - [2023-11-22T20:54:37.980+0000] {dag.py:2941} INFO - Sync 2 DAGs
[2023-11-22T20:54:37.999+0000] {logging_mixin.py:154} INFO - [2023-11-22T20:54:37.999+0000] {dag.py:3722} INFO - Setting next_dagrun for example_external_task_marker_child to None, run_after=None
[2023-11-22T20:54:38.006+0000] {logging_mixin.py:154} INFO - [2023-11-22T20:54:38.006+0000] {dag.py:3722} INFO - Setting next_dagrun for example_external_task_marker_parent to None, run_after=None
[2023-11-22T20:54:38.041+0000] {processor.py:179} INFO - Processing /home/airflow/.local/lib/python3.8/site-packages/airflow/example_dags/example_external_task_marker_dag.py took 0.136 seconds
[2023-11-22T20:55:08.158+0000] {processor.py:157} INFO - Started process (PID=881) to work on /home/airflow/.local/lib/python3.8/site-packages/airflow/example_dags/example_external_task_marker_dag.py
[2023-11-22T20:55:08.159+0000] {processor.py:829} INFO - Processing file /home/airflow/.local/lib/python3.8/site-packages/airflow/example_dags/example_external_task_marker_dag.py for tasks to queue
[2023-11-22T20:55:08.162+0000] {logging_mixin.py:154} INFO - [2023-11-22T20:55:08.161+0000] {dagbag.py:536} INFO - Filling up the DagBag from /home/airflow/.local/lib/python3.8/site-packages/airflow/example_dags/example_external_task_marker_dag.py
[2023-11-22T20:55:08.170+0000] {processor.py:839} INFO - DAG(s) dict_keys(['example_external_task_marker_child', 'example_external_task_marker_parent']) retrieved from /home/airflow/.local/lib/python3.8/site-packages/airflow/example_dags/example_external_task_marker_dag.py
[2023-11-22T20:55:08.195+0000] {logging_mixin.py:154} INFO - [2023-11-22T20:55:08.194+0000] {dag.py:2941} INFO - Sync 2 DAGs
[2023-11-22T20:55:08.207+0000] {logging_mixin.py:154} INFO - [2023-11-22T20:55:08.207+0000] {dag.py:3722} INFO - Setting next_dagrun for example_external_task_marker_child to None, run_after=None
[2023-11-22T20:55:08.211+0000] {logging_mixin.py:154} INFO - [2023-11-22T20:55:08.211+0000] {dag.py:3722} INFO - Setting next_dagrun for example_external_task_marker_parent to None, run_after=None
[2023-11-22T20:55:08.232+0000] {processor.py:179} INFO - Processing /home/airflow/.local/lib/python3.8/site-packages/airflow/example_dags/example_external_task_marker_dag.py took 0.077 seconds
[2023-11-22T20:55:38.305+0000] {processor.py:157} INFO - Started process (PID=935) to work on /home/airflow/.local/lib/python3.8/site-packages/airflow/example_dags/example_external_task_marker_dag.py
[2023-11-22T20:55:38.306+0000] {processor.py:829} INFO - Processing file /home/airflow/.local/lib/python3.8/site-packages/airflow/example_dags/example_external_task_marker_dag.py for tasks to queue
[2023-11-22T20:55:38.309+0000] {logging_mixin.py:154} INFO - [2023-11-22T20:55:38.309+0000] {dagbag.py:536} INFO - Filling up the DagBag from /home/airflow/.local/lib/python3.8/site-packages/airflow/example_dags/example_external_task_marker_dag.py
[2023-11-22T20:55:38.316+0000] {processor.py:839} INFO - DAG(s) dict_keys(['example_external_task_marker_parent', 'example_external_task_marker_child']) retrieved from /home/airflow/.local/lib/python3.8/site-packages/airflow/example_dags/example_external_task_marker_dag.py
[2023-11-22T20:55:38.342+0000] {logging_mixin.py:154} INFO - [2023-11-22T20:55:38.342+0000] {dag.py:2941} INFO - Sync 2 DAGs
[2023-11-22T20:55:38.359+0000] {logging_mixin.py:154} INFO - [2023-11-22T20:55:38.358+0000] {dag.py:3722} INFO - Setting next_dagrun for example_external_task_marker_child to None, run_after=None
[2023-11-22T20:55:38.362+0000] {logging_mixin.py:154} INFO - [2023-11-22T20:55:38.362+0000] {dag.py:3722} INFO - Setting next_dagrun for example_external_task_marker_parent to None, run_after=None
[2023-11-22T20:55:38.382+0000] {processor.py:179} INFO - Processing /home/airflow/.local/lib/python3.8/site-packages/airflow/example_dags/example_external_task_marker_dag.py took 0.081 seconds
[2023-11-22T20:56:08.534+0000] {processor.py:157} INFO - Started process (PID=990) to work on /home/airflow/.local/lib/python3.8/site-packages/airflow/example_dags/example_external_task_marker_dag.py
[2023-11-22T20:56:08.535+0000] {processor.py:829} INFO - Processing file /home/airflow/.local/lib/python3.8/site-packages/airflow/example_dags/example_external_task_marker_dag.py for tasks to queue
[2023-11-22T20:56:08.538+0000] {logging_mixin.py:154} INFO - [2023-11-22T20:56:08.538+0000] {dagbag.py:536} INFO - Filling up the DagBag from /home/airflow/.local/lib/python3.8/site-packages/airflow/example_dags/example_external_task_marker_dag.py
[2023-11-22T20:56:08.545+0000] {processor.py:839} INFO - DAG(s) dict_keys(['example_external_task_marker_parent', 'example_external_task_marker_child']) retrieved from /home/airflow/.local/lib/python3.8/site-packages/airflow/example_dags/example_external_task_marker_dag.py
[2023-11-22T20:56:08.569+0000] {logging_mixin.py:154} INFO - [2023-11-22T20:56:08.569+0000] {dag.py:2941} INFO - Sync 2 DAGs
[2023-11-22T20:56:08.582+0000] {logging_mixin.py:154} INFO - [2023-11-22T20:56:08.582+0000] {dag.py:3722} INFO - Setting next_dagrun for example_external_task_marker_child to None, run_after=None
[2023-11-22T20:56:08.586+0000] {logging_mixin.py:154} INFO - [2023-11-22T20:56:08.586+0000] {dag.py:3722} INFO - Setting next_dagrun for example_external_task_marker_parent to None, run_after=None
[2023-11-22T20:56:08.605+0000] {processor.py:179} INFO - Processing /home/airflow/.local/lib/python3.8/site-packages/airflow/example_dags/example_external_task_marker_dag.py took 0.075 seconds
[2023-11-22T20:56:38.790+0000] {processor.py:157} INFO - Started process (PID=1044) to work on /home/airflow/.local/lib/python3.8/site-packages/airflow/example_dags/example_external_task_marker_dag.py
[2023-11-22T20:56:38.791+0000] {processor.py:829} INFO - Processing file /home/airflow/.local/lib/python3.8/site-packages/airflow/example_dags/example_external_task_marker_dag.py for tasks to queue
[2023-11-22T20:56:38.794+0000] {logging_mixin.py:154} INFO - [2023-11-22T20:56:38.793+0000] {dagbag.py:536} INFO - Filling up the DagBag from /home/airflow/.local/lib/python3.8/site-packages/airflow/example_dags/example_external_task_marker_dag.py
[2023-11-22T20:56:38.800+0000] {processor.py:839} INFO - DAG(s) dict_keys(['example_external_task_marker_parent', 'example_external_task_marker_child']) retrieved from /home/airflow/.local/lib/python3.8/site-packages/airflow/example_dags/example_external_task_marker_dag.py
[2023-11-22T20:56:38.824+0000] {logging_mixin.py:154} INFO - [2023-11-22T20:56:38.824+0000] {dag.py:2941} INFO - Sync 2 DAGs
[2023-11-22T20:56:38.837+0000] {logging_mixin.py:154} INFO - [2023-11-22T20:56:38.837+0000] {dag.py:3722} INFO - Setting next_dagrun for example_external_task_marker_child to None, run_after=None
[2023-11-22T20:56:38.841+0000] {logging_mixin.py:154} INFO - [2023-11-22T20:56:38.840+0000] {dag.py:3722} INFO - Setting next_dagrun for example_external_task_marker_parent to None, run_after=None
[2023-11-22T20:56:38.862+0000] {processor.py:179} INFO - Processing /home/airflow/.local/lib/python3.8/site-packages/airflow/example_dags/example_external_task_marker_dag.py took 0.075 seconds
[2023-11-22T20:57:08.990+0000] {processor.py:157} INFO - Started process (PID=1098) to work on /home/airflow/.local/lib/python3.8/site-packages/airflow/example_dags/example_external_task_marker_dag.py
[2023-11-22T20:57:08.991+0000] {processor.py:829} INFO - Processing file /home/airflow/.local/lib/python3.8/site-packages/airflow/example_dags/example_external_task_marker_dag.py for tasks to queue
[2023-11-22T20:57:08.993+0000] {logging_mixin.py:154} INFO - [2023-11-22T20:57:08.993+0000] {dagbag.py:536} INFO - Filling up the DagBag from /home/airflow/.local/lib/python3.8/site-packages/airflow/example_dags/example_external_task_marker_dag.py
[2023-11-22T20:57:08.999+0000] {processor.py:839} INFO - DAG(s) dict_keys(['example_external_task_marker_parent', 'example_external_task_marker_child']) retrieved from /home/airflow/.local/lib/python3.8/site-packages/airflow/example_dags/example_external_task_marker_dag.py
[2023-11-22T20:57:09.023+0000] {logging_mixin.py:154} INFO - [2023-11-22T20:57:09.023+0000] {dag.py:2941} INFO - Sync 2 DAGs
[2023-11-22T20:57:09.036+0000] {logging_mixin.py:154} INFO - [2023-11-22T20:57:09.036+0000] {dag.py:3722} INFO - Setting next_dagrun for example_external_task_marker_child to None, run_after=None
[2023-11-22T20:57:09.040+0000] {logging_mixin.py:154} INFO - [2023-11-22T20:57:09.040+0000] {dag.py:3722} INFO - Setting next_dagrun for example_external_task_marker_parent to None, run_after=None
[2023-11-22T20:57:09.059+0000] {processor.py:179} INFO - Processing /home/airflow/.local/lib/python3.8/site-packages/airflow/example_dags/example_external_task_marker_dag.py took 0.072 seconds
[2023-11-22T20:57:39.421+0000] {processor.py:157} INFO - Started process (PID=1152) to work on /home/airflow/.local/lib/python3.8/site-packages/airflow/example_dags/example_external_task_marker_dag.py
[2023-11-22T20:57:39.422+0000] {processor.py:829} INFO - Processing file /home/airflow/.local/lib/python3.8/site-packages/airflow/example_dags/example_external_task_marker_dag.py for tasks to queue
[2023-11-22T20:57:39.424+0000] {logging_mixin.py:154} INFO - [2023-11-22T20:57:39.424+0000] {dagbag.py:536} INFO - Filling up the DagBag from /home/airflow/.local/lib/python3.8/site-packages/airflow/example_dags/example_external_task_marker_dag.py
[2023-11-22T20:57:39.430+0000] {processor.py:839} INFO - DAG(s) dict_keys(['example_external_task_marker_child', 'example_external_task_marker_parent']) retrieved from /home/airflow/.local/lib/python3.8/site-packages/airflow/example_dags/example_external_task_marker_dag.py
[2023-11-22T20:57:39.457+0000] {logging_mixin.py:154} INFO - [2023-11-22T20:57:39.456+0000] {dag.py:2941} INFO - Sync 2 DAGs
[2023-11-22T20:57:39.469+0000] {logging_mixin.py:154} INFO - [2023-11-22T20:57:39.469+0000] {dag.py:3722} INFO - Setting next_dagrun for example_external_task_marker_child to None, run_after=None
[2023-11-22T20:57:39.473+0000] {logging_mixin.py:154} INFO - [2023-11-22T20:57:39.473+0000] {dag.py:3722} INFO - Setting next_dagrun for example_external_task_marker_parent to None, run_after=None
[2023-11-22T20:57:39.494+0000] {processor.py:179} INFO - Processing /home/airflow/.local/lib/python3.8/site-packages/airflow/example_dags/example_external_task_marker_dag.py took 0.077 seconds
[2023-11-22T20:58:10.083+0000] {processor.py:157} INFO - Started process (PID=1206) to work on /home/airflow/.local/lib/python3.8/site-packages/airflow/example_dags/example_external_task_marker_dag.py
[2023-11-22T20:58:10.084+0000] {processor.py:829} INFO - Processing file /home/airflow/.local/lib/python3.8/site-packages/airflow/example_dags/example_external_task_marker_dag.py for tasks to queue
[2023-11-22T20:58:10.087+0000] {logging_mixin.py:154} INFO - [2023-11-22T20:58:10.086+0000] {dagbag.py:536} INFO - Filling up the DagBag from /home/airflow/.local/lib/python3.8/site-packages/airflow/example_dags/example_external_task_marker_dag.py
[2023-11-22T20:58:10.095+0000] {processor.py:839} INFO - DAG(s) dict_keys(['example_external_task_marker_parent', 'example_external_task_marker_child']) retrieved from /home/airflow/.local/lib/python3.8/site-packages/airflow/example_dags/example_external_task_marker_dag.py
[2023-11-22T20:58:10.132+0000] {logging_mixin.py:154} INFO - [2023-11-22T20:58:10.131+0000] {dag.py:2941} INFO - Sync 2 DAGs
[2023-11-22T20:58:10.148+0000] {logging_mixin.py:154} INFO - [2023-11-22T20:58:10.148+0000] {dag.py:3722} INFO - Setting next_dagrun for example_external_task_marker_child to None, run_after=None
[2023-11-22T20:58:10.152+0000] {logging_mixin.py:154} INFO - [2023-11-22T20:58:10.152+0000] {dag.py:3722} INFO - Setting next_dagrun for example_external_task_marker_parent to None, run_after=None
[2023-11-22T20:58:10.172+0000] {processor.py:179} INFO - Processing /home/airflow/.local/lib/python3.8/site-packages/airflow/example_dags/example_external_task_marker_dag.py took 0.092 seconds
[2023-11-22T20:58:40.939+0000] {processor.py:157} INFO - Started process (PID=1260) to work on /home/airflow/.local/lib/python3.8/site-packages/airflow/example_dags/example_external_task_marker_dag.py
[2023-11-22T20:58:40.940+0000] {processor.py:829} INFO - Processing file /home/airflow/.local/lib/python3.8/site-packages/airflow/example_dags/example_external_task_marker_dag.py for tasks to queue
[2023-11-22T20:58:40.943+0000] {logging_mixin.py:154} INFO - [2023-11-22T20:58:40.943+0000] {dagbag.py:536} INFO - Filling up the DagBag from /home/airflow/.local/lib/python3.8/site-packages/airflow/example_dags/example_external_task_marker_dag.py
[2023-11-22T20:58:40.951+0000] {processor.py:839} INFO - DAG(s) dict_keys(['example_external_task_marker_child', 'example_external_task_marker_parent']) retrieved from /home/airflow/.local/lib/python3.8/site-packages/airflow/example_dags/example_external_task_marker_dag.py
[2023-11-22T20:58:40.976+0000] {logging_mixin.py:154} INFO - [2023-11-22T20:58:40.976+0000] {dag.py:2941} INFO - Sync 2 DAGs
[2023-11-22T20:58:40.994+0000] {logging_mixin.py:154} INFO - [2023-11-22T20:58:40.994+0000] {dag.py:3722} INFO - Setting next_dagrun for example_external_task_marker_child to None, run_after=None
[2023-11-22T20:58:40.998+0000] {logging_mixin.py:154} INFO - [2023-11-22T20:58:40.998+0000] {dag.py:3722} INFO - Setting next_dagrun for example_external_task_marker_parent to None, run_after=None
[2023-11-22T20:58:41.020+0000] {processor.py:179} INFO - Processing /home/airflow/.local/lib/python3.8/site-packages/airflow/example_dags/example_external_task_marker_dag.py took 0.085 seconds
[2023-11-22T20:59:11.425+0000] {processor.py:157} INFO - Started process (PID=1314) to work on /home/airflow/.local/lib/python3.8/site-packages/airflow/example_dags/example_external_task_marker_dag.py
[2023-11-22T20:59:11.426+0000] {processor.py:829} INFO - Processing file /home/airflow/.local/lib/python3.8/site-packages/airflow/example_dags/example_external_task_marker_dag.py for tasks to queue
[2023-11-22T20:59:11.428+0000] {logging_mixin.py:154} INFO - [2023-11-22T20:59:11.428+0000] {dagbag.py:536} INFO - Filling up the DagBag from /home/airflow/.local/lib/python3.8/site-packages/airflow/example_dags/example_external_task_marker_dag.py
[2023-11-22T20:59:11.436+0000] {processor.py:839} INFO - DAG(s) dict_keys(['example_external_task_marker_parent', 'example_external_task_marker_child']) retrieved from /home/airflow/.local/lib/python3.8/site-packages/airflow/example_dags/example_external_task_marker_dag.py
[2023-11-22T20:59:11.473+0000] {logging_mixin.py:154} INFO - [2023-11-22T20:59:11.473+0000] {dag.py:2941} INFO - Sync 2 DAGs
[2023-11-22T20:59:11.654+0000] {logging_mixin.py:154} INFO - [2023-11-22T20:59:11.654+0000] {dag.py:3722} INFO - Setting next_dagrun for example_external_task_marker_child to None, run_after=None
[2023-11-22T20:59:11.659+0000] {logging_mixin.py:154} INFO - [2023-11-22T20:59:11.658+0000] {dag.py:3722} INFO - Setting next_dagrun for example_external_task_marker_parent to None, run_after=None
[2023-11-22T20:59:11.682+0000] {processor.py:179} INFO - Processing /home/airflow/.local/lib/python3.8/site-packages/airflow/example_dags/example_external_task_marker_dag.py took 0.264 seconds
[2023-11-22T20:59:41.991+0000] {processor.py:157} INFO - Started process (PID=1368) to work on /home/airflow/.local/lib/python3.8/site-packages/airflow/example_dags/example_external_task_marker_dag.py
[2023-11-22T20:59:41.992+0000] {processor.py:829} INFO - Processing file /home/airflow/.local/lib/python3.8/site-packages/airflow/example_dags/example_external_task_marker_dag.py for tasks to queue
[2023-11-22T20:59:41.995+0000] {logging_mixin.py:154} INFO - [2023-11-22T20:59:41.994+0000] {dagbag.py:536} INFO - Filling up the DagBag from /home/airflow/.local/lib/python3.8/site-packages/airflow/example_dags/example_external_task_marker_dag.py
[2023-11-22T20:59:42.001+0000] {processor.py:839} INFO - DAG(s) dict_keys(['example_external_task_marker_parent', 'example_external_task_marker_child']) retrieved from /home/airflow/.local/lib/python3.8/site-packages/airflow/example_dags/example_external_task_marker_dag.py
[2023-11-22T20:59:42.025+0000] {logging_mixin.py:154} INFO - [2023-11-22T20:59:42.025+0000] {dag.py:2941} INFO - Sync 2 DAGs
[2023-11-22T20:59:42.038+0000] {logging_mixin.py:154} INFO - [2023-11-22T20:59:42.038+0000] {dag.py:3722} INFO - Setting next_dagrun for example_external_task_marker_child to None, run_after=None
[2023-11-22T20:59:42.042+0000] {logging_mixin.py:154} INFO - [2023-11-22T20:59:42.042+0000] {dag.py:3722} INFO - Setting next_dagrun for example_external_task_marker_parent to None, run_after=None
[2023-11-22T20:59:42.266+0000] {processor.py:179} INFO - Processing /home/airflow/.local/lib/python3.8/site-packages/airflow/example_dags/example_external_task_marker_dag.py took 0.278 seconds
[2023-11-22T21:00:12.439+0000] {processor.py:157} INFO - Started process (PID=1422) to work on /home/airflow/.local/lib/python3.8/site-packages/airflow/example_dags/example_external_task_marker_dag.py
[2023-11-22T21:00:12.440+0000] {processor.py:829} INFO - Processing file /home/airflow/.local/lib/python3.8/site-packages/airflow/example_dags/example_external_task_marker_dag.py for tasks to queue
[2023-11-22T21:00:12.443+0000] {logging_mixin.py:154} INFO - [2023-11-22T21:00:12.443+0000] {dagbag.py:536} INFO - Filling up the DagBag from /home/airflow/.local/lib/python3.8/site-packages/airflow/example_dags/example_external_task_marker_dag.py
[2023-11-22T21:00:12.454+0000] {processor.py:839} INFO - DAG(s) dict_keys(['example_external_task_marker_parent', 'example_external_task_marker_child']) retrieved from /home/airflow/.local/lib/python3.8/site-packages/airflow/example_dags/example_external_task_marker_dag.py
[2023-11-22T21:00:12.479+0000] {logging_mixin.py:154} INFO - [2023-11-22T21:00:12.479+0000] {dag.py:2941} INFO - Sync 2 DAGs
[2023-11-22T21:00:12.492+0000] {logging_mixin.py:154} INFO - [2023-11-22T21:00:12.492+0000] {dag.py:3722} INFO - Setting next_dagrun for example_external_task_marker_child to None, run_after=None
[2023-11-22T21:00:12.496+0000] {logging_mixin.py:154} INFO - [2023-11-22T21:00:12.496+0000] {dag.py:3722} INFO - Setting next_dagrun for example_external_task_marker_parent to None, run_after=None
[2023-11-22T21:00:12.514+0000] {processor.py:179} INFO - Processing /home/airflow/.local/lib/python3.8/site-packages/airflow/example_dags/example_external_task_marker_dag.py took 0.079 seconds
[2023-11-22T21:00:43.202+0000] {processor.py:157} INFO - Started process (PID=1476) to work on /home/airflow/.local/lib/python3.8/site-packages/airflow/example_dags/example_external_task_marker_dag.py
[2023-11-22T21:00:43.203+0000] {processor.py:829} INFO - Processing file /home/airflow/.local/lib/python3.8/site-packages/airflow/example_dags/example_external_task_marker_dag.py for tasks to queue
[2023-11-22T21:00:43.206+0000] {logging_mixin.py:154} INFO - [2023-11-22T21:00:43.206+0000] {dagbag.py:536} INFO - Filling up the DagBag from /home/airflow/.local/lib/python3.8/site-packages/airflow/example_dags/example_external_task_marker_dag.py
[2023-11-22T21:00:43.214+0000] {processor.py:839} INFO - DAG(s) dict_keys(['example_external_task_marker_child', 'example_external_task_marker_parent']) retrieved from /home/airflow/.local/lib/python3.8/site-packages/airflow/example_dags/example_external_task_marker_dag.py
[2023-11-22T21:00:43.238+0000] {logging_mixin.py:154} INFO - [2023-11-22T21:00:43.238+0000] {dag.py:2941} INFO - Sync 2 DAGs
[2023-11-22T21:00:43.251+0000] {logging_mixin.py:154} INFO - [2023-11-22T21:00:43.251+0000] {dag.py:3722} INFO - Setting next_dagrun for example_external_task_marker_child to None, run_after=None
[2023-11-22T21:00:43.255+0000] {logging_mixin.py:154} INFO - [2023-11-22T21:00:43.255+0000] {dag.py:3722} INFO - Setting next_dagrun for example_external_task_marker_parent to None, run_after=None
[2023-11-22T21:00:43.278+0000] {processor.py:179} INFO - Processing /home/airflow/.local/lib/python3.8/site-packages/airflow/example_dags/example_external_task_marker_dag.py took 0.080 seconds
[2023-11-22T21:01:13.575+0000] {processor.py:157} INFO - Started process (PID=1530) to work on /home/airflow/.local/lib/python3.8/site-packages/airflow/example_dags/example_external_task_marker_dag.py
[2023-11-22T21:01:13.576+0000] {processor.py:829} INFO - Processing file /home/airflow/.local/lib/python3.8/site-packages/airflow/example_dags/example_external_task_marker_dag.py for tasks to queue
[2023-11-22T21:01:13.579+0000] {logging_mixin.py:154} INFO - [2023-11-22T21:01:13.579+0000] {dagbag.py:536} INFO - Filling up the DagBag from /home/airflow/.local/lib/python3.8/site-packages/airflow/example_dags/example_external_task_marker_dag.py
[2023-11-22T21:01:13.585+0000] {processor.py:839} INFO - DAG(s) dict_keys(['example_external_task_marker_child', 'example_external_task_marker_parent']) retrieved from /home/airflow/.local/lib/python3.8/site-packages/airflow/example_dags/example_external_task_marker_dag.py
[2023-11-22T21:01:13.610+0000] {logging_mixin.py:154} INFO - [2023-11-22T21:01:13.610+0000] {dag.py:2941} INFO - Sync 2 DAGs
[2023-11-22T21:01:13.623+0000] {logging_mixin.py:154} INFO - [2023-11-22T21:01:13.623+0000] {dag.py:3722} INFO - Setting next_dagrun for example_external_task_marker_child to None, run_after=None
[2023-11-22T21:01:13.627+0000] {logging_mixin.py:154} INFO - [2023-11-22T21:01:13.627+0000] {dag.py:3722} INFO - Setting next_dagrun for example_external_task_marker_parent to None, run_after=None
[2023-11-22T21:01:13.794+0000] {processor.py:179} INFO - Processing /home/airflow/.local/lib/python3.8/site-packages/airflow/example_dags/example_external_task_marker_dag.py took 0.223 seconds
[2023-11-22T21:01:44.119+0000] {processor.py:157} INFO - Started process (PID=1584) to work on /home/airflow/.local/lib/python3.8/site-packages/airflow/example_dags/example_external_task_marker_dag.py
[2023-11-22T21:01:44.120+0000] {processor.py:829} INFO - Processing file /home/airflow/.local/lib/python3.8/site-packages/airflow/example_dags/example_external_task_marker_dag.py for tasks to queue
[2023-11-22T21:01:44.123+0000] {logging_mixin.py:154} INFO - [2023-11-22T21:01:44.123+0000] {dagbag.py:536} INFO - Filling up the DagBag from /home/airflow/.local/lib/python3.8/site-packages/airflow/example_dags/example_external_task_marker_dag.py
[2023-11-22T21:01:44.131+0000] {processor.py:839} INFO - DAG(s) dict_keys(['example_external_task_marker_parent', 'example_external_task_marker_child']) retrieved from /home/airflow/.local/lib/python3.8/site-packages/airflow/example_dags/example_external_task_marker_dag.py
[2023-11-22T21:01:44.157+0000] {logging_mixin.py:154} INFO - [2023-11-22T21:01:44.156+0000] {dag.py:2941} INFO - Sync 2 DAGs
[2023-11-22T21:01:44.169+0000] {logging_mixin.py:154} INFO - [2023-11-22T21:01:44.169+0000] {dag.py:3722} INFO - Setting next_dagrun for example_external_task_marker_child to None, run_after=None
[2023-11-22T21:01:44.173+0000] {logging_mixin.py:154} INFO - [2023-11-22T21:01:44.173+0000] {dag.py:3722} INFO - Setting next_dagrun for example_external_task_marker_parent to None, run_after=None
[2023-11-22T21:01:44.193+0000] {processor.py:179} INFO - Processing /home/airflow/.local/lib/python3.8/site-packages/airflow/example_dags/example_external_task_marker_dag.py took 0.079 seconds
[2023-11-22T21:02:14.273+0000] {processor.py:157} INFO - Started process (PID=1637) to work on /home/airflow/.local/lib/python3.8/site-packages/airflow/example_dags/example_external_task_marker_dag.py
[2023-11-22T21:02:14.274+0000] {processor.py:829} INFO - Processing file /home/airflow/.local/lib/python3.8/site-packages/airflow/example_dags/example_external_task_marker_dag.py for tasks to queue
[2023-11-22T21:02:14.278+0000] {logging_mixin.py:154} INFO - [2023-11-22T21:02:14.277+0000] {dagbag.py:536} INFO - Filling up the DagBag from /home/airflow/.local/lib/python3.8/site-packages/airflow/example_dags/example_external_task_marker_dag.py
[2023-11-22T21:02:14.286+0000] {processor.py:839} INFO - DAG(s) dict_keys(['example_external_task_marker_parent', 'example_external_task_marker_child']) retrieved from /home/airflow/.local/lib/python3.8/site-packages/airflow/example_dags/example_external_task_marker_dag.py
[2023-11-22T21:02:14.314+0000] {logging_mixin.py:154} INFO - [2023-11-22T21:02:14.314+0000] {dag.py:2941} INFO - Sync 2 DAGs
[2023-11-22T21:02:14.329+0000] {logging_mixin.py:154} INFO - [2023-11-22T21:02:14.328+0000] {dag.py:3722} INFO - Setting next_dagrun for example_external_task_marker_child to None, run_after=None
[2023-11-22T21:02:14.332+0000] {logging_mixin.py:154} INFO - [2023-11-22T21:02:14.332+0000] {dag.py:3722} INFO - Setting next_dagrun for example_external_task_marker_parent to None, run_after=None
[2023-11-22T21:02:14.356+0000] {processor.py:179} INFO - Processing /home/airflow/.local/lib/python3.8/site-packages/airflow/example_dags/example_external_task_marker_dag.py took 0.088 seconds
[2023-11-22T21:02:44.548+0000] {processor.py:157} INFO - Started process (PID=1693) to work on /home/airflow/.local/lib/python3.8/site-packages/airflow/example_dags/example_external_task_marker_dag.py
[2023-11-22T21:02:44.549+0000] {processor.py:829} INFO - Processing file /home/airflow/.local/lib/python3.8/site-packages/airflow/example_dags/example_external_task_marker_dag.py for tasks to queue
[2023-11-22T21:02:44.552+0000] {logging_mixin.py:154} INFO - [2023-11-22T21:02:44.552+0000] {dagbag.py:536} INFO - Filling up the DagBag from /home/airflow/.local/lib/python3.8/site-packages/airflow/example_dags/example_external_task_marker_dag.py
[2023-11-22T21:02:44.559+0000] {processor.py:839} INFO - DAG(s) dict_keys(['example_external_task_marker_parent', 'example_external_task_marker_child']) retrieved from /home/airflow/.local/lib/python3.8/site-packages/airflow/example_dags/example_external_task_marker_dag.py
[2023-11-22T21:02:44.599+0000] {logging_mixin.py:154} INFO - [2023-11-22T21:02:44.599+0000] {dag.py:2941} INFO - Sync 2 DAGs
[2023-11-22T21:02:44.741+0000] {logging_mixin.py:154} INFO - [2023-11-22T21:02:44.741+0000] {dag.py:3722} INFO - Setting next_dagrun for example_external_task_marker_child to None, run_after=None
[2023-11-22T21:02:44.746+0000] {logging_mixin.py:154} INFO - [2023-11-22T21:02:44.746+0000] {dag.py:3722} INFO - Setting next_dagrun for example_external_task_marker_parent to None, run_after=None
[2023-11-22T21:02:44.765+0000] {processor.py:179} INFO - Processing /home/airflow/.local/lib/python3.8/site-packages/airflow/example_dags/example_external_task_marker_dag.py took 0.220 seconds
[2023-11-22T21:03:14.895+0000] {processor.py:157} INFO - Started process (PID=1747) to work on /home/airflow/.local/lib/python3.8/site-packages/airflow/example_dags/example_external_task_marker_dag.py
[2023-11-22T21:03:14.896+0000] {processor.py:829} INFO - Processing file /home/airflow/.local/lib/python3.8/site-packages/airflow/example_dags/example_external_task_marker_dag.py for tasks to queue
[2023-11-22T21:03:14.899+0000] {logging_mixin.py:154} INFO - [2023-11-22T21:03:14.899+0000] {dagbag.py:536} INFO - Filling up the DagBag from /home/airflow/.local/lib/python3.8/site-packages/airflow/example_dags/example_external_task_marker_dag.py
[2023-11-22T21:03:14.906+0000] {processor.py:839} INFO - DAG(s) dict_keys(['example_external_task_marker_parent', 'example_external_task_marker_child']) retrieved from /home/airflow/.local/lib/python3.8/site-packages/airflow/example_dags/example_external_task_marker_dag.py
[2023-11-22T21:03:14.930+0000] {logging_mixin.py:154} INFO - [2023-11-22T21:03:14.930+0000] {dag.py:2941} INFO - Sync 2 DAGs
[2023-11-22T21:03:14.943+0000] {logging_mixin.py:154} INFO - [2023-11-22T21:03:14.943+0000] {dag.py:3722} INFO - Setting next_dagrun for example_external_task_marker_child to None, run_after=None
[2023-11-22T21:03:14.947+0000] {logging_mixin.py:154} INFO - [2023-11-22T21:03:14.946+0000] {dag.py:3722} INFO - Setting next_dagrun for example_external_task_marker_parent to None, run_after=None
[2023-11-22T21:03:14.967+0000] {processor.py:179} INFO - Processing /home/airflow/.local/lib/python3.8/site-packages/airflow/example_dags/example_external_task_marker_dag.py took 0.075 seconds
[2023-11-22T21:03:45.141+0000] {processor.py:157} INFO - Started process (PID=1801) to work on /home/airflow/.local/lib/python3.8/site-packages/airflow/example_dags/example_external_task_marker_dag.py
[2023-11-22T21:03:45.143+0000] {processor.py:829} INFO - Processing file /home/airflow/.local/lib/python3.8/site-packages/airflow/example_dags/example_external_task_marker_dag.py for tasks to queue
[2023-11-22T21:03:45.147+0000] {logging_mixin.py:154} INFO - [2023-11-22T21:03:45.146+0000] {dagbag.py:536} INFO - Filling up the DagBag from /home/airflow/.local/lib/python3.8/site-packages/airflow/example_dags/example_external_task_marker_dag.py
[2023-11-22T21:03:45.158+0000] {processor.py:839} INFO - DAG(s) dict_keys(['example_external_task_marker_child', 'example_external_task_marker_parent']) retrieved from /home/airflow/.local/lib/python3.8/site-packages/airflow/example_dags/example_external_task_marker_dag.py
[2023-11-22T21:03:45.191+0000] {logging_mixin.py:154} INFO - [2023-11-22T21:03:45.191+0000] {dag.py:2941} INFO - Sync 2 DAGs
[2023-11-22T21:03:45.206+0000] {logging_mixin.py:154} INFO - [2023-11-22T21:03:45.206+0000] {dag.py:3722} INFO - Setting next_dagrun for example_external_task_marker_child to None, run_after=None
[2023-11-22T21:03:45.211+0000] {logging_mixin.py:154} INFO - [2023-11-22T21:03:45.211+0000] {dag.py:3722} INFO - Setting next_dagrun for example_external_task_marker_parent to None, run_after=None
[2023-11-22T21:03:45.236+0000] {processor.py:179} INFO - Processing /home/airflow/.local/lib/python3.8/site-packages/airflow/example_dags/example_external_task_marker_dag.py took 0.098 seconds
[2023-11-22T21:04:15.323+0000] {processor.py:157} INFO - Started process (PID=1854) to work on /home/airflow/.local/lib/python3.8/site-packages/airflow/example_dags/example_external_task_marker_dag.py
[2023-11-22T21:04:15.325+0000] {processor.py:829} INFO - Processing file /home/airflow/.local/lib/python3.8/site-packages/airflow/example_dags/example_external_task_marker_dag.py for tasks to queue
[2023-11-22T21:04:15.328+0000] {logging_mixin.py:154} INFO - [2023-11-22T21:04:15.328+0000] {dagbag.py:536} INFO - Filling up the DagBag from /home/airflow/.local/lib/python3.8/site-packages/airflow/example_dags/example_external_task_marker_dag.py
[2023-11-22T21:04:15.335+0000] {processor.py:839} INFO - DAG(s) dict_keys(['example_external_task_marker_child', 'example_external_task_marker_parent']) retrieved from /home/airflow/.local/lib/python3.8/site-packages/airflow/example_dags/example_external_task_marker_dag.py
[2023-11-22T21:04:15.361+0000] {logging_mixin.py:154} INFO - [2023-11-22T21:04:15.361+0000] {dag.py:2941} INFO - Sync 2 DAGs
[2023-11-22T21:04:15.376+0000] {logging_mixin.py:154} INFO - [2023-11-22T21:04:15.376+0000] {dag.py:3722} INFO - Setting next_dagrun for example_external_task_marker_child to None, run_after=None
[2023-11-22T21:04:15.381+0000] {logging_mixin.py:154} INFO - [2023-11-22T21:04:15.381+0000] {dag.py:3722} INFO - Setting next_dagrun for example_external_task_marker_parent to None, run_after=None
[2023-11-22T21:04:15.402+0000] {processor.py:179} INFO - Processing /home/airflow/.local/lib/python3.8/site-packages/airflow/example_dags/example_external_task_marker_dag.py took 0.083 seconds
[2023-11-22T21:04:45.504+0000] {processor.py:157} INFO - Started process (PID=1908) to work on /home/airflow/.local/lib/python3.8/site-packages/airflow/example_dags/example_external_task_marker_dag.py
[2023-11-22T21:04:45.505+0000] {processor.py:829} INFO - Processing file /home/airflow/.local/lib/python3.8/site-packages/airflow/example_dags/example_external_task_marker_dag.py for tasks to queue
[2023-11-22T21:04:45.508+0000] {logging_mixin.py:154} INFO - [2023-11-22T21:04:45.508+0000] {dagbag.py:536} INFO - Filling up the DagBag from /home/airflow/.local/lib/python3.8/site-packages/airflow/example_dags/example_external_task_marker_dag.py
[2023-11-22T21:04:45.515+0000] {processor.py:839} INFO - DAG(s) dict_keys(['example_external_task_marker_parent', 'example_external_task_marker_child']) retrieved from /home/airflow/.local/lib/python3.8/site-packages/airflow/example_dags/example_external_task_marker_dag.py
[2023-11-22T21:04:45.540+0000] {logging_mixin.py:154} INFO - [2023-11-22T21:04:45.540+0000] {dag.py:2941} INFO - Sync 2 DAGs
[2023-11-22T21:04:45.554+0000] {logging_mixin.py:154} INFO - [2023-11-22T21:04:45.554+0000] {dag.py:3722} INFO - Setting next_dagrun for example_external_task_marker_child to None, run_after=None
[2023-11-22T21:04:45.558+0000] {logging_mixin.py:154} INFO - [2023-11-22T21:04:45.558+0000] {dag.py:3722} INFO - Setting next_dagrun for example_external_task_marker_parent to None, run_after=None
[2023-11-22T21:04:45.579+0000] {processor.py:179} INFO - Processing /home/airflow/.local/lib/python3.8/site-packages/airflow/example_dags/example_external_task_marker_dag.py took 0.079 seconds
[2023-11-22T21:05:15.782+0000] {processor.py:157} INFO - Started process (PID=1963) to work on /home/airflow/.local/lib/python3.8/site-packages/airflow/example_dags/example_external_task_marker_dag.py
[2023-11-22T21:05:15.783+0000] {processor.py:829} INFO - Processing file /home/airflow/.local/lib/python3.8/site-packages/airflow/example_dags/example_external_task_marker_dag.py for tasks to queue
[2023-11-22T21:05:15.785+0000] {logging_mixin.py:154} INFO - [2023-11-22T21:05:15.785+0000] {dagbag.py:536} INFO - Filling up the DagBag from /home/airflow/.local/lib/python3.8/site-packages/airflow/example_dags/example_external_task_marker_dag.py
[2023-11-22T21:05:15.792+0000] {processor.py:839} INFO - DAG(s) dict_keys(['example_external_task_marker_parent', 'example_external_task_marker_child']) retrieved from /home/airflow/.local/lib/python3.8/site-packages/airflow/example_dags/example_external_task_marker_dag.py
[2023-11-22T21:05:15.817+0000] {logging_mixin.py:154} INFO - [2023-11-22T21:05:15.816+0000] {dag.py:2941} INFO - Sync 2 DAGs
[2023-11-22T21:05:15.830+0000] {logging_mixin.py:154} INFO - [2023-11-22T21:05:15.830+0000] {dag.py:3722} INFO - Setting next_dagrun for example_external_task_marker_child to None, run_after=None
[2023-11-22T21:05:15.833+0000] {logging_mixin.py:154} INFO - [2023-11-22T21:05:15.833+0000] {dag.py:3722} INFO - Setting next_dagrun for example_external_task_marker_parent to None, run_after=None
[2023-11-22T21:05:15.853+0000] {processor.py:179} INFO - Processing /home/airflow/.local/lib/python3.8/site-packages/airflow/example_dags/example_external_task_marker_dag.py took 0.074 seconds
[2023-11-22T21:05:46.404+0000] {processor.py:157} INFO - Started process (PID=2017) to work on /home/airflow/.local/lib/python3.8/site-packages/airflow/example_dags/example_external_task_marker_dag.py
[2023-11-22T21:05:46.405+0000] {processor.py:829} INFO - Processing file /home/airflow/.local/lib/python3.8/site-packages/airflow/example_dags/example_external_task_marker_dag.py for tasks to queue
[2023-11-22T21:05:46.408+0000] {logging_mixin.py:154} INFO - [2023-11-22T21:05:46.408+0000] {dagbag.py:536} INFO - Filling up the DagBag from /home/airflow/.local/lib/python3.8/site-packages/airflow/example_dags/example_external_task_marker_dag.py
[2023-11-22T21:05:46.415+0000] {processor.py:839} INFO - DAG(s) dict_keys(['example_external_task_marker_child', 'example_external_task_marker_parent']) retrieved from /home/airflow/.local/lib/python3.8/site-packages/airflow/example_dags/example_external_task_marker_dag.py
[2023-11-22T21:05:46.439+0000] {logging_mixin.py:154} INFO - [2023-11-22T21:05:46.439+0000] {dag.py:2941} INFO - Sync 2 DAGs
[2023-11-22T21:05:46.452+0000] {logging_mixin.py:154} INFO - [2023-11-22T21:05:46.452+0000] {dag.py:3722} INFO - Setting next_dagrun for example_external_task_marker_child to None, run_after=None
[2023-11-22T21:05:46.457+0000] {logging_mixin.py:154} INFO - [2023-11-22T21:05:46.457+0000] {dag.py:3722} INFO - Setting next_dagrun for example_external_task_marker_parent to None, run_after=None
[2023-11-22T21:05:46.483+0000] {processor.py:179} INFO - Processing /home/airflow/.local/lib/python3.8/site-packages/airflow/example_dags/example_external_task_marker_dag.py took 0.083 seconds
[2023-11-22T21:06:16.978+0000] {processor.py:157} INFO - Started process (PID=2071) to work on /home/airflow/.local/lib/python3.8/site-packages/airflow/example_dags/example_external_task_marker_dag.py
[2023-11-22T21:06:16.979+0000] {processor.py:829} INFO - Processing file /home/airflow/.local/lib/python3.8/site-packages/airflow/example_dags/example_external_task_marker_dag.py for tasks to queue
[2023-11-22T21:06:16.982+0000] {logging_mixin.py:154} INFO - [2023-11-22T21:06:16.982+0000] {dagbag.py:536} INFO - Filling up the DagBag from /home/airflow/.local/lib/python3.8/site-packages/airflow/example_dags/example_external_task_marker_dag.py
[2023-11-22T21:06:16.990+0000] {processor.py:839} INFO - DAG(s) dict_keys(['example_external_task_marker_child', 'example_external_task_marker_parent']) retrieved from /home/airflow/.local/lib/python3.8/site-packages/airflow/example_dags/example_external_task_marker_dag.py
[2023-11-22T21:06:17.014+0000] {logging_mixin.py:154} INFO - [2023-11-22T21:06:17.014+0000] {dag.py:2941} INFO - Sync 2 DAGs
[2023-11-22T21:06:17.028+0000] {logging_mixin.py:154} INFO - [2023-11-22T21:06:17.027+0000] {dag.py:3722} INFO - Setting next_dagrun for example_external_task_marker_child to None, run_after=None
[2023-11-22T21:06:17.031+0000] {logging_mixin.py:154} INFO - [2023-11-22T21:06:17.031+0000] {dag.py:3722} INFO - Setting next_dagrun for example_external_task_marker_parent to None, run_after=None
[2023-11-22T21:06:17.056+0000] {processor.py:179} INFO - Processing /home/airflow/.local/lib/python3.8/site-packages/airflow/example_dags/example_external_task_marker_dag.py took 0.083 seconds
[2023-11-22T21:06:47.141+0000] {processor.py:157} INFO - Started process (PID=2126) to work on /home/airflow/.local/lib/python3.8/site-packages/airflow/example_dags/example_external_task_marker_dag.py
[2023-11-22T21:06:47.143+0000] {processor.py:829} INFO - Processing file /home/airflow/.local/lib/python3.8/site-packages/airflow/example_dags/example_external_task_marker_dag.py for tasks to queue
[2023-11-22T21:06:47.146+0000] {logging_mixin.py:154} INFO - [2023-11-22T21:06:47.146+0000] {dagbag.py:536} INFO - Filling up the DagBag from /home/airflow/.local/lib/python3.8/site-packages/airflow/example_dags/example_external_task_marker_dag.py
[2023-11-22T21:06:47.154+0000] {processor.py:839} INFO - DAG(s) dict_keys(['example_external_task_marker_child', 'example_external_task_marker_parent']) retrieved from /home/airflow/.local/lib/python3.8/site-packages/airflow/example_dags/example_external_task_marker_dag.py
[2023-11-22T21:06:47.193+0000] {logging_mixin.py:154} INFO - [2023-11-22T21:06:47.193+0000] {dag.py:2941} INFO - Sync 2 DAGs
[2023-11-22T21:06:47.216+0000] {logging_mixin.py:154} INFO - [2023-11-22T21:06:47.216+0000] {dag.py:3722} INFO - Setting next_dagrun for example_external_task_marker_child to None, run_after=None
[2023-11-22T21:06:47.220+0000] {logging_mixin.py:154} INFO - [2023-11-22T21:06:47.220+0000] {dag.py:3722} INFO - Setting next_dagrun for example_external_task_marker_parent to None, run_after=None
[2023-11-22T21:06:47.248+0000] {processor.py:179} INFO - Processing /home/airflow/.local/lib/python3.8/site-packages/airflow/example_dags/example_external_task_marker_dag.py took 0.110 seconds
[2023-11-22T21:07:17.398+0000] {processor.py:157} INFO - Started process (PID=2180) to work on /home/airflow/.local/lib/python3.8/site-packages/airflow/example_dags/example_external_task_marker_dag.py
[2023-11-22T21:07:17.400+0000] {processor.py:829} INFO - Processing file /home/airflow/.local/lib/python3.8/site-packages/airflow/example_dags/example_external_task_marker_dag.py for tasks to queue
[2023-11-22T21:07:17.404+0000] {logging_mixin.py:154} INFO - [2023-11-22T21:07:17.404+0000] {dagbag.py:536} INFO - Filling up the DagBag from /home/airflow/.local/lib/python3.8/site-packages/airflow/example_dags/example_external_task_marker_dag.py
[2023-11-22T21:07:17.413+0000] {processor.py:839} INFO - DAG(s) dict_keys(['example_external_task_marker_child', 'example_external_task_marker_parent']) retrieved from /home/airflow/.local/lib/python3.8/site-packages/airflow/example_dags/example_external_task_marker_dag.py
[2023-11-22T21:07:17.438+0000] {logging_mixin.py:154} INFO - [2023-11-22T21:07:17.438+0000] {dag.py:2941} INFO - Sync 2 DAGs
[2023-11-22T21:07:17.452+0000] {logging_mixin.py:154} INFO - [2023-11-22T21:07:17.452+0000] {dag.py:3722} INFO - Setting next_dagrun for example_external_task_marker_child to None, run_after=None
[2023-11-22T21:07:17.455+0000] {logging_mixin.py:154} INFO - [2023-11-22T21:07:17.455+0000] {dag.py:3722} INFO - Setting next_dagrun for example_external_task_marker_parent to None, run_after=None
[2023-11-22T21:07:17.473+0000] {processor.py:179} INFO - Processing /home/airflow/.local/lib/python3.8/site-packages/airflow/example_dags/example_external_task_marker_dag.py took 0.079 seconds
[2023-11-22T21:07:47.644+0000] {processor.py:157} INFO - Started process (PID=2234) to work on /home/airflow/.local/lib/python3.8/site-packages/airflow/example_dags/example_external_task_marker_dag.py
[2023-11-22T21:07:47.645+0000] {processor.py:829} INFO - Processing file /home/airflow/.local/lib/python3.8/site-packages/airflow/example_dags/example_external_task_marker_dag.py for tasks to queue
[2023-11-22T21:07:47.648+0000] {logging_mixin.py:154} INFO - [2023-11-22T21:07:47.648+0000] {dagbag.py:536} INFO - Filling up the DagBag from /home/airflow/.local/lib/python3.8/site-packages/airflow/example_dags/example_external_task_marker_dag.py
[2023-11-22T21:07:47.657+0000] {processor.py:839} INFO - DAG(s) dict_keys(['example_external_task_marker_parent', 'example_external_task_marker_child']) retrieved from /home/airflow/.local/lib/python3.8/site-packages/airflow/example_dags/example_external_task_marker_dag.py
[2023-11-22T21:07:47.683+0000] {logging_mixin.py:154} INFO - [2023-11-22T21:07:47.682+0000] {dag.py:2941} INFO - Sync 2 DAGs
[2023-11-22T21:07:47.696+0000] {logging_mixin.py:154} INFO - [2023-11-22T21:07:47.696+0000] {dag.py:3722} INFO - Setting next_dagrun for example_external_task_marker_child to None, run_after=None
[2023-11-22T21:07:47.700+0000] {logging_mixin.py:154} INFO - [2023-11-22T21:07:47.700+0000] {dag.py:3722} INFO - Setting next_dagrun for example_external_task_marker_parent to None, run_after=None
[2023-11-22T21:07:47.721+0000] {processor.py:179} INFO - Processing /home/airflow/.local/lib/python3.8/site-packages/airflow/example_dags/example_external_task_marker_dag.py took 0.081 seconds
[2023-11-22T21:08:17.901+0000] {processor.py:157} INFO - Started process (PID=2288) to work on /home/airflow/.local/lib/python3.8/site-packages/airflow/example_dags/example_external_task_marker_dag.py
[2023-11-22T21:08:17.903+0000] {processor.py:829} INFO - Processing file /home/airflow/.local/lib/python3.8/site-packages/airflow/example_dags/example_external_task_marker_dag.py for tasks to queue
[2023-11-22T21:08:17.906+0000] {logging_mixin.py:154} INFO - [2023-11-22T21:08:17.906+0000] {dagbag.py:536} INFO - Filling up the DagBag from /home/airflow/.local/lib/python3.8/site-packages/airflow/example_dags/example_external_task_marker_dag.py
[2023-11-22T21:08:17.913+0000] {processor.py:839} INFO - DAG(s) dict_keys(['example_external_task_marker_parent', 'example_external_task_marker_child']) retrieved from /home/airflow/.local/lib/python3.8/site-packages/airflow/example_dags/example_external_task_marker_dag.py
[2023-11-22T21:08:17.937+0000] {logging_mixin.py:154} INFO - [2023-11-22T21:08:17.937+0000] {dag.py:2941} INFO - Sync 2 DAGs
[2023-11-22T21:08:17.951+0000] {logging_mixin.py:154} INFO - [2023-11-22T21:08:17.950+0000] {dag.py:3722} INFO - Setting next_dagrun for example_external_task_marker_child to None, run_after=None
[2023-11-22T21:08:17.954+0000] {logging_mixin.py:154} INFO - [2023-11-22T21:08:17.954+0000] {dag.py:3722} INFO - Setting next_dagrun for example_external_task_marker_parent to None, run_after=None
[2023-11-22T21:08:17.976+0000] {processor.py:179} INFO - Processing /home/airflow/.local/lib/python3.8/site-packages/airflow/example_dags/example_external_task_marker_dag.py took 0.080 seconds
[2023-11-22T21:08:48.539+0000] {processor.py:157} INFO - Started process (PID=2342) to work on /home/airflow/.local/lib/python3.8/site-packages/airflow/example_dags/example_external_task_marker_dag.py
[2023-11-22T21:08:48.540+0000] {processor.py:829} INFO - Processing file /home/airflow/.local/lib/python3.8/site-packages/airflow/example_dags/example_external_task_marker_dag.py for tasks to queue
[2023-11-22T21:08:48.543+0000] {logging_mixin.py:154} INFO - [2023-11-22T21:08:48.543+0000] {dagbag.py:536} INFO - Filling up the DagBag from /home/airflow/.local/lib/python3.8/site-packages/airflow/example_dags/example_external_task_marker_dag.py
[2023-11-22T21:08:48.550+0000] {processor.py:839} INFO - DAG(s) dict_keys(['example_external_task_marker_child', 'example_external_task_marker_parent']) retrieved from /home/airflow/.local/lib/python3.8/site-packages/airflow/example_dags/example_external_task_marker_dag.py
[2023-11-22T21:08:48.578+0000] {logging_mixin.py:154} INFO - [2023-11-22T21:08:48.578+0000] {dag.py:2941} INFO - Sync 2 DAGs
[2023-11-22T21:08:48.593+0000] {logging_mixin.py:154} INFO - [2023-11-22T21:08:48.593+0000] {dag.py:3722} INFO - Setting next_dagrun for example_external_task_marker_child to None, run_after=None
[2023-11-22T21:08:48.597+0000] {logging_mixin.py:154} INFO - [2023-11-22T21:08:48.597+0000] {dag.py:3722} INFO - Setting next_dagrun for example_external_task_marker_parent to None, run_after=None
[2023-11-22T21:08:48.617+0000] {processor.py:179} INFO - Processing /home/airflow/.local/lib/python3.8/site-packages/airflow/example_dags/example_external_task_marker_dag.py took 0.081 seconds
[2023-11-22T21:09:18.933+0000] {processor.py:157} INFO - Started process (PID=2396) to work on /home/airflow/.local/lib/python3.8/site-packages/airflow/example_dags/example_external_task_marker_dag.py
[2023-11-22T21:09:18.934+0000] {processor.py:829} INFO - Processing file /home/airflow/.local/lib/python3.8/site-packages/airflow/example_dags/example_external_task_marker_dag.py for tasks to queue
[2023-11-22T21:09:18.937+0000] {logging_mixin.py:154} INFO - [2023-11-22T21:09:18.937+0000] {dagbag.py:536} INFO - Filling up the DagBag from /home/airflow/.local/lib/python3.8/site-packages/airflow/example_dags/example_external_task_marker_dag.py
[2023-11-22T21:09:18.943+0000] {processor.py:839} INFO - DAG(s) dict_keys(['example_external_task_marker_child', 'example_external_task_marker_parent']) retrieved from /home/airflow/.local/lib/python3.8/site-packages/airflow/example_dags/example_external_task_marker_dag.py
[2023-11-22T21:09:18.968+0000] {logging_mixin.py:154} INFO - [2023-11-22T21:09:18.967+0000] {dag.py:2941} INFO - Sync 2 DAGs
[2023-11-22T21:09:18.981+0000] {logging_mixin.py:154} INFO - [2023-11-22T21:09:18.980+0000] {dag.py:3722} INFO - Setting next_dagrun for example_external_task_marker_child to None, run_after=None
[2023-11-22T21:09:18.984+0000] {logging_mixin.py:154} INFO - [2023-11-22T21:09:18.984+0000] {dag.py:3722} INFO - Setting next_dagrun for example_external_task_marker_parent to None, run_after=None
[2023-11-22T21:09:19.006+0000] {processor.py:179} INFO - Processing /home/airflow/.local/lib/python3.8/site-packages/airflow/example_dags/example_external_task_marker_dag.py took 0.077 seconds
[2023-11-22T21:09:49.174+0000] {processor.py:157} INFO - Started process (PID=2450) to work on /home/airflow/.local/lib/python3.8/site-packages/airflow/example_dags/example_external_task_marker_dag.py
[2023-11-22T21:09:49.176+0000] {processor.py:829} INFO - Processing file /home/airflow/.local/lib/python3.8/site-packages/airflow/example_dags/example_external_task_marker_dag.py for tasks to queue
[2023-11-22T21:09:49.181+0000] {logging_mixin.py:154} INFO - [2023-11-22T21:09:49.180+0000] {dagbag.py:536} INFO - Filling up the DagBag from /home/airflow/.local/lib/python3.8/site-packages/airflow/example_dags/example_external_task_marker_dag.py
[2023-11-22T21:09:49.189+0000] {processor.py:839} INFO - DAG(s) dict_keys(['example_external_task_marker_child', 'example_external_task_marker_parent']) retrieved from /home/airflow/.local/lib/python3.8/site-packages/airflow/example_dags/example_external_task_marker_dag.py
[2023-11-22T21:09:49.214+0000] {logging_mixin.py:154} INFO - [2023-11-22T21:09:49.214+0000] {dag.py:2941} INFO - Sync 2 DAGs
[2023-11-22T21:09:49.228+0000] {logging_mixin.py:154} INFO - [2023-11-22T21:09:49.227+0000] {dag.py:3722} INFO - Setting next_dagrun for example_external_task_marker_child to None, run_after=None
[2023-11-22T21:09:49.231+0000] {logging_mixin.py:154} INFO - [2023-11-22T21:09:49.231+0000] {dag.py:3722} INFO - Setting next_dagrun for example_external_task_marker_parent to None, run_after=None
[2023-11-22T21:09:49.250+0000] {processor.py:179} INFO - Processing /home/airflow/.local/lib/python3.8/site-packages/airflow/example_dags/example_external_task_marker_dag.py took 0.082 seconds
[2023-11-22T21:10:19.665+0000] {processor.py:157} INFO - Started process (PID=2504) to work on /home/airflow/.local/lib/python3.8/site-packages/airflow/example_dags/example_external_task_marker_dag.py
[2023-11-22T21:10:19.666+0000] {processor.py:829} INFO - Processing file /home/airflow/.local/lib/python3.8/site-packages/airflow/example_dags/example_external_task_marker_dag.py for tasks to queue
[2023-11-22T21:10:19.669+0000] {logging_mixin.py:154} INFO - [2023-11-22T21:10:19.669+0000] {dagbag.py:536} INFO - Filling up the DagBag from /home/airflow/.local/lib/python3.8/site-packages/airflow/example_dags/example_external_task_marker_dag.py
[2023-11-22T21:10:19.676+0000] {processor.py:839} INFO - DAG(s) dict_keys(['example_external_task_marker_parent', 'example_external_task_marker_child']) retrieved from /home/airflow/.local/lib/python3.8/site-packages/airflow/example_dags/example_external_task_marker_dag.py
[2023-11-22T21:10:19.705+0000] {logging_mixin.py:154} INFO - [2023-11-22T21:10:19.704+0000] {dag.py:2941} INFO - Sync 2 DAGs
[2023-11-22T21:10:19.719+0000] {logging_mixin.py:154} INFO - [2023-11-22T21:10:19.719+0000] {dag.py:3722} INFO - Setting next_dagrun for example_external_task_marker_child to None, run_after=None
[2023-11-22T21:10:19.723+0000] {logging_mixin.py:154} INFO - [2023-11-22T21:10:19.723+0000] {dag.py:3722} INFO - Setting next_dagrun for example_external_task_marker_parent to None, run_after=None
[2023-11-22T21:10:19.749+0000] {processor.py:179} INFO - Processing /home/airflow/.local/lib/python3.8/site-packages/airflow/example_dags/example_external_task_marker_dag.py took 0.088 seconds
[2023-11-22T21:10:50.078+0000] {processor.py:157} INFO - Started process (PID=2558) to work on /home/airflow/.local/lib/python3.8/site-packages/airflow/example_dags/example_external_task_marker_dag.py
[2023-11-22T21:10:50.079+0000] {processor.py:829} INFO - Processing file /home/airflow/.local/lib/python3.8/site-packages/airflow/example_dags/example_external_task_marker_dag.py for tasks to queue
[2023-11-22T21:10:50.083+0000] {logging_mixin.py:154} INFO - [2023-11-22T21:10:50.082+0000] {dagbag.py:536} INFO - Filling up the DagBag from /home/airflow/.local/lib/python3.8/site-packages/airflow/example_dags/example_external_task_marker_dag.py
[2023-11-22T21:10:50.091+0000] {processor.py:839} INFO - DAG(s) dict_keys(['example_external_task_marker_child', 'example_external_task_marker_parent']) retrieved from /home/airflow/.local/lib/python3.8/site-packages/airflow/example_dags/example_external_task_marker_dag.py
[2023-11-22T21:10:50.119+0000] {logging_mixin.py:154} INFO - [2023-11-22T21:10:50.119+0000] {dag.py:2941} INFO - Sync 2 DAGs
[2023-11-22T21:10:50.133+0000] {logging_mixin.py:154} INFO - [2023-11-22T21:10:50.133+0000] {dag.py:3722} INFO - Setting next_dagrun for example_external_task_marker_child to None, run_after=None
[2023-11-22T21:10:50.137+0000] {logging_mixin.py:154} INFO - [2023-11-22T21:10:50.137+0000] {dag.py:3722} INFO - Setting next_dagrun for example_external_task_marker_parent to None, run_after=None
[2023-11-22T21:10:50.165+0000] {processor.py:179} INFO - Processing /home/airflow/.local/lib/python3.8/site-packages/airflow/example_dags/example_external_task_marker_dag.py took 0.090 seconds
[2023-11-22T21:11:21.033+0000] {processor.py:157} INFO - Started process (PID=2612) to work on /home/airflow/.local/lib/python3.8/site-packages/airflow/example_dags/example_external_task_marker_dag.py
[2023-11-22T21:11:21.035+0000] {processor.py:829} INFO - Processing file /home/airflow/.local/lib/python3.8/site-packages/airflow/example_dags/example_external_task_marker_dag.py for tasks to queue
[2023-11-22T21:11:21.037+0000] {logging_mixin.py:154} INFO - [2023-11-22T21:11:21.037+0000] {dagbag.py:536} INFO - Filling up the DagBag from /home/airflow/.local/lib/python3.8/site-packages/airflow/example_dags/example_external_task_marker_dag.py
[2023-11-22T21:11:21.043+0000] {processor.py:839} INFO - DAG(s) dict_keys(['example_external_task_marker_child', 'example_external_task_marker_parent']) retrieved from /home/airflow/.local/lib/python3.8/site-packages/airflow/example_dags/example_external_task_marker_dag.py
[2023-11-22T21:11:21.070+0000] {logging_mixin.py:154} INFO - [2023-11-22T21:11:21.070+0000] {dag.py:2941} INFO - Sync 2 DAGs
[2023-11-22T21:11:21.084+0000] {logging_mixin.py:154} INFO - [2023-11-22T21:11:21.084+0000] {dag.py:3722} INFO - Setting next_dagrun for example_external_task_marker_child to None, run_after=None
[2023-11-22T21:11:21.088+0000] {logging_mixin.py:154} INFO - [2023-11-22T21:11:21.088+0000] {dag.py:3722} INFO - Setting next_dagrun for example_external_task_marker_parent to None, run_after=None
[2023-11-22T21:11:21.111+0000] {processor.py:179} INFO - Processing /home/airflow/.local/lib/python3.8/site-packages/airflow/example_dags/example_external_task_marker_dag.py took 0.081 seconds
[2023-11-22T21:11:51.449+0000] {processor.py:157} INFO - Started process (PID=2666) to work on /home/airflow/.local/lib/python3.8/site-packages/airflow/example_dags/example_external_task_marker_dag.py
[2023-11-22T21:11:51.451+0000] {processor.py:829} INFO - Processing file /home/airflow/.local/lib/python3.8/site-packages/airflow/example_dags/example_external_task_marker_dag.py for tasks to queue
[2023-11-22T21:11:51.454+0000] {logging_mixin.py:154} INFO - [2023-11-22T21:11:51.454+0000] {dagbag.py:536} INFO - Filling up the DagBag from /home/airflow/.local/lib/python3.8/site-packages/airflow/example_dags/example_external_task_marker_dag.py
[2023-11-22T21:11:51.466+0000] {processor.py:839} INFO - DAG(s) dict_keys(['example_external_task_marker_child', 'example_external_task_marker_parent']) retrieved from /home/airflow/.local/lib/python3.8/site-packages/airflow/example_dags/example_external_task_marker_dag.py
