[2023-11-22T20:46:54.166+0000] {processor.py:157} INFO - Started process (PID=60) to work on /home/airflow/.local/lib/python3.8/site-packages/airflow/example_dags/example_setup_teardown_taskflow.py
[2023-11-22T20:46:54.168+0000] {processor.py:829} INFO - Processing file /home/airflow/.local/lib/python3.8/site-packages/airflow/example_dags/example_setup_teardown_taskflow.py for tasks to queue
[2023-11-22T20:46:54.174+0000] {logging_mixin.py:154} INFO - [2023-11-22T20:46:54.171+0000] {dagbag.py:536} INFO - Filling up the DagBag from /home/airflow/.local/lib/python3.8/site-packages/airflow/example_dags/example_setup_teardown_taskflow.py
[2023-11-22T20:46:54.272+0000] {processor.py:839} INFO - DAG(s) dict_keys(['example_setup_teardown_taskflow']) retrieved from /home/airflow/.local/lib/python3.8/site-packages/airflow/example_dags/example_setup_teardown_taskflow.py
[2023-11-22T20:47:01.656+0000] {logging_mixin.py:154} INFO - [2023-11-22T20:47:01.656+0000] {dag.py:2941} INFO - Sync 1 DAGs
[2023-11-22T20:47:01.682+0000] {logging_mixin.py:154} INFO - [2023-11-22T20:47:01.682+0000] {dag.py:3722} INFO - Setting next_dagrun for example_setup_teardown_taskflow to 2023-11-21T20:47:01.682147+00:00, run_after=2023-11-22T20:47:01.682147+00:00
[2023-11-22T20:47:01.834+0000] {processor.py:179} INFO - Processing /home/airflow/.local/lib/python3.8/site-packages/airflow/example_dags/example_setup_teardown_taskflow.py took 7.672 seconds
[2023-11-22T20:47:32.568+0000] {processor.py:157} INFO - Started process (PID=114) to work on /home/airflow/.local/lib/python3.8/site-packages/airflow/example_dags/example_setup_teardown_taskflow.py
[2023-11-22T20:47:32.574+0000] {processor.py:829} INFO - Processing file /home/airflow/.local/lib/python3.8/site-packages/airflow/example_dags/example_setup_teardown_taskflow.py for tasks to queue
[2023-11-22T20:47:32.581+0000] {logging_mixin.py:154} INFO - [2023-11-22T20:47:32.580+0000] {dagbag.py:536} INFO - Filling up the DagBag from /home/airflow/.local/lib/python3.8/site-packages/airflow/example_dags/example_setup_teardown_taskflow.py
[2023-11-22T20:47:32.599+0000] {processor.py:839} INFO - DAG(s) dict_keys(['example_setup_teardown_taskflow']) retrieved from /home/airflow/.local/lib/python3.8/site-packages/airflow/example_dags/example_setup_teardown_taskflow.py
[2023-11-22T20:47:32.631+0000] {logging_mixin.py:154} INFO - [2023-11-22T20:47:32.631+0000] {dag.py:2941} INFO - Sync 1 DAGs
[2023-11-22T20:47:32.669+0000] {logging_mixin.py:154} INFO - [2023-11-22T20:47:32.669+0000] {dag.py:3722} INFO - Setting next_dagrun for example_setup_teardown_taskflow to 2023-11-21T20:47:32.668785+00:00, run_after=2023-11-22T20:47:32.668785+00:00
[2023-11-22T20:47:32.698+0000] {processor.py:179} INFO - Processing /home/airflow/.local/lib/python3.8/site-packages/airflow/example_dags/example_setup_teardown_taskflow.py took 0.154 seconds
[2023-11-22T20:48:03.651+0000] {processor.py:157} INFO - Started process (PID=168) to work on /home/airflow/.local/lib/python3.8/site-packages/airflow/example_dags/example_setup_teardown_taskflow.py
[2023-11-22T20:48:03.653+0000] {processor.py:829} INFO - Processing file /home/airflow/.local/lib/python3.8/site-packages/airflow/example_dags/example_setup_teardown_taskflow.py for tasks to queue
[2023-11-22T20:48:03.657+0000] {logging_mixin.py:154} INFO - [2023-11-22T20:48:03.657+0000] {dagbag.py:536} INFO - Filling up the DagBag from /home/airflow/.local/lib/python3.8/site-packages/airflow/example_dags/example_setup_teardown_taskflow.py
[2023-11-22T20:48:03.678+0000] {processor.py:839} INFO - DAG(s) dict_keys(['example_setup_teardown_taskflow']) retrieved from /home/airflow/.local/lib/python3.8/site-packages/airflow/example_dags/example_setup_teardown_taskflow.py
[2023-11-22T20:48:03.725+0000] {logging_mixin.py:154} INFO - [2023-11-22T20:48:03.725+0000] {dag.py:2941} INFO - Sync 1 DAGs
[2023-11-22T20:48:03.792+0000] {logging_mixin.py:154} INFO - [2023-11-22T20:48:03.792+0000] {dag.py:3722} INFO - Setting next_dagrun for example_setup_teardown_taskflow to 2023-11-21T20:48:03.791569+00:00, run_after=2023-11-22T20:48:03.791569+00:00
[2023-11-22T20:48:03.829+0000] {processor.py:179} INFO - Processing /home/airflow/.local/lib/python3.8/site-packages/airflow/example_dags/example_setup_teardown_taskflow.py took 0.183 seconds
[2023-11-22T20:48:34.588+0000] {processor.py:157} INFO - Started process (PID=222) to work on /home/airflow/.local/lib/python3.8/site-packages/airflow/example_dags/example_setup_teardown_taskflow.py
[2023-11-22T20:48:34.591+0000] {processor.py:829} INFO - Processing file /home/airflow/.local/lib/python3.8/site-packages/airflow/example_dags/example_setup_teardown_taskflow.py for tasks to queue
[2023-11-22T20:48:34.595+0000] {logging_mixin.py:154} INFO - [2023-11-22T20:48:34.594+0000] {dagbag.py:536} INFO - Filling up the DagBag from /home/airflow/.local/lib/python3.8/site-packages/airflow/example_dags/example_setup_teardown_taskflow.py
[2023-11-22T20:48:34.609+0000] {processor.py:839} INFO - DAG(s) dict_keys(['example_setup_teardown_taskflow']) retrieved from /home/airflow/.local/lib/python3.8/site-packages/airflow/example_dags/example_setup_teardown_taskflow.py
[2023-11-22T20:48:34.641+0000] {logging_mixin.py:154} INFO - [2023-11-22T20:48:34.641+0000] {dag.py:2941} INFO - Sync 1 DAGs
[2023-11-22T20:48:34.673+0000] {logging_mixin.py:154} INFO - [2023-11-22T20:48:34.673+0000] {dag.py:3722} INFO - Setting next_dagrun for example_setup_teardown_taskflow to 2023-11-21T20:48:34.673272+00:00, run_after=2023-11-22T20:48:34.673272+00:00
[2023-11-22T20:48:34.698+0000] {processor.py:179} INFO - Processing /home/airflow/.local/lib/python3.8/site-packages/airflow/example_dags/example_setup_teardown_taskflow.py took 0.119 seconds
[2023-11-22T20:49:05.121+0000] {processor.py:157} INFO - Started process (PID=276) to work on /home/airflow/.local/lib/python3.8/site-packages/airflow/example_dags/example_setup_teardown_taskflow.py
[2023-11-22T20:49:05.123+0000] {processor.py:829} INFO - Processing file /home/airflow/.local/lib/python3.8/site-packages/airflow/example_dags/example_setup_teardown_taskflow.py for tasks to queue
[2023-11-22T20:49:05.127+0000] {logging_mixin.py:154} INFO - [2023-11-22T20:49:05.127+0000] {dagbag.py:536} INFO - Filling up the DagBag from /home/airflow/.local/lib/python3.8/site-packages/airflow/example_dags/example_setup_teardown_taskflow.py
[2023-11-22T20:49:05.138+0000] {processor.py:839} INFO - DAG(s) dict_keys(['example_setup_teardown_taskflow']) retrieved from /home/airflow/.local/lib/python3.8/site-packages/airflow/example_dags/example_setup_teardown_taskflow.py
[2023-11-22T20:49:05.164+0000] {logging_mixin.py:154} INFO - [2023-11-22T20:49:05.164+0000] {dag.py:2941} INFO - Sync 1 DAGs
[2023-11-22T20:49:05.192+0000] {logging_mixin.py:154} INFO - [2023-11-22T20:49:05.192+0000] {dag.py:3722} INFO - Setting next_dagrun for example_setup_teardown_taskflow to 2023-11-21T20:49:05.192352+00:00, run_after=2023-11-22T20:49:05.192352+00:00
[2023-11-22T20:49:05.221+0000] {processor.py:179} INFO - Processing /home/airflow/.local/lib/python3.8/site-packages/airflow/example_dags/example_setup_teardown_taskflow.py took 0.104 seconds
[2023-11-22T20:49:35.294+0000] {processor.py:157} INFO - Started process (PID=330) to work on /home/airflow/.local/lib/python3.8/site-packages/airflow/example_dags/example_setup_teardown_taskflow.py
[2023-11-22T20:49:35.295+0000] {processor.py:829} INFO - Processing file /home/airflow/.local/lib/python3.8/site-packages/airflow/example_dags/example_setup_teardown_taskflow.py for tasks to queue
[2023-11-22T20:49:35.298+0000] {logging_mixin.py:154} INFO - [2023-11-22T20:49:35.298+0000] {dagbag.py:536} INFO - Filling up the DagBag from /home/airflow/.local/lib/python3.8/site-packages/airflow/example_dags/example_setup_teardown_taskflow.py
[2023-11-22T20:49:35.307+0000] {processor.py:839} INFO - DAG(s) dict_keys(['example_setup_teardown_taskflow']) retrieved from /home/airflow/.local/lib/python3.8/site-packages/airflow/example_dags/example_setup_teardown_taskflow.py
[2023-11-22T20:49:35.329+0000] {logging_mixin.py:154} INFO - [2023-11-22T20:49:35.329+0000] {dag.py:2941} INFO - Sync 1 DAGs
[2023-11-22T20:49:35.350+0000] {logging_mixin.py:154} INFO - [2023-11-22T20:49:35.350+0000] {dag.py:3722} INFO - Setting next_dagrun for example_setup_teardown_taskflow to 2023-11-21T20:49:35.350077+00:00, run_after=2023-11-22T20:49:35.350077+00:00
[2023-11-22T20:49:35.370+0000] {processor.py:179} INFO - Processing /home/airflow/.local/lib/python3.8/site-packages/airflow/example_dags/example_setup_teardown_taskflow.py took 0.079 seconds
[2023-11-22T20:50:06.210+0000] {processor.py:157} INFO - Started process (PID=384) to work on /home/airflow/.local/lib/python3.8/site-packages/airflow/example_dags/example_setup_teardown_taskflow.py
[2023-11-22T20:50:06.213+0000] {processor.py:829} INFO - Processing file /home/airflow/.local/lib/python3.8/site-packages/airflow/example_dags/example_setup_teardown_taskflow.py for tasks to queue
[2023-11-22T20:50:06.216+0000] {logging_mixin.py:154} INFO - [2023-11-22T20:50:06.215+0000] {dagbag.py:536} INFO - Filling up the DagBag from /home/airflow/.local/lib/python3.8/site-packages/airflow/example_dags/example_setup_teardown_taskflow.py
[2023-11-22T20:50:06.228+0000] {processor.py:839} INFO - DAG(s) dict_keys(['example_setup_teardown_taskflow']) retrieved from /home/airflow/.local/lib/python3.8/site-packages/airflow/example_dags/example_setup_teardown_taskflow.py
[2023-11-22T20:50:06.258+0000] {logging_mixin.py:154} INFO - [2023-11-22T20:50:06.258+0000] {dag.py:2941} INFO - Sync 1 DAGs
[2023-11-22T20:50:06.283+0000] {logging_mixin.py:154} INFO - [2023-11-22T20:50:06.283+0000] {dag.py:3722} INFO - Setting next_dagrun for example_setup_teardown_taskflow to 2023-11-21T20:50:06.283536+00:00, run_after=2023-11-22T20:50:06.283536+00:00
[2023-11-22T20:50:06.311+0000] {processor.py:179} INFO - Processing /home/airflow/.local/lib/python3.8/site-packages/airflow/example_dags/example_setup_teardown_taskflow.py took 0.107 seconds
[2023-11-22T20:50:36.438+0000] {processor.py:157} INFO - Started process (PID=438) to work on /home/airflow/.local/lib/python3.8/site-packages/airflow/example_dags/example_setup_teardown_taskflow.py
[2023-11-22T20:50:36.445+0000] {processor.py:829} INFO - Processing file /home/airflow/.local/lib/python3.8/site-packages/airflow/example_dags/example_setup_teardown_taskflow.py for tasks to queue
[2023-11-22T20:50:36.449+0000] {logging_mixin.py:154} INFO - [2023-11-22T20:50:36.449+0000] {dagbag.py:536} INFO - Filling up the DagBag from /home/airflow/.local/lib/python3.8/site-packages/airflow/example_dags/example_setup_teardown_taskflow.py
[2023-11-22T20:50:36.463+0000] {processor.py:839} INFO - DAG(s) dict_keys(['example_setup_teardown_taskflow']) retrieved from /home/airflow/.local/lib/python3.8/site-packages/airflow/example_dags/example_setup_teardown_taskflow.py
[2023-11-22T20:50:36.493+0000] {logging_mixin.py:154} INFO - [2023-11-22T20:50:36.492+0000] {dag.py:2941} INFO - Sync 1 DAGs
[2023-11-22T20:50:36.521+0000] {logging_mixin.py:154} INFO - [2023-11-22T20:50:36.521+0000] {dag.py:3722} INFO - Setting next_dagrun for example_setup_teardown_taskflow to 2023-11-21T20:50:36.521040+00:00, run_after=2023-11-22T20:50:36.521040+00:00
[2023-11-22T20:50:36.544+0000] {processor.py:179} INFO - Processing /home/airflow/.local/lib/python3.8/site-packages/airflow/example_dags/example_setup_teardown_taskflow.py took 0.112 seconds
[2023-11-22T20:51:07.089+0000] {processor.py:157} INFO - Started process (PID=492) to work on /home/airflow/.local/lib/python3.8/site-packages/airflow/example_dags/example_setup_teardown_taskflow.py
[2023-11-22T20:51:07.093+0000] {processor.py:829} INFO - Processing file /home/airflow/.local/lib/python3.8/site-packages/airflow/example_dags/example_setup_teardown_taskflow.py for tasks to queue
[2023-11-22T20:51:07.097+0000] {logging_mixin.py:154} INFO - [2023-11-22T20:51:07.097+0000] {dagbag.py:536} INFO - Filling up the DagBag from /home/airflow/.local/lib/python3.8/site-packages/airflow/example_dags/example_setup_teardown_taskflow.py
[2023-11-22T20:51:07.111+0000] {processor.py:839} INFO - DAG(s) dict_keys(['example_setup_teardown_taskflow']) retrieved from /home/airflow/.local/lib/python3.8/site-packages/airflow/example_dags/example_setup_teardown_taskflow.py
[2023-11-22T20:51:07.140+0000] {logging_mixin.py:154} INFO - [2023-11-22T20:51:07.140+0000] {dag.py:2941} INFO - Sync 1 DAGs
[2023-11-22T20:51:07.171+0000] {logging_mixin.py:154} INFO - [2023-11-22T20:51:07.171+0000] {dag.py:3722} INFO - Setting next_dagrun for example_setup_teardown_taskflow to 2023-11-21T20:51:07.171487+00:00, run_after=2023-11-22T20:51:07.171487+00:00
[2023-11-22T20:51:07.247+0000] {processor.py:179} INFO - Processing /home/airflow/.local/lib/python3.8/site-packages/airflow/example_dags/example_setup_teardown_taskflow.py took 0.163 seconds
[2023-11-22T20:51:37.474+0000] {processor.py:157} INFO - Started process (PID=546) to work on /home/airflow/.local/lib/python3.8/site-packages/airflow/example_dags/example_setup_teardown_taskflow.py
[2023-11-22T20:51:37.476+0000] {processor.py:829} INFO - Processing file /home/airflow/.local/lib/python3.8/site-packages/airflow/example_dags/example_setup_teardown_taskflow.py for tasks to queue
[2023-11-22T20:51:37.478+0000] {logging_mixin.py:154} INFO - [2023-11-22T20:51:37.478+0000] {dagbag.py:536} INFO - Filling up the DagBag from /home/airflow/.local/lib/python3.8/site-packages/airflow/example_dags/example_setup_teardown_taskflow.py
[2023-11-22T20:51:37.493+0000] {processor.py:839} INFO - DAG(s) dict_keys(['example_setup_teardown_taskflow']) retrieved from /home/airflow/.local/lib/python3.8/site-packages/airflow/example_dags/example_setup_teardown_taskflow.py
[2023-11-22T20:51:37.522+0000] {logging_mixin.py:154} INFO - [2023-11-22T20:51:37.521+0000] {dag.py:2941} INFO - Sync 1 DAGs
[2023-11-22T20:51:37.554+0000] {logging_mixin.py:154} INFO - [2023-11-22T20:51:37.553+0000] {dag.py:3722} INFO - Setting next_dagrun for example_setup_teardown_taskflow to 2023-11-21T20:51:37.553532+00:00, run_after=2023-11-22T20:51:37.553532+00:00
[2023-11-22T20:51:37.577+0000] {processor.py:179} INFO - Processing /home/airflow/.local/lib/python3.8/site-packages/airflow/example_dags/example_setup_teardown_taskflow.py took 0.106 seconds
[2023-11-22T20:52:27.658+0000] {processor.py:157} INFO - Started process (PID=604) to work on /home/airflow/.local/lib/python3.8/site-packages/airflow/example_dags/example_setup_teardown_taskflow.py
[2023-11-22T20:52:27.660+0000] {processor.py:829} INFO - Processing file /home/airflow/.local/lib/python3.8/site-packages/airflow/example_dags/example_setup_teardown_taskflow.py for tasks to queue
[2023-11-22T20:52:27.664+0000] {logging_mixin.py:154} INFO - [2023-11-22T20:52:27.663+0000] {dagbag.py:536} INFO - Filling up the DagBag from /home/airflow/.local/lib/python3.8/site-packages/airflow/example_dags/example_setup_teardown_taskflow.py
[2023-11-22T20:52:27.678+0000] {processor.py:839} INFO - DAG(s) dict_keys(['example_setup_teardown_taskflow']) retrieved from /home/airflow/.local/lib/python3.8/site-packages/airflow/example_dags/example_setup_teardown_taskflow.py
[2023-11-22T20:52:27.764+0000] {logging_mixin.py:154} INFO - [2023-11-22T20:52:27.763+0000] {dag.py:2941} INFO - Sync 1 DAGs
[2023-11-22T20:52:27.805+0000] {logging_mixin.py:154} INFO - [2023-11-22T20:52:27.805+0000] {dag.py:3722} INFO - Setting next_dagrun for example_setup_teardown_taskflow to 2023-11-21T20:52:27.804835+00:00, run_after=2023-11-22T20:52:27.804835+00:00
[2023-11-22T20:52:28.479+0000] {processor.py:179} INFO - Processing /home/airflow/.local/lib/python3.8/site-packages/airflow/example_dags/example_setup_teardown_taskflow.py took 0.825 seconds
[2023-11-22T20:52:58.724+0000] {processor.py:157} INFO - Started process (PID=657) to work on /home/airflow/.local/lib/python3.8/site-packages/airflow/example_dags/example_setup_teardown_taskflow.py
[2023-11-22T20:52:58.725+0000] {processor.py:829} INFO - Processing file /home/airflow/.local/lib/python3.8/site-packages/airflow/example_dags/example_setup_teardown_taskflow.py for tasks to queue
[2023-11-22T20:52:58.729+0000] {logging_mixin.py:154} INFO - [2023-11-22T20:52:58.728+0000] {dagbag.py:536} INFO - Filling up the DagBag from /home/airflow/.local/lib/python3.8/site-packages/airflow/example_dags/example_setup_teardown_taskflow.py
[2023-11-22T20:52:58.741+0000] {processor.py:839} INFO - DAG(s) dict_keys(['example_setup_teardown_taskflow']) retrieved from /home/airflow/.local/lib/python3.8/site-packages/airflow/example_dags/example_setup_teardown_taskflow.py
[2023-11-22T20:52:58.765+0000] {logging_mixin.py:154} INFO - [2023-11-22T20:52:58.765+0000] {dag.py:2941} INFO - Sync 1 DAGs
[2023-11-22T20:52:58.790+0000] {logging_mixin.py:154} INFO - [2023-11-22T20:52:58.789+0000] {dag.py:3722} INFO - Setting next_dagrun for example_setup_teardown_taskflow to 2023-11-21T20:52:58.789721+00:00, run_after=2023-11-22T20:52:58.789721+00:00
[2023-11-22T20:52:58.820+0000] {processor.py:179} INFO - Processing /home/airflow/.local/lib/python3.8/site-packages/airflow/example_dags/example_setup_teardown_taskflow.py took 0.101 seconds
[2023-11-22T20:53:29.198+0000] {processor.py:157} INFO - Started process (PID=712) to work on /home/airflow/.local/lib/python3.8/site-packages/airflow/example_dags/example_setup_teardown_taskflow.py
[2023-11-22T20:53:29.199+0000] {processor.py:829} INFO - Processing file /home/airflow/.local/lib/python3.8/site-packages/airflow/example_dags/example_setup_teardown_taskflow.py for tasks to queue
[2023-11-22T20:53:29.203+0000] {logging_mixin.py:154} INFO - [2023-11-22T20:53:29.202+0000] {dagbag.py:536} INFO - Filling up the DagBag from /home/airflow/.local/lib/python3.8/site-packages/airflow/example_dags/example_setup_teardown_taskflow.py
[2023-11-22T20:53:29.213+0000] {processor.py:839} INFO - DAG(s) dict_keys(['example_setup_teardown_taskflow']) retrieved from /home/airflow/.local/lib/python3.8/site-packages/airflow/example_dags/example_setup_teardown_taskflow.py
[2023-11-22T20:53:29.239+0000] {logging_mixin.py:154} INFO - [2023-11-22T20:53:29.239+0000] {dag.py:2941} INFO - Sync 1 DAGs
[2023-11-22T20:53:29.274+0000] {logging_mixin.py:154} INFO - [2023-11-22T20:53:29.274+0000] {dag.py:3722} INFO - Setting next_dagrun for example_setup_teardown_taskflow to 2023-11-21T20:53:29.274226+00:00, run_after=2023-11-22T20:53:29.274226+00:00
[2023-11-22T20:53:29.336+0000] {processor.py:179} INFO - Processing /home/airflow/.local/lib/python3.8/site-packages/airflow/example_dags/example_setup_teardown_taskflow.py took 0.141 seconds
[2023-11-22T20:53:59.398+0000] {processor.py:157} INFO - Started process (PID=767) to work on /home/airflow/.local/lib/python3.8/site-packages/airflow/example_dags/example_setup_teardown_taskflow.py
[2023-11-22T20:53:59.400+0000] {processor.py:829} INFO - Processing file /home/airflow/.local/lib/python3.8/site-packages/airflow/example_dags/example_setup_teardown_taskflow.py for tasks to queue
[2023-11-22T20:53:59.404+0000] {logging_mixin.py:154} INFO - [2023-11-22T20:53:59.403+0000] {dagbag.py:536} INFO - Filling up the DagBag from /home/airflow/.local/lib/python3.8/site-packages/airflow/example_dags/example_setup_teardown_taskflow.py
[2023-11-22T20:53:59.416+0000] {processor.py:839} INFO - DAG(s) dict_keys(['example_setup_teardown_taskflow']) retrieved from /home/airflow/.local/lib/python3.8/site-packages/airflow/example_dags/example_setup_teardown_taskflow.py
[2023-11-22T20:53:59.440+0000] {logging_mixin.py:154} INFO - [2023-11-22T20:53:59.440+0000] {dag.py:2941} INFO - Sync 1 DAGs
[2023-11-22T20:53:59.465+0000] {logging_mixin.py:154} INFO - [2023-11-22T20:53:59.464+0000] {dag.py:3722} INFO - Setting next_dagrun for example_setup_teardown_taskflow to 2023-11-21T20:53:59.464676+00:00, run_after=2023-11-22T20:53:59.464676+00:00
[2023-11-22T20:53:59.486+0000] {processor.py:179} INFO - Processing /home/airflow/.local/lib/python3.8/site-packages/airflow/example_dags/example_setup_teardown_taskflow.py took 0.092 seconds
[2023-11-22T20:54:30.242+0000] {processor.py:157} INFO - Started process (PID=821) to work on /home/airflow/.local/lib/python3.8/site-packages/airflow/example_dags/example_setup_teardown_taskflow.py
[2023-11-22T20:54:30.244+0000] {processor.py:829} INFO - Processing file /home/airflow/.local/lib/python3.8/site-packages/airflow/example_dags/example_setup_teardown_taskflow.py for tasks to queue
[2023-11-22T20:54:30.247+0000] {logging_mixin.py:154} INFO - [2023-11-22T20:54:30.247+0000] {dagbag.py:536} INFO - Filling up the DagBag from /home/airflow/.local/lib/python3.8/site-packages/airflow/example_dags/example_setup_teardown_taskflow.py
[2023-11-22T20:54:30.259+0000] {processor.py:839} INFO - DAG(s) dict_keys(['example_setup_teardown_taskflow']) retrieved from /home/airflow/.local/lib/python3.8/site-packages/airflow/example_dags/example_setup_teardown_taskflow.py
[2023-11-22T20:54:30.283+0000] {logging_mixin.py:154} INFO - [2023-11-22T20:54:30.282+0000] {dag.py:2941} INFO - Sync 1 DAGs
[2023-11-22T20:54:30.308+0000] {logging_mixin.py:154} INFO - [2023-11-22T20:54:30.307+0000] {dag.py:3722} INFO - Setting next_dagrun for example_setup_teardown_taskflow to 2023-11-21T20:54:30.307542+00:00, run_after=2023-11-22T20:54:30.307542+00:00
[2023-11-22T20:54:30.330+0000] {processor.py:179} INFO - Processing /home/airflow/.local/lib/python3.8/site-packages/airflow/example_dags/example_setup_teardown_taskflow.py took 0.092 seconds
[2023-11-22T20:55:00.848+0000] {processor.py:157} INFO - Started process (PID=875) to work on /home/airflow/.local/lib/python3.8/site-packages/airflow/example_dags/example_setup_teardown_taskflow.py
[2023-11-22T20:55:00.849+0000] {processor.py:829} INFO - Processing file /home/airflow/.local/lib/python3.8/site-packages/airflow/example_dags/example_setup_teardown_taskflow.py for tasks to queue
[2023-11-22T20:55:00.852+0000] {logging_mixin.py:154} INFO - [2023-11-22T20:55:00.852+0000] {dagbag.py:536} INFO - Filling up the DagBag from /home/airflow/.local/lib/python3.8/site-packages/airflow/example_dags/example_setup_teardown_taskflow.py
[2023-11-22T20:55:00.863+0000] {processor.py:839} INFO - DAG(s) dict_keys(['example_setup_teardown_taskflow']) retrieved from /home/airflow/.local/lib/python3.8/site-packages/airflow/example_dags/example_setup_teardown_taskflow.py
[2023-11-22T20:55:00.886+0000] {logging_mixin.py:154} INFO - [2023-11-22T20:55:00.886+0000] {dag.py:2941} INFO - Sync 1 DAGs
[2023-11-22T20:55:00.908+0000] {logging_mixin.py:154} INFO - [2023-11-22T20:55:00.908+0000] {dag.py:3722} INFO - Setting next_dagrun for example_setup_teardown_taskflow to 2023-11-21T20:55:00.907992+00:00, run_after=2023-11-22T20:55:00.907992+00:00
[2023-11-22T20:55:00.929+0000] {processor.py:179} INFO - Processing /home/airflow/.local/lib/python3.8/site-packages/airflow/example_dags/example_setup_teardown_taskflow.py took 0.088 seconds
[2023-11-22T20:55:31.059+0000] {processor.py:157} INFO - Started process (PID=929) to work on /home/airflow/.local/lib/python3.8/site-packages/airflow/example_dags/example_setup_teardown_taskflow.py
[2023-11-22T20:55:31.061+0000] {processor.py:829} INFO - Processing file /home/airflow/.local/lib/python3.8/site-packages/airflow/example_dags/example_setup_teardown_taskflow.py for tasks to queue
[2023-11-22T20:55:31.064+0000] {logging_mixin.py:154} INFO - [2023-11-22T20:55:31.063+0000] {dagbag.py:536} INFO - Filling up the DagBag from /home/airflow/.local/lib/python3.8/site-packages/airflow/example_dags/example_setup_teardown_taskflow.py
[2023-11-22T20:55:31.078+0000] {processor.py:839} INFO - DAG(s) dict_keys(['example_setup_teardown_taskflow']) retrieved from /home/airflow/.local/lib/python3.8/site-packages/airflow/example_dags/example_setup_teardown_taskflow.py
[2023-11-22T20:55:31.107+0000] {logging_mixin.py:154} INFO - [2023-11-22T20:55:31.107+0000] {dag.py:2941} INFO - Sync 1 DAGs
[2023-11-22T20:55:31.138+0000] {logging_mixin.py:154} INFO - [2023-11-22T20:55:31.138+0000] {dag.py:3722} INFO - Setting next_dagrun for example_setup_teardown_taskflow to 2023-11-21T20:55:31.138037+00:00, run_after=2023-11-22T20:55:31.138037+00:00
[2023-11-22T20:55:31.168+0000] {processor.py:179} INFO - Processing /home/airflow/.local/lib/python3.8/site-packages/airflow/example_dags/example_setup_teardown_taskflow.py took 0.113 seconds
[2023-11-22T20:56:01.796+0000] {processor.py:157} INFO - Started process (PID=984) to work on /home/airflow/.local/lib/python3.8/site-packages/airflow/example_dags/example_setup_teardown_taskflow.py
[2023-11-22T20:56:01.798+0000] {processor.py:829} INFO - Processing file /home/airflow/.local/lib/python3.8/site-packages/airflow/example_dags/example_setup_teardown_taskflow.py for tasks to queue
[2023-11-22T20:56:01.802+0000] {logging_mixin.py:154} INFO - [2023-11-22T20:56:01.802+0000] {dagbag.py:536} INFO - Filling up the DagBag from /home/airflow/.local/lib/python3.8/site-packages/airflow/example_dags/example_setup_teardown_taskflow.py
[2023-11-22T20:56:01.818+0000] {processor.py:839} INFO - DAG(s) dict_keys(['example_setup_teardown_taskflow']) retrieved from /home/airflow/.local/lib/python3.8/site-packages/airflow/example_dags/example_setup_teardown_taskflow.py
[2023-11-22T20:56:01.845+0000] {logging_mixin.py:154} INFO - [2023-11-22T20:56:01.845+0000] {dag.py:2941} INFO - Sync 1 DAGs
[2023-11-22T20:56:01.872+0000] {logging_mixin.py:154} INFO - [2023-11-22T20:56:01.872+0000] {dag.py:3722} INFO - Setting next_dagrun for example_setup_teardown_taskflow to 2023-11-21T20:56:01.872267+00:00, run_after=2023-11-22T20:56:01.872267+00:00
[2023-11-22T20:56:02.079+0000] {processor.py:179} INFO - Processing /home/airflow/.local/lib/python3.8/site-packages/airflow/example_dags/example_setup_teardown_taskflow.py took 0.287 seconds
[2023-11-22T20:56:32.471+0000] {processor.py:157} INFO - Started process (PID=1038) to work on /home/airflow/.local/lib/python3.8/site-packages/airflow/example_dags/example_setup_teardown_taskflow.py
[2023-11-22T20:56:32.473+0000] {processor.py:829} INFO - Processing file /home/airflow/.local/lib/python3.8/site-packages/airflow/example_dags/example_setup_teardown_taskflow.py for tasks to queue
[2023-11-22T20:56:32.478+0000] {logging_mixin.py:154} INFO - [2023-11-22T20:56:32.478+0000] {dagbag.py:536} INFO - Filling up the DagBag from /home/airflow/.local/lib/python3.8/site-packages/airflow/example_dags/example_setup_teardown_taskflow.py
[2023-11-22T20:56:32.492+0000] {processor.py:839} INFO - DAG(s) dict_keys(['example_setup_teardown_taskflow']) retrieved from /home/airflow/.local/lib/python3.8/site-packages/airflow/example_dags/example_setup_teardown_taskflow.py
[2023-11-22T20:56:32.514+0000] {logging_mixin.py:154} INFO - [2023-11-22T20:56:32.514+0000] {dag.py:2941} INFO - Sync 1 DAGs
[2023-11-22T20:56:32.536+0000] {logging_mixin.py:154} INFO - [2023-11-22T20:56:32.535+0000] {dag.py:3722} INFO - Setting next_dagrun for example_setup_teardown_taskflow to 2023-11-21T20:56:32.535646+00:00, run_after=2023-11-22T20:56:32.535646+00:00
[2023-11-22T20:56:32.556+0000] {processor.py:179} INFO - Processing /home/airflow/.local/lib/python3.8/site-packages/airflow/example_dags/example_setup_teardown_taskflow.py took 0.093 seconds
[2023-11-22T20:57:02.672+0000] {processor.py:157} INFO - Started process (PID=1092) to work on /home/airflow/.local/lib/python3.8/site-packages/airflow/example_dags/example_setup_teardown_taskflow.py
[2023-11-22T20:57:02.674+0000] {processor.py:829} INFO - Processing file /home/airflow/.local/lib/python3.8/site-packages/airflow/example_dags/example_setup_teardown_taskflow.py for tasks to queue
[2023-11-22T20:57:02.677+0000] {logging_mixin.py:154} INFO - [2023-11-22T20:57:02.677+0000] {dagbag.py:536} INFO - Filling up the DagBag from /home/airflow/.local/lib/python3.8/site-packages/airflow/example_dags/example_setup_teardown_taskflow.py
[2023-11-22T20:57:02.687+0000] {processor.py:839} INFO - DAG(s) dict_keys(['example_setup_teardown_taskflow']) retrieved from /home/airflow/.local/lib/python3.8/site-packages/airflow/example_dags/example_setup_teardown_taskflow.py
[2023-11-22T20:57:02.709+0000] {logging_mixin.py:154} INFO - [2023-11-22T20:57:02.709+0000] {dag.py:2941} INFO - Sync 1 DAGs
[2023-11-22T20:57:02.731+0000] {logging_mixin.py:154} INFO - [2023-11-22T20:57:02.730+0000] {dag.py:3722} INFO - Setting next_dagrun for example_setup_teardown_taskflow to 2023-11-21T20:57:02.730671+00:00, run_after=2023-11-22T20:57:02.730671+00:00
[2023-11-22T20:57:02.751+0000] {processor.py:179} INFO - Processing /home/airflow/.local/lib/python3.8/site-packages/airflow/example_dags/example_setup_teardown_taskflow.py took 0.083 seconds
[2023-11-22T20:57:33.048+0000] {processor.py:157} INFO - Started process (PID=1146) to work on /home/airflow/.local/lib/python3.8/site-packages/airflow/example_dags/example_setup_teardown_taskflow.py
[2023-11-22T20:57:33.049+0000] {processor.py:829} INFO - Processing file /home/airflow/.local/lib/python3.8/site-packages/airflow/example_dags/example_setup_teardown_taskflow.py for tasks to queue
[2023-11-22T20:57:33.052+0000] {logging_mixin.py:154} INFO - [2023-11-22T20:57:33.051+0000] {dagbag.py:536} INFO - Filling up the DagBag from /home/airflow/.local/lib/python3.8/site-packages/airflow/example_dags/example_setup_teardown_taskflow.py
[2023-11-22T20:57:33.062+0000] {processor.py:839} INFO - DAG(s) dict_keys(['example_setup_teardown_taskflow']) retrieved from /home/airflow/.local/lib/python3.8/site-packages/airflow/example_dags/example_setup_teardown_taskflow.py
[2023-11-22T20:57:33.086+0000] {logging_mixin.py:154} INFO - [2023-11-22T20:57:33.086+0000] {dag.py:2941} INFO - Sync 1 DAGs
[2023-11-22T20:57:33.109+0000] {logging_mixin.py:154} INFO - [2023-11-22T20:57:33.108+0000] {dag.py:3722} INFO - Setting next_dagrun for example_setup_teardown_taskflow to 2023-11-21T20:57:33.108565+00:00, run_after=2023-11-22T20:57:33.108565+00:00
[2023-11-22T20:57:33.136+0000] {processor.py:179} INFO - Processing /home/airflow/.local/lib/python3.8/site-packages/airflow/example_dags/example_setup_teardown_taskflow.py took 0.091 seconds
[2023-11-22T20:58:03.637+0000] {processor.py:157} INFO - Started process (PID=1200) to work on /home/airflow/.local/lib/python3.8/site-packages/airflow/example_dags/example_setup_teardown_taskflow.py
[2023-11-22T20:58:03.639+0000] {processor.py:829} INFO - Processing file /home/airflow/.local/lib/python3.8/site-packages/airflow/example_dags/example_setup_teardown_taskflow.py for tasks to queue
[2023-11-22T20:58:03.641+0000] {logging_mixin.py:154} INFO - [2023-11-22T20:58:03.641+0000] {dagbag.py:536} INFO - Filling up the DagBag from /home/airflow/.local/lib/python3.8/site-packages/airflow/example_dags/example_setup_teardown_taskflow.py
[2023-11-22T20:58:03.651+0000] {processor.py:839} INFO - DAG(s) dict_keys(['example_setup_teardown_taskflow']) retrieved from /home/airflow/.local/lib/python3.8/site-packages/airflow/example_dags/example_setup_teardown_taskflow.py
[2023-11-22T20:58:03.672+0000] {logging_mixin.py:154} INFO - [2023-11-22T20:58:03.672+0000] {dag.py:2941} INFO - Sync 1 DAGs
[2023-11-22T20:58:03.695+0000] {logging_mixin.py:154} INFO - [2023-11-22T20:58:03.694+0000] {dag.py:3722} INFO - Setting next_dagrun for example_setup_teardown_taskflow to 2023-11-21T20:58:03.694541+00:00, run_after=2023-11-22T20:58:03.694541+00:00
[2023-11-22T20:58:03.719+0000] {processor.py:179} INFO - Processing /home/airflow/.local/lib/python3.8/site-packages/airflow/example_dags/example_setup_teardown_taskflow.py took 0.084 seconds
[2023-11-22T20:58:34.582+0000] {processor.py:157} INFO - Started process (PID=1254) to work on /home/airflow/.local/lib/python3.8/site-packages/airflow/example_dags/example_setup_teardown_taskflow.py
[2023-11-22T20:58:34.584+0000] {processor.py:829} INFO - Processing file /home/airflow/.local/lib/python3.8/site-packages/airflow/example_dags/example_setup_teardown_taskflow.py for tasks to queue
[2023-11-22T20:58:34.586+0000] {logging_mixin.py:154} INFO - [2023-11-22T20:58:34.586+0000] {dagbag.py:536} INFO - Filling up the DagBag from /home/airflow/.local/lib/python3.8/site-packages/airflow/example_dags/example_setup_teardown_taskflow.py
[2023-11-22T20:58:34.596+0000] {processor.py:839} INFO - DAG(s) dict_keys(['example_setup_teardown_taskflow']) retrieved from /home/airflow/.local/lib/python3.8/site-packages/airflow/example_dags/example_setup_teardown_taskflow.py
[2023-11-22T20:58:34.622+0000] {logging_mixin.py:154} INFO - [2023-11-22T20:58:34.622+0000] {dag.py:2941} INFO - Sync 1 DAGs
[2023-11-22T20:58:34.650+0000] {logging_mixin.py:154} INFO - [2023-11-22T20:58:34.650+0000] {dag.py:3722} INFO - Setting next_dagrun for example_setup_teardown_taskflow to 2023-11-21T20:58:34.650411+00:00, run_after=2023-11-22T20:58:34.650411+00:00
[2023-11-22T20:58:34.675+0000] {processor.py:179} INFO - Processing /home/airflow/.local/lib/python3.8/site-packages/airflow/example_dags/example_setup_teardown_taskflow.py took 0.096 seconds
[2023-11-22T20:59:05.517+0000] {processor.py:157} INFO - Started process (PID=1308) to work on /home/airflow/.local/lib/python3.8/site-packages/airflow/example_dags/example_setup_teardown_taskflow.py
[2023-11-22T20:59:05.518+0000] {processor.py:829} INFO - Processing file /home/airflow/.local/lib/python3.8/site-packages/airflow/example_dags/example_setup_teardown_taskflow.py for tasks to queue
[2023-11-22T20:59:05.521+0000] {logging_mixin.py:154} INFO - [2023-11-22T20:59:05.521+0000] {dagbag.py:536} INFO - Filling up the DagBag from /home/airflow/.local/lib/python3.8/site-packages/airflow/example_dags/example_setup_teardown_taskflow.py
[2023-11-22T20:59:05.535+0000] {processor.py:839} INFO - DAG(s) dict_keys(['example_setup_teardown_taskflow']) retrieved from /home/airflow/.local/lib/python3.8/site-packages/airflow/example_dags/example_setup_teardown_taskflow.py
[2023-11-22T20:59:05.557+0000] {logging_mixin.py:154} INFO - [2023-11-22T20:59:05.557+0000] {dag.py:2941} INFO - Sync 1 DAGs
[2023-11-22T20:59:05.729+0000] {logging_mixin.py:154} INFO - [2023-11-22T20:59:05.729+0000] {dag.py:3722} INFO - Setting next_dagrun for example_setup_teardown_taskflow to 2023-11-21T20:59:05.729289+00:00, run_after=2023-11-22T20:59:05.729289+00:00
[2023-11-22T20:59:05.753+0000] {processor.py:179} INFO - Processing /home/airflow/.local/lib/python3.8/site-packages/airflow/example_dags/example_setup_teardown_taskflow.py took 0.239 seconds
[2023-11-22T20:59:36.328+0000] {processor.py:157} INFO - Started process (PID=1362) to work on /home/airflow/.local/lib/python3.8/site-packages/airflow/example_dags/example_setup_teardown_taskflow.py
[2023-11-22T20:59:36.329+0000] {processor.py:829} INFO - Processing file /home/airflow/.local/lib/python3.8/site-packages/airflow/example_dags/example_setup_teardown_taskflow.py for tasks to queue
[2023-11-22T20:59:36.332+0000] {logging_mixin.py:154} INFO - [2023-11-22T20:59:36.332+0000] {dagbag.py:536} INFO - Filling up the DagBag from /home/airflow/.local/lib/python3.8/site-packages/airflow/example_dags/example_setup_teardown_taskflow.py
[2023-11-22T20:59:36.343+0000] {processor.py:839} INFO - DAG(s) dict_keys(['example_setup_teardown_taskflow']) retrieved from /home/airflow/.local/lib/python3.8/site-packages/airflow/example_dags/example_setup_teardown_taskflow.py
[2023-11-22T20:59:36.369+0000] {logging_mixin.py:154} INFO - [2023-11-22T20:59:36.369+0000] {dag.py:2941} INFO - Sync 1 DAGs
[2023-11-22T20:59:36.394+0000] {logging_mixin.py:154} INFO - [2023-11-22T20:59:36.394+0000] {dag.py:3722} INFO - Setting next_dagrun for example_setup_teardown_taskflow to 2023-11-21T20:59:36.394302+00:00, run_after=2023-11-22T20:59:36.394302+00:00
[2023-11-22T20:59:36.578+0000] {processor.py:179} INFO - Processing /home/airflow/.local/lib/python3.8/site-packages/airflow/example_dags/example_setup_teardown_taskflow.py took 0.254 seconds
[2023-11-22T21:00:07.125+0000] {processor.py:157} INFO - Started process (PID=1416) to work on /home/airflow/.local/lib/python3.8/site-packages/airflow/example_dags/example_setup_teardown_taskflow.py
[2023-11-22T21:00:07.126+0000] {processor.py:829} INFO - Processing file /home/airflow/.local/lib/python3.8/site-packages/airflow/example_dags/example_setup_teardown_taskflow.py for tasks to queue
[2023-11-22T21:00:07.129+0000] {logging_mixin.py:154} INFO - [2023-11-22T21:00:07.129+0000] {dagbag.py:536} INFO - Filling up the DagBag from /home/airflow/.local/lib/python3.8/site-packages/airflow/example_dags/example_setup_teardown_taskflow.py
[2023-11-22T21:00:07.139+0000] {processor.py:839} INFO - DAG(s) dict_keys(['example_setup_teardown_taskflow']) retrieved from /home/airflow/.local/lib/python3.8/site-packages/airflow/example_dags/example_setup_teardown_taskflow.py
[2023-11-22T21:00:07.161+0000] {logging_mixin.py:154} INFO - [2023-11-22T21:00:07.160+0000] {dag.py:2941} INFO - Sync 1 DAGs
[2023-11-22T21:00:07.183+0000] {logging_mixin.py:154} INFO - [2023-11-22T21:00:07.183+0000] {dag.py:3722} INFO - Setting next_dagrun for example_setup_teardown_taskflow to 2023-11-21T21:00:07.183256+00:00, run_after=2023-11-22T21:00:07.183256+00:00
[2023-11-22T21:00:07.205+0000] {processor.py:179} INFO - Processing /home/airflow/.local/lib/python3.8/site-packages/airflow/example_dags/example_setup_teardown_taskflow.py took 0.084 seconds
[2023-11-22T21:00:38.279+0000] {processor.py:157} INFO - Started process (PID=1470) to work on /home/airflow/.local/lib/python3.8/site-packages/airflow/example_dags/example_setup_teardown_taskflow.py
[2023-11-22T21:00:38.281+0000] {processor.py:829} INFO - Processing file /home/airflow/.local/lib/python3.8/site-packages/airflow/example_dags/example_setup_teardown_taskflow.py for tasks to queue
[2023-11-22T21:00:38.284+0000] {logging_mixin.py:154} INFO - [2023-11-22T21:00:38.284+0000] {dagbag.py:536} INFO - Filling up the DagBag from /home/airflow/.local/lib/python3.8/site-packages/airflow/example_dags/example_setup_teardown_taskflow.py
[2023-11-22T21:00:38.294+0000] {processor.py:839} INFO - DAG(s) dict_keys(['example_setup_teardown_taskflow']) retrieved from /home/airflow/.local/lib/python3.8/site-packages/airflow/example_dags/example_setup_teardown_taskflow.py
[2023-11-22T21:00:38.447+0000] {logging_mixin.py:154} INFO - [2023-11-22T21:00:38.447+0000] {dag.py:2941} INFO - Sync 1 DAGs
[2023-11-22T21:00:38.479+0000] {logging_mixin.py:154} INFO - [2023-11-22T21:00:38.479+0000] {dag.py:3722} INFO - Setting next_dagrun for example_setup_teardown_taskflow to 2023-11-21T21:00:38.478815+00:00, run_after=2023-11-22T21:00:38.478815+00:00
[2023-11-22T21:00:38.505+0000] {processor.py:179} INFO - Processing /home/airflow/.local/lib/python3.8/site-packages/airflow/example_dags/example_setup_teardown_taskflow.py took 0.230 seconds
[2023-11-22T21:01:08.632+0000] {processor.py:157} INFO - Started process (PID=1524) to work on /home/airflow/.local/lib/python3.8/site-packages/airflow/example_dags/example_setup_teardown_taskflow.py
[2023-11-22T21:01:08.634+0000] {processor.py:829} INFO - Processing file /home/airflow/.local/lib/python3.8/site-packages/airflow/example_dags/example_setup_teardown_taskflow.py for tasks to queue
[2023-11-22T21:01:08.636+0000] {logging_mixin.py:154} INFO - [2023-11-22T21:01:08.636+0000] {dagbag.py:536} INFO - Filling up the DagBag from /home/airflow/.local/lib/python3.8/site-packages/airflow/example_dags/example_setup_teardown_taskflow.py
[2023-11-22T21:01:08.646+0000] {processor.py:839} INFO - DAG(s) dict_keys(['example_setup_teardown_taskflow']) retrieved from /home/airflow/.local/lib/python3.8/site-packages/airflow/example_dags/example_setup_teardown_taskflow.py
[2023-11-22T21:01:08.668+0000] {logging_mixin.py:154} INFO - [2023-11-22T21:01:08.668+0000] {dag.py:2941} INFO - Sync 1 DAGs
[2023-11-22T21:01:08.691+0000] {logging_mixin.py:154} INFO - [2023-11-22T21:01:08.691+0000] {dag.py:3722} INFO - Setting next_dagrun for example_setup_teardown_taskflow to 2023-11-21T21:01:08.691256+00:00, run_after=2023-11-22T21:01:08.691256+00:00
[2023-11-22T21:01:08.861+0000] {processor.py:179} INFO - Processing /home/airflow/.local/lib/python3.8/site-packages/airflow/example_dags/example_setup_teardown_taskflow.py took 0.232 seconds
[2023-11-22T21:01:39.717+0000] {processor.py:157} INFO - Started process (PID=1578) to work on /home/airflow/.local/lib/python3.8/site-packages/airflow/example_dags/example_setup_teardown_taskflow.py
[2023-11-22T21:01:39.718+0000] {processor.py:829} INFO - Processing file /home/airflow/.local/lib/python3.8/site-packages/airflow/example_dags/example_setup_teardown_taskflow.py for tasks to queue
[2023-11-22T21:01:39.721+0000] {logging_mixin.py:154} INFO - [2023-11-22T21:01:39.721+0000] {dagbag.py:536} INFO - Filling up the DagBag from /home/airflow/.local/lib/python3.8/site-packages/airflow/example_dags/example_setup_teardown_taskflow.py
[2023-11-22T21:01:39.731+0000] {processor.py:839} INFO - DAG(s) dict_keys(['example_setup_teardown_taskflow']) retrieved from /home/airflow/.local/lib/python3.8/site-packages/airflow/example_dags/example_setup_teardown_taskflow.py
[2023-11-22T21:01:39.753+0000] {logging_mixin.py:154} INFO - [2023-11-22T21:01:39.752+0000] {dag.py:2941} INFO - Sync 1 DAGs
[2023-11-22T21:01:39.777+0000] {logging_mixin.py:154} INFO - [2023-11-22T21:01:39.777+0000] {dag.py:3722} INFO - Setting next_dagrun for example_setup_teardown_taskflow to 2023-11-21T21:01:39.776957+00:00, run_after=2023-11-22T21:01:39.776957+00:00
[2023-11-22T21:01:39.797+0000] {processor.py:179} INFO - Processing /home/airflow/.local/lib/python3.8/site-packages/airflow/example_dags/example_setup_teardown_taskflow.py took 0.083 seconds
[2023-11-22T21:02:10.308+0000] {processor.py:157} INFO - Started process (PID=1632) to work on /home/airflow/.local/lib/python3.8/site-packages/airflow/example_dags/example_setup_teardown_taskflow.py
[2023-11-22T21:02:10.310+0000] {processor.py:829} INFO - Processing file /home/airflow/.local/lib/python3.8/site-packages/airflow/example_dags/example_setup_teardown_taskflow.py for tasks to queue
[2023-11-22T21:02:10.312+0000] {logging_mixin.py:154} INFO - [2023-11-22T21:02:10.312+0000] {dagbag.py:536} INFO - Filling up the DagBag from /home/airflow/.local/lib/python3.8/site-packages/airflow/example_dags/example_setup_teardown_taskflow.py
[2023-11-22T21:02:10.322+0000] {processor.py:839} INFO - DAG(s) dict_keys(['example_setup_teardown_taskflow']) retrieved from /home/airflow/.local/lib/python3.8/site-packages/airflow/example_dags/example_setup_teardown_taskflow.py
[2023-11-22T21:02:10.502+0000] {logging_mixin.py:154} INFO - [2023-11-22T21:02:10.501+0000] {dag.py:2941} INFO - Sync 1 DAGs
[2023-11-22T21:02:10.532+0000] {logging_mixin.py:154} INFO - [2023-11-22T21:02:10.532+0000] {dag.py:3722} INFO - Setting next_dagrun for example_setup_teardown_taskflow to 2023-11-21T21:02:10.532123+00:00, run_after=2023-11-22T21:02:10.532123+00:00
[2023-11-22T21:02:10.551+0000] {processor.py:179} INFO - Processing /home/airflow/.local/lib/python3.8/site-packages/airflow/example_dags/example_setup_teardown_taskflow.py took 0.245 seconds
[2023-11-22T21:02:40.925+0000] {processor.py:157} INFO - Started process (PID=1687) to work on /home/airflow/.local/lib/python3.8/site-packages/airflow/example_dags/example_setup_teardown_taskflow.py
[2023-11-22T21:02:40.926+0000] {processor.py:829} INFO - Processing file /home/airflow/.local/lib/python3.8/site-packages/airflow/example_dags/example_setup_teardown_taskflow.py for tasks to queue
[2023-11-22T21:02:40.928+0000] {logging_mixin.py:154} INFO - [2023-11-22T21:02:40.928+0000] {dagbag.py:536} INFO - Filling up the DagBag from /home/airflow/.local/lib/python3.8/site-packages/airflow/example_dags/example_setup_teardown_taskflow.py
[2023-11-22T21:02:40.939+0000] {processor.py:839} INFO - DAG(s) dict_keys(['example_setup_teardown_taskflow']) retrieved from /home/airflow/.local/lib/python3.8/site-packages/airflow/example_dags/example_setup_teardown_taskflow.py
[2023-11-22T21:02:40.961+0000] {logging_mixin.py:154} INFO - [2023-11-22T21:02:40.961+0000] {dag.py:2941} INFO - Sync 1 DAGs
[2023-11-22T21:02:41.138+0000] {logging_mixin.py:154} INFO - [2023-11-22T21:02:41.138+0000] {dag.py:3722} INFO - Setting next_dagrun for example_setup_teardown_taskflow to 2023-11-21T21:02:41.137848+00:00, run_after=2023-11-22T21:02:41.137848+00:00
[2023-11-22T21:02:41.166+0000] {processor.py:179} INFO - Processing /home/airflow/.local/lib/python3.8/site-packages/airflow/example_dags/example_setup_teardown_taskflow.py took 0.245 seconds
[2023-11-22T21:03:11.338+0000] {processor.py:157} INFO - Started process (PID=1741) to work on /home/airflow/.local/lib/python3.8/site-packages/airflow/example_dags/example_setup_teardown_taskflow.py
[2023-11-22T21:03:11.339+0000] {processor.py:829} INFO - Processing file /home/airflow/.local/lib/python3.8/site-packages/airflow/example_dags/example_setup_teardown_taskflow.py for tasks to queue
[2023-11-22T21:03:11.341+0000] {logging_mixin.py:154} INFO - [2023-11-22T21:03:11.341+0000] {dagbag.py:536} INFO - Filling up the DagBag from /home/airflow/.local/lib/python3.8/site-packages/airflow/example_dags/example_setup_teardown_taskflow.py
[2023-11-22T21:03:11.352+0000] {processor.py:839} INFO - DAG(s) dict_keys(['example_setup_teardown_taskflow']) retrieved from /home/airflow/.local/lib/python3.8/site-packages/airflow/example_dags/example_setup_teardown_taskflow.py
[2023-11-22T21:03:11.375+0000] {logging_mixin.py:154} INFO - [2023-11-22T21:03:11.374+0000] {dag.py:2941} INFO - Sync 1 DAGs
[2023-11-22T21:03:11.399+0000] {logging_mixin.py:154} INFO - [2023-11-22T21:03:11.398+0000] {dag.py:3722} INFO - Setting next_dagrun for example_setup_teardown_taskflow to 2023-11-21T21:03:11.398717+00:00, run_after=2023-11-22T21:03:11.398717+00:00
[2023-11-22T21:03:11.418+0000] {processor.py:179} INFO - Processing /home/airflow/.local/lib/python3.8/site-packages/airflow/example_dags/example_setup_teardown_taskflow.py took 0.084 seconds
[2023-11-22T21:03:41.642+0000] {processor.py:157} INFO - Started process (PID=1795) to work on /home/airflow/.local/lib/python3.8/site-packages/airflow/example_dags/example_setup_teardown_taskflow.py
[2023-11-22T21:03:41.643+0000] {processor.py:829} INFO - Processing file /home/airflow/.local/lib/python3.8/site-packages/airflow/example_dags/example_setup_teardown_taskflow.py for tasks to queue
[2023-11-22T21:03:41.645+0000] {logging_mixin.py:154} INFO - [2023-11-22T21:03:41.645+0000] {dagbag.py:536} INFO - Filling up the DagBag from /home/airflow/.local/lib/python3.8/site-packages/airflow/example_dags/example_setup_teardown_taskflow.py
[2023-11-22T21:03:41.655+0000] {processor.py:839} INFO - DAG(s) dict_keys(['example_setup_teardown_taskflow']) retrieved from /home/airflow/.local/lib/python3.8/site-packages/airflow/example_dags/example_setup_teardown_taskflow.py
[2023-11-22T21:03:41.676+0000] {logging_mixin.py:154} INFO - [2023-11-22T21:03:41.676+0000] {dag.py:2941} INFO - Sync 1 DAGs
[2023-11-22T21:03:41.699+0000] {logging_mixin.py:154} INFO - [2023-11-22T21:03:41.699+0000] {dag.py:3722} INFO - Setting next_dagrun for example_setup_teardown_taskflow to 2023-11-21T21:03:41.698980+00:00, run_after=2023-11-22T21:03:41.698980+00:00
[2023-11-22T21:03:41.721+0000] {processor.py:179} INFO - Processing /home/airflow/.local/lib/python3.8/site-packages/airflow/example_dags/example_setup_teardown_taskflow.py took 0.082 seconds
[2023-11-22T21:04:11.958+0000] {processor.py:157} INFO - Started process (PID=1849) to work on /home/airflow/.local/lib/python3.8/site-packages/airflow/example_dags/example_setup_teardown_taskflow.py
[2023-11-22T21:04:11.960+0000] {processor.py:829} INFO - Processing file /home/airflow/.local/lib/python3.8/site-packages/airflow/example_dags/example_setup_teardown_taskflow.py for tasks to queue
[2023-11-22T21:04:11.963+0000] {logging_mixin.py:154} INFO - [2023-11-22T21:04:11.963+0000] {dagbag.py:536} INFO - Filling up the DagBag from /home/airflow/.local/lib/python3.8/site-packages/airflow/example_dags/example_setup_teardown_taskflow.py
[2023-11-22T21:04:11.975+0000] {processor.py:839} INFO - DAG(s) dict_keys(['example_setup_teardown_taskflow']) retrieved from /home/airflow/.local/lib/python3.8/site-packages/airflow/example_dags/example_setup_teardown_taskflow.py
[2023-11-22T21:04:12.000+0000] {logging_mixin.py:154} INFO - [2023-11-22T21:04:12.000+0000] {dag.py:2941} INFO - Sync 1 DAGs
[2023-11-22T21:04:12.036+0000] {logging_mixin.py:154} INFO - [2023-11-22T21:04:12.035+0000] {dag.py:3722} INFO - Setting next_dagrun for example_setup_teardown_taskflow to 2023-11-21T21:04:12.035508+00:00, run_after=2023-11-22T21:04:12.035508+00:00
[2023-11-22T21:04:12.059+0000] {processor.py:179} INFO - Processing /home/airflow/.local/lib/python3.8/site-packages/airflow/example_dags/example_setup_teardown_taskflow.py took 0.106 seconds
[2023-11-22T21:04:42.223+0000] {processor.py:157} INFO - Started process (PID=1903) to work on /home/airflow/.local/lib/python3.8/site-packages/airflow/example_dags/example_setup_teardown_taskflow.py
[2023-11-22T21:04:42.225+0000] {processor.py:829} INFO - Processing file /home/airflow/.local/lib/python3.8/site-packages/airflow/example_dags/example_setup_teardown_taskflow.py for tasks to queue
[2023-11-22T21:04:42.228+0000] {logging_mixin.py:154} INFO - [2023-11-22T21:04:42.227+0000] {dagbag.py:536} INFO - Filling up the DagBag from /home/airflow/.local/lib/python3.8/site-packages/airflow/example_dags/example_setup_teardown_taskflow.py
[2023-11-22T21:04:42.239+0000] {processor.py:839} INFO - DAG(s) dict_keys(['example_setup_teardown_taskflow']) retrieved from /home/airflow/.local/lib/python3.8/site-packages/airflow/example_dags/example_setup_teardown_taskflow.py
[2023-11-22T21:04:42.261+0000] {logging_mixin.py:154} INFO - [2023-11-22T21:04:42.261+0000] {dag.py:2941} INFO - Sync 1 DAGs
[2023-11-22T21:04:42.284+0000] {logging_mixin.py:154} INFO - [2023-11-22T21:04:42.284+0000] {dag.py:3722} INFO - Setting next_dagrun for example_setup_teardown_taskflow to 2023-11-21T21:04:42.283973+00:00, run_after=2023-11-22T21:04:42.283973+00:00
[2023-11-22T21:04:42.306+0000] {processor.py:179} INFO - Processing /home/airflow/.local/lib/python3.8/site-packages/airflow/example_dags/example_setup_teardown_taskflow.py took 0.086 seconds
[2023-11-22T21:05:12.447+0000] {processor.py:157} INFO - Started process (PID=1957) to work on /home/airflow/.local/lib/python3.8/site-packages/airflow/example_dags/example_setup_teardown_taskflow.py
[2023-11-22T21:05:12.448+0000] {processor.py:829} INFO - Processing file /home/airflow/.local/lib/python3.8/site-packages/airflow/example_dags/example_setup_teardown_taskflow.py for tasks to queue
[2023-11-22T21:05:12.450+0000] {logging_mixin.py:154} INFO - [2023-11-22T21:05:12.450+0000] {dagbag.py:536} INFO - Filling up the DagBag from /home/airflow/.local/lib/python3.8/site-packages/airflow/example_dags/example_setup_teardown_taskflow.py
[2023-11-22T21:05:12.460+0000] {processor.py:839} INFO - DAG(s) dict_keys(['example_setup_teardown_taskflow']) retrieved from /home/airflow/.local/lib/python3.8/site-packages/airflow/example_dags/example_setup_teardown_taskflow.py
[2023-11-22T21:05:12.483+0000] {logging_mixin.py:154} INFO - [2023-11-22T21:05:12.483+0000] {dag.py:2941} INFO - Sync 1 DAGs
[2023-11-22T21:05:12.505+0000] {logging_mixin.py:154} INFO - [2023-11-22T21:05:12.505+0000] {dag.py:3722} INFO - Setting next_dagrun for example_setup_teardown_taskflow to 2023-11-21T21:05:12.505495+00:00, run_after=2023-11-22T21:05:12.505495+00:00
[2023-11-22T21:05:12.526+0000] {processor.py:179} INFO - Processing /home/airflow/.local/lib/python3.8/site-packages/airflow/example_dags/example_setup_teardown_taskflow.py took 0.082 seconds
[2023-11-22T21:05:43.061+0000] {processor.py:157} INFO - Started process (PID=2011) to work on /home/airflow/.local/lib/python3.8/site-packages/airflow/example_dags/example_setup_teardown_taskflow.py
[2023-11-22T21:05:43.062+0000] {processor.py:829} INFO - Processing file /home/airflow/.local/lib/python3.8/site-packages/airflow/example_dags/example_setup_teardown_taskflow.py for tasks to queue
[2023-11-22T21:05:43.065+0000] {logging_mixin.py:154} INFO - [2023-11-22T21:05:43.064+0000] {dagbag.py:536} INFO - Filling up the DagBag from /home/airflow/.local/lib/python3.8/site-packages/airflow/example_dags/example_setup_teardown_taskflow.py
[2023-11-22T21:05:43.075+0000] {processor.py:839} INFO - DAG(s) dict_keys(['example_setup_teardown_taskflow']) retrieved from /home/airflow/.local/lib/python3.8/site-packages/airflow/example_dags/example_setup_teardown_taskflow.py
[2023-11-22T21:05:43.096+0000] {logging_mixin.py:154} INFO - [2023-11-22T21:05:43.096+0000] {dag.py:2941} INFO - Sync 1 DAGs
[2023-11-22T21:05:43.120+0000] {logging_mixin.py:154} INFO - [2023-11-22T21:05:43.120+0000] {dag.py:3722} INFO - Setting next_dagrun for example_setup_teardown_taskflow to 2023-11-21T21:05:43.119911+00:00, run_after=2023-11-22T21:05:43.119911+00:00
[2023-11-22T21:05:43.141+0000] {processor.py:179} INFO - Processing /home/airflow/.local/lib/python3.8/site-packages/airflow/example_dags/example_setup_teardown_taskflow.py took 0.083 seconds
[2023-11-22T21:06:13.505+0000] {processor.py:157} INFO - Started process (PID=2065) to work on /home/airflow/.local/lib/python3.8/site-packages/airflow/example_dags/example_setup_teardown_taskflow.py
[2023-11-22T21:06:13.507+0000] {processor.py:829} INFO - Processing file /home/airflow/.local/lib/python3.8/site-packages/airflow/example_dags/example_setup_teardown_taskflow.py for tasks to queue
[2023-11-22T21:06:13.511+0000] {logging_mixin.py:154} INFO - [2023-11-22T21:06:13.510+0000] {dagbag.py:536} INFO - Filling up the DagBag from /home/airflow/.local/lib/python3.8/site-packages/airflow/example_dags/example_setup_teardown_taskflow.py
[2023-11-22T21:06:13.537+0000] {processor.py:839} INFO - DAG(s) dict_keys(['example_setup_teardown_taskflow']) retrieved from /home/airflow/.local/lib/python3.8/site-packages/airflow/example_dags/example_setup_teardown_taskflow.py
[2023-11-22T21:06:13.588+0000] {logging_mixin.py:154} INFO - [2023-11-22T21:06:13.587+0000] {dag.py:2941} INFO - Sync 1 DAGs
[2023-11-22T21:06:13.673+0000] {logging_mixin.py:154} INFO - [2023-11-22T21:06:13.673+0000] {dag.py:3722} INFO - Setting next_dagrun for example_setup_teardown_taskflow to 2023-11-21T21:06:13.672882+00:00, run_after=2023-11-22T21:06:13.672882+00:00
[2023-11-22T21:06:13.744+0000] {processor.py:179} INFO - Processing /home/airflow/.local/lib/python3.8/site-packages/airflow/example_dags/example_setup_teardown_taskflow.py took 0.244 seconds
[2023-11-22T21:06:43.801+0000] {processor.py:157} INFO - Started process (PID=2120) to work on /home/airflow/.local/lib/python3.8/site-packages/airflow/example_dags/example_setup_teardown_taskflow.py
[2023-11-22T21:06:43.802+0000] {processor.py:829} INFO - Processing file /home/airflow/.local/lib/python3.8/site-packages/airflow/example_dags/example_setup_teardown_taskflow.py for tasks to queue
[2023-11-22T21:06:43.805+0000] {logging_mixin.py:154} INFO - [2023-11-22T21:06:43.804+0000] {dagbag.py:536} INFO - Filling up the DagBag from /home/airflow/.local/lib/python3.8/site-packages/airflow/example_dags/example_setup_teardown_taskflow.py
[2023-11-22T21:06:43.814+0000] {processor.py:839} INFO - DAG(s) dict_keys(['example_setup_teardown_taskflow']) retrieved from /home/airflow/.local/lib/python3.8/site-packages/airflow/example_dags/example_setup_teardown_taskflow.py
[2023-11-22T21:06:43.835+0000] {logging_mixin.py:154} INFO - [2023-11-22T21:06:43.835+0000] {dag.py:2941} INFO - Sync 1 DAGs
[2023-11-22T21:06:43.858+0000] {logging_mixin.py:154} INFO - [2023-11-22T21:06:43.858+0000] {dag.py:3722} INFO - Setting next_dagrun for example_setup_teardown_taskflow to 2023-11-21T21:06:43.857957+00:00, run_after=2023-11-22T21:06:43.857957+00:00
[2023-11-22T21:06:43.880+0000] {processor.py:179} INFO - Processing /home/airflow/.local/lib/python3.8/site-packages/airflow/example_dags/example_setup_teardown_taskflow.py took 0.082 seconds
[2023-11-22T21:07:14.039+0000] {processor.py:157} INFO - Started process (PID=2174) to work on /home/airflow/.local/lib/python3.8/site-packages/airflow/example_dags/example_setup_teardown_taskflow.py
[2023-11-22T21:07:14.040+0000] {processor.py:829} INFO - Processing file /home/airflow/.local/lib/python3.8/site-packages/airflow/example_dags/example_setup_teardown_taskflow.py for tasks to queue
[2023-11-22T21:07:14.043+0000] {logging_mixin.py:154} INFO - [2023-11-22T21:07:14.042+0000] {dagbag.py:536} INFO - Filling up the DagBag from /home/airflow/.local/lib/python3.8/site-packages/airflow/example_dags/example_setup_teardown_taskflow.py
[2023-11-22T21:07:14.053+0000] {processor.py:839} INFO - DAG(s) dict_keys(['example_setup_teardown_taskflow']) retrieved from /home/airflow/.local/lib/python3.8/site-packages/airflow/example_dags/example_setup_teardown_taskflow.py
[2023-11-22T21:07:14.075+0000] {logging_mixin.py:154} INFO - [2023-11-22T21:07:14.074+0000] {dag.py:2941} INFO - Sync 1 DAGs
[2023-11-22T21:07:14.098+0000] {logging_mixin.py:154} INFO - [2023-11-22T21:07:14.098+0000] {dag.py:3722} INFO - Setting next_dagrun for example_setup_teardown_taskflow to 2023-11-21T21:07:14.097869+00:00, run_after=2023-11-22T21:07:14.097869+00:00
[2023-11-22T21:07:14.118+0000] {processor.py:179} INFO - Processing /home/airflow/.local/lib/python3.8/site-packages/airflow/example_dags/example_setup_teardown_taskflow.py took 0.083 seconds
[2023-11-22T21:07:44.339+0000] {processor.py:157} INFO - Started process (PID=2228) to work on /home/airflow/.local/lib/python3.8/site-packages/airflow/example_dags/example_setup_teardown_taskflow.py
[2023-11-22T21:07:44.340+0000] {processor.py:829} INFO - Processing file /home/airflow/.local/lib/python3.8/site-packages/airflow/example_dags/example_setup_teardown_taskflow.py for tasks to queue
[2023-11-22T21:07:44.343+0000] {logging_mixin.py:154} INFO - [2023-11-22T21:07:44.342+0000] {dagbag.py:536} INFO - Filling up the DagBag from /home/airflow/.local/lib/python3.8/site-packages/airflow/example_dags/example_setup_teardown_taskflow.py
[2023-11-22T21:07:44.352+0000] {processor.py:839} INFO - DAG(s) dict_keys(['example_setup_teardown_taskflow']) retrieved from /home/airflow/.local/lib/python3.8/site-packages/airflow/example_dags/example_setup_teardown_taskflow.py
[2023-11-22T21:07:44.373+0000] {logging_mixin.py:154} INFO - [2023-11-22T21:07:44.373+0000] {dag.py:2941} INFO - Sync 1 DAGs
[2023-11-22T21:07:44.397+0000] {logging_mixin.py:154} INFO - [2023-11-22T21:07:44.397+0000] {dag.py:3722} INFO - Setting next_dagrun for example_setup_teardown_taskflow to 2023-11-21T21:07:44.397175+00:00, run_after=2023-11-22T21:07:44.397175+00:00
[2023-11-22T21:07:44.418+0000] {processor.py:179} INFO - Processing /home/airflow/.local/lib/python3.8/site-packages/airflow/example_dags/example_setup_teardown_taskflow.py took 0.082 seconds
[2023-11-22T21:08:14.579+0000] {processor.py:157} INFO - Started process (PID=2282) to work on /home/airflow/.local/lib/python3.8/site-packages/airflow/example_dags/example_setup_teardown_taskflow.py
[2023-11-22T21:08:14.581+0000] {processor.py:829} INFO - Processing file /home/airflow/.local/lib/python3.8/site-packages/airflow/example_dags/example_setup_teardown_taskflow.py for tasks to queue
[2023-11-22T21:08:14.583+0000] {logging_mixin.py:154} INFO - [2023-11-22T21:08:14.583+0000] {dagbag.py:536} INFO - Filling up the DagBag from /home/airflow/.local/lib/python3.8/site-packages/airflow/example_dags/example_setup_teardown_taskflow.py
[2023-11-22T21:08:14.596+0000] {processor.py:839} INFO - DAG(s) dict_keys(['example_setup_teardown_taskflow']) retrieved from /home/airflow/.local/lib/python3.8/site-packages/airflow/example_dags/example_setup_teardown_taskflow.py
[2023-11-22T21:08:14.618+0000] {logging_mixin.py:154} INFO - [2023-11-22T21:08:14.617+0000] {dag.py:2941} INFO - Sync 1 DAGs
[2023-11-22T21:08:14.645+0000] {logging_mixin.py:154} INFO - [2023-11-22T21:08:14.644+0000] {dag.py:3722} INFO - Setting next_dagrun for example_setup_teardown_taskflow to 2023-11-21T21:08:14.644725+00:00, run_after=2023-11-22T21:08:14.644725+00:00
[2023-11-22T21:08:14.666+0000] {processor.py:179} INFO - Processing /home/airflow/.local/lib/python3.8/site-packages/airflow/example_dags/example_setup_teardown_taskflow.py took 0.090 seconds
[2023-11-22T21:08:45.275+0000] {processor.py:157} INFO - Started process (PID=2336) to work on /home/airflow/.local/lib/python3.8/site-packages/airflow/example_dags/example_setup_teardown_taskflow.py
[2023-11-22T21:08:45.276+0000] {processor.py:829} INFO - Processing file /home/airflow/.local/lib/python3.8/site-packages/airflow/example_dags/example_setup_teardown_taskflow.py for tasks to queue
[2023-11-22T21:08:45.279+0000] {logging_mixin.py:154} INFO - [2023-11-22T21:08:45.279+0000] {dagbag.py:536} INFO - Filling up the DagBag from /home/airflow/.local/lib/python3.8/site-packages/airflow/example_dags/example_setup_teardown_taskflow.py
[2023-11-22T21:08:45.289+0000] {processor.py:839} INFO - DAG(s) dict_keys(['example_setup_teardown_taskflow']) retrieved from /home/airflow/.local/lib/python3.8/site-packages/airflow/example_dags/example_setup_teardown_taskflow.py
[2023-11-22T21:08:45.310+0000] {logging_mixin.py:154} INFO - [2023-11-22T21:08:45.310+0000] {dag.py:2941} INFO - Sync 1 DAGs
[2023-11-22T21:08:45.333+0000] {logging_mixin.py:154} INFO - [2023-11-22T21:08:45.333+0000] {dag.py:3722} INFO - Setting next_dagrun for example_setup_teardown_taskflow to 2023-11-21T21:08:45.333308+00:00, run_after=2023-11-22T21:08:45.333308+00:00
[2023-11-22T21:08:45.352+0000] {processor.py:179} INFO - Processing /home/airflow/.local/lib/python3.8/site-packages/airflow/example_dags/example_setup_teardown_taskflow.py took 0.080 seconds
[2023-11-22T21:09:15.609+0000] {processor.py:157} INFO - Started process (PID=2390) to work on /home/airflow/.local/lib/python3.8/site-packages/airflow/example_dags/example_setup_teardown_taskflow.py
[2023-11-22T21:09:15.610+0000] {processor.py:829} INFO - Processing file /home/airflow/.local/lib/python3.8/site-packages/airflow/example_dags/example_setup_teardown_taskflow.py for tasks to queue
[2023-11-22T21:09:15.613+0000] {logging_mixin.py:154} INFO - [2023-11-22T21:09:15.612+0000] {dagbag.py:536} INFO - Filling up the DagBag from /home/airflow/.local/lib/python3.8/site-packages/airflow/example_dags/example_setup_teardown_taskflow.py
[2023-11-22T21:09:15.623+0000] {processor.py:839} INFO - DAG(s) dict_keys(['example_setup_teardown_taskflow']) retrieved from /home/airflow/.local/lib/python3.8/site-packages/airflow/example_dags/example_setup_teardown_taskflow.py
[2023-11-22T21:09:15.645+0000] {logging_mixin.py:154} INFO - [2023-11-22T21:09:15.645+0000] {dag.py:2941} INFO - Sync 1 DAGs
[2023-11-22T21:09:15.670+0000] {logging_mixin.py:154} INFO - [2023-11-22T21:09:15.670+0000] {dag.py:3722} INFO - Setting next_dagrun for example_setup_teardown_taskflow to 2023-11-21T21:09:15.669820+00:00, run_after=2023-11-22T21:09:15.669820+00:00
[2023-11-22T21:09:15.690+0000] {processor.py:179} INFO - Processing /home/airflow/.local/lib/python3.8/site-packages/airflow/example_dags/example_setup_teardown_taskflow.py took 0.084 seconds
[2023-11-22T21:09:45.829+0000] {processor.py:157} INFO - Started process (PID=2444) to work on /home/airflow/.local/lib/python3.8/site-packages/airflow/example_dags/example_setup_teardown_taskflow.py
[2023-11-22T21:09:45.830+0000] {processor.py:829} INFO - Processing file /home/airflow/.local/lib/python3.8/site-packages/airflow/example_dags/example_setup_teardown_taskflow.py for tasks to queue
[2023-11-22T21:09:45.833+0000] {logging_mixin.py:154} INFO - [2023-11-22T21:09:45.833+0000] {dagbag.py:536} INFO - Filling up the DagBag from /home/airflow/.local/lib/python3.8/site-packages/airflow/example_dags/example_setup_teardown_taskflow.py
[2023-11-22T21:09:45.843+0000] {processor.py:839} INFO - DAG(s) dict_keys(['example_setup_teardown_taskflow']) retrieved from /home/airflow/.local/lib/python3.8/site-packages/airflow/example_dags/example_setup_teardown_taskflow.py
[2023-11-22T21:09:45.865+0000] {logging_mixin.py:154} INFO - [2023-11-22T21:09:45.865+0000] {dag.py:2941} INFO - Sync 1 DAGs
[2023-11-22T21:09:45.891+0000] {logging_mixin.py:154} INFO - [2023-11-22T21:09:45.891+0000] {dag.py:3722} INFO - Setting next_dagrun for example_setup_teardown_taskflow to 2023-11-21T21:09:45.891406+00:00, run_after=2023-11-22T21:09:45.891406+00:00
[2023-11-22T21:09:45.914+0000] {processor.py:179} INFO - Processing /home/airflow/.local/lib/python3.8/site-packages/airflow/example_dags/example_setup_teardown_taskflow.py took 0.088 seconds
[2023-11-22T21:10:16.323+0000] {processor.py:157} INFO - Started process (PID=2498) to work on /home/airflow/.local/lib/python3.8/site-packages/airflow/example_dags/example_setup_teardown_taskflow.py
[2023-11-22T21:10:16.325+0000] {processor.py:829} INFO - Processing file /home/airflow/.local/lib/python3.8/site-packages/airflow/example_dags/example_setup_teardown_taskflow.py for tasks to queue
[2023-11-22T21:10:16.327+0000] {logging_mixin.py:154} INFO - [2023-11-22T21:10:16.327+0000] {dagbag.py:536} INFO - Filling up the DagBag from /home/airflow/.local/lib/python3.8/site-packages/airflow/example_dags/example_setup_teardown_taskflow.py
[2023-11-22T21:10:16.340+0000] {processor.py:839} INFO - DAG(s) dict_keys(['example_setup_teardown_taskflow']) retrieved from /home/airflow/.local/lib/python3.8/site-packages/airflow/example_dags/example_setup_teardown_taskflow.py
[2023-11-22T21:10:16.364+0000] {logging_mixin.py:154} INFO - [2023-11-22T21:10:16.364+0000] {dag.py:2941} INFO - Sync 1 DAGs
[2023-11-22T21:10:16.393+0000] {logging_mixin.py:154} INFO - [2023-11-22T21:10:16.392+0000] {dag.py:3722} INFO - Setting next_dagrun for example_setup_teardown_taskflow to 2023-11-21T21:10:16.392689+00:00, run_after=2023-11-22T21:10:16.392689+00:00
[2023-11-22T21:10:16.416+0000] {processor.py:179} INFO - Processing /home/airflow/.local/lib/python3.8/site-packages/airflow/example_dags/example_setup_teardown_taskflow.py took 0.096 seconds
[2023-11-22T21:10:47.230+0000] {processor.py:157} INFO - Started process (PID=2550) to work on /home/airflow/.local/lib/python3.8/site-packages/airflow/example_dags/example_setup_teardown_taskflow.py
[2023-11-22T21:10:47.231+0000] {processor.py:829} INFO - Processing file /home/airflow/.local/lib/python3.8/site-packages/airflow/example_dags/example_setup_teardown_taskflow.py for tasks to queue
[2023-11-22T21:10:47.234+0000] {logging_mixin.py:154} INFO - [2023-11-22T21:10:47.234+0000] {dagbag.py:536} INFO - Filling up the DagBag from /home/airflow/.local/lib/python3.8/site-packages/airflow/example_dags/example_setup_teardown_taskflow.py
[2023-11-22T21:10:47.243+0000] {processor.py:839} INFO - DAG(s) dict_keys(['example_setup_teardown_taskflow']) retrieved from /home/airflow/.local/lib/python3.8/site-packages/airflow/example_dags/example_setup_teardown_taskflow.py
[2023-11-22T21:10:47.266+0000] {logging_mixin.py:154} INFO - [2023-11-22T21:10:47.266+0000] {dag.py:2941} INFO - Sync 1 DAGs
[2023-11-22T21:10:47.290+0000] {logging_mixin.py:154} INFO - [2023-11-22T21:10:47.290+0000] {dag.py:3722} INFO - Setting next_dagrun for example_setup_teardown_taskflow to 2023-11-21T21:10:47.290467+00:00, run_after=2023-11-22T21:10:47.290467+00:00
[2023-11-22T21:10:47.310+0000] {processor.py:179} INFO - Processing /home/airflow/.local/lib/python3.8/site-packages/airflow/example_dags/example_setup_teardown_taskflow.py took 0.083 seconds
[2023-11-22T21:11:18.625+0000] {processor.py:157} INFO - Started process (PID=2604) to work on /home/airflow/.local/lib/python3.8/site-packages/airflow/example_dags/example_setup_teardown_taskflow.py
[2023-11-22T21:11:18.626+0000] {processor.py:829} INFO - Processing file /home/airflow/.local/lib/python3.8/site-packages/airflow/example_dags/example_setup_teardown_taskflow.py for tasks to queue
[2023-11-22T21:11:18.630+0000] {logging_mixin.py:154} INFO - [2023-11-22T21:11:18.629+0000] {dagbag.py:536} INFO - Filling up the DagBag from /home/airflow/.local/lib/python3.8/site-packages/airflow/example_dags/example_setup_teardown_taskflow.py
[2023-11-22T21:11:18.642+0000] {processor.py:839} INFO - DAG(s) dict_keys(['example_setup_teardown_taskflow']) retrieved from /home/airflow/.local/lib/python3.8/site-packages/airflow/example_dags/example_setup_teardown_taskflow.py
[2023-11-22T21:11:18.665+0000] {logging_mixin.py:154} INFO - [2023-11-22T21:11:18.664+0000] {dag.py:2941} INFO - Sync 1 DAGs
[2023-11-22T21:11:18.688+0000] {logging_mixin.py:154} INFO - [2023-11-22T21:11:18.688+0000] {dag.py:3722} INFO - Setting next_dagrun for example_setup_teardown_taskflow to 2023-11-21T21:11:18.687816+00:00, run_after=2023-11-22T21:11:18.687816+00:00
[2023-11-22T21:11:18.723+0000] {processor.py:179} INFO - Processing /home/airflow/.local/lib/python3.8/site-packages/airflow/example_dags/example_setup_teardown_taskflow.py took 0.103 seconds
[2023-11-22T21:11:50.064+0000] {processor.py:157} INFO - Started process (PID=2660) to work on /home/airflow/.local/lib/python3.8/site-packages/airflow/example_dags/example_setup_teardown_taskflow.py
[2023-11-22T21:11:50.066+0000] {processor.py:829} INFO - Processing file /home/airflow/.local/lib/python3.8/site-packages/airflow/example_dags/example_setup_teardown_taskflow.py for tasks to queue
[2023-11-22T21:11:50.069+0000] {logging_mixin.py:154} INFO - [2023-11-22T21:11:50.069+0000] {dagbag.py:536} INFO - Filling up the DagBag from /home/airflow/.local/lib/python3.8/site-packages/airflow/example_dags/example_setup_teardown_taskflow.py
[2023-11-22T21:11:50.081+0000] {processor.py:839} INFO - DAG(s) dict_keys(['example_setup_teardown_taskflow']) retrieved from /home/airflow/.local/lib/python3.8/site-packages/airflow/example_dags/example_setup_teardown_taskflow.py
[2023-11-22T21:11:50.110+0000] {logging_mixin.py:154} INFO - [2023-11-22T21:11:50.110+0000] {dag.py:2941} INFO - Sync 1 DAGs
[2023-11-22T21:11:50.142+0000] {logging_mixin.py:154} INFO - [2023-11-22T21:11:50.141+0000] {dag.py:3722} INFO - Setting next_dagrun for example_setup_teardown_taskflow to 2023-11-21T21:11:50.141560+00:00, run_after=2023-11-22T21:11:50.141560+00:00
[2023-11-22T21:11:50.207+0000] {processor.py:179} INFO - Processing /home/airflow/.local/lib/python3.8/site-packages/airflow/example_dags/example_setup_teardown_taskflow.py took 0.147 seconds
