[2023-11-22T20:47:10.940+0000] {processor.py:157} INFO - Started process (PID=73) to work on /home/airflow/.local/lib/python3.8/site-packages/airflow/example_dags/example_skip_dag.py
[2023-11-22T20:47:10.951+0000] {processor.py:829} INFO - Processing file /home/airflow/.local/lib/python3.8/site-packages/airflow/example_dags/example_skip_dag.py for tasks to queue
[2023-11-22T20:47:10.983+0000] {logging_mixin.py:154} INFO - [2023-11-22T20:47:10.981+0000] {dagbag.py:536} INFO - Filling up the DagBag from /home/airflow/.local/lib/python3.8/site-packages/airflow/example_dags/example_skip_dag.py
[2023-11-22T20:47:11.235+0000] {processor.py:839} INFO - DAG(s) dict_keys(['example_skip_dag']) retrieved from /home/airflow/.local/lib/python3.8/site-packages/airflow/example_dags/example_skip_dag.py
[2023-11-22T20:47:11.351+0000] {logging_mixin.py:154} INFO - [2023-11-22T20:47:11.349+0000] {dag.py:2941} INFO - Sync 1 DAGs
[2023-11-22T20:47:11.451+0000] {logging_mixin.py:154} INFO - [2023-11-22T20:47:11.451+0000] {dag.py:3722} INFO - Setting next_dagrun for example_skip_dag to 2023-11-21T20:47:11.450803+00:00, run_after=2023-11-22T20:47:11.450803+00:00
[2023-11-22T20:47:11.499+0000] {processor.py:179} INFO - Processing /home/airflow/.local/lib/python3.8/site-packages/airflow/example_dags/example_skip_dag.py took 0.572 seconds
[2023-11-22T20:47:42.149+0000] {processor.py:157} INFO - Started process (PID=127) to work on /home/airflow/.local/lib/python3.8/site-packages/airflow/example_dags/example_skip_dag.py
[2023-11-22T20:47:42.151+0000] {processor.py:829} INFO - Processing file /home/airflow/.local/lib/python3.8/site-packages/airflow/example_dags/example_skip_dag.py for tasks to queue
[2023-11-22T20:47:42.168+0000] {logging_mixin.py:154} INFO - [2023-11-22T20:47:42.156+0000] {dagbag.py:536} INFO - Filling up the DagBag from /home/airflow/.local/lib/python3.8/site-packages/airflow/example_dags/example_skip_dag.py
[2023-11-22T20:47:42.185+0000] {processor.py:839} INFO - DAG(s) dict_keys(['example_skip_dag']) retrieved from /home/airflow/.local/lib/python3.8/site-packages/airflow/example_dags/example_skip_dag.py
[2023-11-22T20:47:42.220+0000] {logging_mixin.py:154} INFO - [2023-11-22T20:47:42.220+0000] {dag.py:2941} INFO - Sync 1 DAGs
[2023-11-22T20:47:42.336+0000] {logging_mixin.py:154} INFO - [2023-11-22T20:47:42.336+0000] {dag.py:3722} INFO - Setting next_dagrun for example_skip_dag to 2023-11-21T20:47:42.335855+00:00, run_after=2023-11-22T20:47:42.335855+00:00
[2023-11-22T20:47:43.551+0000] {processor.py:179} INFO - Processing /home/airflow/.local/lib/python3.8/site-packages/airflow/example_dags/example_skip_dag.py took 1.412 seconds
[2023-11-22T20:48:14.486+0000] {processor.py:157} INFO - Started process (PID=181) to work on /home/airflow/.local/lib/python3.8/site-packages/airflow/example_dags/example_skip_dag.py
[2023-11-22T20:48:14.487+0000] {processor.py:829} INFO - Processing file /home/airflow/.local/lib/python3.8/site-packages/airflow/example_dags/example_skip_dag.py for tasks to queue
[2023-11-22T20:48:14.491+0000] {logging_mixin.py:154} INFO - [2023-11-22T20:48:14.490+0000] {dagbag.py:536} INFO - Filling up the DagBag from /home/airflow/.local/lib/python3.8/site-packages/airflow/example_dags/example_skip_dag.py
[2023-11-22T20:48:14.498+0000] {processor.py:839} INFO - DAG(s) dict_keys(['example_skip_dag']) retrieved from /home/airflow/.local/lib/python3.8/site-packages/airflow/example_dags/example_skip_dag.py
[2023-11-22T20:48:14.594+0000] {logging_mixin.py:154} INFO - [2023-11-22T20:48:14.586+0000] {dag.py:2941} INFO - Sync 1 DAGs
[2023-11-22T20:48:14.638+0000] {logging_mixin.py:154} INFO - [2023-11-22T20:48:14.637+0000] {dag.py:3722} INFO - Setting next_dagrun for example_skip_dag to 2023-11-21T20:48:14.637187+00:00, run_after=2023-11-22T20:48:14.637187+00:00
[2023-11-22T20:48:14.667+0000] {processor.py:179} INFO - Processing /home/airflow/.local/lib/python3.8/site-packages/airflow/example_dags/example_skip_dag.py took 0.185 seconds
[2023-11-22T20:48:44.818+0000] {processor.py:157} INFO - Started process (PID=242) to work on /home/airflow/.local/lib/python3.8/site-packages/airflow/example_dags/example_skip_dag.py
[2023-11-22T20:48:44.819+0000] {processor.py:829} INFO - Processing file /home/airflow/.local/lib/python3.8/site-packages/airflow/example_dags/example_skip_dag.py for tasks to queue
[2023-11-22T20:48:44.822+0000] {logging_mixin.py:154} INFO - [2023-11-22T20:48:44.822+0000] {dagbag.py:536} INFO - Filling up the DagBag from /home/airflow/.local/lib/python3.8/site-packages/airflow/example_dags/example_skip_dag.py
[2023-11-22T20:48:44.832+0000] {processor.py:839} INFO - DAG(s) dict_keys(['example_skip_dag']) retrieved from /home/airflow/.local/lib/python3.8/site-packages/airflow/example_dags/example_skip_dag.py
[2023-11-22T20:48:44.861+0000] {logging_mixin.py:154} INFO - [2023-11-22T20:48:44.861+0000] {dag.py:2941} INFO - Sync 1 DAGs
[2023-11-22T20:48:44.890+0000] {logging_mixin.py:154} INFO - [2023-11-22T20:48:44.890+0000] {dag.py:3722} INFO - Setting next_dagrun for example_skip_dag to 2023-11-21T20:48:44.890364+00:00, run_after=2023-11-22T20:48:44.890364+00:00
[2023-11-22T20:48:44.919+0000] {processor.py:179} INFO - Processing /home/airflow/.local/lib/python3.8/site-packages/airflow/example_dags/example_skip_dag.py took 0.106 seconds
[2023-11-22T20:49:15.010+0000] {processor.py:157} INFO - Started process (PID=296) to work on /home/airflow/.local/lib/python3.8/site-packages/airflow/example_dags/example_skip_dag.py
[2023-11-22T20:49:15.011+0000] {processor.py:829} INFO - Processing file /home/airflow/.local/lib/python3.8/site-packages/airflow/example_dags/example_skip_dag.py for tasks to queue
[2023-11-22T20:49:15.014+0000] {logging_mixin.py:154} INFO - [2023-11-22T20:49:15.014+0000] {dagbag.py:536} INFO - Filling up the DagBag from /home/airflow/.local/lib/python3.8/site-packages/airflow/example_dags/example_skip_dag.py
[2023-11-22T20:49:15.021+0000] {processor.py:839} INFO - DAG(s) dict_keys(['example_skip_dag']) retrieved from /home/airflow/.local/lib/python3.8/site-packages/airflow/example_dags/example_skip_dag.py
[2023-11-22T20:49:15.044+0000] {logging_mixin.py:154} INFO - [2023-11-22T20:49:15.044+0000] {dag.py:2941} INFO - Sync 1 DAGs
[2023-11-22T20:49:15.069+0000] {logging_mixin.py:154} INFO - [2023-11-22T20:49:15.069+0000] {dag.py:3722} INFO - Setting next_dagrun for example_skip_dag to 2023-11-21T20:49:15.069056+00:00, run_after=2023-11-22T20:49:15.069056+00:00
[2023-11-22T20:49:15.091+0000] {processor.py:179} INFO - Processing /home/airflow/.local/lib/python3.8/site-packages/airflow/example_dags/example_skip_dag.py took 0.084 seconds
[2023-11-22T20:49:45.363+0000] {processor.py:157} INFO - Started process (PID=350) to work on /home/airflow/.local/lib/python3.8/site-packages/airflow/example_dags/example_skip_dag.py
[2023-11-22T20:49:45.365+0000] {processor.py:829} INFO - Processing file /home/airflow/.local/lib/python3.8/site-packages/airflow/example_dags/example_skip_dag.py for tasks to queue
[2023-11-22T20:49:45.367+0000] {logging_mixin.py:154} INFO - [2023-11-22T20:49:45.367+0000] {dagbag.py:536} INFO - Filling up the DagBag from /home/airflow/.local/lib/python3.8/site-packages/airflow/example_dags/example_skip_dag.py
[2023-11-22T20:49:45.375+0000] {processor.py:839} INFO - DAG(s) dict_keys(['example_skip_dag']) retrieved from /home/airflow/.local/lib/python3.8/site-packages/airflow/example_dags/example_skip_dag.py
[2023-11-22T20:49:45.404+0000] {logging_mixin.py:154} INFO - [2023-11-22T20:49:45.404+0000] {dag.py:2941} INFO - Sync 1 DAGs
[2023-11-22T20:49:45.436+0000] {logging_mixin.py:154} INFO - [2023-11-22T20:49:45.436+0000] {dag.py:3722} INFO - Setting next_dagrun for example_skip_dag to 2023-11-21T20:49:45.435863+00:00, run_after=2023-11-22T20:49:45.435863+00:00
[2023-11-22T20:49:45.467+0000] {processor.py:179} INFO - Processing /home/airflow/.local/lib/python3.8/site-packages/airflow/example_dags/example_skip_dag.py took 0.108 seconds
[2023-11-22T20:50:16.127+0000] {processor.py:157} INFO - Started process (PID=404) to work on /home/airflow/.local/lib/python3.8/site-packages/airflow/example_dags/example_skip_dag.py
[2023-11-22T20:50:16.129+0000] {processor.py:829} INFO - Processing file /home/airflow/.local/lib/python3.8/site-packages/airflow/example_dags/example_skip_dag.py for tasks to queue
[2023-11-22T20:50:16.132+0000] {logging_mixin.py:154} INFO - [2023-11-22T20:50:16.132+0000] {dagbag.py:536} INFO - Filling up the DagBag from /home/airflow/.local/lib/python3.8/site-packages/airflow/example_dags/example_skip_dag.py
[2023-11-22T20:50:16.142+0000] {processor.py:839} INFO - DAG(s) dict_keys(['example_skip_dag']) retrieved from /home/airflow/.local/lib/python3.8/site-packages/airflow/example_dags/example_skip_dag.py
[2023-11-22T20:50:16.170+0000] {logging_mixin.py:154} INFO - [2023-11-22T20:50:16.170+0000] {dag.py:2941} INFO - Sync 1 DAGs
[2023-11-22T20:50:16.197+0000] {logging_mixin.py:154} INFO - [2023-11-22T20:50:16.196+0000] {dag.py:3722} INFO - Setting next_dagrun for example_skip_dag to 2023-11-21T20:50:16.196647+00:00, run_after=2023-11-22T20:50:16.196647+00:00
[2023-11-22T20:50:16.227+0000] {processor.py:179} INFO - Processing /home/airflow/.local/lib/python3.8/site-packages/airflow/example_dags/example_skip_dag.py took 0.105 seconds
[2023-11-22T20:50:46.329+0000] {processor.py:157} INFO - Started process (PID=458) to work on /home/airflow/.local/lib/python3.8/site-packages/airflow/example_dags/example_skip_dag.py
[2023-11-22T20:50:46.330+0000] {processor.py:829} INFO - Processing file /home/airflow/.local/lib/python3.8/site-packages/airflow/example_dags/example_skip_dag.py for tasks to queue
[2023-11-22T20:50:46.332+0000] {logging_mixin.py:154} INFO - [2023-11-22T20:50:46.332+0000] {dagbag.py:536} INFO - Filling up the DagBag from /home/airflow/.local/lib/python3.8/site-packages/airflow/example_dags/example_skip_dag.py
[2023-11-22T20:50:46.339+0000] {processor.py:839} INFO - DAG(s) dict_keys(['example_skip_dag']) retrieved from /home/airflow/.local/lib/python3.8/site-packages/airflow/example_dags/example_skip_dag.py
[2023-11-22T20:50:46.361+0000] {logging_mixin.py:154} INFO - [2023-11-22T20:50:46.360+0000] {dag.py:2941} INFO - Sync 1 DAGs
[2023-11-22T20:50:46.382+0000] {logging_mixin.py:154} INFO - [2023-11-22T20:50:46.382+0000] {dag.py:3722} INFO - Setting next_dagrun for example_skip_dag to 2023-11-21T20:50:46.382528+00:00, run_after=2023-11-22T20:50:46.382528+00:00
[2023-11-22T20:50:46.403+0000] {processor.py:179} INFO - Processing /home/airflow/.local/lib/python3.8/site-packages/airflow/example_dags/example_skip_dag.py took 0.077 seconds
[2023-11-22T20:51:16.956+0000] {processor.py:157} INFO - Started process (PID=512) to work on /home/airflow/.local/lib/python3.8/site-packages/airflow/example_dags/example_skip_dag.py
[2023-11-22T20:51:16.958+0000] {processor.py:829} INFO - Processing file /home/airflow/.local/lib/python3.8/site-packages/airflow/example_dags/example_skip_dag.py for tasks to queue
[2023-11-22T20:51:16.960+0000] {logging_mixin.py:154} INFO - [2023-11-22T20:51:16.960+0000] {dagbag.py:536} INFO - Filling up the DagBag from /home/airflow/.local/lib/python3.8/site-packages/airflow/example_dags/example_skip_dag.py
[2023-11-22T20:51:16.967+0000] {processor.py:839} INFO - DAG(s) dict_keys(['example_skip_dag']) retrieved from /home/airflow/.local/lib/python3.8/site-packages/airflow/example_dags/example_skip_dag.py
[2023-11-22T20:51:16.990+0000] {logging_mixin.py:154} INFO - [2023-11-22T20:51:16.989+0000] {dag.py:2941} INFO - Sync 1 DAGs
[2023-11-22T20:51:17.013+0000] {logging_mixin.py:154} INFO - [2023-11-22T20:51:17.013+0000] {dag.py:3722} INFO - Setting next_dagrun for example_skip_dag to 2023-11-21T20:51:17.012883+00:00, run_after=2023-11-22T20:51:17.012883+00:00
[2023-11-22T20:51:17.034+0000] {processor.py:179} INFO - Processing /home/airflow/.local/lib/python3.8/site-packages/airflow/example_dags/example_skip_dag.py took 0.081 seconds
[2023-11-22T20:51:47.261+0000] {processor.py:157} INFO - Started process (PID=566) to work on /home/airflow/.local/lib/python3.8/site-packages/airflow/example_dags/example_skip_dag.py
[2023-11-22T20:51:47.262+0000] {processor.py:829} INFO - Processing file /home/airflow/.local/lib/python3.8/site-packages/airflow/example_dags/example_skip_dag.py for tasks to queue
[2023-11-22T20:51:47.265+0000] {logging_mixin.py:154} INFO - [2023-11-22T20:51:47.264+0000] {dagbag.py:536} INFO - Filling up the DagBag from /home/airflow/.local/lib/python3.8/site-packages/airflow/example_dags/example_skip_dag.py
[2023-11-22T20:51:47.271+0000] {processor.py:839} INFO - DAG(s) dict_keys(['example_skip_dag']) retrieved from /home/airflow/.local/lib/python3.8/site-packages/airflow/example_dags/example_skip_dag.py
[2023-11-22T20:51:47.291+0000] {logging_mixin.py:154} INFO - [2023-11-22T20:51:47.291+0000] {dag.py:2941} INFO - Sync 1 DAGs
[2023-11-22T20:51:47.313+0000] {logging_mixin.py:154} INFO - [2023-11-22T20:51:47.313+0000] {dag.py:3722} INFO - Setting next_dagrun for example_skip_dag to 2023-11-21T20:51:47.313140+00:00, run_after=2023-11-22T20:51:47.313140+00:00
[2023-11-22T20:51:47.334+0000] {processor.py:179} INFO - Processing /home/airflow/.local/lib/python3.8/site-packages/airflow/example_dags/example_skip_dag.py took 0.075 seconds
[2023-11-22T20:52:30.664+0000] {processor.py:157} INFO - Started process (PID=621) to work on /home/airflow/.local/lib/python3.8/site-packages/airflow/example_dags/example_skip_dag.py
[2023-11-22T20:52:30.666+0000] {processor.py:829} INFO - Processing file /home/airflow/.local/lib/python3.8/site-packages/airflow/example_dags/example_skip_dag.py for tasks to queue
[2023-11-22T20:52:30.668+0000] {logging_mixin.py:154} INFO - [2023-11-22T20:52:30.668+0000] {dagbag.py:536} INFO - Filling up the DagBag from /home/airflow/.local/lib/python3.8/site-packages/airflow/example_dags/example_skip_dag.py
[2023-11-22T20:52:30.675+0000] {processor.py:839} INFO - DAG(s) dict_keys(['example_skip_dag']) retrieved from /home/airflow/.local/lib/python3.8/site-packages/airflow/example_dags/example_skip_dag.py
[2023-11-22T20:52:30.699+0000] {logging_mixin.py:154} INFO - [2023-11-22T20:52:30.698+0000] {dag.py:2941} INFO - Sync 1 DAGs
[2023-11-22T20:52:30.738+0000] {logging_mixin.py:154} INFO - [2023-11-22T20:52:30.737+0000] {dag.py:3722} INFO - Setting next_dagrun for example_skip_dag to 2023-11-21T20:52:30.737089+00:00, run_after=2023-11-22T20:52:30.737089+00:00
[2023-11-22T20:52:30.778+0000] {processor.py:179} INFO - Processing /home/airflow/.local/lib/python3.8/site-packages/airflow/example_dags/example_skip_dag.py took 0.117 seconds
[2023-11-22T20:53:00.879+0000] {processor.py:157} INFO - Started process (PID=673) to work on /home/airflow/.local/lib/python3.8/site-packages/airflow/example_dags/example_skip_dag.py
[2023-11-22T20:53:00.880+0000] {processor.py:829} INFO - Processing file /home/airflow/.local/lib/python3.8/site-packages/airflow/example_dags/example_skip_dag.py for tasks to queue
[2023-11-22T20:53:00.883+0000] {logging_mixin.py:154} INFO - [2023-11-22T20:53:00.883+0000] {dagbag.py:536} INFO - Filling up the DagBag from /home/airflow/.local/lib/python3.8/site-packages/airflow/example_dags/example_skip_dag.py
[2023-11-22T20:53:00.890+0000] {processor.py:839} INFO - DAG(s) dict_keys(['example_skip_dag']) retrieved from /home/airflow/.local/lib/python3.8/site-packages/airflow/example_dags/example_skip_dag.py
[2023-11-22T20:53:00.913+0000] {logging_mixin.py:154} INFO - [2023-11-22T20:53:00.913+0000] {dag.py:2941} INFO - Sync 1 DAGs
[2023-11-22T20:53:00.936+0000] {logging_mixin.py:154} INFO - [2023-11-22T20:53:00.936+0000] {dag.py:3722} INFO - Setting next_dagrun for example_skip_dag to 2023-11-21T20:53:00.936319+00:00, run_after=2023-11-22T20:53:00.936319+00:00
[2023-11-22T20:53:00.957+0000] {processor.py:179} INFO - Processing /home/airflow/.local/lib/python3.8/site-packages/airflow/example_dags/example_skip_dag.py took 0.081 seconds
[2023-11-22T20:53:31.513+0000] {processor.py:157} INFO - Started process (PID=728) to work on /home/airflow/.local/lib/python3.8/site-packages/airflow/example_dags/example_skip_dag.py
[2023-11-22T20:53:31.514+0000] {processor.py:829} INFO - Processing file /home/airflow/.local/lib/python3.8/site-packages/airflow/example_dags/example_skip_dag.py for tasks to queue
[2023-11-22T20:53:31.519+0000] {logging_mixin.py:154} INFO - [2023-11-22T20:53:31.519+0000] {dagbag.py:536} INFO - Filling up the DagBag from /home/airflow/.local/lib/python3.8/site-packages/airflow/example_dags/example_skip_dag.py
[2023-11-22T20:53:31.528+0000] {processor.py:839} INFO - DAG(s) dict_keys(['example_skip_dag']) retrieved from /home/airflow/.local/lib/python3.8/site-packages/airflow/example_dags/example_skip_dag.py
[2023-11-22T20:53:31.555+0000] {logging_mixin.py:154} INFO - [2023-11-22T20:53:31.555+0000] {dag.py:2941} INFO - Sync 1 DAGs
[2023-11-22T20:53:31.579+0000] {logging_mixin.py:154} INFO - [2023-11-22T20:53:31.579+0000] {dag.py:3722} INFO - Setting next_dagrun for example_skip_dag to 2023-11-21T20:53:31.578910+00:00, run_after=2023-11-22T20:53:31.578910+00:00
[2023-11-22T20:53:31.605+0000] {processor.py:179} INFO - Processing /home/airflow/.local/lib/python3.8/site-packages/airflow/example_dags/example_skip_dag.py took 0.096 seconds
[2023-11-22T20:54:07.060+0000] {processor.py:157} INFO - Started process (PID=783) to work on /home/airflow/.local/lib/python3.8/site-packages/airflow/example_dags/example_skip_dag.py
[2023-11-22T20:54:07.062+0000] {processor.py:829} INFO - Processing file /home/airflow/.local/lib/python3.8/site-packages/airflow/example_dags/example_skip_dag.py for tasks to queue
[2023-11-22T20:54:07.069+0000] {logging_mixin.py:154} INFO - [2023-11-22T20:54:07.068+0000] {dagbag.py:536} INFO - Filling up the DagBag from /home/airflow/.local/lib/python3.8/site-packages/airflow/example_dags/example_skip_dag.py
[2023-11-22T20:54:07.079+0000] {processor.py:839} INFO - DAG(s) dict_keys(['example_skip_dag']) retrieved from /home/airflow/.local/lib/python3.8/site-packages/airflow/example_dags/example_skip_dag.py
[2023-11-22T20:54:07.122+0000] {logging_mixin.py:154} INFO - [2023-11-22T20:54:07.121+0000] {dag.py:2941} INFO - Sync 1 DAGs
[2023-11-22T20:54:07.160+0000] {logging_mixin.py:154} INFO - [2023-11-22T20:54:07.159+0000] {dag.py:3722} INFO - Setting next_dagrun for example_skip_dag to 2023-11-21T20:54:07.159482+00:00, run_after=2023-11-22T20:54:07.159482+00:00
[2023-11-22T20:54:07.189+0000] {processor.py:179} INFO - Processing /home/airflow/.local/lib/python3.8/site-packages/airflow/example_dags/example_skip_dag.py took 0.138 seconds
[2023-11-22T20:54:39.086+0000] {processor.py:157} INFO - Started process (PID=837) to work on /home/airflow/.local/lib/python3.8/site-packages/airflow/example_dags/example_skip_dag.py
[2023-11-22T20:54:39.088+0000] {processor.py:829} INFO - Processing file /home/airflow/.local/lib/python3.8/site-packages/airflow/example_dags/example_skip_dag.py for tasks to queue
[2023-11-22T20:54:39.091+0000] {logging_mixin.py:154} INFO - [2023-11-22T20:54:39.090+0000] {dagbag.py:536} INFO - Filling up the DagBag from /home/airflow/.local/lib/python3.8/site-packages/airflow/example_dags/example_skip_dag.py
[2023-11-22T20:54:39.100+0000] {processor.py:839} INFO - DAG(s) dict_keys(['example_skip_dag']) retrieved from /home/airflow/.local/lib/python3.8/site-packages/airflow/example_dags/example_skip_dag.py
[2023-11-22T20:54:39.126+0000] {logging_mixin.py:154} INFO - [2023-11-22T20:54:39.126+0000] {dag.py:2941} INFO - Sync 1 DAGs
[2023-11-22T20:54:39.149+0000] {logging_mixin.py:154} INFO - [2023-11-22T20:54:39.148+0000] {dag.py:3722} INFO - Setting next_dagrun for example_skip_dag to 2023-11-21T20:54:39.148657+00:00, run_after=2023-11-22T20:54:39.148657+00:00
[2023-11-22T20:54:39.169+0000] {processor.py:179} INFO - Processing /home/airflow/.local/lib/python3.8/site-packages/airflow/example_dags/example_skip_dag.py took 0.090 seconds
[2023-11-22T20:55:10.028+0000] {processor.py:157} INFO - Started process (PID=891) to work on /home/airflow/.local/lib/python3.8/site-packages/airflow/example_dags/example_skip_dag.py
[2023-11-22T20:55:10.029+0000] {processor.py:829} INFO - Processing file /home/airflow/.local/lib/python3.8/site-packages/airflow/example_dags/example_skip_dag.py for tasks to queue
[2023-11-22T20:55:10.032+0000] {logging_mixin.py:154} INFO - [2023-11-22T20:55:10.032+0000] {dagbag.py:536} INFO - Filling up the DagBag from /home/airflow/.local/lib/python3.8/site-packages/airflow/example_dags/example_skip_dag.py
[2023-11-22T20:55:10.041+0000] {processor.py:839} INFO - DAG(s) dict_keys(['example_skip_dag']) retrieved from /home/airflow/.local/lib/python3.8/site-packages/airflow/example_dags/example_skip_dag.py
[2023-11-22T20:55:10.070+0000] {logging_mixin.py:154} INFO - [2023-11-22T20:55:10.070+0000] {dag.py:2941} INFO - Sync 1 DAGs
[2023-11-22T20:55:10.095+0000] {logging_mixin.py:154} INFO - [2023-11-22T20:55:10.094+0000] {dag.py:3722} INFO - Setting next_dagrun for example_skip_dag to 2023-11-21T20:55:10.094676+00:00, run_after=2023-11-22T20:55:10.094676+00:00
[2023-11-22T20:55:10.113+0000] {processor.py:179} INFO - Processing /home/airflow/.local/lib/python3.8/site-packages/airflow/example_dags/example_skip_dag.py took 0.089 seconds
[2023-11-22T20:55:41.078+0000] {processor.py:157} INFO - Started process (PID=945) to work on /home/airflow/.local/lib/python3.8/site-packages/airflow/example_dags/example_skip_dag.py
[2023-11-22T20:55:41.080+0000] {processor.py:829} INFO - Processing file /home/airflow/.local/lib/python3.8/site-packages/airflow/example_dags/example_skip_dag.py for tasks to queue
[2023-11-22T20:55:41.083+0000] {logging_mixin.py:154} INFO - [2023-11-22T20:55:41.082+0000] {dagbag.py:536} INFO - Filling up the DagBag from /home/airflow/.local/lib/python3.8/site-packages/airflow/example_dags/example_skip_dag.py
[2023-11-22T20:55:41.091+0000] {processor.py:839} INFO - DAG(s) dict_keys(['example_skip_dag']) retrieved from /home/airflow/.local/lib/python3.8/site-packages/airflow/example_dags/example_skip_dag.py
[2023-11-22T20:55:41.113+0000] {logging_mixin.py:154} INFO - [2023-11-22T20:55:41.113+0000] {dag.py:2941} INFO - Sync 1 DAGs
[2023-11-22T20:55:41.136+0000] {logging_mixin.py:154} INFO - [2023-11-22T20:55:41.136+0000] {dag.py:3722} INFO - Setting next_dagrun for example_skip_dag to 2023-11-21T20:55:41.136373+00:00, run_after=2023-11-22T20:55:41.136373+00:00
[2023-11-22T20:55:41.156+0000] {processor.py:179} INFO - Processing /home/airflow/.local/lib/python3.8/site-packages/airflow/example_dags/example_skip_dag.py took 0.081 seconds
[2023-11-22T20:56:11.613+0000] {processor.py:157} INFO - Started process (PID=1000) to work on /home/airflow/.local/lib/python3.8/site-packages/airflow/example_dags/example_skip_dag.py
[2023-11-22T20:56:11.614+0000] {processor.py:829} INFO - Processing file /home/airflow/.local/lib/python3.8/site-packages/airflow/example_dags/example_skip_dag.py for tasks to queue
[2023-11-22T20:56:11.616+0000] {logging_mixin.py:154} INFO - [2023-11-22T20:56:11.616+0000] {dagbag.py:536} INFO - Filling up the DagBag from /home/airflow/.local/lib/python3.8/site-packages/airflow/example_dags/example_skip_dag.py
[2023-11-22T20:56:11.625+0000] {processor.py:839} INFO - DAG(s) dict_keys(['example_skip_dag']) retrieved from /home/airflow/.local/lib/python3.8/site-packages/airflow/example_dags/example_skip_dag.py
[2023-11-22T20:56:11.648+0000] {logging_mixin.py:154} INFO - [2023-11-22T20:56:11.648+0000] {dag.py:2941} INFO - Sync 1 DAGs
[2023-11-22T20:56:11.673+0000] {logging_mixin.py:154} INFO - [2023-11-22T20:56:11.673+0000] {dag.py:3722} INFO - Setting next_dagrun for example_skip_dag to 2023-11-21T20:56:11.673114+00:00, run_after=2023-11-22T20:56:11.673114+00:00
[2023-11-22T20:56:11.698+0000] {processor.py:179} INFO - Processing /home/airflow/.local/lib/python3.8/site-packages/airflow/example_dags/example_skip_dag.py took 0.088 seconds
[2023-11-22T20:56:42.413+0000] {processor.py:157} INFO - Started process (PID=1054) to work on /home/airflow/.local/lib/python3.8/site-packages/airflow/example_dags/example_skip_dag.py
[2023-11-22T20:56:42.414+0000] {processor.py:829} INFO - Processing file /home/airflow/.local/lib/python3.8/site-packages/airflow/example_dags/example_skip_dag.py for tasks to queue
[2023-11-22T20:56:42.417+0000] {logging_mixin.py:154} INFO - [2023-11-22T20:56:42.417+0000] {dagbag.py:536} INFO - Filling up the DagBag from /home/airflow/.local/lib/python3.8/site-packages/airflow/example_dags/example_skip_dag.py
[2023-11-22T20:56:42.425+0000] {processor.py:839} INFO - DAG(s) dict_keys(['example_skip_dag']) retrieved from /home/airflow/.local/lib/python3.8/site-packages/airflow/example_dags/example_skip_dag.py
[2023-11-22T20:56:42.446+0000] {logging_mixin.py:154} INFO - [2023-11-22T20:56:42.446+0000] {dag.py:2941} INFO - Sync 1 DAGs
[2023-11-22T20:56:42.467+0000] {logging_mixin.py:154} INFO - [2023-11-22T20:56:42.467+0000] {dag.py:3722} INFO - Setting next_dagrun for example_skip_dag to 2023-11-21T20:56:42.466824+00:00, run_after=2023-11-22T20:56:42.466824+00:00
[2023-11-22T20:56:42.637+0000] {processor.py:179} INFO - Processing /home/airflow/.local/lib/python3.8/site-packages/airflow/example_dags/example_skip_dag.py took 0.227 seconds
[2023-11-22T20:57:13.102+0000] {processor.py:157} INFO - Started process (PID=1108) to work on /home/airflow/.local/lib/python3.8/site-packages/airflow/example_dags/example_skip_dag.py
[2023-11-22T20:57:13.104+0000] {processor.py:829} INFO - Processing file /home/airflow/.local/lib/python3.8/site-packages/airflow/example_dags/example_skip_dag.py for tasks to queue
[2023-11-22T20:57:13.106+0000] {logging_mixin.py:154} INFO - [2023-11-22T20:57:13.106+0000] {dagbag.py:536} INFO - Filling up the DagBag from /home/airflow/.local/lib/python3.8/site-packages/airflow/example_dags/example_skip_dag.py
[2023-11-22T20:57:13.113+0000] {processor.py:839} INFO - DAG(s) dict_keys(['example_skip_dag']) retrieved from /home/airflow/.local/lib/python3.8/site-packages/airflow/example_dags/example_skip_dag.py
[2023-11-22T20:57:13.137+0000] {logging_mixin.py:154} INFO - [2023-11-22T20:57:13.136+0000] {dag.py:2941} INFO - Sync 1 DAGs
[2023-11-22T20:57:13.158+0000] {logging_mixin.py:154} INFO - [2023-11-22T20:57:13.158+0000] {dag.py:3722} INFO - Setting next_dagrun for example_skip_dag to 2023-11-21T20:57:13.157890+00:00, run_after=2023-11-22T20:57:13.157890+00:00
[2023-11-22T20:57:13.180+0000] {processor.py:179} INFO - Processing /home/airflow/.local/lib/python3.8/site-packages/airflow/example_dags/example_skip_dag.py took 0.081 seconds
[2023-11-22T20:57:43.871+0000] {processor.py:157} INFO - Started process (PID=1162) to work on /home/airflow/.local/lib/python3.8/site-packages/airflow/example_dags/example_skip_dag.py
[2023-11-22T20:57:43.873+0000] {processor.py:829} INFO - Processing file /home/airflow/.local/lib/python3.8/site-packages/airflow/example_dags/example_skip_dag.py for tasks to queue
[2023-11-22T20:57:43.876+0000] {logging_mixin.py:154} INFO - [2023-11-22T20:57:43.876+0000] {dagbag.py:536} INFO - Filling up the DagBag from /home/airflow/.local/lib/python3.8/site-packages/airflow/example_dags/example_skip_dag.py
[2023-11-22T20:57:43.885+0000] {processor.py:839} INFO - DAG(s) dict_keys(['example_skip_dag']) retrieved from /home/airflow/.local/lib/python3.8/site-packages/airflow/example_dags/example_skip_dag.py
[2023-11-22T20:57:43.909+0000] {logging_mixin.py:154} INFO - [2023-11-22T20:57:43.909+0000] {dag.py:2941} INFO - Sync 1 DAGs
[2023-11-22T20:57:43.932+0000] {logging_mixin.py:154} INFO - [2023-11-22T20:57:43.932+0000] {dag.py:3722} INFO - Setting next_dagrun for example_skip_dag to 2023-11-21T20:57:43.931856+00:00, run_after=2023-11-22T20:57:43.931856+00:00
[2023-11-22T20:57:43.953+0000] {processor.py:179} INFO - Processing /home/airflow/.local/lib/python3.8/site-packages/airflow/example_dags/example_skip_dag.py took 0.087 seconds
[2023-11-22T20:58:14.683+0000] {processor.py:157} INFO - Started process (PID=1216) to work on /home/airflow/.local/lib/python3.8/site-packages/airflow/example_dags/example_skip_dag.py
[2023-11-22T20:58:14.684+0000] {processor.py:829} INFO - Processing file /home/airflow/.local/lib/python3.8/site-packages/airflow/example_dags/example_skip_dag.py for tasks to queue
[2023-11-22T20:58:14.687+0000] {logging_mixin.py:154} INFO - [2023-11-22T20:58:14.686+0000] {dagbag.py:536} INFO - Filling up the DagBag from /home/airflow/.local/lib/python3.8/site-packages/airflow/example_dags/example_skip_dag.py
[2023-11-22T20:58:14.694+0000] {processor.py:839} INFO - DAG(s) dict_keys(['example_skip_dag']) retrieved from /home/airflow/.local/lib/python3.8/site-packages/airflow/example_dags/example_skip_dag.py
[2023-11-22T20:58:14.720+0000] {logging_mixin.py:154} INFO - [2023-11-22T20:58:14.720+0000] {dag.py:2941} INFO - Sync 1 DAGs
[2023-11-22T20:58:14.745+0000] {logging_mixin.py:154} INFO - [2023-11-22T20:58:14.745+0000] {dag.py:3722} INFO - Setting next_dagrun for example_skip_dag to 2023-11-21T20:58:14.744951+00:00, run_after=2023-11-22T20:58:14.744951+00:00
[2023-11-22T20:58:14.902+0000] {processor.py:179} INFO - Processing /home/airflow/.local/lib/python3.8/site-packages/airflow/example_dags/example_skip_dag.py took 0.221 seconds
[2023-11-22T20:58:45.415+0000] {processor.py:157} INFO - Started process (PID=1270) to work on /home/airflow/.local/lib/python3.8/site-packages/airflow/example_dags/example_skip_dag.py
[2023-11-22T20:58:45.416+0000] {processor.py:829} INFO - Processing file /home/airflow/.local/lib/python3.8/site-packages/airflow/example_dags/example_skip_dag.py for tasks to queue
[2023-11-22T20:58:45.419+0000] {logging_mixin.py:154} INFO - [2023-11-22T20:58:45.418+0000] {dagbag.py:536} INFO - Filling up the DagBag from /home/airflow/.local/lib/python3.8/site-packages/airflow/example_dags/example_skip_dag.py
[2023-11-22T20:58:45.427+0000] {processor.py:839} INFO - DAG(s) dict_keys(['example_skip_dag']) retrieved from /home/airflow/.local/lib/python3.8/site-packages/airflow/example_dags/example_skip_dag.py
[2023-11-22T20:58:45.448+0000] {logging_mixin.py:154} INFO - [2023-11-22T20:58:45.448+0000] {dag.py:2941} INFO - Sync 1 DAGs
[2023-11-22T20:58:45.470+0000] {logging_mixin.py:154} INFO - [2023-11-22T20:58:45.470+0000] {dag.py:3722} INFO - Setting next_dagrun for example_skip_dag to 2023-11-21T20:58:45.469886+00:00, run_after=2023-11-22T20:58:45.469886+00:00
[2023-11-22T20:58:45.492+0000] {processor.py:179} INFO - Processing /home/airflow/.local/lib/python3.8/site-packages/airflow/example_dags/example_skip_dag.py took 0.081 seconds
[2023-11-22T20:59:16.314+0000] {processor.py:157} INFO - Started process (PID=1324) to work on /home/airflow/.local/lib/python3.8/site-packages/airflow/example_dags/example_skip_dag.py
[2023-11-22T20:59:16.316+0000] {processor.py:829} INFO - Processing file /home/airflow/.local/lib/python3.8/site-packages/airflow/example_dags/example_skip_dag.py for tasks to queue
[2023-11-22T20:59:16.318+0000] {logging_mixin.py:154} INFO - [2023-11-22T20:59:16.318+0000] {dagbag.py:536} INFO - Filling up the DagBag from /home/airflow/.local/lib/python3.8/site-packages/airflow/example_dags/example_skip_dag.py
[2023-11-22T20:59:16.326+0000] {processor.py:839} INFO - DAG(s) dict_keys(['example_skip_dag']) retrieved from /home/airflow/.local/lib/python3.8/site-packages/airflow/example_dags/example_skip_dag.py
[2023-11-22T20:59:16.351+0000] {logging_mixin.py:154} INFO - [2023-11-22T20:59:16.351+0000] {dag.py:2941} INFO - Sync 1 DAGs
[2023-11-22T20:59:16.372+0000] {logging_mixin.py:154} INFO - [2023-11-22T20:59:16.372+0000] {dag.py:3722} INFO - Setting next_dagrun for example_skip_dag to 2023-11-21T20:59:16.371896+00:00, run_after=2023-11-22T20:59:16.371896+00:00
[2023-11-22T20:59:16.392+0000] {processor.py:179} INFO - Processing /home/airflow/.local/lib/python3.8/site-packages/airflow/example_dags/example_skip_dag.py took 0.081 seconds
[2023-11-22T20:59:46.561+0000] {processor.py:157} INFO - Started process (PID=1377) to work on /home/airflow/.local/lib/python3.8/site-packages/airflow/example_dags/example_skip_dag.py
[2023-11-22T20:59:46.563+0000] {processor.py:829} INFO - Processing file /home/airflow/.local/lib/python3.8/site-packages/airflow/example_dags/example_skip_dag.py for tasks to queue
[2023-11-22T20:59:46.566+0000] {logging_mixin.py:154} INFO - [2023-11-22T20:59:46.566+0000] {dagbag.py:536} INFO - Filling up the DagBag from /home/airflow/.local/lib/python3.8/site-packages/airflow/example_dags/example_skip_dag.py
[2023-11-22T20:59:46.576+0000] {processor.py:839} INFO - DAG(s) dict_keys(['example_skip_dag']) retrieved from /home/airflow/.local/lib/python3.8/site-packages/airflow/example_dags/example_skip_dag.py
[2023-11-22T20:59:46.602+0000] {logging_mixin.py:154} INFO - [2023-11-22T20:59:46.602+0000] {dag.py:2941} INFO - Sync 1 DAGs
[2023-11-22T20:59:46.782+0000] {logging_mixin.py:154} INFO - [2023-11-22T20:59:46.781+0000] {dag.py:3722} INFO - Setting next_dagrun for example_skip_dag to 2023-11-21T20:59:46.781393+00:00, run_after=2023-11-22T20:59:46.781393+00:00
[2023-11-22T20:59:46.814+0000] {processor.py:179} INFO - Processing /home/airflow/.local/lib/python3.8/site-packages/airflow/example_dags/example_skip_dag.py took 0.257 seconds
[2023-11-22T21:00:17.022+0000] {processor.py:157} INFO - Started process (PID=1431) to work on /home/airflow/.local/lib/python3.8/site-packages/airflow/example_dags/example_skip_dag.py
[2023-11-22T21:00:17.023+0000] {processor.py:829} INFO - Processing file /home/airflow/.local/lib/python3.8/site-packages/airflow/example_dags/example_skip_dag.py for tasks to queue
[2023-11-22T21:00:17.026+0000] {logging_mixin.py:154} INFO - [2023-11-22T21:00:17.025+0000] {dagbag.py:536} INFO - Filling up the DagBag from /home/airflow/.local/lib/python3.8/site-packages/airflow/example_dags/example_skip_dag.py
[2023-11-22T21:00:17.034+0000] {processor.py:839} INFO - DAG(s) dict_keys(['example_skip_dag']) retrieved from /home/airflow/.local/lib/python3.8/site-packages/airflow/example_dags/example_skip_dag.py
[2023-11-22T21:00:17.058+0000] {logging_mixin.py:154} INFO - [2023-11-22T21:00:17.058+0000] {dag.py:2941} INFO - Sync 1 DAGs
[2023-11-22T21:00:17.082+0000] {logging_mixin.py:154} INFO - [2023-11-22T21:00:17.082+0000] {dag.py:3722} INFO - Setting next_dagrun for example_skip_dag to 2023-11-21T21:00:17.082402+00:00, run_after=2023-11-22T21:00:17.082402+00:00
[2023-11-22T21:00:17.109+0000] {processor.py:179} INFO - Processing /home/airflow/.local/lib/python3.8/site-packages/airflow/example_dags/example_skip_dag.py took 0.090 seconds
[2023-11-22T21:00:47.766+0000] {processor.py:157} INFO - Started process (PID=1485) to work on /home/airflow/.local/lib/python3.8/site-packages/airflow/example_dags/example_skip_dag.py
[2023-11-22T21:00:47.767+0000] {processor.py:829} INFO - Processing file /home/airflow/.local/lib/python3.8/site-packages/airflow/example_dags/example_skip_dag.py for tasks to queue
[2023-11-22T21:00:47.770+0000] {logging_mixin.py:154} INFO - [2023-11-22T21:00:47.770+0000] {dagbag.py:536} INFO - Filling up the DagBag from /home/airflow/.local/lib/python3.8/site-packages/airflow/example_dags/example_skip_dag.py
[2023-11-22T21:00:47.780+0000] {processor.py:839} INFO - DAG(s) dict_keys(['example_skip_dag']) retrieved from /home/airflow/.local/lib/python3.8/site-packages/airflow/example_dags/example_skip_dag.py
[2023-11-22T21:00:47.806+0000] {logging_mixin.py:154} INFO - [2023-11-22T21:00:47.806+0000] {dag.py:2941} INFO - Sync 1 DAGs
[2023-11-22T21:00:47.830+0000] {logging_mixin.py:154} INFO - [2023-11-22T21:00:47.830+0000] {dag.py:3722} INFO - Setting next_dagrun for example_skip_dag to 2023-11-21T21:00:47.830128+00:00, run_after=2023-11-22T21:00:47.830128+00:00
[2023-11-22T21:00:47.850+0000] {processor.py:179} INFO - Processing /home/airflow/.local/lib/python3.8/site-packages/airflow/example_dags/example_skip_dag.py took 0.089 seconds
[2023-11-22T21:01:18.760+0000] {processor.py:157} INFO - Started process (PID=1539) to work on /home/airflow/.local/lib/python3.8/site-packages/airflow/example_dags/example_skip_dag.py
[2023-11-22T21:01:18.761+0000] {processor.py:829} INFO - Processing file /home/airflow/.local/lib/python3.8/site-packages/airflow/example_dags/example_skip_dag.py for tasks to queue
[2023-11-22T21:01:18.764+0000] {logging_mixin.py:154} INFO - [2023-11-22T21:01:18.764+0000] {dagbag.py:536} INFO - Filling up the DagBag from /home/airflow/.local/lib/python3.8/site-packages/airflow/example_dags/example_skip_dag.py
[2023-11-22T21:01:18.773+0000] {processor.py:839} INFO - DAG(s) dict_keys(['example_skip_dag']) retrieved from /home/airflow/.local/lib/python3.8/site-packages/airflow/example_dags/example_skip_dag.py
[2023-11-22T21:01:18.796+0000] {logging_mixin.py:154} INFO - [2023-11-22T21:01:18.796+0000] {dag.py:2941} INFO - Sync 1 DAGs
[2023-11-22T21:01:18.967+0000] {logging_mixin.py:154} INFO - [2023-11-22T21:01:18.967+0000] {dag.py:3722} INFO - Setting next_dagrun for example_skip_dag to 2023-11-21T21:01:18.967166+00:00, run_after=2023-11-22T21:01:18.967166+00:00
[2023-11-22T21:01:19.001+0000] {processor.py:179} INFO - Processing /home/airflow/.local/lib/python3.8/site-packages/airflow/example_dags/example_skip_dag.py took 0.246 seconds
[2023-11-22T21:01:49.139+0000] {processor.py:157} INFO - Started process (PID=1593) to work on /home/airflow/.local/lib/python3.8/site-packages/airflow/example_dags/example_skip_dag.py
[2023-11-22T21:01:49.145+0000] {processor.py:829} INFO - Processing file /home/airflow/.local/lib/python3.8/site-packages/airflow/example_dags/example_skip_dag.py for tasks to queue
[2023-11-22T21:01:49.153+0000] {logging_mixin.py:154} INFO - [2023-11-22T21:01:49.150+0000] {dagbag.py:536} INFO - Filling up the DagBag from /home/airflow/.local/lib/python3.8/site-packages/airflow/example_dags/example_skip_dag.py
[2023-11-22T21:01:49.166+0000] {processor.py:839} INFO - DAG(s) dict_keys(['example_skip_dag']) retrieved from /home/airflow/.local/lib/python3.8/site-packages/airflow/example_dags/example_skip_dag.py
[2023-11-22T21:01:49.217+0000] {logging_mixin.py:154} INFO - [2023-11-22T21:01:49.216+0000] {dag.py:2941} INFO - Sync 1 DAGs
[2023-11-22T21:01:49.306+0000] {logging_mixin.py:154} INFO - [2023-11-22T21:01:49.306+0000] {dag.py:3722} INFO - Setting next_dagrun for example_skip_dag to 2023-11-21T21:01:49.305531+00:00, run_after=2023-11-22T21:01:49.305531+00:00
[2023-11-22T21:01:49.523+0000] {processor.py:179} INFO - Processing /home/airflow/.local/lib/python3.8/site-packages/airflow/example_dags/example_skip_dag.py took 0.389 seconds
[2023-11-22T21:02:20.209+0000] {processor.py:157} INFO - Started process (PID=1655) to work on /home/airflow/.local/lib/python3.8/site-packages/airflow/example_dags/example_skip_dag.py
[2023-11-22T21:02:20.210+0000] {processor.py:829} INFO - Processing file /home/airflow/.local/lib/python3.8/site-packages/airflow/example_dags/example_skip_dag.py for tasks to queue
[2023-11-22T21:02:20.213+0000] {logging_mixin.py:154} INFO - [2023-11-22T21:02:20.213+0000] {dagbag.py:536} INFO - Filling up the DagBag from /home/airflow/.local/lib/python3.8/site-packages/airflow/example_dags/example_skip_dag.py
[2023-11-22T21:02:20.222+0000] {processor.py:839} INFO - DAG(s) dict_keys(['example_skip_dag']) retrieved from /home/airflow/.local/lib/python3.8/site-packages/airflow/example_dags/example_skip_dag.py
[2023-11-22T21:02:20.243+0000] {logging_mixin.py:154} INFO - [2023-11-22T21:02:20.243+0000] {dag.py:2941} INFO - Sync 1 DAGs
[2023-11-22T21:02:20.265+0000] {logging_mixin.py:154} INFO - [2023-11-22T21:02:20.265+0000] {dag.py:3722} INFO - Setting next_dagrun for example_skip_dag to 2023-11-21T21:02:20.264977+00:00, run_after=2023-11-22T21:02:20.264977+00:00
[2023-11-22T21:02:20.286+0000] {processor.py:179} INFO - Processing /home/airflow/.local/lib/python3.8/site-packages/airflow/example_dags/example_skip_dag.py took 0.081 seconds
[2023-11-22T21:02:50.589+0000] {processor.py:157} INFO - Started process (PID=1710) to work on /home/airflow/.local/lib/python3.8/site-packages/airflow/example_dags/example_skip_dag.py
[2023-11-22T21:02:50.590+0000] {processor.py:829} INFO - Processing file /home/airflow/.local/lib/python3.8/site-packages/airflow/example_dags/example_skip_dag.py for tasks to queue
[2023-11-22T21:02:50.593+0000] {logging_mixin.py:154} INFO - [2023-11-22T21:02:50.592+0000] {dagbag.py:536} INFO - Filling up the DagBag from /home/airflow/.local/lib/python3.8/site-packages/airflow/example_dags/example_skip_dag.py
[2023-11-22T21:02:50.601+0000] {processor.py:839} INFO - DAG(s) dict_keys(['example_skip_dag']) retrieved from /home/airflow/.local/lib/python3.8/site-packages/airflow/example_dags/example_skip_dag.py
[2023-11-22T21:02:50.621+0000] {logging_mixin.py:154} INFO - [2023-11-22T21:02:50.621+0000] {dag.py:2941} INFO - Sync 1 DAGs
[2023-11-22T21:02:50.803+0000] {logging_mixin.py:154} INFO - [2023-11-22T21:02:50.803+0000] {dag.py:3722} INFO - Setting next_dagrun for example_skip_dag to 2023-11-21T21:02:50.802954+00:00, run_after=2023-11-22T21:02:50.802954+00:00
[2023-11-22T21:02:50.827+0000] {processor.py:179} INFO - Processing /home/airflow/.local/lib/python3.8/site-packages/airflow/example_dags/example_skip_dag.py took 0.241 seconds
[2023-11-22T21:03:20.989+0000] {processor.py:157} INFO - Started process (PID=1765) to work on /home/airflow/.local/lib/python3.8/site-packages/airflow/example_dags/example_skip_dag.py
[2023-11-22T21:03:20.990+0000] {processor.py:829} INFO - Processing file /home/airflow/.local/lib/python3.8/site-packages/airflow/example_dags/example_skip_dag.py for tasks to queue
[2023-11-22T21:03:20.993+0000] {logging_mixin.py:154} INFO - [2023-11-22T21:03:20.993+0000] {dagbag.py:536} INFO - Filling up the DagBag from /home/airflow/.local/lib/python3.8/site-packages/airflow/example_dags/example_skip_dag.py
[2023-11-22T21:03:21.001+0000] {processor.py:839} INFO - DAG(s) dict_keys(['example_skip_dag']) retrieved from /home/airflow/.local/lib/python3.8/site-packages/airflow/example_dags/example_skip_dag.py
[2023-11-22T21:03:21.024+0000] {logging_mixin.py:154} INFO - [2023-11-22T21:03:21.024+0000] {dag.py:2941} INFO - Sync 1 DAGs
[2023-11-22T21:03:21.049+0000] {logging_mixin.py:154} INFO - [2023-11-22T21:03:21.049+0000] {dag.py:3722} INFO - Setting next_dagrun for example_skip_dag to 2023-11-21T21:03:21.048960+00:00, run_after=2023-11-22T21:03:21.048960+00:00
[2023-11-22T21:03:21.074+0000] {processor.py:179} INFO - Processing /home/airflow/.local/lib/python3.8/site-packages/airflow/example_dags/example_skip_dag.py took 0.089 seconds
[2023-11-22T21:03:51.995+0000] {processor.py:157} INFO - Started process (PID=1819) to work on /home/airflow/.local/lib/python3.8/site-packages/airflow/example_dags/example_skip_dag.py
[2023-11-22T21:03:51.996+0000] {processor.py:829} INFO - Processing file /home/airflow/.local/lib/python3.8/site-packages/airflow/example_dags/example_skip_dag.py for tasks to queue
[2023-11-22T21:03:51.999+0000] {logging_mixin.py:154} INFO - [2023-11-22T21:03:51.999+0000] {dagbag.py:536} INFO - Filling up the DagBag from /home/airflow/.local/lib/python3.8/site-packages/airflow/example_dags/example_skip_dag.py
[2023-11-22T21:03:52.006+0000] {processor.py:839} INFO - DAG(s) dict_keys(['example_skip_dag']) retrieved from /home/airflow/.local/lib/python3.8/site-packages/airflow/example_dags/example_skip_dag.py
[2023-11-22T21:03:52.028+0000] {logging_mixin.py:154} INFO - [2023-11-22T21:03:52.028+0000] {dag.py:2941} INFO - Sync 1 DAGs
[2023-11-22T21:03:52.048+0000] {logging_mixin.py:154} INFO - [2023-11-22T21:03:52.048+0000] {dag.py:3722} INFO - Setting next_dagrun for example_skip_dag to 2023-11-21T21:03:52.048505+00:00, run_after=2023-11-22T21:03:52.048505+00:00
[2023-11-22T21:03:52.073+0000] {processor.py:179} INFO - Processing /home/airflow/.local/lib/python3.8/site-packages/airflow/example_dags/example_skip_dag.py took 0.081 seconds
[2023-11-22T21:04:22.283+0000] {processor.py:157} INFO - Started process (PID=1873) to work on /home/airflow/.local/lib/python3.8/site-packages/airflow/example_dags/example_skip_dag.py
[2023-11-22T21:04:22.286+0000] {processor.py:829} INFO - Processing file /home/airflow/.local/lib/python3.8/site-packages/airflow/example_dags/example_skip_dag.py for tasks to queue
[2023-11-22T21:04:22.290+0000] {logging_mixin.py:154} INFO - [2023-11-22T21:04:22.290+0000] {dagbag.py:536} INFO - Filling up the DagBag from /home/airflow/.local/lib/python3.8/site-packages/airflow/example_dags/example_skip_dag.py
[2023-11-22T21:04:22.302+0000] {processor.py:839} INFO - DAG(s) dict_keys(['example_skip_dag']) retrieved from /home/airflow/.local/lib/python3.8/site-packages/airflow/example_dags/example_skip_dag.py
[2023-11-22T21:04:22.333+0000] {logging_mixin.py:154} INFO - [2023-11-22T21:04:22.332+0000] {dag.py:2941} INFO - Sync 1 DAGs
[2023-11-22T21:04:22.356+0000] {logging_mixin.py:154} INFO - [2023-11-22T21:04:22.356+0000] {dag.py:3722} INFO - Setting next_dagrun for example_skip_dag to 2023-11-21T21:04:22.356474+00:00, run_after=2023-11-22T21:04:22.356474+00:00
[2023-11-22T21:04:22.378+0000] {processor.py:179} INFO - Processing /home/airflow/.local/lib/python3.8/site-packages/airflow/example_dags/example_skip_dag.py took 0.103 seconds
[2023-11-22T21:04:52.522+0000] {processor.py:157} INFO - Started process (PID=1927) to work on /home/airflow/.local/lib/python3.8/site-packages/airflow/example_dags/example_skip_dag.py
[2023-11-22T21:04:52.523+0000] {processor.py:829} INFO - Processing file /home/airflow/.local/lib/python3.8/site-packages/airflow/example_dags/example_skip_dag.py for tasks to queue
[2023-11-22T21:04:52.527+0000] {logging_mixin.py:154} INFO - [2023-11-22T21:04:52.527+0000] {dagbag.py:536} INFO - Filling up the DagBag from /home/airflow/.local/lib/python3.8/site-packages/airflow/example_dags/example_skip_dag.py
[2023-11-22T21:04:52.537+0000] {processor.py:839} INFO - DAG(s) dict_keys(['example_skip_dag']) retrieved from /home/airflow/.local/lib/python3.8/site-packages/airflow/example_dags/example_skip_dag.py
[2023-11-22T21:04:52.562+0000] {logging_mixin.py:154} INFO - [2023-11-22T21:04:52.561+0000] {dag.py:2941} INFO - Sync 1 DAGs
[2023-11-22T21:04:52.588+0000] {logging_mixin.py:154} INFO - [2023-11-22T21:04:52.588+0000] {dag.py:3722} INFO - Setting next_dagrun for example_skip_dag to 2023-11-21T21:04:52.587808+00:00, run_after=2023-11-22T21:04:52.587808+00:00
[2023-11-22T21:04:52.611+0000] {processor.py:179} INFO - Processing /home/airflow/.local/lib/python3.8/site-packages/airflow/example_dags/example_skip_dag.py took 0.095 seconds
[2023-11-22T21:05:22.683+0000] {processor.py:157} INFO - Started process (PID=1981) to work on /home/airflow/.local/lib/python3.8/site-packages/airflow/example_dags/example_skip_dag.py
[2023-11-22T21:05:22.684+0000] {processor.py:829} INFO - Processing file /home/airflow/.local/lib/python3.8/site-packages/airflow/example_dags/example_skip_dag.py for tasks to queue
[2023-11-22T21:05:22.688+0000] {logging_mixin.py:154} INFO - [2023-11-22T21:05:22.688+0000] {dagbag.py:536} INFO - Filling up the DagBag from /home/airflow/.local/lib/python3.8/site-packages/airflow/example_dags/example_skip_dag.py
[2023-11-22T21:05:22.697+0000] {processor.py:839} INFO - DAG(s) dict_keys(['example_skip_dag']) retrieved from /home/airflow/.local/lib/python3.8/site-packages/airflow/example_dags/example_skip_dag.py
[2023-11-22T21:05:22.724+0000] {logging_mixin.py:154} INFO - [2023-11-22T21:05:22.724+0000] {dag.py:2941} INFO - Sync 1 DAGs
[2023-11-22T21:05:22.747+0000] {logging_mixin.py:154} INFO - [2023-11-22T21:05:22.747+0000] {dag.py:3722} INFO - Setting next_dagrun for example_skip_dag to 2023-11-21T21:05:22.747116+00:00, run_after=2023-11-22T21:05:22.747116+00:00
[2023-11-22T21:05:22.776+0000] {processor.py:179} INFO - Processing /home/airflow/.local/lib/python3.8/site-packages/airflow/example_dags/example_skip_dag.py took 0.100 seconds
[2023-11-22T21:05:53.084+0000] {processor.py:157} INFO - Started process (PID=2035) to work on /home/airflow/.local/lib/python3.8/site-packages/airflow/example_dags/example_skip_dag.py
[2023-11-22T21:05:53.085+0000] {processor.py:829} INFO - Processing file /home/airflow/.local/lib/python3.8/site-packages/airflow/example_dags/example_skip_dag.py for tasks to queue
[2023-11-22T21:05:53.088+0000] {logging_mixin.py:154} INFO - [2023-11-22T21:05:53.087+0000] {dagbag.py:536} INFO - Filling up the DagBag from /home/airflow/.local/lib/python3.8/site-packages/airflow/example_dags/example_skip_dag.py
[2023-11-22T21:05:53.100+0000] {processor.py:839} INFO - DAG(s) dict_keys(['example_skip_dag']) retrieved from /home/airflow/.local/lib/python3.8/site-packages/airflow/example_dags/example_skip_dag.py
[2023-11-22T21:05:53.126+0000] {logging_mixin.py:154} INFO - [2023-11-22T21:05:53.125+0000] {dag.py:2941} INFO - Sync 1 DAGs
[2023-11-22T21:05:53.150+0000] {logging_mixin.py:154} INFO - [2023-11-22T21:05:53.150+0000] {dag.py:3722} INFO - Setting next_dagrun for example_skip_dag to 2023-11-21T21:05:53.150058+00:00, run_after=2023-11-22T21:05:53.150058+00:00
[2023-11-22T21:05:53.175+0000] {processor.py:179} INFO - Processing /home/airflow/.local/lib/python3.8/site-packages/airflow/example_dags/example_skip_dag.py took 0.094 seconds
[2023-11-22T21:06:23.713+0000] {processor.py:157} INFO - Started process (PID=2090) to work on /home/airflow/.local/lib/python3.8/site-packages/airflow/example_dags/example_skip_dag.py
[2023-11-22T21:06:23.714+0000] {processor.py:829} INFO - Processing file /home/airflow/.local/lib/python3.8/site-packages/airflow/example_dags/example_skip_dag.py for tasks to queue
[2023-11-22T21:06:23.718+0000] {logging_mixin.py:154} INFO - [2023-11-22T21:06:23.717+0000] {dagbag.py:536} INFO - Filling up the DagBag from /home/airflow/.local/lib/python3.8/site-packages/airflow/example_dags/example_skip_dag.py
[2023-11-22T21:06:23.724+0000] {processor.py:839} INFO - DAG(s) dict_keys(['example_skip_dag']) retrieved from /home/airflow/.local/lib/python3.8/site-packages/airflow/example_dags/example_skip_dag.py
[2023-11-22T21:06:23.747+0000] {logging_mixin.py:154} INFO - [2023-11-22T21:06:23.747+0000] {dag.py:2941} INFO - Sync 1 DAGs
[2023-11-22T21:06:23.769+0000] {logging_mixin.py:154} INFO - [2023-11-22T21:06:23.769+0000] {dag.py:3722} INFO - Setting next_dagrun for example_skip_dag to 2023-11-21T21:06:23.768920+00:00, run_after=2023-11-22T21:06:23.768920+00:00
[2023-11-22T21:06:23.791+0000] {processor.py:179} INFO - Processing /home/airflow/.local/lib/python3.8/site-packages/airflow/example_dags/example_skip_dag.py took 0.081 seconds
[2023-11-22T21:06:53.997+0000] {processor.py:157} INFO - Started process (PID=2144) to work on /home/airflow/.local/lib/python3.8/site-packages/airflow/example_dags/example_skip_dag.py
[2023-11-22T21:06:53.998+0000] {processor.py:829} INFO - Processing file /home/airflow/.local/lib/python3.8/site-packages/airflow/example_dags/example_skip_dag.py for tasks to queue
[2023-11-22T21:06:54.001+0000] {logging_mixin.py:154} INFO - [2023-11-22T21:06:54.001+0000] {dagbag.py:536} INFO - Filling up the DagBag from /home/airflow/.local/lib/python3.8/site-packages/airflow/example_dags/example_skip_dag.py
[2023-11-22T21:06:54.011+0000] {processor.py:839} INFO - DAG(s) dict_keys(['example_skip_dag']) retrieved from /home/airflow/.local/lib/python3.8/site-packages/airflow/example_dags/example_skip_dag.py
[2023-11-22T21:06:54.033+0000] {logging_mixin.py:154} INFO - [2023-11-22T21:06:54.033+0000] {dag.py:2941} INFO - Sync 1 DAGs
[2023-11-22T21:06:54.061+0000] {logging_mixin.py:154} INFO - [2023-11-22T21:06:54.060+0000] {dag.py:3722} INFO - Setting next_dagrun for example_skip_dag to 2023-11-21T21:06:54.060605+00:00, run_after=2023-11-22T21:06:54.060605+00:00
[2023-11-22T21:06:54.084+0000] {processor.py:179} INFO - Processing /home/airflow/.local/lib/python3.8/site-packages/airflow/example_dags/example_skip_dag.py took 0.091 seconds
[2023-11-22T21:07:24.211+0000] {processor.py:157} INFO - Started process (PID=2198) to work on /home/airflow/.local/lib/python3.8/site-packages/airflow/example_dags/example_skip_dag.py
[2023-11-22T21:07:24.213+0000] {processor.py:829} INFO - Processing file /home/airflow/.local/lib/python3.8/site-packages/airflow/example_dags/example_skip_dag.py for tasks to queue
[2023-11-22T21:07:24.217+0000] {logging_mixin.py:154} INFO - [2023-11-22T21:07:24.217+0000] {dagbag.py:536} INFO - Filling up the DagBag from /home/airflow/.local/lib/python3.8/site-packages/airflow/example_dags/example_skip_dag.py
[2023-11-22T21:07:24.228+0000] {processor.py:839} INFO - DAG(s) dict_keys(['example_skip_dag']) retrieved from /home/airflow/.local/lib/python3.8/site-packages/airflow/example_dags/example_skip_dag.py
[2023-11-22T21:07:24.258+0000] {logging_mixin.py:154} INFO - [2023-11-22T21:07:24.257+0000] {dag.py:2941} INFO - Sync 1 DAGs
[2023-11-22T21:07:24.293+0000] {logging_mixin.py:154} INFO - [2023-11-22T21:07:24.293+0000] {dag.py:3722} INFO - Setting next_dagrun for example_skip_dag to 2023-11-21T21:07:24.292882+00:00, run_after=2023-11-22T21:07:24.292882+00:00
[2023-11-22T21:07:24.318+0000] {processor.py:179} INFO - Processing /home/airflow/.local/lib/python3.8/site-packages/airflow/example_dags/example_skip_dag.py took 0.113 seconds
[2023-11-22T21:07:54.561+0000] {processor.py:157} INFO - Started process (PID=2252) to work on /home/airflow/.local/lib/python3.8/site-packages/airflow/example_dags/example_skip_dag.py
[2023-11-22T21:07:54.563+0000] {processor.py:829} INFO - Processing file /home/airflow/.local/lib/python3.8/site-packages/airflow/example_dags/example_skip_dag.py for tasks to queue
[2023-11-22T21:07:54.568+0000] {logging_mixin.py:154} INFO - [2023-11-22T21:07:54.567+0000] {dagbag.py:536} INFO - Filling up the DagBag from /home/airflow/.local/lib/python3.8/site-packages/airflow/example_dags/example_skip_dag.py
[2023-11-22T21:07:54.579+0000] {processor.py:839} INFO - DAG(s) dict_keys(['example_skip_dag']) retrieved from /home/airflow/.local/lib/python3.8/site-packages/airflow/example_dags/example_skip_dag.py
[2023-11-22T21:07:54.609+0000] {logging_mixin.py:154} INFO - [2023-11-22T21:07:54.609+0000] {dag.py:2941} INFO - Sync 1 DAGs
[2023-11-22T21:07:54.631+0000] {logging_mixin.py:154} INFO - [2023-11-22T21:07:54.631+0000] {dag.py:3722} INFO - Setting next_dagrun for example_skip_dag to 2023-11-21T21:07:54.631272+00:00, run_after=2023-11-22T21:07:54.631272+00:00
[2023-11-22T21:07:54.652+0000] {processor.py:179} INFO - Processing /home/airflow/.local/lib/python3.8/site-packages/airflow/example_dags/example_skip_dag.py took 0.097 seconds
[2023-11-22T21:08:24.851+0000] {processor.py:157} INFO - Started process (PID=2306) to work on /home/airflow/.local/lib/python3.8/site-packages/airflow/example_dags/example_skip_dag.py
[2023-11-22T21:08:24.853+0000] {processor.py:829} INFO - Processing file /home/airflow/.local/lib/python3.8/site-packages/airflow/example_dags/example_skip_dag.py for tasks to queue
[2023-11-22T21:08:24.855+0000] {logging_mixin.py:154} INFO - [2023-11-22T21:08:24.855+0000] {dagbag.py:536} INFO - Filling up the DagBag from /home/airflow/.local/lib/python3.8/site-packages/airflow/example_dags/example_skip_dag.py
[2023-11-22T21:08:24.867+0000] {processor.py:839} INFO - DAG(s) dict_keys(['example_skip_dag']) retrieved from /home/airflow/.local/lib/python3.8/site-packages/airflow/example_dags/example_skip_dag.py
[2023-11-22T21:08:24.890+0000] {logging_mixin.py:154} INFO - [2023-11-22T21:08:24.889+0000] {dag.py:2941} INFO - Sync 1 DAGs
[2023-11-22T21:08:24.914+0000] {logging_mixin.py:154} INFO - [2023-11-22T21:08:24.914+0000] {dag.py:3722} INFO - Setting next_dagrun for example_skip_dag to 2023-11-21T21:08:24.913812+00:00, run_after=2023-11-22T21:08:24.913812+00:00
[2023-11-22T21:08:24.940+0000] {processor.py:179} INFO - Processing /home/airflow/.local/lib/python3.8/site-packages/airflow/example_dags/example_skip_dag.py took 0.092 seconds
[2023-11-22T21:08:55.433+0000] {processor.py:157} INFO - Started process (PID=2360) to work on /home/airflow/.local/lib/python3.8/site-packages/airflow/example_dags/example_skip_dag.py
[2023-11-22T21:08:55.435+0000] {processor.py:829} INFO - Processing file /home/airflow/.local/lib/python3.8/site-packages/airflow/example_dags/example_skip_dag.py for tasks to queue
[2023-11-22T21:08:55.437+0000] {logging_mixin.py:154} INFO - [2023-11-22T21:08:55.437+0000] {dagbag.py:536} INFO - Filling up the DagBag from /home/airflow/.local/lib/python3.8/site-packages/airflow/example_dags/example_skip_dag.py
[2023-11-22T21:08:55.446+0000] {processor.py:839} INFO - DAG(s) dict_keys(['example_skip_dag']) retrieved from /home/airflow/.local/lib/python3.8/site-packages/airflow/example_dags/example_skip_dag.py
[2023-11-22T21:08:55.471+0000] {logging_mixin.py:154} INFO - [2023-11-22T21:08:55.470+0000] {dag.py:2941} INFO - Sync 1 DAGs
[2023-11-22T21:08:55.496+0000] {logging_mixin.py:154} INFO - [2023-11-22T21:08:55.496+0000] {dag.py:3722} INFO - Setting next_dagrun for example_skip_dag to 2023-11-21T21:08:55.496050+00:00, run_after=2023-11-22T21:08:55.496050+00:00
[2023-11-22T21:08:55.520+0000] {processor.py:179} INFO - Processing /home/airflow/.local/lib/python3.8/site-packages/airflow/example_dags/example_skip_dag.py took 0.090 seconds
[2023-11-22T21:09:25.776+0000] {processor.py:157} INFO - Started process (PID=2414) to work on /home/airflow/.local/lib/python3.8/site-packages/airflow/example_dags/example_skip_dag.py
[2023-11-22T21:09:25.778+0000] {processor.py:829} INFO - Processing file /home/airflow/.local/lib/python3.8/site-packages/airflow/example_dags/example_skip_dag.py for tasks to queue
[2023-11-22T21:09:25.783+0000] {logging_mixin.py:154} INFO - [2023-11-22T21:09:25.782+0000] {dagbag.py:536} INFO - Filling up the DagBag from /home/airflow/.local/lib/python3.8/site-packages/airflow/example_dags/example_skip_dag.py
[2023-11-22T21:09:25.795+0000] {processor.py:839} INFO - DAG(s) dict_keys(['example_skip_dag']) retrieved from /home/airflow/.local/lib/python3.8/site-packages/airflow/example_dags/example_skip_dag.py
[2023-11-22T21:09:25.823+0000] {logging_mixin.py:154} INFO - [2023-11-22T21:09:25.822+0000] {dag.py:2941} INFO - Sync 1 DAGs
[2023-11-22T21:09:25.843+0000] {logging_mixin.py:154} INFO - [2023-11-22T21:09:25.843+0000] {dag.py:3722} INFO - Setting next_dagrun for example_skip_dag to 2023-11-21T21:09:25.842897+00:00, run_after=2023-11-22T21:09:25.842897+00:00
[2023-11-22T21:09:25.866+0000] {processor.py:179} INFO - Processing /home/airflow/.local/lib/python3.8/site-packages/airflow/example_dags/example_skip_dag.py took 0.096 seconds
[2023-11-22T21:09:56.017+0000] {processor.py:157} INFO - Started process (PID=2468) to work on /home/airflow/.local/lib/python3.8/site-packages/airflow/example_dags/example_skip_dag.py
[2023-11-22T21:09:56.018+0000] {processor.py:829} INFO - Processing file /home/airflow/.local/lib/python3.8/site-packages/airflow/example_dags/example_skip_dag.py for tasks to queue
[2023-11-22T21:09:56.021+0000] {logging_mixin.py:154} INFO - [2023-11-22T21:09:56.020+0000] {dagbag.py:536} INFO - Filling up the DagBag from /home/airflow/.local/lib/python3.8/site-packages/airflow/example_dags/example_skip_dag.py
[2023-11-22T21:09:56.228+0000] {processor.py:839} INFO - DAG(s) dict_keys(['example_skip_dag']) retrieved from /home/airflow/.local/lib/python3.8/site-packages/airflow/example_dags/example_skip_dag.py
[2023-11-22T21:09:56.258+0000] {logging_mixin.py:154} INFO - [2023-11-22T21:09:56.258+0000] {dag.py:2941} INFO - Sync 1 DAGs
[2023-11-22T21:09:56.283+0000] {logging_mixin.py:154} INFO - [2023-11-22T21:09:56.283+0000] {dag.py:3722} INFO - Setting next_dagrun for example_skip_dag to 2023-11-21T21:09:56.282820+00:00, run_after=2023-11-22T21:09:56.282820+00:00
[2023-11-22T21:09:56.308+0000] {processor.py:179} INFO - Processing /home/airflow/.local/lib/python3.8/site-packages/airflow/example_dags/example_skip_dag.py took 0.294 seconds
[2023-11-22T21:10:26.488+0000] {processor.py:157} INFO - Started process (PID=2522) to work on /home/airflow/.local/lib/python3.8/site-packages/airflow/example_dags/example_skip_dag.py
[2023-11-22T21:10:26.490+0000] {processor.py:829} INFO - Processing file /home/airflow/.local/lib/python3.8/site-packages/airflow/example_dags/example_skip_dag.py for tasks to queue
[2023-11-22T21:10:26.493+0000] {logging_mixin.py:154} INFO - [2023-11-22T21:10:26.493+0000] {dagbag.py:536} INFO - Filling up the DagBag from /home/airflow/.local/lib/python3.8/site-packages/airflow/example_dags/example_skip_dag.py
[2023-11-22T21:10:26.501+0000] {processor.py:839} INFO - DAG(s) dict_keys(['example_skip_dag']) retrieved from /home/airflow/.local/lib/python3.8/site-packages/airflow/example_dags/example_skip_dag.py
[2023-11-22T21:10:26.527+0000] {logging_mixin.py:154} INFO - [2023-11-22T21:10:26.526+0000] {dag.py:2941} INFO - Sync 1 DAGs
[2023-11-22T21:10:26.552+0000] {logging_mixin.py:154} INFO - [2023-11-22T21:10:26.552+0000] {dag.py:3722} INFO - Setting next_dagrun for example_skip_dag to 2023-11-21T21:10:26.552142+00:00, run_after=2023-11-22T21:10:26.552142+00:00
[2023-11-22T21:10:26.577+0000] {processor.py:179} INFO - Processing /home/airflow/.local/lib/python3.8/site-packages/airflow/example_dags/example_skip_dag.py took 0.093 seconds
[2023-11-22T21:10:57.004+0000] {processor.py:157} INFO - Started process (PID=2576) to work on /home/airflow/.local/lib/python3.8/site-packages/airflow/example_dags/example_skip_dag.py
[2023-11-22T21:10:57.006+0000] {processor.py:829} INFO - Processing file /home/airflow/.local/lib/python3.8/site-packages/airflow/example_dags/example_skip_dag.py for tasks to queue
[2023-11-22T21:10:57.009+0000] {logging_mixin.py:154} INFO - [2023-11-22T21:10:57.009+0000] {dagbag.py:536} INFO - Filling up the DagBag from /home/airflow/.local/lib/python3.8/site-packages/airflow/example_dags/example_skip_dag.py
[2023-11-22T21:10:57.019+0000] {processor.py:839} INFO - DAG(s) dict_keys(['example_skip_dag']) retrieved from /home/airflow/.local/lib/python3.8/site-packages/airflow/example_dags/example_skip_dag.py
[2023-11-22T21:10:57.042+0000] {logging_mixin.py:154} INFO - [2023-11-22T21:10:57.041+0000] {dag.py:2941} INFO - Sync 1 DAGs
[2023-11-22T21:10:57.066+0000] {logging_mixin.py:154} INFO - [2023-11-22T21:10:57.065+0000] {dag.py:3722} INFO - Setting next_dagrun for example_skip_dag to 2023-11-21T21:10:57.065688+00:00, run_after=2023-11-22T21:10:57.065688+00:00
[2023-11-22T21:10:57.095+0000] {processor.py:179} INFO - Processing /home/airflow/.local/lib/python3.8/site-packages/airflow/example_dags/example_skip_dag.py took 0.095 seconds
[2023-11-22T21:11:27.812+0000] {processor.py:157} INFO - Started process (PID=2630) to work on /home/airflow/.local/lib/python3.8/site-packages/airflow/example_dags/example_skip_dag.py
[2023-11-22T21:11:27.814+0000] {processor.py:829} INFO - Processing file /home/airflow/.local/lib/python3.8/site-packages/airflow/example_dags/example_skip_dag.py for tasks to queue
[2023-11-22T21:11:27.817+0000] {logging_mixin.py:154} INFO - [2023-11-22T21:11:27.816+0000] {dagbag.py:536} INFO - Filling up the DagBag from /home/airflow/.local/lib/python3.8/site-packages/airflow/example_dags/example_skip_dag.py
[2023-11-22T21:11:27.825+0000] {processor.py:839} INFO - DAG(s) dict_keys(['example_skip_dag']) retrieved from /home/airflow/.local/lib/python3.8/site-packages/airflow/example_dags/example_skip_dag.py
[2023-11-22T21:11:27.850+0000] {logging_mixin.py:154} INFO - [2023-11-22T21:11:27.850+0000] {dag.py:2941} INFO - Sync 1 DAGs
[2023-11-22T21:11:27.874+0000] {logging_mixin.py:154} INFO - [2023-11-22T21:11:27.874+0000] {dag.py:3722} INFO - Setting next_dagrun for example_skip_dag to 2023-11-21T21:11:27.874240+00:00, run_after=2023-11-22T21:11:27.874240+00:00
[2023-11-22T21:11:27.900+0000] {processor.py:179} INFO - Processing /home/airflow/.local/lib/python3.8/site-packages/airflow/example_dags/example_skip_dag.py took 0.093 seconds
