[2023-11-22T20:47:15.799+0000] {processor.py:157} INFO - Started process (PID=89) to work on /home/airflow/.local/lib/python3.8/site-packages/airflow/example_dags/example_task_group.py
[2023-11-22T20:47:15.842+0000] {processor.py:829} INFO - Processing file /home/airflow/.local/lib/python3.8/site-packages/airflow/example_dags/example_task_group.py for tasks to queue
[2023-11-22T20:47:15.931+0000] {logging_mixin.py:154} INFO - [2023-11-22T20:47:15.920+0000] {dagbag.py:536} INFO - Filling up the DagBag from /home/airflow/.local/lib/python3.8/site-packages/airflow/example_dags/example_task_group.py
[2023-11-22T20:47:16.020+0000] {processor.py:839} INFO - DAG(s) dict_keys(['example_task_group']) retrieved from /home/airflow/.local/lib/python3.8/site-packages/airflow/example_dags/example_task_group.py
[2023-11-22T20:47:16.172+0000] {logging_mixin.py:154} INFO - [2023-11-22T20:47:16.172+0000] {dag.py:2941} INFO - Sync 1 DAGs
[2023-11-22T20:47:16.393+0000] {logging_mixin.py:154} INFO - [2023-11-22T20:47:16.393+0000] {dag.py:3722} INFO - Setting next_dagrun for example_task_group to 2023-11-21T20:47:16.388690+00:00, run_after=2023-11-22T20:47:16.388690+00:00
[2023-11-22T20:47:16.494+0000] {processor.py:179} INFO - Processing /home/airflow/.local/lib/python3.8/site-packages/airflow/example_dags/example_task_group.py took 1.029 seconds
[2023-11-22T20:47:47.289+0000] {processor.py:157} INFO - Started process (PID=143) to work on /home/airflow/.local/lib/python3.8/site-packages/airflow/example_dags/example_task_group.py
[2023-11-22T20:47:47.291+0000] {processor.py:829} INFO - Processing file /home/airflow/.local/lib/python3.8/site-packages/airflow/example_dags/example_task_group.py for tasks to queue
[2023-11-22T20:47:47.294+0000] {logging_mixin.py:154} INFO - [2023-11-22T20:47:47.294+0000] {dagbag.py:536} INFO - Filling up the DagBag from /home/airflow/.local/lib/python3.8/site-packages/airflow/example_dags/example_task_group.py
[2023-11-22T20:47:47.304+0000] {processor.py:839} INFO - DAG(s) dict_keys(['example_task_group']) retrieved from /home/airflow/.local/lib/python3.8/site-packages/airflow/example_dags/example_task_group.py
[2023-11-22T20:47:47.337+0000] {logging_mixin.py:154} INFO - [2023-11-22T20:47:47.337+0000] {dag.py:2941} INFO - Sync 1 DAGs
[2023-11-22T20:47:47.369+0000] {logging_mixin.py:154} INFO - [2023-11-22T20:47:47.369+0000] {dag.py:3722} INFO - Setting next_dagrun for example_task_group to 2023-11-21T20:47:47.369177+00:00, run_after=2023-11-22T20:47:47.369177+00:00
[2023-11-22T20:47:47.523+0000] {processor.py:179} INFO - Processing /home/airflow/.local/lib/python3.8/site-packages/airflow/example_dags/example_task_group.py took 0.240 seconds
[2023-11-22T20:48:18.125+0000] {processor.py:157} INFO - Started process (PID=197) to work on /home/airflow/.local/lib/python3.8/site-packages/airflow/example_dags/example_task_group.py
[2023-11-22T20:48:18.126+0000] {processor.py:829} INFO - Processing file /home/airflow/.local/lib/python3.8/site-packages/airflow/example_dags/example_task_group.py for tasks to queue
[2023-11-22T20:48:18.129+0000] {logging_mixin.py:154} INFO - [2023-11-22T20:48:18.128+0000] {dagbag.py:536} INFO - Filling up the DagBag from /home/airflow/.local/lib/python3.8/site-packages/airflow/example_dags/example_task_group.py
[2023-11-22T20:48:18.137+0000] {processor.py:839} INFO - DAG(s) dict_keys(['example_task_group']) retrieved from /home/airflow/.local/lib/python3.8/site-packages/airflow/example_dags/example_task_group.py
[2023-11-22T20:48:18.197+0000] {logging_mixin.py:154} INFO - [2023-11-22T20:48:18.197+0000] {dag.py:2941} INFO - Sync 1 DAGs
[2023-11-22T20:48:18.227+0000] {logging_mixin.py:154} INFO - [2023-11-22T20:48:18.227+0000] {dag.py:3722} INFO - Setting next_dagrun for example_task_group to 2023-11-21T20:48:18.226875+00:00, run_after=2023-11-22T20:48:18.226875+00:00
[2023-11-22T20:48:18.258+0000] {processor.py:179} INFO - Processing /home/airflow/.local/lib/python3.8/site-packages/airflow/example_dags/example_task_group.py took 0.136 seconds
[2023-11-22T20:48:48.781+0000] {processor.py:157} INFO - Started process (PID=251) to work on /home/airflow/.local/lib/python3.8/site-packages/airflow/example_dags/example_task_group.py
[2023-11-22T20:48:48.783+0000] {processor.py:829} INFO - Processing file /home/airflow/.local/lib/python3.8/site-packages/airflow/example_dags/example_task_group.py for tasks to queue
[2023-11-22T20:48:48.785+0000] {logging_mixin.py:154} INFO - [2023-11-22T20:48:48.785+0000] {dagbag.py:536} INFO - Filling up the DagBag from /home/airflow/.local/lib/python3.8/site-packages/airflow/example_dags/example_task_group.py
[2023-11-22T20:48:48.794+0000] {processor.py:839} INFO - DAG(s) dict_keys(['example_task_group']) retrieved from /home/airflow/.local/lib/python3.8/site-packages/airflow/example_dags/example_task_group.py
[2023-11-22T20:48:48.817+0000] {logging_mixin.py:154} INFO - [2023-11-22T20:48:48.817+0000] {dag.py:2941} INFO - Sync 1 DAGs
[2023-11-22T20:48:48.840+0000] {logging_mixin.py:154} INFO - [2023-11-22T20:48:48.840+0000] {dag.py:3722} INFO - Setting next_dagrun for example_task_group to 2023-11-21T20:48:48.839925+00:00, run_after=2023-11-22T20:48:48.839925+00:00
[2023-11-22T20:48:48.865+0000] {processor.py:179} INFO - Processing /home/airflow/.local/lib/python3.8/site-packages/airflow/example_dags/example_task_group.py took 0.087 seconds
[2023-11-22T20:49:18.961+0000] {processor.py:157} INFO - Started process (PID=305) to work on /home/airflow/.local/lib/python3.8/site-packages/airflow/example_dags/example_task_group.py
[2023-11-22T20:49:18.963+0000] {processor.py:829} INFO - Processing file /home/airflow/.local/lib/python3.8/site-packages/airflow/example_dags/example_task_group.py for tasks to queue
[2023-11-22T20:49:18.966+0000] {logging_mixin.py:154} INFO - [2023-11-22T20:49:18.965+0000] {dagbag.py:536} INFO - Filling up the DagBag from /home/airflow/.local/lib/python3.8/site-packages/airflow/example_dags/example_task_group.py
[2023-11-22T20:49:18.975+0000] {processor.py:839} INFO - DAG(s) dict_keys(['example_task_group']) retrieved from /home/airflow/.local/lib/python3.8/site-packages/airflow/example_dags/example_task_group.py
[2023-11-22T20:49:19.003+0000] {logging_mixin.py:154} INFO - [2023-11-22T20:49:19.003+0000] {dag.py:2941} INFO - Sync 1 DAGs
[2023-11-22T20:49:19.039+0000] {logging_mixin.py:154} INFO - [2023-11-22T20:49:19.039+0000] {dag.py:3722} INFO - Setting next_dagrun for example_task_group to 2023-11-21T20:49:19.039076+00:00, run_after=2023-11-22T20:49:19.039076+00:00
[2023-11-22T20:49:19.073+0000] {processor.py:179} INFO - Processing /home/airflow/.local/lib/python3.8/site-packages/airflow/example_dags/example_task_group.py took 0.116 seconds
[2023-11-22T20:49:49.166+0000] {processor.py:157} INFO - Started process (PID=359) to work on /home/airflow/.local/lib/python3.8/site-packages/airflow/example_dags/example_task_group.py
[2023-11-22T20:49:49.167+0000] {processor.py:829} INFO - Processing file /home/airflow/.local/lib/python3.8/site-packages/airflow/example_dags/example_task_group.py for tasks to queue
[2023-11-22T20:49:49.169+0000] {logging_mixin.py:154} INFO - [2023-11-22T20:49:49.169+0000] {dagbag.py:536} INFO - Filling up the DagBag from /home/airflow/.local/lib/python3.8/site-packages/airflow/example_dags/example_task_group.py
[2023-11-22T20:49:49.177+0000] {processor.py:839} INFO - DAG(s) dict_keys(['example_task_group']) retrieved from /home/airflow/.local/lib/python3.8/site-packages/airflow/example_dags/example_task_group.py
[2023-11-22T20:49:49.200+0000] {logging_mixin.py:154} INFO - [2023-11-22T20:49:49.200+0000] {dag.py:2941} INFO - Sync 1 DAGs
[2023-11-22T20:49:49.224+0000] {logging_mixin.py:154} INFO - [2023-11-22T20:49:49.224+0000] {dag.py:3722} INFO - Setting next_dagrun for example_task_group to 2023-11-21T20:49:49.223936+00:00, run_after=2023-11-22T20:49:49.223936+00:00
[2023-11-22T20:49:49.244+0000] {processor.py:179} INFO - Processing /home/airflow/.local/lib/python3.8/site-packages/airflow/example_dags/example_task_group.py took 0.082 seconds
[2023-11-22T20:50:20.160+0000] {processor.py:157} INFO - Started process (PID=413) to work on /home/airflow/.local/lib/python3.8/site-packages/airflow/example_dags/example_task_group.py
[2023-11-22T20:50:20.162+0000] {processor.py:829} INFO - Processing file /home/airflow/.local/lib/python3.8/site-packages/airflow/example_dags/example_task_group.py for tasks to queue
[2023-11-22T20:50:20.166+0000] {logging_mixin.py:154} INFO - [2023-11-22T20:50:20.166+0000] {dagbag.py:536} INFO - Filling up the DagBag from /home/airflow/.local/lib/python3.8/site-packages/airflow/example_dags/example_task_group.py
[2023-11-22T20:50:20.182+0000] {processor.py:839} INFO - DAG(s) dict_keys(['example_task_group']) retrieved from /home/airflow/.local/lib/python3.8/site-packages/airflow/example_dags/example_task_group.py
[2023-11-22T20:50:20.222+0000] {logging_mixin.py:154} INFO - [2023-11-22T20:50:20.221+0000] {dag.py:2941} INFO - Sync 1 DAGs
[2023-11-22T20:50:20.259+0000] {logging_mixin.py:154} INFO - [2023-11-22T20:50:20.259+0000] {dag.py:3722} INFO - Setting next_dagrun for example_task_group to 2023-11-21T20:50:20.259172+00:00, run_after=2023-11-22T20:50:20.259172+00:00
[2023-11-22T20:50:20.297+0000] {processor.py:179} INFO - Processing /home/airflow/.local/lib/python3.8/site-packages/airflow/example_dags/example_task_group.py took 0.146 seconds
[2023-11-22T20:50:51.142+0000] {processor.py:157} INFO - Started process (PID=467) to work on /home/airflow/.local/lib/python3.8/site-packages/airflow/example_dags/example_task_group.py
[2023-11-22T20:50:51.143+0000] {processor.py:829} INFO - Processing file /home/airflow/.local/lib/python3.8/site-packages/airflow/example_dags/example_task_group.py for tasks to queue
[2023-11-22T20:50:51.146+0000] {logging_mixin.py:154} INFO - [2023-11-22T20:50:51.146+0000] {dagbag.py:536} INFO - Filling up the DagBag from /home/airflow/.local/lib/python3.8/site-packages/airflow/example_dags/example_task_group.py
[2023-11-22T20:50:51.155+0000] {processor.py:839} INFO - DAG(s) dict_keys(['example_task_group']) retrieved from /home/airflow/.local/lib/python3.8/site-packages/airflow/example_dags/example_task_group.py
[2023-11-22T20:50:51.355+0000] {logging_mixin.py:154} INFO - [2023-11-22T20:50:51.355+0000] {dag.py:2941} INFO - Sync 1 DAGs
[2023-11-22T20:50:51.385+0000] {logging_mixin.py:154} INFO - [2023-11-22T20:50:51.385+0000] {dag.py:3722} INFO - Setting next_dagrun for example_task_group to 2023-11-21T20:50:51.384636+00:00, run_after=2023-11-22T20:50:51.384636+00:00
[2023-11-22T20:50:51.517+0000] {processor.py:179} INFO - Processing /home/airflow/.local/lib/python3.8/site-packages/airflow/example_dags/example_task_group.py took 0.379 seconds
[2023-11-22T20:51:21.564+0000] {processor.py:157} INFO - Started process (PID=521) to work on /home/airflow/.local/lib/python3.8/site-packages/airflow/example_dags/example_task_group.py
[2023-11-22T20:51:21.565+0000] {processor.py:829} INFO - Processing file /home/airflow/.local/lib/python3.8/site-packages/airflow/example_dags/example_task_group.py for tasks to queue
[2023-11-22T20:51:21.568+0000] {logging_mixin.py:154} INFO - [2023-11-22T20:51:21.567+0000] {dagbag.py:536} INFO - Filling up the DagBag from /home/airflow/.local/lib/python3.8/site-packages/airflow/example_dags/example_task_group.py
[2023-11-22T20:51:21.575+0000] {processor.py:839} INFO - DAG(s) dict_keys(['example_task_group']) retrieved from /home/airflow/.local/lib/python3.8/site-packages/airflow/example_dags/example_task_group.py
[2023-11-22T20:51:21.600+0000] {logging_mixin.py:154} INFO - [2023-11-22T20:51:21.599+0000] {dag.py:2941} INFO - Sync 1 DAGs
[2023-11-22T20:51:21.623+0000] {logging_mixin.py:154} INFO - [2023-11-22T20:51:21.623+0000] {dag.py:3722} INFO - Setting next_dagrun for example_task_group to 2023-11-21T20:51:21.623058+00:00, run_after=2023-11-22T20:51:21.623058+00:00
[2023-11-22T20:51:21.646+0000] {processor.py:179} INFO - Processing /home/airflow/.local/lib/python3.8/site-packages/airflow/example_dags/example_task_group.py took 0.086 seconds
[2023-11-22T20:51:51.840+0000] {processor.py:157} INFO - Started process (PID=575) to work on /home/airflow/.local/lib/python3.8/site-packages/airflow/example_dags/example_task_group.py
[2023-11-22T20:51:51.841+0000] {processor.py:829} INFO - Processing file /home/airflow/.local/lib/python3.8/site-packages/airflow/example_dags/example_task_group.py for tasks to queue
[2023-11-22T20:51:51.844+0000] {logging_mixin.py:154} INFO - [2023-11-22T20:51:51.844+0000] {dagbag.py:536} INFO - Filling up the DagBag from /home/airflow/.local/lib/python3.8/site-packages/airflow/example_dags/example_task_group.py
[2023-11-22T20:51:51.857+0000] {processor.py:839} INFO - DAG(s) dict_keys(['example_task_group']) retrieved from /home/airflow/.local/lib/python3.8/site-packages/airflow/example_dags/example_task_group.py
[2023-11-22T20:51:51.886+0000] {logging_mixin.py:154} INFO - [2023-11-22T20:51:51.885+0000] {dag.py:2941} INFO - Sync 1 DAGs
[2023-11-22T20:51:51.915+0000] {logging_mixin.py:154} INFO - [2023-11-22T20:51:51.915+0000] {dag.py:3722} INFO - Setting next_dagrun for example_task_group to 2023-11-21T20:51:51.915086+00:00, run_after=2023-11-22T20:51:51.915086+00:00
[2023-11-22T20:51:51.939+0000] {processor.py:179} INFO - Processing /home/airflow/.local/lib/python3.8/site-packages/airflow/example_dags/example_task_group.py took 0.104 seconds
[2023-11-22T20:52:31.893+0000] {processor.py:157} INFO - Started process (PID=630) to work on /home/airflow/.local/lib/python3.8/site-packages/airflow/example_dags/example_task_group.py
[2023-11-22T20:52:31.895+0000] {processor.py:829} INFO - Processing file /home/airflow/.local/lib/python3.8/site-packages/airflow/example_dags/example_task_group.py for tasks to queue
[2023-11-22T20:52:31.898+0000] {logging_mixin.py:154} INFO - [2023-11-22T20:52:31.898+0000] {dagbag.py:536} INFO - Filling up the DagBag from /home/airflow/.local/lib/python3.8/site-packages/airflow/example_dags/example_task_group.py
[2023-11-22T20:52:31.908+0000] {processor.py:839} INFO - DAG(s) dict_keys(['example_task_group']) retrieved from /home/airflow/.local/lib/python3.8/site-packages/airflow/example_dags/example_task_group.py
[2023-11-22T20:52:31.939+0000] {logging_mixin.py:154} INFO - [2023-11-22T20:52:31.939+0000] {dag.py:2941} INFO - Sync 1 DAGs
[2023-11-22T20:52:31.970+0000] {logging_mixin.py:154} INFO - [2023-11-22T20:52:31.969+0000] {dag.py:3722} INFO - Setting next_dagrun for example_task_group to 2023-11-21T20:52:31.969329+00:00, run_after=2023-11-22T20:52:31.969329+00:00
[2023-11-22T20:52:31.996+0000] {processor.py:179} INFO - Processing /home/airflow/.local/lib/python3.8/site-packages/airflow/example_dags/example_task_group.py took 0.107 seconds
[2023-11-22T20:53:02.565+0000] {processor.py:157} INFO - Started process (PID=684) to work on /home/airflow/.local/lib/python3.8/site-packages/airflow/example_dags/example_task_group.py
[2023-11-22T20:53:02.567+0000] {processor.py:829} INFO - Processing file /home/airflow/.local/lib/python3.8/site-packages/airflow/example_dags/example_task_group.py for tasks to queue
[2023-11-22T20:53:02.572+0000] {logging_mixin.py:154} INFO - [2023-11-22T20:53:02.572+0000] {dagbag.py:536} INFO - Filling up the DagBag from /home/airflow/.local/lib/python3.8/site-packages/airflow/example_dags/example_task_group.py
[2023-11-22T20:53:02.581+0000] {processor.py:839} INFO - DAG(s) dict_keys(['example_task_group']) retrieved from /home/airflow/.local/lib/python3.8/site-packages/airflow/example_dags/example_task_group.py
[2023-11-22T20:53:02.609+0000] {logging_mixin.py:154} INFO - [2023-11-22T20:53:02.609+0000] {dag.py:2941} INFO - Sync 1 DAGs
[2023-11-22T20:53:02.646+0000] {logging_mixin.py:154} INFO - [2023-11-22T20:53:02.645+0000] {dag.py:3722} INFO - Setting next_dagrun for example_task_group to 2023-11-21T20:53:02.645441+00:00, run_after=2023-11-22T20:53:02.645441+00:00
[2023-11-22T20:53:02.677+0000] {processor.py:179} INFO - Processing /home/airflow/.local/lib/python3.8/site-packages/airflow/example_dags/example_task_group.py took 0.115 seconds
[2023-11-22T20:53:33.110+0000] {processor.py:157} INFO - Started process (PID=737) to work on /home/airflow/.local/lib/python3.8/site-packages/airflow/example_dags/example_task_group.py
[2023-11-22T20:53:33.112+0000] {processor.py:829} INFO - Processing file /home/airflow/.local/lib/python3.8/site-packages/airflow/example_dags/example_task_group.py for tasks to queue
[2023-11-22T20:53:33.115+0000] {logging_mixin.py:154} INFO - [2023-11-22T20:53:33.114+0000] {dagbag.py:536} INFO - Filling up the DagBag from /home/airflow/.local/lib/python3.8/site-packages/airflow/example_dags/example_task_group.py
[2023-11-22T20:53:33.125+0000] {processor.py:839} INFO - DAG(s) dict_keys(['example_task_group']) retrieved from /home/airflow/.local/lib/python3.8/site-packages/airflow/example_dags/example_task_group.py
[2023-11-22T20:53:33.148+0000] {logging_mixin.py:154} INFO - [2023-11-22T20:53:33.147+0000] {dag.py:2941} INFO - Sync 1 DAGs
[2023-11-22T20:53:33.174+0000] {logging_mixin.py:154} INFO - [2023-11-22T20:53:33.174+0000] {dag.py:3722} INFO - Setting next_dagrun for example_task_group to 2023-11-21T20:53:33.174438+00:00, run_after=2023-11-22T20:53:33.174438+00:00
[2023-11-22T20:53:33.196+0000] {processor.py:179} INFO - Processing /home/airflow/.local/lib/python3.8/site-packages/airflow/example_dags/example_task_group.py took 0.090 seconds
[2023-11-22T20:54:07.706+0000] {processor.py:157} INFO - Started process (PID=792) to work on /home/airflow/.local/lib/python3.8/site-packages/airflow/example_dags/example_task_group.py
[2023-11-22T20:54:07.708+0000] {processor.py:829} INFO - Processing file /home/airflow/.local/lib/python3.8/site-packages/airflow/example_dags/example_task_group.py for tasks to queue
[2023-11-22T20:54:07.710+0000] {logging_mixin.py:154} INFO - [2023-11-22T20:54:07.710+0000] {dagbag.py:536} INFO - Filling up the DagBag from /home/airflow/.local/lib/python3.8/site-packages/airflow/example_dags/example_task_group.py
[2023-11-22T20:54:07.718+0000] {processor.py:839} INFO - DAG(s) dict_keys(['example_task_group']) retrieved from /home/airflow/.local/lib/python3.8/site-packages/airflow/example_dags/example_task_group.py
[2023-11-22T20:54:07.741+0000] {logging_mixin.py:154} INFO - [2023-11-22T20:54:07.741+0000] {dag.py:2941} INFO - Sync 1 DAGs
[2023-11-22T20:54:07.766+0000] {logging_mixin.py:154} INFO - [2023-11-22T20:54:07.766+0000] {dag.py:3722} INFO - Setting next_dagrun for example_task_group to 2023-11-21T20:54:07.766129+00:00, run_after=2023-11-22T20:54:07.766129+00:00
[2023-11-22T20:54:07.786+0000] {processor.py:179} INFO - Processing /home/airflow/.local/lib/python3.8/site-packages/airflow/example_dags/example_task_group.py took 0.084 seconds
[2023-11-22T20:54:39.803+0000] {processor.py:157} INFO - Started process (PID=846) to work on /home/airflow/.local/lib/python3.8/site-packages/airflow/example_dags/example_task_group.py
[2023-11-22T20:54:39.804+0000] {processor.py:829} INFO - Processing file /home/airflow/.local/lib/python3.8/site-packages/airflow/example_dags/example_task_group.py for tasks to queue
[2023-11-22T20:54:39.807+0000] {logging_mixin.py:154} INFO - [2023-11-22T20:54:39.807+0000] {dagbag.py:536} INFO - Filling up the DagBag from /home/airflow/.local/lib/python3.8/site-packages/airflow/example_dags/example_task_group.py
[2023-11-22T20:54:39.816+0000] {processor.py:839} INFO - DAG(s) dict_keys(['example_task_group']) retrieved from /home/airflow/.local/lib/python3.8/site-packages/airflow/example_dags/example_task_group.py
[2023-11-22T20:54:39.837+0000] {logging_mixin.py:154} INFO - [2023-11-22T20:54:39.837+0000] {dag.py:2941} INFO - Sync 1 DAGs
[2023-11-22T20:54:39.862+0000] {logging_mixin.py:154} INFO - [2023-11-22T20:54:39.862+0000] {dag.py:3722} INFO - Setting next_dagrun for example_task_group to 2023-11-21T20:54:39.861791+00:00, run_after=2023-11-22T20:54:39.861791+00:00
[2023-11-22T20:54:39.880+0000] {processor.py:179} INFO - Processing /home/airflow/.local/lib/python3.8/site-packages/airflow/example_dags/example_task_group.py took 0.080 seconds
[2023-11-22T20:55:10.596+0000] {processor.py:157} INFO - Started process (PID=900) to work on /home/airflow/.local/lib/python3.8/site-packages/airflow/example_dags/example_task_group.py
[2023-11-22T20:55:10.597+0000] {processor.py:829} INFO - Processing file /home/airflow/.local/lib/python3.8/site-packages/airflow/example_dags/example_task_group.py for tasks to queue
[2023-11-22T20:55:10.601+0000] {logging_mixin.py:154} INFO - [2023-11-22T20:55:10.600+0000] {dagbag.py:536} INFO - Filling up the DagBag from /home/airflow/.local/lib/python3.8/site-packages/airflow/example_dags/example_task_group.py
[2023-11-22T20:55:10.609+0000] {processor.py:839} INFO - DAG(s) dict_keys(['example_task_group']) retrieved from /home/airflow/.local/lib/python3.8/site-packages/airflow/example_dags/example_task_group.py
[2023-11-22T20:55:10.634+0000] {logging_mixin.py:154} INFO - [2023-11-22T20:55:10.634+0000] {dag.py:2941} INFO - Sync 1 DAGs
[2023-11-22T20:55:10.660+0000] {logging_mixin.py:154} INFO - [2023-11-22T20:55:10.659+0000] {dag.py:3722} INFO - Setting next_dagrun for example_task_group to 2023-11-21T20:55:10.659420+00:00, run_after=2023-11-22T20:55:10.659420+00:00
[2023-11-22T20:55:10.682+0000] {processor.py:179} INFO - Processing /home/airflow/.local/lib/python3.8/site-packages/airflow/example_dags/example_task_group.py took 0.090 seconds
[2023-11-22T20:55:41.658+0000] {processor.py:157} INFO - Started process (PID=954) to work on /home/airflow/.local/lib/python3.8/site-packages/airflow/example_dags/example_task_group.py
[2023-11-22T20:55:41.659+0000] {processor.py:829} INFO - Processing file /home/airflow/.local/lib/python3.8/site-packages/airflow/example_dags/example_task_group.py for tasks to queue
[2023-11-22T20:55:41.662+0000] {logging_mixin.py:154} INFO - [2023-11-22T20:55:41.661+0000] {dagbag.py:536} INFO - Filling up the DagBag from /home/airflow/.local/lib/python3.8/site-packages/airflow/example_dags/example_task_group.py
[2023-11-22T20:55:41.669+0000] {processor.py:839} INFO - DAG(s) dict_keys(['example_task_group']) retrieved from /home/airflow/.local/lib/python3.8/site-packages/airflow/example_dags/example_task_group.py
[2023-11-22T20:55:41.691+0000] {logging_mixin.py:154} INFO - [2023-11-22T20:55:41.690+0000] {dag.py:2941} INFO - Sync 1 DAGs
[2023-11-22T20:55:41.712+0000] {logging_mixin.py:154} INFO - [2023-11-22T20:55:41.712+0000] {dag.py:3722} INFO - Setting next_dagrun for example_task_group to 2023-11-21T20:55:41.712136+00:00, run_after=2023-11-22T20:55:41.712136+00:00
[2023-11-22T20:55:41.733+0000] {processor.py:179} INFO - Processing /home/airflow/.local/lib/python3.8/site-packages/airflow/example_dags/example_task_group.py took 0.078 seconds
[2023-11-22T20:56:12.335+0000] {processor.py:157} INFO - Started process (PID=1009) to work on /home/airflow/.local/lib/python3.8/site-packages/airflow/example_dags/example_task_group.py
[2023-11-22T20:56:12.337+0000] {processor.py:829} INFO - Processing file /home/airflow/.local/lib/python3.8/site-packages/airflow/example_dags/example_task_group.py for tasks to queue
[2023-11-22T20:56:12.339+0000] {logging_mixin.py:154} INFO - [2023-11-22T20:56:12.339+0000] {dagbag.py:536} INFO - Filling up the DagBag from /home/airflow/.local/lib/python3.8/site-packages/airflow/example_dags/example_task_group.py
[2023-11-22T20:56:12.349+0000] {processor.py:839} INFO - DAG(s) dict_keys(['example_task_group']) retrieved from /home/airflow/.local/lib/python3.8/site-packages/airflow/example_dags/example_task_group.py
[2023-11-22T20:56:12.374+0000] {logging_mixin.py:154} INFO - [2023-11-22T20:56:12.374+0000] {dag.py:2941} INFO - Sync 1 DAGs
[2023-11-22T20:56:12.396+0000] {logging_mixin.py:154} INFO - [2023-11-22T20:56:12.396+0000] {dag.py:3722} INFO - Setting next_dagrun for example_task_group to 2023-11-21T20:56:12.395886+00:00, run_after=2023-11-22T20:56:12.395886+00:00
[2023-11-22T20:56:12.414+0000] {processor.py:179} INFO - Processing /home/airflow/.local/lib/python3.8/site-packages/airflow/example_dags/example_task_group.py took 0.083 seconds
[2023-11-22T20:56:43.537+0000] {processor.py:157} INFO - Started process (PID=1063) to work on /home/airflow/.local/lib/python3.8/site-packages/airflow/example_dags/example_task_group.py
[2023-11-22T20:56:43.538+0000] {processor.py:829} INFO - Processing file /home/airflow/.local/lib/python3.8/site-packages/airflow/example_dags/example_task_group.py for tasks to queue
[2023-11-22T20:56:43.541+0000] {logging_mixin.py:154} INFO - [2023-11-22T20:56:43.541+0000] {dagbag.py:536} INFO - Filling up the DagBag from /home/airflow/.local/lib/python3.8/site-packages/airflow/example_dags/example_task_group.py
[2023-11-22T20:56:43.549+0000] {processor.py:839} INFO - DAG(s) dict_keys(['example_task_group']) retrieved from /home/airflow/.local/lib/python3.8/site-packages/airflow/example_dags/example_task_group.py
[2023-11-22T20:56:43.573+0000] {logging_mixin.py:154} INFO - [2023-11-22T20:56:43.573+0000] {dag.py:2941} INFO - Sync 1 DAGs
[2023-11-22T20:56:43.730+0000] {logging_mixin.py:154} INFO - [2023-11-22T20:56:43.729+0000] {dag.py:3722} INFO - Setting next_dagrun for example_task_group to 2023-11-21T20:56:43.729434+00:00, run_after=2023-11-22T20:56:43.729434+00:00
[2023-11-22T20:56:43.762+0000] {processor.py:179} INFO - Processing /home/airflow/.local/lib/python3.8/site-packages/airflow/example_dags/example_task_group.py took 0.229 seconds
[2023-11-22T20:57:14.644+0000] {processor.py:157} INFO - Started process (PID=1117) to work on /home/airflow/.local/lib/python3.8/site-packages/airflow/example_dags/example_task_group.py
[2023-11-22T20:57:14.646+0000] {processor.py:829} INFO - Processing file /home/airflow/.local/lib/python3.8/site-packages/airflow/example_dags/example_task_group.py for tasks to queue
[2023-11-22T20:57:14.649+0000] {logging_mixin.py:154} INFO - [2023-11-22T20:57:14.649+0000] {dagbag.py:536} INFO - Filling up the DagBag from /home/airflow/.local/lib/python3.8/site-packages/airflow/example_dags/example_task_group.py
[2023-11-22T20:57:14.659+0000] {processor.py:839} INFO - DAG(s) dict_keys(['example_task_group']) retrieved from /home/airflow/.local/lib/python3.8/site-packages/airflow/example_dags/example_task_group.py
[2023-11-22T20:57:14.689+0000] {logging_mixin.py:154} INFO - [2023-11-22T20:57:14.688+0000] {dag.py:2941} INFO - Sync 1 DAGs
[2023-11-22T20:57:14.713+0000] {logging_mixin.py:154} INFO - [2023-11-22T20:57:14.713+0000] {dag.py:3722} INFO - Setting next_dagrun for example_task_group to 2023-11-21T20:57:14.713147+00:00, run_after=2023-11-22T20:57:14.713147+00:00
[2023-11-22T20:57:14.736+0000] {processor.py:179} INFO - Processing /home/airflow/.local/lib/python3.8/site-packages/airflow/example_dags/example_task_group.py took 0.095 seconds
[2023-11-22T20:57:45.598+0000] {processor.py:157} INFO - Started process (PID=1171) to work on /home/airflow/.local/lib/python3.8/site-packages/airflow/example_dags/example_task_group.py
[2023-11-22T20:57:45.599+0000] {processor.py:829} INFO - Processing file /home/airflow/.local/lib/python3.8/site-packages/airflow/example_dags/example_task_group.py for tasks to queue
[2023-11-22T20:57:45.602+0000] {logging_mixin.py:154} INFO - [2023-11-22T20:57:45.602+0000] {dagbag.py:536} INFO - Filling up the DagBag from /home/airflow/.local/lib/python3.8/site-packages/airflow/example_dags/example_task_group.py
[2023-11-22T20:57:45.610+0000] {processor.py:839} INFO - DAG(s) dict_keys(['example_task_group']) retrieved from /home/airflow/.local/lib/python3.8/site-packages/airflow/example_dags/example_task_group.py
[2023-11-22T20:57:45.633+0000] {logging_mixin.py:154} INFO - [2023-11-22T20:57:45.632+0000] {dag.py:2941} INFO - Sync 1 DAGs
[2023-11-22T20:57:45.655+0000] {logging_mixin.py:154} INFO - [2023-11-22T20:57:45.655+0000] {dag.py:3722} INFO - Setting next_dagrun for example_task_group to 2023-11-21T20:57:45.655133+00:00, run_after=2023-11-22T20:57:45.655133+00:00
[2023-11-22T20:57:45.676+0000] {processor.py:179} INFO - Processing /home/airflow/.local/lib/python3.8/site-packages/airflow/example_dags/example_task_group.py took 0.081 seconds
[2023-11-22T20:58:16.046+0000] {processor.py:157} INFO - Started process (PID=1225) to work on /home/airflow/.local/lib/python3.8/site-packages/airflow/example_dags/example_task_group.py
[2023-11-22T20:58:16.047+0000] {processor.py:829} INFO - Processing file /home/airflow/.local/lib/python3.8/site-packages/airflow/example_dags/example_task_group.py for tasks to queue
[2023-11-22T20:58:16.050+0000] {logging_mixin.py:154} INFO - [2023-11-22T20:58:16.049+0000] {dagbag.py:536} INFO - Filling up the DagBag from /home/airflow/.local/lib/python3.8/site-packages/airflow/example_dags/example_task_group.py
[2023-11-22T20:58:16.058+0000] {processor.py:839} INFO - DAG(s) dict_keys(['example_task_group']) retrieved from /home/airflow/.local/lib/python3.8/site-packages/airflow/example_dags/example_task_group.py
[2023-11-22T20:58:16.080+0000] {logging_mixin.py:154} INFO - [2023-11-22T20:58:16.079+0000] {dag.py:2941} INFO - Sync 1 DAGs
[2023-11-22T20:58:16.255+0000] {logging_mixin.py:154} INFO - [2023-11-22T20:58:16.255+0000] {dag.py:3722} INFO - Setting next_dagrun for example_task_group to 2023-11-21T20:58:16.254960+00:00, run_after=2023-11-22T20:58:16.254960+00:00
[2023-11-22T20:58:16.279+0000] {processor.py:179} INFO - Processing /home/airflow/.local/lib/python3.8/site-packages/airflow/example_dags/example_task_group.py took 0.237 seconds
[2023-11-22T20:58:46.508+0000] {processor.py:157} INFO - Started process (PID=1279) to work on /home/airflow/.local/lib/python3.8/site-packages/airflow/example_dags/example_task_group.py
[2023-11-22T20:58:46.509+0000] {processor.py:829} INFO - Processing file /home/airflow/.local/lib/python3.8/site-packages/airflow/example_dags/example_task_group.py for tasks to queue
[2023-11-22T20:58:46.512+0000] {logging_mixin.py:154} INFO - [2023-11-22T20:58:46.511+0000] {dagbag.py:536} INFO - Filling up the DagBag from /home/airflow/.local/lib/python3.8/site-packages/airflow/example_dags/example_task_group.py
[2023-11-22T20:58:46.520+0000] {processor.py:839} INFO - DAG(s) dict_keys(['example_task_group']) retrieved from /home/airflow/.local/lib/python3.8/site-packages/airflow/example_dags/example_task_group.py
[2023-11-22T20:58:46.547+0000] {logging_mixin.py:154} INFO - [2023-11-22T20:58:46.547+0000] {dag.py:2941} INFO - Sync 1 DAGs
[2023-11-22T20:58:46.568+0000] {logging_mixin.py:154} INFO - [2023-11-22T20:58:46.568+0000] {dag.py:3722} INFO - Setting next_dagrun for example_task_group to 2023-11-21T20:58:46.568265+00:00, run_after=2023-11-22T20:58:46.568265+00:00
[2023-11-22T20:58:46.591+0000] {processor.py:179} INFO - Processing /home/airflow/.local/lib/python3.8/site-packages/airflow/example_dags/example_task_group.py took 0.087 seconds
[2023-11-22T20:59:16.925+0000] {processor.py:157} INFO - Started process (PID=1333) to work on /home/airflow/.local/lib/python3.8/site-packages/airflow/example_dags/example_task_group.py
[2023-11-22T20:59:16.927+0000] {processor.py:829} INFO - Processing file /home/airflow/.local/lib/python3.8/site-packages/airflow/example_dags/example_task_group.py for tasks to queue
[2023-11-22T20:59:16.929+0000] {logging_mixin.py:154} INFO - [2023-11-22T20:59:16.929+0000] {dagbag.py:536} INFO - Filling up the DagBag from /home/airflow/.local/lib/python3.8/site-packages/airflow/example_dags/example_task_group.py
[2023-11-22T20:59:16.937+0000] {processor.py:839} INFO - DAG(s) dict_keys(['example_task_group']) retrieved from /home/airflow/.local/lib/python3.8/site-packages/airflow/example_dags/example_task_group.py
[2023-11-22T20:59:16.959+0000] {logging_mixin.py:154} INFO - [2023-11-22T20:59:16.959+0000] {dag.py:2941} INFO - Sync 1 DAGs
[2023-11-22T20:59:16.981+0000] {logging_mixin.py:154} INFO - [2023-11-22T20:59:16.980+0000] {dag.py:3722} INFO - Setting next_dagrun for example_task_group to 2023-11-21T20:59:16.980693+00:00, run_after=2023-11-22T20:59:16.980693+00:00
[2023-11-22T20:59:17.000+0000] {processor.py:179} INFO - Processing /home/airflow/.local/lib/python3.8/site-packages/airflow/example_dags/example_task_group.py took 0.079 seconds
[2023-11-22T20:59:48.245+0000] {processor.py:157} INFO - Started process (PID=1387) to work on /home/airflow/.local/lib/python3.8/site-packages/airflow/example_dags/example_task_group.py
[2023-11-22T20:59:48.246+0000] {processor.py:829} INFO - Processing file /home/airflow/.local/lib/python3.8/site-packages/airflow/example_dags/example_task_group.py for tasks to queue
[2023-11-22T20:59:48.248+0000] {logging_mixin.py:154} INFO - [2023-11-22T20:59:48.248+0000] {dagbag.py:536} INFO - Filling up the DagBag from /home/airflow/.local/lib/python3.8/site-packages/airflow/example_dags/example_task_group.py
[2023-11-22T20:59:48.256+0000] {processor.py:839} INFO - DAG(s) dict_keys(['example_task_group']) retrieved from /home/airflow/.local/lib/python3.8/site-packages/airflow/example_dags/example_task_group.py
[2023-11-22T20:59:48.280+0000] {logging_mixin.py:154} INFO - [2023-11-22T20:59:48.280+0000] {dag.py:2941} INFO - Sync 1 DAGs
[2023-11-22T20:59:48.452+0000] {logging_mixin.py:154} INFO - [2023-11-22T20:59:48.451+0000] {dag.py:3722} INFO - Setting next_dagrun for example_task_group to 2023-11-21T20:59:48.451716+00:00, run_after=2023-11-22T20:59:48.451716+00:00
[2023-11-22T20:59:48.478+0000] {processor.py:179} INFO - Processing /home/airflow/.local/lib/python3.8/site-packages/airflow/example_dags/example_task_group.py took 0.236 seconds
[2023-11-22T21:00:19.165+0000] {processor.py:157} INFO - Started process (PID=1448) to work on /home/airflow/.local/lib/python3.8/site-packages/airflow/example_dags/example_task_group.py
[2023-11-22T21:00:19.166+0000] {processor.py:829} INFO - Processing file /home/airflow/.local/lib/python3.8/site-packages/airflow/example_dags/example_task_group.py for tasks to queue
[2023-11-22T21:00:19.169+0000] {logging_mixin.py:154} INFO - [2023-11-22T21:00:19.168+0000] {dagbag.py:536} INFO - Filling up the DagBag from /home/airflow/.local/lib/python3.8/site-packages/airflow/example_dags/example_task_group.py
[2023-11-22T21:00:19.179+0000] {processor.py:839} INFO - DAG(s) dict_keys(['example_task_group']) retrieved from /home/airflow/.local/lib/python3.8/site-packages/airflow/example_dags/example_task_group.py
[2023-11-22T21:00:19.204+0000] {logging_mixin.py:154} INFO - [2023-11-22T21:00:19.204+0000] {dag.py:2941} INFO - Sync 1 DAGs
[2023-11-22T21:00:19.232+0000] {logging_mixin.py:154} INFO - [2023-11-22T21:00:19.231+0000] {dag.py:3722} INFO - Setting next_dagrun for example_task_group to 2023-11-21T21:00:19.231575+00:00, run_after=2023-11-22T21:00:19.231575+00:00
[2023-11-22T21:00:19.404+0000] {processor.py:179} INFO - Processing /home/airflow/.local/lib/python3.8/site-packages/airflow/example_dags/example_task_group.py took 0.243 seconds
[2023-11-22T21:00:49.743+0000] {processor.py:157} INFO - Started process (PID=1502) to work on /home/airflow/.local/lib/python3.8/site-packages/airflow/example_dags/example_task_group.py
[2023-11-22T21:00:49.744+0000] {processor.py:829} INFO - Processing file /home/airflow/.local/lib/python3.8/site-packages/airflow/example_dags/example_task_group.py for tasks to queue
[2023-11-22T21:00:49.747+0000] {logging_mixin.py:154} INFO - [2023-11-22T21:00:49.747+0000] {dagbag.py:536} INFO - Filling up the DagBag from /home/airflow/.local/lib/python3.8/site-packages/airflow/example_dags/example_task_group.py
[2023-11-22T21:00:49.757+0000] {processor.py:839} INFO - DAG(s) dict_keys(['example_task_group']) retrieved from /home/airflow/.local/lib/python3.8/site-packages/airflow/example_dags/example_task_group.py
[2023-11-22T21:00:49.787+0000] {logging_mixin.py:154} INFO - [2023-11-22T21:00:49.786+0000] {dag.py:2941} INFO - Sync 1 DAGs
[2023-11-22T21:00:49.816+0000] {logging_mixin.py:154} INFO - [2023-11-22T21:00:49.816+0000] {dag.py:3722} INFO - Setting next_dagrun for example_task_group to 2023-11-21T21:00:49.816020+00:00, run_after=2023-11-22T21:00:49.816020+00:00
[2023-11-22T21:00:49.836+0000] {processor.py:179} INFO - Processing /home/airflow/.local/lib/python3.8/site-packages/airflow/example_dags/example_task_group.py took 0.098 seconds
[2023-11-22T21:01:20.996+0000] {processor.py:157} INFO - Started process (PID=1556) to work on /home/airflow/.local/lib/python3.8/site-packages/airflow/example_dags/example_task_group.py
[2023-11-22T21:01:20.997+0000] {processor.py:829} INFO - Processing file /home/airflow/.local/lib/python3.8/site-packages/airflow/example_dags/example_task_group.py for tasks to queue
[2023-11-22T21:01:21.000+0000] {logging_mixin.py:154} INFO - [2023-11-22T21:01:21.000+0000] {dagbag.py:536} INFO - Filling up the DagBag from /home/airflow/.local/lib/python3.8/site-packages/airflow/example_dags/example_task_group.py
[2023-11-22T21:01:21.010+0000] {processor.py:839} INFO - DAG(s) dict_keys(['example_task_group']) retrieved from /home/airflow/.local/lib/python3.8/site-packages/airflow/example_dags/example_task_group.py
[2023-11-22T21:01:21.034+0000] {logging_mixin.py:154} INFO - [2023-11-22T21:01:21.034+0000] {dag.py:2941} INFO - Sync 1 DAGs
[2023-11-22T21:01:21.198+0000] {logging_mixin.py:154} INFO - [2023-11-22T21:01:21.197+0000] {dag.py:3722} INFO - Setting next_dagrun for example_task_group to 2023-11-21T21:01:21.197291+00:00, run_after=2023-11-22T21:01:21.197291+00:00
[2023-11-22T21:01:21.219+0000] {processor.py:179} INFO - Processing /home/airflow/.local/lib/python3.8/site-packages/airflow/example_dags/example_task_group.py took 0.227 seconds
[2023-11-22T21:01:51.464+0000] {processor.py:157} INFO - Started process (PID=1611) to work on /home/airflow/.local/lib/python3.8/site-packages/airflow/example_dags/example_task_group.py
[2023-11-22T21:01:51.467+0000] {processor.py:829} INFO - Processing file /home/airflow/.local/lib/python3.8/site-packages/airflow/example_dags/example_task_group.py for tasks to queue
[2023-11-22T21:01:51.471+0000] {logging_mixin.py:154} INFO - [2023-11-22T21:01:51.471+0000] {dagbag.py:536} INFO - Filling up the DagBag from /home/airflow/.local/lib/python3.8/site-packages/airflow/example_dags/example_task_group.py
[2023-11-22T21:01:51.483+0000] {processor.py:839} INFO - DAG(s) dict_keys(['example_task_group']) retrieved from /home/airflow/.local/lib/python3.8/site-packages/airflow/example_dags/example_task_group.py
[2023-11-22T21:01:51.518+0000] {logging_mixin.py:154} INFO - [2023-11-22T21:01:51.517+0000] {dag.py:2941} INFO - Sync 1 DAGs
[2023-11-22T21:01:51.553+0000] {logging_mixin.py:154} INFO - [2023-11-22T21:01:51.553+0000] {dag.py:3722} INFO - Setting next_dagrun for example_task_group to 2023-11-21T21:01:51.553097+00:00, run_after=2023-11-22T21:01:51.553097+00:00
[2023-11-22T21:01:51.771+0000] {processor.py:179} INFO - Processing /home/airflow/.local/lib/python3.8/site-packages/airflow/example_dags/example_task_group.py took 0.311 seconds
[2023-11-22T21:02:22.016+0000] {processor.py:157} INFO - Started process (PID=1665) to work on /home/airflow/.local/lib/python3.8/site-packages/airflow/example_dags/example_task_group.py
[2023-11-22T21:02:22.017+0000] {processor.py:829} INFO - Processing file /home/airflow/.local/lib/python3.8/site-packages/airflow/example_dags/example_task_group.py for tasks to queue
[2023-11-22T21:02:22.020+0000] {logging_mixin.py:154} INFO - [2023-11-22T21:02:22.019+0000] {dagbag.py:536} INFO - Filling up the DagBag from /home/airflow/.local/lib/python3.8/site-packages/airflow/example_dags/example_task_group.py
[2023-11-22T21:02:22.030+0000] {processor.py:839} INFO - DAG(s) dict_keys(['example_task_group']) retrieved from /home/airflow/.local/lib/python3.8/site-packages/airflow/example_dags/example_task_group.py
[2023-11-22T21:02:22.054+0000] {logging_mixin.py:154} INFO - [2023-11-22T21:02:22.054+0000] {dag.py:2941} INFO - Sync 1 DAGs
[2023-11-22T21:02:22.078+0000] {logging_mixin.py:154} INFO - [2023-11-22T21:02:22.078+0000] {dag.py:3722} INFO - Setting next_dagrun for example_task_group to 2023-11-21T21:02:22.078335+00:00, run_after=2023-11-22T21:02:22.078335+00:00
[2023-11-22T21:02:22.101+0000] {processor.py:179} INFO - Processing /home/airflow/.local/lib/python3.8/site-packages/airflow/example_dags/example_task_group.py took 0.088 seconds
[2023-11-22T21:02:52.959+0000] {processor.py:157} INFO - Started process (PID=1719) to work on /home/airflow/.local/lib/python3.8/site-packages/airflow/example_dags/example_task_group.py
[2023-11-22T21:02:52.960+0000] {processor.py:829} INFO - Processing file /home/airflow/.local/lib/python3.8/site-packages/airflow/example_dags/example_task_group.py for tasks to queue
[2023-11-22T21:02:52.963+0000] {logging_mixin.py:154} INFO - [2023-11-22T21:02:52.963+0000] {dagbag.py:536} INFO - Filling up the DagBag from /home/airflow/.local/lib/python3.8/site-packages/airflow/example_dags/example_task_group.py
[2023-11-22T21:02:52.971+0000] {processor.py:839} INFO - DAG(s) dict_keys(['example_task_group']) retrieved from /home/airflow/.local/lib/python3.8/site-packages/airflow/example_dags/example_task_group.py
[2023-11-22T21:02:53.143+0000] {logging_mixin.py:154} INFO - [2023-11-22T21:02:53.143+0000] {dag.py:2941} INFO - Sync 1 DAGs
[2023-11-22T21:02:53.172+0000] {logging_mixin.py:154} INFO - [2023-11-22T21:02:53.172+0000] {dag.py:3722} INFO - Setting next_dagrun for example_task_group to 2023-11-21T21:02:53.172435+00:00, run_after=2023-11-22T21:02:53.172435+00:00
[2023-11-22T21:02:53.198+0000] {processor.py:179} INFO - Processing /home/airflow/.local/lib/python3.8/site-packages/airflow/example_dags/example_task_group.py took 0.242 seconds
[2023-11-22T21:03:23.637+0000] {processor.py:157} INFO - Started process (PID=1773) to work on /home/airflow/.local/lib/python3.8/site-packages/airflow/example_dags/example_task_group.py
[2023-11-22T21:03:23.638+0000] {processor.py:829} INFO - Processing file /home/airflow/.local/lib/python3.8/site-packages/airflow/example_dags/example_task_group.py for tasks to queue
[2023-11-22T21:03:23.641+0000] {logging_mixin.py:154} INFO - [2023-11-22T21:03:23.641+0000] {dagbag.py:536} INFO - Filling up the DagBag from /home/airflow/.local/lib/python3.8/site-packages/airflow/example_dags/example_task_group.py
[2023-11-22T21:03:23.653+0000] {processor.py:839} INFO - DAG(s) dict_keys(['example_task_group']) retrieved from /home/airflow/.local/lib/python3.8/site-packages/airflow/example_dags/example_task_group.py
[2023-11-22T21:03:23.679+0000] {logging_mixin.py:154} INFO - [2023-11-22T21:03:23.678+0000] {dag.py:2941} INFO - Sync 1 DAGs
[2023-11-22T21:03:23.704+0000] {logging_mixin.py:154} INFO - [2023-11-22T21:03:23.703+0000] {dag.py:3722} INFO - Setting next_dagrun for example_task_group to 2023-11-21T21:03:23.703694+00:00, run_after=2023-11-22T21:03:23.703694+00:00
[2023-11-22T21:03:23.729+0000] {processor.py:179} INFO - Processing /home/airflow/.local/lib/python3.8/site-packages/airflow/example_dags/example_task_group.py took 0.095 seconds
[2023-11-22T21:03:53.785+0000] {processor.py:157} INFO - Started process (PID=1827) to work on /home/airflow/.local/lib/python3.8/site-packages/airflow/example_dags/example_task_group.py
[2023-11-22T21:03:53.786+0000] {processor.py:829} INFO - Processing file /home/airflow/.local/lib/python3.8/site-packages/airflow/example_dags/example_task_group.py for tasks to queue
[2023-11-22T21:03:53.789+0000] {logging_mixin.py:154} INFO - [2023-11-22T21:03:53.789+0000] {dagbag.py:536} INFO - Filling up the DagBag from /home/airflow/.local/lib/python3.8/site-packages/airflow/example_dags/example_task_group.py
[2023-11-22T21:03:53.796+0000] {processor.py:839} INFO - DAG(s) dict_keys(['example_task_group']) retrieved from /home/airflow/.local/lib/python3.8/site-packages/airflow/example_dags/example_task_group.py
[2023-11-22T21:03:53.818+0000] {logging_mixin.py:154} INFO - [2023-11-22T21:03:53.818+0000] {dag.py:2941} INFO - Sync 1 DAGs
[2023-11-22T21:03:53.839+0000] {logging_mixin.py:154} INFO - [2023-11-22T21:03:53.839+0000] {dag.py:3722} INFO - Setting next_dagrun for example_task_group to 2023-11-21T21:03:53.839560+00:00, run_after=2023-11-22T21:03:53.839560+00:00
[2023-11-22T21:03:53.859+0000] {processor.py:179} INFO - Processing /home/airflow/.local/lib/python3.8/site-packages/airflow/example_dags/example_task_group.py took 0.077 seconds
[2023-11-22T21:04:23.995+0000] {processor.py:157} INFO - Started process (PID=1881) to work on /home/airflow/.local/lib/python3.8/site-packages/airflow/example_dags/example_task_group.py
[2023-11-22T21:04:23.996+0000] {processor.py:829} INFO - Processing file /home/airflow/.local/lib/python3.8/site-packages/airflow/example_dags/example_task_group.py for tasks to queue
[2023-11-22T21:04:23.999+0000] {logging_mixin.py:154} INFO - [2023-11-22T21:04:23.999+0000] {dagbag.py:536} INFO - Filling up the DagBag from /home/airflow/.local/lib/python3.8/site-packages/airflow/example_dags/example_task_group.py
[2023-11-22T21:04:24.006+0000] {processor.py:839} INFO - DAG(s) dict_keys(['example_task_group']) retrieved from /home/airflow/.local/lib/python3.8/site-packages/airflow/example_dags/example_task_group.py
[2023-11-22T21:04:24.028+0000] {logging_mixin.py:154} INFO - [2023-11-22T21:04:24.028+0000] {dag.py:2941} INFO - Sync 1 DAGs
[2023-11-22T21:04:24.050+0000] {logging_mixin.py:154} INFO - [2023-11-22T21:04:24.050+0000] {dag.py:3722} INFO - Setting next_dagrun for example_task_group to 2023-11-21T21:04:24.050579+00:00, run_after=2023-11-22T21:04:24.050579+00:00
[2023-11-22T21:04:24.070+0000] {processor.py:179} INFO - Processing /home/airflow/.local/lib/python3.8/site-packages/airflow/example_dags/example_task_group.py took 0.078 seconds
[2023-11-22T21:04:54.267+0000] {processor.py:157} INFO - Started process (PID=1935) to work on /home/airflow/.local/lib/python3.8/site-packages/airflow/example_dags/example_task_group.py
[2023-11-22T21:04:54.268+0000] {processor.py:829} INFO - Processing file /home/airflow/.local/lib/python3.8/site-packages/airflow/example_dags/example_task_group.py for tasks to queue
[2023-11-22T21:04:54.271+0000] {logging_mixin.py:154} INFO - [2023-11-22T21:04:54.270+0000] {dagbag.py:536} INFO - Filling up the DagBag from /home/airflow/.local/lib/python3.8/site-packages/airflow/example_dags/example_task_group.py
[2023-11-22T21:04:54.279+0000] {processor.py:839} INFO - DAG(s) dict_keys(['example_task_group']) retrieved from /home/airflow/.local/lib/python3.8/site-packages/airflow/example_dags/example_task_group.py
[2023-11-22T21:04:54.302+0000] {logging_mixin.py:154} INFO - [2023-11-22T21:04:54.302+0000] {dag.py:2941} INFO - Sync 1 DAGs
[2023-11-22T21:04:54.324+0000] {logging_mixin.py:154} INFO - [2023-11-22T21:04:54.324+0000] {dag.py:3722} INFO - Setting next_dagrun for example_task_group to 2023-11-21T21:04:54.323930+00:00, run_after=2023-11-22T21:04:54.323930+00:00
[2023-11-22T21:04:54.345+0000] {processor.py:179} INFO - Processing /home/airflow/.local/lib/python3.8/site-packages/airflow/example_dags/example_task_group.py took 0.083 seconds
[2023-11-22T21:05:25.403+0000] {processor.py:157} INFO - Started process (PID=1989) to work on /home/airflow/.local/lib/python3.8/site-packages/airflow/example_dags/example_task_group.py
[2023-11-22T21:05:25.404+0000] {processor.py:829} INFO - Processing file /home/airflow/.local/lib/python3.8/site-packages/airflow/example_dags/example_task_group.py for tasks to queue
[2023-11-22T21:05:25.407+0000] {logging_mixin.py:154} INFO - [2023-11-22T21:05:25.406+0000] {dagbag.py:536} INFO - Filling up the DagBag from /home/airflow/.local/lib/python3.8/site-packages/airflow/example_dags/example_task_group.py
[2023-11-22T21:05:25.414+0000] {processor.py:839} INFO - DAG(s) dict_keys(['example_task_group']) retrieved from /home/airflow/.local/lib/python3.8/site-packages/airflow/example_dags/example_task_group.py
[2023-11-22T21:05:25.435+0000] {logging_mixin.py:154} INFO - [2023-11-22T21:05:25.435+0000] {dag.py:2941} INFO - Sync 1 DAGs
[2023-11-22T21:05:25.456+0000] {logging_mixin.py:154} INFO - [2023-11-22T21:05:25.456+0000] {dag.py:3722} INFO - Setting next_dagrun for example_task_group to 2023-11-21T21:05:25.456368+00:00, run_after=2023-11-22T21:05:25.456368+00:00
[2023-11-22T21:05:25.480+0000] {processor.py:179} INFO - Processing /home/airflow/.local/lib/python3.8/site-packages/airflow/example_dags/example_task_group.py took 0.081 seconds
[2023-11-22T21:05:55.665+0000] {processor.py:157} INFO - Started process (PID=2043) to work on /home/airflow/.local/lib/python3.8/site-packages/airflow/example_dags/example_task_group.py
[2023-11-22T21:05:55.666+0000] {processor.py:829} INFO - Processing file /home/airflow/.local/lib/python3.8/site-packages/airflow/example_dags/example_task_group.py for tasks to queue
[2023-11-22T21:05:55.669+0000] {logging_mixin.py:154} INFO - [2023-11-22T21:05:55.668+0000] {dagbag.py:536} INFO - Filling up the DagBag from /home/airflow/.local/lib/python3.8/site-packages/airflow/example_dags/example_task_group.py
[2023-11-22T21:05:55.679+0000] {processor.py:839} INFO - DAG(s) dict_keys(['example_task_group']) retrieved from /home/airflow/.local/lib/python3.8/site-packages/airflow/example_dags/example_task_group.py
[2023-11-22T21:05:55.702+0000] {logging_mixin.py:154} INFO - [2023-11-22T21:05:55.702+0000] {dag.py:2941} INFO - Sync 1 DAGs
[2023-11-22T21:05:55.724+0000] {logging_mixin.py:154} INFO - [2023-11-22T21:05:55.724+0000] {dag.py:3722} INFO - Setting next_dagrun for example_task_group to 2023-11-21T21:05:55.724477+00:00, run_after=2023-11-22T21:05:55.724477+00:00
[2023-11-22T21:05:55.747+0000] {processor.py:179} INFO - Processing /home/airflow/.local/lib/python3.8/site-packages/airflow/example_dags/example_task_group.py took 0.085 seconds
[2023-11-22T21:06:26.325+0000] {processor.py:157} INFO - Started process (PID=2098) to work on /home/airflow/.local/lib/python3.8/site-packages/airflow/example_dags/example_task_group.py
[2023-11-22T21:06:26.326+0000] {processor.py:829} INFO - Processing file /home/airflow/.local/lib/python3.8/site-packages/airflow/example_dags/example_task_group.py for tasks to queue
[2023-11-22T21:06:26.329+0000] {logging_mixin.py:154} INFO - [2023-11-22T21:06:26.329+0000] {dagbag.py:536} INFO - Filling up the DagBag from /home/airflow/.local/lib/python3.8/site-packages/airflow/example_dags/example_task_group.py
[2023-11-22T21:06:26.337+0000] {processor.py:839} INFO - DAG(s) dict_keys(['example_task_group']) retrieved from /home/airflow/.local/lib/python3.8/site-packages/airflow/example_dags/example_task_group.py
[2023-11-22T21:06:26.360+0000] {logging_mixin.py:154} INFO - [2023-11-22T21:06:26.360+0000] {dag.py:2941} INFO - Sync 1 DAGs
[2023-11-22T21:06:26.381+0000] {logging_mixin.py:154} INFO - [2023-11-22T21:06:26.381+0000] {dag.py:3722} INFO - Setting next_dagrun for example_task_group to 2023-11-21T21:06:26.381326+00:00, run_after=2023-11-22T21:06:26.381326+00:00
[2023-11-22T21:06:26.401+0000] {processor.py:179} INFO - Processing /home/airflow/.local/lib/python3.8/site-packages/airflow/example_dags/example_task_group.py took 0.080 seconds
[2023-11-22T21:06:56.537+0000] {processor.py:157} INFO - Started process (PID=2152) to work on /home/airflow/.local/lib/python3.8/site-packages/airflow/example_dags/example_task_group.py
[2023-11-22T21:06:56.539+0000] {processor.py:829} INFO - Processing file /home/airflow/.local/lib/python3.8/site-packages/airflow/example_dags/example_task_group.py for tasks to queue
[2023-11-22T21:06:56.541+0000] {logging_mixin.py:154} INFO - [2023-11-22T21:06:56.541+0000] {dagbag.py:536} INFO - Filling up the DagBag from /home/airflow/.local/lib/python3.8/site-packages/airflow/example_dags/example_task_group.py
[2023-11-22T21:06:56.550+0000] {processor.py:839} INFO - DAG(s) dict_keys(['example_task_group']) retrieved from /home/airflow/.local/lib/python3.8/site-packages/airflow/example_dags/example_task_group.py
[2023-11-22T21:06:56.573+0000] {logging_mixin.py:154} INFO - [2023-11-22T21:06:56.573+0000] {dag.py:2941} INFO - Sync 1 DAGs
[2023-11-22T21:06:56.598+0000] {logging_mixin.py:154} INFO - [2023-11-22T21:06:56.598+0000] {dag.py:3722} INFO - Setting next_dagrun for example_task_group to 2023-11-21T21:06:56.597806+00:00, run_after=2023-11-22T21:06:56.597806+00:00
[2023-11-22T21:06:56.620+0000] {processor.py:179} INFO - Processing /home/airflow/.local/lib/python3.8/site-packages/airflow/example_dags/example_task_group.py took 0.086 seconds
[2023-11-22T21:07:26.735+0000] {processor.py:157} INFO - Started process (PID=2205) to work on /home/airflow/.local/lib/python3.8/site-packages/airflow/example_dags/example_task_group.py
[2023-11-22T21:07:26.737+0000] {processor.py:829} INFO - Processing file /home/airflow/.local/lib/python3.8/site-packages/airflow/example_dags/example_task_group.py for tasks to queue
[2023-11-22T21:07:26.741+0000] {logging_mixin.py:154} INFO - [2023-11-22T21:07:26.741+0000] {dagbag.py:536} INFO - Filling up the DagBag from /home/airflow/.local/lib/python3.8/site-packages/airflow/example_dags/example_task_group.py
[2023-11-22T21:07:26.749+0000] {processor.py:839} INFO - DAG(s) dict_keys(['example_task_group']) retrieved from /home/airflow/.local/lib/python3.8/site-packages/airflow/example_dags/example_task_group.py
[2023-11-22T21:07:26.776+0000] {logging_mixin.py:154} INFO - [2023-11-22T21:07:26.776+0000] {dag.py:2941} INFO - Sync 1 DAGs
[2023-11-22T21:07:26.805+0000] {logging_mixin.py:154} INFO - [2023-11-22T21:07:26.805+0000] {dag.py:3722} INFO - Setting next_dagrun for example_task_group to 2023-11-21T21:07:26.804794+00:00, run_after=2023-11-22T21:07:26.804794+00:00
[2023-11-22T21:07:26.830+0000] {processor.py:179} INFO - Processing /home/airflow/.local/lib/python3.8/site-packages/airflow/example_dags/example_task_group.py took 0.099 seconds
[2023-11-22T21:07:57.015+0000] {processor.py:157} INFO - Started process (PID=2259) to work on /home/airflow/.local/lib/python3.8/site-packages/airflow/example_dags/example_task_group.py
[2023-11-22T21:07:57.016+0000] {processor.py:829} INFO - Processing file /home/airflow/.local/lib/python3.8/site-packages/airflow/example_dags/example_task_group.py for tasks to queue
[2023-11-22T21:07:57.019+0000] {logging_mixin.py:154} INFO - [2023-11-22T21:07:57.019+0000] {dagbag.py:536} INFO - Filling up the DagBag from /home/airflow/.local/lib/python3.8/site-packages/airflow/example_dags/example_task_group.py
[2023-11-22T21:07:57.027+0000] {processor.py:839} INFO - DAG(s) dict_keys(['example_task_group']) retrieved from /home/airflow/.local/lib/python3.8/site-packages/airflow/example_dags/example_task_group.py
[2023-11-22T21:07:57.049+0000] {logging_mixin.py:154} INFO - [2023-11-22T21:07:57.049+0000] {dag.py:2941} INFO - Sync 1 DAGs
[2023-11-22T21:07:57.072+0000] {logging_mixin.py:154} INFO - [2023-11-22T21:07:57.072+0000] {dag.py:3722} INFO - Setting next_dagrun for example_task_group to 2023-11-21T21:07:57.072202+00:00, run_after=2023-11-22T21:07:57.072202+00:00
[2023-11-22T21:07:57.093+0000] {processor.py:179} INFO - Processing /home/airflow/.local/lib/python3.8/site-packages/airflow/example_dags/example_task_group.py took 0.081 seconds
[2023-11-22T21:08:27.291+0000] {processor.py:157} INFO - Started process (PID=2313) to work on /home/airflow/.local/lib/python3.8/site-packages/airflow/example_dags/example_task_group.py
[2023-11-22T21:08:27.292+0000] {processor.py:829} INFO - Processing file /home/airflow/.local/lib/python3.8/site-packages/airflow/example_dags/example_task_group.py for tasks to queue
[2023-11-22T21:08:27.295+0000] {logging_mixin.py:154} INFO - [2023-11-22T21:08:27.295+0000] {dagbag.py:536} INFO - Filling up the DagBag from /home/airflow/.local/lib/python3.8/site-packages/airflow/example_dags/example_task_group.py
[2023-11-22T21:08:27.302+0000] {processor.py:839} INFO - DAG(s) dict_keys(['example_task_group']) retrieved from /home/airflow/.local/lib/python3.8/site-packages/airflow/example_dags/example_task_group.py
[2023-11-22T21:08:27.324+0000] {logging_mixin.py:154} INFO - [2023-11-22T21:08:27.324+0000] {dag.py:2941} INFO - Sync 1 DAGs
[2023-11-22T21:08:27.346+0000] {logging_mixin.py:154} INFO - [2023-11-22T21:08:27.346+0000] {dag.py:3722} INFO - Setting next_dagrun for example_task_group to 2023-11-21T21:08:27.346408+00:00, run_after=2023-11-22T21:08:27.346408+00:00
[2023-11-22T21:08:27.369+0000] {processor.py:179} INFO - Processing /home/airflow/.local/lib/python3.8/site-packages/airflow/example_dags/example_task_group.py took 0.082 seconds
[2023-11-22T21:08:57.900+0000] {processor.py:157} INFO - Started process (PID=2367) to work on /home/airflow/.local/lib/python3.8/site-packages/airflow/example_dags/example_task_group.py
[2023-11-22T21:08:57.901+0000] {processor.py:829} INFO - Processing file /home/airflow/.local/lib/python3.8/site-packages/airflow/example_dags/example_task_group.py for tasks to queue
[2023-11-22T21:08:57.905+0000] {logging_mixin.py:154} INFO - [2023-11-22T21:08:57.904+0000] {dagbag.py:536} INFO - Filling up the DagBag from /home/airflow/.local/lib/python3.8/site-packages/airflow/example_dags/example_task_group.py
[2023-11-22T21:08:57.912+0000] {processor.py:839} INFO - DAG(s) dict_keys(['example_task_group']) retrieved from /home/airflow/.local/lib/python3.8/site-packages/airflow/example_dags/example_task_group.py
[2023-11-22T21:08:57.939+0000] {logging_mixin.py:154} INFO - [2023-11-22T21:08:57.938+0000] {dag.py:2941} INFO - Sync 1 DAGs
[2023-11-22T21:08:57.961+0000] {logging_mixin.py:154} INFO - [2023-11-22T21:08:57.961+0000] {dag.py:3722} INFO - Setting next_dagrun for example_task_group to 2023-11-21T21:08:57.961055+00:00, run_after=2023-11-22T21:08:57.961055+00:00
[2023-11-22T21:08:57.981+0000] {processor.py:179} INFO - Processing /home/airflow/.local/lib/python3.8/site-packages/airflow/example_dags/example_task_group.py took 0.085 seconds
[2023-11-22T21:09:28.226+0000] {processor.py:157} INFO - Started process (PID=2421) to work on /home/airflow/.local/lib/python3.8/site-packages/airflow/example_dags/example_task_group.py
[2023-11-22T21:09:28.227+0000] {processor.py:829} INFO - Processing file /home/airflow/.local/lib/python3.8/site-packages/airflow/example_dags/example_task_group.py for tasks to queue
[2023-11-22T21:09:28.230+0000] {logging_mixin.py:154} INFO - [2023-11-22T21:09:28.230+0000] {dagbag.py:536} INFO - Filling up the DagBag from /home/airflow/.local/lib/python3.8/site-packages/airflow/example_dags/example_task_group.py
[2023-11-22T21:09:28.238+0000] {processor.py:839} INFO - DAG(s) dict_keys(['example_task_group']) retrieved from /home/airflow/.local/lib/python3.8/site-packages/airflow/example_dags/example_task_group.py
[2023-11-22T21:09:28.262+0000] {logging_mixin.py:154} INFO - [2023-11-22T21:09:28.261+0000] {dag.py:2941} INFO - Sync 1 DAGs
[2023-11-22T21:09:28.287+0000] {logging_mixin.py:154} INFO - [2023-11-22T21:09:28.287+0000] {dag.py:3722} INFO - Setting next_dagrun for example_task_group to 2023-11-21T21:09:28.287352+00:00, run_after=2023-11-22T21:09:28.287352+00:00
[2023-11-22T21:09:28.310+0000] {processor.py:179} INFO - Processing /home/airflow/.local/lib/python3.8/site-packages/airflow/example_dags/example_task_group.py took 0.088 seconds
[2023-11-22T21:09:58.483+0000] {processor.py:157} INFO - Started process (PID=2475) to work on /home/airflow/.local/lib/python3.8/site-packages/airflow/example_dags/example_task_group.py
[2023-11-22T21:09:58.485+0000] {processor.py:829} INFO - Processing file /home/airflow/.local/lib/python3.8/site-packages/airflow/example_dags/example_task_group.py for tasks to queue
[2023-11-22T21:09:58.487+0000] {logging_mixin.py:154} INFO - [2023-11-22T21:09:58.487+0000] {dagbag.py:536} INFO - Filling up the DagBag from /home/airflow/.local/lib/python3.8/site-packages/airflow/example_dags/example_task_group.py
[2023-11-22T21:09:58.495+0000] {processor.py:839} INFO - DAG(s) dict_keys(['example_task_group']) retrieved from /home/airflow/.local/lib/python3.8/site-packages/airflow/example_dags/example_task_group.py
[2023-11-22T21:09:58.519+0000] {logging_mixin.py:154} INFO - [2023-11-22T21:09:58.519+0000] {dag.py:2941} INFO - Sync 1 DAGs
[2023-11-22T21:09:58.542+0000] {logging_mixin.py:154} INFO - [2023-11-22T21:09:58.542+0000] {dag.py:3722} INFO - Setting next_dagrun for example_task_group to 2023-11-21T21:09:58.542472+00:00, run_after=2023-11-22T21:09:58.542472+00:00
[2023-11-22T21:09:58.562+0000] {processor.py:179} INFO - Processing /home/airflow/.local/lib/python3.8/site-packages/airflow/example_dags/example_task_group.py took 0.082 seconds
[2023-11-22T21:10:28.935+0000] {processor.py:157} INFO - Started process (PID=2529) to work on /home/airflow/.local/lib/python3.8/site-packages/airflow/example_dags/example_task_group.py
[2023-11-22T21:10:28.936+0000] {processor.py:829} INFO - Processing file /home/airflow/.local/lib/python3.8/site-packages/airflow/example_dags/example_task_group.py for tasks to queue
[2023-11-22T21:10:28.939+0000] {logging_mixin.py:154} INFO - [2023-11-22T21:10:28.939+0000] {dagbag.py:536} INFO - Filling up the DagBag from /home/airflow/.local/lib/python3.8/site-packages/airflow/example_dags/example_task_group.py
[2023-11-22T21:10:28.947+0000] {processor.py:839} INFO - DAG(s) dict_keys(['example_task_group']) retrieved from /home/airflow/.local/lib/python3.8/site-packages/airflow/example_dags/example_task_group.py
[2023-11-22T21:10:28.971+0000] {logging_mixin.py:154} INFO - [2023-11-22T21:10:28.971+0000] {dag.py:2941} INFO - Sync 1 DAGs
[2023-11-22T21:10:28.995+0000] {logging_mixin.py:154} INFO - [2023-11-22T21:10:28.995+0000] {dag.py:3722} INFO - Setting next_dagrun for example_task_group to 2023-11-21T21:10:28.995045+00:00, run_after=2023-11-22T21:10:28.995045+00:00
[2023-11-22T21:10:29.016+0000] {processor.py:179} INFO - Processing /home/airflow/.local/lib/python3.8/site-packages/airflow/example_dags/example_task_group.py took 0.085 seconds
[2023-11-22T21:10:59.408+0000] {processor.py:157} INFO - Started process (PID=2583) to work on /home/airflow/.local/lib/python3.8/site-packages/airflow/example_dags/example_task_group.py
[2023-11-22T21:10:59.410+0000] {processor.py:829} INFO - Processing file /home/airflow/.local/lib/python3.8/site-packages/airflow/example_dags/example_task_group.py for tasks to queue
[2023-11-22T21:10:59.412+0000] {logging_mixin.py:154} INFO - [2023-11-22T21:10:59.412+0000] {dagbag.py:536} INFO - Filling up the DagBag from /home/airflow/.local/lib/python3.8/site-packages/airflow/example_dags/example_task_group.py
[2023-11-22T21:10:59.420+0000] {processor.py:839} INFO - DAG(s) dict_keys(['example_task_group']) retrieved from /home/airflow/.local/lib/python3.8/site-packages/airflow/example_dags/example_task_group.py
[2023-11-22T21:10:59.446+0000] {logging_mixin.py:154} INFO - [2023-11-22T21:10:59.446+0000] {dag.py:2941} INFO - Sync 1 DAGs
[2023-11-22T21:10:59.471+0000] {logging_mixin.py:154} INFO - [2023-11-22T21:10:59.470+0000] {dag.py:3722} INFO - Setting next_dagrun for example_task_group to 2023-11-21T21:10:59.470603+00:00, run_after=2023-11-22T21:10:59.470603+00:00
[2023-11-22T21:10:59.490+0000] {processor.py:179} INFO - Processing /home/airflow/.local/lib/python3.8/site-packages/airflow/example_dags/example_task_group.py took 0.086 seconds
[2023-11-22T21:11:30.229+0000] {processor.py:157} INFO - Started process (PID=2637) to work on /home/airflow/.local/lib/python3.8/site-packages/airflow/example_dags/example_task_group.py
[2023-11-22T21:11:30.231+0000] {processor.py:829} INFO - Processing file /home/airflow/.local/lib/python3.8/site-packages/airflow/example_dags/example_task_group.py for tasks to queue
[2023-11-22T21:11:30.233+0000] {logging_mixin.py:154} INFO - [2023-11-22T21:11:30.233+0000] {dagbag.py:536} INFO - Filling up the DagBag from /home/airflow/.local/lib/python3.8/site-packages/airflow/example_dags/example_task_group.py
[2023-11-22T21:11:30.241+0000] {processor.py:839} INFO - DAG(s) dict_keys(['example_task_group']) retrieved from /home/airflow/.local/lib/python3.8/site-packages/airflow/example_dags/example_task_group.py
[2023-11-22T21:11:30.264+0000] {logging_mixin.py:154} INFO - [2023-11-22T21:11:30.264+0000] {dag.py:2941} INFO - Sync 1 DAGs
[2023-11-22T21:11:30.289+0000] {logging_mixin.py:154} INFO - [2023-11-22T21:11:30.288+0000] {dag.py:3722} INFO - Setting next_dagrun for example_task_group to 2023-11-21T21:11:30.288530+00:00, run_after=2023-11-22T21:11:30.288530+00:00
[2023-11-22T21:11:30.309+0000] {processor.py:179} INFO - Processing /home/airflow/.local/lib/python3.8/site-packages/airflow/example_dags/example_task_group.py took 0.084 seconds
