[2023-11-22T20:46:42.741+0000] {processor.py:157} INFO - Started process (PID=42) to work on /home/airflow/.local/lib/python3.8/site-packages/airflow/example_dags/example_bash_operator.py
[2023-11-22T20:46:42.747+0000] {processor.py:829} INFO - Processing file /home/airflow/.local/lib/python3.8/site-packages/airflow/example_dags/example_bash_operator.py for tasks to queue
[2023-11-22T20:46:42.753+0000] {logging_mixin.py:154} INFO - [2023-11-22T20:46:42.753+0000] {dagbag.py:536} INFO - Filling up the DagBag from /home/airflow/.local/lib/python3.8/site-packages/airflow/example_dags/example_bash_operator.py
[2023-11-22T20:46:42.840+0000] {processor.py:839} INFO - DAG(s) dict_keys(['example_bash_operator']) retrieved from /home/airflow/.local/lib/python3.8/site-packages/airflow/example_dags/example_bash_operator.py
[2023-11-22T20:46:43.153+0000] {logging_mixin.py:154} INFO - [2023-11-22T20:46:43.152+0000] {dag.py:2941} INFO - Sync 1 DAGs
[2023-11-22T20:46:43.245+0000] {logging_mixin.py:154} INFO - [2023-11-22T20:46:43.244+0000] {dag.py:3722} INFO - Setting next_dagrun for example_bash_operator to 2023-11-21T00:00:00+00:00, run_after=2023-11-22T00:00:00+00:00
[2023-11-22T20:46:43.314+0000] {processor.py:179} INFO - Processing /home/airflow/.local/lib/python3.8/site-packages/airflow/example_dags/example_bash_operator.py took 0.581 seconds
[2023-11-22T20:47:17.191+0000] {processor.py:157} INFO - Started process (PID=95) to work on /home/airflow/.local/lib/python3.8/site-packages/airflow/example_dags/example_bash_operator.py
[2023-11-22T20:47:17.232+0000] {processor.py:829} INFO - Processing file /home/airflow/.local/lib/python3.8/site-packages/airflow/example_dags/example_bash_operator.py for tasks to queue
[2023-11-22T20:47:17.263+0000] {logging_mixin.py:154} INFO - [2023-11-22T20:47:17.263+0000] {dagbag.py:536} INFO - Filling up the DagBag from /home/airflow/.local/lib/python3.8/site-packages/airflow/example_dags/example_bash_operator.py
[2023-11-22T20:47:17.392+0000] {processor.py:839} INFO - DAG(s) dict_keys(['example_bash_operator']) retrieved from /home/airflow/.local/lib/python3.8/site-packages/airflow/example_dags/example_bash_operator.py
[2023-11-22T20:47:17.636+0000] {logging_mixin.py:154} INFO - [2023-11-22T20:47:17.636+0000] {dag.py:2941} INFO - Sync 1 DAGs
[2023-11-22T20:47:17.826+0000] {logging_mixin.py:154} INFO - [2023-11-22T20:47:17.826+0000] {dag.py:3722} INFO - Setting next_dagrun for example_bash_operator to 2023-11-21T00:00:00+00:00, run_after=2023-11-22T00:00:00+00:00
[2023-11-22T20:47:18.083+0000] {processor.py:179} INFO - Processing /home/airflow/.local/lib/python3.8/site-packages/airflow/example_dags/example_bash_operator.py took 0.914 seconds
[2023-11-22T20:47:48.698+0000] {processor.py:157} INFO - Started process (PID=148) to work on /home/airflow/.local/lib/python3.8/site-packages/airflow/example_dags/example_bash_operator.py
[2023-11-22T20:47:48.737+0000] {processor.py:829} INFO - Processing file /home/airflow/.local/lib/python3.8/site-packages/airflow/example_dags/example_bash_operator.py for tasks to queue
[2023-11-22T20:47:48.751+0000] {logging_mixin.py:154} INFO - [2023-11-22T20:47:48.749+0000] {dagbag.py:536} INFO - Filling up the DagBag from /home/airflow/.local/lib/python3.8/site-packages/airflow/example_dags/example_bash_operator.py
[2023-11-22T20:47:48.798+0000] {processor.py:839} INFO - DAG(s) dict_keys(['example_bash_operator']) retrieved from /home/airflow/.local/lib/python3.8/site-packages/airflow/example_dags/example_bash_operator.py
[2023-11-22T20:47:48.833+0000] {logging_mixin.py:154} INFO - [2023-11-22T20:47:48.833+0000] {dag.py:2941} INFO - Sync 1 DAGs
[2023-11-22T20:47:48.855+0000] {logging_mixin.py:154} INFO - [2023-11-22T20:47:48.855+0000] {dag.py:3722} INFO - Setting next_dagrun for example_bash_operator to 2023-11-21T00:00:00+00:00, run_after=2023-11-22T00:00:00+00:00
[2023-11-22T20:47:48.978+0000] {processor.py:179} INFO - Processing /home/airflow/.local/lib/python3.8/site-packages/airflow/example_dags/example_bash_operator.py took 0.286 seconds
[2023-11-22T20:48:19.391+0000] {processor.py:157} INFO - Started process (PID=202) to work on /home/airflow/.local/lib/python3.8/site-packages/airflow/example_dags/example_bash_operator.py
[2023-11-22T20:48:19.400+0000] {processor.py:829} INFO - Processing file /home/airflow/.local/lib/python3.8/site-packages/airflow/example_dags/example_bash_operator.py for tasks to queue
[2023-11-22T20:48:19.403+0000] {logging_mixin.py:154} INFO - [2023-11-22T20:48:19.403+0000] {dagbag.py:536} INFO - Filling up the DagBag from /home/airflow/.local/lib/python3.8/site-packages/airflow/example_dags/example_bash_operator.py
[2023-11-22T20:48:19.414+0000] {processor.py:839} INFO - DAG(s) dict_keys(['example_bash_operator']) retrieved from /home/airflow/.local/lib/python3.8/site-packages/airflow/example_dags/example_bash_operator.py
[2023-11-22T20:48:19.443+0000] {logging_mixin.py:154} INFO - [2023-11-22T20:48:19.443+0000] {dag.py:2941} INFO - Sync 1 DAGs
[2023-11-22T20:48:19.466+0000] {logging_mixin.py:154} INFO - [2023-11-22T20:48:19.465+0000] {dag.py:3722} INFO - Setting next_dagrun for example_bash_operator to 2023-11-21T00:00:00+00:00, run_after=2023-11-22T00:00:00+00:00
[2023-11-22T20:48:19.486+0000] {processor.py:179} INFO - Processing /home/airflow/.local/lib/python3.8/site-packages/airflow/example_dags/example_bash_operator.py took 0.099 seconds
[2023-11-22T20:48:50.000+0000] {processor.py:157} INFO - Started process (PID=256) to work on /home/airflow/.local/lib/python3.8/site-packages/airflow/example_dags/example_bash_operator.py
[2023-11-22T20:48:50.002+0000] {processor.py:829} INFO - Processing file /home/airflow/.local/lib/python3.8/site-packages/airflow/example_dags/example_bash_operator.py for tasks to queue
[2023-11-22T20:48:50.004+0000] {logging_mixin.py:154} INFO - [2023-11-22T20:48:50.004+0000] {dagbag.py:536} INFO - Filling up the DagBag from /home/airflow/.local/lib/python3.8/site-packages/airflow/example_dags/example_bash_operator.py
[2023-11-22T20:48:50.017+0000] {processor.py:839} INFO - DAG(s) dict_keys(['example_bash_operator']) retrieved from /home/airflow/.local/lib/python3.8/site-packages/airflow/example_dags/example_bash_operator.py
[2023-11-22T20:48:50.055+0000] {logging_mixin.py:154} INFO - [2023-11-22T20:48:50.055+0000] {dag.py:2941} INFO - Sync 1 DAGs
[2023-11-22T20:48:50.080+0000] {logging_mixin.py:154} INFO - [2023-11-22T20:48:50.080+0000] {dag.py:3722} INFO - Setting next_dagrun for example_bash_operator to 2023-11-21T00:00:00+00:00, run_after=2023-11-22T00:00:00+00:00
[2023-11-22T20:48:50.177+0000] {processor.py:179} INFO - Processing /home/airflow/.local/lib/python3.8/site-packages/airflow/example_dags/example_bash_operator.py took 0.180 seconds
[2023-11-22T20:49:20.286+0000] {processor.py:157} INFO - Started process (PID=310) to work on /home/airflow/.local/lib/python3.8/site-packages/airflow/example_dags/example_bash_operator.py
[2023-11-22T20:49:20.287+0000] {processor.py:829} INFO - Processing file /home/airflow/.local/lib/python3.8/site-packages/airflow/example_dags/example_bash_operator.py for tasks to queue
[2023-11-22T20:49:20.291+0000] {logging_mixin.py:154} INFO - [2023-11-22T20:49:20.291+0000] {dagbag.py:536} INFO - Filling up the DagBag from /home/airflow/.local/lib/python3.8/site-packages/airflow/example_dags/example_bash_operator.py
[2023-11-22T20:49:20.313+0000] {processor.py:839} INFO - DAG(s) dict_keys(['example_bash_operator']) retrieved from /home/airflow/.local/lib/python3.8/site-packages/airflow/example_dags/example_bash_operator.py
[2023-11-22T20:49:20.359+0000] {logging_mixin.py:154} INFO - [2023-11-22T20:49:20.359+0000] {dag.py:2941} INFO - Sync 1 DAGs
[2023-11-22T20:49:20.395+0000] {logging_mixin.py:154} INFO - [2023-11-22T20:49:20.395+0000] {dag.py:3722} INFO - Setting next_dagrun for example_bash_operator to 2023-11-21T00:00:00+00:00, run_after=2023-11-22T00:00:00+00:00
[2023-11-22T20:49:20.420+0000] {processor.py:179} INFO - Processing /home/airflow/.local/lib/python3.8/site-packages/airflow/example_dags/example_bash_operator.py took 0.139 seconds
[2023-11-22T20:49:50.471+0000] {processor.py:157} INFO - Started process (PID=364) to work on /home/airflow/.local/lib/python3.8/site-packages/airflow/example_dags/example_bash_operator.py
[2023-11-22T20:49:50.472+0000] {processor.py:829} INFO - Processing file /home/airflow/.local/lib/python3.8/site-packages/airflow/example_dags/example_bash_operator.py for tasks to queue
[2023-11-22T20:49:50.474+0000] {logging_mixin.py:154} INFO - [2023-11-22T20:49:50.474+0000] {dagbag.py:536} INFO - Filling up the DagBag from /home/airflow/.local/lib/python3.8/site-packages/airflow/example_dags/example_bash_operator.py
[2023-11-22T20:49:50.486+0000] {processor.py:839} INFO - DAG(s) dict_keys(['example_bash_operator']) retrieved from /home/airflow/.local/lib/python3.8/site-packages/airflow/example_dags/example_bash_operator.py
[2023-11-22T20:49:50.516+0000] {logging_mixin.py:154} INFO - [2023-11-22T20:49:50.516+0000] {dag.py:2941} INFO - Sync 1 DAGs
[2023-11-22T20:49:50.541+0000] {logging_mixin.py:154} INFO - [2023-11-22T20:49:50.541+0000] {dag.py:3722} INFO - Setting next_dagrun for example_bash_operator to 2023-11-21T00:00:00+00:00, run_after=2023-11-22T00:00:00+00:00
[2023-11-22T20:49:50.576+0000] {processor.py:179} INFO - Processing /home/airflow/.local/lib/python3.8/site-packages/airflow/example_dags/example_bash_operator.py took 0.108 seconds
[2023-11-22T20:50:21.495+0000] {processor.py:157} INFO - Started process (PID=418) to work on /home/airflow/.local/lib/python3.8/site-packages/airflow/example_dags/example_bash_operator.py
[2023-11-22T20:50:21.497+0000] {processor.py:829} INFO - Processing file /home/airflow/.local/lib/python3.8/site-packages/airflow/example_dags/example_bash_operator.py for tasks to queue
[2023-11-22T20:50:21.500+0000] {logging_mixin.py:154} INFO - [2023-11-22T20:50:21.500+0000] {dagbag.py:536} INFO - Filling up the DagBag from /home/airflow/.local/lib/python3.8/site-packages/airflow/example_dags/example_bash_operator.py
[2023-11-22T20:50:21.520+0000] {processor.py:839} INFO - DAG(s) dict_keys(['example_bash_operator']) retrieved from /home/airflow/.local/lib/python3.8/site-packages/airflow/example_dags/example_bash_operator.py
[2023-11-22T20:50:21.562+0000] {logging_mixin.py:154} INFO - [2023-11-22T20:50:21.562+0000] {dag.py:2941} INFO - Sync 1 DAGs
[2023-11-22T20:50:21.604+0000] {logging_mixin.py:154} INFO - [2023-11-22T20:50:21.603+0000] {dag.py:3722} INFO - Setting next_dagrun for example_bash_operator to 2023-11-21T00:00:00+00:00, run_after=2023-11-22T00:00:00+00:00
[2023-11-22T20:50:21.647+0000] {processor.py:179} INFO - Processing /home/airflow/.local/lib/python3.8/site-packages/airflow/example_dags/example_bash_operator.py took 0.157 seconds
[2023-11-22T20:50:52.369+0000] {processor.py:157} INFO - Started process (PID=472) to work on /home/airflow/.local/lib/python3.8/site-packages/airflow/example_dags/example_bash_operator.py
[2023-11-22T20:50:52.371+0000] {processor.py:829} INFO - Processing file /home/airflow/.local/lib/python3.8/site-packages/airflow/example_dags/example_bash_operator.py for tasks to queue
[2023-11-22T20:50:52.375+0000] {logging_mixin.py:154} INFO - [2023-11-22T20:50:52.375+0000] {dagbag.py:536} INFO - Filling up the DagBag from /home/airflow/.local/lib/python3.8/site-packages/airflow/example_dags/example_bash_operator.py
[2023-11-22T20:50:52.395+0000] {processor.py:839} INFO - DAG(s) dict_keys(['example_bash_operator']) retrieved from /home/airflow/.local/lib/python3.8/site-packages/airflow/example_dags/example_bash_operator.py
[2023-11-22T20:50:52.461+0000] {logging_mixin.py:154} INFO - [2023-11-22T20:50:52.461+0000] {dag.py:2941} INFO - Sync 1 DAGs
[2023-11-22T20:50:52.592+0000] {logging_mixin.py:154} INFO - [2023-11-22T20:50:52.592+0000] {dag.py:3722} INFO - Setting next_dagrun for example_bash_operator to 2023-11-21T00:00:00+00:00, run_after=2023-11-22T00:00:00+00:00
[2023-11-22T20:50:54.333+0000] {processor.py:179} INFO - Processing /home/airflow/.local/lib/python3.8/site-packages/airflow/example_dags/example_bash_operator.py took 1.971 seconds
[2023-11-22T20:51:24.868+0000] {processor.py:157} INFO - Started process (PID=526) to work on /home/airflow/.local/lib/python3.8/site-packages/airflow/example_dags/example_bash_operator.py
[2023-11-22T20:51:24.869+0000] {processor.py:829} INFO - Processing file /home/airflow/.local/lib/python3.8/site-packages/airflow/example_dags/example_bash_operator.py for tasks to queue
[2023-11-22T20:51:24.874+0000] {logging_mixin.py:154} INFO - [2023-11-22T20:51:24.873+0000] {dagbag.py:536} INFO - Filling up the DagBag from /home/airflow/.local/lib/python3.8/site-packages/airflow/example_dags/example_bash_operator.py
[2023-11-22T20:51:24.899+0000] {processor.py:839} INFO - DAG(s) dict_keys(['example_bash_operator']) retrieved from /home/airflow/.local/lib/python3.8/site-packages/airflow/example_dags/example_bash_operator.py
[2023-11-22T20:51:24.952+0000] {logging_mixin.py:154} INFO - [2023-11-22T20:51:24.952+0000] {dag.py:2941} INFO - Sync 1 DAGs
[2023-11-22T20:51:25.009+0000] {logging_mixin.py:154} INFO - [2023-11-22T20:51:25.008+0000] {dag.py:3722} INFO - Setting next_dagrun for example_bash_operator to 2023-11-21T00:00:00+00:00, run_after=2023-11-22T00:00:00+00:00
[2023-11-22T20:51:25.050+0000] {processor.py:179} INFO - Processing /home/airflow/.local/lib/python3.8/site-packages/airflow/example_dags/example_bash_operator.py took 0.187 seconds
[2023-11-22T20:51:55.116+0000] {processor.py:157} INFO - Started process (PID=580) to work on /home/airflow/.local/lib/python3.8/site-packages/airflow/example_dags/example_bash_operator.py
[2023-11-22T20:51:55.117+0000] {processor.py:829} INFO - Processing file /home/airflow/.local/lib/python3.8/site-packages/airflow/example_dags/example_bash_operator.py for tasks to queue
[2023-11-22T20:51:55.120+0000] {logging_mixin.py:154} INFO - [2023-11-22T20:51:55.119+0000] {dagbag.py:536} INFO - Filling up the DagBag from /home/airflow/.local/lib/python3.8/site-packages/airflow/example_dags/example_bash_operator.py
[2023-11-22T20:51:55.132+0000] {processor.py:839} INFO - DAG(s) dict_keys(['example_bash_operator']) retrieved from /home/airflow/.local/lib/python3.8/site-packages/airflow/example_dags/example_bash_operator.py
[2023-11-22T20:51:55.163+0000] {logging_mixin.py:154} INFO - [2023-11-22T20:51:55.163+0000] {dag.py:2941} INFO - Sync 1 DAGs
[2023-11-22T20:51:55.187+0000] {logging_mixin.py:154} INFO - [2023-11-22T20:51:55.186+0000] {dag.py:3722} INFO - Setting next_dagrun for example_bash_operator to 2023-11-21T00:00:00+00:00, run_after=2023-11-22T00:00:00+00:00
[2023-11-22T20:51:55.207+0000] {processor.py:179} INFO - Processing /home/airflow/.local/lib/python3.8/site-packages/airflow/example_dags/example_bash_operator.py took 0.094 seconds
[2023-11-22T20:52:29.817+0000] {processor.py:157} INFO - Started process (PID=614) to work on /home/airflow/.local/lib/python3.8/site-packages/airflow/example_dags/example_bash_operator.py
[2023-11-22T20:52:29.819+0000] {processor.py:829} INFO - Processing file /home/airflow/.local/lib/python3.8/site-packages/airflow/example_dags/example_bash_operator.py for tasks to queue
[2023-11-22T20:52:29.821+0000] {logging_mixin.py:154} INFO - [2023-11-22T20:52:29.821+0000] {dagbag.py:536} INFO - Filling up the DagBag from /home/airflow/.local/lib/python3.8/site-packages/airflow/example_dags/example_bash_operator.py
[2023-11-22T20:52:29.834+0000] {processor.py:839} INFO - DAG(s) dict_keys(['example_bash_operator']) retrieved from /home/airflow/.local/lib/python3.8/site-packages/airflow/example_dags/example_bash_operator.py
[2023-11-22T20:52:29.868+0000] {logging_mixin.py:154} INFO - [2023-11-22T20:52:29.868+0000] {dag.py:2941} INFO - Sync 1 DAGs
[2023-11-22T20:52:29.896+0000] {logging_mixin.py:154} INFO - [2023-11-22T20:52:29.896+0000] {dag.py:3722} INFO - Setting next_dagrun for example_bash_operator to 2023-11-21T00:00:00+00:00, run_after=2023-11-22T00:00:00+00:00
[2023-11-22T20:52:29.919+0000] {processor.py:179} INFO - Processing /home/airflow/.local/lib/python3.8/site-packages/airflow/example_dags/example_bash_operator.py took 0.106 seconds
[2023-11-22T20:53:00.551+0000] {processor.py:157} INFO - Started process (PID=667) to work on /home/airflow/.local/lib/python3.8/site-packages/airflow/example_dags/example_bash_operator.py
[2023-11-22T20:53:00.553+0000] {processor.py:829} INFO - Processing file /home/airflow/.local/lib/python3.8/site-packages/airflow/example_dags/example_bash_operator.py for tasks to queue
[2023-11-22T20:53:00.556+0000] {logging_mixin.py:154} INFO - [2023-11-22T20:53:00.556+0000] {dagbag.py:536} INFO - Filling up the DagBag from /home/airflow/.local/lib/python3.8/site-packages/airflow/example_dags/example_bash_operator.py
[2023-11-22T20:53:00.568+0000] {processor.py:839} INFO - DAG(s) dict_keys(['example_bash_operator']) retrieved from /home/airflow/.local/lib/python3.8/site-packages/airflow/example_dags/example_bash_operator.py
[2023-11-22T20:53:00.597+0000] {logging_mixin.py:154} INFO - [2023-11-22T20:53:00.597+0000] {dag.py:2941} INFO - Sync 1 DAGs
[2023-11-22T20:53:00.620+0000] {logging_mixin.py:154} INFO - [2023-11-22T20:53:00.620+0000] {dag.py:3722} INFO - Setting next_dagrun for example_bash_operator to 2023-11-21T00:00:00+00:00, run_after=2023-11-22T00:00:00+00:00
[2023-11-22T20:53:00.638+0000] {processor.py:179} INFO - Processing /home/airflow/.local/lib/python3.8/site-packages/airflow/example_dags/example_bash_operator.py took 0.090 seconds
[2023-11-22T20:53:31.094+0000] {processor.py:157} INFO - Started process (PID=721) to work on /home/airflow/.local/lib/python3.8/site-packages/airflow/example_dags/example_bash_operator.py
[2023-11-22T20:53:31.095+0000] {processor.py:829} INFO - Processing file /home/airflow/.local/lib/python3.8/site-packages/airflow/example_dags/example_bash_operator.py for tasks to queue
[2023-11-22T20:53:31.100+0000] {logging_mixin.py:154} INFO - [2023-11-22T20:53:31.099+0000] {dagbag.py:536} INFO - Filling up the DagBag from /home/airflow/.local/lib/python3.8/site-packages/airflow/example_dags/example_bash_operator.py
[2023-11-22T20:53:31.120+0000] {processor.py:839} INFO - DAG(s) dict_keys(['example_bash_operator']) retrieved from /home/airflow/.local/lib/python3.8/site-packages/airflow/example_dags/example_bash_operator.py
[2023-11-22T20:53:31.159+0000] {logging_mixin.py:154} INFO - [2023-11-22T20:53:31.159+0000] {dag.py:2941} INFO - Sync 1 DAGs
[2023-11-22T20:53:31.190+0000] {logging_mixin.py:154} INFO - [2023-11-22T20:53:31.190+0000] {dag.py:3722} INFO - Setting next_dagrun for example_bash_operator to 2023-11-21T00:00:00+00:00, run_after=2023-11-22T00:00:00+00:00
[2023-11-22T20:53:31.212+0000] {processor.py:179} INFO - Processing /home/airflow/.local/lib/python3.8/site-packages/airflow/example_dags/example_bash_operator.py took 0.122 seconds
[2023-11-22T20:54:01.536+0000] {processor.py:157} INFO - Started process (PID=769) to work on /home/airflow/.local/lib/python3.8/site-packages/airflow/example_dags/example_bash_operator.py
[2023-11-22T20:54:01.538+0000] {processor.py:829} INFO - Processing file /home/airflow/.local/lib/python3.8/site-packages/airflow/example_dags/example_bash_operator.py for tasks to queue
[2023-11-22T20:54:01.540+0000] {logging_mixin.py:154} INFO - [2023-11-22T20:54:01.540+0000] {dagbag.py:536} INFO - Filling up the DagBag from /home/airflow/.local/lib/python3.8/site-packages/airflow/example_dags/example_bash_operator.py
[2023-11-22T20:54:01.554+0000] {processor.py:839} INFO - DAG(s) dict_keys(['example_bash_operator']) retrieved from /home/airflow/.local/lib/python3.8/site-packages/airflow/example_dags/example_bash_operator.py
[2023-11-22T20:54:01.582+0000] {logging_mixin.py:154} INFO - [2023-11-22T20:54:01.582+0000] {dag.py:2941} INFO - Sync 1 DAGs
[2023-11-22T20:54:01.606+0000] {logging_mixin.py:154} INFO - [2023-11-22T20:54:01.606+0000] {dag.py:3722} INFO - Setting next_dagrun for example_bash_operator to 2023-11-21T00:00:00+00:00, run_after=2023-11-22T00:00:00+00:00
[2023-11-22T20:54:02.889+0000] {processor.py:179} INFO - Processing /home/airflow/.local/lib/python3.8/site-packages/airflow/example_dags/example_bash_operator.py took 1.356 seconds
[2023-11-22T20:54:33.398+0000] {processor.py:157} INFO - Started process (PID=824) to work on /home/airflow/.local/lib/python3.8/site-packages/airflow/example_dags/example_bash_operator.py
[2023-11-22T20:54:33.400+0000] {processor.py:829} INFO - Processing file /home/airflow/.local/lib/python3.8/site-packages/airflow/example_dags/example_bash_operator.py for tasks to queue
[2023-11-22T20:54:33.404+0000] {logging_mixin.py:154} INFO - [2023-11-22T20:54:33.403+0000] {dagbag.py:536} INFO - Filling up the DagBag from /home/airflow/.local/lib/python3.8/site-packages/airflow/example_dags/example_bash_operator.py
[2023-11-22T20:54:33.420+0000] {processor.py:839} INFO - DAG(s) dict_keys(['example_bash_operator']) retrieved from /home/airflow/.local/lib/python3.8/site-packages/airflow/example_dags/example_bash_operator.py
[2023-11-22T20:54:33.476+0000] {logging_mixin.py:154} INFO - [2023-11-22T20:54:33.476+0000] {dag.py:2941} INFO - Sync 1 DAGs
[2023-11-22T20:54:33.519+0000] {logging_mixin.py:154} INFO - [2023-11-22T20:54:33.518+0000] {dag.py:3722} INFO - Setting next_dagrun for example_bash_operator to 2023-11-21T00:00:00+00:00, run_after=2023-11-22T00:00:00+00:00
[2023-11-22T20:54:33.565+0000] {processor.py:179} INFO - Processing /home/airflow/.local/lib/python3.8/site-packages/airflow/example_dags/example_bash_operator.py took 0.171 seconds
[2023-11-22T20:55:04.016+0000] {processor.py:157} INFO - Started process (PID=878) to work on /home/airflow/.local/lib/python3.8/site-packages/airflow/example_dags/example_bash_operator.py
[2023-11-22T20:55:04.018+0000] {processor.py:829} INFO - Processing file /home/airflow/.local/lib/python3.8/site-packages/airflow/example_dags/example_bash_operator.py for tasks to queue
[2023-11-22T20:55:04.021+0000] {logging_mixin.py:154} INFO - [2023-11-22T20:55:04.020+0000] {dagbag.py:536} INFO - Filling up the DagBag from /home/airflow/.local/lib/python3.8/site-packages/airflow/example_dags/example_bash_operator.py
[2023-11-22T20:55:04.036+0000] {processor.py:839} INFO - DAG(s) dict_keys(['example_bash_operator']) retrieved from /home/airflow/.local/lib/python3.8/site-packages/airflow/example_dags/example_bash_operator.py
[2023-11-22T20:55:04.064+0000] {logging_mixin.py:154} INFO - [2023-11-22T20:55:04.063+0000] {dag.py:2941} INFO - Sync 1 DAGs
[2023-11-22T20:55:04.086+0000] {logging_mixin.py:154} INFO - [2023-11-22T20:55:04.086+0000] {dag.py:3722} INFO - Setting next_dagrun for example_bash_operator to 2023-11-21T00:00:00+00:00, run_after=2023-11-22T00:00:00+00:00
[2023-11-22T20:55:04.107+0000] {processor.py:179} INFO - Processing /home/airflow/.local/lib/python3.8/site-packages/airflow/example_dags/example_bash_operator.py took 0.094 seconds
[2023-11-22T20:55:34.245+0000] {processor.py:157} INFO - Started process (PID=932) to work on /home/airflow/.local/lib/python3.8/site-packages/airflow/example_dags/example_bash_operator.py
[2023-11-22T20:55:34.246+0000] {processor.py:829} INFO - Processing file /home/airflow/.local/lib/python3.8/site-packages/airflow/example_dags/example_bash_operator.py for tasks to queue
[2023-11-22T20:55:34.249+0000] {logging_mixin.py:154} INFO - [2023-11-22T20:55:34.249+0000] {dagbag.py:536} INFO - Filling up the DagBag from /home/airflow/.local/lib/python3.8/site-packages/airflow/example_dags/example_bash_operator.py
[2023-11-22T20:55:34.262+0000] {processor.py:839} INFO - DAG(s) dict_keys(['example_bash_operator']) retrieved from /home/airflow/.local/lib/python3.8/site-packages/airflow/example_dags/example_bash_operator.py
[2023-11-22T20:55:34.293+0000] {logging_mixin.py:154} INFO - [2023-11-22T20:55:34.293+0000] {dag.py:2941} INFO - Sync 1 DAGs
[2023-11-22T20:55:34.317+0000] {logging_mixin.py:154} INFO - [2023-11-22T20:55:34.316+0000] {dag.py:3722} INFO - Setting next_dagrun for example_bash_operator to 2023-11-21T00:00:00+00:00, run_after=2023-11-22T00:00:00+00:00
[2023-11-22T20:55:34.336+0000] {processor.py:179} INFO - Processing /home/airflow/.local/lib/python3.8/site-packages/airflow/example_dags/example_bash_operator.py took 0.095 seconds
[2023-11-22T20:56:04.374+0000] {processor.py:157} INFO - Started process (PID=987) to work on /home/airflow/.local/lib/python3.8/site-packages/airflow/example_dags/example_bash_operator.py
[2023-11-22T20:56:04.375+0000] {processor.py:829} INFO - Processing file /home/airflow/.local/lib/python3.8/site-packages/airflow/example_dags/example_bash_operator.py for tasks to queue
[2023-11-22T20:56:04.378+0000] {logging_mixin.py:154} INFO - [2023-11-22T20:56:04.377+0000] {dagbag.py:536} INFO - Filling up the DagBag from /home/airflow/.local/lib/python3.8/site-packages/airflow/example_dags/example_bash_operator.py
[2023-11-22T20:56:04.390+0000] {processor.py:839} INFO - DAG(s) dict_keys(['example_bash_operator']) retrieved from /home/airflow/.local/lib/python3.8/site-packages/airflow/example_dags/example_bash_operator.py
[2023-11-22T20:56:04.420+0000] {logging_mixin.py:154} INFO - [2023-11-22T20:56:04.420+0000] {dag.py:2941} INFO - Sync 1 DAGs
[2023-11-22T20:56:04.594+0000] {logging_mixin.py:154} INFO - [2023-11-22T20:56:04.594+0000] {dag.py:3722} INFO - Setting next_dagrun for example_bash_operator to 2023-11-21T00:00:00+00:00, run_after=2023-11-22T00:00:00+00:00
[2023-11-22T20:56:04.619+0000] {processor.py:179} INFO - Processing /home/airflow/.local/lib/python3.8/site-packages/airflow/example_dags/example_bash_operator.py took 0.249 seconds
[2023-11-22T20:56:34.754+0000] {processor.py:157} INFO - Started process (PID=1042) to work on /home/airflow/.local/lib/python3.8/site-packages/airflow/example_dags/example_bash_operator.py
[2023-11-22T20:56:34.755+0000] {processor.py:829} INFO - Processing file /home/airflow/.local/lib/python3.8/site-packages/airflow/example_dags/example_bash_operator.py for tasks to queue
[2023-11-22T20:56:34.758+0000] {logging_mixin.py:154} INFO - [2023-11-22T20:56:34.757+0000] {dagbag.py:536} INFO - Filling up the DagBag from /home/airflow/.local/lib/python3.8/site-packages/airflow/example_dags/example_bash_operator.py
[2023-11-22T20:56:34.770+0000] {processor.py:839} INFO - DAG(s) dict_keys(['example_bash_operator']) retrieved from /home/airflow/.local/lib/python3.8/site-packages/airflow/example_dags/example_bash_operator.py
[2023-11-22T20:56:34.801+0000] {logging_mixin.py:154} INFO - [2023-11-22T20:56:34.800+0000] {dag.py:2941} INFO - Sync 1 DAGs
[2023-11-22T20:56:34.825+0000] {logging_mixin.py:154} INFO - [2023-11-22T20:56:34.824+0000] {dag.py:3722} INFO - Setting next_dagrun for example_bash_operator to 2023-11-21T00:00:00+00:00, run_after=2023-11-22T00:00:00+00:00
[2023-11-22T20:56:34.844+0000] {processor.py:179} INFO - Processing /home/airflow/.local/lib/python3.8/site-packages/airflow/example_dags/example_bash_operator.py took 0.094 seconds
[2023-11-22T20:57:04.937+0000] {processor.py:157} INFO - Started process (PID=1096) to work on /home/airflow/.local/lib/python3.8/site-packages/airflow/example_dags/example_bash_operator.py
[2023-11-22T20:57:04.938+0000] {processor.py:829} INFO - Processing file /home/airflow/.local/lib/python3.8/site-packages/airflow/example_dags/example_bash_operator.py for tasks to queue
[2023-11-22T20:57:04.940+0000] {logging_mixin.py:154} INFO - [2023-11-22T20:57:04.940+0000] {dagbag.py:536} INFO - Filling up the DagBag from /home/airflow/.local/lib/python3.8/site-packages/airflow/example_dags/example_bash_operator.py
[2023-11-22T20:57:04.953+0000] {processor.py:839} INFO - DAG(s) dict_keys(['example_bash_operator']) retrieved from /home/airflow/.local/lib/python3.8/site-packages/airflow/example_dags/example_bash_operator.py
[2023-11-22T20:57:04.983+0000] {logging_mixin.py:154} INFO - [2023-11-22T20:57:04.983+0000] {dag.py:2941} INFO - Sync 1 DAGs
[2023-11-22T20:57:05.008+0000] {logging_mixin.py:154} INFO - [2023-11-22T20:57:05.008+0000] {dag.py:3722} INFO - Setting next_dagrun for example_bash_operator to 2023-11-21T00:00:00+00:00, run_after=2023-11-22T00:00:00+00:00
[2023-11-22T20:57:05.034+0000] {processor.py:179} INFO - Processing /home/airflow/.local/lib/python3.8/site-packages/airflow/example_dags/example_bash_operator.py took 0.099 seconds
[2023-11-22T20:57:35.199+0000] {processor.py:157} INFO - Started process (PID=1148) to work on /home/airflow/.local/lib/python3.8/site-packages/airflow/example_dags/example_bash_operator.py
[2023-11-22T20:57:35.201+0000] {processor.py:829} INFO - Processing file /home/airflow/.local/lib/python3.8/site-packages/airflow/example_dags/example_bash_operator.py for tasks to queue
[2023-11-22T20:57:35.203+0000] {logging_mixin.py:154} INFO - [2023-11-22T20:57:35.203+0000] {dagbag.py:536} INFO - Filling up the DagBag from /home/airflow/.local/lib/python3.8/site-packages/airflow/example_dags/example_bash_operator.py
[2023-11-22T20:57:35.247+0000] {processor.py:839} INFO - DAG(s) dict_keys(['example_bash_operator']) retrieved from /home/airflow/.local/lib/python3.8/site-packages/airflow/example_dags/example_bash_operator.py
[2023-11-22T20:57:35.280+0000] {logging_mixin.py:154} INFO - [2023-11-22T20:57:35.280+0000] {dag.py:2941} INFO - Sync 1 DAGs
[2023-11-22T20:57:35.303+0000] {logging_mixin.py:154} INFO - [2023-11-22T20:57:35.303+0000] {dag.py:3722} INFO - Setting next_dagrun for example_bash_operator to 2023-11-21T00:00:00+00:00, run_after=2023-11-22T00:00:00+00:00
[2023-11-22T20:57:35.323+0000] {processor.py:179} INFO - Processing /home/airflow/.local/lib/python3.8/site-packages/airflow/example_dags/example_bash_operator.py took 0.128 seconds
[2023-11-22T20:58:05.789+0000] {processor.py:157} INFO - Started process (PID=1202) to work on /home/airflow/.local/lib/python3.8/site-packages/airflow/example_dags/example_bash_operator.py
[2023-11-22T20:58:05.791+0000] {processor.py:829} INFO - Processing file /home/airflow/.local/lib/python3.8/site-packages/airflow/example_dags/example_bash_operator.py for tasks to queue
[2023-11-22T20:58:05.794+0000] {logging_mixin.py:154} INFO - [2023-11-22T20:58:05.794+0000] {dagbag.py:536} INFO - Filling up the DagBag from /home/airflow/.local/lib/python3.8/site-packages/airflow/example_dags/example_bash_operator.py
[2023-11-22T20:58:05.809+0000] {processor.py:839} INFO - DAG(s) dict_keys(['example_bash_operator']) retrieved from /home/airflow/.local/lib/python3.8/site-packages/airflow/example_dags/example_bash_operator.py
[2023-11-22T20:58:05.836+0000] {logging_mixin.py:154} INFO - [2023-11-22T20:58:05.836+0000] {dag.py:2941} INFO - Sync 1 DAGs
[2023-11-22T20:58:05.863+0000] {logging_mixin.py:154} INFO - [2023-11-22T20:58:05.862+0000] {dag.py:3722} INFO - Setting next_dagrun for example_bash_operator to 2023-11-21T00:00:00+00:00, run_after=2023-11-22T00:00:00+00:00
[2023-11-22T20:58:06.007+0000] {processor.py:179} INFO - Processing /home/airflow/.local/lib/python3.8/site-packages/airflow/example_dags/example_bash_operator.py took 0.222 seconds
[2023-11-22T20:58:36.722+0000] {processor.py:157} INFO - Started process (PID=1256) to work on /home/airflow/.local/lib/python3.8/site-packages/airflow/example_dags/example_bash_operator.py
[2023-11-22T20:58:36.723+0000] {processor.py:829} INFO - Processing file /home/airflow/.local/lib/python3.8/site-packages/airflow/example_dags/example_bash_operator.py for tasks to queue
[2023-11-22T20:58:36.727+0000] {logging_mixin.py:154} INFO - [2023-11-22T20:58:36.727+0000] {dagbag.py:536} INFO - Filling up the DagBag from /home/airflow/.local/lib/python3.8/site-packages/airflow/example_dags/example_bash_operator.py
[2023-11-22T20:58:36.739+0000] {processor.py:839} INFO - DAG(s) dict_keys(['example_bash_operator']) retrieved from /home/airflow/.local/lib/python3.8/site-packages/airflow/example_dags/example_bash_operator.py
[2023-11-22T20:58:36.774+0000] {logging_mixin.py:154} INFO - [2023-11-22T20:58:36.773+0000] {dag.py:2941} INFO - Sync 1 DAGs
[2023-11-22T20:58:36.803+0000] {logging_mixin.py:154} INFO - [2023-11-22T20:58:36.802+0000] {dag.py:3722} INFO - Setting next_dagrun for example_bash_operator to 2023-11-21T00:00:00+00:00, run_after=2023-11-22T00:00:00+00:00
[2023-11-22T20:58:36.830+0000] {processor.py:179} INFO - Processing /home/airflow/.local/lib/python3.8/site-packages/airflow/example_dags/example_bash_operator.py took 0.112 seconds
[2023-11-22T20:59:07.018+0000] {processor.py:157} INFO - Started process (PID=1310) to work on /home/airflow/.local/lib/python3.8/site-packages/airflow/example_dags/example_bash_operator.py
[2023-11-22T20:59:07.019+0000] {processor.py:829} INFO - Processing file /home/airflow/.local/lib/python3.8/site-packages/airflow/example_dags/example_bash_operator.py for tasks to queue
[2023-11-22T20:59:07.022+0000] {logging_mixin.py:154} INFO - [2023-11-22T20:59:07.021+0000] {dagbag.py:536} INFO - Filling up the DagBag from /home/airflow/.local/lib/python3.8/site-packages/airflow/example_dags/example_bash_operator.py
[2023-11-22T20:59:07.038+0000] {processor.py:839} INFO - DAG(s) dict_keys(['example_bash_operator']) retrieved from /home/airflow/.local/lib/python3.8/site-packages/airflow/example_dags/example_bash_operator.py
[2023-11-22T20:59:07.078+0000] {logging_mixin.py:154} INFO - [2023-11-22T20:59:07.078+0000] {dag.py:2941} INFO - Sync 1 DAGs
[2023-11-22T20:59:07.326+0000] {logging_mixin.py:154} INFO - [2023-11-22T20:59:07.326+0000] {dag.py:3722} INFO - Setting next_dagrun for example_bash_operator to 2023-11-21T00:00:00+00:00, run_after=2023-11-22T00:00:00+00:00
[2023-11-22T20:59:07.346+0000] {processor.py:179} INFO - Processing /home/airflow/.local/lib/python3.8/site-packages/airflow/example_dags/example_bash_operator.py took 0.331 seconds
[2023-11-22T20:59:37.654+0000] {processor.py:157} INFO - Started process (PID=1364) to work on /home/airflow/.local/lib/python3.8/site-packages/airflow/example_dags/example_bash_operator.py
[2023-11-22T20:59:37.656+0000] {processor.py:829} INFO - Processing file /home/airflow/.local/lib/python3.8/site-packages/airflow/example_dags/example_bash_operator.py for tasks to queue
[2023-11-22T20:59:37.659+0000] {logging_mixin.py:154} INFO - [2023-11-22T20:59:37.659+0000] {dagbag.py:536} INFO - Filling up the DagBag from /home/airflow/.local/lib/python3.8/site-packages/airflow/example_dags/example_bash_operator.py
[2023-11-22T20:59:37.674+0000] {processor.py:839} INFO - DAG(s) dict_keys(['example_bash_operator']) retrieved from /home/airflow/.local/lib/python3.8/site-packages/airflow/example_dags/example_bash_operator.py
[2023-11-22T20:59:37.704+0000] {logging_mixin.py:154} INFO - [2023-11-22T20:59:37.704+0000] {dag.py:2941} INFO - Sync 1 DAGs
[2023-11-22T20:59:37.727+0000] {logging_mixin.py:154} INFO - [2023-11-22T20:59:37.727+0000] {dag.py:3722} INFO - Setting next_dagrun for example_bash_operator to 2023-11-21T00:00:00+00:00, run_after=2023-11-22T00:00:00+00:00
[2023-11-22T20:59:37.911+0000] {processor.py:179} INFO - Processing /home/airflow/.local/lib/python3.8/site-packages/airflow/example_dags/example_bash_operator.py took 0.262 seconds
[2023-11-22T21:00:08.275+0000] {processor.py:157} INFO - Started process (PID=1418) to work on /home/airflow/.local/lib/python3.8/site-packages/airflow/example_dags/example_bash_operator.py
[2023-11-22T21:00:08.277+0000] {processor.py:829} INFO - Processing file /home/airflow/.local/lib/python3.8/site-packages/airflow/example_dags/example_bash_operator.py for tasks to queue
[2023-11-22T21:00:08.280+0000] {logging_mixin.py:154} INFO - [2023-11-22T21:00:08.280+0000] {dagbag.py:536} INFO - Filling up the DagBag from /home/airflow/.local/lib/python3.8/site-packages/airflow/example_dags/example_bash_operator.py
[2023-11-22T21:00:08.300+0000] {processor.py:839} INFO - DAG(s) dict_keys(['example_bash_operator']) retrieved from /home/airflow/.local/lib/python3.8/site-packages/airflow/example_dags/example_bash_operator.py
[2023-11-22T21:00:08.328+0000] {logging_mixin.py:154} INFO - [2023-11-22T21:00:08.328+0000] {dag.py:2941} INFO - Sync 1 DAGs
[2023-11-22T21:00:08.351+0000] {logging_mixin.py:154} INFO - [2023-11-22T21:00:08.351+0000] {dag.py:3722} INFO - Setting next_dagrun for example_bash_operator to 2023-11-21T00:00:00+00:00, run_after=2023-11-22T00:00:00+00:00
[2023-11-22T21:00:08.371+0000] {processor.py:179} INFO - Processing /home/airflow/.local/lib/python3.8/site-packages/airflow/example_dags/example_bash_operator.py took 0.100 seconds
[2023-11-22T21:00:38.852+0000] {processor.py:157} INFO - Started process (PID=1472) to work on /home/airflow/.local/lib/python3.8/site-packages/airflow/example_dags/example_bash_operator.py
[2023-11-22T21:00:38.854+0000] {processor.py:829} INFO - Processing file /home/airflow/.local/lib/python3.8/site-packages/airflow/example_dags/example_bash_operator.py for tasks to queue
[2023-11-22T21:00:38.856+0000] {logging_mixin.py:154} INFO - [2023-11-22T21:00:38.856+0000] {dagbag.py:536} INFO - Filling up the DagBag from /home/airflow/.local/lib/python3.8/site-packages/airflow/example_dags/example_bash_operator.py
[2023-11-22T21:00:38.868+0000] {processor.py:839} INFO - DAG(s) dict_keys(['example_bash_operator']) retrieved from /home/airflow/.local/lib/python3.8/site-packages/airflow/example_dags/example_bash_operator.py
[2023-11-22T21:00:39.048+0000] {logging_mixin.py:154} INFO - [2023-11-22T21:00:39.047+0000] {dag.py:2941} INFO - Sync 1 DAGs
[2023-11-22T21:00:39.079+0000] {logging_mixin.py:154} INFO - [2023-11-22T21:00:39.079+0000] {dag.py:3722} INFO - Setting next_dagrun for example_bash_operator to 2023-11-21T00:00:00+00:00, run_after=2023-11-22T00:00:00+00:00
[2023-11-22T21:00:39.100+0000] {processor.py:179} INFO - Processing /home/airflow/.local/lib/python3.8/site-packages/airflow/example_dags/example_bash_operator.py took 0.252 seconds
[2023-11-22T21:01:09.939+0000] {processor.py:157} INFO - Started process (PID=1526) to work on /home/airflow/.local/lib/python3.8/site-packages/airflow/example_dags/example_bash_operator.py
[2023-11-22T21:01:09.940+0000] {processor.py:829} INFO - Processing file /home/airflow/.local/lib/python3.8/site-packages/airflow/example_dags/example_bash_operator.py for tasks to queue
[2023-11-22T21:01:09.943+0000] {logging_mixin.py:154} INFO - [2023-11-22T21:01:09.943+0000] {dagbag.py:536} INFO - Filling up the DagBag from /home/airflow/.local/lib/python3.8/site-packages/airflow/example_dags/example_bash_operator.py
[2023-11-22T21:01:09.955+0000] {processor.py:839} INFO - DAG(s) dict_keys(['example_bash_operator']) retrieved from /home/airflow/.local/lib/python3.8/site-packages/airflow/example_dags/example_bash_operator.py
[2023-11-22T21:01:09.985+0000] {logging_mixin.py:154} INFO - [2023-11-22T21:01:09.984+0000] {dag.py:2941} INFO - Sync 1 DAGs
[2023-11-22T21:01:10.158+0000] {logging_mixin.py:154} INFO - [2023-11-22T21:01:10.157+0000] {dag.py:3722} INFO - Setting next_dagrun for example_bash_operator to 2023-11-21T00:00:00+00:00, run_after=2023-11-22T00:00:00+00:00
[2023-11-22T21:01:10.186+0000] {processor.py:179} INFO - Processing /home/airflow/.local/lib/python3.8/site-packages/airflow/example_dags/example_bash_operator.py took 0.251 seconds
[2023-11-22T21:01:40.867+0000] {processor.py:157} INFO - Started process (PID=1580) to work on /home/airflow/.local/lib/python3.8/site-packages/airflow/example_dags/example_bash_operator.py
[2023-11-22T21:01:40.868+0000] {processor.py:829} INFO - Processing file /home/airflow/.local/lib/python3.8/site-packages/airflow/example_dags/example_bash_operator.py for tasks to queue
[2023-11-22T21:01:40.871+0000] {logging_mixin.py:154} INFO - [2023-11-22T21:01:40.871+0000] {dagbag.py:536} INFO - Filling up the DagBag from /home/airflow/.local/lib/python3.8/site-packages/airflow/example_dags/example_bash_operator.py
[2023-11-22T21:01:40.889+0000] {processor.py:839} INFO - DAG(s) dict_keys(['example_bash_operator']) retrieved from /home/airflow/.local/lib/python3.8/site-packages/airflow/example_dags/example_bash_operator.py
[2023-11-22T21:01:40.919+0000] {logging_mixin.py:154} INFO - [2023-11-22T21:01:40.919+0000] {dag.py:2941} INFO - Sync 1 DAGs
[2023-11-22T21:01:40.944+0000] {logging_mixin.py:154} INFO - [2023-11-22T21:01:40.944+0000] {dag.py:3722} INFO - Setting next_dagrun for example_bash_operator to 2023-11-21T00:00:00+00:00, run_after=2023-11-22T00:00:00+00:00
[2023-11-22T21:01:40.966+0000] {processor.py:179} INFO - Processing /home/airflow/.local/lib/python3.8/site-packages/airflow/example_dags/example_bash_operator.py took 0.103 seconds
[2023-11-22T21:02:11.597+0000] {processor.py:157} INFO - Started process (PID=1634) to work on /home/airflow/.local/lib/python3.8/site-packages/airflow/example_dags/example_bash_operator.py
[2023-11-22T21:02:11.598+0000] {processor.py:829} INFO - Processing file /home/airflow/.local/lib/python3.8/site-packages/airflow/example_dags/example_bash_operator.py for tasks to queue
[2023-11-22T21:02:11.600+0000] {logging_mixin.py:154} INFO - [2023-11-22T21:02:11.600+0000] {dagbag.py:536} INFO - Filling up the DagBag from /home/airflow/.local/lib/python3.8/site-packages/airflow/example_dags/example_bash_operator.py
[2023-11-22T21:02:11.614+0000] {processor.py:839} INFO - DAG(s) dict_keys(['example_bash_operator']) retrieved from /home/airflow/.local/lib/python3.8/site-packages/airflow/example_dags/example_bash_operator.py
[2023-11-22T21:02:11.804+0000] {logging_mixin.py:154} INFO - [2023-11-22T21:02:11.804+0000] {dag.py:2941} INFO - Sync 1 DAGs
[2023-11-22T21:02:11.825+0000] {logging_mixin.py:154} INFO - [2023-11-22T21:02:11.825+0000] {dag.py:3722} INFO - Setting next_dagrun for example_bash_operator to 2023-11-21T00:00:00+00:00, run_after=2023-11-22T00:00:00+00:00
[2023-11-22T21:02:11.844+0000] {processor.py:179} INFO - Processing /home/airflow/.local/lib/python3.8/site-packages/airflow/example_dags/example_bash_operator.py took 0.250 seconds
[2023-11-22T21:02:42.242+0000] {processor.py:157} INFO - Started process (PID=1689) to work on /home/airflow/.local/lib/python3.8/site-packages/airflow/example_dags/example_bash_operator.py
[2023-11-22T21:02:42.243+0000] {processor.py:829} INFO - Processing file /home/airflow/.local/lib/python3.8/site-packages/airflow/example_dags/example_bash_operator.py for tasks to queue
[2023-11-22T21:02:42.247+0000] {logging_mixin.py:154} INFO - [2023-11-22T21:02:42.247+0000] {dagbag.py:536} INFO - Filling up the DagBag from /home/airflow/.local/lib/python3.8/site-packages/airflow/example_dags/example_bash_operator.py
[2023-11-22T21:02:42.262+0000] {processor.py:839} INFO - DAG(s) dict_keys(['example_bash_operator']) retrieved from /home/airflow/.local/lib/python3.8/site-packages/airflow/example_dags/example_bash_operator.py
[2023-11-22T21:02:42.294+0000] {logging_mixin.py:154} INFO - [2023-11-22T21:02:42.293+0000] {dag.py:2941} INFO - Sync 1 DAGs
[2023-11-22T21:02:42.474+0000] {logging_mixin.py:154} INFO - [2023-11-22T21:02:42.474+0000] {dag.py:3722} INFO - Setting next_dagrun for example_bash_operator to 2023-11-21T00:00:00+00:00, run_after=2023-11-22T00:00:00+00:00
[2023-11-22T21:02:42.500+0000] {processor.py:179} INFO - Processing /home/airflow/.local/lib/python3.8/site-packages/airflow/example_dags/example_bash_operator.py took 0.262 seconds
[2023-11-22T21:03:12.605+0000] {processor.py:157} INFO - Started process (PID=1743) to work on /home/airflow/.local/lib/python3.8/site-packages/airflow/example_dags/example_bash_operator.py
[2023-11-22T21:03:12.607+0000] {processor.py:829} INFO - Processing file /home/airflow/.local/lib/python3.8/site-packages/airflow/example_dags/example_bash_operator.py for tasks to queue
[2023-11-22T21:03:12.610+0000] {logging_mixin.py:154} INFO - [2023-11-22T21:03:12.610+0000] {dagbag.py:536} INFO - Filling up the DagBag from /home/airflow/.local/lib/python3.8/site-packages/airflow/example_dags/example_bash_operator.py
[2023-11-22T21:03:12.622+0000] {processor.py:839} INFO - DAG(s) dict_keys(['example_bash_operator']) retrieved from /home/airflow/.local/lib/python3.8/site-packages/airflow/example_dags/example_bash_operator.py
[2023-11-22T21:03:12.651+0000] {logging_mixin.py:154} INFO - [2023-11-22T21:03:12.651+0000] {dag.py:2941} INFO - Sync 1 DAGs
[2023-11-22T21:03:12.673+0000] {logging_mixin.py:154} INFO - [2023-11-22T21:03:12.673+0000] {dag.py:3722} INFO - Setting next_dagrun for example_bash_operator to 2023-11-21T00:00:00+00:00, run_after=2023-11-22T00:00:00+00:00
[2023-11-22T21:03:12.694+0000] {processor.py:179} INFO - Processing /home/airflow/.local/lib/python3.8/site-packages/airflow/example_dags/example_bash_operator.py took 0.094 seconds
[2023-11-22T21:03:42.797+0000] {processor.py:157} INFO - Started process (PID=1797) to work on /home/airflow/.local/lib/python3.8/site-packages/airflow/example_dags/example_bash_operator.py
[2023-11-22T21:03:42.799+0000] {processor.py:829} INFO - Processing file /home/airflow/.local/lib/python3.8/site-packages/airflow/example_dags/example_bash_operator.py for tasks to queue
[2023-11-22T21:03:42.802+0000] {logging_mixin.py:154} INFO - [2023-11-22T21:03:42.801+0000] {dagbag.py:536} INFO - Filling up the DagBag from /home/airflow/.local/lib/python3.8/site-packages/airflow/example_dags/example_bash_operator.py
[2023-11-22T21:03:42.814+0000] {processor.py:839} INFO - DAG(s) dict_keys(['example_bash_operator']) retrieved from /home/airflow/.local/lib/python3.8/site-packages/airflow/example_dags/example_bash_operator.py
[2023-11-22T21:03:42.843+0000] {logging_mixin.py:154} INFO - [2023-11-22T21:03:42.843+0000] {dag.py:2941} INFO - Sync 1 DAGs
[2023-11-22T21:03:42.865+0000] {logging_mixin.py:154} INFO - [2023-11-22T21:03:42.865+0000] {dag.py:3722} INFO - Setting next_dagrun for example_bash_operator to 2023-11-21T00:00:00+00:00, run_after=2023-11-22T00:00:00+00:00
[2023-11-22T21:03:42.886+0000] {processor.py:179} INFO - Processing /home/airflow/.local/lib/python3.8/site-packages/airflow/example_dags/example_bash_operator.py took 0.093 seconds
[2023-11-22T21:04:13.139+0000] {processor.py:157} INFO - Started process (PID=1851) to work on /home/airflow/.local/lib/python3.8/site-packages/airflow/example_dags/example_bash_operator.py
[2023-11-22T21:04:13.141+0000] {processor.py:829} INFO - Processing file /home/airflow/.local/lib/python3.8/site-packages/airflow/example_dags/example_bash_operator.py for tasks to queue
[2023-11-22T21:04:13.144+0000] {logging_mixin.py:154} INFO - [2023-11-22T21:04:13.144+0000] {dagbag.py:536} INFO - Filling up the DagBag from /home/airflow/.local/lib/python3.8/site-packages/airflow/example_dags/example_bash_operator.py
[2023-11-22T21:04:13.157+0000] {processor.py:839} INFO - DAG(s) dict_keys(['example_bash_operator']) retrieved from /home/airflow/.local/lib/python3.8/site-packages/airflow/example_dags/example_bash_operator.py
[2023-11-22T21:04:13.186+0000] {logging_mixin.py:154} INFO - [2023-11-22T21:04:13.186+0000] {dag.py:2941} INFO - Sync 1 DAGs
[2023-11-22T21:04:13.210+0000] {logging_mixin.py:154} INFO - [2023-11-22T21:04:13.209+0000] {dag.py:3722} INFO - Setting next_dagrun for example_bash_operator to 2023-11-21T00:00:00+00:00, run_after=2023-11-22T00:00:00+00:00
[2023-11-22T21:04:13.230+0000] {processor.py:179} INFO - Processing /home/airflow/.local/lib/python3.8/site-packages/airflow/example_dags/example_bash_operator.py took 0.095 seconds
[2023-11-22T21:04:43.352+0000] {processor.py:157} INFO - Started process (PID=1905) to work on /home/airflow/.local/lib/python3.8/site-packages/airflow/example_dags/example_bash_operator.py
[2023-11-22T21:04:43.353+0000] {processor.py:829} INFO - Processing file /home/airflow/.local/lib/python3.8/site-packages/airflow/example_dags/example_bash_operator.py for tasks to queue
[2023-11-22T21:04:43.356+0000] {logging_mixin.py:154} INFO - [2023-11-22T21:04:43.356+0000] {dagbag.py:536} INFO - Filling up the DagBag from /home/airflow/.local/lib/python3.8/site-packages/airflow/example_dags/example_bash_operator.py
[2023-11-22T21:04:43.369+0000] {processor.py:839} INFO - DAG(s) dict_keys(['example_bash_operator']) retrieved from /home/airflow/.local/lib/python3.8/site-packages/airflow/example_dags/example_bash_operator.py
[2023-11-22T21:04:43.402+0000] {logging_mixin.py:154} INFO - [2023-11-22T21:04:43.402+0000] {dag.py:2941} INFO - Sync 1 DAGs
[2023-11-22T21:04:43.428+0000] {logging_mixin.py:154} INFO - [2023-11-22T21:04:43.427+0000] {dag.py:3722} INFO - Setting next_dagrun for example_bash_operator to 2023-11-21T00:00:00+00:00, run_after=2023-11-22T00:00:00+00:00
[2023-11-22T21:04:43.447+0000] {processor.py:179} INFO - Processing /home/airflow/.local/lib/python3.8/site-packages/airflow/example_dags/example_bash_operator.py took 0.099 seconds
[2023-11-22T21:05:13.610+0000] {processor.py:157} INFO - Started process (PID=1959) to work on /home/airflow/.local/lib/python3.8/site-packages/airflow/example_dags/example_bash_operator.py
[2023-11-22T21:05:13.611+0000] {processor.py:829} INFO - Processing file /home/airflow/.local/lib/python3.8/site-packages/airflow/example_dags/example_bash_operator.py for tasks to queue
[2023-11-22T21:05:13.615+0000] {logging_mixin.py:154} INFO - [2023-11-22T21:05:13.615+0000] {dagbag.py:536} INFO - Filling up the DagBag from /home/airflow/.local/lib/python3.8/site-packages/airflow/example_dags/example_bash_operator.py
[2023-11-22T21:05:13.629+0000] {processor.py:839} INFO - DAG(s) dict_keys(['example_bash_operator']) retrieved from /home/airflow/.local/lib/python3.8/site-packages/airflow/example_dags/example_bash_operator.py
[2023-11-22T21:05:13.658+0000] {logging_mixin.py:154} INFO - [2023-11-22T21:05:13.657+0000] {dag.py:2941} INFO - Sync 1 DAGs
[2023-11-22T21:05:13.680+0000] {logging_mixin.py:154} INFO - [2023-11-22T21:05:13.680+0000] {dag.py:3722} INFO - Setting next_dagrun for example_bash_operator to 2023-11-21T00:00:00+00:00, run_after=2023-11-22T00:00:00+00:00
[2023-11-22T21:05:13.700+0000] {processor.py:179} INFO - Processing /home/airflow/.local/lib/python3.8/site-packages/airflow/example_dags/example_bash_operator.py took 0.095 seconds
[2023-11-22T21:05:44.212+0000] {processor.py:157} INFO - Started process (PID=2013) to work on /home/airflow/.local/lib/python3.8/site-packages/airflow/example_dags/example_bash_operator.py
[2023-11-22T21:05:44.213+0000] {processor.py:829} INFO - Processing file /home/airflow/.local/lib/python3.8/site-packages/airflow/example_dags/example_bash_operator.py for tasks to queue
[2023-11-22T21:05:44.216+0000] {logging_mixin.py:154} INFO - [2023-11-22T21:05:44.216+0000] {dagbag.py:536} INFO - Filling up the DagBag from /home/airflow/.local/lib/python3.8/site-packages/airflow/example_dags/example_bash_operator.py
[2023-11-22T21:05:44.228+0000] {processor.py:839} INFO - DAG(s) dict_keys(['example_bash_operator']) retrieved from /home/airflow/.local/lib/python3.8/site-packages/airflow/example_dags/example_bash_operator.py
[2023-11-22T21:05:44.258+0000] {logging_mixin.py:154} INFO - [2023-11-22T21:05:44.258+0000] {dag.py:2941} INFO - Sync 1 DAGs
[2023-11-22T21:05:44.282+0000] {logging_mixin.py:154} INFO - [2023-11-22T21:05:44.282+0000] {dag.py:3722} INFO - Setting next_dagrun for example_bash_operator to 2023-11-21T00:00:00+00:00, run_after=2023-11-22T00:00:00+00:00
[2023-11-22T21:05:44.303+0000] {processor.py:179} INFO - Processing /home/airflow/.local/lib/python3.8/site-packages/airflow/example_dags/example_bash_operator.py took 0.094 seconds
[2023-11-22T21:06:14.795+0000] {processor.py:157} INFO - Started process (PID=2067) to work on /home/airflow/.local/lib/python3.8/site-packages/airflow/example_dags/example_bash_operator.py
[2023-11-22T21:06:14.796+0000] {processor.py:829} INFO - Processing file /home/airflow/.local/lib/python3.8/site-packages/airflow/example_dags/example_bash_operator.py for tasks to queue
[2023-11-22T21:06:14.799+0000] {logging_mixin.py:154} INFO - [2023-11-22T21:06:14.798+0000] {dagbag.py:536} INFO - Filling up the DagBag from /home/airflow/.local/lib/python3.8/site-packages/airflow/example_dags/example_bash_operator.py
[2023-11-22T21:06:14.812+0000] {processor.py:839} INFO - DAG(s) dict_keys(['example_bash_operator']) retrieved from /home/airflow/.local/lib/python3.8/site-packages/airflow/example_dags/example_bash_operator.py
[2023-11-22T21:06:14.843+0000] {logging_mixin.py:154} INFO - [2023-11-22T21:06:14.843+0000] {dag.py:2941} INFO - Sync 1 DAGs
[2023-11-22T21:06:14.872+0000] {logging_mixin.py:154} INFO - [2023-11-22T21:06:14.871+0000] {dag.py:3722} INFO - Setting next_dagrun for example_bash_operator to 2023-11-21T00:00:00+00:00, run_after=2023-11-22T00:00:00+00:00
[2023-11-22T21:06:14.895+0000] {processor.py:179} INFO - Processing /home/airflow/.local/lib/python3.8/site-packages/airflow/example_dags/example_bash_operator.py took 0.104 seconds
[2023-11-22T21:06:44.993+0000] {processor.py:157} INFO - Started process (PID=2123) to work on /home/airflow/.local/lib/python3.8/site-packages/airflow/example_dags/example_bash_operator.py
[2023-11-22T21:06:44.995+0000] {processor.py:829} INFO - Processing file /home/airflow/.local/lib/python3.8/site-packages/airflow/example_dags/example_bash_operator.py for tasks to queue
[2023-11-22T21:06:44.998+0000] {logging_mixin.py:154} INFO - [2023-11-22T21:06:44.997+0000] {dagbag.py:536} INFO - Filling up the DagBag from /home/airflow/.local/lib/python3.8/site-packages/airflow/example_dags/example_bash_operator.py
[2023-11-22T21:06:45.012+0000] {processor.py:839} INFO - DAG(s) dict_keys(['example_bash_operator']) retrieved from /home/airflow/.local/lib/python3.8/site-packages/airflow/example_dags/example_bash_operator.py
[2023-11-22T21:06:45.042+0000] {logging_mixin.py:154} INFO - [2023-11-22T21:06:45.042+0000] {dag.py:2941} INFO - Sync 1 DAGs
[2023-11-22T21:06:45.066+0000] {logging_mixin.py:154} INFO - [2023-11-22T21:06:45.066+0000] {dag.py:3722} INFO - Setting next_dagrun for example_bash_operator to 2023-11-21T00:00:00+00:00, run_after=2023-11-22T00:00:00+00:00
[2023-11-22T21:06:45.087+0000] {processor.py:179} INFO - Processing /home/airflow/.local/lib/python3.8/site-packages/airflow/example_dags/example_bash_operator.py took 0.099 seconds
[2023-11-22T21:07:15.199+0000] {processor.py:157} INFO - Started process (PID=2176) to work on /home/airflow/.local/lib/python3.8/site-packages/airflow/example_dags/example_bash_operator.py
[2023-11-22T21:07:15.200+0000] {processor.py:829} INFO - Processing file /home/airflow/.local/lib/python3.8/site-packages/airflow/example_dags/example_bash_operator.py for tasks to queue
[2023-11-22T21:07:15.203+0000] {logging_mixin.py:154} INFO - [2023-11-22T21:07:15.203+0000] {dagbag.py:536} INFO - Filling up the DagBag from /home/airflow/.local/lib/python3.8/site-packages/airflow/example_dags/example_bash_operator.py
[2023-11-22T21:07:15.217+0000] {processor.py:839} INFO - DAG(s) dict_keys(['example_bash_operator']) retrieved from /home/airflow/.local/lib/python3.8/site-packages/airflow/example_dags/example_bash_operator.py
[2023-11-22T21:07:15.245+0000] {logging_mixin.py:154} INFO - [2023-11-22T21:07:15.245+0000] {dag.py:2941} INFO - Sync 1 DAGs
[2023-11-22T21:07:15.268+0000] {logging_mixin.py:154} INFO - [2023-11-22T21:07:15.268+0000] {dag.py:3722} INFO - Setting next_dagrun for example_bash_operator to 2023-11-21T00:00:00+00:00, run_after=2023-11-22T00:00:00+00:00
[2023-11-22T21:07:15.290+0000] {processor.py:179} INFO - Processing /home/airflow/.local/lib/python3.8/site-packages/airflow/example_dags/example_bash_operator.py took 0.095 seconds
[2023-11-22T21:07:45.483+0000] {processor.py:157} INFO - Started process (PID=2230) to work on /home/airflow/.local/lib/python3.8/site-packages/airflow/example_dags/example_bash_operator.py
[2023-11-22T21:07:45.485+0000] {processor.py:829} INFO - Processing file /home/airflow/.local/lib/python3.8/site-packages/airflow/example_dags/example_bash_operator.py for tasks to queue
[2023-11-22T21:07:45.488+0000] {logging_mixin.py:154} INFO - [2023-11-22T21:07:45.488+0000] {dagbag.py:536} INFO - Filling up the DagBag from /home/airflow/.local/lib/python3.8/site-packages/airflow/example_dags/example_bash_operator.py
[2023-11-22T21:07:45.501+0000] {processor.py:839} INFO - DAG(s) dict_keys(['example_bash_operator']) retrieved from /home/airflow/.local/lib/python3.8/site-packages/airflow/example_dags/example_bash_operator.py
[2023-11-22T21:07:45.529+0000] {logging_mixin.py:154} INFO - [2023-11-22T21:07:45.529+0000] {dag.py:2941} INFO - Sync 1 DAGs
[2023-11-22T21:07:45.552+0000] {logging_mixin.py:154} INFO - [2023-11-22T21:07:45.552+0000] {dag.py:3722} INFO - Setting next_dagrun for example_bash_operator to 2023-11-21T00:00:00+00:00, run_after=2023-11-22T00:00:00+00:00
[2023-11-22T21:07:45.572+0000] {processor.py:179} INFO - Processing /home/airflow/.local/lib/python3.8/site-packages/airflow/example_dags/example_bash_operator.py took 0.093 seconds
[2023-11-22T21:08:15.707+0000] {processor.py:157} INFO - Started process (PID=2284) to work on /home/airflow/.local/lib/python3.8/site-packages/airflow/example_dags/example_bash_operator.py
[2023-11-22T21:08:15.709+0000] {processor.py:829} INFO - Processing file /home/airflow/.local/lib/python3.8/site-packages/airflow/example_dags/example_bash_operator.py for tasks to queue
[2023-11-22T21:08:15.712+0000] {logging_mixin.py:154} INFO - [2023-11-22T21:08:15.711+0000] {dagbag.py:536} INFO - Filling up the DagBag from /home/airflow/.local/lib/python3.8/site-packages/airflow/example_dags/example_bash_operator.py
[2023-11-22T21:08:15.726+0000] {processor.py:839} INFO - DAG(s) dict_keys(['example_bash_operator']) retrieved from /home/airflow/.local/lib/python3.8/site-packages/airflow/example_dags/example_bash_operator.py
[2023-11-22T21:08:15.761+0000] {logging_mixin.py:154} INFO - [2023-11-22T21:08:15.760+0000] {dag.py:2941} INFO - Sync 1 DAGs
[2023-11-22T21:08:15.792+0000] {logging_mixin.py:154} INFO - [2023-11-22T21:08:15.791+0000] {dag.py:3722} INFO - Setting next_dagrun for example_bash_operator to 2023-11-21T00:00:00+00:00, run_after=2023-11-22T00:00:00+00:00
[2023-11-22T21:08:15.813+0000] {processor.py:179} INFO - Processing /home/airflow/.local/lib/python3.8/site-packages/airflow/example_dags/example_bash_operator.py took 0.109 seconds
[2023-11-22T21:08:46.392+0000] {processor.py:157} INFO - Started process (PID=2338) to work on /home/airflow/.local/lib/python3.8/site-packages/airflow/example_dags/example_bash_operator.py
[2023-11-22T21:08:46.394+0000] {processor.py:829} INFO - Processing file /home/airflow/.local/lib/python3.8/site-packages/airflow/example_dags/example_bash_operator.py for tasks to queue
[2023-11-22T21:08:46.396+0000] {logging_mixin.py:154} INFO - [2023-11-22T21:08:46.396+0000] {dagbag.py:536} INFO - Filling up the DagBag from /home/airflow/.local/lib/python3.8/site-packages/airflow/example_dags/example_bash_operator.py
[2023-11-22T21:08:46.408+0000] {processor.py:839} INFO - DAG(s) dict_keys(['example_bash_operator']) retrieved from /home/airflow/.local/lib/python3.8/site-packages/airflow/example_dags/example_bash_operator.py
[2023-11-22T21:08:46.437+0000] {logging_mixin.py:154} INFO - [2023-11-22T21:08:46.437+0000] {dag.py:2941} INFO - Sync 1 DAGs
[2023-11-22T21:08:46.463+0000] {logging_mixin.py:154} INFO - [2023-11-22T21:08:46.463+0000] {dag.py:3722} INFO - Setting next_dagrun for example_bash_operator to 2023-11-21T00:00:00+00:00, run_after=2023-11-22T00:00:00+00:00
[2023-11-22T21:08:46.484+0000] {processor.py:179} INFO - Processing /home/airflow/.local/lib/python3.8/site-packages/airflow/example_dags/example_bash_operator.py took 0.095 seconds
[2023-11-22T21:09:16.769+0000] {processor.py:157} INFO - Started process (PID=2392) to work on /home/airflow/.local/lib/python3.8/site-packages/airflow/example_dags/example_bash_operator.py
[2023-11-22T21:09:16.770+0000] {processor.py:829} INFO - Processing file /home/airflow/.local/lib/python3.8/site-packages/airflow/example_dags/example_bash_operator.py for tasks to queue
[2023-11-22T21:09:16.774+0000] {logging_mixin.py:154} INFO - [2023-11-22T21:09:16.774+0000] {dagbag.py:536} INFO - Filling up the DagBag from /home/airflow/.local/lib/python3.8/site-packages/airflow/example_dags/example_bash_operator.py
[2023-11-22T21:09:16.789+0000] {processor.py:839} INFO - DAG(s) dict_keys(['example_bash_operator']) retrieved from /home/airflow/.local/lib/python3.8/site-packages/airflow/example_dags/example_bash_operator.py
[2023-11-22T21:09:16.818+0000] {logging_mixin.py:154} INFO - [2023-11-22T21:09:16.818+0000] {dag.py:2941} INFO - Sync 1 DAGs
[2023-11-22T21:09:16.842+0000] {logging_mixin.py:154} INFO - [2023-11-22T21:09:16.842+0000] {dag.py:3722} INFO - Setting next_dagrun for example_bash_operator to 2023-11-21T00:00:00+00:00, run_after=2023-11-22T00:00:00+00:00
[2023-11-22T21:09:16.862+0000] {processor.py:179} INFO - Processing /home/airflow/.local/lib/python3.8/site-packages/airflow/example_dags/example_bash_operator.py took 0.099 seconds
[2023-11-22T21:09:46.979+0000] {processor.py:157} INFO - Started process (PID=2446) to work on /home/airflow/.local/lib/python3.8/site-packages/airflow/example_dags/example_bash_operator.py
[2023-11-22T21:09:46.981+0000] {processor.py:829} INFO - Processing file /home/airflow/.local/lib/python3.8/site-packages/airflow/example_dags/example_bash_operator.py for tasks to queue
[2023-11-22T21:09:46.983+0000] {logging_mixin.py:154} INFO - [2023-11-22T21:09:46.983+0000] {dagbag.py:536} INFO - Filling up the DagBag from /home/airflow/.local/lib/python3.8/site-packages/airflow/example_dags/example_bash_operator.py
[2023-11-22T21:09:47.000+0000] {processor.py:839} INFO - DAG(s) dict_keys(['example_bash_operator']) retrieved from /home/airflow/.local/lib/python3.8/site-packages/airflow/example_dags/example_bash_operator.py
[2023-11-22T21:09:47.036+0000] {logging_mixin.py:154} INFO - [2023-11-22T21:09:47.036+0000] {dag.py:2941} INFO - Sync 1 DAGs
[2023-11-22T21:09:47.064+0000] {logging_mixin.py:154} INFO - [2023-11-22T21:09:47.064+0000] {dag.py:3722} INFO - Setting next_dagrun for example_bash_operator to 2023-11-21T00:00:00+00:00, run_after=2023-11-22T00:00:00+00:00
[2023-11-22T21:09:47.086+0000] {processor.py:179} INFO - Processing /home/airflow/.local/lib/python3.8/site-packages/airflow/example_dags/example_bash_operator.py took 0.110 seconds
[2023-11-22T21:10:17.469+0000] {processor.py:157} INFO - Started process (PID=2500) to work on /home/airflow/.local/lib/python3.8/site-packages/airflow/example_dags/example_bash_operator.py
[2023-11-22T21:10:17.471+0000] {processor.py:829} INFO - Processing file /home/airflow/.local/lib/python3.8/site-packages/airflow/example_dags/example_bash_operator.py for tasks to queue
[2023-11-22T21:10:17.475+0000] {logging_mixin.py:154} INFO - [2023-11-22T21:10:17.474+0000] {dagbag.py:536} INFO - Filling up the DagBag from /home/airflow/.local/lib/python3.8/site-packages/airflow/example_dags/example_bash_operator.py
[2023-11-22T21:10:17.493+0000] {processor.py:839} INFO - DAG(s) dict_keys(['example_bash_operator']) retrieved from /home/airflow/.local/lib/python3.8/site-packages/airflow/example_dags/example_bash_operator.py
[2023-11-22T21:10:17.531+0000] {logging_mixin.py:154} INFO - [2023-11-22T21:10:17.531+0000] {dag.py:2941} INFO - Sync 1 DAGs
[2023-11-22T21:10:17.559+0000] {logging_mixin.py:154} INFO - [2023-11-22T21:10:17.559+0000] {dag.py:3722} INFO - Setting next_dagrun for example_bash_operator to 2023-11-21T00:00:00+00:00, run_after=2023-11-22T00:00:00+00:00
[2023-11-22T21:10:17.588+0000] {processor.py:179} INFO - Processing /home/airflow/.local/lib/python3.8/site-packages/airflow/example_dags/example_bash_operator.py took 0.124 seconds
[2023-11-22T21:10:47.931+0000] {processor.py:157} INFO - Started process (PID=2554) to work on /home/airflow/.local/lib/python3.8/site-packages/airflow/example_dags/example_bash_operator.py
[2023-11-22T21:10:47.932+0000] {processor.py:829} INFO - Processing file /home/airflow/.local/lib/python3.8/site-packages/airflow/example_dags/example_bash_operator.py for tasks to queue
[2023-11-22T21:10:47.935+0000] {logging_mixin.py:154} INFO - [2023-11-22T21:10:47.935+0000] {dagbag.py:536} INFO - Filling up the DagBag from /home/airflow/.local/lib/python3.8/site-packages/airflow/example_dags/example_bash_operator.py
[2023-11-22T21:10:47.948+0000] {processor.py:839} INFO - DAG(s) dict_keys(['example_bash_operator']) retrieved from /home/airflow/.local/lib/python3.8/site-packages/airflow/example_dags/example_bash_operator.py
[2023-11-22T21:10:47.980+0000] {logging_mixin.py:154} INFO - [2023-11-22T21:10:47.979+0000] {dag.py:2941} INFO - Sync 1 DAGs
[2023-11-22T21:10:48.006+0000] {logging_mixin.py:154} INFO - [2023-11-22T21:10:48.005+0000] {dag.py:3722} INFO - Setting next_dagrun for example_bash_operator to 2023-11-21T00:00:00+00:00, run_after=2023-11-22T00:00:00+00:00
[2023-11-22T21:10:48.028+0000] {processor.py:179} INFO - Processing /home/airflow/.local/lib/python3.8/site-packages/airflow/example_dags/example_bash_operator.py took 0.100 seconds
[2023-11-22T21:11:18.757+0000] {processor.py:157} INFO - Started process (PID=2606) to work on /home/airflow/.local/lib/python3.8/site-packages/airflow/example_dags/example_bash_operator.py
[2023-11-22T21:11:18.758+0000] {processor.py:829} INFO - Processing file /home/airflow/.local/lib/python3.8/site-packages/airflow/example_dags/example_bash_operator.py for tasks to queue
[2023-11-22T21:11:18.761+0000] {logging_mixin.py:154} INFO - [2023-11-22T21:11:18.761+0000] {dagbag.py:536} INFO - Filling up the DagBag from /home/airflow/.local/lib/python3.8/site-packages/airflow/example_dags/example_bash_operator.py
[2023-11-22T21:11:18.774+0000] {processor.py:839} INFO - DAG(s) dict_keys(['example_bash_operator']) retrieved from /home/airflow/.local/lib/python3.8/site-packages/airflow/example_dags/example_bash_operator.py
[2023-11-22T21:11:18.848+0000] {logging_mixin.py:154} INFO - [2023-11-22T21:11:18.847+0000] {dag.py:2941} INFO - Sync 1 DAGs
[2023-11-22T21:11:18.881+0000] {logging_mixin.py:154} INFO - [2023-11-22T21:11:18.881+0000] {dag.py:3722} INFO - Setting next_dagrun for example_bash_operator to 2023-11-21T00:00:00+00:00, run_after=2023-11-22T00:00:00+00:00
[2023-11-22T21:11:18.902+0000] {processor.py:179} INFO - Processing /home/airflow/.local/lib/python3.8/site-packages/airflow/example_dags/example_bash_operator.py took 0.149 seconds
[2023-11-22T21:11:49.288+0000] {processor.py:157} INFO - Started process (PID=2655) to work on /home/airflow/.local/lib/python3.8/site-packages/airflow/example_dags/example_bash_operator.py
[2023-11-22T21:11:49.320+0000] {processor.py:829} INFO - Processing file /home/airflow/.local/lib/python3.8/site-packages/airflow/example_dags/example_bash_operator.py for tasks to queue
[2023-11-22T21:11:49.326+0000] {logging_mixin.py:154} INFO - [2023-11-22T21:11:49.325+0000] {dagbag.py:536} INFO - Filling up the DagBag from /home/airflow/.local/lib/python3.8/site-packages/airflow/example_dags/example_bash_operator.py
[2023-11-22T21:11:49.403+0000] {processor.py:839} INFO - DAG(s) dict_keys(['example_bash_operator']) retrieved from /home/airflow/.local/lib/python3.8/site-packages/airflow/example_dags/example_bash_operator.py
[2023-11-22T21:11:49.544+0000] {logging_mixin.py:154} INFO - [2023-11-22T21:11:49.544+0000] {dag.py:2941} INFO - Sync 1 DAGs
[2023-11-22T21:11:49.627+0000] {logging_mixin.py:154} INFO - [2023-11-22T21:11:49.627+0000] {dag.py:3722} INFO - Setting next_dagrun for example_bash_operator to 2023-11-21T00:00:00+00:00, run_after=2023-11-22T00:00:00+00:00
[2023-11-22T21:11:49.652+0000] {processor.py:179} INFO - Processing /home/airflow/.local/lib/python3.8/site-packages/airflow/example_dags/example_bash_operator.py took 0.373 seconds
