[2023-11-22T20:47:14.341+0000] {processor.py:157} INFO - Started process (PID=87) to work on /home/airflow/.local/lib/python3.8/site-packages/airflow/example_dags/example_latest_only.py
[2023-11-22T20:47:14.344+0000] {processor.py:829} INFO - Processing file /home/airflow/.local/lib/python3.8/site-packages/airflow/example_dags/example_latest_only.py for tasks to queue
[2023-11-22T20:47:14.405+0000] {logging_mixin.py:154} INFO - [2023-11-22T20:47:14.403+0000] {dagbag.py:536} INFO - Filling up the DagBag from /home/airflow/.local/lib/python3.8/site-packages/airflow/example_dags/example_latest_only.py
[2023-11-22T20:47:14.615+0000] {processor.py:839} INFO - DAG(s) dict_keys(['latest_only']) retrieved from /home/airflow/.local/lib/python3.8/site-packages/airflow/example_dags/example_latest_only.py
[2023-11-22T20:47:14.692+0000] {logging_mixin.py:154} INFO - [2023-11-22T20:47:14.692+0000] {dag.py:2941} INFO - Sync 1 DAGs
[2023-11-22T20:47:15.010+0000] {logging_mixin.py:154} INFO - [2023-11-22T20:47:15.009+0000] {dag.py:3722} INFO - Setting next_dagrun for latest_only to 2023-11-22T16:47:15.004126+00:00, run_after=2023-11-22T20:47:15.004126+00:00
[2023-11-22T20:47:15.145+0000] {processor.py:179} INFO - Processing /home/airflow/.local/lib/python3.8/site-packages/airflow/example_dags/example_latest_only.py took 0.831 seconds
[2023-11-22T20:47:46.127+0000] {processor.py:157} INFO - Started process (PID=141) to work on /home/airflow/.local/lib/python3.8/site-packages/airflow/example_dags/example_latest_only.py
[2023-11-22T20:47:46.129+0000] {processor.py:829} INFO - Processing file /home/airflow/.local/lib/python3.8/site-packages/airflow/example_dags/example_latest_only.py for tasks to queue
[2023-11-22T20:47:46.133+0000] {logging_mixin.py:154} INFO - [2023-11-22T20:47:46.133+0000] {dagbag.py:536} INFO - Filling up the DagBag from /home/airflow/.local/lib/python3.8/site-packages/airflow/example_dags/example_latest_only.py
[2023-11-22T20:47:46.141+0000] {processor.py:839} INFO - DAG(s) dict_keys(['latest_only']) retrieved from /home/airflow/.local/lib/python3.8/site-packages/airflow/example_dags/example_latest_only.py
[2023-11-22T20:47:46.169+0000] {logging_mixin.py:154} INFO - [2023-11-22T20:47:46.169+0000] {dag.py:2941} INFO - Sync 1 DAGs
[2023-11-22T20:47:46.204+0000] {logging_mixin.py:154} INFO - [2023-11-22T20:47:46.204+0000] {dag.py:3722} INFO - Setting next_dagrun for latest_only to 2023-11-22T16:47:46.204316+00:00, run_after=2023-11-22T20:47:46.204316+00:00
[2023-11-22T20:47:46.227+0000] {processor.py:179} INFO - Processing /home/airflow/.local/lib/python3.8/site-packages/airflow/example_dags/example_latest_only.py took 0.104 seconds
[2023-11-22T20:48:16.941+0000] {processor.py:157} INFO - Started process (PID=195) to work on /home/airflow/.local/lib/python3.8/site-packages/airflow/example_dags/example_latest_only.py
[2023-11-22T20:48:16.944+0000] {processor.py:829} INFO - Processing file /home/airflow/.local/lib/python3.8/site-packages/airflow/example_dags/example_latest_only.py for tasks to queue
[2023-11-22T20:48:16.953+0000] {logging_mixin.py:154} INFO - [2023-11-22T20:48:16.952+0000] {dagbag.py:536} INFO - Filling up the DagBag from /home/airflow/.local/lib/python3.8/site-packages/airflow/example_dags/example_latest_only.py
[2023-11-22T20:48:16.968+0000] {processor.py:839} INFO - DAG(s) dict_keys(['latest_only']) retrieved from /home/airflow/.local/lib/python3.8/site-packages/airflow/example_dags/example_latest_only.py
[2023-11-22T20:48:16.992+0000] {logging_mixin.py:154} INFO - [2023-11-22T20:48:16.992+0000] {dag.py:2941} INFO - Sync 1 DAGs
[2023-11-22T20:48:17.015+0000] {logging_mixin.py:154} INFO - [2023-11-22T20:48:17.015+0000] {dag.py:3722} INFO - Setting next_dagrun for latest_only to 2023-11-22T16:48:17.015292+00:00, run_after=2023-11-22T20:48:17.015292+00:00
[2023-11-22T20:48:17.040+0000] {processor.py:179} INFO - Processing /home/airflow/.local/lib/python3.8/site-packages/airflow/example_dags/example_latest_only.py took 0.111 seconds
[2023-11-22T20:48:48.331+0000] {processor.py:157} INFO - Started process (PID=249) to work on /home/airflow/.local/lib/python3.8/site-packages/airflow/example_dags/example_latest_only.py
[2023-11-22T20:48:48.453+0000] {processor.py:829} INFO - Processing file /home/airflow/.local/lib/python3.8/site-packages/airflow/example_dags/example_latest_only.py for tasks to queue
[2023-11-22T20:48:48.465+0000] {logging_mixin.py:154} INFO - [2023-11-22T20:48:48.464+0000] {dagbag.py:536} INFO - Filling up the DagBag from /home/airflow/.local/lib/python3.8/site-packages/airflow/example_dags/example_latest_only.py
[2023-11-22T20:48:48.477+0000] {processor.py:839} INFO - DAG(s) dict_keys(['latest_only']) retrieved from /home/airflow/.local/lib/python3.8/site-packages/airflow/example_dags/example_latest_only.py
[2023-11-22T20:48:48.504+0000] {logging_mixin.py:154} INFO - [2023-11-22T20:48:48.504+0000] {dag.py:2941} INFO - Sync 1 DAGs
[2023-11-22T20:48:48.528+0000] {logging_mixin.py:154} INFO - [2023-11-22T20:48:48.528+0000] {dag.py:3722} INFO - Setting next_dagrun for latest_only to 2023-11-22T16:48:48.528424+00:00, run_after=2023-11-22T20:48:48.528424+00:00
[2023-11-22T20:48:48.623+0000] {processor.py:179} INFO - Processing /home/airflow/.local/lib/python3.8/site-packages/airflow/example_dags/example_latest_only.py took 0.297 seconds
[2023-11-22T20:49:18.685+0000] {processor.py:157} INFO - Started process (PID=302) to work on /home/airflow/.local/lib/python3.8/site-packages/airflow/example_dags/example_latest_only.py
[2023-11-22T20:49:18.687+0000] {processor.py:829} INFO - Processing file /home/airflow/.local/lib/python3.8/site-packages/airflow/example_dags/example_latest_only.py for tasks to queue
[2023-11-22T20:49:18.692+0000] {logging_mixin.py:154} INFO - [2023-11-22T20:49:18.691+0000] {dagbag.py:536} INFO - Filling up the DagBag from /home/airflow/.local/lib/python3.8/site-packages/airflow/example_dags/example_latest_only.py
[2023-11-22T20:49:18.699+0000] {processor.py:839} INFO - DAG(s) dict_keys(['latest_only']) retrieved from /home/airflow/.local/lib/python3.8/site-packages/airflow/example_dags/example_latest_only.py
[2023-11-22T20:49:18.730+0000] {logging_mixin.py:154} INFO - [2023-11-22T20:49:18.730+0000] {dag.py:2941} INFO - Sync 1 DAGs
[2023-11-22T20:49:18.765+0000] {logging_mixin.py:154} INFO - [2023-11-22T20:49:18.765+0000] {dag.py:3722} INFO - Setting next_dagrun for latest_only to 2023-11-22T16:49:18.765241+00:00, run_after=2023-11-22T20:49:18.765241+00:00
[2023-11-22T20:49:18.792+0000] {processor.py:179} INFO - Processing /home/airflow/.local/lib/python3.8/site-packages/airflow/example_dags/example_latest_only.py took 0.111 seconds
[2023-11-22T20:49:48.941+0000] {processor.py:157} INFO - Started process (PID=356) to work on /home/airflow/.local/lib/python3.8/site-packages/airflow/example_dags/example_latest_only.py
[2023-11-22T20:49:48.942+0000] {processor.py:829} INFO - Processing file /home/airflow/.local/lib/python3.8/site-packages/airflow/example_dags/example_latest_only.py for tasks to queue
[2023-11-22T20:49:48.945+0000] {logging_mixin.py:154} INFO - [2023-11-22T20:49:48.945+0000] {dagbag.py:536} INFO - Filling up the DagBag from /home/airflow/.local/lib/python3.8/site-packages/airflow/example_dags/example_latest_only.py
[2023-11-22T20:49:48.950+0000] {processor.py:839} INFO - DAG(s) dict_keys(['latest_only']) retrieved from /home/airflow/.local/lib/python3.8/site-packages/airflow/example_dags/example_latest_only.py
[2023-11-22T20:49:48.971+0000] {logging_mixin.py:154} INFO - [2023-11-22T20:49:48.971+0000] {dag.py:2941} INFO - Sync 1 DAGs
[2023-11-22T20:49:48.999+0000] {logging_mixin.py:154} INFO - [2023-11-22T20:49:48.999+0000] {dag.py:3722} INFO - Setting next_dagrun for latest_only to 2023-11-22T16:49:48.999366+00:00, run_after=2023-11-22T20:49:48.999366+00:00
[2023-11-22T20:49:49.030+0000] {processor.py:179} INFO - Processing /home/airflow/.local/lib/python3.8/site-packages/airflow/example_dags/example_latest_only.py took 0.092 seconds
[2023-11-22T20:50:19.985+0000] {processor.py:157} INFO - Started process (PID=411) to work on /home/airflow/.local/lib/python3.8/site-packages/airflow/example_dags/example_latest_only.py
[2023-11-22T20:50:19.988+0000] {processor.py:829} INFO - Processing file /home/airflow/.local/lib/python3.8/site-packages/airflow/example_dags/example_latest_only.py for tasks to queue
[2023-11-22T20:50:19.991+0000] {logging_mixin.py:154} INFO - [2023-11-22T20:50:19.991+0000] {dagbag.py:536} INFO - Filling up the DagBag from /home/airflow/.local/lib/python3.8/site-packages/airflow/example_dags/example_latest_only.py
[2023-11-22T20:50:19.999+0000] {processor.py:839} INFO - DAG(s) dict_keys(['latest_only']) retrieved from /home/airflow/.local/lib/python3.8/site-packages/airflow/example_dags/example_latest_only.py
[2023-11-22T20:50:20.033+0000] {logging_mixin.py:154} INFO - [2023-11-22T20:50:20.033+0000] {dag.py:2941} INFO - Sync 1 DAGs
[2023-11-22T20:50:20.081+0000] {logging_mixin.py:154} INFO - [2023-11-22T20:50:20.081+0000] {dag.py:3722} INFO - Setting next_dagrun for latest_only to 2023-11-22T16:50:20.081023+00:00, run_after=2023-11-22T20:50:20.081023+00:00
[2023-11-22T20:50:20.114+0000] {processor.py:179} INFO - Processing /home/airflow/.local/lib/python3.8/site-packages/airflow/example_dags/example_latest_only.py took 0.133 seconds
[2023-11-22T20:50:50.690+0000] {processor.py:157} INFO - Started process (PID=465) to work on /home/airflow/.local/lib/python3.8/site-packages/airflow/example_dags/example_latest_only.py
[2023-11-22T20:50:50.852+0000] {processor.py:829} INFO - Processing file /home/airflow/.local/lib/python3.8/site-packages/airflow/example_dags/example_latest_only.py for tasks to queue
[2023-11-22T20:50:50.862+0000] {logging_mixin.py:154} INFO - [2023-11-22T20:50:50.861+0000] {dagbag.py:536} INFO - Filling up the DagBag from /home/airflow/.local/lib/python3.8/site-packages/airflow/example_dags/example_latest_only.py
[2023-11-22T20:50:50.880+0000] {processor.py:839} INFO - DAG(s) dict_keys(['latest_only']) retrieved from /home/airflow/.local/lib/python3.8/site-packages/airflow/example_dags/example_latest_only.py
[2023-11-22T20:50:50.920+0000] {logging_mixin.py:154} INFO - [2023-11-22T20:50:50.920+0000] {dag.py:2941} INFO - Sync 1 DAGs
[2023-11-22T20:50:50.944+0000] {logging_mixin.py:154} INFO - [2023-11-22T20:50:50.944+0000] {dag.py:3722} INFO - Setting next_dagrun for latest_only to 2023-11-22T16:50:50.943974+00:00, run_after=2023-11-22T20:50:50.943974+00:00
[2023-11-22T20:50:51.092+0000] {processor.py:179} INFO - Processing /home/airflow/.local/lib/python3.8/site-packages/airflow/example_dags/example_latest_only.py took 0.407 seconds
[2023-11-22T20:51:21.414+0000] {processor.py:157} INFO - Started process (PID=519) to work on /home/airflow/.local/lib/python3.8/site-packages/airflow/example_dags/example_latest_only.py
[2023-11-22T20:51:21.415+0000] {processor.py:829} INFO - Processing file /home/airflow/.local/lib/python3.8/site-packages/airflow/example_dags/example_latest_only.py for tasks to queue
[2023-11-22T20:51:21.418+0000] {logging_mixin.py:154} INFO - [2023-11-22T20:51:21.418+0000] {dagbag.py:536} INFO - Filling up the DagBag from /home/airflow/.local/lib/python3.8/site-packages/airflow/example_dags/example_latest_only.py
[2023-11-22T20:51:21.423+0000] {processor.py:839} INFO - DAG(s) dict_keys(['latest_only']) retrieved from /home/airflow/.local/lib/python3.8/site-packages/airflow/example_dags/example_latest_only.py
[2023-11-22T20:51:21.446+0000] {logging_mixin.py:154} INFO - [2023-11-22T20:51:21.445+0000] {dag.py:2941} INFO - Sync 1 DAGs
[2023-11-22T20:51:21.469+0000] {logging_mixin.py:154} INFO - [2023-11-22T20:51:21.469+0000] {dag.py:3722} INFO - Setting next_dagrun for latest_only to 2023-11-22T16:51:21.468835+00:00, run_after=2023-11-22T20:51:21.468835+00:00
[2023-11-22T20:51:21.490+0000] {processor.py:179} INFO - Processing /home/airflow/.local/lib/python3.8/site-packages/airflow/example_dags/example_latest_only.py took 0.079 seconds
[2023-11-22T20:51:51.694+0000] {processor.py:157} INFO - Started process (PID=573) to work on /home/airflow/.local/lib/python3.8/site-packages/airflow/example_dags/example_latest_only.py
[2023-11-22T20:51:51.695+0000] {processor.py:829} INFO - Processing file /home/airflow/.local/lib/python3.8/site-packages/airflow/example_dags/example_latest_only.py for tasks to queue
[2023-11-22T20:51:51.698+0000] {logging_mixin.py:154} INFO - [2023-11-22T20:51:51.698+0000] {dagbag.py:536} INFO - Filling up the DagBag from /home/airflow/.local/lib/python3.8/site-packages/airflow/example_dags/example_latest_only.py
[2023-11-22T20:51:51.705+0000] {processor.py:839} INFO - DAG(s) dict_keys(['latest_only']) retrieved from /home/airflow/.local/lib/python3.8/site-packages/airflow/example_dags/example_latest_only.py
[2023-11-22T20:51:51.739+0000] {logging_mixin.py:154} INFO - [2023-11-22T20:51:51.738+0000] {dag.py:2941} INFO - Sync 1 DAGs
[2023-11-22T20:51:51.776+0000] {logging_mixin.py:154} INFO - [2023-11-22T20:51:51.776+0000] {dag.py:3722} INFO - Setting next_dagrun for latest_only to 2023-11-22T16:51:51.775779+00:00, run_after=2023-11-22T20:51:51.775779+00:00
[2023-11-22T20:51:51.805+0000] {processor.py:179} INFO - Processing /home/airflow/.local/lib/python3.8/site-packages/airflow/example_dags/example_latest_only.py took 0.115 seconds
[2023-11-22T20:52:31.752+0000] {processor.py:157} INFO - Started process (PID=628) to work on /home/airflow/.local/lib/python3.8/site-packages/airflow/example_dags/example_latest_only.py
[2023-11-22T20:52:31.754+0000] {processor.py:829} INFO - Processing file /home/airflow/.local/lib/python3.8/site-packages/airflow/example_dags/example_latest_only.py for tasks to queue
[2023-11-22T20:52:31.758+0000] {logging_mixin.py:154} INFO - [2023-11-22T20:52:31.758+0000] {dagbag.py:536} INFO - Filling up the DagBag from /home/airflow/.local/lib/python3.8/site-packages/airflow/example_dags/example_latest_only.py
[2023-11-22T20:52:31.768+0000] {processor.py:839} INFO - DAG(s) dict_keys(['latest_only']) retrieved from /home/airflow/.local/lib/python3.8/site-packages/airflow/example_dags/example_latest_only.py
[2023-11-22T20:52:31.799+0000] {logging_mixin.py:154} INFO - [2023-11-22T20:52:31.799+0000] {dag.py:2941} INFO - Sync 1 DAGs
[2023-11-22T20:52:31.830+0000] {logging_mixin.py:154} INFO - [2023-11-22T20:52:31.830+0000] {dag.py:3722} INFO - Setting next_dagrun for latest_only to 2023-11-22T16:52:31.830053+00:00, run_after=2023-11-22T20:52:31.830053+00:00
[2023-11-22T20:52:31.858+0000] {processor.py:179} INFO - Processing /home/airflow/.local/lib/python3.8/site-packages/airflow/example_dags/example_latest_only.py took 0.112 seconds
[2023-11-22T20:53:02.301+0000] {processor.py:157} INFO - Started process (PID=680) to work on /home/airflow/.local/lib/python3.8/site-packages/airflow/example_dags/example_latest_only.py
[2023-11-22T20:53:02.303+0000] {processor.py:829} INFO - Processing file /home/airflow/.local/lib/python3.8/site-packages/airflow/example_dags/example_latest_only.py for tasks to queue
[2023-11-22T20:53:02.306+0000] {logging_mixin.py:154} INFO - [2023-11-22T20:53:02.305+0000] {dagbag.py:536} INFO - Filling up the DagBag from /home/airflow/.local/lib/python3.8/site-packages/airflow/example_dags/example_latest_only.py
[2023-11-22T20:53:02.312+0000] {processor.py:839} INFO - DAG(s) dict_keys(['latest_only']) retrieved from /home/airflow/.local/lib/python3.8/site-packages/airflow/example_dags/example_latest_only.py
[2023-11-22T20:53:02.339+0000] {logging_mixin.py:154} INFO - [2023-11-22T20:53:02.339+0000] {dag.py:2941} INFO - Sync 1 DAGs
[2023-11-22T20:53:02.369+0000] {logging_mixin.py:154} INFO - [2023-11-22T20:53:02.369+0000] {dag.py:3722} INFO - Setting next_dagrun for latest_only to 2023-11-22T16:53:02.368877+00:00, run_after=2023-11-22T20:53:02.368877+00:00
[2023-11-22T20:53:02.395+0000] {processor.py:179} INFO - Processing /home/airflow/.local/lib/python3.8/site-packages/airflow/example_dags/example_latest_only.py took 0.099 seconds
[2023-11-22T20:53:32.990+0000] {processor.py:157} INFO - Started process (PID=735) to work on /home/airflow/.local/lib/python3.8/site-packages/airflow/example_dags/example_latest_only.py
[2023-11-22T20:53:32.992+0000] {processor.py:829} INFO - Processing file /home/airflow/.local/lib/python3.8/site-packages/airflow/example_dags/example_latest_only.py for tasks to queue
[2023-11-22T20:53:32.994+0000] {logging_mixin.py:154} INFO - [2023-11-22T20:53:32.994+0000] {dagbag.py:536} INFO - Filling up the DagBag from /home/airflow/.local/lib/python3.8/site-packages/airflow/example_dags/example_latest_only.py
[2023-11-22T20:53:33.002+0000] {processor.py:839} INFO - DAG(s) dict_keys(['latest_only']) retrieved from /home/airflow/.local/lib/python3.8/site-packages/airflow/example_dags/example_latest_only.py
[2023-11-22T20:53:33.025+0000] {logging_mixin.py:154} INFO - [2023-11-22T20:53:33.025+0000] {dag.py:2941} INFO - Sync 1 DAGs
[2023-11-22T20:53:33.050+0000] {logging_mixin.py:154} INFO - [2023-11-22T20:53:33.050+0000] {dag.py:3722} INFO - Setting next_dagrun for latest_only to 2023-11-22T16:53:33.049947+00:00, run_after=2023-11-22T20:53:33.049947+00:00
[2023-11-22T20:53:33.076+0000] {processor.py:179} INFO - Processing /home/airflow/.local/lib/python3.8/site-packages/airflow/example_dags/example_latest_only.py took 0.089 seconds
[2023-11-22T20:54:07.542+0000] {processor.py:157} INFO - Started process (PID=790) to work on /home/airflow/.local/lib/python3.8/site-packages/airflow/example_dags/example_latest_only.py
[2023-11-22T20:54:07.544+0000] {processor.py:829} INFO - Processing file /home/airflow/.local/lib/python3.8/site-packages/airflow/example_dags/example_latest_only.py for tasks to queue
[2023-11-22T20:54:07.547+0000] {logging_mixin.py:154} INFO - [2023-11-22T20:54:07.547+0000] {dagbag.py:536} INFO - Filling up the DagBag from /home/airflow/.local/lib/python3.8/site-packages/airflow/example_dags/example_latest_only.py
[2023-11-22T20:54:07.554+0000] {processor.py:839} INFO - DAG(s) dict_keys(['latest_only']) retrieved from /home/airflow/.local/lib/python3.8/site-packages/airflow/example_dags/example_latest_only.py
[2023-11-22T20:54:07.582+0000] {logging_mixin.py:154} INFO - [2023-11-22T20:54:07.581+0000] {dag.py:2941} INFO - Sync 1 DAGs
[2023-11-22T20:54:07.612+0000] {logging_mixin.py:154} INFO - [2023-11-22T20:54:07.612+0000] {dag.py:3722} INFO - Setting next_dagrun for latest_only to 2023-11-22T16:54:07.612050+00:00, run_after=2023-11-22T20:54:07.612050+00:00
[2023-11-22T20:54:07.636+0000] {processor.py:179} INFO - Processing /home/airflow/.local/lib/python3.8/site-packages/airflow/example_dags/example_latest_only.py took 0.099 seconds
[2023-11-22T20:54:39.706+0000] {processor.py:157} INFO - Started process (PID=844) to work on /home/airflow/.local/lib/python3.8/site-packages/airflow/example_dags/example_latest_only.py
[2023-11-22T20:54:39.708+0000] {processor.py:829} INFO - Processing file /home/airflow/.local/lib/python3.8/site-packages/airflow/example_dags/example_latest_only.py for tasks to queue
[2023-11-22T20:54:39.711+0000] {logging_mixin.py:154} INFO - [2023-11-22T20:54:39.711+0000] {dagbag.py:536} INFO - Filling up the DagBag from /home/airflow/.local/lib/python3.8/site-packages/airflow/example_dags/example_latest_only.py
[2023-11-22T20:54:39.717+0000] {processor.py:839} INFO - DAG(s) dict_keys(['latest_only']) retrieved from /home/airflow/.local/lib/python3.8/site-packages/airflow/example_dags/example_latest_only.py
[2023-11-22T20:54:39.737+0000] {logging_mixin.py:154} INFO - [2023-11-22T20:54:39.737+0000] {dag.py:2941} INFO - Sync 1 DAGs
[2023-11-22T20:54:39.761+0000] {logging_mixin.py:154} INFO - [2023-11-22T20:54:39.761+0000] {dag.py:3722} INFO - Setting next_dagrun for latest_only to 2023-11-22T16:54:39.760789+00:00, run_after=2023-11-22T20:54:39.760789+00:00
[2023-11-22T20:54:39.785+0000] {processor.py:179} INFO - Processing /home/airflow/.local/lib/python3.8/site-packages/airflow/example_dags/example_latest_only.py took 0.083 seconds
[2023-11-22T20:55:10.390+0000] {processor.py:157} INFO - Started process (PID=898) to work on /home/airflow/.local/lib/python3.8/site-packages/airflow/example_dags/example_latest_only.py
[2023-11-22T20:55:10.391+0000] {processor.py:829} INFO - Processing file /home/airflow/.local/lib/python3.8/site-packages/airflow/example_dags/example_latest_only.py for tasks to queue
[2023-11-22T20:55:10.394+0000] {logging_mixin.py:154} INFO - [2023-11-22T20:55:10.394+0000] {dagbag.py:536} INFO - Filling up the DagBag from /home/airflow/.local/lib/python3.8/site-packages/airflow/example_dags/example_latest_only.py
[2023-11-22T20:55:10.400+0000] {processor.py:839} INFO - DAG(s) dict_keys(['latest_only']) retrieved from /home/airflow/.local/lib/python3.8/site-packages/airflow/example_dags/example_latest_only.py
[2023-11-22T20:55:10.422+0000] {logging_mixin.py:154} INFO - [2023-11-22T20:55:10.422+0000] {dag.py:2941} INFO - Sync 1 DAGs
[2023-11-22T20:55:10.446+0000] {logging_mixin.py:154} INFO - [2023-11-22T20:55:10.445+0000] {dag.py:3722} INFO - Setting next_dagrun for latest_only to 2023-11-22T16:55:10.445605+00:00, run_after=2023-11-22T20:55:10.445605+00:00
[2023-11-22T20:55:10.469+0000] {processor.py:179} INFO - Processing /home/airflow/.local/lib/python3.8/site-packages/airflow/example_dags/example_latest_only.py took 0.082 seconds
[2023-11-22T20:55:41.481+0000] {processor.py:157} INFO - Started process (PID=951) to work on /home/airflow/.local/lib/python3.8/site-packages/airflow/example_dags/example_latest_only.py
[2023-11-22T20:55:41.483+0000] {processor.py:829} INFO - Processing file /home/airflow/.local/lib/python3.8/site-packages/airflow/example_dags/example_latest_only.py for tasks to queue
[2023-11-22T20:55:41.485+0000] {logging_mixin.py:154} INFO - [2023-11-22T20:55:41.485+0000] {dagbag.py:536} INFO - Filling up the DagBag from /home/airflow/.local/lib/python3.8/site-packages/airflow/example_dags/example_latest_only.py
[2023-11-22T20:55:41.490+0000] {processor.py:839} INFO - DAG(s) dict_keys(['latest_only']) retrieved from /home/airflow/.local/lib/python3.8/site-packages/airflow/example_dags/example_latest_only.py
[2023-11-22T20:55:41.510+0000] {logging_mixin.py:154} INFO - [2023-11-22T20:55:41.510+0000] {dag.py:2941} INFO - Sync 1 DAGs
[2023-11-22T20:55:41.533+0000] {logging_mixin.py:154} INFO - [2023-11-22T20:55:41.533+0000] {dag.py:3722} INFO - Setting next_dagrun for latest_only to 2023-11-22T16:55:41.532905+00:00, run_after=2023-11-22T20:55:41.532905+00:00
[2023-11-22T20:55:41.550+0000] {processor.py:179} INFO - Processing /home/airflow/.local/lib/python3.8/site-packages/airflow/example_dags/example_latest_only.py took 0.072 seconds
[2023-11-22T20:56:12.232+0000] {processor.py:157} INFO - Started process (PID=1007) to work on /home/airflow/.local/lib/python3.8/site-packages/airflow/example_dags/example_latest_only.py
[2023-11-22T20:56:12.233+0000] {processor.py:829} INFO - Processing file /home/airflow/.local/lib/python3.8/site-packages/airflow/example_dags/example_latest_only.py for tasks to queue
[2023-11-22T20:56:12.235+0000] {logging_mixin.py:154} INFO - [2023-11-22T20:56:12.235+0000] {dagbag.py:536} INFO - Filling up the DagBag from /home/airflow/.local/lib/python3.8/site-packages/airflow/example_dags/example_latest_only.py
[2023-11-22T20:56:12.240+0000] {processor.py:839} INFO - DAG(s) dict_keys(['latest_only']) retrieved from /home/airflow/.local/lib/python3.8/site-packages/airflow/example_dags/example_latest_only.py
[2023-11-22T20:56:12.261+0000] {logging_mixin.py:154} INFO - [2023-11-22T20:56:12.261+0000] {dag.py:2941} INFO - Sync 1 DAGs
[2023-11-22T20:56:12.285+0000] {logging_mixin.py:154} INFO - [2023-11-22T20:56:12.285+0000] {dag.py:3722} INFO - Setting next_dagrun for latest_only to 2023-11-22T16:56:12.285083+00:00, run_after=2023-11-22T20:56:12.285083+00:00
[2023-11-22T20:56:12.305+0000] {processor.py:179} INFO - Processing /home/airflow/.local/lib/python3.8/site-packages/airflow/example_dags/example_latest_only.py took 0.077 seconds
[2023-11-22T20:56:43.264+0000] {processor.py:157} INFO - Started process (PID=1061) to work on /home/airflow/.local/lib/python3.8/site-packages/airflow/example_dags/example_latest_only.py
[2023-11-22T20:56:43.265+0000] {processor.py:829} INFO - Processing file /home/airflow/.local/lib/python3.8/site-packages/airflow/example_dags/example_latest_only.py for tasks to queue
[2023-11-22T20:56:43.268+0000] {logging_mixin.py:154} INFO - [2023-11-22T20:56:43.268+0000] {dagbag.py:536} INFO - Filling up the DagBag from /home/airflow/.local/lib/python3.8/site-packages/airflow/example_dags/example_latest_only.py
[2023-11-22T20:56:43.274+0000] {processor.py:839} INFO - DAG(s) dict_keys(['latest_only']) retrieved from /home/airflow/.local/lib/python3.8/site-packages/airflow/example_dags/example_latest_only.py
[2023-11-22T20:56:43.299+0000] {logging_mixin.py:154} INFO - [2023-11-22T20:56:43.299+0000] {dag.py:2941} INFO - Sync 1 DAGs
[2023-11-22T20:56:43.325+0000] {logging_mixin.py:154} INFO - [2023-11-22T20:56:43.325+0000] {dag.py:3722} INFO - Setting next_dagrun for latest_only to 2023-11-22T16:56:43.324777+00:00, run_after=2023-11-22T20:56:43.324777+00:00
[2023-11-22T20:56:43.503+0000] {processor.py:179} INFO - Processing /home/airflow/.local/lib/python3.8/site-packages/airflow/example_dags/example_latest_only.py took 0.244 seconds
[2023-11-22T20:57:14.445+0000] {processor.py:157} INFO - Started process (PID=1115) to work on /home/airflow/.local/lib/python3.8/site-packages/airflow/example_dags/example_latest_only.py
[2023-11-22T20:57:14.446+0000] {processor.py:829} INFO - Processing file /home/airflow/.local/lib/python3.8/site-packages/airflow/example_dags/example_latest_only.py for tasks to queue
[2023-11-22T20:57:14.449+0000] {logging_mixin.py:154} INFO - [2023-11-22T20:57:14.449+0000] {dagbag.py:536} INFO - Filling up the DagBag from /home/airflow/.local/lib/python3.8/site-packages/airflow/example_dags/example_latest_only.py
[2023-11-22T20:57:14.454+0000] {processor.py:839} INFO - DAG(s) dict_keys(['latest_only']) retrieved from /home/airflow/.local/lib/python3.8/site-packages/airflow/example_dags/example_latest_only.py
[2023-11-22T20:57:14.475+0000] {logging_mixin.py:154} INFO - [2023-11-22T20:57:14.475+0000] {dag.py:2941} INFO - Sync 1 DAGs
[2023-11-22T20:57:14.497+0000] {logging_mixin.py:154} INFO - [2023-11-22T20:57:14.497+0000] {dag.py:3722} INFO - Setting next_dagrun for latest_only to 2023-11-22T16:57:14.497088+00:00, run_after=2023-11-22T20:57:14.497088+00:00
[2023-11-22T20:57:14.520+0000] {processor.py:179} INFO - Processing /home/airflow/.local/lib/python3.8/site-packages/airflow/example_dags/example_latest_only.py took 0.078 seconds
[2023-11-22T20:57:45.447+0000] {processor.py:157} INFO - Started process (PID=1169) to work on /home/airflow/.local/lib/python3.8/site-packages/airflow/example_dags/example_latest_only.py
[2023-11-22T20:57:45.449+0000] {processor.py:829} INFO - Processing file /home/airflow/.local/lib/python3.8/site-packages/airflow/example_dags/example_latest_only.py for tasks to queue
[2023-11-22T20:57:45.451+0000] {logging_mixin.py:154} INFO - [2023-11-22T20:57:45.451+0000] {dagbag.py:536} INFO - Filling up the DagBag from /home/airflow/.local/lib/python3.8/site-packages/airflow/example_dags/example_latest_only.py
[2023-11-22T20:57:45.457+0000] {processor.py:839} INFO - DAG(s) dict_keys(['latest_only']) retrieved from /home/airflow/.local/lib/python3.8/site-packages/airflow/example_dags/example_latest_only.py
[2023-11-22T20:57:45.478+0000] {logging_mixin.py:154} INFO - [2023-11-22T20:57:45.478+0000] {dag.py:2941} INFO - Sync 1 DAGs
[2023-11-22T20:57:45.500+0000] {logging_mixin.py:154} INFO - [2023-11-22T20:57:45.500+0000] {dag.py:3722} INFO - Setting next_dagrun for latest_only to 2023-11-22T16:57:45.499944+00:00, run_after=2023-11-22T20:57:45.499944+00:00
[2023-11-22T20:57:45.523+0000] {processor.py:179} INFO - Processing /home/airflow/.local/lib/python3.8/site-packages/airflow/example_dags/example_latest_only.py took 0.078 seconds
[2023-11-22T20:58:15.566+0000] {processor.py:157} INFO - Started process (PID=1222) to work on /home/airflow/.local/lib/python3.8/site-packages/airflow/example_dags/example_latest_only.py
[2023-11-22T20:58:15.567+0000] {processor.py:829} INFO - Processing file /home/airflow/.local/lib/python3.8/site-packages/airflow/example_dags/example_latest_only.py for tasks to queue
[2023-11-22T20:58:15.570+0000] {logging_mixin.py:154} INFO - [2023-11-22T20:58:15.570+0000] {dagbag.py:536} INFO - Filling up the DagBag from /home/airflow/.local/lib/python3.8/site-packages/airflow/example_dags/example_latest_only.py
[2023-11-22T20:58:15.576+0000] {processor.py:839} INFO - DAG(s) dict_keys(['latest_only']) retrieved from /home/airflow/.local/lib/python3.8/site-packages/airflow/example_dags/example_latest_only.py
[2023-11-22T20:58:15.596+0000] {logging_mixin.py:154} INFO - [2023-11-22T20:58:15.596+0000] {dag.py:2941} INFO - Sync 1 DAGs
[2023-11-22T20:58:15.737+0000] {logging_mixin.py:154} INFO - [2023-11-22T20:58:15.737+0000] {dag.py:3722} INFO - Setting next_dagrun for latest_only to 2023-11-22T16:58:15.736888+00:00, run_after=2023-11-22T20:58:15.736888+00:00
[2023-11-22T20:58:15.759+0000] {processor.py:179} INFO - Processing /home/airflow/.local/lib/python3.8/site-packages/airflow/example_dags/example_latest_only.py took 0.196 seconds
[2023-11-22T20:58:45.953+0000] {processor.py:157} INFO - Started process (PID=1276) to work on /home/airflow/.local/lib/python3.8/site-packages/airflow/example_dags/example_latest_only.py
[2023-11-22T20:58:45.955+0000] {processor.py:829} INFO - Processing file /home/airflow/.local/lib/python3.8/site-packages/airflow/example_dags/example_latest_only.py for tasks to queue
[2023-11-22T20:58:45.957+0000] {logging_mixin.py:154} INFO - [2023-11-22T20:58:45.957+0000] {dagbag.py:536} INFO - Filling up the DagBag from /home/airflow/.local/lib/python3.8/site-packages/airflow/example_dags/example_latest_only.py
[2023-11-22T20:58:45.963+0000] {processor.py:839} INFO - DAG(s) dict_keys(['latest_only']) retrieved from /home/airflow/.local/lib/python3.8/site-packages/airflow/example_dags/example_latest_only.py
[2023-11-22T20:58:45.989+0000] {logging_mixin.py:154} INFO - [2023-11-22T20:58:45.989+0000] {dag.py:2941} INFO - Sync 1 DAGs
[2023-11-22T20:58:46.015+0000] {logging_mixin.py:154} INFO - [2023-11-22T20:58:46.014+0000] {dag.py:3722} INFO - Setting next_dagrun for latest_only to 2023-11-22T16:58:46.014595+00:00, run_after=2023-11-22T20:58:46.014595+00:00
[2023-11-22T20:58:46.036+0000] {processor.py:179} INFO - Processing /home/airflow/.local/lib/python3.8/site-packages/airflow/example_dags/example_latest_only.py took 0.086 seconds
[2023-11-22T20:59:16.776+0000] {processor.py:157} INFO - Started process (PID=1330) to work on /home/airflow/.local/lib/python3.8/site-packages/airflow/example_dags/example_latest_only.py
[2023-11-22T20:59:16.778+0000] {processor.py:829} INFO - Processing file /home/airflow/.local/lib/python3.8/site-packages/airflow/example_dags/example_latest_only.py for tasks to queue
[2023-11-22T20:59:16.780+0000] {logging_mixin.py:154} INFO - [2023-11-22T20:59:16.780+0000] {dagbag.py:536} INFO - Filling up the DagBag from /home/airflow/.local/lib/python3.8/site-packages/airflow/example_dags/example_latest_only.py
[2023-11-22T20:59:16.786+0000] {processor.py:839} INFO - DAG(s) dict_keys(['latest_only']) retrieved from /home/airflow/.local/lib/python3.8/site-packages/airflow/example_dags/example_latest_only.py
[2023-11-22T20:59:16.806+0000] {logging_mixin.py:154} INFO - [2023-11-22T20:59:16.806+0000] {dag.py:2941} INFO - Sync 1 DAGs
[2023-11-22T20:59:16.830+0000] {logging_mixin.py:154} INFO - [2023-11-22T20:59:16.830+0000] {dag.py:3722} INFO - Setting next_dagrun for latest_only to 2023-11-22T16:59:16.830199+00:00, run_after=2023-11-22T20:59:16.830199+00:00
[2023-11-22T20:59:16.851+0000] {processor.py:179} INFO - Processing /home/airflow/.local/lib/python3.8/site-packages/airflow/example_dags/example_latest_only.py took 0.078 seconds
[2023-11-22T20:59:47.957+0000] {processor.py:157} INFO - Started process (PID=1385) to work on /home/airflow/.local/lib/python3.8/site-packages/airflow/example_dags/example_latest_only.py
[2023-11-22T20:59:47.958+0000] {processor.py:829} INFO - Processing file /home/airflow/.local/lib/python3.8/site-packages/airflow/example_dags/example_latest_only.py for tasks to queue
[2023-11-22T20:59:47.961+0000] {logging_mixin.py:154} INFO - [2023-11-22T20:59:47.960+0000] {dagbag.py:536} INFO - Filling up the DagBag from /home/airflow/.local/lib/python3.8/site-packages/airflow/example_dags/example_latest_only.py
[2023-11-22T20:59:47.966+0000] {processor.py:839} INFO - DAG(s) dict_keys(['latest_only']) retrieved from /home/airflow/.local/lib/python3.8/site-packages/airflow/example_dags/example_latest_only.py
[2023-11-22T20:59:47.986+0000] {logging_mixin.py:154} INFO - [2023-11-22T20:59:47.986+0000] {dag.py:2941} INFO - Sync 1 DAGs
[2023-11-22T20:59:48.156+0000] {logging_mixin.py:154} INFO - [2023-11-22T20:59:48.156+0000] {dag.py:3722} INFO - Setting next_dagrun for latest_only to 2023-11-22T16:59:48.156262+00:00, run_after=2023-11-22T20:59:48.156262+00:00
[2023-11-22T20:59:48.188+0000] {processor.py:179} INFO - Processing /home/airflow/.local/lib/python3.8/site-packages/airflow/example_dags/example_latest_only.py took 0.234 seconds
[2023-11-22T21:00:19.005+0000] {processor.py:157} INFO - Started process (PID=1441) to work on /home/airflow/.local/lib/python3.8/site-packages/airflow/example_dags/example_latest_only.py
[2023-11-22T21:00:19.007+0000] {processor.py:829} INFO - Processing file /home/airflow/.local/lib/python3.8/site-packages/airflow/example_dags/example_latest_only.py for tasks to queue
[2023-11-22T21:00:19.010+0000] {logging_mixin.py:154} INFO - [2023-11-22T21:00:19.010+0000] {dagbag.py:536} INFO - Filling up the DagBag from /home/airflow/.local/lib/python3.8/site-packages/airflow/example_dags/example_latest_only.py
[2023-11-22T21:00:19.019+0000] {processor.py:839} INFO - DAG(s) dict_keys(['latest_only']) retrieved from /home/airflow/.local/lib/python3.8/site-packages/airflow/example_dags/example_latest_only.py
[2023-11-22T21:00:19.041+0000] {logging_mixin.py:154} INFO - [2023-11-22T21:00:19.041+0000] {dag.py:2941} INFO - Sync 1 DAGs
[2023-11-22T21:00:19.066+0000] {logging_mixin.py:154} INFO - [2023-11-22T21:00:19.066+0000] {dag.py:3722} INFO - Setting next_dagrun for latest_only to 2023-11-22T17:00:19.065773+00:00, run_after=2023-11-22T21:00:19.065773+00:00
[2023-11-22T21:00:19.251+0000] {processor.py:179} INFO - Processing /home/airflow/.local/lib/python3.8/site-packages/airflow/example_dags/example_latest_only.py took 0.249 seconds
[2023-11-22T21:00:49.622+0000] {processor.py:157} INFO - Started process (PID=1500) to work on /home/airflow/.local/lib/python3.8/site-packages/airflow/example_dags/example_latest_only.py
[2023-11-22T21:00:49.624+0000] {processor.py:829} INFO - Processing file /home/airflow/.local/lib/python3.8/site-packages/airflow/example_dags/example_latest_only.py for tasks to queue
[2023-11-22T21:00:49.627+0000] {logging_mixin.py:154} INFO - [2023-11-22T21:00:49.626+0000] {dagbag.py:536} INFO - Filling up the DagBag from /home/airflow/.local/lib/python3.8/site-packages/airflow/example_dags/example_latest_only.py
[2023-11-22T21:00:49.634+0000] {processor.py:839} INFO - DAG(s) dict_keys(['latest_only']) retrieved from /home/airflow/.local/lib/python3.8/site-packages/airflow/example_dags/example_latest_only.py
[2023-11-22T21:00:49.656+0000] {logging_mixin.py:154} INFO - [2023-11-22T21:00:49.655+0000] {dag.py:2941} INFO - Sync 1 DAGs
[2023-11-22T21:00:49.679+0000] {logging_mixin.py:154} INFO - [2023-11-22T21:00:49.679+0000] {dag.py:3722} INFO - Setting next_dagrun for latest_only to 2023-11-22T17:00:49.679002+00:00, run_after=2023-11-22T21:00:49.679002+00:00
[2023-11-22T21:00:49.707+0000] {processor.py:179} INFO - Processing /home/airflow/.local/lib/python3.8/site-packages/airflow/example_dags/example_latest_only.py took 0.090 seconds
[2023-11-22T21:01:20.755+0000] {processor.py:157} INFO - Started process (PID=1554) to work on /home/airflow/.local/lib/python3.8/site-packages/airflow/example_dags/example_latest_only.py
[2023-11-22T21:01:20.756+0000] {processor.py:829} INFO - Processing file /home/airflow/.local/lib/python3.8/site-packages/airflow/example_dags/example_latest_only.py for tasks to queue
[2023-11-22T21:01:20.759+0000] {logging_mixin.py:154} INFO - [2023-11-22T21:01:20.759+0000] {dagbag.py:536} INFO - Filling up the DagBag from /home/airflow/.local/lib/python3.8/site-packages/airflow/example_dags/example_latest_only.py
[2023-11-22T21:01:20.766+0000] {processor.py:839} INFO - DAG(s) dict_keys(['latest_only']) retrieved from /home/airflow/.local/lib/python3.8/site-packages/airflow/example_dags/example_latest_only.py
[2023-11-22T21:01:20.788+0000] {logging_mixin.py:154} INFO - [2023-11-22T21:01:20.788+0000] {dag.py:2941} INFO - Sync 1 DAGs
[2023-11-22T21:01:20.941+0000] {logging_mixin.py:154} INFO - [2023-11-22T21:01:20.941+0000] {dag.py:3722} INFO - Setting next_dagrun for latest_only to 2023-11-22T17:01:20.941005+00:00, run_after=2023-11-22T21:01:20.941005+00:00
[2023-11-22T21:01:20.961+0000] {processor.py:179} INFO - Processing /home/airflow/.local/lib/python3.8/site-packages/airflow/example_dags/example_latest_only.py took 0.210 seconds
[2023-11-22T21:01:51.186+0000] {processor.py:157} INFO - Started process (PID=1608) to work on /home/airflow/.local/lib/python3.8/site-packages/airflow/example_dags/example_latest_only.py
[2023-11-22T21:01:51.188+0000] {processor.py:829} INFO - Processing file /home/airflow/.local/lib/python3.8/site-packages/airflow/example_dags/example_latest_only.py for tasks to queue
[2023-11-22T21:01:51.191+0000] {logging_mixin.py:154} INFO - [2023-11-22T21:01:51.191+0000] {dagbag.py:536} INFO - Filling up the DagBag from /home/airflow/.local/lib/python3.8/site-packages/airflow/example_dags/example_latest_only.py
[2023-11-22T21:01:51.198+0000] {processor.py:839} INFO - DAG(s) dict_keys(['latest_only']) retrieved from /home/airflow/.local/lib/python3.8/site-packages/airflow/example_dags/example_latest_only.py
[2023-11-22T21:01:51.226+0000] {logging_mixin.py:154} INFO - [2023-11-22T21:01:51.225+0000] {dag.py:2941} INFO - Sync 1 DAGs
[2023-11-22T21:01:51.256+0000] {logging_mixin.py:154} INFO - [2023-11-22T21:01:51.256+0000] {dag.py:3722} INFO - Setting next_dagrun for latest_only to 2023-11-22T17:01:51.255917+00:00, run_after=2023-11-22T21:01:51.255917+00:00
[2023-11-22T21:01:51.417+0000] {processor.py:179} INFO - Processing /home/airflow/.local/lib/python3.8/site-packages/airflow/example_dags/example_latest_only.py took 0.234 seconds
[2023-11-22T21:02:21.888+0000] {processor.py:157} INFO - Started process (PID=1663) to work on /home/airflow/.local/lib/python3.8/site-packages/airflow/example_dags/example_latest_only.py
[2023-11-22T21:02:21.889+0000] {processor.py:829} INFO - Processing file /home/airflow/.local/lib/python3.8/site-packages/airflow/example_dags/example_latest_only.py for tasks to queue
[2023-11-22T21:02:21.892+0000] {logging_mixin.py:154} INFO - [2023-11-22T21:02:21.892+0000] {dagbag.py:536} INFO - Filling up the DagBag from /home/airflow/.local/lib/python3.8/site-packages/airflow/example_dags/example_latest_only.py
[2023-11-22T21:02:21.899+0000] {processor.py:839} INFO - DAG(s) dict_keys(['latest_only']) retrieved from /home/airflow/.local/lib/python3.8/site-packages/airflow/example_dags/example_latest_only.py
[2023-11-22T21:02:21.922+0000] {logging_mixin.py:154} INFO - [2023-11-22T21:02:21.922+0000] {dag.py:2941} INFO - Sync 1 DAGs
[2023-11-22T21:02:21.949+0000] {logging_mixin.py:154} INFO - [2023-11-22T21:02:21.949+0000] {dag.py:3722} INFO - Setting next_dagrun for latest_only to 2023-11-22T17:02:21.949041+00:00, run_after=2023-11-22T21:02:21.949041+00:00
[2023-11-22T21:02:21.971+0000] {processor.py:179} INFO - Processing /home/airflow/.local/lib/python3.8/site-packages/airflow/example_dags/example_latest_only.py took 0.088 seconds
[2023-11-22T21:02:52.698+0000] {processor.py:157} INFO - Started process (PID=1717) to work on /home/airflow/.local/lib/python3.8/site-packages/airflow/example_dags/example_latest_only.py
[2023-11-22T21:02:52.699+0000] {processor.py:829} INFO - Processing file /home/airflow/.local/lib/python3.8/site-packages/airflow/example_dags/example_latest_only.py for tasks to queue
[2023-11-22T21:02:52.702+0000] {logging_mixin.py:154} INFO - [2023-11-22T21:02:52.701+0000] {dagbag.py:536} INFO - Filling up the DagBag from /home/airflow/.local/lib/python3.8/site-packages/airflow/example_dags/example_latest_only.py
[2023-11-22T21:02:52.708+0000] {processor.py:839} INFO - DAG(s) dict_keys(['latest_only']) retrieved from /home/airflow/.local/lib/python3.8/site-packages/airflow/example_dags/example_latest_only.py
[2023-11-22T21:02:52.730+0000] {logging_mixin.py:154} INFO - [2023-11-22T21:02:52.730+0000] {dag.py:2941} INFO - Sync 1 DAGs
[2023-11-22T21:02:52.897+0000] {logging_mixin.py:154} INFO - [2023-11-22T21:02:52.896+0000] {dag.py:3722} INFO - Setting next_dagrun for latest_only to 2023-11-22T17:02:52.896367+00:00, run_after=2023-11-22T21:02:52.896367+00:00
[2023-11-22T21:02:52.925+0000] {processor.py:179} INFO - Processing /home/airflow/.local/lib/python3.8/site-packages/airflow/example_dags/example_latest_only.py took 0.230 seconds
[2023-11-22T21:03:23.387+0000] {processor.py:157} INFO - Started process (PID=1771) to work on /home/airflow/.local/lib/python3.8/site-packages/airflow/example_dags/example_latest_only.py
[2023-11-22T21:03:23.388+0000] {processor.py:829} INFO - Processing file /home/airflow/.local/lib/python3.8/site-packages/airflow/example_dags/example_latest_only.py for tasks to queue
[2023-11-22T21:03:23.391+0000] {logging_mixin.py:154} INFO - [2023-11-22T21:03:23.391+0000] {dagbag.py:536} INFO - Filling up the DagBag from /home/airflow/.local/lib/python3.8/site-packages/airflow/example_dags/example_latest_only.py
[2023-11-22T21:03:23.401+0000] {processor.py:839} INFO - DAG(s) dict_keys(['latest_only']) retrieved from /home/airflow/.local/lib/python3.8/site-packages/airflow/example_dags/example_latest_only.py
[2023-11-22T21:03:23.424+0000] {logging_mixin.py:154} INFO - [2023-11-22T21:03:23.424+0000] {dag.py:2941} INFO - Sync 1 DAGs
[2023-11-22T21:03:23.450+0000] {logging_mixin.py:154} INFO - [2023-11-22T21:03:23.449+0000] {dag.py:3722} INFO - Setting next_dagrun for latest_only to 2023-11-22T17:03:23.449600+00:00, run_after=2023-11-22T21:03:23.449600+00:00
[2023-11-22T21:03:23.474+0000] {processor.py:179} INFO - Processing /home/airflow/.local/lib/python3.8/site-packages/airflow/example_dags/example_latest_only.py took 0.090 seconds
[2023-11-22T21:03:53.679+0000] {processor.py:157} INFO - Started process (PID=1825) to work on /home/airflow/.local/lib/python3.8/site-packages/airflow/example_dags/example_latest_only.py
[2023-11-22T21:03:53.680+0000] {processor.py:829} INFO - Processing file /home/airflow/.local/lib/python3.8/site-packages/airflow/example_dags/example_latest_only.py for tasks to queue
[2023-11-22T21:03:53.683+0000] {logging_mixin.py:154} INFO - [2023-11-22T21:03:53.683+0000] {dagbag.py:536} INFO - Filling up the DagBag from /home/airflow/.local/lib/python3.8/site-packages/airflow/example_dags/example_latest_only.py
[2023-11-22T21:03:53.688+0000] {processor.py:839} INFO - DAG(s) dict_keys(['latest_only']) retrieved from /home/airflow/.local/lib/python3.8/site-packages/airflow/example_dags/example_latest_only.py
[2023-11-22T21:03:53.710+0000] {logging_mixin.py:154} INFO - [2023-11-22T21:03:53.710+0000] {dag.py:2941} INFO - Sync 1 DAGs
[2023-11-22T21:03:53.731+0000] {logging_mixin.py:154} INFO - [2023-11-22T21:03:53.731+0000] {dag.py:3722} INFO - Setting next_dagrun for latest_only to 2023-11-22T17:03:53.731447+00:00, run_after=2023-11-22T21:03:53.731447+00:00
[2023-11-22T21:03:53.750+0000] {processor.py:179} INFO - Processing /home/airflow/.local/lib/python3.8/site-packages/airflow/example_dags/example_latest_only.py took 0.075 seconds
[2023-11-22T21:04:23.881+0000] {processor.py:157} INFO - Started process (PID=1879) to work on /home/airflow/.local/lib/python3.8/site-packages/airflow/example_dags/example_latest_only.py
[2023-11-22T21:04:23.882+0000] {processor.py:829} INFO - Processing file /home/airflow/.local/lib/python3.8/site-packages/airflow/example_dags/example_latest_only.py for tasks to queue
[2023-11-22T21:04:23.886+0000] {logging_mixin.py:154} INFO - [2023-11-22T21:04:23.885+0000] {dagbag.py:536} INFO - Filling up the DagBag from /home/airflow/.local/lib/python3.8/site-packages/airflow/example_dags/example_latest_only.py
[2023-11-22T21:04:23.892+0000] {processor.py:839} INFO - DAG(s) dict_keys(['latest_only']) retrieved from /home/airflow/.local/lib/python3.8/site-packages/airflow/example_dags/example_latest_only.py
[2023-11-22T21:04:23.911+0000] {logging_mixin.py:154} INFO - [2023-11-22T21:04:23.911+0000] {dag.py:2941} INFO - Sync 1 DAGs
[2023-11-22T21:04:23.933+0000] {logging_mixin.py:154} INFO - [2023-11-22T21:04:23.933+0000] {dag.py:3722} INFO - Setting next_dagrun for latest_only to 2023-11-22T17:04:23.932788+00:00, run_after=2023-11-22T21:04:23.932788+00:00
[2023-11-22T21:04:23.954+0000] {processor.py:179} INFO - Processing /home/airflow/.local/lib/python3.8/site-packages/airflow/example_dags/example_latest_only.py took 0.077 seconds
[2023-11-22T21:04:54.080+0000] {processor.py:157} INFO - Started process (PID=1933) to work on /home/airflow/.local/lib/python3.8/site-packages/airflow/example_dags/example_latest_only.py
[2023-11-22T21:04:54.082+0000] {processor.py:829} INFO - Processing file /home/airflow/.local/lib/python3.8/site-packages/airflow/example_dags/example_latest_only.py for tasks to queue
[2023-11-22T21:04:54.084+0000] {logging_mixin.py:154} INFO - [2023-11-22T21:04:54.084+0000] {dagbag.py:536} INFO - Filling up the DagBag from /home/airflow/.local/lib/python3.8/site-packages/airflow/example_dags/example_latest_only.py
[2023-11-22T21:04:54.090+0000] {processor.py:839} INFO - DAG(s) dict_keys(['latest_only']) retrieved from /home/airflow/.local/lib/python3.8/site-packages/airflow/example_dags/example_latest_only.py
[2023-11-22T21:04:54.111+0000] {logging_mixin.py:154} INFO - [2023-11-22T21:04:54.110+0000] {dag.py:2941} INFO - Sync 1 DAGs
[2023-11-22T21:04:54.134+0000] {logging_mixin.py:154} INFO - [2023-11-22T21:04:54.134+0000] {dag.py:3722} INFO - Setting next_dagrun for latest_only to 2023-11-22T17:04:54.133878+00:00, run_after=2023-11-22T21:04:54.133878+00:00
[2023-11-22T21:04:54.158+0000] {processor.py:179} INFO - Processing /home/airflow/.local/lib/python3.8/site-packages/airflow/example_dags/example_latest_only.py took 0.081 seconds
[2023-11-22T21:05:25.180+0000] {processor.py:157} INFO - Started process (PID=1987) to work on /home/airflow/.local/lib/python3.8/site-packages/airflow/example_dags/example_latest_only.py
[2023-11-22T21:05:25.181+0000] {processor.py:829} INFO - Processing file /home/airflow/.local/lib/python3.8/site-packages/airflow/example_dags/example_latest_only.py for tasks to queue
[2023-11-22T21:05:25.184+0000] {logging_mixin.py:154} INFO - [2023-11-22T21:05:25.184+0000] {dagbag.py:536} INFO - Filling up the DagBag from /home/airflow/.local/lib/python3.8/site-packages/airflow/example_dags/example_latest_only.py
[2023-11-22T21:05:25.189+0000] {processor.py:839} INFO - DAG(s) dict_keys(['latest_only']) retrieved from /home/airflow/.local/lib/python3.8/site-packages/airflow/example_dags/example_latest_only.py
[2023-11-22T21:05:25.210+0000] {logging_mixin.py:154} INFO - [2023-11-22T21:05:25.209+0000] {dag.py:2941} INFO - Sync 1 DAGs
[2023-11-22T21:05:25.231+0000] {logging_mixin.py:154} INFO - [2023-11-22T21:05:25.231+0000] {dag.py:3722} INFO - Setting next_dagrun for latest_only to 2023-11-22T17:05:25.231180+00:00, run_after=2023-11-22T21:05:25.231180+00:00
[2023-11-22T21:05:25.251+0000] {processor.py:179} INFO - Processing /home/airflow/.local/lib/python3.8/site-packages/airflow/example_dags/example_latest_only.py took 0.074 seconds
[2023-11-22T21:05:55.556+0000] {processor.py:157} INFO - Started process (PID=2041) to work on /home/airflow/.local/lib/python3.8/site-packages/airflow/example_dags/example_latest_only.py
[2023-11-22T21:05:55.557+0000] {processor.py:829} INFO - Processing file /home/airflow/.local/lib/python3.8/site-packages/airflow/example_dags/example_latest_only.py for tasks to queue
[2023-11-22T21:05:55.560+0000] {logging_mixin.py:154} INFO - [2023-11-22T21:05:55.560+0000] {dagbag.py:536} INFO - Filling up the DagBag from /home/airflow/.local/lib/python3.8/site-packages/airflow/example_dags/example_latest_only.py
[2023-11-22T21:05:55.566+0000] {processor.py:839} INFO - DAG(s) dict_keys(['latest_only']) retrieved from /home/airflow/.local/lib/python3.8/site-packages/airflow/example_dags/example_latest_only.py
[2023-11-22T21:05:55.588+0000] {logging_mixin.py:154} INFO - [2023-11-22T21:05:55.588+0000] {dag.py:2941} INFO - Sync 1 DAGs
[2023-11-22T21:05:55.613+0000] {logging_mixin.py:154} INFO - [2023-11-22T21:05:55.612+0000] {dag.py:3722} INFO - Setting next_dagrun for latest_only to 2023-11-22T17:05:55.612669+00:00, run_after=2023-11-22T21:05:55.612669+00:00
[2023-11-22T21:05:55.633+0000] {processor.py:179} INFO - Processing /home/airflow/.local/lib/python3.8/site-packages/airflow/example_dags/example_latest_only.py took 0.080 seconds
[2023-11-22T21:06:26.143+0000] {processor.py:157} INFO - Started process (PID=2096) to work on /home/airflow/.local/lib/python3.8/site-packages/airflow/example_dags/example_latest_only.py
[2023-11-22T21:06:26.145+0000] {processor.py:829} INFO - Processing file /home/airflow/.local/lib/python3.8/site-packages/airflow/example_dags/example_latest_only.py for tasks to queue
[2023-11-22T21:06:26.147+0000] {logging_mixin.py:154} INFO - [2023-11-22T21:06:26.147+0000] {dagbag.py:536} INFO - Filling up the DagBag from /home/airflow/.local/lib/python3.8/site-packages/airflow/example_dags/example_latest_only.py
[2023-11-22T21:06:26.153+0000] {processor.py:839} INFO - DAG(s) dict_keys(['latest_only']) retrieved from /home/airflow/.local/lib/python3.8/site-packages/airflow/example_dags/example_latest_only.py
[2023-11-22T21:06:26.174+0000] {logging_mixin.py:154} INFO - [2023-11-22T21:06:26.174+0000] {dag.py:2941} INFO - Sync 1 DAGs
[2023-11-22T21:06:26.197+0000] {logging_mixin.py:154} INFO - [2023-11-22T21:06:26.197+0000] {dag.py:3722} INFO - Setting next_dagrun for latest_only to 2023-11-22T17:06:26.197452+00:00, run_after=2023-11-22T21:06:26.197452+00:00
[2023-11-22T21:06:26.221+0000] {processor.py:179} INFO - Processing /home/airflow/.local/lib/python3.8/site-packages/airflow/example_dags/example_latest_only.py took 0.080 seconds
[2023-11-22T21:06:56.314+0000] {processor.py:157} INFO - Started process (PID=2149) to work on /home/airflow/.local/lib/python3.8/site-packages/airflow/example_dags/example_latest_only.py
[2023-11-22T21:06:56.315+0000] {processor.py:829} INFO - Processing file /home/airflow/.local/lib/python3.8/site-packages/airflow/example_dags/example_latest_only.py for tasks to queue
[2023-11-22T21:06:56.318+0000] {logging_mixin.py:154} INFO - [2023-11-22T21:06:56.318+0000] {dagbag.py:536} INFO - Filling up the DagBag from /home/airflow/.local/lib/python3.8/site-packages/airflow/example_dags/example_latest_only.py
[2023-11-22T21:06:56.323+0000] {processor.py:839} INFO - DAG(s) dict_keys(['latest_only']) retrieved from /home/airflow/.local/lib/python3.8/site-packages/airflow/example_dags/example_latest_only.py
[2023-11-22T21:06:56.349+0000] {logging_mixin.py:154} INFO - [2023-11-22T21:06:56.348+0000] {dag.py:2941} INFO - Sync 1 DAGs
[2023-11-22T21:06:56.372+0000] {logging_mixin.py:154} INFO - [2023-11-22T21:06:56.372+0000] {dag.py:3722} INFO - Setting next_dagrun for latest_only to 2023-11-22T17:06:56.372441+00:00, run_after=2023-11-22T21:06:56.372441+00:00
[2023-11-22T21:06:56.394+0000] {processor.py:179} INFO - Processing /home/airflow/.local/lib/python3.8/site-packages/airflow/example_dags/example_latest_only.py took 0.083 seconds
[2023-11-22T21:07:26.532+0000] {processor.py:157} INFO - Started process (PID=2203) to work on /home/airflow/.local/lib/python3.8/site-packages/airflow/example_dags/example_latest_only.py
[2023-11-22T21:07:26.535+0000] {processor.py:829} INFO - Processing file /home/airflow/.local/lib/python3.8/site-packages/airflow/example_dags/example_latest_only.py for tasks to queue
[2023-11-22T21:07:26.538+0000] {logging_mixin.py:154} INFO - [2023-11-22T21:07:26.538+0000] {dagbag.py:536} INFO - Filling up the DagBag from /home/airflow/.local/lib/python3.8/site-packages/airflow/example_dags/example_latest_only.py
[2023-11-22T21:07:26.546+0000] {processor.py:839} INFO - DAG(s) dict_keys(['latest_only']) retrieved from /home/airflow/.local/lib/python3.8/site-packages/airflow/example_dags/example_latest_only.py
[2023-11-22T21:07:26.573+0000] {logging_mixin.py:154} INFO - [2023-11-22T21:07:26.572+0000] {dag.py:2941} INFO - Sync 1 DAGs
[2023-11-22T21:07:26.601+0000] {logging_mixin.py:154} INFO - [2023-11-22T21:07:26.601+0000] {dag.py:3722} INFO - Setting next_dagrun for latest_only to 2023-11-22T17:07:26.600934+00:00, run_after=2023-11-22T21:07:26.600934+00:00
[2023-11-22T21:07:26.630+0000] {processor.py:179} INFO - Processing /home/airflow/.local/lib/python3.8/site-packages/airflow/example_dags/example_latest_only.py took 0.102 seconds
[2023-11-22T21:07:56.861+0000] {processor.py:157} INFO - Started process (PID=2257) to work on /home/airflow/.local/lib/python3.8/site-packages/airflow/example_dags/example_latest_only.py
[2023-11-22T21:07:56.863+0000] {processor.py:829} INFO - Processing file /home/airflow/.local/lib/python3.8/site-packages/airflow/example_dags/example_latest_only.py for tasks to queue
[2023-11-22T21:07:56.866+0000] {logging_mixin.py:154} INFO - [2023-11-22T21:07:56.865+0000] {dagbag.py:536} INFO - Filling up the DagBag from /home/airflow/.local/lib/python3.8/site-packages/airflow/example_dags/example_latest_only.py
[2023-11-22T21:07:56.872+0000] {processor.py:839} INFO - DAG(s) dict_keys(['latest_only']) retrieved from /home/airflow/.local/lib/python3.8/site-packages/airflow/example_dags/example_latest_only.py
[2023-11-22T21:07:56.893+0000] {logging_mixin.py:154} INFO - [2023-11-22T21:07:56.893+0000] {dag.py:2941} INFO - Sync 1 DAGs
[2023-11-22T21:07:56.915+0000] {logging_mixin.py:154} INFO - [2023-11-22T21:07:56.914+0000] {dag.py:3722} INFO - Setting next_dagrun for latest_only to 2023-11-22T17:07:56.914625+00:00, run_after=2023-11-22T21:07:56.914625+00:00
[2023-11-22T21:07:56.937+0000] {processor.py:179} INFO - Processing /home/airflow/.local/lib/python3.8/site-packages/airflow/example_dags/example_latest_only.py took 0.080 seconds
[2023-11-22T21:08:27.041+0000] {processor.py:157} INFO - Started process (PID=2310) to work on /home/airflow/.local/lib/python3.8/site-packages/airflow/example_dags/example_latest_only.py
[2023-11-22T21:08:27.042+0000] {processor.py:829} INFO - Processing file /home/airflow/.local/lib/python3.8/site-packages/airflow/example_dags/example_latest_only.py for tasks to queue
[2023-11-22T21:08:27.046+0000] {logging_mixin.py:154} INFO - [2023-11-22T21:08:27.046+0000] {dagbag.py:536} INFO - Filling up the DagBag from /home/airflow/.local/lib/python3.8/site-packages/airflow/example_dags/example_latest_only.py
[2023-11-22T21:08:27.053+0000] {processor.py:839} INFO - DAG(s) dict_keys(['latest_only']) retrieved from /home/airflow/.local/lib/python3.8/site-packages/airflow/example_dags/example_latest_only.py
[2023-11-22T21:08:27.077+0000] {logging_mixin.py:154} INFO - [2023-11-22T21:08:27.077+0000] {dag.py:2941} INFO - Sync 1 DAGs
[2023-11-22T21:08:27.105+0000] {logging_mixin.py:154} INFO - [2023-11-22T21:08:27.105+0000] {dag.py:3722} INFO - Setting next_dagrun for latest_only to 2023-11-22T17:08:27.105076+00:00, run_after=2023-11-22T21:08:27.105076+00:00
[2023-11-22T21:08:27.129+0000] {processor.py:179} INFO - Processing /home/airflow/.local/lib/python3.8/site-packages/airflow/example_dags/example_latest_only.py took 0.093 seconds
[2023-11-22T21:08:57.732+0000] {processor.py:157} INFO - Started process (PID=2365) to work on /home/airflow/.local/lib/python3.8/site-packages/airflow/example_dags/example_latest_only.py
[2023-11-22T21:08:57.733+0000] {processor.py:829} INFO - Processing file /home/airflow/.local/lib/python3.8/site-packages/airflow/example_dags/example_latest_only.py for tasks to queue
[2023-11-22T21:08:57.736+0000] {logging_mixin.py:154} INFO - [2023-11-22T21:08:57.736+0000] {dagbag.py:536} INFO - Filling up the DagBag from /home/airflow/.local/lib/python3.8/site-packages/airflow/example_dags/example_latest_only.py
[2023-11-22T21:08:57.742+0000] {processor.py:839} INFO - DAG(s) dict_keys(['latest_only']) retrieved from /home/airflow/.local/lib/python3.8/site-packages/airflow/example_dags/example_latest_only.py
[2023-11-22T21:08:57.765+0000] {logging_mixin.py:154} INFO - [2023-11-22T21:08:57.765+0000] {dag.py:2941} INFO - Sync 1 DAGs
[2023-11-22T21:08:57.790+0000] {logging_mixin.py:154} INFO - [2023-11-22T21:08:57.789+0000] {dag.py:3722} INFO - Setting next_dagrun for latest_only to 2023-11-22T17:08:57.789502+00:00, run_after=2023-11-22T21:08:57.789502+00:00
[2023-11-22T21:08:57.815+0000] {processor.py:179} INFO - Processing /home/airflow/.local/lib/python3.8/site-packages/airflow/example_dags/example_latest_only.py took 0.086 seconds
[2023-11-22T21:09:28.073+0000] {processor.py:157} INFO - Started process (PID=2419) to work on /home/airflow/.local/lib/python3.8/site-packages/airflow/example_dags/example_latest_only.py
[2023-11-22T21:09:28.074+0000] {processor.py:829} INFO - Processing file /home/airflow/.local/lib/python3.8/site-packages/airflow/example_dags/example_latest_only.py for tasks to queue
[2023-11-22T21:09:28.078+0000] {logging_mixin.py:154} INFO - [2023-11-22T21:09:28.077+0000] {dagbag.py:536} INFO - Filling up the DagBag from /home/airflow/.local/lib/python3.8/site-packages/airflow/example_dags/example_latest_only.py
[2023-11-22T21:09:28.084+0000] {processor.py:839} INFO - DAG(s) dict_keys(['latest_only']) retrieved from /home/airflow/.local/lib/python3.8/site-packages/airflow/example_dags/example_latest_only.py
[2023-11-22T21:09:28.106+0000] {logging_mixin.py:154} INFO - [2023-11-22T21:09:28.106+0000] {dag.py:2941} INFO - Sync 1 DAGs
[2023-11-22T21:09:28.127+0000] {logging_mixin.py:154} INFO - [2023-11-22T21:09:28.127+0000] {dag.py:3722} INFO - Setting next_dagrun for latest_only to 2023-11-22T17:09:28.127565+00:00, run_after=2023-11-22T21:09:28.127565+00:00
[2023-11-22T21:09:28.147+0000] {processor.py:179} INFO - Processing /home/airflow/.local/lib/python3.8/site-packages/airflow/example_dags/example_latest_only.py took 0.078 seconds
[2023-11-22T21:09:58.324+0000] {processor.py:157} INFO - Started process (PID=2473) to work on /home/airflow/.local/lib/python3.8/site-packages/airflow/example_dags/example_latest_only.py
[2023-11-22T21:09:58.326+0000] {processor.py:829} INFO - Processing file /home/airflow/.local/lib/python3.8/site-packages/airflow/example_dags/example_latest_only.py for tasks to queue
[2023-11-22T21:09:58.330+0000] {logging_mixin.py:154} INFO - [2023-11-22T21:09:58.329+0000] {dagbag.py:536} INFO - Filling up the DagBag from /home/airflow/.local/lib/python3.8/site-packages/airflow/example_dags/example_latest_only.py
[2023-11-22T21:09:58.341+0000] {processor.py:839} INFO - DAG(s) dict_keys(['latest_only']) retrieved from /home/airflow/.local/lib/python3.8/site-packages/airflow/example_dags/example_latest_only.py
[2023-11-22T21:09:58.366+0000] {logging_mixin.py:154} INFO - [2023-11-22T21:09:58.365+0000] {dag.py:2941} INFO - Sync 1 DAGs
[2023-11-22T21:09:58.390+0000] {logging_mixin.py:154} INFO - [2023-11-22T21:09:58.390+0000] {dag.py:3722} INFO - Setting next_dagrun for latest_only to 2023-11-22T17:09:58.389727+00:00, run_after=2023-11-22T21:09:58.389727+00:00
[2023-11-22T21:09:58.410+0000] {processor.py:179} INFO - Processing /home/airflow/.local/lib/python3.8/site-packages/airflow/example_dags/example_latest_only.py took 0.091 seconds
[2023-11-22T21:10:28.780+0000] {processor.py:157} INFO - Started process (PID=2527) to work on /home/airflow/.local/lib/python3.8/site-packages/airflow/example_dags/example_latest_only.py
[2023-11-22T21:10:28.782+0000] {processor.py:829} INFO - Processing file /home/airflow/.local/lib/python3.8/site-packages/airflow/example_dags/example_latest_only.py for tasks to queue
[2023-11-22T21:10:28.785+0000] {logging_mixin.py:154} INFO - [2023-11-22T21:10:28.784+0000] {dagbag.py:536} INFO - Filling up the DagBag from /home/airflow/.local/lib/python3.8/site-packages/airflow/example_dags/example_latest_only.py
[2023-11-22T21:10:28.790+0000] {processor.py:839} INFO - DAG(s) dict_keys(['latest_only']) retrieved from /home/airflow/.local/lib/python3.8/site-packages/airflow/example_dags/example_latest_only.py
[2023-11-22T21:10:28.811+0000] {logging_mixin.py:154} INFO - [2023-11-22T21:10:28.811+0000] {dag.py:2941} INFO - Sync 1 DAGs
[2023-11-22T21:10:28.833+0000] {logging_mixin.py:154} INFO - [2023-11-22T21:10:28.833+0000] {dag.py:3722} INFO - Setting next_dagrun for latest_only to 2023-11-22T17:10:28.833260+00:00, run_after=2023-11-22T21:10:28.833260+00:00
[2023-11-22T21:10:28.856+0000] {processor.py:179} INFO - Processing /home/airflow/.local/lib/python3.8/site-packages/airflow/example_dags/example_latest_only.py took 0.080 seconds
[2023-11-22T21:10:59.238+0000] {processor.py:157} INFO - Started process (PID=2581) to work on /home/airflow/.local/lib/python3.8/site-packages/airflow/example_dags/example_latest_only.py
[2023-11-22T21:10:59.240+0000] {processor.py:829} INFO - Processing file /home/airflow/.local/lib/python3.8/site-packages/airflow/example_dags/example_latest_only.py for tasks to queue
[2023-11-22T21:10:59.242+0000] {logging_mixin.py:154} INFO - [2023-11-22T21:10:59.242+0000] {dagbag.py:536} INFO - Filling up the DagBag from /home/airflow/.local/lib/python3.8/site-packages/airflow/example_dags/example_latest_only.py
[2023-11-22T21:10:59.248+0000] {processor.py:839} INFO - DAG(s) dict_keys(['latest_only']) retrieved from /home/airflow/.local/lib/python3.8/site-packages/airflow/example_dags/example_latest_only.py
[2023-11-22T21:10:59.271+0000] {logging_mixin.py:154} INFO - [2023-11-22T21:10:59.271+0000] {dag.py:2941} INFO - Sync 1 DAGs
[2023-11-22T21:10:59.294+0000] {logging_mixin.py:154} INFO - [2023-11-22T21:10:59.294+0000] {dag.py:3722} INFO - Setting next_dagrun for latest_only to 2023-11-22T17:10:59.294545+00:00, run_after=2023-11-22T21:10:59.294545+00:00
[2023-11-22T21:10:59.318+0000] {processor.py:179} INFO - Processing /home/airflow/.local/lib/python3.8/site-packages/airflow/example_dags/example_latest_only.py took 0.083 seconds
[2023-11-22T21:11:30.070+0000] {processor.py:157} INFO - Started process (PID=2635) to work on /home/airflow/.local/lib/python3.8/site-packages/airflow/example_dags/example_latest_only.py
[2023-11-22T21:11:30.072+0000] {processor.py:829} INFO - Processing file /home/airflow/.local/lib/python3.8/site-packages/airflow/example_dags/example_latest_only.py for tasks to queue
[2023-11-22T21:11:30.075+0000] {logging_mixin.py:154} INFO - [2023-11-22T21:11:30.075+0000] {dagbag.py:536} INFO - Filling up the DagBag from /home/airflow/.local/lib/python3.8/site-packages/airflow/example_dags/example_latest_only.py
[2023-11-22T21:11:30.082+0000] {processor.py:839} INFO - DAG(s) dict_keys(['latest_only']) retrieved from /home/airflow/.local/lib/python3.8/site-packages/airflow/example_dags/example_latest_only.py
[2023-11-22T21:11:30.104+0000] {logging_mixin.py:154} INFO - [2023-11-22T21:11:30.103+0000] {dag.py:2941} INFO - Sync 1 DAGs
[2023-11-22T21:11:30.125+0000] {logging_mixin.py:154} INFO - [2023-11-22T21:11:30.125+0000] {dag.py:3722} INFO - Setting next_dagrun for latest_only to 2023-11-22T17:11:30.125591+00:00, run_after=2023-11-22T21:11:30.125591+00:00
[2023-11-22T21:11:30.148+0000] {processor.py:179} INFO - Processing /home/airflow/.local/lib/python3.8/site-packages/airflow/example_dags/example_latest_only.py took 0.084 seconds
