[2023-11-22T20:46:44.645+0000] {processor.py:157} INFO - Started process (PID=49) to work on /home/airflow/.local/lib/python3.8/site-packages/airflow/example_dags/example_dag_decorator.py
[2023-11-22T20:46:44.648+0000] {processor.py:829} INFO - Processing file /home/airflow/.local/lib/python3.8/site-packages/airflow/example_dags/example_dag_decorator.py for tasks to queue
[2023-11-22T20:46:44.660+0000] {logging_mixin.py:154} INFO - [2023-11-22T20:46:44.659+0000] {dagbag.py:536} INFO - Filling up the DagBag from /home/airflow/.local/lib/python3.8/site-packages/airflow/example_dags/example_dag_decorator.py
[2023-11-22T20:46:45.478+0000] {processor.py:839} INFO - DAG(s) dict_keys(['example_dag_decorator']) retrieved from /home/airflow/.local/lib/python3.8/site-packages/airflow/example_dags/example_dag_decorator.py
[2023-11-22T20:46:49.735+0000] {logging_mixin.py:154} INFO - [2023-11-22T20:46:49.735+0000] {dag.py:2941} INFO - Sync 1 DAGs
[2023-11-22T20:46:49.781+0000] {logging_mixin.py:154} INFO - [2023-11-22T20:46:49.780+0000] {dag.py:3722} INFO - Setting next_dagrun for example_dag_decorator to None, run_after=None
[2023-11-22T20:46:49.873+0000] {processor.py:179} INFO - Processing /home/airflow/.local/lib/python3.8/site-packages/airflow/example_dags/example_dag_decorator.py took 5.243 seconds
[2023-11-22T20:47:21.766+0000] {processor.py:157} INFO - Started process (PID=104) to work on /home/airflow/.local/lib/python3.8/site-packages/airflow/example_dags/example_dag_decorator.py
[2023-11-22T20:47:21.775+0000] {processor.py:829} INFO - Processing file /home/airflow/.local/lib/python3.8/site-packages/airflow/example_dags/example_dag_decorator.py for tasks to queue
[2023-11-22T20:47:21.784+0000] {logging_mixin.py:154} INFO - [2023-11-22T20:47:21.782+0000] {dagbag.py:536} INFO - Filling up the DagBag from /home/airflow/.local/lib/python3.8/site-packages/airflow/example_dags/example_dag_decorator.py
[2023-11-22T20:47:22.265+0000] {processor.py:839} INFO - DAG(s) dict_keys(['example_dag_decorator']) retrieved from /home/airflow/.local/lib/python3.8/site-packages/airflow/example_dags/example_dag_decorator.py
[2023-11-22T20:47:23.662+0000] {logging_mixin.py:154} INFO - [2023-11-22T20:47:23.662+0000] {dag.py:2941} INFO - Sync 1 DAGs
[2023-11-22T20:47:23.719+0000] {logging_mixin.py:154} INFO - [2023-11-22T20:47:23.718+0000] {dag.py:3722} INFO - Setting next_dagrun for example_dag_decorator to None, run_after=None
[2023-11-22T20:47:23.861+0000] {processor.py:179} INFO - Processing /home/airflow/.local/lib/python3.8/site-packages/airflow/example_dags/example_dag_decorator.py took 2.109 seconds
[2023-11-22T20:47:54.064+0000] {processor.py:157} INFO - Started process (PID=156) to work on /home/airflow/.local/lib/python3.8/site-packages/airflow/example_dags/example_dag_decorator.py
[2023-11-22T20:47:54.070+0000] {processor.py:829} INFO - Processing file /home/airflow/.local/lib/python3.8/site-packages/airflow/example_dags/example_dag_decorator.py for tasks to queue
[2023-11-22T20:47:54.074+0000] {logging_mixin.py:154} INFO - [2023-11-22T20:47:54.074+0000] {dagbag.py:536} INFO - Filling up the DagBag from /home/airflow/.local/lib/python3.8/site-packages/airflow/example_dags/example_dag_decorator.py
[2023-11-22T20:47:54.164+0000] {processor.py:839} INFO - DAG(s) dict_keys(['example_dag_decorator']) retrieved from /home/airflow/.local/lib/python3.8/site-packages/airflow/example_dags/example_dag_decorator.py
[2023-11-22T20:47:56.902+0000] {logging_mixin.py:154} INFO - [2023-11-22T20:47:56.901+0000] {dag.py:2941} INFO - Sync 1 DAGs
[2023-11-22T20:47:56.919+0000] {logging_mixin.py:154} INFO - [2023-11-22T20:47:56.919+0000] {dag.py:3722} INFO - Setting next_dagrun for example_dag_decorator to None, run_after=None
[2023-11-22T20:47:57.883+0000] {processor.py:179} INFO - Processing /home/airflow/.local/lib/python3.8/site-packages/airflow/example_dags/example_dag_decorator.py took 3.823 seconds
[2023-11-22T20:48:28.851+0000] {processor.py:157} INFO - Started process (PID=210) to work on /home/airflow/.local/lib/python3.8/site-packages/airflow/example_dags/example_dag_decorator.py
[2023-11-22T20:48:28.862+0000] {processor.py:829} INFO - Processing file /home/airflow/.local/lib/python3.8/site-packages/airflow/example_dags/example_dag_decorator.py for tasks to queue
[2023-11-22T20:48:28.865+0000] {logging_mixin.py:154} INFO - [2023-11-22T20:48:28.864+0000] {dagbag.py:536} INFO - Filling up the DagBag from /home/airflow/.local/lib/python3.8/site-packages/airflow/example_dags/example_dag_decorator.py
[2023-11-22T20:48:28.938+0000] {processor.py:839} INFO - DAG(s) dict_keys(['example_dag_decorator']) retrieved from /home/airflow/.local/lib/python3.8/site-packages/airflow/example_dags/example_dag_decorator.py
[2023-11-22T20:48:29.047+0000] {logging_mixin.py:154} INFO - [2023-11-22T20:48:29.047+0000] {dag.py:2941} INFO - Sync 1 DAGs
[2023-11-22T20:48:29.303+0000] {logging_mixin.py:154} INFO - [2023-11-22T20:48:29.303+0000] {dag.py:3722} INFO - Setting next_dagrun for example_dag_decorator to None, run_after=None
[2023-11-22T20:48:29.330+0000] {processor.py:179} INFO - Processing /home/airflow/.local/lib/python3.8/site-packages/airflow/example_dags/example_dag_decorator.py took 0.482 seconds
[2023-11-22T20:48:59.607+0000] {processor.py:157} INFO - Started process (PID=264) to work on /home/airflow/.local/lib/python3.8/site-packages/airflow/example_dags/example_dag_decorator.py
[2023-11-22T20:48:59.611+0000] {processor.py:829} INFO - Processing file /home/airflow/.local/lib/python3.8/site-packages/airflow/example_dags/example_dag_decorator.py for tasks to queue
[2023-11-22T20:48:59.617+0000] {logging_mixin.py:154} INFO - [2023-11-22T20:48:59.616+0000] {dagbag.py:536} INFO - Filling up the DagBag from /home/airflow/.local/lib/python3.8/site-packages/airflow/example_dags/example_dag_decorator.py
[2023-11-22T20:48:59.718+0000] {processor.py:839} INFO - DAG(s) dict_keys(['example_dag_decorator']) retrieved from /home/airflow/.local/lib/python3.8/site-packages/airflow/example_dags/example_dag_decorator.py
[2023-11-22T20:48:59.859+0000] {logging_mixin.py:154} INFO - [2023-11-22T20:48:59.858+0000] {dag.py:2941} INFO - Sync 1 DAGs
[2023-11-22T20:48:59.874+0000] {logging_mixin.py:154} INFO - [2023-11-22T20:48:59.874+0000] {dag.py:3722} INFO - Setting next_dagrun for example_dag_decorator to None, run_after=None
[2023-11-22T20:48:59.905+0000] {processor.py:179} INFO - Processing /home/airflow/.local/lib/python3.8/site-packages/airflow/example_dags/example_dag_decorator.py took 0.302 seconds
[2023-11-22T20:49:30.090+0000] {processor.py:157} INFO - Started process (PID=319) to work on /home/airflow/.local/lib/python3.8/site-packages/airflow/example_dags/example_dag_decorator.py
[2023-11-22T20:49:30.091+0000] {processor.py:829} INFO - Processing file /home/airflow/.local/lib/python3.8/site-packages/airflow/example_dags/example_dag_decorator.py for tasks to queue
[2023-11-22T20:49:30.094+0000] {logging_mixin.py:154} INFO - [2023-11-22T20:49:30.093+0000] {dagbag.py:536} INFO - Filling up the DagBag from /home/airflow/.local/lib/python3.8/site-packages/airflow/example_dags/example_dag_decorator.py
[2023-11-22T20:49:30.189+0000] {processor.py:839} INFO - DAG(s) dict_keys(['example_dag_decorator']) retrieved from /home/airflow/.local/lib/python3.8/site-packages/airflow/example_dags/example_dag_decorator.py
[2023-11-22T20:49:30.494+0000] {logging_mixin.py:154} INFO - [2023-11-22T20:49:30.494+0000] {dag.py:2941} INFO - Sync 1 DAGs
[2023-11-22T20:49:30.506+0000] {logging_mixin.py:154} INFO - [2023-11-22T20:49:30.506+0000] {dag.py:3722} INFO - Setting next_dagrun for example_dag_decorator to None, run_after=None
[2023-11-22T20:49:30.534+0000] {processor.py:179} INFO - Processing /home/airflow/.local/lib/python3.8/site-packages/airflow/example_dags/example_dag_decorator.py took 0.448 seconds
[2023-11-22T20:50:01.051+0000] {processor.py:157} INFO - Started process (PID=372) to work on /home/airflow/.local/lib/python3.8/site-packages/airflow/example_dags/example_dag_decorator.py
[2023-11-22T20:50:01.052+0000] {processor.py:829} INFO - Processing file /home/airflow/.local/lib/python3.8/site-packages/airflow/example_dags/example_dag_decorator.py for tasks to queue
[2023-11-22T20:50:01.055+0000] {logging_mixin.py:154} INFO - [2023-11-22T20:50:01.055+0000] {dagbag.py:536} INFO - Filling up the DagBag from /home/airflow/.local/lib/python3.8/site-packages/airflow/example_dags/example_dag_decorator.py
[2023-11-22T20:50:01.132+0000] {processor.py:839} INFO - DAG(s) dict_keys(['example_dag_decorator']) retrieved from /home/airflow/.local/lib/python3.8/site-packages/airflow/example_dags/example_dag_decorator.py
[2023-11-22T20:50:01.250+0000] {logging_mixin.py:154} INFO - [2023-11-22T20:50:01.250+0000] {dag.py:2941} INFO - Sync 1 DAGs
[2023-11-22T20:50:01.444+0000] {logging_mixin.py:154} INFO - [2023-11-22T20:50:01.443+0000] {dag.py:3722} INFO - Setting next_dagrun for example_dag_decorator to None, run_after=None
[2023-11-22T20:50:01.468+0000] {processor.py:179} INFO - Processing /home/airflow/.local/lib/python3.8/site-packages/airflow/example_dags/example_dag_decorator.py took 0.420 seconds
[2023-11-22T20:50:31.539+0000] {processor.py:157} INFO - Started process (PID=428) to work on /home/airflow/.local/lib/python3.8/site-packages/airflow/example_dags/example_dag_decorator.py
[2023-11-22T20:50:31.541+0000] {processor.py:829} INFO - Processing file /home/airflow/.local/lib/python3.8/site-packages/airflow/example_dags/example_dag_decorator.py for tasks to queue
[2023-11-22T20:50:31.546+0000] {logging_mixin.py:154} INFO - [2023-11-22T20:50:31.545+0000] {dagbag.py:536} INFO - Filling up the DagBag from /home/airflow/.local/lib/python3.8/site-packages/airflow/example_dags/example_dag_decorator.py
[2023-11-22T20:50:31.653+0000] {processor.py:839} INFO - DAG(s) dict_keys(['example_dag_decorator']) retrieved from /home/airflow/.local/lib/python3.8/site-packages/airflow/example_dags/example_dag_decorator.py
[2023-11-22T20:50:31.770+0000] {logging_mixin.py:154} INFO - [2023-11-22T20:50:31.770+0000] {dag.py:2941} INFO - Sync 1 DAGs
[2023-11-22T20:50:31.782+0000] {logging_mixin.py:154} INFO - [2023-11-22T20:50:31.781+0000] {dag.py:3722} INFO - Setting next_dagrun for example_dag_decorator to None, run_after=None
[2023-11-22T20:50:31.808+0000] {processor.py:179} INFO - Processing /home/airflow/.local/lib/python3.8/site-packages/airflow/example_dags/example_dag_decorator.py took 0.275 seconds
[2023-11-22T20:51:02.673+0000] {processor.py:157} INFO - Started process (PID=482) to work on /home/airflow/.local/lib/python3.8/site-packages/airflow/example_dags/example_dag_decorator.py
[2023-11-22T20:51:02.675+0000] {processor.py:829} INFO - Processing file /home/airflow/.local/lib/python3.8/site-packages/airflow/example_dags/example_dag_decorator.py for tasks to queue
[2023-11-22T20:51:02.678+0000] {logging_mixin.py:154} INFO - [2023-11-22T20:51:02.678+0000] {dagbag.py:536} INFO - Filling up the DagBag from /home/airflow/.local/lib/python3.8/site-packages/airflow/example_dags/example_dag_decorator.py
[2023-11-22T20:51:02.747+0000] {processor.py:839} INFO - DAG(s) dict_keys(['example_dag_decorator']) retrieved from /home/airflow/.local/lib/python3.8/site-packages/airflow/example_dags/example_dag_decorator.py
[2023-11-22T20:51:02.978+0000] {logging_mixin.py:154} INFO - [2023-11-22T20:51:02.977+0000] {dag.py:2941} INFO - Sync 1 DAGs
[2023-11-22T20:51:02.989+0000] {logging_mixin.py:154} INFO - [2023-11-22T20:51:02.988+0000] {dag.py:3722} INFO - Setting next_dagrun for example_dag_decorator to None, run_after=None
[2023-11-22T20:51:03.008+0000] {processor.py:179} INFO - Processing /home/airflow/.local/lib/python3.8/site-packages/airflow/example_dags/example_dag_decorator.py took 0.338 seconds
[2023-11-22T20:51:33.739+0000] {processor.py:157} INFO - Started process (PID=536) to work on /home/airflow/.local/lib/python3.8/site-packages/airflow/example_dags/example_dag_decorator.py
[2023-11-22T20:51:33.741+0000] {processor.py:829} INFO - Processing file /home/airflow/.local/lib/python3.8/site-packages/airflow/example_dags/example_dag_decorator.py for tasks to queue
[2023-11-22T20:51:33.743+0000] {logging_mixin.py:154} INFO - [2023-11-22T20:51:33.743+0000] {dagbag.py:536} INFO - Filling up the DagBag from /home/airflow/.local/lib/python3.8/site-packages/airflow/example_dags/example_dag_decorator.py
[2023-11-22T20:51:33.819+0000] {processor.py:839} INFO - DAG(s) dict_keys(['example_dag_decorator']) retrieved from /home/airflow/.local/lib/python3.8/site-packages/airflow/example_dags/example_dag_decorator.py
[2023-11-22T20:51:34.112+0000] {logging_mixin.py:154} INFO - [2023-11-22T20:51:34.112+0000] {dag.py:2941} INFO - Sync 1 DAGs
[2023-11-22T20:51:34.129+0000] {logging_mixin.py:154} INFO - [2023-11-22T20:51:34.128+0000] {dag.py:3722} INFO - Setting next_dagrun for example_dag_decorator to None, run_after=None
[2023-11-22T20:51:34.160+0000] {processor.py:179} INFO - Processing /home/airflow/.local/lib/python3.8/site-packages/airflow/example_dags/example_dag_decorator.py took 0.424 seconds
[2023-11-22T20:52:14.917+0000] {processor.py:157} INFO - Started process (PID=588) to work on /home/airflow/.local/lib/python3.8/site-packages/airflow/example_dags/example_dag_decorator.py
[2023-11-22T20:52:14.918+0000] {processor.py:829} INFO - Processing file /home/airflow/.local/lib/python3.8/site-packages/airflow/example_dags/example_dag_decorator.py for tasks to queue
[2023-11-22T20:52:14.921+0000] {logging_mixin.py:154} INFO - [2023-11-22T20:52:14.920+0000] {dagbag.py:536} INFO - Filling up the DagBag from /home/airflow/.local/lib/python3.8/site-packages/airflow/example_dags/example_dag_decorator.py
[2023-11-22T20:52:15.037+0000] {processor.py:839} INFO - DAG(s) dict_keys(['example_dag_decorator']) retrieved from /home/airflow/.local/lib/python3.8/site-packages/airflow/example_dags/example_dag_decorator.py
[2023-11-22T20:52:15.283+0000] {logging_mixin.py:154} INFO - [2023-11-22T20:52:15.282+0000] {dag.py:2941} INFO - Sync 1 DAGs
[2023-11-22T20:52:29.263+0000] {logging_mixin.py:154} INFO - [2023-11-22T20:52:29.262+0000] {dag.py:3722} INFO - Setting next_dagrun for example_dag_decorator to None, run_after=None
[2023-11-22T20:52:29.312+0000] {processor.py:179} INFO - Processing /home/airflow/.local/lib/python3.8/site-packages/airflow/example_dags/example_dag_decorator.py took 14.400 seconds
[2023-11-22T20:52:59.898+0000] {processor.py:157} INFO - Started process (PID=659) to work on /home/airflow/.local/lib/python3.8/site-packages/airflow/example_dags/example_dag_decorator.py
[2023-11-22T20:52:59.900+0000] {processor.py:829} INFO - Processing file /home/airflow/.local/lib/python3.8/site-packages/airflow/example_dags/example_dag_decorator.py for tasks to queue
[2023-11-22T20:52:59.904+0000] {logging_mixin.py:154} INFO - [2023-11-22T20:52:59.903+0000] {dagbag.py:536} INFO - Filling up the DagBag from /home/airflow/.local/lib/python3.8/site-packages/airflow/example_dags/example_dag_decorator.py
[2023-11-22T20:53:00.029+0000] {processor.py:839} INFO - DAG(s) dict_keys(['example_dag_decorator']) retrieved from /home/airflow/.local/lib/python3.8/site-packages/airflow/example_dags/example_dag_decorator.py
[2023-11-22T20:53:00.386+0000] {logging_mixin.py:154} INFO - [2023-11-22T20:53:00.386+0000] {dag.py:2941} INFO - Sync 1 DAGs
[2023-11-22T20:53:00.397+0000] {logging_mixin.py:154} INFO - [2023-11-22T20:53:00.397+0000] {dag.py:3722} INFO - Setting next_dagrun for example_dag_decorator to None, run_after=None
[2023-11-22T20:53:00.420+0000] {processor.py:179} INFO - Processing /home/airflow/.local/lib/python3.8/site-packages/airflow/example_dags/example_dag_decorator.py took 0.527 seconds
[2023-11-22T20:53:30.555+0000] {processor.py:157} INFO - Started process (PID=717) to work on /home/airflow/.local/lib/python3.8/site-packages/airflow/example_dags/example_dag_decorator.py
[2023-11-22T20:53:30.556+0000] {processor.py:829} INFO - Processing file /home/airflow/.local/lib/python3.8/site-packages/airflow/example_dags/example_dag_decorator.py for tasks to queue
[2023-11-22T20:53:30.559+0000] {logging_mixin.py:154} INFO - [2023-11-22T20:53:30.559+0000] {dagbag.py:536} INFO - Filling up the DagBag from /home/airflow/.local/lib/python3.8/site-packages/airflow/example_dags/example_dag_decorator.py
[2023-11-22T20:53:30.653+0000] {processor.py:839} INFO - DAG(s) dict_keys(['example_dag_decorator']) retrieved from /home/airflow/.local/lib/python3.8/site-packages/airflow/example_dags/example_dag_decorator.py
[2023-11-22T20:53:31.033+0000] {logging_mixin.py:154} INFO - [2023-11-22T20:53:31.032+0000] {dag.py:2941} INFO - Sync 1 DAGs
[2023-11-22T20:53:31.052+0000] {logging_mixin.py:154} INFO - [2023-11-22T20:53:31.051+0000] {dag.py:3722} INFO - Setting next_dagrun for example_dag_decorator to None, run_after=None
[2023-11-22T20:53:31.080+0000] {processor.py:179} INFO - Processing /home/airflow/.local/lib/python3.8/site-packages/airflow/example_dags/example_dag_decorator.py took 0.530 seconds
[2023-11-22T20:54:02.880+0000] {processor.py:157} INFO - Started process (PID=771) to work on /home/airflow/.local/lib/python3.8/site-packages/airflow/example_dags/example_dag_decorator.py
[2023-11-22T20:54:02.882+0000] {processor.py:829} INFO - Processing file /home/airflow/.local/lib/python3.8/site-packages/airflow/example_dags/example_dag_decorator.py for tasks to queue
[2023-11-22T20:54:02.887+0000] {logging_mixin.py:154} INFO - [2023-11-22T20:54:02.886+0000] {dagbag.py:536} INFO - Filling up the DagBag from /home/airflow/.local/lib/python3.8/site-packages/airflow/example_dags/example_dag_decorator.py
[2023-11-22T20:54:02.978+0000] {processor.py:839} INFO - DAG(s) dict_keys(['example_dag_decorator']) retrieved from /home/airflow/.local/lib/python3.8/site-packages/airflow/example_dags/example_dag_decorator.py
[2023-11-22T20:54:06.564+0000] {logging_mixin.py:154} INFO - [2023-11-22T20:54:06.563+0000] {dag.py:2941} INFO - Sync 1 DAGs
[2023-11-22T20:54:06.579+0000] {logging_mixin.py:154} INFO - [2023-11-22T20:54:06.578+0000] {dag.py:3722} INFO - Setting next_dagrun for example_dag_decorator to None, run_after=None
[2023-11-22T20:54:06.606+0000] {processor.py:179} INFO - Processing /home/airflow/.local/lib/python3.8/site-packages/airflow/example_dags/example_dag_decorator.py took 3.729 seconds
[2023-11-22T20:54:37.967+0000] {processor.py:157} INFO - Started process (PID=828) to work on /home/airflow/.local/lib/python3.8/site-packages/airflow/example_dags/example_dag_decorator.py
[2023-11-22T20:54:37.968+0000] {processor.py:829} INFO - Processing file /home/airflow/.local/lib/python3.8/site-packages/airflow/example_dags/example_dag_decorator.py for tasks to queue
[2023-11-22T20:54:37.971+0000] {logging_mixin.py:154} INFO - [2023-11-22T20:54:37.971+0000] {dagbag.py:536} INFO - Filling up the DagBag from /home/airflow/.local/lib/python3.8/site-packages/airflow/example_dags/example_dag_decorator.py
[2023-11-22T20:54:38.113+0000] {processor.py:839} INFO - DAG(s) dict_keys(['example_dag_decorator']) retrieved from /home/airflow/.local/lib/python3.8/site-packages/airflow/example_dags/example_dag_decorator.py
[2023-11-22T20:54:38.614+0000] {logging_mixin.py:154} INFO - [2023-11-22T20:54:38.613+0000] {dag.py:2941} INFO - Sync 1 DAGs
[2023-11-22T20:54:38.624+0000] {logging_mixin.py:154} INFO - [2023-11-22T20:54:38.623+0000] {dag.py:3722} INFO - Setting next_dagrun for example_dag_decorator to None, run_after=None
[2023-11-22T20:54:38.690+0000] {processor.py:179} INFO - Processing /home/airflow/.local/lib/python3.8/site-packages/airflow/example_dags/example_dag_decorator.py took 0.727 seconds
[2023-11-22T20:55:09.582+0000] {processor.py:157} INFO - Started process (PID=885) to work on /home/airflow/.local/lib/python3.8/site-packages/airflow/example_dags/example_dag_decorator.py
[2023-11-22T20:55:09.583+0000] {processor.py:829} INFO - Processing file /home/airflow/.local/lib/python3.8/site-packages/airflow/example_dags/example_dag_decorator.py for tasks to queue
[2023-11-22T20:55:09.587+0000] {logging_mixin.py:154} INFO - [2023-11-22T20:55:09.587+0000] {dagbag.py:536} INFO - Filling up the DagBag from /home/airflow/.local/lib/python3.8/site-packages/airflow/example_dags/example_dag_decorator.py
[2023-11-22T20:55:09.655+0000] {processor.py:839} INFO - DAG(s) dict_keys(['example_dag_decorator']) retrieved from /home/airflow/.local/lib/python3.8/site-packages/airflow/example_dags/example_dag_decorator.py
[2023-11-22T20:55:09.887+0000] {logging_mixin.py:154} INFO - [2023-11-22T20:55:09.887+0000] {dag.py:2941} INFO - Sync 1 DAGs
[2023-11-22T20:55:09.897+0000] {logging_mixin.py:154} INFO - [2023-11-22T20:55:09.897+0000] {dag.py:3722} INFO - Setting next_dagrun for example_dag_decorator to None, run_after=None
[2023-11-22T20:55:09.919+0000] {processor.py:179} INFO - Processing /home/airflow/.local/lib/python3.8/site-packages/airflow/example_dags/example_dag_decorator.py took 0.341 seconds
[2023-11-22T20:55:40.592+0000] {processor.py:157} INFO - Started process (PID=939) to work on /home/airflow/.local/lib/python3.8/site-packages/airflow/example_dags/example_dag_decorator.py
[2023-11-22T20:55:40.594+0000] {processor.py:829} INFO - Processing file /home/airflow/.local/lib/python3.8/site-packages/airflow/example_dags/example_dag_decorator.py for tasks to queue
[2023-11-22T20:55:40.597+0000] {logging_mixin.py:154} INFO - [2023-11-22T20:55:40.597+0000] {dagbag.py:536} INFO - Filling up the DagBag from /home/airflow/.local/lib/python3.8/site-packages/airflow/example_dags/example_dag_decorator.py
[2023-11-22T20:55:40.672+0000] {processor.py:839} INFO - DAG(s) dict_keys(['example_dag_decorator']) retrieved from /home/airflow/.local/lib/python3.8/site-packages/airflow/example_dags/example_dag_decorator.py
[2023-11-22T20:55:40.966+0000] {logging_mixin.py:154} INFO - [2023-11-22T20:55:40.966+0000] {dag.py:2941} INFO - Sync 1 DAGs
[2023-11-22T20:55:40.976+0000] {logging_mixin.py:154} INFO - [2023-11-22T20:55:40.975+0000] {dag.py:3722} INFO - Setting next_dagrun for example_dag_decorator to None, run_after=None
[2023-11-22T20:55:40.997+0000] {processor.py:179} INFO - Processing /home/airflow/.local/lib/python3.8/site-packages/airflow/example_dags/example_dag_decorator.py took 0.408 seconds
[2023-11-22T20:56:11.071+0000] {processor.py:157} INFO - Started process (PID=997) to work on /home/airflow/.local/lib/python3.8/site-packages/airflow/example_dags/example_dag_decorator.py
[2023-11-22T20:56:11.072+0000] {processor.py:829} INFO - Processing file /home/airflow/.local/lib/python3.8/site-packages/airflow/example_dags/example_dag_decorator.py for tasks to queue
[2023-11-22T20:56:11.075+0000] {logging_mixin.py:154} INFO - [2023-11-22T20:56:11.075+0000] {dagbag.py:536} INFO - Filling up the DagBag from /home/airflow/.local/lib/python3.8/site-packages/airflow/example_dags/example_dag_decorator.py
[2023-11-22T20:56:11.166+0000] {processor.py:839} INFO - DAG(s) dict_keys(['example_dag_decorator']) retrieved from /home/airflow/.local/lib/python3.8/site-packages/airflow/example_dags/example_dag_decorator.py
[2023-11-22T20:56:11.426+0000] {logging_mixin.py:154} INFO - [2023-11-22T20:56:11.426+0000] {dag.py:2941} INFO - Sync 1 DAGs
[2023-11-22T20:56:11.437+0000] {logging_mixin.py:154} INFO - [2023-11-22T20:56:11.437+0000] {dag.py:3722} INFO - Setting next_dagrun for example_dag_decorator to None, run_after=None
[2023-11-22T20:56:11.461+0000] {processor.py:179} INFO - Processing /home/airflow/.local/lib/python3.8/site-packages/airflow/example_dags/example_dag_decorator.py took 0.394 seconds
[2023-11-22T20:56:42.191+0000] {processor.py:157} INFO - Started process (PID=1051) to work on /home/airflow/.local/lib/python3.8/site-packages/airflow/example_dags/example_dag_decorator.py
[2023-11-22T20:56:42.193+0000] {processor.py:829} INFO - Processing file /home/airflow/.local/lib/python3.8/site-packages/airflow/example_dags/example_dag_decorator.py for tasks to queue
[2023-11-22T20:56:42.196+0000] {logging_mixin.py:154} INFO - [2023-11-22T20:56:42.196+0000] {dagbag.py:536} INFO - Filling up the DagBag from /home/airflow/.local/lib/python3.8/site-packages/airflow/example_dags/example_dag_decorator.py
[2023-11-22T20:56:42.396+0000] {processor.py:839} INFO - DAG(s) dict_keys(['example_dag_decorator']) retrieved from /home/airflow/.local/lib/python3.8/site-packages/airflow/example_dags/example_dag_decorator.py
[2023-11-22T20:56:42.490+0000] {logging_mixin.py:154} INFO - [2023-11-22T20:56:42.489+0000] {dag.py:2941} INFO - Sync 1 DAGs
[2023-11-22T20:56:42.500+0000] {logging_mixin.py:154} INFO - [2023-11-22T20:56:42.500+0000] {dag.py:3722} INFO - Setting next_dagrun for example_dag_decorator to None, run_after=None
[2023-11-22T20:56:42.520+0000] {processor.py:179} INFO - Processing /home/airflow/.local/lib/python3.8/site-packages/airflow/example_dags/example_dag_decorator.py took 0.334 seconds
[2023-11-22T20:57:12.647+0000] {processor.py:157} INFO - Started process (PID=1107) to work on /home/airflow/.local/lib/python3.8/site-packages/airflow/example_dags/example_dag_decorator.py
[2023-11-22T20:57:12.648+0000] {processor.py:829} INFO - Processing file /home/airflow/.local/lib/python3.8/site-packages/airflow/example_dags/example_dag_decorator.py for tasks to queue
[2023-11-22T20:57:12.651+0000] {logging_mixin.py:154} INFO - [2023-11-22T20:57:12.650+0000] {dagbag.py:536} INFO - Filling up the DagBag from /home/airflow/.local/lib/python3.8/site-packages/airflow/example_dags/example_dag_decorator.py
[2023-11-22T20:57:12.738+0000] {processor.py:839} INFO - DAG(s) dict_keys(['example_dag_decorator']) retrieved from /home/airflow/.local/lib/python3.8/site-packages/airflow/example_dags/example_dag_decorator.py
[2023-11-22T20:57:13.028+0000] {logging_mixin.py:154} INFO - [2023-11-22T20:57:13.028+0000] {dag.py:2941} INFO - Sync 1 DAGs
[2023-11-22T20:57:13.038+0000] {logging_mixin.py:154} INFO - [2023-11-22T20:57:13.038+0000] {dag.py:3722} INFO - Setting next_dagrun for example_dag_decorator to None, run_after=None
[2023-11-22T20:57:13.057+0000] {processor.py:179} INFO - Processing /home/airflow/.local/lib/python3.8/site-packages/airflow/example_dags/example_dag_decorator.py took 0.414 seconds
[2023-11-22T20:57:43.871+0000] {processor.py:157} INFO - Started process (PID=1161) to work on /home/airflow/.local/lib/python3.8/site-packages/airflow/example_dags/example_dag_decorator.py
[2023-11-22T20:57:43.872+0000] {processor.py:829} INFO - Processing file /home/airflow/.local/lib/python3.8/site-packages/airflow/example_dags/example_dag_decorator.py for tasks to queue
[2023-11-22T20:57:43.876+0000] {logging_mixin.py:154} INFO - [2023-11-22T20:57:43.876+0000] {dagbag.py:536} INFO - Filling up the DagBag from /home/airflow/.local/lib/python3.8/site-packages/airflow/example_dags/example_dag_decorator.py
[2023-11-22T20:57:43.989+0000] {processor.py:839} INFO - DAG(s) dict_keys(['example_dag_decorator']) retrieved from /home/airflow/.local/lib/python3.8/site-packages/airflow/example_dags/example_dag_decorator.py
[2023-11-22T20:57:44.264+0000] {logging_mixin.py:154} INFO - [2023-11-22T20:57:44.264+0000] {dag.py:2941} INFO - Sync 1 DAGs
[2023-11-22T20:57:44.278+0000] {logging_mixin.py:154} INFO - [2023-11-22T20:57:44.278+0000] {dag.py:3722} INFO - Setting next_dagrun for example_dag_decorator to None, run_after=None
[2023-11-22T20:57:44.304+0000] {processor.py:179} INFO - Processing /home/airflow/.local/lib/python3.8/site-packages/airflow/example_dags/example_dag_decorator.py took 0.438 seconds
[2023-11-22T20:58:14.683+0000] {processor.py:157} INFO - Started process (PID=1215) to work on /home/airflow/.local/lib/python3.8/site-packages/airflow/example_dags/example_dag_decorator.py
[2023-11-22T20:58:14.684+0000] {processor.py:829} INFO - Processing file /home/airflow/.local/lib/python3.8/site-packages/airflow/example_dags/example_dag_decorator.py for tasks to queue
[2023-11-22T20:58:14.687+0000] {logging_mixin.py:154} INFO - [2023-11-22T20:58:14.686+0000] {dagbag.py:536} INFO - Filling up the DagBag from /home/airflow/.local/lib/python3.8/site-packages/airflow/example_dags/example_dag_decorator.py
[2023-11-22T20:58:14.945+0000] {processor.py:839} INFO - DAG(s) dict_keys(['example_dag_decorator']) retrieved from /home/airflow/.local/lib/python3.8/site-packages/airflow/example_dags/example_dag_decorator.py
[2023-11-22T20:58:15.120+0000] {logging_mixin.py:154} INFO - [2023-11-22T20:58:15.120+0000] {dag.py:2941} INFO - Sync 1 DAGs
[2023-11-22T20:58:15.131+0000] {logging_mixin.py:154} INFO - [2023-11-22T20:58:15.131+0000] {dag.py:3722} INFO - Setting next_dagrun for example_dag_decorator to None, run_after=None
[2023-11-22T20:58:15.154+0000] {processor.py:179} INFO - Processing /home/airflow/.local/lib/python3.8/site-packages/airflow/example_dags/example_dag_decorator.py took 0.474 seconds
[2023-11-22T20:58:45.414+0000] {processor.py:157} INFO - Started process (PID=1269) to work on /home/airflow/.local/lib/python3.8/site-packages/airflow/example_dags/example_dag_decorator.py
[2023-11-22T20:58:45.416+0000] {processor.py:829} INFO - Processing file /home/airflow/.local/lib/python3.8/site-packages/airflow/example_dags/example_dag_decorator.py for tasks to queue
[2023-11-22T20:58:45.419+0000] {logging_mixin.py:154} INFO - [2023-11-22T20:58:45.418+0000] {dagbag.py:536} INFO - Filling up the DagBag from /home/airflow/.local/lib/python3.8/site-packages/airflow/example_dags/example_dag_decorator.py
[2023-11-22T20:58:45.522+0000] {processor.py:839} INFO - DAG(s) dict_keys(['example_dag_decorator']) retrieved from /home/airflow/.local/lib/python3.8/site-packages/airflow/example_dags/example_dag_decorator.py
[2023-11-22T20:58:45.826+0000] {logging_mixin.py:154} INFO - [2023-11-22T20:58:45.826+0000] {dag.py:2941} INFO - Sync 1 DAGs
[2023-11-22T20:58:45.836+0000] {logging_mixin.py:154} INFO - [2023-11-22T20:58:45.836+0000] {dag.py:3722} INFO - Setting next_dagrun for example_dag_decorator to None, run_after=None
[2023-11-22T20:58:45.855+0000] {processor.py:179} INFO - Processing /home/airflow/.local/lib/python3.8/site-packages/airflow/example_dags/example_dag_decorator.py took 0.445 seconds
[2023-11-22T20:59:16.314+0000] {processor.py:157} INFO - Started process (PID=1323) to work on /home/airflow/.local/lib/python3.8/site-packages/airflow/example_dags/example_dag_decorator.py
[2023-11-22T20:59:16.316+0000] {processor.py:829} INFO - Processing file /home/airflow/.local/lib/python3.8/site-packages/airflow/example_dags/example_dag_decorator.py for tasks to queue
[2023-11-22T20:59:16.318+0000] {logging_mixin.py:154} INFO - [2023-11-22T20:59:16.318+0000] {dagbag.py:536} INFO - Filling up the DagBag from /home/airflow/.local/lib/python3.8/site-packages/airflow/example_dags/example_dag_decorator.py
[2023-11-22T20:59:16.422+0000] {processor.py:839} INFO - DAG(s) dict_keys(['example_dag_decorator']) retrieved from /home/airflow/.local/lib/python3.8/site-packages/airflow/example_dags/example_dag_decorator.py
[2023-11-22T20:59:16.445+0000] {logging_mixin.py:154} INFO - [2023-11-22T20:59:16.445+0000] {dag.py:2941} INFO - Sync 1 DAGs
[2023-11-22T20:59:16.458+0000] {logging_mixin.py:154} INFO - [2023-11-22T20:59:16.458+0000] {dag.py:3722} INFO - Setting next_dagrun for example_dag_decorator to None, run_after=None
[2023-11-22T20:59:16.615+0000] {processor.py:179} INFO - Processing /home/airflow/.local/lib/python3.8/site-packages/airflow/example_dags/example_dag_decorator.py took 0.304 seconds
[2023-11-22T20:59:47.138+0000] {processor.py:157} INFO - Started process (PID=1379) to work on /home/airflow/.local/lib/python3.8/site-packages/airflow/example_dags/example_dag_decorator.py
[2023-11-22T20:59:47.140+0000] {processor.py:829} INFO - Processing file /home/airflow/.local/lib/python3.8/site-packages/airflow/example_dags/example_dag_decorator.py for tasks to queue
[2023-11-22T20:59:47.143+0000] {logging_mixin.py:154} INFO - [2023-11-22T20:59:47.142+0000] {dagbag.py:536} INFO - Filling up the DagBag from /home/airflow/.local/lib/python3.8/site-packages/airflow/example_dags/example_dag_decorator.py
[2023-11-22T20:59:47.417+0000] {processor.py:839} INFO - DAG(s) dict_keys(['example_dag_decorator']) retrieved from /home/airflow/.local/lib/python3.8/site-packages/airflow/example_dags/example_dag_decorator.py
[2023-11-22T20:59:47.608+0000] {logging_mixin.py:154} INFO - [2023-11-22T20:59:47.608+0000] {dag.py:2941} INFO - Sync 1 DAGs
[2023-11-22T20:59:47.620+0000] {logging_mixin.py:154} INFO - [2023-11-22T20:59:47.620+0000] {dag.py:3722} INFO - Setting next_dagrun for example_dag_decorator to None, run_after=None
[2023-11-22T20:59:47.645+0000] {processor.py:179} INFO - Processing /home/airflow/.local/lib/python3.8/site-packages/airflow/example_dags/example_dag_decorator.py took 0.511 seconds
[2023-11-22T21:00:18.201+0000] {processor.py:157} INFO - Started process (PID=1433) to work on /home/airflow/.local/lib/python3.8/site-packages/airflow/example_dags/example_dag_decorator.py
[2023-11-22T21:00:18.203+0000] {processor.py:829} INFO - Processing file /home/airflow/.local/lib/python3.8/site-packages/airflow/example_dags/example_dag_decorator.py for tasks to queue
[2023-11-22T21:00:18.208+0000] {logging_mixin.py:154} INFO - [2023-11-22T21:00:18.207+0000] {dagbag.py:536} INFO - Filling up the DagBag from /home/airflow/.local/lib/python3.8/site-packages/airflow/example_dags/example_dag_decorator.py
[2023-11-22T21:00:18.457+0000] {processor.py:839} INFO - DAG(s) dict_keys(['example_dag_decorator']) retrieved from /home/airflow/.local/lib/python3.8/site-packages/airflow/example_dags/example_dag_decorator.py
[2023-11-22T21:00:18.626+0000] {logging_mixin.py:154} INFO - [2023-11-22T21:00:18.625+0000] {dag.py:2941} INFO - Sync 1 DAGs
[2023-11-22T21:00:18.637+0000] {logging_mixin.py:154} INFO - [2023-11-22T21:00:18.637+0000] {dag.py:3722} INFO - Setting next_dagrun for example_dag_decorator to None, run_after=None
[2023-11-22T21:00:18.667+0000] {processor.py:179} INFO - Processing /home/airflow/.local/lib/python3.8/site-packages/airflow/example_dags/example_dag_decorator.py took 0.472 seconds
[2023-11-22T21:00:48.899+0000] {processor.py:157} INFO - Started process (PID=1487) to work on /home/airflow/.local/lib/python3.8/site-packages/airflow/example_dags/example_dag_decorator.py
[2023-11-22T21:00:48.900+0000] {processor.py:829} INFO - Processing file /home/airflow/.local/lib/python3.8/site-packages/airflow/example_dags/example_dag_decorator.py for tasks to queue
[2023-11-22T21:00:48.902+0000] {logging_mixin.py:154} INFO - [2023-11-22T21:00:48.902+0000] {dagbag.py:536} INFO - Filling up the DagBag from /home/airflow/.local/lib/python3.8/site-packages/airflow/example_dags/example_dag_decorator.py
[2023-11-22T21:00:48.980+0000] {processor.py:839} INFO - DAG(s) dict_keys(['example_dag_decorator']) retrieved from /home/airflow/.local/lib/python3.8/site-packages/airflow/example_dags/example_dag_decorator.py
[2023-11-22T21:00:49.317+0000] {logging_mixin.py:154} INFO - [2023-11-22T21:00:49.317+0000] {dag.py:2941} INFO - Sync 1 DAGs
[2023-11-22T21:00:49.330+0000] {logging_mixin.py:154} INFO - [2023-11-22T21:00:49.330+0000] {dag.py:3722} INFO - Setting next_dagrun for example_dag_decorator to None, run_after=None
[2023-11-22T21:00:49.350+0000] {processor.py:179} INFO - Processing /home/airflow/.local/lib/python3.8/site-packages/airflow/example_dags/example_dag_decorator.py took 0.455 seconds
[2023-11-22T21:01:20.052+0000] {processor.py:157} INFO - Started process (PID=1549) to work on /home/airflow/.local/lib/python3.8/site-packages/airflow/example_dags/example_dag_decorator.py
[2023-11-22T21:01:20.053+0000] {processor.py:829} INFO - Processing file /home/airflow/.local/lib/python3.8/site-packages/airflow/example_dags/example_dag_decorator.py for tasks to queue
[2023-11-22T21:01:20.056+0000] {logging_mixin.py:154} INFO - [2023-11-22T21:01:20.056+0000] {dagbag.py:536} INFO - Filling up the DagBag from /home/airflow/.local/lib/python3.8/site-packages/airflow/example_dags/example_dag_decorator.py
[2023-11-22T21:01:20.288+0000] {processor.py:839} INFO - DAG(s) dict_keys(['example_dag_decorator']) retrieved from /home/airflow/.local/lib/python3.8/site-packages/airflow/example_dags/example_dag_decorator.py
[2023-11-22T21:01:20.420+0000] {logging_mixin.py:154} INFO - [2023-11-22T21:01:20.420+0000] {dag.py:2941} INFO - Sync 1 DAGs
[2023-11-22T21:01:20.431+0000] {logging_mixin.py:154} INFO - [2023-11-22T21:01:20.431+0000] {dag.py:3722} INFO - Setting next_dagrun for example_dag_decorator to None, run_after=None
[2023-11-22T21:01:20.453+0000] {processor.py:179} INFO - Processing /home/airflow/.local/lib/python3.8/site-packages/airflow/example_dags/example_dag_decorator.py took 0.404 seconds
[2023-11-22T21:01:50.509+0000] {processor.py:157} INFO - Started process (PID=1603) to work on /home/airflow/.local/lib/python3.8/site-packages/airflow/example_dags/example_dag_decorator.py
[2023-11-22T21:01:50.510+0000] {processor.py:829} INFO - Processing file /home/airflow/.local/lib/python3.8/site-packages/airflow/example_dags/example_dag_decorator.py for tasks to queue
[2023-11-22T21:01:50.513+0000] {logging_mixin.py:154} INFO - [2023-11-22T21:01:50.513+0000] {dagbag.py:536} INFO - Filling up the DagBag from /home/airflow/.local/lib/python3.8/site-packages/airflow/example_dags/example_dag_decorator.py
[2023-11-22T21:01:50.789+0000] {processor.py:839} INFO - DAG(s) dict_keys(['example_dag_decorator']) retrieved from /home/airflow/.local/lib/python3.8/site-packages/airflow/example_dags/example_dag_decorator.py
[2023-11-22T21:01:50.930+0000] {logging_mixin.py:154} INFO - [2023-11-22T21:01:50.930+0000] {dag.py:2941} INFO - Sync 1 DAGs
[2023-11-22T21:01:50.941+0000] {logging_mixin.py:154} INFO - [2023-11-22T21:01:50.940+0000] {dag.py:3722} INFO - Setting next_dagrun for example_dag_decorator to None, run_after=None
[2023-11-22T21:01:50.963+0000] {processor.py:179} INFO - Processing /home/airflow/.local/lib/python3.8/site-packages/airflow/example_dags/example_dag_decorator.py took 0.459 seconds
[2023-11-22T21:02:21.330+0000] {processor.py:157} INFO - Started process (PID=1658) to work on /home/airflow/.local/lib/python3.8/site-packages/airflow/example_dags/example_dag_decorator.py
[2023-11-22T21:02:21.331+0000] {processor.py:829} INFO - Processing file /home/airflow/.local/lib/python3.8/site-packages/airflow/example_dags/example_dag_decorator.py for tasks to queue
[2023-11-22T21:02:21.335+0000] {logging_mixin.py:154} INFO - [2023-11-22T21:02:21.334+0000] {dagbag.py:536} INFO - Filling up the DagBag from /home/airflow/.local/lib/python3.8/site-packages/airflow/example_dags/example_dag_decorator.py
[2023-11-22T21:02:21.457+0000] {processor.py:839} INFO - DAG(s) dict_keys(['example_dag_decorator']) retrieved from /home/airflow/.local/lib/python3.8/site-packages/airflow/example_dags/example_dag_decorator.py
[2023-11-22T21:02:21.796+0000] {logging_mixin.py:154} INFO - [2023-11-22T21:02:21.795+0000] {dag.py:2941} INFO - Sync 1 DAGs
[2023-11-22T21:02:21.829+0000] {logging_mixin.py:154} INFO - [2023-11-22T21:02:21.828+0000] {dag.py:3722} INFO - Setting next_dagrun for example_dag_decorator to None, run_after=None
[2023-11-22T21:02:21.851+0000] {processor.py:179} INFO - Processing /home/airflow/.local/lib/python3.8/site-packages/airflow/example_dags/example_dag_decorator.py took 0.524 seconds
[2023-11-22T21:02:52.183+0000] {processor.py:157} INFO - Started process (PID=1715) to work on /home/airflow/.local/lib/python3.8/site-packages/airflow/example_dags/example_dag_decorator.py
[2023-11-22T21:02:52.184+0000] {processor.py:829} INFO - Processing file /home/airflow/.local/lib/python3.8/site-packages/airflow/example_dags/example_dag_decorator.py for tasks to queue
[2023-11-22T21:02:52.187+0000] {logging_mixin.py:154} INFO - [2023-11-22T21:02:52.187+0000] {dagbag.py:536} INFO - Filling up the DagBag from /home/airflow/.local/lib/python3.8/site-packages/airflow/example_dags/example_dag_decorator.py
[2023-11-22T21:02:52.448+0000] {processor.py:839} INFO - DAG(s) dict_keys(['example_dag_decorator']) retrieved from /home/airflow/.local/lib/python3.8/site-packages/airflow/example_dags/example_dag_decorator.py
[2023-11-22T21:02:52.634+0000] {logging_mixin.py:154} INFO - [2023-11-22T21:02:52.634+0000] {dag.py:2941} INFO - Sync 1 DAGs
[2023-11-22T21:02:52.646+0000] {logging_mixin.py:154} INFO - [2023-11-22T21:02:52.646+0000] {dag.py:3722} INFO - Setting next_dagrun for example_dag_decorator to None, run_after=None
[2023-11-22T21:02:52.667+0000] {processor.py:179} INFO - Processing /home/airflow/.local/lib/python3.8/site-packages/airflow/example_dags/example_dag_decorator.py took 0.487 seconds
[2023-11-22T21:03:22.997+0000] {processor.py:157} INFO - Started process (PID=1766) to work on /home/airflow/.local/lib/python3.8/site-packages/airflow/example_dags/example_dag_decorator.py
[2023-11-22T21:03:22.998+0000] {processor.py:829} INFO - Processing file /home/airflow/.local/lib/python3.8/site-packages/airflow/example_dags/example_dag_decorator.py for tasks to queue
[2023-11-22T21:03:23.002+0000] {logging_mixin.py:154} INFO - [2023-11-22T21:03:23.002+0000] {dagbag.py:536} INFO - Filling up the DagBag from /home/airflow/.local/lib/python3.8/site-packages/airflow/example_dags/example_dag_decorator.py
[2023-11-22T21:03:23.112+0000] {processor.py:839} INFO - DAG(s) dict_keys(['example_dag_decorator']) retrieved from /home/airflow/.local/lib/python3.8/site-packages/airflow/example_dags/example_dag_decorator.py
[2023-11-22T21:03:23.260+0000] {logging_mixin.py:154} INFO - [2023-11-22T21:03:23.260+0000] {dag.py:2941} INFO - Sync 1 DAGs
[2023-11-22T21:03:23.272+0000] {logging_mixin.py:154} INFO - [2023-11-22T21:03:23.272+0000] {dag.py:3722} INFO - Setting next_dagrun for example_dag_decorator to None, run_after=None
[2023-11-22T21:03:23.295+0000] {processor.py:179} INFO - Processing /home/airflow/.local/lib/python3.8/site-packages/airflow/example_dags/example_dag_decorator.py took 0.302 seconds
[2023-11-22T21:03:53.437+0000] {processor.py:157} INFO - Started process (PID=1822) to work on /home/airflow/.local/lib/python3.8/site-packages/airflow/example_dags/example_dag_decorator.py
[2023-11-22T21:03:53.438+0000] {processor.py:829} INFO - Processing file /home/airflow/.local/lib/python3.8/site-packages/airflow/example_dags/example_dag_decorator.py for tasks to queue
[2023-11-22T21:03:53.441+0000] {logging_mixin.py:154} INFO - [2023-11-22T21:03:53.441+0000] {dagbag.py:536} INFO - Filling up the DagBag from /home/airflow/.local/lib/python3.8/site-packages/airflow/example_dags/example_dag_decorator.py
[2023-11-22T21:03:53.513+0000] {processor.py:839} INFO - DAG(s) dict_keys(['example_dag_decorator']) retrieved from /home/airflow/.local/lib/python3.8/site-packages/airflow/example_dags/example_dag_decorator.py
[2023-11-22T21:03:53.617+0000] {logging_mixin.py:154} INFO - [2023-11-22T21:03:53.616+0000] {dag.py:2941} INFO - Sync 1 DAGs
[2023-11-22T21:03:53.627+0000] {logging_mixin.py:154} INFO - [2023-11-22T21:03:53.627+0000] {dag.py:3722} INFO - Setting next_dagrun for example_dag_decorator to None, run_after=None
[2023-11-22T21:03:53.650+0000] {processor.py:179} INFO - Processing /home/airflow/.local/lib/python3.8/site-packages/airflow/example_dags/example_dag_decorator.py took 0.217 seconds
[2023-11-22T21:04:23.713+0000] {processor.py:157} INFO - Started process (PID=1877) to work on /home/airflow/.local/lib/python3.8/site-packages/airflow/example_dags/example_dag_decorator.py
[2023-11-22T21:04:23.715+0000] {processor.py:829} INFO - Processing file /home/airflow/.local/lib/python3.8/site-packages/airflow/example_dags/example_dag_decorator.py for tasks to queue
[2023-11-22T21:04:23.718+0000] {logging_mixin.py:154} INFO - [2023-11-22T21:04:23.718+0000] {dagbag.py:536} INFO - Filling up the DagBag from /home/airflow/.local/lib/python3.8/site-packages/airflow/example_dags/example_dag_decorator.py
[2023-11-22T21:04:23.791+0000] {processor.py:839} INFO - DAG(s) dict_keys(['example_dag_decorator']) retrieved from /home/airflow/.local/lib/python3.8/site-packages/airflow/example_dags/example_dag_decorator.py
[2023-11-22T21:04:23.816+0000] {logging_mixin.py:154} INFO - [2023-11-22T21:04:23.816+0000] {dag.py:2941} INFO - Sync 1 DAGs
[2023-11-22T21:04:23.830+0000] {logging_mixin.py:154} INFO - [2023-11-22T21:04:23.830+0000] {dag.py:3722} INFO - Setting next_dagrun for example_dag_decorator to None, run_after=None
[2023-11-22T21:04:23.854+0000] {processor.py:179} INFO - Processing /home/airflow/.local/lib/python3.8/site-packages/airflow/example_dags/example_dag_decorator.py took 0.144 seconds
[2023-11-22T21:04:53.934+0000] {processor.py:157} INFO - Started process (PID=1931) to work on /home/airflow/.local/lib/python3.8/site-packages/airflow/example_dags/example_dag_decorator.py
[2023-11-22T21:04:53.935+0000] {processor.py:829} INFO - Processing file /home/airflow/.local/lib/python3.8/site-packages/airflow/example_dags/example_dag_decorator.py for tasks to queue
[2023-11-22T21:04:53.938+0000] {logging_mixin.py:154} INFO - [2023-11-22T21:04:53.938+0000] {dagbag.py:536} INFO - Filling up the DagBag from /home/airflow/.local/lib/python3.8/site-packages/airflow/example_dags/example_dag_decorator.py
[2023-11-22T21:04:54.034+0000] {processor.py:839} INFO - DAG(s) dict_keys(['example_dag_decorator']) retrieved from /home/airflow/.local/lib/python3.8/site-packages/airflow/example_dags/example_dag_decorator.py
[2023-11-22T21:04:54.200+0000] {logging_mixin.py:154} INFO - [2023-11-22T21:04:54.200+0000] {dag.py:2941} INFO - Sync 1 DAGs
[2023-11-22T21:04:54.213+0000] {logging_mixin.py:154} INFO - [2023-11-22T21:04:54.213+0000] {dag.py:3722} INFO - Setting next_dagrun for example_dag_decorator to None, run_after=None
[2023-11-22T21:04:54.234+0000] {processor.py:179} INFO - Processing /home/airflow/.local/lib/python3.8/site-packages/airflow/example_dags/example_dag_decorator.py took 0.304 seconds
[2023-11-22T21:05:25.031+0000] {processor.py:157} INFO - Started process (PID=1985) to work on /home/airflow/.local/lib/python3.8/site-packages/airflow/example_dags/example_dag_decorator.py
[2023-11-22T21:05:25.033+0000] {processor.py:829} INFO - Processing file /home/airflow/.local/lib/python3.8/site-packages/airflow/example_dags/example_dag_decorator.py for tasks to queue
[2023-11-22T21:05:25.036+0000] {logging_mixin.py:154} INFO - [2023-11-22T21:05:25.036+0000] {dagbag.py:536} INFO - Filling up the DagBag from /home/airflow/.local/lib/python3.8/site-packages/airflow/example_dags/example_dag_decorator.py
[2023-11-22T21:05:25.117+0000] {processor.py:839} INFO - DAG(s) dict_keys(['example_dag_decorator']) retrieved from /home/airflow/.local/lib/python3.8/site-packages/airflow/example_dags/example_dag_decorator.py
[2023-11-22T21:05:25.215+0000] {logging_mixin.py:154} INFO - [2023-11-22T21:05:25.215+0000] {dag.py:2941} INFO - Sync 1 DAGs
[2023-11-22T21:05:25.226+0000] {logging_mixin.py:154} INFO - [2023-11-22T21:05:25.226+0000] {dag.py:3722} INFO - Setting next_dagrun for example_dag_decorator to None, run_after=None
[2023-11-22T21:05:25.249+0000] {processor.py:179} INFO - Processing /home/airflow/.local/lib/python3.8/site-packages/airflow/example_dags/example_dag_decorator.py took 0.221 seconds
[2023-11-22T21:05:55.403+0000] {processor.py:157} INFO - Started process (PID=2039) to work on /home/airflow/.local/lib/python3.8/site-packages/airflow/example_dags/example_dag_decorator.py
[2023-11-22T21:05:55.405+0000] {processor.py:829} INFO - Processing file /home/airflow/.local/lib/python3.8/site-packages/airflow/example_dags/example_dag_decorator.py for tasks to queue
[2023-11-22T21:05:55.409+0000] {logging_mixin.py:154} INFO - [2023-11-22T21:05:55.409+0000] {dagbag.py:536} INFO - Filling up the DagBag from /home/airflow/.local/lib/python3.8/site-packages/airflow/example_dags/example_dag_decorator.py
[2023-11-22T21:05:55.506+0000] {processor.py:839} INFO - DAG(s) dict_keys(['example_dag_decorator']) retrieved from /home/airflow/.local/lib/python3.8/site-packages/airflow/example_dags/example_dag_decorator.py
[2023-11-22T21:05:55.530+0000] {logging_mixin.py:154} INFO - [2023-11-22T21:05:55.530+0000] {dag.py:2941} INFO - Sync 1 DAGs
[2023-11-22T21:05:55.543+0000] {logging_mixin.py:154} INFO - [2023-11-22T21:05:55.543+0000] {dag.py:3722} INFO - Setting next_dagrun for example_dag_decorator to None, run_after=None
[2023-11-22T21:05:55.564+0000] {processor.py:179} INFO - Processing /home/airflow/.local/lib/python3.8/site-packages/airflow/example_dags/example_dag_decorator.py took 0.165 seconds
[2023-11-22T21:06:25.994+0000] {processor.py:157} INFO - Started process (PID=2094) to work on /home/airflow/.local/lib/python3.8/site-packages/airflow/example_dags/example_dag_decorator.py
[2023-11-22T21:06:25.996+0000] {processor.py:829} INFO - Processing file /home/airflow/.local/lib/python3.8/site-packages/airflow/example_dags/example_dag_decorator.py for tasks to queue
[2023-11-22T21:06:25.999+0000] {logging_mixin.py:154} INFO - [2023-11-22T21:06:25.998+0000] {dagbag.py:536} INFO - Filling up the DagBag from /home/airflow/.local/lib/python3.8/site-packages/airflow/example_dags/example_dag_decorator.py
[2023-11-22T21:06:26.086+0000] {processor.py:839} INFO - DAG(s) dict_keys(['example_dag_decorator']) retrieved from /home/airflow/.local/lib/python3.8/site-packages/airflow/example_dags/example_dag_decorator.py
[2023-11-22T21:06:26.261+0000] {logging_mixin.py:154} INFO - [2023-11-22T21:06:26.261+0000] {dag.py:2941} INFO - Sync 1 DAGs
[2023-11-22T21:06:26.273+0000] {logging_mixin.py:154} INFO - [2023-11-22T21:06:26.273+0000] {dag.py:3722} INFO - Setting next_dagrun for example_dag_decorator to None, run_after=None
[2023-11-22T21:06:26.294+0000] {processor.py:179} INFO - Processing /home/airflow/.local/lib/python3.8/site-packages/airflow/example_dags/example_dag_decorator.py took 0.303 seconds
[2023-11-22T21:06:56.431+0000] {processor.py:157} INFO - Started process (PID=2150) to work on /home/airflow/.local/lib/python3.8/site-packages/airflow/example_dags/example_dag_decorator.py
[2023-11-22T21:06:56.432+0000] {processor.py:829} INFO - Processing file /home/airflow/.local/lib/python3.8/site-packages/airflow/example_dags/example_dag_decorator.py for tasks to queue
[2023-11-22T21:06:56.436+0000] {logging_mixin.py:154} INFO - [2023-11-22T21:06:56.435+0000] {dagbag.py:536} INFO - Filling up the DagBag from /home/airflow/.local/lib/python3.8/site-packages/airflow/example_dags/example_dag_decorator.py
[2023-11-22T21:06:56.540+0000] {processor.py:839} INFO - DAG(s) dict_keys(['example_dag_decorator']) retrieved from /home/airflow/.local/lib/python3.8/site-packages/airflow/example_dags/example_dag_decorator.py
[2023-11-22T21:06:56.689+0000] {logging_mixin.py:154} INFO - [2023-11-22T21:06:56.688+0000] {dag.py:2941} INFO - Sync 1 DAGs
[2023-11-22T21:06:56.699+0000] {logging_mixin.py:154} INFO - [2023-11-22T21:06:56.699+0000] {dag.py:3722} INFO - Setting next_dagrun for example_dag_decorator to None, run_after=None
[2023-11-22T21:06:56.722+0000] {processor.py:179} INFO - Processing /home/airflow/.local/lib/python3.8/site-packages/airflow/example_dags/example_dag_decorator.py took 0.294 seconds
[2023-11-22T21:07:26.790+0000] {processor.py:157} INFO - Started process (PID=2206) to work on /home/airflow/.local/lib/python3.8/site-packages/airflow/example_dags/example_dag_decorator.py
[2023-11-22T21:07:26.791+0000] {processor.py:829} INFO - Processing file /home/airflow/.local/lib/python3.8/site-packages/airflow/example_dags/example_dag_decorator.py for tasks to queue
[2023-11-22T21:07:26.795+0000] {logging_mixin.py:154} INFO - [2023-11-22T21:07:26.794+0000] {dagbag.py:536} INFO - Filling up the DagBag from /home/airflow/.local/lib/python3.8/site-packages/airflow/example_dags/example_dag_decorator.py
[2023-11-22T21:07:26.893+0000] {processor.py:839} INFO - DAG(s) dict_keys(['example_dag_decorator']) retrieved from /home/airflow/.local/lib/python3.8/site-packages/airflow/example_dags/example_dag_decorator.py
[2023-11-22T21:07:27.062+0000] {logging_mixin.py:154} INFO - [2023-11-22T21:07:27.062+0000] {dag.py:2941} INFO - Sync 1 DAGs
[2023-11-22T21:07:27.075+0000] {logging_mixin.py:154} INFO - [2023-11-22T21:07:27.075+0000] {dag.py:3722} INFO - Setting next_dagrun for example_dag_decorator to None, run_after=None
[2023-11-22T21:07:27.102+0000] {processor.py:179} INFO - Processing /home/airflow/.local/lib/python3.8/site-packages/airflow/example_dags/example_dag_decorator.py took 0.316 seconds
[2023-11-22T21:07:57.248+0000] {processor.py:157} INFO - Started process (PID=2263) to work on /home/airflow/.local/lib/python3.8/site-packages/airflow/example_dags/example_dag_decorator.py
[2023-11-22T21:07:57.249+0000] {processor.py:829} INFO - Processing file /home/airflow/.local/lib/python3.8/site-packages/airflow/example_dags/example_dag_decorator.py for tasks to queue
[2023-11-22T21:07:57.252+0000] {logging_mixin.py:154} INFO - [2023-11-22T21:07:57.252+0000] {dagbag.py:536} INFO - Filling up the DagBag from /home/airflow/.local/lib/python3.8/site-packages/airflow/example_dags/example_dag_decorator.py
[2023-11-22T21:07:57.330+0000] {processor.py:839} INFO - DAG(s) dict_keys(['example_dag_decorator']) retrieved from /home/airflow/.local/lib/python3.8/site-packages/airflow/example_dags/example_dag_decorator.py
[2023-11-22T21:07:57.436+0000] {logging_mixin.py:154} INFO - [2023-11-22T21:07:57.436+0000] {dag.py:2941} INFO - Sync 1 DAGs
[2023-11-22T21:07:57.447+0000] {logging_mixin.py:154} INFO - [2023-11-22T21:07:57.447+0000] {dag.py:3722} INFO - Setting next_dagrun for example_dag_decorator to None, run_after=None
[2023-11-22T21:07:57.467+0000] {processor.py:179} INFO - Processing /home/airflow/.local/lib/python3.8/site-packages/airflow/example_dags/example_dag_decorator.py took 0.222 seconds
[2023-11-22T21:08:27.557+0000] {processor.py:157} INFO - Started process (PID=2317) to work on /home/airflow/.local/lib/python3.8/site-packages/airflow/example_dags/example_dag_decorator.py
[2023-11-22T21:08:27.558+0000] {processor.py:829} INFO - Processing file /home/airflow/.local/lib/python3.8/site-packages/airflow/example_dags/example_dag_decorator.py for tasks to queue
[2023-11-22T21:08:27.561+0000] {logging_mixin.py:154} INFO - [2023-11-22T21:08:27.560+0000] {dagbag.py:536} INFO - Filling up the DagBag from /home/airflow/.local/lib/python3.8/site-packages/airflow/example_dags/example_dag_decorator.py
[2023-11-22T21:08:27.660+0000] {processor.py:839} INFO - DAG(s) dict_keys(['example_dag_decorator']) retrieved from /home/airflow/.local/lib/python3.8/site-packages/airflow/example_dags/example_dag_decorator.py
[2023-11-22T21:08:27.797+0000] {logging_mixin.py:154} INFO - [2023-11-22T21:08:27.797+0000] {dag.py:2941} INFO - Sync 1 DAGs
[2023-11-22T21:08:27.810+0000] {logging_mixin.py:154} INFO - [2023-11-22T21:08:27.809+0000] {dag.py:3722} INFO - Setting next_dagrun for example_dag_decorator to None, run_after=None
[2023-11-22T21:08:27.836+0000] {processor.py:179} INFO - Processing /home/airflow/.local/lib/python3.8/site-packages/airflow/example_dags/example_dag_decorator.py took 0.282 seconds
[2023-11-22T21:08:58.235+0000] {processor.py:157} INFO - Started process (PID=2372) to work on /home/airflow/.local/lib/python3.8/site-packages/airflow/example_dags/example_dag_decorator.py
[2023-11-22T21:08:58.236+0000] {processor.py:829} INFO - Processing file /home/airflow/.local/lib/python3.8/site-packages/airflow/example_dags/example_dag_decorator.py for tasks to queue
[2023-11-22T21:08:58.240+0000] {logging_mixin.py:154} INFO - [2023-11-22T21:08:58.239+0000] {dagbag.py:536} INFO - Filling up the DagBag from /home/airflow/.local/lib/python3.8/site-packages/airflow/example_dags/example_dag_decorator.py
[2023-11-22T21:08:58.326+0000] {processor.py:839} INFO - DAG(s) dict_keys(['example_dag_decorator']) retrieved from /home/airflow/.local/lib/python3.8/site-packages/airflow/example_dags/example_dag_decorator.py
[2023-11-22T21:08:58.476+0000] {logging_mixin.py:154} INFO - [2023-11-22T21:08:58.476+0000] {dag.py:2941} INFO - Sync 1 DAGs
[2023-11-22T21:08:58.488+0000] {logging_mixin.py:154} INFO - [2023-11-22T21:08:58.488+0000] {dag.py:3722} INFO - Setting next_dagrun for example_dag_decorator to None, run_after=None
[2023-11-22T21:08:58.517+0000] {processor.py:179} INFO - Processing /home/airflow/.local/lib/python3.8/site-packages/airflow/example_dags/example_dag_decorator.py took 0.286 seconds
[2023-11-22T21:09:29.491+0000] {processor.py:157} INFO - Started process (PID=2426) to work on /home/airflow/.local/lib/python3.8/site-packages/airflow/example_dags/example_dag_decorator.py
[2023-11-22T21:09:29.492+0000] {processor.py:829} INFO - Processing file /home/airflow/.local/lib/python3.8/site-packages/airflow/example_dags/example_dag_decorator.py for tasks to queue
[2023-11-22T21:09:29.495+0000] {logging_mixin.py:154} INFO - [2023-11-22T21:09:29.495+0000] {dagbag.py:536} INFO - Filling up the DagBag from /home/airflow/.local/lib/python3.8/site-packages/airflow/example_dags/example_dag_decorator.py
[2023-11-22T21:09:29.570+0000] {processor.py:839} INFO - DAG(s) dict_keys(['example_dag_decorator']) retrieved from /home/airflow/.local/lib/python3.8/site-packages/airflow/example_dags/example_dag_decorator.py
[2023-11-22T21:09:29.674+0000] {logging_mixin.py:154} INFO - [2023-11-22T21:09:29.674+0000] {dag.py:2941} INFO - Sync 1 DAGs
[2023-11-22T21:09:29.685+0000] {logging_mixin.py:154} INFO - [2023-11-22T21:09:29.685+0000] {dag.py:3722} INFO - Setting next_dagrun for example_dag_decorator to None, run_after=None
[2023-11-22T21:09:29.710+0000] {processor.py:179} INFO - Processing /home/airflow/.local/lib/python3.8/site-packages/airflow/example_dags/example_dag_decorator.py took 0.223 seconds
[2023-11-22T21:09:59.826+0000] {processor.py:157} INFO - Started process (PID=2480) to work on /home/airflow/.local/lib/python3.8/site-packages/airflow/example_dags/example_dag_decorator.py
[2023-11-22T21:09:59.828+0000] {processor.py:829} INFO - Processing file /home/airflow/.local/lib/python3.8/site-packages/airflow/example_dags/example_dag_decorator.py for tasks to queue
[2023-11-22T21:09:59.831+0000] {logging_mixin.py:154} INFO - [2023-11-22T21:09:59.830+0000] {dagbag.py:536} INFO - Filling up the DagBag from /home/airflow/.local/lib/python3.8/site-packages/airflow/example_dags/example_dag_decorator.py
[2023-11-22T21:09:59.937+0000] {processor.py:839} INFO - DAG(s) dict_keys(['example_dag_decorator']) retrieved from /home/airflow/.local/lib/python3.8/site-packages/airflow/example_dags/example_dag_decorator.py
[2023-11-22T21:10:00.073+0000] {logging_mixin.py:154} INFO - [2023-11-22T21:10:00.072+0000] {dag.py:2941} INFO - Sync 1 DAGs
[2023-11-22T21:10:00.084+0000] {logging_mixin.py:154} INFO - [2023-11-22T21:10:00.084+0000] {dag.py:3722} INFO - Setting next_dagrun for example_dag_decorator to None, run_after=None
[2023-11-22T21:10:00.106+0000] {processor.py:179} INFO - Processing /home/airflow/.local/lib/python3.8/site-packages/airflow/example_dags/example_dag_decorator.py took 0.284 seconds
[2023-11-22T21:10:30.211+0000] {processor.py:157} INFO - Started process (PID=2534) to work on /home/airflow/.local/lib/python3.8/site-packages/airflow/example_dags/example_dag_decorator.py
[2023-11-22T21:10:30.213+0000] {processor.py:829} INFO - Processing file /home/airflow/.local/lib/python3.8/site-packages/airflow/example_dags/example_dag_decorator.py for tasks to queue
[2023-11-22T21:10:30.216+0000] {logging_mixin.py:154} INFO - [2023-11-22T21:10:30.215+0000] {dagbag.py:536} INFO - Filling up the DagBag from /home/airflow/.local/lib/python3.8/site-packages/airflow/example_dags/example_dag_decorator.py
[2023-11-22T21:10:30.293+0000] {processor.py:839} INFO - DAG(s) dict_keys(['example_dag_decorator']) retrieved from /home/airflow/.local/lib/python3.8/site-packages/airflow/example_dags/example_dag_decorator.py
[2023-11-22T21:10:30.432+0000] {logging_mixin.py:154} INFO - [2023-11-22T21:10:30.432+0000] {dag.py:2941} INFO - Sync 1 DAGs
[2023-11-22T21:10:30.444+0000] {logging_mixin.py:154} INFO - [2023-11-22T21:10:30.443+0000] {dag.py:3722} INFO - Setting next_dagrun for example_dag_decorator to None, run_after=None
[2023-11-22T21:10:30.464+0000] {processor.py:179} INFO - Processing /home/airflow/.local/lib/python3.8/site-packages/airflow/example_dags/example_dag_decorator.py took 0.256 seconds
[2023-11-22T21:11:00.615+0000] {processor.py:157} INFO - Started process (PID=2588) to work on /home/airflow/.local/lib/python3.8/site-packages/airflow/example_dags/example_dag_decorator.py
[2023-11-22T21:11:00.617+0000] {processor.py:829} INFO - Processing file /home/airflow/.local/lib/python3.8/site-packages/airflow/example_dags/example_dag_decorator.py for tasks to queue
[2023-11-22T21:11:00.620+0000] {logging_mixin.py:154} INFO - [2023-11-22T21:11:00.620+0000] {dagbag.py:536} INFO - Filling up the DagBag from /home/airflow/.local/lib/python3.8/site-packages/airflow/example_dags/example_dag_decorator.py
[2023-11-22T21:11:00.711+0000] {processor.py:839} INFO - DAG(s) dict_keys(['example_dag_decorator']) retrieved from /home/airflow/.local/lib/python3.8/site-packages/airflow/example_dags/example_dag_decorator.py
[2023-11-22T21:11:00.841+0000] {logging_mixin.py:154} INFO - [2023-11-22T21:11:00.841+0000] {dag.py:2941} INFO - Sync 1 DAGs
[2023-11-22T21:11:00.858+0000] {logging_mixin.py:154} INFO - [2023-11-22T21:11:00.858+0000] {dag.py:3722} INFO - Setting next_dagrun for example_dag_decorator to None, run_after=None
[2023-11-22T21:11:00.884+0000] {processor.py:179} INFO - Processing /home/airflow/.local/lib/python3.8/site-packages/airflow/example_dags/example_dag_decorator.py took 0.273 seconds
[2023-11-22T21:11:31.433+0000] {processor.py:157} INFO - Started process (PID=2642) to work on /home/airflow/.local/lib/python3.8/site-packages/airflow/example_dags/example_dag_decorator.py
[2023-11-22T21:11:31.434+0000] {processor.py:829} INFO - Processing file /home/airflow/.local/lib/python3.8/site-packages/airflow/example_dags/example_dag_decorator.py for tasks to queue
[2023-11-22T21:11:31.437+0000] {logging_mixin.py:154} INFO - [2023-11-22T21:11:31.436+0000] {dagbag.py:536} INFO - Filling up the DagBag from /home/airflow/.local/lib/python3.8/site-packages/airflow/example_dags/example_dag_decorator.py
[2023-11-22T21:11:31.516+0000] {processor.py:839} INFO - DAG(s) dict_keys(['example_dag_decorator']) retrieved from /home/airflow/.local/lib/python3.8/site-packages/airflow/example_dags/example_dag_decorator.py
[2023-11-22T21:11:31.625+0000] {logging_mixin.py:154} INFO - [2023-11-22T21:11:31.625+0000] {dag.py:2941} INFO - Sync 1 DAGs
[2023-11-22T21:11:31.638+0000] {logging_mixin.py:154} INFO - [2023-11-22T21:11:31.638+0000] {dag.py:3722} INFO - Setting next_dagrun for example_dag_decorator to None, run_after=None
[2023-11-22T21:11:31.671+0000] {processor.py:179} INFO - Processing /home/airflow/.local/lib/python3.8/site-packages/airflow/example_dags/example_dag_decorator.py took 0.243 seconds
