[2023-11-22T20:47:08.119+0000] {processor.py:157} INFO - Started process (PID=70) to work on /home/airflow/.local/lib/python3.8/site-packages/airflow/example_dags/example_branch_python_dop_operator_3.py
[2023-11-22T20:47:08.121+0000] {processor.py:829} INFO - Processing file /home/airflow/.local/lib/python3.8/site-packages/airflow/example_dags/example_branch_python_dop_operator_3.py for tasks to queue
[2023-11-22T20:47:08.124+0000] {logging_mixin.py:154} INFO - [2023-11-22T20:47:08.123+0000] {dagbag.py:536} INFO - Filling up the DagBag from /home/airflow/.local/lib/python3.8/site-packages/airflow/example_dags/example_branch_python_dop_operator_3.py
[2023-11-22T20:47:08.362+0000] {processor.py:839} INFO - DAG(s) dict_keys(['example_branch_dop_operator_v3']) retrieved from /home/airflow/.local/lib/python3.8/site-packages/airflow/example_dags/example_branch_python_dop_operator_3.py
[2023-11-22T20:47:08.395+0000] {logging_mixin.py:154} INFO - [2023-11-22T20:47:08.394+0000] {dag.py:2941} INFO - Sync 1 DAGs
[2023-11-22T20:47:08.434+0000] {logging_mixin.py:154} INFO - [2023-11-22T20:47:08.434+0000] {dag.py:3722} INFO - Setting next_dagrun for example_branch_dop_operator_v3 to 2023-11-22T20:46:00+00:00, run_after=2023-11-22T20:47:00+00:00
[2023-11-22T20:47:08.483+0000] {processor.py:179} INFO - Processing /home/airflow/.local/lib/python3.8/site-packages/airflow/example_dags/example_branch_python_dop_operator_3.py took 0.367 seconds
[2023-11-22T20:47:39.935+0000] {processor.py:157} INFO - Started process (PID=124) to work on /home/airflow/.local/lib/python3.8/site-packages/airflow/example_dags/example_branch_python_dop_operator_3.py
[2023-11-22T20:47:39.937+0000] {processor.py:829} INFO - Processing file /home/airflow/.local/lib/python3.8/site-packages/airflow/example_dags/example_branch_python_dop_operator_3.py for tasks to queue
[2023-11-22T20:47:39.940+0000] {logging_mixin.py:154} INFO - [2023-11-22T20:47:39.940+0000] {dagbag.py:536} INFO - Filling up the DagBag from /home/airflow/.local/lib/python3.8/site-packages/airflow/example_dags/example_branch_python_dop_operator_3.py
[2023-11-22T20:47:39.956+0000] {processor.py:839} INFO - DAG(s) dict_keys(['example_branch_dop_operator_v3']) retrieved from /home/airflow/.local/lib/python3.8/site-packages/airflow/example_dags/example_branch_python_dop_operator_3.py
[2023-11-22T20:47:39.994+0000] {logging_mixin.py:154} INFO - [2023-11-22T20:47:39.993+0000] {dag.py:2941} INFO - Sync 1 DAGs
[2023-11-22T20:47:40.037+0000] {logging_mixin.py:154} INFO - [2023-11-22T20:47:40.036+0000] {dag.py:3722} INFO - Setting next_dagrun for example_branch_dop_operator_v3 to 2023-11-22T20:46:00+00:00, run_after=2023-11-22T20:47:00+00:00
[2023-11-22T20:47:40.060+0000] {processor.py:179} INFO - Processing /home/airflow/.local/lib/python3.8/site-packages/airflow/example_dags/example_branch_python_dop_operator_3.py took 0.130 seconds
[2023-11-22T20:48:10.890+0000] {processor.py:157} INFO - Started process (PID=178) to work on /home/airflow/.local/lib/python3.8/site-packages/airflow/example_dags/example_branch_python_dop_operator_3.py
[2023-11-22T20:48:11.285+0000] {processor.py:829} INFO - Processing file /home/airflow/.local/lib/python3.8/site-packages/airflow/example_dags/example_branch_python_dop_operator_3.py for tasks to queue
[2023-11-22T20:48:11.289+0000] {logging_mixin.py:154} INFO - [2023-11-22T20:48:11.289+0000] {dagbag.py:536} INFO - Filling up the DagBag from /home/airflow/.local/lib/python3.8/site-packages/airflow/example_dags/example_branch_python_dop_operator_3.py
[2023-11-22T20:48:11.298+0000] {processor.py:839} INFO - DAG(s) dict_keys(['example_branch_dop_operator_v3']) retrieved from /home/airflow/.local/lib/python3.8/site-packages/airflow/example_dags/example_branch_python_dop_operator_3.py
[2023-11-22T20:48:11.318+0000] {logging_mixin.py:154} INFO - [2023-11-22T20:48:11.318+0000] {dag.py:2941} INFO - Sync 1 DAGs
[2023-11-22T20:48:11.347+0000] {logging_mixin.py:154} INFO - [2023-11-22T20:48:11.347+0000] {dag.py:3722} INFO - Setting next_dagrun for example_branch_dop_operator_v3 to 2023-11-22T20:47:00+00:00, run_after=2023-11-22T20:48:00+00:00
[2023-11-22T20:48:11.456+0000] {processor.py:179} INFO - Processing /home/airflow/.local/lib/python3.8/site-packages/airflow/example_dags/example_branch_python_dop_operator_3.py took 0.577 seconds
[2023-11-22T20:48:41.654+0000] {processor.py:157} INFO - Started process (PID=232) to work on /home/airflow/.local/lib/python3.8/site-packages/airflow/example_dags/example_branch_python_dop_operator_3.py
[2023-11-22T20:48:41.655+0000] {processor.py:829} INFO - Processing file /home/airflow/.local/lib/python3.8/site-packages/airflow/example_dags/example_branch_python_dop_operator_3.py for tasks to queue
[2023-11-22T20:48:41.658+0000] {logging_mixin.py:154} INFO - [2023-11-22T20:48:41.658+0000] {dagbag.py:536} INFO - Filling up the DagBag from /home/airflow/.local/lib/python3.8/site-packages/airflow/example_dags/example_branch_python_dop_operator_3.py
[2023-11-22T20:48:41.672+0000] {processor.py:839} INFO - DAG(s) dict_keys(['example_branch_dop_operator_v3']) retrieved from /home/airflow/.local/lib/python3.8/site-packages/airflow/example_dags/example_branch_python_dop_operator_3.py
[2023-11-22T20:48:41.695+0000] {logging_mixin.py:154} INFO - [2023-11-22T20:48:41.695+0000] {dag.py:2941} INFO - Sync 1 DAGs
[2023-11-22T20:48:41.730+0000] {logging_mixin.py:154} INFO - [2023-11-22T20:48:41.730+0000] {dag.py:3722} INFO - Setting next_dagrun for example_branch_dop_operator_v3 to 2023-11-22T20:47:00+00:00, run_after=2023-11-22T20:48:00+00:00
[2023-11-22T20:48:41.753+0000] {processor.py:179} INFO - Processing /home/airflow/.local/lib/python3.8/site-packages/airflow/example_dags/example_branch_python_dop_operator_3.py took 0.102 seconds
[2023-11-22T20:49:11.866+0000] {processor.py:157} INFO - Started process (PID=286) to work on /home/airflow/.local/lib/python3.8/site-packages/airflow/example_dags/example_branch_python_dop_operator_3.py
[2023-11-22T20:49:11.868+0000] {processor.py:829} INFO - Processing file /home/airflow/.local/lib/python3.8/site-packages/airflow/example_dags/example_branch_python_dop_operator_3.py for tasks to queue
[2023-11-22T20:49:11.871+0000] {logging_mixin.py:154} INFO - [2023-11-22T20:49:11.871+0000] {dagbag.py:536} INFO - Filling up the DagBag from /home/airflow/.local/lib/python3.8/site-packages/airflow/example_dags/example_branch_python_dop_operator_3.py
[2023-11-22T20:49:11.881+0000] {processor.py:839} INFO - DAG(s) dict_keys(['example_branch_dop_operator_v3']) retrieved from /home/airflow/.local/lib/python3.8/site-packages/airflow/example_dags/example_branch_python_dop_operator_3.py
[2023-11-22T20:49:11.903+0000] {logging_mixin.py:154} INFO - [2023-11-22T20:49:11.903+0000] {dag.py:2941} INFO - Sync 1 DAGs
[2023-11-22T20:49:11.934+0000] {logging_mixin.py:154} INFO - [2023-11-22T20:49:11.933+0000] {dag.py:3722} INFO - Setting next_dagrun for example_branch_dop_operator_v3 to 2023-11-22T20:48:00+00:00, run_after=2023-11-22T20:49:00+00:00
[2023-11-22T20:49:11.955+0000] {processor.py:179} INFO - Processing /home/airflow/.local/lib/python3.8/site-packages/airflow/example_dags/example_branch_python_dop_operator_3.py took 0.092 seconds
[2023-11-22T20:49:42.219+0000] {processor.py:157} INFO - Started process (PID=340) to work on /home/airflow/.local/lib/python3.8/site-packages/airflow/example_dags/example_branch_python_dop_operator_3.py
[2023-11-22T20:49:42.220+0000] {processor.py:829} INFO - Processing file /home/airflow/.local/lib/python3.8/site-packages/airflow/example_dags/example_branch_python_dop_operator_3.py for tasks to queue
[2023-11-22T20:49:42.223+0000] {logging_mixin.py:154} INFO - [2023-11-22T20:49:42.223+0000] {dagbag.py:536} INFO - Filling up the DagBag from /home/airflow/.local/lib/python3.8/site-packages/airflow/example_dags/example_branch_python_dop_operator_3.py
[2023-11-22T20:49:42.232+0000] {processor.py:839} INFO - DAG(s) dict_keys(['example_branch_dop_operator_v3']) retrieved from /home/airflow/.local/lib/python3.8/site-packages/airflow/example_dags/example_branch_python_dop_operator_3.py
[2023-11-22T20:49:42.255+0000] {logging_mixin.py:154} INFO - [2023-11-22T20:49:42.254+0000] {dag.py:2941} INFO - Sync 1 DAGs
[2023-11-22T20:49:42.288+0000] {logging_mixin.py:154} INFO - [2023-11-22T20:49:42.288+0000] {dag.py:3722} INFO - Setting next_dagrun for example_branch_dop_operator_v3 to 2023-11-22T20:48:00+00:00, run_after=2023-11-22T20:49:00+00:00
[2023-11-22T20:49:42.308+0000] {processor.py:179} INFO - Processing /home/airflow/.local/lib/python3.8/site-packages/airflow/example_dags/example_branch_python_dop_operator_3.py took 0.092 seconds
[2023-11-22T20:50:13.072+0000] {processor.py:157} INFO - Started process (PID=394) to work on /home/airflow/.local/lib/python3.8/site-packages/airflow/example_dags/example_branch_python_dop_operator_3.py
[2023-11-22T20:50:13.073+0000] {processor.py:829} INFO - Processing file /home/airflow/.local/lib/python3.8/site-packages/airflow/example_dags/example_branch_python_dop_operator_3.py for tasks to queue
[2023-11-22T20:50:13.077+0000] {logging_mixin.py:154} INFO - [2023-11-22T20:50:13.076+0000] {dagbag.py:536} INFO - Filling up the DagBag from /home/airflow/.local/lib/python3.8/site-packages/airflow/example_dags/example_branch_python_dop_operator_3.py
[2023-11-22T20:50:13.089+0000] {processor.py:839} INFO - DAG(s) dict_keys(['example_branch_dop_operator_v3']) retrieved from /home/airflow/.local/lib/python3.8/site-packages/airflow/example_dags/example_branch_python_dop_operator_3.py
[2023-11-22T20:50:13.113+0000] {logging_mixin.py:154} INFO - [2023-11-22T20:50:13.113+0000] {dag.py:2941} INFO - Sync 1 DAGs
[2023-11-22T20:50:13.147+0000] {logging_mixin.py:154} INFO - [2023-11-22T20:50:13.146+0000] {dag.py:3722} INFO - Setting next_dagrun for example_branch_dop_operator_v3 to 2023-11-22T20:49:00+00:00, run_after=2023-11-22T20:50:00+00:00
[2023-11-22T20:50:13.335+0000] {processor.py:179} INFO - Processing /home/airflow/.local/lib/python3.8/site-packages/airflow/example_dags/example_branch_python_dop_operator_3.py took 0.268 seconds
[2023-11-22T20:50:44.186+0000] {processor.py:157} INFO - Started process (PID=448) to work on /home/airflow/.local/lib/python3.8/site-packages/airflow/example_dags/example_branch_python_dop_operator_3.py
[2023-11-22T20:50:44.188+0000] {processor.py:829} INFO - Processing file /home/airflow/.local/lib/python3.8/site-packages/airflow/example_dags/example_branch_python_dop_operator_3.py for tasks to queue
[2023-11-22T20:50:44.190+0000] {logging_mixin.py:154} INFO - [2023-11-22T20:50:44.190+0000] {dagbag.py:536} INFO - Filling up the DagBag from /home/airflow/.local/lib/python3.8/site-packages/airflow/example_dags/example_branch_python_dop_operator_3.py
[2023-11-22T20:50:44.200+0000] {processor.py:839} INFO - DAG(s) dict_keys(['example_branch_dop_operator_v3']) retrieved from /home/airflow/.local/lib/python3.8/site-packages/airflow/example_dags/example_branch_python_dop_operator_3.py
[2023-11-22T20:50:44.220+0000] {logging_mixin.py:154} INFO - [2023-11-22T20:50:44.220+0000] {dag.py:2941} INFO - Sync 1 DAGs
[2023-11-22T20:50:44.246+0000] {logging_mixin.py:154} INFO - [2023-11-22T20:50:44.246+0000] {dag.py:3722} INFO - Setting next_dagrun for example_branch_dop_operator_v3 to 2023-11-22T20:49:00+00:00, run_after=2023-11-22T20:50:00+00:00
[2023-11-22T20:50:44.266+0000] {processor.py:179} INFO - Processing /home/airflow/.local/lib/python3.8/site-packages/airflow/example_dags/example_branch_python_dop_operator_3.py took 0.083 seconds
[2023-11-22T20:51:14.786+0000] {processor.py:157} INFO - Started process (PID=502) to work on /home/airflow/.local/lib/python3.8/site-packages/airflow/example_dags/example_branch_python_dop_operator_3.py
[2023-11-22T20:51:14.788+0000] {processor.py:829} INFO - Processing file /home/airflow/.local/lib/python3.8/site-packages/airflow/example_dags/example_branch_python_dop_operator_3.py for tasks to queue
[2023-11-22T20:51:14.790+0000] {logging_mixin.py:154} INFO - [2023-11-22T20:51:14.790+0000] {dagbag.py:536} INFO - Filling up the DagBag from /home/airflow/.local/lib/python3.8/site-packages/airflow/example_dags/example_branch_python_dop_operator_3.py
[2023-11-22T20:51:14.800+0000] {processor.py:839} INFO - DAG(s) dict_keys(['example_branch_dop_operator_v3']) retrieved from /home/airflow/.local/lib/python3.8/site-packages/airflow/example_dags/example_branch_python_dop_operator_3.py
[2023-11-22T20:51:14.821+0000] {logging_mixin.py:154} INFO - [2023-11-22T20:51:14.820+0000] {dag.py:2941} INFO - Sync 1 DAGs
[2023-11-22T20:51:14.846+0000] {logging_mixin.py:154} INFO - [2023-11-22T20:51:14.845+0000] {dag.py:3722} INFO - Setting next_dagrun for example_branch_dop_operator_v3 to 2023-11-22T20:50:00+00:00, run_after=2023-11-22T20:51:00+00:00
[2023-11-22T20:51:14.866+0000] {processor.py:179} INFO - Processing /home/airflow/.local/lib/python3.8/site-packages/airflow/example_dags/example_branch_python_dop_operator_3.py took 0.085 seconds
[2023-11-22T20:51:45.085+0000] {processor.py:157} INFO - Started process (PID=556) to work on /home/airflow/.local/lib/python3.8/site-packages/airflow/example_dags/example_branch_python_dop_operator_3.py
[2023-11-22T20:51:45.086+0000] {processor.py:829} INFO - Processing file /home/airflow/.local/lib/python3.8/site-packages/airflow/example_dags/example_branch_python_dop_operator_3.py for tasks to queue
[2023-11-22T20:51:45.090+0000] {logging_mixin.py:154} INFO - [2023-11-22T20:51:45.090+0000] {dagbag.py:536} INFO - Filling up the DagBag from /home/airflow/.local/lib/python3.8/site-packages/airflow/example_dags/example_branch_python_dop_operator_3.py
[2023-11-22T20:51:45.103+0000] {processor.py:839} INFO - DAG(s) dict_keys(['example_branch_dop_operator_v3']) retrieved from /home/airflow/.local/lib/python3.8/site-packages/airflow/example_dags/example_branch_python_dop_operator_3.py
[2023-11-22T20:51:45.130+0000] {logging_mixin.py:154} INFO - [2023-11-22T20:51:45.129+0000] {dag.py:2941} INFO - Sync 1 DAGs
[2023-11-22T20:51:45.162+0000] {logging_mixin.py:154} INFO - [2023-11-22T20:51:45.162+0000] {dag.py:3722} INFO - Setting next_dagrun for example_branch_dop_operator_v3 to 2023-11-22T20:50:00+00:00, run_after=2023-11-22T20:51:00+00:00
[2023-11-22T20:51:45.187+0000] {processor.py:179} INFO - Processing /home/airflow/.local/lib/python3.8/site-packages/airflow/example_dags/example_branch_python_dop_operator_3.py took 0.107 seconds
[2023-11-22T20:52:30.191+0000] {processor.py:157} INFO - Started process (PID=618) to work on /home/airflow/.local/lib/python3.8/site-packages/airflow/example_dags/example_branch_python_dop_operator_3.py
[2023-11-22T20:52:30.192+0000] {processor.py:829} INFO - Processing file /home/airflow/.local/lib/python3.8/site-packages/airflow/example_dags/example_branch_python_dop_operator_3.py for tasks to queue
[2023-11-22T20:52:30.196+0000] {logging_mixin.py:154} INFO - [2023-11-22T20:52:30.195+0000] {dagbag.py:536} INFO - Filling up the DagBag from /home/airflow/.local/lib/python3.8/site-packages/airflow/example_dags/example_branch_python_dop_operator_3.py
[2023-11-22T20:52:30.206+0000] {processor.py:839} INFO - DAG(s) dict_keys(['example_branch_dop_operator_v3']) retrieved from /home/airflow/.local/lib/python3.8/site-packages/airflow/example_dags/example_branch_python_dop_operator_3.py
[2023-11-22T20:52:30.231+0000] {logging_mixin.py:154} INFO - [2023-11-22T20:52:30.231+0000] {dag.py:2941} INFO - Sync 1 DAGs
[2023-11-22T20:52:30.273+0000] {logging_mixin.py:154} INFO - [2023-11-22T20:52:30.273+0000] {dag.py:3722} INFO - Setting next_dagrun for example_branch_dop_operator_v3 to 2023-11-22T20:51:00+00:00, run_after=2023-11-22T20:52:00+00:00
[2023-11-22T20:52:30.301+0000] {processor.py:179} INFO - Processing /home/airflow/.local/lib/python3.8/site-packages/airflow/example_dags/example_branch_python_dop_operator_3.py took 0.113 seconds
[2023-11-22T20:53:00.686+0000] {processor.py:157} INFO - Started process (PID=670) to work on /home/airflow/.local/lib/python3.8/site-packages/airflow/example_dags/example_branch_python_dop_operator_3.py
[2023-11-22T20:53:00.687+0000] {processor.py:829} INFO - Processing file /home/airflow/.local/lib/python3.8/site-packages/airflow/example_dags/example_branch_python_dop_operator_3.py for tasks to queue
[2023-11-22T20:53:00.690+0000] {logging_mixin.py:154} INFO - [2023-11-22T20:53:00.689+0000] {dagbag.py:536} INFO - Filling up the DagBag from /home/airflow/.local/lib/python3.8/site-packages/airflow/example_dags/example_branch_python_dop_operator_3.py
[2023-11-22T20:53:00.699+0000] {processor.py:839} INFO - DAG(s) dict_keys(['example_branch_dop_operator_v3']) retrieved from /home/airflow/.local/lib/python3.8/site-packages/airflow/example_dags/example_branch_python_dop_operator_3.py
[2023-11-22T20:53:00.719+0000] {logging_mixin.py:154} INFO - [2023-11-22T20:53:00.719+0000] {dag.py:2941} INFO - Sync 1 DAGs
[2023-11-22T20:53:00.747+0000] {logging_mixin.py:154} INFO - [2023-11-22T20:53:00.747+0000] {dag.py:3722} INFO - Setting next_dagrun for example_branch_dop_operator_v3 to 2023-11-22T20:52:00+00:00, run_after=2023-11-22T20:53:00+00:00
[2023-11-22T20:53:00.771+0000] {processor.py:179} INFO - Processing /home/airflow/.local/lib/python3.8/site-packages/airflow/example_dags/example_branch_python_dop_operator_3.py took 0.088 seconds
[2023-11-22T20:53:31.369+0000] {processor.py:157} INFO - Started process (PID=725) to work on /home/airflow/.local/lib/python3.8/site-packages/airflow/example_dags/example_branch_python_dop_operator_3.py
[2023-11-22T20:53:31.371+0000] {processor.py:829} INFO - Processing file /home/airflow/.local/lib/python3.8/site-packages/airflow/example_dags/example_branch_python_dop_operator_3.py for tasks to queue
[2023-11-22T20:53:31.373+0000] {logging_mixin.py:154} INFO - [2023-11-22T20:53:31.373+0000] {dagbag.py:536} INFO - Filling up the DagBag from /home/airflow/.local/lib/python3.8/site-packages/airflow/example_dags/example_branch_python_dop_operator_3.py
[2023-11-22T20:53:31.384+0000] {processor.py:839} INFO - DAG(s) dict_keys(['example_branch_dop_operator_v3']) retrieved from /home/airflow/.local/lib/python3.8/site-packages/airflow/example_dags/example_branch_python_dop_operator_3.py
[2023-11-22T20:53:31.407+0000] {logging_mixin.py:154} INFO - [2023-11-22T20:53:31.407+0000] {dag.py:2941} INFO - Sync 1 DAGs
[2023-11-22T20:53:31.436+0000] {logging_mixin.py:154} INFO - [2023-11-22T20:53:31.435+0000] {dag.py:3722} INFO - Setting next_dagrun for example_branch_dop_operator_v3 to 2023-11-22T20:52:00+00:00, run_after=2023-11-22T20:53:00+00:00
[2023-11-22T20:53:31.457+0000] {processor.py:179} INFO - Processing /home/airflow/.local/lib/python3.8/site-packages/airflow/example_dags/example_branch_python_dop_operator_3.py took 0.092 seconds
[2023-11-22T20:54:06.835+0000] {processor.py:157} INFO - Started process (PID=780) to work on /home/airflow/.local/lib/python3.8/site-packages/airflow/example_dags/example_branch_python_dop_operator_3.py
[2023-11-22T20:54:06.837+0000] {processor.py:829} INFO - Processing file /home/airflow/.local/lib/python3.8/site-packages/airflow/example_dags/example_branch_python_dop_operator_3.py for tasks to queue
[2023-11-22T20:54:06.840+0000] {logging_mixin.py:154} INFO - [2023-11-22T20:54:06.839+0000] {dagbag.py:536} INFO - Filling up the DagBag from /home/airflow/.local/lib/python3.8/site-packages/airflow/example_dags/example_branch_python_dop_operator_3.py
[2023-11-22T20:54:06.851+0000] {processor.py:839} INFO - DAG(s) dict_keys(['example_branch_dop_operator_v3']) retrieved from /home/airflow/.local/lib/python3.8/site-packages/airflow/example_dags/example_branch_python_dop_operator_3.py
[2023-11-22T20:54:06.873+0000] {logging_mixin.py:154} INFO - [2023-11-22T20:54:06.873+0000] {dag.py:2941} INFO - Sync 1 DAGs
[2023-11-22T20:54:06.912+0000] {logging_mixin.py:154} INFO - [2023-11-22T20:54:06.912+0000] {dag.py:3722} INFO - Setting next_dagrun for example_branch_dop_operator_v3 to 2023-11-22T20:53:00+00:00, run_after=2023-11-22T20:54:00+00:00
[2023-11-22T20:54:06.936+0000] {processor.py:179} INFO - Processing /home/airflow/.local/lib/python3.8/site-packages/airflow/example_dags/example_branch_python_dop_operator_3.py took 0.105 seconds
[2023-11-22T20:54:38.740+0000] {processor.py:157} INFO - Started process (PID=834) to work on /home/airflow/.local/lib/python3.8/site-packages/airflow/example_dags/example_branch_python_dop_operator_3.py
[2023-11-22T20:54:38.742+0000] {processor.py:829} INFO - Processing file /home/airflow/.local/lib/python3.8/site-packages/airflow/example_dags/example_branch_python_dop_operator_3.py for tasks to queue
[2023-11-22T20:54:38.747+0000] {logging_mixin.py:154} INFO - [2023-11-22T20:54:38.747+0000] {dagbag.py:536} INFO - Filling up the DagBag from /home/airflow/.local/lib/python3.8/site-packages/airflow/example_dags/example_branch_python_dop_operator_3.py
[2023-11-22T20:54:38.760+0000] {processor.py:839} INFO - DAG(s) dict_keys(['example_branch_dop_operator_v3']) retrieved from /home/airflow/.local/lib/python3.8/site-packages/airflow/example_dags/example_branch_python_dop_operator_3.py
[2023-11-22T20:54:38.790+0000] {logging_mixin.py:154} INFO - [2023-11-22T20:54:38.790+0000] {dag.py:2941} INFO - Sync 1 DAGs
[2023-11-22T20:54:38.838+0000] {logging_mixin.py:154} INFO - [2023-11-22T20:54:38.837+0000] {dag.py:3722} INFO - Setting next_dagrun for example_branch_dop_operator_v3 to 2023-11-22T20:53:00+00:00, run_after=2023-11-22T20:54:00+00:00
[2023-11-22T20:54:38.917+0000] {processor.py:179} INFO - Processing /home/airflow/.local/lib/python3.8/site-packages/airflow/example_dags/example_branch_python_dop_operator_3.py took 0.183 seconds
[2023-11-22T20:55:09.798+0000] {processor.py:157} INFO - Started process (PID=888) to work on /home/airflow/.local/lib/python3.8/site-packages/airflow/example_dags/example_branch_python_dop_operator_3.py
[2023-11-22T20:55:09.799+0000] {processor.py:829} INFO - Processing file /home/airflow/.local/lib/python3.8/site-packages/airflow/example_dags/example_branch_python_dop_operator_3.py for tasks to queue
[2023-11-22T20:55:09.802+0000] {logging_mixin.py:154} INFO - [2023-11-22T20:55:09.802+0000] {dagbag.py:536} INFO - Filling up the DagBag from /home/airflow/.local/lib/python3.8/site-packages/airflow/example_dags/example_branch_python_dop_operator_3.py
[2023-11-22T20:55:09.815+0000] {processor.py:839} INFO - DAG(s) dict_keys(['example_branch_dop_operator_v3']) retrieved from /home/airflow/.local/lib/python3.8/site-packages/airflow/example_dags/example_branch_python_dop_operator_3.py
[2023-11-22T20:55:09.843+0000] {logging_mixin.py:154} INFO - [2023-11-22T20:55:09.842+0000] {dag.py:2941} INFO - Sync 1 DAGs
[2023-11-22T20:55:09.870+0000] {logging_mixin.py:154} INFO - [2023-11-22T20:55:09.870+0000] {dag.py:3722} INFO - Setting next_dagrun for example_branch_dop_operator_v3 to 2023-11-22T20:54:00+00:00, run_after=2023-11-22T20:55:00+00:00
[2023-11-22T20:55:09.890+0000] {processor.py:179} INFO - Processing /home/airflow/.local/lib/python3.8/site-packages/airflow/example_dags/example_branch_python_dop_operator_3.py took 0.096 seconds
[2023-11-22T20:55:40.811+0000] {processor.py:157} INFO - Started process (PID=942) to work on /home/airflow/.local/lib/python3.8/site-packages/airflow/example_dags/example_branch_python_dop_operator_3.py
[2023-11-22T20:55:40.812+0000] {processor.py:829} INFO - Processing file /home/airflow/.local/lib/python3.8/site-packages/airflow/example_dags/example_branch_python_dop_operator_3.py for tasks to queue
[2023-11-22T20:55:40.815+0000] {logging_mixin.py:154} INFO - [2023-11-22T20:55:40.815+0000] {dagbag.py:536} INFO - Filling up the DagBag from /home/airflow/.local/lib/python3.8/site-packages/airflow/example_dags/example_branch_python_dop_operator_3.py
[2023-11-22T20:55:40.824+0000] {processor.py:839} INFO - DAG(s) dict_keys(['example_branch_dop_operator_v3']) retrieved from /home/airflow/.local/lib/python3.8/site-packages/airflow/example_dags/example_branch_python_dop_operator_3.py
[2023-11-22T20:55:40.853+0000] {logging_mixin.py:154} INFO - [2023-11-22T20:55:40.853+0000] {dag.py:2941} INFO - Sync 1 DAGs
[2023-11-22T20:55:40.883+0000] {logging_mixin.py:154} INFO - [2023-11-22T20:55:40.883+0000] {dag.py:3722} INFO - Setting next_dagrun for example_branch_dop_operator_v3 to 2023-11-22T20:54:00+00:00, run_after=2023-11-22T20:55:00+00:00
[2023-11-22T20:55:40.903+0000] {processor.py:179} INFO - Processing /home/airflow/.local/lib/python3.8/site-packages/airflow/example_dags/example_branch_python_dop_operator_3.py took 0.096 seconds
[2023-11-22T20:56:10.949+0000] {processor.py:157} INFO - Started process (PID=996) to work on /home/airflow/.local/lib/python3.8/site-packages/airflow/example_dags/example_branch_python_dop_operator_3.py
[2023-11-22T20:56:10.950+0000] {processor.py:829} INFO - Processing file /home/airflow/.local/lib/python3.8/site-packages/airflow/example_dags/example_branch_python_dop_operator_3.py for tasks to queue
[2023-11-22T20:56:10.952+0000] {logging_mixin.py:154} INFO - [2023-11-22T20:56:10.952+0000] {dagbag.py:536} INFO - Filling up the DagBag from /home/airflow/.local/lib/python3.8/site-packages/airflow/example_dags/example_branch_python_dop_operator_3.py
[2023-11-22T20:56:10.961+0000] {processor.py:839} INFO - DAG(s) dict_keys(['example_branch_dop_operator_v3']) retrieved from /home/airflow/.local/lib/python3.8/site-packages/airflow/example_dags/example_branch_python_dop_operator_3.py
[2023-11-22T20:56:10.981+0000] {logging_mixin.py:154} INFO - [2023-11-22T20:56:10.981+0000] {dag.py:2941} INFO - Sync 1 DAGs
[2023-11-22T20:56:11.010+0000] {logging_mixin.py:154} INFO - [2023-11-22T20:56:11.009+0000] {dag.py:3722} INFO - Setting next_dagrun for example_branch_dop_operator_v3 to 2023-11-22T20:55:00+00:00, run_after=2023-11-22T20:56:00+00:00
[2023-11-22T20:56:11.029+0000] {processor.py:179} INFO - Processing /home/airflow/.local/lib/python3.8/site-packages/airflow/example_dags/example_branch_python_dop_operator_3.py took 0.083 seconds
[2023-11-22T20:56:41.171+0000] {processor.py:157} INFO - Started process (PID=1050) to work on /home/airflow/.local/lib/python3.8/site-packages/airflow/example_dags/example_branch_python_dop_operator_3.py
[2023-11-22T20:56:41.172+0000] {processor.py:829} INFO - Processing file /home/airflow/.local/lib/python3.8/site-packages/airflow/example_dags/example_branch_python_dop_operator_3.py for tasks to queue
[2023-11-22T20:56:41.174+0000] {logging_mixin.py:154} INFO - [2023-11-22T20:56:41.174+0000] {dagbag.py:536} INFO - Filling up the DagBag from /home/airflow/.local/lib/python3.8/site-packages/airflow/example_dags/example_branch_python_dop_operator_3.py
[2023-11-22T20:56:41.184+0000] {processor.py:839} INFO - DAG(s) dict_keys(['example_branch_dop_operator_v3']) retrieved from /home/airflow/.local/lib/python3.8/site-packages/airflow/example_dags/example_branch_python_dop_operator_3.py
[2023-11-22T20:56:41.207+0000] {logging_mixin.py:154} INFO - [2023-11-22T20:56:41.207+0000] {dag.py:2941} INFO - Sync 1 DAGs
[2023-11-22T20:56:41.238+0000] {logging_mixin.py:154} INFO - [2023-11-22T20:56:41.237+0000] {dag.py:3722} INFO - Setting next_dagrun for example_branch_dop_operator_v3 to 2023-11-22T20:55:00+00:00, run_after=2023-11-22T20:56:00+00:00
[2023-11-22T20:56:41.263+0000] {processor.py:179} INFO - Processing /home/airflow/.local/lib/python3.8/site-packages/airflow/example_dags/example_branch_python_dop_operator_3.py took 0.095 seconds
[2023-11-22T20:57:11.384+0000] {processor.py:157} INFO - Started process (PID=1104) to work on /home/airflow/.local/lib/python3.8/site-packages/airflow/example_dags/example_branch_python_dop_operator_3.py
[2023-11-22T20:57:11.385+0000] {processor.py:829} INFO - Processing file /home/airflow/.local/lib/python3.8/site-packages/airflow/example_dags/example_branch_python_dop_operator_3.py for tasks to queue
[2023-11-22T20:57:11.388+0000] {logging_mixin.py:154} INFO - [2023-11-22T20:57:11.388+0000] {dagbag.py:536} INFO - Filling up the DagBag from /home/airflow/.local/lib/python3.8/site-packages/airflow/example_dags/example_branch_python_dop_operator_3.py
[2023-11-22T20:57:11.398+0000] {processor.py:839} INFO - DAG(s) dict_keys(['example_branch_dop_operator_v3']) retrieved from /home/airflow/.local/lib/python3.8/site-packages/airflow/example_dags/example_branch_python_dop_operator_3.py
[2023-11-22T20:57:11.421+0000] {logging_mixin.py:154} INFO - [2023-11-22T20:57:11.420+0000] {dag.py:2941} INFO - Sync 1 DAGs
[2023-11-22T20:57:11.449+0000] {logging_mixin.py:154} INFO - [2023-11-22T20:57:11.449+0000] {dag.py:3722} INFO - Setting next_dagrun for example_branch_dop_operator_v3 to 2023-11-22T20:56:00+00:00, run_after=2023-11-22T20:57:00+00:00
[2023-11-22T20:57:11.468+0000] {processor.py:179} INFO - Processing /home/airflow/.local/lib/python3.8/site-packages/airflow/example_dags/example_branch_python_dop_operator_3.py took 0.088 seconds
[2023-11-22T20:57:41.708+0000] {processor.py:157} INFO - Started process (PID=1158) to work on /home/airflow/.local/lib/python3.8/site-packages/airflow/example_dags/example_branch_python_dop_operator_3.py
[2023-11-22T20:57:41.709+0000] {processor.py:829} INFO - Processing file /home/airflow/.local/lib/python3.8/site-packages/airflow/example_dags/example_branch_python_dop_operator_3.py for tasks to queue
[2023-11-22T20:57:41.711+0000] {logging_mixin.py:154} INFO - [2023-11-22T20:57:41.711+0000] {dagbag.py:536} INFO - Filling up the DagBag from /home/airflow/.local/lib/python3.8/site-packages/airflow/example_dags/example_branch_python_dop_operator_3.py
[2023-11-22T20:57:41.720+0000] {processor.py:839} INFO - DAG(s) dict_keys(['example_branch_dop_operator_v3']) retrieved from /home/airflow/.local/lib/python3.8/site-packages/airflow/example_dags/example_branch_python_dop_operator_3.py
[2023-11-22T20:57:41.741+0000] {logging_mixin.py:154} INFO - [2023-11-22T20:57:41.741+0000] {dag.py:2941} INFO - Sync 1 DAGs
[2023-11-22T20:57:41.769+0000] {logging_mixin.py:154} INFO - [2023-11-22T20:57:41.768+0000] {dag.py:3722} INFO - Setting next_dagrun for example_branch_dop_operator_v3 to 2023-11-22T20:56:00+00:00, run_after=2023-11-22T20:57:00+00:00
[2023-11-22T20:57:41.786+0000] {processor.py:179} INFO - Processing /home/airflow/.local/lib/python3.8/site-packages/airflow/example_dags/example_branch_python_dop_operator_3.py took 0.082 seconds
[2023-11-22T20:58:13.261+0000] {processor.py:157} INFO - Started process (PID=1212) to work on /home/airflow/.local/lib/python3.8/site-packages/airflow/example_dags/example_branch_python_dop_operator_3.py
[2023-11-22T20:58:13.263+0000] {processor.py:829} INFO - Processing file /home/airflow/.local/lib/python3.8/site-packages/airflow/example_dags/example_branch_python_dop_operator_3.py for tasks to queue
[2023-11-22T20:58:13.265+0000] {logging_mixin.py:154} INFO - [2023-11-22T20:58:13.265+0000] {dagbag.py:536} INFO - Filling up the DagBag from /home/airflow/.local/lib/python3.8/site-packages/airflow/example_dags/example_branch_python_dop_operator_3.py
[2023-11-22T20:58:13.279+0000] {processor.py:839} INFO - DAG(s) dict_keys(['example_branch_dop_operator_v3']) retrieved from /home/airflow/.local/lib/python3.8/site-packages/airflow/example_dags/example_branch_python_dop_operator_3.py
[2023-11-22T20:58:13.301+0000] {logging_mixin.py:154} INFO - [2023-11-22T20:58:13.301+0000] {dag.py:2941} INFO - Sync 1 DAGs
[2023-11-22T20:58:13.354+0000] {logging_mixin.py:154} INFO - [2023-11-22T20:58:13.353+0000] {dag.py:3722} INFO - Setting next_dagrun for example_branch_dop_operator_v3 to 2023-11-22T20:57:00+00:00, run_after=2023-11-22T20:58:00+00:00
[2023-11-22T20:58:13.534+0000] {processor.py:179} INFO - Processing /home/airflow/.local/lib/python3.8/site-packages/airflow/example_dags/example_branch_python_dop_operator_3.py took 0.276 seconds
[2023-11-22T20:58:44.253+0000] {processor.py:157} INFO - Started process (PID=1266) to work on /home/airflow/.local/lib/python3.8/site-packages/airflow/example_dags/example_branch_python_dop_operator_3.py
[2023-11-22T20:58:44.255+0000] {processor.py:829} INFO - Processing file /home/airflow/.local/lib/python3.8/site-packages/airflow/example_dags/example_branch_python_dop_operator_3.py for tasks to queue
[2023-11-22T20:58:44.257+0000] {logging_mixin.py:154} INFO - [2023-11-22T20:58:44.257+0000] {dagbag.py:536} INFO - Filling up the DagBag from /home/airflow/.local/lib/python3.8/site-packages/airflow/example_dags/example_branch_python_dop_operator_3.py
[2023-11-22T20:58:44.266+0000] {processor.py:839} INFO - DAG(s) dict_keys(['example_branch_dop_operator_v3']) retrieved from /home/airflow/.local/lib/python3.8/site-packages/airflow/example_dags/example_branch_python_dop_operator_3.py
[2023-11-22T20:58:44.288+0000] {logging_mixin.py:154} INFO - [2023-11-22T20:58:44.287+0000] {dag.py:2941} INFO - Sync 1 DAGs
[2023-11-22T20:58:44.313+0000] {logging_mixin.py:154} INFO - [2023-11-22T20:58:44.313+0000] {dag.py:3722} INFO - Setting next_dagrun for example_branch_dop_operator_v3 to 2023-11-22T20:57:00+00:00, run_after=2023-11-22T20:58:00+00:00
[2023-11-22T20:58:44.333+0000] {processor.py:179} INFO - Processing /home/airflow/.local/lib/python3.8/site-packages/airflow/example_dags/example_branch_python_dop_operator_3.py took 0.084 seconds
[2023-11-22T20:59:15.061+0000] {processor.py:157} INFO - Started process (PID=1320) to work on /home/airflow/.local/lib/python3.8/site-packages/airflow/example_dags/example_branch_python_dop_operator_3.py
[2023-11-22T20:59:15.063+0000] {processor.py:829} INFO - Processing file /home/airflow/.local/lib/python3.8/site-packages/airflow/example_dags/example_branch_python_dop_operator_3.py for tasks to queue
[2023-11-22T20:59:15.066+0000] {logging_mixin.py:154} INFO - [2023-11-22T20:59:15.065+0000] {dagbag.py:536} INFO - Filling up the DagBag from /home/airflow/.local/lib/python3.8/site-packages/airflow/example_dags/example_branch_python_dop_operator_3.py
[2023-11-22T20:59:15.076+0000] {processor.py:839} INFO - DAG(s) dict_keys(['example_branch_dop_operator_v3']) retrieved from /home/airflow/.local/lib/python3.8/site-packages/airflow/example_dags/example_branch_python_dop_operator_3.py
[2023-11-22T20:59:15.098+0000] {logging_mixin.py:154} INFO - [2023-11-22T20:59:15.097+0000] {dag.py:2941} INFO - Sync 1 DAGs
[2023-11-22T20:59:15.125+0000] {logging_mixin.py:154} INFO - [2023-11-22T20:59:15.125+0000] {dag.py:3722} INFO - Setting next_dagrun for example_branch_dop_operator_v3 to 2023-11-22T20:58:00+00:00, run_after=2023-11-22T20:59:00+00:00
[2023-11-22T20:59:15.148+0000] {processor.py:179} INFO - Processing /home/airflow/.local/lib/python3.8/site-packages/airflow/example_dags/example_branch_python_dop_operator_3.py took 0.091 seconds
[2023-11-22T20:59:45.960+0000] {processor.py:157} INFO - Started process (PID=1374) to work on /home/airflow/.local/lib/python3.8/site-packages/airflow/example_dags/example_branch_python_dop_operator_3.py
[2023-11-22T20:59:45.961+0000] {processor.py:829} INFO - Processing file /home/airflow/.local/lib/python3.8/site-packages/airflow/example_dags/example_branch_python_dop_operator_3.py for tasks to queue
[2023-11-22T20:59:45.964+0000] {logging_mixin.py:154} INFO - [2023-11-22T20:59:45.964+0000] {dagbag.py:536} INFO - Filling up the DagBag from /home/airflow/.local/lib/python3.8/site-packages/airflow/example_dags/example_branch_python_dop_operator_3.py
[2023-11-22T20:59:45.974+0000] {processor.py:839} INFO - DAG(s) dict_keys(['example_branch_dop_operator_v3']) retrieved from /home/airflow/.local/lib/python3.8/site-packages/airflow/example_dags/example_branch_python_dop_operator_3.py
[2023-11-22T20:59:45.994+0000] {logging_mixin.py:154} INFO - [2023-11-22T20:59:45.994+0000] {dag.py:2941} INFO - Sync 1 DAGs
[2023-11-22T20:59:46.165+0000] {logging_mixin.py:154} INFO - [2023-11-22T20:59:46.164+0000] {dag.py:3722} INFO - Setting next_dagrun for example_branch_dop_operator_v3 to 2023-11-22T20:58:00+00:00, run_after=2023-11-22T20:59:00+00:00
[2023-11-22T20:59:46.198+0000] {processor.py:179} INFO - Processing /home/airflow/.local/lib/python3.8/site-packages/airflow/example_dags/example_branch_python_dop_operator_3.py took 0.241 seconds
[2023-11-22T21:00:16.757+0000] {processor.py:157} INFO - Started process (PID=1428) to work on /home/airflow/.local/lib/python3.8/site-packages/airflow/example_dags/example_branch_python_dop_operator_3.py
[2023-11-22T21:00:16.759+0000] {processor.py:829} INFO - Processing file /home/airflow/.local/lib/python3.8/site-packages/airflow/example_dags/example_branch_python_dop_operator_3.py for tasks to queue
[2023-11-22T21:00:16.762+0000] {logging_mixin.py:154} INFO - [2023-11-22T21:00:16.761+0000] {dagbag.py:536} INFO - Filling up the DagBag from /home/airflow/.local/lib/python3.8/site-packages/airflow/example_dags/example_branch_python_dop_operator_3.py
[2023-11-22T21:00:16.773+0000] {processor.py:839} INFO - DAG(s) dict_keys(['example_branch_dop_operator_v3']) retrieved from /home/airflow/.local/lib/python3.8/site-packages/airflow/example_dags/example_branch_python_dop_operator_3.py
[2023-11-22T21:00:16.793+0000] {logging_mixin.py:154} INFO - [2023-11-22T21:00:16.792+0000] {dag.py:2941} INFO - Sync 1 DAGs
[2023-11-22T21:00:16.822+0000] {logging_mixin.py:154} INFO - [2023-11-22T21:00:16.822+0000] {dag.py:3722} INFO - Setting next_dagrun for example_branch_dop_operator_v3 to 2023-11-22T20:59:00+00:00, run_after=2023-11-22T21:00:00+00:00
[2023-11-22T21:00:16.857+0000] {processor.py:179} INFO - Processing /home/airflow/.local/lib/python3.8/site-packages/airflow/example_dags/example_branch_python_dop_operator_3.py took 0.104 seconds
[2023-11-22T21:00:47.492+0000] {processor.py:157} INFO - Started process (PID=1482) to work on /home/airflow/.local/lib/python3.8/site-packages/airflow/example_dags/example_branch_python_dop_operator_3.py
[2023-11-22T21:00:47.493+0000] {processor.py:829} INFO - Processing file /home/airflow/.local/lib/python3.8/site-packages/airflow/example_dags/example_branch_python_dop_operator_3.py for tasks to queue
[2023-11-22T21:00:47.495+0000] {logging_mixin.py:154} INFO - [2023-11-22T21:00:47.495+0000] {dagbag.py:536} INFO - Filling up the DagBag from /home/airflow/.local/lib/python3.8/site-packages/airflow/example_dags/example_branch_python_dop_operator_3.py
[2023-11-22T21:00:47.504+0000] {processor.py:839} INFO - DAG(s) dict_keys(['example_branch_dop_operator_v3']) retrieved from /home/airflow/.local/lib/python3.8/site-packages/airflow/example_dags/example_branch_python_dop_operator_3.py
[2023-11-22T21:00:47.524+0000] {logging_mixin.py:154} INFO - [2023-11-22T21:00:47.524+0000] {dag.py:2941} INFO - Sync 1 DAGs
[2023-11-22T21:00:47.551+0000] {logging_mixin.py:154} INFO - [2023-11-22T21:00:47.551+0000] {dag.py:3722} INFO - Setting next_dagrun for example_branch_dop_operator_v3 to 2023-11-22T20:59:00+00:00, run_after=2023-11-22T21:00:00+00:00
[2023-11-22T21:00:47.572+0000] {processor.py:179} INFO - Processing /home/airflow/.local/lib/python3.8/site-packages/airflow/example_dags/example_branch_python_dop_operator_3.py took 0.083 seconds
[2023-11-22T21:01:18.229+0000] {processor.py:157} INFO - Started process (PID=1536) to work on /home/airflow/.local/lib/python3.8/site-packages/airflow/example_dags/example_branch_python_dop_operator_3.py
[2023-11-22T21:01:18.231+0000] {processor.py:829} INFO - Processing file /home/airflow/.local/lib/python3.8/site-packages/airflow/example_dags/example_branch_python_dop_operator_3.py for tasks to queue
[2023-11-22T21:01:18.234+0000] {logging_mixin.py:154} INFO - [2023-11-22T21:01:18.234+0000] {dagbag.py:536} INFO - Filling up the DagBag from /home/airflow/.local/lib/python3.8/site-packages/airflow/example_dags/example_branch_python_dop_operator_3.py
[2023-11-22T21:01:18.244+0000] {processor.py:839} INFO - DAG(s) dict_keys(['example_branch_dop_operator_v3']) retrieved from /home/airflow/.local/lib/python3.8/site-packages/airflow/example_dags/example_branch_python_dop_operator_3.py
[2023-11-22T21:01:18.269+0000] {logging_mixin.py:154} INFO - [2023-11-22T21:01:18.268+0000] {dag.py:2941} INFO - Sync 1 DAGs
[2023-11-22T21:01:18.437+0000] {logging_mixin.py:154} INFO - [2023-11-22T21:01:18.436+0000] {dag.py:3722} INFO - Setting next_dagrun for example_branch_dop_operator_v3 to 2023-11-22T21:00:00+00:00, run_after=2023-11-22T21:01:00+00:00
[2023-11-22T21:01:18.463+0000] {processor.py:179} INFO - Processing /home/airflow/.local/lib/python3.8/site-packages/airflow/example_dags/example_branch_python_dop_operator_3.py took 0.238 seconds
[2023-11-22T21:01:48.553+0000] {processor.py:157} INFO - Started process (PID=1590) to work on /home/airflow/.local/lib/python3.8/site-packages/airflow/example_dags/example_branch_python_dop_operator_3.py
[2023-11-22T21:01:48.555+0000] {processor.py:829} INFO - Processing file /home/airflow/.local/lib/python3.8/site-packages/airflow/example_dags/example_branch_python_dop_operator_3.py for tasks to queue
[2023-11-22T21:01:48.558+0000] {logging_mixin.py:154} INFO - [2023-11-22T21:01:48.558+0000] {dagbag.py:536} INFO - Filling up the DagBag from /home/airflow/.local/lib/python3.8/site-packages/airflow/example_dags/example_branch_python_dop_operator_3.py
[2023-11-22T21:01:48.567+0000] {processor.py:839} INFO - DAG(s) dict_keys(['example_branch_dop_operator_v3']) retrieved from /home/airflow/.local/lib/python3.8/site-packages/airflow/example_dags/example_branch_python_dop_operator_3.py
[2023-11-22T21:01:48.589+0000] {logging_mixin.py:154} INFO - [2023-11-22T21:01:48.589+0000] {dag.py:2941} INFO - Sync 1 DAGs
[2023-11-22T21:01:48.617+0000] {logging_mixin.py:154} INFO - [2023-11-22T21:01:48.617+0000] {dag.py:3722} INFO - Setting next_dagrun for example_branch_dop_operator_v3 to 2023-11-22T21:00:00+00:00, run_after=2023-11-22T21:01:00+00:00
[2023-11-22T21:01:48.773+0000] {processor.py:179} INFO - Processing /home/airflow/.local/lib/python3.8/site-packages/airflow/example_dags/example_branch_python_dop_operator_3.py took 0.224 seconds
[2023-11-22T21:02:18.925+0000] {processor.py:157} INFO - Started process (PID=1644) to work on /home/airflow/.local/lib/python3.8/site-packages/airflow/example_dags/example_branch_python_dop_operator_3.py
[2023-11-22T21:02:18.926+0000] {processor.py:829} INFO - Processing file /home/airflow/.local/lib/python3.8/site-packages/airflow/example_dags/example_branch_python_dop_operator_3.py for tasks to queue
[2023-11-22T21:02:18.928+0000] {logging_mixin.py:154} INFO - [2023-11-22T21:02:18.928+0000] {dagbag.py:536} INFO - Filling up the DagBag from /home/airflow/.local/lib/python3.8/site-packages/airflow/example_dags/example_branch_python_dop_operator_3.py
[2023-11-22T21:02:18.939+0000] {processor.py:839} INFO - DAG(s) dict_keys(['example_branch_dop_operator_v3']) retrieved from /home/airflow/.local/lib/python3.8/site-packages/airflow/example_dags/example_branch_python_dop_operator_3.py
[2023-11-22T21:02:18.960+0000] {logging_mixin.py:154} INFO - [2023-11-22T21:02:18.960+0000] {dag.py:2941} INFO - Sync 1 DAGs
[2023-11-22T21:02:18.985+0000] {logging_mixin.py:154} INFO - [2023-11-22T21:02:18.985+0000] {dag.py:3722} INFO - Setting next_dagrun for example_branch_dop_operator_v3 to 2023-11-22T21:01:00+00:00, run_after=2023-11-22T21:02:00+00:00
[2023-11-22T21:02:19.006+0000] {processor.py:179} INFO - Processing /home/airflow/.local/lib/python3.8/site-packages/airflow/example_dags/example_branch_python_dop_operator_3.py took 0.085 seconds
[2023-11-22T21:02:49.473+0000] {processor.py:157} INFO - Started process (PID=1699) to work on /home/airflow/.local/lib/python3.8/site-packages/airflow/example_dags/example_branch_python_dop_operator_3.py
[2023-11-22T21:02:49.475+0000] {processor.py:829} INFO - Processing file /home/airflow/.local/lib/python3.8/site-packages/airflow/example_dags/example_branch_python_dop_operator_3.py for tasks to queue
[2023-11-22T21:02:49.478+0000] {logging_mixin.py:154} INFO - [2023-11-22T21:02:49.477+0000] {dagbag.py:536} INFO - Filling up the DagBag from /home/airflow/.local/lib/python3.8/site-packages/airflow/example_dags/example_branch_python_dop_operator_3.py
[2023-11-22T21:02:49.488+0000] {processor.py:839} INFO - DAG(s) dict_keys(['example_branch_dop_operator_v3']) retrieved from /home/airflow/.local/lib/python3.8/site-packages/airflow/example_dags/example_branch_python_dop_operator_3.py
[2023-11-22T21:02:49.513+0000] {logging_mixin.py:154} INFO - [2023-11-22T21:02:49.513+0000] {dag.py:2941} INFO - Sync 1 DAGs
[2023-11-22T21:02:49.702+0000] {logging_mixin.py:154} INFO - [2023-11-22T21:02:49.701+0000] {dag.py:3722} INFO - Setting next_dagrun for example_branch_dop_operator_v3 to 2023-11-22T21:01:00+00:00, run_after=2023-11-22T21:02:00+00:00
[2023-11-22T21:02:49.729+0000] {processor.py:179} INFO - Processing /home/airflow/.local/lib/python3.8/site-packages/airflow/example_dags/example_branch_python_dop_operator_3.py took 0.259 seconds
[2023-11-22T21:03:20.474+0000] {processor.py:157} INFO - Started process (PID=1760) to work on /home/airflow/.local/lib/python3.8/site-packages/airflow/example_dags/example_branch_python_dop_operator_3.py
[2023-11-22T21:03:20.475+0000] {processor.py:829} INFO - Processing file /home/airflow/.local/lib/python3.8/site-packages/airflow/example_dags/example_branch_python_dop_operator_3.py for tasks to queue
[2023-11-22T21:03:20.478+0000] {logging_mixin.py:154} INFO - [2023-11-22T21:03:20.477+0000] {dagbag.py:536} INFO - Filling up the DagBag from /home/airflow/.local/lib/python3.8/site-packages/airflow/example_dags/example_branch_python_dop_operator_3.py
[2023-11-22T21:03:20.487+0000] {processor.py:839} INFO - DAG(s) dict_keys(['example_branch_dop_operator_v3']) retrieved from /home/airflow/.local/lib/python3.8/site-packages/airflow/example_dags/example_branch_python_dop_operator_3.py
[2023-11-22T21:03:20.507+0000] {logging_mixin.py:154} INFO - [2023-11-22T21:03:20.507+0000] {dag.py:2941} INFO - Sync 1 DAGs
[2023-11-22T21:03:20.536+0000] {logging_mixin.py:154} INFO - [2023-11-22T21:03:20.536+0000] {dag.py:3722} INFO - Setting next_dagrun for example_branch_dop_operator_v3 to 2023-11-22T21:02:00+00:00, run_after=2023-11-22T21:03:00+00:00
[2023-11-22T21:03:20.560+0000] {processor.py:179} INFO - Processing /home/airflow/.local/lib/python3.8/site-packages/airflow/example_dags/example_branch_python_dop_operator_3.py took 0.089 seconds
[2023-11-22T21:03:50.628+0000] {processor.py:157} INFO - Started process (PID=1814) to work on /home/airflow/.local/lib/python3.8/site-packages/airflow/example_dags/example_branch_python_dop_operator_3.py
[2023-11-22T21:03:50.629+0000] {processor.py:829} INFO - Processing file /home/airflow/.local/lib/python3.8/site-packages/airflow/example_dags/example_branch_python_dop_operator_3.py for tasks to queue
[2023-11-22T21:03:50.631+0000] {logging_mixin.py:154} INFO - [2023-11-22T21:03:50.631+0000] {dagbag.py:536} INFO - Filling up the DagBag from /home/airflow/.local/lib/python3.8/site-packages/airflow/example_dags/example_branch_python_dop_operator_3.py
[2023-11-22T21:03:50.640+0000] {processor.py:839} INFO - DAG(s) dict_keys(['example_branch_dop_operator_v3']) retrieved from /home/airflow/.local/lib/python3.8/site-packages/airflow/example_dags/example_branch_python_dop_operator_3.py
[2023-11-22T21:03:50.660+0000] {logging_mixin.py:154} INFO - [2023-11-22T21:03:50.660+0000] {dag.py:2941} INFO - Sync 1 DAGs
[2023-11-22T21:03:50.685+0000] {logging_mixin.py:154} INFO - [2023-11-22T21:03:50.685+0000] {dag.py:3722} INFO - Setting next_dagrun for example_branch_dop_operator_v3 to 2023-11-22T21:02:00+00:00, run_after=2023-11-22T21:03:00+00:00
[2023-11-22T21:03:50.705+0000] {processor.py:179} INFO - Processing /home/airflow/.local/lib/python3.8/site-packages/airflow/example_dags/example_branch_python_dop_operator_3.py took 0.080 seconds
[2023-11-22T21:04:20.826+0000] {processor.py:157} INFO - Started process (PID=1868) to work on /home/airflow/.local/lib/python3.8/site-packages/airflow/example_dags/example_branch_python_dop_operator_3.py
[2023-11-22T21:04:20.827+0000] {processor.py:829} INFO - Processing file /home/airflow/.local/lib/python3.8/site-packages/airflow/example_dags/example_branch_python_dop_operator_3.py for tasks to queue
[2023-11-22T21:04:20.830+0000] {logging_mixin.py:154} INFO - [2023-11-22T21:04:20.830+0000] {dagbag.py:536} INFO - Filling up the DagBag from /home/airflow/.local/lib/python3.8/site-packages/airflow/example_dags/example_branch_python_dop_operator_3.py
[2023-11-22T21:04:20.841+0000] {processor.py:839} INFO - DAG(s) dict_keys(['example_branch_dop_operator_v3']) retrieved from /home/airflow/.local/lib/python3.8/site-packages/airflow/example_dags/example_branch_python_dop_operator_3.py
[2023-11-22T21:04:20.865+0000] {logging_mixin.py:154} INFO - [2023-11-22T21:04:20.865+0000] {dag.py:2941} INFO - Sync 1 DAGs
[2023-11-22T21:04:20.897+0000] {logging_mixin.py:154} INFO - [2023-11-22T21:04:20.897+0000] {dag.py:3722} INFO - Setting next_dagrun for example_branch_dop_operator_v3 to 2023-11-22T21:03:00+00:00, run_after=2023-11-22T21:04:00+00:00
[2023-11-22T21:04:20.918+0000] {processor.py:179} INFO - Processing /home/airflow/.local/lib/python3.8/site-packages/airflow/example_dags/example_branch_python_dop_operator_3.py took 0.096 seconds
[2023-11-22T21:04:51.026+0000] {processor.py:157} INFO - Started process (PID=1922) to work on /home/airflow/.local/lib/python3.8/site-packages/airflow/example_dags/example_branch_python_dop_operator_3.py
[2023-11-22T21:04:51.027+0000] {processor.py:829} INFO - Processing file /home/airflow/.local/lib/python3.8/site-packages/airflow/example_dags/example_branch_python_dop_operator_3.py for tasks to queue
[2023-11-22T21:04:51.030+0000] {logging_mixin.py:154} INFO - [2023-11-22T21:04:51.029+0000] {dagbag.py:536} INFO - Filling up the DagBag from /home/airflow/.local/lib/python3.8/site-packages/airflow/example_dags/example_branch_python_dop_operator_3.py
[2023-11-22T21:04:51.040+0000] {processor.py:839} INFO - DAG(s) dict_keys(['example_branch_dop_operator_v3']) retrieved from /home/airflow/.local/lib/python3.8/site-packages/airflow/example_dags/example_branch_python_dop_operator_3.py
[2023-11-22T21:04:51.061+0000] {logging_mixin.py:154} INFO - [2023-11-22T21:04:51.061+0000] {dag.py:2941} INFO - Sync 1 DAGs
[2023-11-22T21:04:51.087+0000] {logging_mixin.py:154} INFO - [2023-11-22T21:04:51.087+0000] {dag.py:3722} INFO - Setting next_dagrun for example_branch_dop_operator_v3 to 2023-11-22T21:03:00+00:00, run_after=2023-11-22T21:04:00+00:00
[2023-11-22T21:04:51.111+0000] {processor.py:179} INFO - Processing /home/airflow/.local/lib/python3.8/site-packages/airflow/example_dags/example_branch_python_dop_operator_3.py took 0.088 seconds
[2023-11-22T21:05:21.200+0000] {processor.py:157} INFO - Started process (PID=1976) to work on /home/airflow/.local/lib/python3.8/site-packages/airflow/example_dags/example_branch_python_dop_operator_3.py
[2023-11-22T21:05:21.201+0000] {processor.py:829} INFO - Processing file /home/airflow/.local/lib/python3.8/site-packages/airflow/example_dags/example_branch_python_dop_operator_3.py for tasks to queue
[2023-11-22T21:05:21.204+0000] {logging_mixin.py:154} INFO - [2023-11-22T21:05:21.204+0000] {dagbag.py:536} INFO - Filling up the DagBag from /home/airflow/.local/lib/python3.8/site-packages/airflow/example_dags/example_branch_python_dop_operator_3.py
[2023-11-22T21:05:21.215+0000] {processor.py:839} INFO - DAG(s) dict_keys(['example_branch_dop_operator_v3']) retrieved from /home/airflow/.local/lib/python3.8/site-packages/airflow/example_dags/example_branch_python_dop_operator_3.py
[2023-11-22T21:05:21.235+0000] {logging_mixin.py:154} INFO - [2023-11-22T21:05:21.235+0000] {dag.py:2941} INFO - Sync 1 DAGs
[2023-11-22T21:05:21.262+0000] {logging_mixin.py:154} INFO - [2023-11-22T21:05:21.262+0000] {dag.py:3722} INFO - Setting next_dagrun for example_branch_dop_operator_v3 to 2023-11-22T21:04:00+00:00, run_after=2023-11-22T21:05:00+00:00
[2023-11-22T21:05:21.286+0000] {processor.py:179} INFO - Processing /home/airflow/.local/lib/python3.8/site-packages/airflow/example_dags/example_branch_python_dop_operator_3.py took 0.090 seconds
[2023-11-22T21:05:51.812+0000] {processor.py:157} INFO - Started process (PID=2030) to work on /home/airflow/.local/lib/python3.8/site-packages/airflow/example_dags/example_branch_python_dop_operator_3.py
[2023-11-22T21:05:51.814+0000] {processor.py:829} INFO - Processing file /home/airflow/.local/lib/python3.8/site-packages/airflow/example_dags/example_branch_python_dop_operator_3.py for tasks to queue
[2023-11-22T21:05:51.816+0000] {logging_mixin.py:154} INFO - [2023-11-22T21:05:51.816+0000] {dagbag.py:536} INFO - Filling up the DagBag from /home/airflow/.local/lib/python3.8/site-packages/airflow/example_dags/example_branch_python_dop_operator_3.py
[2023-11-22T21:05:51.826+0000] {processor.py:839} INFO - DAG(s) dict_keys(['example_branch_dop_operator_v3']) retrieved from /home/airflow/.local/lib/python3.8/site-packages/airflow/example_dags/example_branch_python_dop_operator_3.py
[2023-11-22T21:05:51.847+0000] {logging_mixin.py:154} INFO - [2023-11-22T21:05:51.846+0000] {dag.py:2941} INFO - Sync 1 DAGs
[2023-11-22T21:05:51.877+0000] {logging_mixin.py:154} INFO - [2023-11-22T21:05:51.877+0000] {dag.py:3722} INFO - Setting next_dagrun for example_branch_dop_operator_v3 to 2023-11-22T21:04:00+00:00, run_after=2023-11-22T21:05:00+00:00
[2023-11-22T21:05:51.901+0000] {processor.py:179} INFO - Processing /home/airflow/.local/lib/python3.8/site-packages/airflow/example_dags/example_branch_python_dop_operator_3.py took 0.091 seconds
[2023-11-22T21:06:22.452+0000] {processor.py:157} INFO - Started process (PID=2085) to work on /home/airflow/.local/lib/python3.8/site-packages/airflow/example_dags/example_branch_python_dop_operator_3.py
[2023-11-22T21:06:22.453+0000] {processor.py:829} INFO - Processing file /home/airflow/.local/lib/python3.8/site-packages/airflow/example_dags/example_branch_python_dop_operator_3.py for tasks to queue
[2023-11-22T21:06:22.456+0000] {logging_mixin.py:154} INFO - [2023-11-22T21:06:22.456+0000] {dagbag.py:536} INFO - Filling up the DagBag from /home/airflow/.local/lib/python3.8/site-packages/airflow/example_dags/example_branch_python_dop_operator_3.py
[2023-11-22T21:06:22.465+0000] {processor.py:839} INFO - DAG(s) dict_keys(['example_branch_dop_operator_v3']) retrieved from /home/airflow/.local/lib/python3.8/site-packages/airflow/example_dags/example_branch_python_dop_operator_3.py
[2023-11-22T21:06:22.486+0000] {logging_mixin.py:154} INFO - [2023-11-22T21:06:22.486+0000] {dag.py:2941} INFO - Sync 1 DAGs
[2023-11-22T21:06:22.534+0000] {logging_mixin.py:154} INFO - [2023-11-22T21:06:22.533+0000] {dag.py:3722} INFO - Setting next_dagrun for example_branch_dop_operator_v3 to 2023-11-22T21:05:00+00:00, run_after=2023-11-22T21:06:00+00:00
[2023-11-22T21:06:22.556+0000] {processor.py:179} INFO - Processing /home/airflow/.local/lib/python3.8/site-packages/airflow/example_dags/example_branch_python_dop_operator_3.py took 0.106 seconds
[2023-11-22T21:06:52.746+0000] {processor.py:157} INFO - Started process (PID=2140) to work on /home/airflow/.local/lib/python3.8/site-packages/airflow/example_dags/example_branch_python_dop_operator_3.py
[2023-11-22T21:06:52.747+0000] {processor.py:829} INFO - Processing file /home/airflow/.local/lib/python3.8/site-packages/airflow/example_dags/example_branch_python_dop_operator_3.py for tasks to queue
[2023-11-22T21:06:52.750+0000] {logging_mixin.py:154} INFO - [2023-11-22T21:06:52.749+0000] {dagbag.py:536} INFO - Filling up the DagBag from /home/airflow/.local/lib/python3.8/site-packages/airflow/example_dags/example_branch_python_dop_operator_3.py
[2023-11-22T21:06:52.759+0000] {processor.py:839} INFO - DAG(s) dict_keys(['example_branch_dop_operator_v3']) retrieved from /home/airflow/.local/lib/python3.8/site-packages/airflow/example_dags/example_branch_python_dop_operator_3.py
[2023-11-22T21:06:52.779+0000] {logging_mixin.py:154} INFO - [2023-11-22T21:06:52.779+0000] {dag.py:2941} INFO - Sync 1 DAGs
[2023-11-22T21:06:52.806+0000] {logging_mixin.py:154} INFO - [2023-11-22T21:06:52.806+0000] {dag.py:3722} INFO - Setting next_dagrun for example_branch_dop_operator_v3 to 2023-11-22T21:05:00+00:00, run_after=2023-11-22T21:06:00+00:00
[2023-11-22T21:06:52.825+0000] {processor.py:179} INFO - Processing /home/airflow/.local/lib/python3.8/site-packages/airflow/example_dags/example_branch_python_dop_operator_3.py took 0.083 seconds
[2023-11-22T21:07:22.951+0000] {processor.py:157} INFO - Started process (PID=2194) to work on /home/airflow/.local/lib/python3.8/site-packages/airflow/example_dags/example_branch_python_dop_operator_3.py
[2023-11-22T21:07:22.952+0000] {processor.py:829} INFO - Processing file /home/airflow/.local/lib/python3.8/site-packages/airflow/example_dags/example_branch_python_dop_operator_3.py for tasks to queue
[2023-11-22T21:07:22.955+0000] {logging_mixin.py:154} INFO - [2023-11-22T21:07:22.955+0000] {dagbag.py:536} INFO - Filling up the DagBag from /home/airflow/.local/lib/python3.8/site-packages/airflow/example_dags/example_branch_python_dop_operator_3.py
[2023-11-22T21:07:22.964+0000] {processor.py:839} INFO - DAG(s) dict_keys(['example_branch_dop_operator_v3']) retrieved from /home/airflow/.local/lib/python3.8/site-packages/airflow/example_dags/example_branch_python_dop_operator_3.py
[2023-11-22T21:07:22.985+0000] {logging_mixin.py:154} INFO - [2023-11-22T21:07:22.985+0000] {dag.py:2941} INFO - Sync 1 DAGs
[2023-11-22T21:07:23.013+0000] {logging_mixin.py:154} INFO - [2023-11-22T21:07:23.013+0000] {dag.py:3722} INFO - Setting next_dagrun for example_branch_dop_operator_v3 to 2023-11-22T21:06:00+00:00, run_after=2023-11-22T21:07:00+00:00
[2023-11-22T21:07:23.034+0000] {processor.py:179} INFO - Processing /home/airflow/.local/lib/python3.8/site-packages/airflow/example_dags/example_branch_python_dop_operator_3.py took 0.086 seconds
[2023-11-22T21:07:53.209+0000] {processor.py:157} INFO - Started process (PID=2248) to work on /home/airflow/.local/lib/python3.8/site-packages/airflow/example_dags/example_branch_python_dop_operator_3.py
[2023-11-22T21:07:53.210+0000] {processor.py:829} INFO - Processing file /home/airflow/.local/lib/python3.8/site-packages/airflow/example_dags/example_branch_python_dop_operator_3.py for tasks to queue
[2023-11-22T21:07:53.213+0000] {logging_mixin.py:154} INFO - [2023-11-22T21:07:53.212+0000] {dagbag.py:536} INFO - Filling up the DagBag from /home/airflow/.local/lib/python3.8/site-packages/airflow/example_dags/example_branch_python_dop_operator_3.py
[2023-11-22T21:07:53.222+0000] {processor.py:839} INFO - DAG(s) dict_keys(['example_branch_dop_operator_v3']) retrieved from /home/airflow/.local/lib/python3.8/site-packages/airflow/example_dags/example_branch_python_dop_operator_3.py
[2023-11-22T21:07:53.243+0000] {logging_mixin.py:154} INFO - [2023-11-22T21:07:53.242+0000] {dag.py:2941} INFO - Sync 1 DAGs
[2023-11-22T21:07:53.269+0000] {logging_mixin.py:154} INFO - [2023-11-22T21:07:53.269+0000] {dag.py:3722} INFO - Setting next_dagrun for example_branch_dop_operator_v3 to 2023-11-22T21:06:00+00:00, run_after=2023-11-22T21:07:00+00:00
[2023-11-22T21:07:53.289+0000] {processor.py:179} INFO - Processing /home/airflow/.local/lib/python3.8/site-packages/airflow/example_dags/example_branch_python_dop_operator_3.py took 0.084 seconds
[2023-11-22T21:08:23.371+0000] {processor.py:157} INFO - Started process (PID=2302) to work on /home/airflow/.local/lib/python3.8/site-packages/airflow/example_dags/example_branch_python_dop_operator_3.py
[2023-11-22T21:08:23.372+0000] {processor.py:829} INFO - Processing file /home/airflow/.local/lib/python3.8/site-packages/airflow/example_dags/example_branch_python_dop_operator_3.py for tasks to queue
[2023-11-22T21:08:23.375+0000] {logging_mixin.py:154} INFO - [2023-11-22T21:08:23.375+0000] {dagbag.py:536} INFO - Filling up the DagBag from /home/airflow/.local/lib/python3.8/site-packages/airflow/example_dags/example_branch_python_dop_operator_3.py
[2023-11-22T21:08:23.387+0000] {processor.py:839} INFO - DAG(s) dict_keys(['example_branch_dop_operator_v3']) retrieved from /home/airflow/.local/lib/python3.8/site-packages/airflow/example_dags/example_branch_python_dop_operator_3.py
[2023-11-22T21:08:23.411+0000] {logging_mixin.py:154} INFO - [2023-11-22T21:08:23.410+0000] {dag.py:2941} INFO - Sync 1 DAGs
[2023-11-22T21:08:23.442+0000] {logging_mixin.py:154} INFO - [2023-11-22T21:08:23.442+0000] {dag.py:3722} INFO - Setting next_dagrun for example_branch_dop_operator_v3 to 2023-11-22T21:07:00+00:00, run_after=2023-11-22T21:08:00+00:00
[2023-11-22T21:08:23.466+0000] {processor.py:179} INFO - Processing /home/airflow/.local/lib/python3.8/site-packages/airflow/example_dags/example_branch_python_dop_operator_3.py took 0.100 seconds
[2023-11-22T21:08:54.007+0000] {processor.py:157} INFO - Started process (PID=2355) to work on /home/airflow/.local/lib/python3.8/site-packages/airflow/example_dags/example_branch_python_dop_operator_3.py
[2023-11-22T21:08:54.008+0000] {processor.py:829} INFO - Processing file /home/airflow/.local/lib/python3.8/site-packages/airflow/example_dags/example_branch_python_dop_operator_3.py for tasks to queue
[2023-11-22T21:08:54.012+0000] {logging_mixin.py:154} INFO - [2023-11-22T21:08:54.011+0000] {dagbag.py:536} INFO - Filling up the DagBag from /home/airflow/.local/lib/python3.8/site-packages/airflow/example_dags/example_branch_python_dop_operator_3.py
[2023-11-22T21:08:54.022+0000] {processor.py:839} INFO - DAG(s) dict_keys(['example_branch_dop_operator_v3']) retrieved from /home/airflow/.local/lib/python3.8/site-packages/airflow/example_dags/example_branch_python_dop_operator_3.py
[2023-11-22T21:08:54.046+0000] {logging_mixin.py:154} INFO - [2023-11-22T21:08:54.045+0000] {dag.py:2941} INFO - Sync 1 DAGs
[2023-11-22T21:08:54.075+0000] {logging_mixin.py:154} INFO - [2023-11-22T21:08:54.075+0000] {dag.py:3722} INFO - Setting next_dagrun for example_branch_dop_operator_v3 to 2023-11-22T21:07:00+00:00, run_after=2023-11-22T21:08:00+00:00
[2023-11-22T21:08:54.101+0000] {processor.py:179} INFO - Processing /home/airflow/.local/lib/python3.8/site-packages/airflow/example_dags/example_branch_python_dop_operator_3.py took 0.098 seconds
[2023-11-22T21:09:24.368+0000] {processor.py:157} INFO - Started process (PID=2409) to work on /home/airflow/.local/lib/python3.8/site-packages/airflow/example_dags/example_branch_python_dop_operator_3.py
[2023-11-22T21:09:24.369+0000] {processor.py:829} INFO - Processing file /home/airflow/.local/lib/python3.8/site-packages/airflow/example_dags/example_branch_python_dop_operator_3.py for tasks to queue
[2023-11-22T21:09:24.373+0000] {logging_mixin.py:154} INFO - [2023-11-22T21:09:24.372+0000] {dagbag.py:536} INFO - Filling up the DagBag from /home/airflow/.local/lib/python3.8/site-packages/airflow/example_dags/example_branch_python_dop_operator_3.py
[2023-11-22T21:09:24.384+0000] {processor.py:839} INFO - DAG(s) dict_keys(['example_branch_dop_operator_v3']) retrieved from /home/airflow/.local/lib/python3.8/site-packages/airflow/example_dags/example_branch_python_dop_operator_3.py
[2023-11-22T21:09:24.406+0000] {logging_mixin.py:154} INFO - [2023-11-22T21:09:24.406+0000] {dag.py:2941} INFO - Sync 1 DAGs
[2023-11-22T21:09:24.434+0000] {logging_mixin.py:154} INFO - [2023-11-22T21:09:24.434+0000] {dag.py:3722} INFO - Setting next_dagrun for example_branch_dop_operator_v3 to 2023-11-22T21:08:00+00:00, run_after=2023-11-22T21:09:00+00:00
[2023-11-22T21:09:24.453+0000] {processor.py:179} INFO - Processing /home/airflow/.local/lib/python3.8/site-packages/airflow/example_dags/example_branch_python_dop_operator_3.py took 0.090 seconds
[2023-11-22T21:09:54.611+0000] {processor.py:157} INFO - Started process (PID=2463) to work on /home/airflow/.local/lib/python3.8/site-packages/airflow/example_dags/example_branch_python_dop_operator_3.py
[2023-11-22T21:09:54.612+0000] {processor.py:829} INFO - Processing file /home/airflow/.local/lib/python3.8/site-packages/airflow/example_dags/example_branch_python_dop_operator_3.py for tasks to queue
[2023-11-22T21:09:54.615+0000] {logging_mixin.py:154} INFO - [2023-11-22T21:09:54.615+0000] {dagbag.py:536} INFO - Filling up the DagBag from /home/airflow/.local/lib/python3.8/site-packages/airflow/example_dags/example_branch_python_dop_operator_3.py
[2023-11-22T21:09:54.627+0000] {processor.py:839} INFO - DAG(s) dict_keys(['example_branch_dop_operator_v3']) retrieved from /home/airflow/.local/lib/python3.8/site-packages/airflow/example_dags/example_branch_python_dop_operator_3.py
[2023-11-22T21:09:54.648+0000] {logging_mixin.py:154} INFO - [2023-11-22T21:09:54.648+0000] {dag.py:2941} INFO - Sync 1 DAGs
[2023-11-22T21:09:54.678+0000] {logging_mixin.py:154} INFO - [2023-11-22T21:09:54.677+0000] {dag.py:3722} INFO - Setting next_dagrun for example_branch_dop_operator_v3 to 2023-11-22T21:08:00+00:00, run_after=2023-11-22T21:09:00+00:00
[2023-11-22T21:09:54.699+0000] {processor.py:179} INFO - Processing /home/airflow/.local/lib/python3.8/site-packages/airflow/example_dags/example_branch_python_dop_operator_3.py took 0.093 seconds
[2023-11-22T21:10:25.217+0000] {processor.py:157} INFO - Started process (PID=2517) to work on /home/airflow/.local/lib/python3.8/site-packages/airflow/example_dags/example_branch_python_dop_operator_3.py
[2023-11-22T21:10:25.219+0000] {processor.py:829} INFO - Processing file /home/airflow/.local/lib/python3.8/site-packages/airflow/example_dags/example_branch_python_dop_operator_3.py for tasks to queue
[2023-11-22T21:10:25.221+0000] {logging_mixin.py:154} INFO - [2023-11-22T21:10:25.221+0000] {dagbag.py:536} INFO - Filling up the DagBag from /home/airflow/.local/lib/python3.8/site-packages/airflow/example_dags/example_branch_python_dop_operator_3.py
[2023-11-22T21:10:25.230+0000] {processor.py:839} INFO - DAG(s) dict_keys(['example_branch_dop_operator_v3']) retrieved from /home/airflow/.local/lib/python3.8/site-packages/airflow/example_dags/example_branch_python_dop_operator_3.py
[2023-11-22T21:10:25.252+0000] {logging_mixin.py:154} INFO - [2023-11-22T21:10:25.252+0000] {dag.py:2941} INFO - Sync 1 DAGs
[2023-11-22T21:10:25.279+0000] {logging_mixin.py:154} INFO - [2023-11-22T21:10:25.278+0000] {dag.py:3722} INFO - Setting next_dagrun for example_branch_dop_operator_v3 to 2023-11-22T21:09:00+00:00, run_after=2023-11-22T21:10:00+00:00
[2023-11-22T21:10:25.299+0000] {processor.py:179} INFO - Processing /home/airflow/.local/lib/python3.8/site-packages/airflow/example_dags/example_branch_python_dop_operator_3.py took 0.085 seconds
[2023-11-22T21:10:55.545+0000] {processor.py:157} INFO - Started process (PID=2571) to work on /home/airflow/.local/lib/python3.8/site-packages/airflow/example_dags/example_branch_python_dop_operator_3.py
[2023-11-22T21:10:55.546+0000] {processor.py:829} INFO - Processing file /home/airflow/.local/lib/python3.8/site-packages/airflow/example_dags/example_branch_python_dop_operator_3.py for tasks to queue
[2023-11-22T21:10:55.549+0000] {logging_mixin.py:154} INFO - [2023-11-22T21:10:55.549+0000] {dagbag.py:536} INFO - Filling up the DagBag from /home/airflow/.local/lib/python3.8/site-packages/airflow/example_dags/example_branch_python_dop_operator_3.py
[2023-11-22T21:10:55.559+0000] {processor.py:839} INFO - DAG(s) dict_keys(['example_branch_dop_operator_v3']) retrieved from /home/airflow/.local/lib/python3.8/site-packages/airflow/example_dags/example_branch_python_dop_operator_3.py
[2023-11-22T21:10:55.580+0000] {logging_mixin.py:154} INFO - [2023-11-22T21:10:55.580+0000] {dag.py:2941} INFO - Sync 1 DAGs
[2023-11-22T21:10:55.612+0000] {logging_mixin.py:154} INFO - [2023-11-22T21:10:55.611+0000] {dag.py:3722} INFO - Setting next_dagrun for example_branch_dop_operator_v3 to 2023-11-22T21:09:00+00:00, run_after=2023-11-22T21:10:00+00:00
[2023-11-22T21:10:55.639+0000] {processor.py:179} INFO - Processing /home/airflow/.local/lib/python3.8/site-packages/airflow/example_dags/example_branch_python_dop_operator_3.py took 0.098 seconds
[2023-11-22T21:11:26.503+0000] {processor.py:157} INFO - Started process (PID=2625) to work on /home/airflow/.local/lib/python3.8/site-packages/airflow/example_dags/example_branch_python_dop_operator_3.py
[2023-11-22T21:11:26.504+0000] {processor.py:829} INFO - Processing file /home/airflow/.local/lib/python3.8/site-packages/airflow/example_dags/example_branch_python_dop_operator_3.py for tasks to queue
[2023-11-22T21:11:26.507+0000] {logging_mixin.py:154} INFO - [2023-11-22T21:11:26.506+0000] {dagbag.py:536} INFO - Filling up the DagBag from /home/airflow/.local/lib/python3.8/site-packages/airflow/example_dags/example_branch_python_dop_operator_3.py
[2023-11-22T21:11:26.516+0000] {processor.py:839} INFO - DAG(s) dict_keys(['example_branch_dop_operator_v3']) retrieved from /home/airflow/.local/lib/python3.8/site-packages/airflow/example_dags/example_branch_python_dop_operator_3.py
[2023-11-22T21:11:26.537+0000] {logging_mixin.py:154} INFO - [2023-11-22T21:11:26.536+0000] {dag.py:2941} INFO - Sync 1 DAGs
[2023-11-22T21:11:26.563+0000] {logging_mixin.py:154} INFO - [2023-11-22T21:11:26.563+0000] {dag.py:3722} INFO - Setting next_dagrun for example_branch_dop_operator_v3 to 2023-11-22T21:10:00+00:00, run_after=2023-11-22T21:11:00+00:00
[2023-11-22T21:11:26.587+0000] {processor.py:179} INFO - Processing /home/airflow/.local/lib/python3.8/site-packages/airflow/example_dags/example_branch_python_dop_operator_3.py took 0.087 seconds
