[2023-11-22T20:47:12.132+0000] {processor.py:157} INFO - Started process (PID=83) to work on /home/airflow/.local/lib/python3.8/site-packages/airflow/example_dags/example_xcomargs.py
[2023-11-22T20:47:12.154+0000] {processor.py:829} INFO - Processing file /home/airflow/.local/lib/python3.8/site-packages/airflow/example_dags/example_xcomargs.py for tasks to queue
[2023-11-22T20:47:12.267+0000] {logging_mixin.py:154} INFO - [2023-11-22T20:47:12.267+0000] {dagbag.py:536} INFO - Filling up the DagBag from /home/airflow/.local/lib/python3.8/site-packages/airflow/example_dags/example_xcomargs.py
[2023-11-22T20:47:12.380+0000] {processor.py:839} INFO - DAG(s) dict_keys(['example_xcom_args_with_operators', 'example_xcom_args']) retrieved from /home/airflow/.local/lib/python3.8/site-packages/airflow/example_dags/example_xcomargs.py
[2023-11-22T20:47:12.830+0000] {logging_mixin.py:154} INFO - [2023-11-22T20:47:12.829+0000] {dag.py:2941} INFO - Sync 2 DAGs
[2023-11-22T20:47:12.913+0000] {logging_mixin.py:154} INFO - [2023-11-22T20:47:12.913+0000] {dag.py:3722} INFO - Setting next_dagrun for example_xcom_args to None, run_after=None
[2023-11-22T20:47:12.947+0000] {logging_mixin.py:154} INFO - [2023-11-22T20:47:12.947+0000] {dag.py:3722} INFO - Setting next_dagrun for example_xcom_args_with_operators to None, run_after=None
[2023-11-22T20:47:13.022+0000] {processor.py:179} INFO - Processing /home/airflow/.local/lib/python3.8/site-packages/airflow/example_dags/example_xcomargs.py took 1.079 seconds
[2023-11-22T20:47:44.041+0000] {processor.py:157} INFO - Started process (PID=137) to work on /home/airflow/.local/lib/python3.8/site-packages/airflow/example_dags/example_xcomargs.py
[2023-11-22T20:47:44.044+0000] {processor.py:829} INFO - Processing file /home/airflow/.local/lib/python3.8/site-packages/airflow/example_dags/example_xcomargs.py for tasks to queue
[2023-11-22T20:47:44.048+0000] {logging_mixin.py:154} INFO - [2023-11-22T20:47:44.047+0000] {dagbag.py:536} INFO - Filling up the DagBag from /home/airflow/.local/lib/python3.8/site-packages/airflow/example_dags/example_xcomargs.py
[2023-11-22T20:47:44.069+0000] {processor.py:839} INFO - DAG(s) dict_keys(['example_xcom_args_with_operators', 'example_xcom_args']) retrieved from /home/airflow/.local/lib/python3.8/site-packages/airflow/example_dags/example_xcomargs.py
[2023-11-22T20:47:44.762+0000] {logging_mixin.py:154} INFO - [2023-11-22T20:47:44.762+0000] {dag.py:2941} INFO - Sync 2 DAGs
[2023-11-22T20:47:44.997+0000] {logging_mixin.py:154} INFO - [2023-11-22T20:47:44.997+0000] {dag.py:3722} INFO - Setting next_dagrun for example_xcom_args to None, run_after=None
[2023-11-22T20:47:45.009+0000] {logging_mixin.py:154} INFO - [2023-11-22T20:47:45.008+0000] {dag.py:3722} INFO - Setting next_dagrun for example_xcom_args_with_operators to None, run_after=None
[2023-11-22T20:47:45.381+0000] {processor.py:179} INFO - Processing /home/airflow/.local/lib/python3.8/site-packages/airflow/example_dags/example_xcomargs.py took 1.344 seconds
[2023-11-22T20:48:15.745+0000] {processor.py:157} INFO - Started process (PID=191) to work on /home/airflow/.local/lib/python3.8/site-packages/airflow/example_dags/example_xcomargs.py
[2023-11-22T20:48:15.748+0000] {processor.py:829} INFO - Processing file /home/airflow/.local/lib/python3.8/site-packages/airflow/example_dags/example_xcomargs.py for tasks to queue
[2023-11-22T20:48:15.751+0000] {logging_mixin.py:154} INFO - [2023-11-22T20:48:15.751+0000] {dagbag.py:536} INFO - Filling up the DagBag from /home/airflow/.local/lib/python3.8/site-packages/airflow/example_dags/example_xcomargs.py
[2023-11-22T20:48:15.763+0000] {processor.py:839} INFO - DAG(s) dict_keys(['example_xcom_args_with_operators', 'example_xcom_args']) retrieved from /home/airflow/.local/lib/python3.8/site-packages/airflow/example_dags/example_xcomargs.py
[2023-11-22T20:48:15.793+0000] {logging_mixin.py:154} INFO - [2023-11-22T20:48:15.793+0000] {dag.py:2941} INFO - Sync 2 DAGs
[2023-11-22T20:48:15.812+0000] {logging_mixin.py:154} INFO - [2023-11-22T20:48:15.811+0000] {dag.py:3722} INFO - Setting next_dagrun for example_xcom_args to None, run_after=None
[2023-11-22T20:48:15.816+0000] {logging_mixin.py:154} INFO - [2023-11-22T20:48:15.816+0000] {dag.py:3722} INFO - Setting next_dagrun for example_xcom_args_with_operators to None, run_after=None
[2023-11-22T20:48:15.845+0000] {processor.py:179} INFO - Processing /home/airflow/.local/lib/python3.8/site-packages/airflow/example_dags/example_xcomargs.py took 0.103 seconds
[2023-11-22T20:48:46.099+0000] {processor.py:157} INFO - Started process (PID=245) to work on /home/airflow/.local/lib/python3.8/site-packages/airflow/example_dags/example_xcomargs.py
[2023-11-22T20:48:46.344+0000] {processor.py:829} INFO - Processing file /home/airflow/.local/lib/python3.8/site-packages/airflow/example_dags/example_xcomargs.py for tasks to queue
[2023-11-22T20:48:46.355+0000] {logging_mixin.py:154} INFO - [2023-11-22T20:48:46.354+0000] {dagbag.py:536} INFO - Filling up the DagBag from /home/airflow/.local/lib/python3.8/site-packages/airflow/example_dags/example_xcomargs.py
[2023-11-22T20:48:46.379+0000] {processor.py:839} INFO - DAG(s) dict_keys(['example_xcom_args', 'example_xcom_args_with_operators']) retrieved from /home/airflow/.local/lib/python3.8/site-packages/airflow/example_dags/example_xcomargs.py
[2023-11-22T20:48:46.413+0000] {logging_mixin.py:154} INFO - [2023-11-22T20:48:46.412+0000] {dag.py:2941} INFO - Sync 2 DAGs
[2023-11-22T20:48:46.435+0000] {logging_mixin.py:154} INFO - [2023-11-22T20:48:46.435+0000] {dag.py:3722} INFO - Setting next_dagrun for example_xcom_args to None, run_after=None
[2023-11-22T20:48:46.441+0000] {logging_mixin.py:154} INFO - [2023-11-22T20:48:46.441+0000] {dag.py:3722} INFO - Setting next_dagrun for example_xcom_args_with_operators to None, run_after=None
[2023-11-22T20:48:46.584+0000] {processor.py:179} INFO - Processing /home/airflow/.local/lib/python3.8/site-packages/airflow/example_dags/example_xcomargs.py took 0.489 seconds
[2023-11-22T20:49:17.304+0000] {processor.py:157} INFO - Started process (PID=299) to work on /home/airflow/.local/lib/python3.8/site-packages/airflow/example_dags/example_xcomargs.py
[2023-11-22T20:49:17.306+0000] {processor.py:829} INFO - Processing file /home/airflow/.local/lib/python3.8/site-packages/airflow/example_dags/example_xcomargs.py for tasks to queue
[2023-11-22T20:49:17.310+0000] {logging_mixin.py:154} INFO - [2023-11-22T20:49:17.309+0000] {dagbag.py:536} INFO - Filling up the DagBag from /home/airflow/.local/lib/python3.8/site-packages/airflow/example_dags/example_xcomargs.py
[2023-11-22T20:49:17.324+0000] {processor.py:839} INFO - DAG(s) dict_keys(['example_xcom_args', 'example_xcom_args_with_operators']) retrieved from /home/airflow/.local/lib/python3.8/site-packages/airflow/example_dags/example_xcomargs.py
[2023-11-22T20:49:17.367+0000] {logging_mixin.py:154} INFO - [2023-11-22T20:49:17.366+0000] {dag.py:2941} INFO - Sync 2 DAGs
[2023-11-22T20:49:17.388+0000] {logging_mixin.py:154} INFO - [2023-11-22T20:49:17.388+0000] {dag.py:3722} INFO - Setting next_dagrun for example_xcom_args to None, run_after=None
[2023-11-22T20:49:17.393+0000] {logging_mixin.py:154} INFO - [2023-11-22T20:49:17.393+0000] {dag.py:3722} INFO - Setting next_dagrun for example_xcom_args_with_operators to None, run_after=None
[2023-11-22T20:49:17.433+0000] {processor.py:179} INFO - Processing /home/airflow/.local/lib/python3.8/site-packages/airflow/example_dags/example_xcomargs.py took 0.134 seconds
[2023-11-22T20:49:47.639+0000] {processor.py:157} INFO - Started process (PID=353) to work on /home/airflow/.local/lib/python3.8/site-packages/airflow/example_dags/example_xcomargs.py
[2023-11-22T20:49:47.641+0000] {processor.py:829} INFO - Processing file /home/airflow/.local/lib/python3.8/site-packages/airflow/example_dags/example_xcomargs.py for tasks to queue
[2023-11-22T20:49:47.643+0000] {logging_mixin.py:154} INFO - [2023-11-22T20:49:47.643+0000] {dagbag.py:536} INFO - Filling up the DagBag from /home/airflow/.local/lib/python3.8/site-packages/airflow/example_dags/example_xcomargs.py
[2023-11-22T20:49:47.652+0000] {processor.py:839} INFO - DAG(s) dict_keys(['example_xcom_args', 'example_xcom_args_with_operators']) retrieved from /home/airflow/.local/lib/python3.8/site-packages/airflow/example_dags/example_xcomargs.py
[2023-11-22T20:49:47.675+0000] {logging_mixin.py:154} INFO - [2023-11-22T20:49:47.675+0000] {dag.py:2941} INFO - Sync 2 DAGs
[2023-11-22T20:49:47.719+0000] {logging_mixin.py:154} INFO - [2023-11-22T20:49:47.719+0000] {dag.py:3722} INFO - Setting next_dagrun for example_xcom_args to None, run_after=None
[2023-11-22T20:49:47.723+0000] {logging_mixin.py:154} INFO - [2023-11-22T20:49:47.723+0000] {dag.py:3722} INFO - Setting next_dagrun for example_xcom_args_with_operators to None, run_after=None
[2023-11-22T20:49:47.743+0000] {processor.py:179} INFO - Processing /home/airflow/.local/lib/python3.8/site-packages/airflow/example_dags/example_xcomargs.py took 0.107 seconds
[2023-11-22T20:50:18.498+0000] {processor.py:157} INFO - Started process (PID=407) to work on /home/airflow/.local/lib/python3.8/site-packages/airflow/example_dags/example_xcomargs.py
[2023-11-22T20:50:18.500+0000] {processor.py:829} INFO - Processing file /home/airflow/.local/lib/python3.8/site-packages/airflow/example_dags/example_xcomargs.py for tasks to queue
[2023-11-22T20:50:18.504+0000] {logging_mixin.py:154} INFO - [2023-11-22T20:50:18.503+0000] {dagbag.py:536} INFO - Filling up the DagBag from /home/airflow/.local/lib/python3.8/site-packages/airflow/example_dags/example_xcomargs.py
[2023-11-22T20:50:18.520+0000] {processor.py:839} INFO - DAG(s) dict_keys(['example_xcom_args_with_operators', 'example_xcom_args']) retrieved from /home/airflow/.local/lib/python3.8/site-packages/airflow/example_dags/example_xcomargs.py
[2023-11-22T20:50:18.573+0000] {logging_mixin.py:154} INFO - [2023-11-22T20:50:18.573+0000] {dag.py:2941} INFO - Sync 2 DAGs
[2023-11-22T20:50:18.619+0000] {logging_mixin.py:154} INFO - [2023-11-22T20:50:18.619+0000] {dag.py:3722} INFO - Setting next_dagrun for example_xcom_args to None, run_after=None
[2023-11-22T20:50:18.628+0000] {logging_mixin.py:154} INFO - [2023-11-22T20:50:18.628+0000] {dag.py:3722} INFO - Setting next_dagrun for example_xcom_args_with_operators to None, run_after=None
[2023-11-22T20:50:18.739+0000] {processor.py:179} INFO - Processing /home/airflow/.local/lib/python3.8/site-packages/airflow/example_dags/example_xcomargs.py took 0.246 seconds
[2023-11-22T20:50:49.482+0000] {processor.py:157} INFO - Started process (PID=461) to work on /home/airflow/.local/lib/python3.8/site-packages/airflow/example_dags/example_xcomargs.py
[2023-11-22T20:50:49.484+0000] {processor.py:829} INFO - Processing file /home/airflow/.local/lib/python3.8/site-packages/airflow/example_dags/example_xcomargs.py for tasks to queue
[2023-11-22T20:50:49.486+0000] {logging_mixin.py:154} INFO - [2023-11-22T20:50:49.486+0000] {dagbag.py:536} INFO - Filling up the DagBag from /home/airflow/.local/lib/python3.8/site-packages/airflow/example_dags/example_xcomargs.py
[2023-11-22T20:50:49.494+0000] {processor.py:839} INFO - DAG(s) dict_keys(['example_xcom_args_with_operators', 'example_xcom_args']) retrieved from /home/airflow/.local/lib/python3.8/site-packages/airflow/example_dags/example_xcomargs.py
[2023-11-22T20:50:49.517+0000] {logging_mixin.py:154} INFO - [2023-11-22T20:50:49.517+0000] {dag.py:2941} INFO - Sync 2 DAGs
[2023-11-22T20:50:49.531+0000] {logging_mixin.py:154} INFO - [2023-11-22T20:50:49.531+0000] {dag.py:3722} INFO - Setting next_dagrun for example_xcom_args to None, run_after=None
[2023-11-22T20:50:49.535+0000] {logging_mixin.py:154} INFO - [2023-11-22T20:50:49.535+0000] {dag.py:3722} INFO - Setting next_dagrun for example_xcom_args_with_operators to None, run_after=None
[2023-11-22T20:50:49.872+0000] {processor.py:179} INFO - Processing /home/airflow/.local/lib/python3.8/site-packages/airflow/example_dags/example_xcomargs.py took 0.392 seconds
[2023-11-22T20:51:20.155+0000] {processor.py:157} INFO - Started process (PID=515) to work on /home/airflow/.local/lib/python3.8/site-packages/airflow/example_dags/example_xcomargs.py
[2023-11-22T20:51:20.157+0000] {processor.py:829} INFO - Processing file /home/airflow/.local/lib/python3.8/site-packages/airflow/example_dags/example_xcomargs.py for tasks to queue
[2023-11-22T20:51:20.160+0000] {logging_mixin.py:154} INFO - [2023-11-22T20:51:20.160+0000] {dagbag.py:536} INFO - Filling up the DagBag from /home/airflow/.local/lib/python3.8/site-packages/airflow/example_dags/example_xcomargs.py
[2023-11-22T20:51:20.169+0000] {processor.py:839} INFO - DAG(s) dict_keys(['example_xcom_args_with_operators', 'example_xcom_args']) retrieved from /home/airflow/.local/lib/python3.8/site-packages/airflow/example_dags/example_xcomargs.py
[2023-11-22T20:51:20.193+0000] {logging_mixin.py:154} INFO - [2023-11-22T20:51:20.193+0000] {dag.py:2941} INFO - Sync 2 DAGs
[2023-11-22T20:51:20.206+0000] {logging_mixin.py:154} INFO - [2023-11-22T20:51:20.206+0000] {dag.py:3722} INFO - Setting next_dagrun for example_xcom_args to None, run_after=None
[2023-11-22T20:51:20.211+0000] {logging_mixin.py:154} INFO - [2023-11-22T20:51:20.210+0000] {dag.py:3722} INFO - Setting next_dagrun for example_xcom_args_with_operators to None, run_after=None
[2023-11-22T20:51:20.233+0000] {processor.py:179} INFO - Processing /home/airflow/.local/lib/python3.8/site-packages/airflow/example_dags/example_xcomargs.py took 0.083 seconds
[2023-11-22T20:51:50.412+0000] {processor.py:157} INFO - Started process (PID=569) to work on /home/airflow/.local/lib/python3.8/site-packages/airflow/example_dags/example_xcomargs.py
[2023-11-22T20:51:50.414+0000] {processor.py:829} INFO - Processing file /home/airflow/.local/lib/python3.8/site-packages/airflow/example_dags/example_xcomargs.py for tasks to queue
[2023-11-22T20:51:50.416+0000] {logging_mixin.py:154} INFO - [2023-11-22T20:51:50.416+0000] {dagbag.py:536} INFO - Filling up the DagBag from /home/airflow/.local/lib/python3.8/site-packages/airflow/example_dags/example_xcomargs.py
[2023-11-22T20:51:50.424+0000] {processor.py:839} INFO - DAG(s) dict_keys(['example_xcom_args_with_operators', 'example_xcom_args']) retrieved from /home/airflow/.local/lib/python3.8/site-packages/airflow/example_dags/example_xcomargs.py
[2023-11-22T20:51:50.449+0000] {logging_mixin.py:154} INFO - [2023-11-22T20:51:50.449+0000] {dag.py:2941} INFO - Sync 2 DAGs
[2023-11-22T20:51:50.461+0000] {logging_mixin.py:154} INFO - [2023-11-22T20:51:50.461+0000] {dag.py:3722} INFO - Setting next_dagrun for example_xcom_args to None, run_after=None
[2023-11-22T20:51:50.467+0000] {logging_mixin.py:154} INFO - [2023-11-22T20:51:50.466+0000] {dag.py:3722} INFO - Setting next_dagrun for example_xcom_args_with_operators to None, run_after=None
[2023-11-22T20:51:50.486+0000] {processor.py:179} INFO - Processing /home/airflow/.local/lib/python3.8/site-packages/airflow/example_dags/example_xcomargs.py took 0.078 seconds
[2023-11-22T20:52:31.165+0000] {processor.py:157} INFO - Started process (PID=624) to work on /home/airflow/.local/lib/python3.8/site-packages/airflow/example_dags/example_xcomargs.py
[2023-11-22T20:52:31.167+0000] {processor.py:829} INFO - Processing file /home/airflow/.local/lib/python3.8/site-packages/airflow/example_dags/example_xcomargs.py for tasks to queue
[2023-11-22T20:52:31.170+0000] {logging_mixin.py:154} INFO - [2023-11-22T20:52:31.169+0000] {dagbag.py:536} INFO - Filling up the DagBag from /home/airflow/.local/lib/python3.8/site-packages/airflow/example_dags/example_xcomargs.py
[2023-11-22T20:52:31.180+0000] {processor.py:839} INFO - DAG(s) dict_keys(['example_xcom_args_with_operators', 'example_xcom_args']) retrieved from /home/airflow/.local/lib/python3.8/site-packages/airflow/example_dags/example_xcomargs.py
[2023-11-22T20:52:31.211+0000] {logging_mixin.py:154} INFO - [2023-11-22T20:52:31.210+0000] {dag.py:2941} INFO - Sync 2 DAGs
[2023-11-22T20:52:31.229+0000] {logging_mixin.py:154} INFO - [2023-11-22T20:52:31.229+0000] {dag.py:3722} INFO - Setting next_dagrun for example_xcom_args to None, run_after=None
[2023-11-22T20:52:31.234+0000] {logging_mixin.py:154} INFO - [2023-11-22T20:52:31.234+0000] {dag.py:3722} INFO - Setting next_dagrun for example_xcom_args_with_operators to None, run_after=None
[2023-11-22T20:52:31.258+0000] {processor.py:179} INFO - Processing /home/airflow/.local/lib/python3.8/site-packages/airflow/example_dags/example_xcomargs.py took 0.097 seconds
[2023-11-22T20:53:02.031+0000] {processor.py:157} INFO - Started process (PID=676) to work on /home/airflow/.local/lib/python3.8/site-packages/airflow/example_dags/example_xcomargs.py
[2023-11-22T20:53:02.032+0000] {processor.py:829} INFO - Processing file /home/airflow/.local/lib/python3.8/site-packages/airflow/example_dags/example_xcomargs.py for tasks to queue
[2023-11-22T20:53:02.035+0000] {logging_mixin.py:154} INFO - [2023-11-22T20:53:02.035+0000] {dagbag.py:536} INFO - Filling up the DagBag from /home/airflow/.local/lib/python3.8/site-packages/airflow/example_dags/example_xcomargs.py
[2023-11-22T20:53:02.043+0000] {processor.py:839} INFO - DAG(s) dict_keys(['example_xcom_args', 'example_xcom_args_with_operators']) retrieved from /home/airflow/.local/lib/python3.8/site-packages/airflow/example_dags/example_xcomargs.py
[2023-11-22T20:53:02.076+0000] {logging_mixin.py:154} INFO - [2023-11-22T20:53:02.076+0000] {dag.py:2941} INFO - Sync 2 DAGs
[2023-11-22T20:53:02.090+0000] {logging_mixin.py:154} INFO - [2023-11-22T20:53:02.090+0000] {dag.py:3722} INFO - Setting next_dagrun for example_xcom_args to None, run_after=None
[2023-11-22T20:53:02.094+0000] {logging_mixin.py:154} INFO - [2023-11-22T20:53:02.094+0000] {dag.py:3722} INFO - Setting next_dagrun for example_xcom_args_with_operators to None, run_after=None
[2023-11-22T20:53:02.114+0000] {processor.py:179} INFO - Processing /home/airflow/.local/lib/python3.8/site-packages/airflow/example_dags/example_xcomargs.py took 0.087 seconds
[2023-11-22T20:53:32.755+0000] {processor.py:157} INFO - Started process (PID=731) to work on /home/airflow/.local/lib/python3.8/site-packages/airflow/example_dags/example_xcomargs.py
[2023-11-22T20:53:32.756+0000] {processor.py:829} INFO - Processing file /home/airflow/.local/lib/python3.8/site-packages/airflow/example_dags/example_xcomargs.py for tasks to queue
[2023-11-22T20:53:32.759+0000] {logging_mixin.py:154} INFO - [2023-11-22T20:53:32.758+0000] {dagbag.py:536} INFO - Filling up the DagBag from /home/airflow/.local/lib/python3.8/site-packages/airflow/example_dags/example_xcomargs.py
[2023-11-22T20:53:32.769+0000] {processor.py:839} INFO - DAG(s) dict_keys(['example_xcom_args_with_operators', 'example_xcom_args']) retrieved from /home/airflow/.local/lib/python3.8/site-packages/airflow/example_dags/example_xcomargs.py
[2023-11-22T20:53:32.795+0000] {logging_mixin.py:154} INFO - [2023-11-22T20:53:32.795+0000] {dag.py:2941} INFO - Sync 2 DAGs
[2023-11-22T20:53:32.810+0000] {logging_mixin.py:154} INFO - [2023-11-22T20:53:32.810+0000] {dag.py:3722} INFO - Setting next_dagrun for example_xcom_args to None, run_after=None
[2023-11-22T20:53:32.814+0000] {logging_mixin.py:154} INFO - [2023-11-22T20:53:32.814+0000] {dag.py:3722} INFO - Setting next_dagrun for example_xcom_args_with_operators to None, run_after=None
[2023-11-22T20:53:32.837+0000] {processor.py:179} INFO - Processing /home/airflow/.local/lib/python3.8/site-packages/airflow/example_dags/example_xcomargs.py took 0.086 seconds
[2023-11-22T20:54:07.270+0000] {processor.py:157} INFO - Started process (PID=786) to work on /home/airflow/.local/lib/python3.8/site-packages/airflow/example_dags/example_xcomargs.py
[2023-11-22T20:54:07.272+0000] {processor.py:829} INFO - Processing file /home/airflow/.local/lib/python3.8/site-packages/airflow/example_dags/example_xcomargs.py for tasks to queue
[2023-11-22T20:54:07.275+0000] {logging_mixin.py:154} INFO - [2023-11-22T20:54:07.275+0000] {dagbag.py:536} INFO - Filling up the DagBag from /home/airflow/.local/lib/python3.8/site-packages/airflow/example_dags/example_xcomargs.py
[2023-11-22T20:54:07.285+0000] {processor.py:839} INFO - DAG(s) dict_keys(['example_xcom_args', 'example_xcom_args_with_operators']) retrieved from /home/airflow/.local/lib/python3.8/site-packages/airflow/example_dags/example_xcomargs.py
[2023-11-22T20:54:07.316+0000] {logging_mixin.py:154} INFO - [2023-11-22T20:54:07.315+0000] {dag.py:2941} INFO - Sync 2 DAGs
[2023-11-22T20:54:07.335+0000] {logging_mixin.py:154} INFO - [2023-11-22T20:54:07.335+0000] {dag.py:3722} INFO - Setting next_dagrun for example_xcom_args to None, run_after=None
[2023-11-22T20:54:07.341+0000] {logging_mixin.py:154} INFO - [2023-11-22T20:54:07.341+0000] {dag.py:3722} INFO - Setting next_dagrun for example_xcom_args_with_operators to None, run_after=None
[2023-11-22T20:54:07.365+0000] {processor.py:179} INFO - Processing /home/airflow/.local/lib/python3.8/site-packages/airflow/example_dags/example_xcomargs.py took 0.100 seconds
[2023-11-22T20:54:39.216+0000] {processor.py:157} INFO - Started process (PID=840) to work on /home/airflow/.local/lib/python3.8/site-packages/airflow/example_dags/example_xcomargs.py
[2023-11-22T20:54:39.217+0000] {processor.py:829} INFO - Processing file /home/airflow/.local/lib/python3.8/site-packages/airflow/example_dags/example_xcomargs.py for tasks to queue
[2023-11-22T20:54:39.220+0000] {logging_mixin.py:154} INFO - [2023-11-22T20:54:39.220+0000] {dagbag.py:536} INFO - Filling up the DagBag from /home/airflow/.local/lib/python3.8/site-packages/airflow/example_dags/example_xcomargs.py
[2023-11-22T20:54:39.230+0000] {processor.py:839} INFO - DAG(s) dict_keys(['example_xcom_args_with_operators', 'example_xcom_args']) retrieved from /home/airflow/.local/lib/python3.8/site-packages/airflow/example_dags/example_xcomargs.py
[2023-11-22T20:54:39.256+0000] {logging_mixin.py:154} INFO - [2023-11-22T20:54:39.255+0000] {dag.py:2941} INFO - Sync 2 DAGs
[2023-11-22T20:54:39.276+0000] {logging_mixin.py:154} INFO - [2023-11-22T20:54:39.276+0000] {dag.py:3722} INFO - Setting next_dagrun for example_xcom_args to None, run_after=None
[2023-11-22T20:54:39.281+0000] {logging_mixin.py:154} INFO - [2023-11-22T20:54:39.281+0000] {dag.py:3722} INFO - Setting next_dagrun for example_xcom_args_with_operators to None, run_after=None
[2023-11-22T20:54:39.305+0000] {processor.py:179} INFO - Processing /home/airflow/.local/lib/python3.8/site-packages/airflow/example_dags/example_xcomargs.py took 0.094 seconds
[2023-11-22T20:55:10.174+0000] {processor.py:157} INFO - Started process (PID=894) to work on /home/airflow/.local/lib/python3.8/site-packages/airflow/example_dags/example_xcomargs.py
[2023-11-22T20:55:10.176+0000] {processor.py:829} INFO - Processing file /home/airflow/.local/lib/python3.8/site-packages/airflow/example_dags/example_xcomargs.py for tasks to queue
[2023-11-22T20:55:10.178+0000] {logging_mixin.py:154} INFO - [2023-11-22T20:55:10.178+0000] {dagbag.py:536} INFO - Filling up the DagBag from /home/airflow/.local/lib/python3.8/site-packages/airflow/example_dags/example_xcomargs.py
[2023-11-22T20:55:10.189+0000] {processor.py:839} INFO - DAG(s) dict_keys(['example_xcom_args_with_operators', 'example_xcom_args']) retrieved from /home/airflow/.local/lib/python3.8/site-packages/airflow/example_dags/example_xcomargs.py
[2023-11-22T20:55:10.213+0000] {logging_mixin.py:154} INFO - [2023-11-22T20:55:10.213+0000] {dag.py:2941} INFO - Sync 2 DAGs
[2023-11-22T20:55:10.228+0000] {logging_mixin.py:154} INFO - [2023-11-22T20:55:10.227+0000] {dag.py:3722} INFO - Setting next_dagrun for example_xcom_args to None, run_after=None
[2023-11-22T20:55:10.232+0000] {logging_mixin.py:154} INFO - [2023-11-22T20:55:10.232+0000] {dag.py:3722} INFO - Setting next_dagrun for example_xcom_args_with_operators to None, run_after=None
[2023-11-22T20:55:10.253+0000] {processor.py:179} INFO - Processing /home/airflow/.local/lib/python3.8/site-packages/airflow/example_dags/example_xcomargs.py took 0.081 seconds
[2023-11-22T20:55:41.226+0000] {processor.py:157} INFO - Started process (PID=948) to work on /home/airflow/.local/lib/python3.8/site-packages/airflow/example_dags/example_xcomargs.py
[2023-11-22T20:55:41.227+0000] {processor.py:829} INFO - Processing file /home/airflow/.local/lib/python3.8/site-packages/airflow/example_dags/example_xcomargs.py for tasks to queue
[2023-11-22T20:55:41.230+0000] {logging_mixin.py:154} INFO - [2023-11-22T20:55:41.229+0000] {dagbag.py:536} INFO - Filling up the DagBag from /home/airflow/.local/lib/python3.8/site-packages/airflow/example_dags/example_xcomargs.py
[2023-11-22T20:55:41.238+0000] {processor.py:839} INFO - DAG(s) dict_keys(['example_xcom_args_with_operators', 'example_xcom_args']) retrieved from /home/airflow/.local/lib/python3.8/site-packages/airflow/example_dags/example_xcomargs.py
[2023-11-22T20:55:41.267+0000] {logging_mixin.py:154} INFO - [2023-11-22T20:55:41.267+0000] {dag.py:2941} INFO - Sync 2 DAGs
[2023-11-22T20:55:41.281+0000] {logging_mixin.py:154} INFO - [2023-11-22T20:55:41.281+0000] {dag.py:3722} INFO - Setting next_dagrun for example_xcom_args to None, run_after=None
[2023-11-22T20:55:41.286+0000] {logging_mixin.py:154} INFO - [2023-11-22T20:55:41.286+0000] {dag.py:3722} INFO - Setting next_dagrun for example_xcom_args_with_operators to None, run_after=None
[2023-11-22T20:55:41.305+0000] {processor.py:179} INFO - Processing /home/airflow/.local/lib/python3.8/site-packages/airflow/example_dags/example_xcomargs.py took 0.083 seconds
[2023-11-22T20:56:11.852+0000] {processor.py:157} INFO - Started process (PID=1003) to work on /home/airflow/.local/lib/python3.8/site-packages/airflow/example_dags/example_xcomargs.py
[2023-11-22T20:56:11.854+0000] {processor.py:829} INFO - Processing file /home/airflow/.local/lib/python3.8/site-packages/airflow/example_dags/example_xcomargs.py for tasks to queue
[2023-11-22T20:56:11.857+0000] {logging_mixin.py:154} INFO - [2023-11-22T20:56:11.856+0000] {dagbag.py:536} INFO - Filling up the DagBag from /home/airflow/.local/lib/python3.8/site-packages/airflow/example_dags/example_xcomargs.py
[2023-11-22T20:56:11.865+0000] {processor.py:839} INFO - DAG(s) dict_keys(['example_xcom_args_with_operators', 'example_xcom_args']) retrieved from /home/airflow/.local/lib/python3.8/site-packages/airflow/example_dags/example_xcomargs.py
[2023-11-22T20:56:11.889+0000] {logging_mixin.py:154} INFO - [2023-11-22T20:56:11.889+0000] {dag.py:2941} INFO - Sync 2 DAGs
[2023-11-22T20:56:11.902+0000] {logging_mixin.py:154} INFO - [2023-11-22T20:56:11.902+0000] {dag.py:3722} INFO - Setting next_dagrun for example_xcom_args to None, run_after=None
[2023-11-22T20:56:11.906+0000] {logging_mixin.py:154} INFO - [2023-11-22T20:56:11.906+0000] {dag.py:3722} INFO - Setting next_dagrun for example_xcom_args_with_operators to None, run_after=None
[2023-11-22T20:56:11.927+0000] {processor.py:179} INFO - Processing /home/airflow/.local/lib/python3.8/site-packages/airflow/example_dags/example_xcomargs.py took 0.078 seconds
[2023-11-22T20:56:42.675+0000] {processor.py:157} INFO - Started process (PID=1057) to work on /home/airflow/.local/lib/python3.8/site-packages/airflow/example_dags/example_xcomargs.py
[2023-11-22T20:56:42.676+0000] {processor.py:829} INFO - Processing file /home/airflow/.local/lib/python3.8/site-packages/airflow/example_dags/example_xcomargs.py for tasks to queue
[2023-11-22T20:56:42.679+0000] {logging_mixin.py:154} INFO - [2023-11-22T20:56:42.678+0000] {dagbag.py:536} INFO - Filling up the DagBag from /home/airflow/.local/lib/python3.8/site-packages/airflow/example_dags/example_xcomargs.py
[2023-11-22T20:56:42.688+0000] {processor.py:839} INFO - DAG(s) dict_keys(['example_xcom_args_with_operators', 'example_xcom_args']) retrieved from /home/airflow/.local/lib/python3.8/site-packages/airflow/example_dags/example_xcomargs.py
[2023-11-22T20:56:42.715+0000] {logging_mixin.py:154} INFO - [2023-11-22T20:56:42.715+0000] {dag.py:2941} INFO - Sync 2 DAGs
[2023-11-22T20:56:42.728+0000] {logging_mixin.py:154} INFO - [2023-11-22T20:56:42.728+0000] {dag.py:3722} INFO - Setting next_dagrun for example_xcom_args to None, run_after=None
[2023-11-22T20:56:42.733+0000] {logging_mixin.py:154} INFO - [2023-11-22T20:56:42.733+0000] {dag.py:3722} INFO - Setting next_dagrun for example_xcom_args_with_operators to None, run_after=None
[2023-11-22T20:56:42.753+0000] {processor.py:179} INFO - Processing /home/airflow/.local/lib/python3.8/site-packages/airflow/example_dags/example_xcomargs.py took 0.081 seconds
[2023-11-22T20:57:13.211+0000] {processor.py:157} INFO - Started process (PID=1111) to work on /home/airflow/.local/lib/python3.8/site-packages/airflow/example_dags/example_xcomargs.py
[2023-11-22T20:57:13.213+0000] {processor.py:829} INFO - Processing file /home/airflow/.local/lib/python3.8/site-packages/airflow/example_dags/example_xcomargs.py for tasks to queue
[2023-11-22T20:57:13.216+0000] {logging_mixin.py:154} INFO - [2023-11-22T20:57:13.215+0000] {dagbag.py:536} INFO - Filling up the DagBag from /home/airflow/.local/lib/python3.8/site-packages/airflow/example_dags/example_xcomargs.py
[2023-11-22T20:57:13.224+0000] {processor.py:839} INFO - DAG(s) dict_keys(['example_xcom_args_with_operators', 'example_xcom_args']) retrieved from /home/airflow/.local/lib/python3.8/site-packages/airflow/example_dags/example_xcomargs.py
[2023-11-22T20:57:13.249+0000] {logging_mixin.py:154} INFO - [2023-11-22T20:57:13.249+0000] {dag.py:2941} INFO - Sync 2 DAGs
[2023-11-22T20:57:13.262+0000] {logging_mixin.py:154} INFO - [2023-11-22T20:57:13.262+0000] {dag.py:3722} INFO - Setting next_dagrun for example_xcom_args to None, run_after=None
[2023-11-22T20:57:13.267+0000] {logging_mixin.py:154} INFO - [2023-11-22T20:57:13.267+0000] {dag.py:3722} INFO - Setting next_dagrun for example_xcom_args_with_operators to None, run_after=None
[2023-11-22T20:57:13.288+0000] {processor.py:179} INFO - Processing /home/airflow/.local/lib/python3.8/site-packages/airflow/example_dags/example_xcomargs.py took 0.080 seconds
[2023-11-22T20:57:44.187+0000] {processor.py:157} INFO - Started process (PID=1165) to work on /home/airflow/.local/lib/python3.8/site-packages/airflow/example_dags/example_xcomargs.py
[2023-11-22T20:57:44.189+0000] {processor.py:829} INFO - Processing file /home/airflow/.local/lib/python3.8/site-packages/airflow/example_dags/example_xcomargs.py for tasks to queue
[2023-11-22T20:57:44.192+0000] {logging_mixin.py:154} INFO - [2023-11-22T20:57:44.191+0000] {dagbag.py:536} INFO - Filling up the DagBag from /home/airflow/.local/lib/python3.8/site-packages/airflow/example_dags/example_xcomargs.py
[2023-11-22T20:57:44.200+0000] {processor.py:839} INFO - DAG(s) dict_keys(['example_xcom_args', 'example_xcom_args_with_operators']) retrieved from /home/airflow/.local/lib/python3.8/site-packages/airflow/example_dags/example_xcomargs.py
[2023-11-22T20:57:44.226+0000] {logging_mixin.py:154} INFO - [2023-11-22T20:57:44.225+0000] {dag.py:2941} INFO - Sync 2 DAGs
[2023-11-22T20:57:44.239+0000] {logging_mixin.py:154} INFO - [2023-11-22T20:57:44.238+0000] {dag.py:3722} INFO - Setting next_dagrun for example_xcom_args to None, run_after=None
[2023-11-22T20:57:44.242+0000] {logging_mixin.py:154} INFO - [2023-11-22T20:57:44.242+0000] {dag.py:3722} INFO - Setting next_dagrun for example_xcom_args_with_operators to None, run_after=None
[2023-11-22T20:57:44.261+0000] {processor.py:179} INFO - Processing /home/airflow/.local/lib/python3.8/site-packages/airflow/example_dags/example_xcomargs.py took 0.078 seconds
[2023-11-22T20:58:15.148+0000] {processor.py:157} INFO - Started process (PID=1219) to work on /home/airflow/.local/lib/python3.8/site-packages/airflow/example_dags/example_xcomargs.py
[2023-11-22T20:58:15.149+0000] {processor.py:829} INFO - Processing file /home/airflow/.local/lib/python3.8/site-packages/airflow/example_dags/example_xcomargs.py for tasks to queue
[2023-11-22T20:58:15.152+0000] {logging_mixin.py:154} INFO - [2023-11-22T20:58:15.152+0000] {dagbag.py:536} INFO - Filling up the DagBag from /home/airflow/.local/lib/python3.8/site-packages/airflow/example_dags/example_xcomargs.py
[2023-11-22T20:58:15.162+0000] {processor.py:839} INFO - DAG(s) dict_keys(['example_xcom_args_with_operators', 'example_xcom_args']) retrieved from /home/airflow/.local/lib/python3.8/site-packages/airflow/example_dags/example_xcomargs.py
[2023-11-22T20:58:15.193+0000] {logging_mixin.py:154} INFO - [2023-11-22T20:58:15.193+0000] {dag.py:2941} INFO - Sync 2 DAGs
[2023-11-22T20:58:15.212+0000] {logging_mixin.py:154} INFO - [2023-11-22T20:58:15.212+0000] {dag.py:3722} INFO - Setting next_dagrun for example_xcom_args to None, run_after=None
[2023-11-22T20:58:15.216+0000] {logging_mixin.py:154} INFO - [2023-11-22T20:58:15.216+0000] {dag.py:3722} INFO - Setting next_dagrun for example_xcom_args_with_operators to None, run_after=None
[2023-11-22T20:58:15.383+0000] {processor.py:179} INFO - Processing /home/airflow/.local/lib/python3.8/site-packages/airflow/example_dags/example_xcomargs.py took 0.238 seconds
[2023-11-22T20:58:45.719+0000] {processor.py:157} INFO - Started process (PID=1273) to work on /home/airflow/.local/lib/python3.8/site-packages/airflow/example_dags/example_xcomargs.py
[2023-11-22T20:58:45.720+0000] {processor.py:829} INFO - Processing file /home/airflow/.local/lib/python3.8/site-packages/airflow/example_dags/example_xcomargs.py for tasks to queue
[2023-11-22T20:58:45.722+0000] {logging_mixin.py:154} INFO - [2023-11-22T20:58:45.722+0000] {dagbag.py:536} INFO - Filling up the DagBag from /home/airflow/.local/lib/python3.8/site-packages/airflow/example_dags/example_xcomargs.py
[2023-11-22T20:58:45.731+0000] {processor.py:839} INFO - DAG(s) dict_keys(['example_xcom_args', 'example_xcom_args_with_operators']) retrieved from /home/airflow/.local/lib/python3.8/site-packages/airflow/example_dags/example_xcomargs.py
[2023-11-22T20:58:45.757+0000] {logging_mixin.py:154} INFO - [2023-11-22T20:58:45.757+0000] {dag.py:2941} INFO - Sync 2 DAGs
[2023-11-22T20:58:45.772+0000] {logging_mixin.py:154} INFO - [2023-11-22T20:58:45.772+0000] {dag.py:3722} INFO - Setting next_dagrun for example_xcom_args to None, run_after=None
[2023-11-22T20:58:45.776+0000] {logging_mixin.py:154} INFO - [2023-11-22T20:58:45.776+0000] {dag.py:3722} INFO - Setting next_dagrun for example_xcom_args_with_operators to None, run_after=None
[2023-11-22T20:58:45.795+0000] {processor.py:179} INFO - Processing /home/airflow/.local/lib/python3.8/site-packages/airflow/example_dags/example_xcomargs.py took 0.079 seconds
[2023-11-22T20:59:16.625+0000] {processor.py:157} INFO - Started process (PID=1327) to work on /home/airflow/.local/lib/python3.8/site-packages/airflow/example_dags/example_xcomargs.py
[2023-11-22T20:59:16.626+0000] {processor.py:829} INFO - Processing file /home/airflow/.local/lib/python3.8/site-packages/airflow/example_dags/example_xcomargs.py for tasks to queue
[2023-11-22T20:59:16.629+0000] {logging_mixin.py:154} INFO - [2023-11-22T20:59:16.629+0000] {dagbag.py:536} INFO - Filling up the DagBag from /home/airflow/.local/lib/python3.8/site-packages/airflow/example_dags/example_xcomargs.py
[2023-11-22T20:59:16.638+0000] {processor.py:839} INFO - DAG(s) dict_keys(['example_xcom_args_with_operators', 'example_xcom_args']) retrieved from /home/airflow/.local/lib/python3.8/site-packages/airflow/example_dags/example_xcomargs.py
[2023-11-22T20:59:16.662+0000] {logging_mixin.py:154} INFO - [2023-11-22T20:59:16.662+0000] {dag.py:2941} INFO - Sync 2 DAGs
[2023-11-22T20:59:16.675+0000] {logging_mixin.py:154} INFO - [2023-11-22T20:59:16.675+0000] {dag.py:3722} INFO - Setting next_dagrun for example_xcom_args to None, run_after=None
[2023-11-22T20:59:16.679+0000] {logging_mixin.py:154} INFO - [2023-11-22T20:59:16.679+0000] {dag.py:3722} INFO - Setting next_dagrun for example_xcom_args_with_operators to None, run_after=None
[2023-11-22T20:59:16.697+0000] {processor.py:179} INFO - Processing /home/airflow/.local/lib/python3.8/site-packages/airflow/example_dags/example_xcomargs.py took 0.075 seconds
[2023-11-22T20:59:47.419+0000] {processor.py:157} INFO - Started process (PID=1381) to work on /home/airflow/.local/lib/python3.8/site-packages/airflow/example_dags/example_xcomargs.py
[2023-11-22T20:59:47.420+0000] {processor.py:829} INFO - Processing file /home/airflow/.local/lib/python3.8/site-packages/airflow/example_dags/example_xcomargs.py for tasks to queue
[2023-11-22T20:59:47.423+0000] {logging_mixin.py:154} INFO - [2023-11-22T20:59:47.423+0000] {dagbag.py:536} INFO - Filling up the DagBag from /home/airflow/.local/lib/python3.8/site-packages/airflow/example_dags/example_xcomargs.py
[2023-11-22T20:59:47.432+0000] {processor.py:839} INFO - DAG(s) dict_keys(['example_xcom_args_with_operators', 'example_xcom_args']) retrieved from /home/airflow/.local/lib/python3.8/site-packages/airflow/example_dags/example_xcomargs.py
[2023-11-22T20:59:47.457+0000] {logging_mixin.py:154} INFO - [2023-11-22T20:59:47.456+0000] {dag.py:2941} INFO - Sync 2 DAGs
[2023-11-22T20:59:47.472+0000] {logging_mixin.py:154} INFO - [2023-11-22T20:59:47.472+0000] {dag.py:3722} INFO - Setting next_dagrun for example_xcom_args to None, run_after=None
[2023-11-22T20:59:47.595+0000] {logging_mixin.py:154} INFO - [2023-11-22T20:59:47.595+0000] {dag.py:3722} INFO - Setting next_dagrun for example_xcom_args_with_operators to None, run_after=None
[2023-11-22T20:59:47.615+0000] {processor.py:179} INFO - Processing /home/airflow/.local/lib/python3.8/site-packages/airflow/example_dags/example_xcomargs.py took 0.200 seconds
[2023-11-22T21:00:18.319+0000] {processor.py:157} INFO - Started process (PID=1435) to work on /home/airflow/.local/lib/python3.8/site-packages/airflow/example_dags/example_xcomargs.py
[2023-11-22T21:00:18.320+0000] {processor.py:829} INFO - Processing file /home/airflow/.local/lib/python3.8/site-packages/airflow/example_dags/example_xcomargs.py for tasks to queue
[2023-11-22T21:00:18.322+0000] {logging_mixin.py:154} INFO - [2023-11-22T21:00:18.322+0000] {dagbag.py:536} INFO - Filling up the DagBag from /home/airflow/.local/lib/python3.8/site-packages/airflow/example_dags/example_xcomargs.py
[2023-11-22T21:00:18.331+0000] {processor.py:839} INFO - DAG(s) dict_keys(['example_xcom_args', 'example_xcom_args_with_operators']) retrieved from /home/airflow/.local/lib/python3.8/site-packages/airflow/example_dags/example_xcomargs.py
[2023-11-22T21:00:18.356+0000] {logging_mixin.py:154} INFO - [2023-11-22T21:00:18.356+0000] {dag.py:2941} INFO - Sync 2 DAGs
[2023-11-22T21:00:18.371+0000] {logging_mixin.py:154} INFO - [2023-11-22T21:00:18.371+0000] {dag.py:3722} INFO - Setting next_dagrun for example_xcom_args to None, run_after=None
[2023-11-22T21:00:18.376+0000] {logging_mixin.py:154} INFO - [2023-11-22T21:00:18.375+0000] {dag.py:3722} INFO - Setting next_dagrun for example_xcom_args_with_operators to None, run_after=None
[2023-11-22T21:00:18.395+0000] {processor.py:179} INFO - Processing /home/airflow/.local/lib/python3.8/site-packages/airflow/example_dags/example_xcomargs.py took 0.079 seconds
[2023-11-22T21:00:49.391+0000] {processor.py:157} INFO - Started process (PID=1496) to work on /home/airflow/.local/lib/python3.8/site-packages/airflow/example_dags/example_xcomargs.py
[2023-11-22T21:00:49.392+0000] {processor.py:829} INFO - Processing file /home/airflow/.local/lib/python3.8/site-packages/airflow/example_dags/example_xcomargs.py for tasks to queue
[2023-11-22T21:00:49.395+0000] {logging_mixin.py:154} INFO - [2023-11-22T21:00:49.395+0000] {dagbag.py:536} INFO - Filling up the DagBag from /home/airflow/.local/lib/python3.8/site-packages/airflow/example_dags/example_xcomargs.py
[2023-11-22T21:00:49.405+0000] {processor.py:839} INFO - DAG(s) dict_keys(['example_xcom_args_with_operators', 'example_xcom_args']) retrieved from /home/airflow/.local/lib/python3.8/site-packages/airflow/example_dags/example_xcomargs.py
[2023-11-22T21:00:49.431+0000] {logging_mixin.py:154} INFO - [2023-11-22T21:00:49.431+0000] {dag.py:2941} INFO - Sync 2 DAGs
[2023-11-22T21:00:49.445+0000] {logging_mixin.py:154} INFO - [2023-11-22T21:00:49.445+0000] {dag.py:3722} INFO - Setting next_dagrun for example_xcom_args to None, run_after=None
[2023-11-22T21:00:49.449+0000] {logging_mixin.py:154} INFO - [2023-11-22T21:00:49.449+0000] {dag.py:3722} INFO - Setting next_dagrun for example_xcom_args_with_operators to None, run_after=None
[2023-11-22T21:00:49.469+0000] {processor.py:179} INFO - Processing /home/airflow/.local/lib/python3.8/site-packages/airflow/example_dags/example_xcomargs.py took 0.081 seconds
[2023-11-22T21:01:20.052+0000] {processor.py:157} INFO - Started process (PID=1550) to work on /home/airflow/.local/lib/python3.8/site-packages/airflow/example_dags/example_xcomargs.py
[2023-11-22T21:01:20.053+0000] {processor.py:829} INFO - Processing file /home/airflow/.local/lib/python3.8/site-packages/airflow/example_dags/example_xcomargs.py for tasks to queue
[2023-11-22T21:01:20.056+0000] {logging_mixin.py:154} INFO - [2023-11-22T21:01:20.056+0000] {dagbag.py:536} INFO - Filling up the DagBag from /home/airflow/.local/lib/python3.8/site-packages/airflow/example_dags/example_xcomargs.py
[2023-11-22T21:01:20.066+0000] {processor.py:839} INFO - DAG(s) dict_keys(['example_xcom_args', 'example_xcom_args_with_operators']) retrieved from /home/airflow/.local/lib/python3.8/site-packages/airflow/example_dags/example_xcomargs.py
[2023-11-22T21:01:20.094+0000] {logging_mixin.py:154} INFO - [2023-11-22T21:01:20.093+0000] {dag.py:2941} INFO - Sync 2 DAGs
[2023-11-22T21:01:20.254+0000] {logging_mixin.py:154} INFO - [2023-11-22T21:01:20.253+0000] {dag.py:3722} INFO - Setting next_dagrun for example_xcom_args to None, run_after=None
[2023-11-22T21:01:20.259+0000] {logging_mixin.py:154} INFO - [2023-11-22T21:01:20.258+0000] {dag.py:3722} INFO - Setting next_dagrun for example_xcom_args_with_operators to None, run_after=None
[2023-11-22T21:01:20.281+0000] {processor.py:179} INFO - Processing /home/airflow/.local/lib/python3.8/site-packages/airflow/example_dags/example_xcomargs.py took 0.232 seconds
[2023-11-22T21:01:50.507+0000] {processor.py:157} INFO - Started process (PID=1604) to work on /home/airflow/.local/lib/python3.8/site-packages/airflow/example_dags/example_xcomargs.py
[2023-11-22T21:01:50.509+0000] {processor.py:829} INFO - Processing file /home/airflow/.local/lib/python3.8/site-packages/airflow/example_dags/example_xcomargs.py for tasks to queue
[2023-11-22T21:01:50.513+0000] {logging_mixin.py:154} INFO - [2023-11-22T21:01:50.512+0000] {dagbag.py:536} INFO - Filling up the DagBag from /home/airflow/.local/lib/python3.8/site-packages/airflow/example_dags/example_xcomargs.py
[2023-11-22T21:01:50.523+0000] {processor.py:839} INFO - DAG(s) dict_keys(['example_xcom_args_with_operators', 'example_xcom_args']) retrieved from /home/airflow/.local/lib/python3.8/site-packages/airflow/example_dags/example_xcomargs.py
[2023-11-22T21:01:50.551+0000] {logging_mixin.py:154} INFO - [2023-11-22T21:01:50.550+0000] {dag.py:2941} INFO - Sync 2 DAGs
[2023-11-22T21:01:50.566+0000] {logging_mixin.py:154} INFO - [2023-11-22T21:01:50.566+0000] {dag.py:3722} INFO - Setting next_dagrun for example_xcom_args to None, run_after=None
[2023-11-22T21:01:50.570+0000] {logging_mixin.py:154} INFO - [2023-11-22T21:01:50.570+0000] {dag.py:3722} INFO - Setting next_dagrun for example_xcom_args_with_operators to None, run_after=None
[2023-11-22T21:01:50.589+0000] {processor.py:179} INFO - Processing /home/airflow/.local/lib/python3.8/site-packages/airflow/example_dags/example_xcomargs.py took 0.086 seconds
[2023-11-22T21:02:21.330+0000] {processor.py:157} INFO - Started process (PID=1659) to work on /home/airflow/.local/lib/python3.8/site-packages/airflow/example_dags/example_xcomargs.py
[2023-11-22T21:02:21.331+0000] {processor.py:829} INFO - Processing file /home/airflow/.local/lib/python3.8/site-packages/airflow/example_dags/example_xcomargs.py for tasks to queue
[2023-11-22T21:02:21.335+0000] {logging_mixin.py:154} INFO - [2023-11-22T21:02:21.334+0000] {dagbag.py:536} INFO - Filling up the DagBag from /home/airflow/.local/lib/python3.8/site-packages/airflow/example_dags/example_xcomargs.py
[2023-11-22T21:02:21.345+0000] {processor.py:839} INFO - DAG(s) dict_keys(['example_xcom_args_with_operators', 'example_xcom_args']) retrieved from /home/airflow/.local/lib/python3.8/site-packages/airflow/example_dags/example_xcomargs.py
[2023-11-22T21:02:21.377+0000] {logging_mixin.py:154} INFO - [2023-11-22T21:02:21.376+0000] {dag.py:2941} INFO - Sync 2 DAGs
[2023-11-22T21:02:21.395+0000] {logging_mixin.py:154} INFO - [2023-11-22T21:02:21.395+0000] {dag.py:3722} INFO - Setting next_dagrun for example_xcom_args to None, run_after=None
[2023-11-22T21:02:21.401+0000] {logging_mixin.py:154} INFO - [2023-11-22T21:02:21.401+0000] {dag.py:3722} INFO - Setting next_dagrun for example_xcom_args_with_operators to None, run_after=None
[2023-11-22T21:02:21.423+0000] {processor.py:179} INFO - Processing /home/airflow/.local/lib/python3.8/site-packages/airflow/example_dags/example_xcomargs.py took 0.097 seconds
[2023-11-22T21:02:51.875+0000] {processor.py:157} INFO - Started process (PID=1712) to work on /home/airflow/.local/lib/python3.8/site-packages/airflow/example_dags/example_xcomargs.py
[2023-11-22T21:02:51.876+0000] {processor.py:829} INFO - Processing file /home/airflow/.local/lib/python3.8/site-packages/airflow/example_dags/example_xcomargs.py for tasks to queue
[2023-11-22T21:02:51.879+0000] {logging_mixin.py:154} INFO - [2023-11-22T21:02:51.878+0000] {dagbag.py:536} INFO - Filling up the DagBag from /home/airflow/.local/lib/python3.8/site-packages/airflow/example_dags/example_xcomargs.py
[2023-11-22T21:02:51.889+0000] {processor.py:839} INFO - DAG(s) dict_keys(['example_xcom_args', 'example_xcom_args_with_operators']) retrieved from /home/airflow/.local/lib/python3.8/site-packages/airflow/example_dags/example_xcomargs.py
[2023-11-22T21:02:51.915+0000] {logging_mixin.py:154} INFO - [2023-11-22T21:02:51.915+0000] {dag.py:2941} INFO - Sync 2 DAGs
[2023-11-22T21:02:52.085+0000] {logging_mixin.py:154} INFO - [2023-11-22T21:02:52.085+0000] {dag.py:3722} INFO - Setting next_dagrun for example_xcom_args to None, run_after=None
[2023-11-22T21:02:52.091+0000] {logging_mixin.py:154} INFO - [2023-11-22T21:02:52.091+0000] {dag.py:3722} INFO - Setting next_dagrun for example_xcom_args_with_operators to None, run_after=None
[2023-11-22T21:02:52.120+0000] {processor.py:179} INFO - Processing /home/airflow/.local/lib/python3.8/site-packages/airflow/example_dags/example_xcomargs.py took 0.248 seconds
[2023-11-22T21:03:22.997+0000] {processor.py:157} INFO - Started process (PID=1767) to work on /home/airflow/.local/lib/python3.8/site-packages/airflow/example_dags/example_xcomargs.py
[2023-11-22T21:03:22.998+0000] {processor.py:829} INFO - Processing file /home/airflow/.local/lib/python3.8/site-packages/airflow/example_dags/example_xcomargs.py for tasks to queue
[2023-11-22T21:03:23.002+0000] {logging_mixin.py:154} INFO - [2023-11-22T21:03:23.002+0000] {dagbag.py:536} INFO - Filling up the DagBag from /home/airflow/.local/lib/python3.8/site-packages/airflow/example_dags/example_xcomargs.py
[2023-11-22T21:03:23.014+0000] {processor.py:839} INFO - DAG(s) dict_keys(['example_xcom_args', 'example_xcom_args_with_operators']) retrieved from /home/airflow/.local/lib/python3.8/site-packages/airflow/example_dags/example_xcomargs.py
[2023-11-22T21:03:23.041+0000] {logging_mixin.py:154} INFO - [2023-11-22T21:03:23.040+0000] {dag.py:2941} INFO - Sync 2 DAGs
[2023-11-22T21:03:23.054+0000] {logging_mixin.py:154} INFO - [2023-11-22T21:03:23.054+0000] {dag.py:3722} INFO - Setting next_dagrun for example_xcom_args to None, run_after=None
[2023-11-22T21:03:23.058+0000] {logging_mixin.py:154} INFO - [2023-11-22T21:03:23.058+0000] {dag.py:3722} INFO - Setting next_dagrun for example_xcom_args_with_operators to None, run_after=None
[2023-11-22T21:03:23.082+0000] {processor.py:179} INFO - Processing /home/airflow/.local/lib/python3.8/site-packages/airflow/example_dags/example_xcomargs.py took 0.088 seconds
[2023-11-22T21:03:53.152+0000] {processor.py:157} INFO - Started process (PID=1820) to work on /home/airflow/.local/lib/python3.8/site-packages/airflow/example_dags/example_xcomargs.py
[2023-11-22T21:03:53.154+0000] {processor.py:829} INFO - Processing file /home/airflow/.local/lib/python3.8/site-packages/airflow/example_dags/example_xcomargs.py for tasks to queue
[2023-11-22T21:03:53.159+0000] {logging_mixin.py:154} INFO - [2023-11-22T21:03:53.158+0000] {dagbag.py:536} INFO - Filling up the DagBag from /home/airflow/.local/lib/python3.8/site-packages/airflow/example_dags/example_xcomargs.py
[2023-11-22T21:03:53.169+0000] {processor.py:839} INFO - DAG(s) dict_keys(['example_xcom_args', 'example_xcom_args_with_operators']) retrieved from /home/airflow/.local/lib/python3.8/site-packages/airflow/example_dags/example_xcomargs.py
[2023-11-22T21:03:53.197+0000] {logging_mixin.py:154} INFO - [2023-11-22T21:03:53.197+0000] {dag.py:2941} INFO - Sync 2 DAGs
[2023-11-22T21:03:53.213+0000] {logging_mixin.py:154} INFO - [2023-11-22T21:03:53.213+0000] {dag.py:3722} INFO - Setting next_dagrun for example_xcom_args to None, run_after=None
[2023-11-22T21:03:53.217+0000] {logging_mixin.py:154} INFO - [2023-11-22T21:03:53.217+0000] {dag.py:3722} INFO - Setting next_dagrun for example_xcom_args_with_operators to None, run_after=None
[2023-11-22T21:03:53.239+0000] {processor.py:179} INFO - Processing /home/airflow/.local/lib/python3.8/site-packages/airflow/example_dags/example_xcomargs.py took 0.092 seconds
[2023-11-22T21:04:23.331+0000] {processor.py:157} INFO - Started process (PID=1874) to work on /home/airflow/.local/lib/python3.8/site-packages/airflow/example_dags/example_xcomargs.py
[2023-11-22T21:04:23.332+0000] {processor.py:829} INFO - Processing file /home/airflow/.local/lib/python3.8/site-packages/airflow/example_dags/example_xcomargs.py for tasks to queue
[2023-11-22T21:04:23.335+0000] {logging_mixin.py:154} INFO - [2023-11-22T21:04:23.335+0000] {dagbag.py:536} INFO - Filling up the DagBag from /home/airflow/.local/lib/python3.8/site-packages/airflow/example_dags/example_xcomargs.py
[2023-11-22T21:04:23.343+0000] {processor.py:839} INFO - DAG(s) dict_keys(['example_xcom_args', 'example_xcom_args_with_operators']) retrieved from /home/airflow/.local/lib/python3.8/site-packages/airflow/example_dags/example_xcomargs.py
[2023-11-22T21:04:23.366+0000] {logging_mixin.py:154} INFO - [2023-11-22T21:04:23.366+0000] {dag.py:2941} INFO - Sync 2 DAGs
[2023-11-22T21:04:23.379+0000] {logging_mixin.py:154} INFO - [2023-11-22T21:04:23.379+0000] {dag.py:3722} INFO - Setting next_dagrun for example_xcom_args to None, run_after=None
[2023-11-22T21:04:23.382+0000] {logging_mixin.py:154} INFO - [2023-11-22T21:04:23.382+0000] {dag.py:3722} INFO - Setting next_dagrun for example_xcom_args_with_operators to None, run_after=None
[2023-11-22T21:04:23.401+0000] {processor.py:179} INFO - Processing /home/airflow/.local/lib/python3.8/site-packages/airflow/example_dags/example_xcomargs.py took 0.073 seconds
[2023-11-22T21:04:53.562+0000] {processor.py:157} INFO - Started process (PID=1928) to work on /home/airflow/.local/lib/python3.8/site-packages/airflow/example_dags/example_xcomargs.py
[2023-11-22T21:04:53.564+0000] {processor.py:829} INFO - Processing file /home/airflow/.local/lib/python3.8/site-packages/airflow/example_dags/example_xcomargs.py for tasks to queue
[2023-11-22T21:04:53.569+0000] {logging_mixin.py:154} INFO - [2023-11-22T21:04:53.569+0000] {dagbag.py:536} INFO - Filling up the DagBag from /home/airflow/.local/lib/python3.8/site-packages/airflow/example_dags/example_xcomargs.py
[2023-11-22T21:04:53.583+0000] {processor.py:839} INFO - DAG(s) dict_keys(['example_xcom_args_with_operators', 'example_xcom_args']) retrieved from /home/airflow/.local/lib/python3.8/site-packages/airflow/example_dags/example_xcomargs.py
[2023-11-22T21:04:53.613+0000] {logging_mixin.py:154} INFO - [2023-11-22T21:04:53.613+0000] {dag.py:2941} INFO - Sync 2 DAGs
[2023-11-22T21:04:53.627+0000] {logging_mixin.py:154} INFO - [2023-11-22T21:04:53.627+0000] {dag.py:3722} INFO - Setting next_dagrun for example_xcom_args to None, run_after=None
[2023-11-22T21:04:53.631+0000] {logging_mixin.py:154} INFO - [2023-11-22T21:04:53.630+0000] {dag.py:3722} INFO - Setting next_dagrun for example_xcom_args_with_operators to None, run_after=None
[2023-11-22T21:04:53.654+0000] {processor.py:179} INFO - Processing /home/airflow/.local/lib/python3.8/site-packages/airflow/example_dags/example_xcomargs.py took 0.101 seconds
[2023-11-22T21:05:23.847+0000] {processor.py:157} INFO - Started process (PID=1982) to work on /home/airflow/.local/lib/python3.8/site-packages/airflow/example_dags/example_xcomargs.py
[2023-11-22T21:05:23.848+0000] {processor.py:829} INFO - Processing file /home/airflow/.local/lib/python3.8/site-packages/airflow/example_dags/example_xcomargs.py for tasks to queue
[2023-11-22T21:05:23.852+0000] {logging_mixin.py:154} INFO - [2023-11-22T21:05:23.852+0000] {dagbag.py:536} INFO - Filling up the DagBag from /home/airflow/.local/lib/python3.8/site-packages/airflow/example_dags/example_xcomargs.py
[2023-11-22T21:05:23.861+0000] {processor.py:839} INFO - DAG(s) dict_keys(['example_xcom_args', 'example_xcom_args_with_operators']) retrieved from /home/airflow/.local/lib/python3.8/site-packages/airflow/example_dags/example_xcomargs.py
[2023-11-22T21:05:23.884+0000] {logging_mixin.py:154} INFO - [2023-11-22T21:05:23.884+0000] {dag.py:2941} INFO - Sync 2 DAGs
[2023-11-22T21:05:23.897+0000] {logging_mixin.py:154} INFO - [2023-11-22T21:05:23.897+0000] {dag.py:3722} INFO - Setting next_dagrun for example_xcom_args to None, run_after=None
[2023-11-22T21:05:23.901+0000] {logging_mixin.py:154} INFO - [2023-11-22T21:05:23.901+0000] {dag.py:3722} INFO - Setting next_dagrun for example_xcom_args_with_operators to None, run_after=None
[2023-11-22T21:05:23.924+0000] {processor.py:179} INFO - Processing /home/airflow/.local/lib/python3.8/site-packages/airflow/example_dags/example_xcomargs.py took 0.081 seconds
[2023-11-22T21:05:54.205+0000] {processor.py:157} INFO - Started process (PID=2036) to work on /home/airflow/.local/lib/python3.8/site-packages/airflow/example_dags/example_xcomargs.py
[2023-11-22T21:05:54.207+0000] {processor.py:829} INFO - Processing file /home/airflow/.local/lib/python3.8/site-packages/airflow/example_dags/example_xcomargs.py for tasks to queue
[2023-11-22T21:05:54.210+0000] {logging_mixin.py:154} INFO - [2023-11-22T21:05:54.210+0000] {dagbag.py:536} INFO - Filling up the DagBag from /home/airflow/.local/lib/python3.8/site-packages/airflow/example_dags/example_xcomargs.py
[2023-11-22T21:05:54.220+0000] {processor.py:839} INFO - DAG(s) dict_keys(['example_xcom_args_with_operators', 'example_xcom_args']) retrieved from /home/airflow/.local/lib/python3.8/site-packages/airflow/example_dags/example_xcomargs.py
[2023-11-22T21:05:54.243+0000] {logging_mixin.py:154} INFO - [2023-11-22T21:05:54.242+0000] {dag.py:2941} INFO - Sync 2 DAGs
[2023-11-22T21:05:54.255+0000] {logging_mixin.py:154} INFO - [2023-11-22T21:05:54.255+0000] {dag.py:3722} INFO - Setting next_dagrun for example_xcom_args to None, run_after=None
[2023-11-22T21:05:54.259+0000] {logging_mixin.py:154} INFO - [2023-11-22T21:05:54.259+0000] {dag.py:3722} INFO - Setting next_dagrun for example_xcom_args_with_operators to None, run_after=None
[2023-11-22T21:05:54.278+0000] {processor.py:179} INFO - Processing /home/airflow/.local/lib/python3.8/site-packages/airflow/example_dags/example_xcomargs.py took 0.078 seconds
[2023-11-22T21:06:24.809+0000] {processor.py:157} INFO - Started process (PID=2091) to work on /home/airflow/.local/lib/python3.8/site-packages/airflow/example_dags/example_xcomargs.py
[2023-11-22T21:06:24.811+0000] {processor.py:829} INFO - Processing file /home/airflow/.local/lib/python3.8/site-packages/airflow/example_dags/example_xcomargs.py for tasks to queue
[2023-11-22T21:06:24.815+0000] {logging_mixin.py:154} INFO - [2023-11-22T21:06:24.814+0000] {dagbag.py:536} INFO - Filling up the DagBag from /home/airflow/.local/lib/python3.8/site-packages/airflow/example_dags/example_xcomargs.py
[2023-11-22T21:06:24.824+0000] {processor.py:839} INFO - DAG(s) dict_keys(['example_xcom_args_with_operators', 'example_xcom_args']) retrieved from /home/airflow/.local/lib/python3.8/site-packages/airflow/example_dags/example_xcomargs.py
[2023-11-22T21:06:24.851+0000] {logging_mixin.py:154} INFO - [2023-11-22T21:06:24.851+0000] {dag.py:2941} INFO - Sync 2 DAGs
[2023-11-22T21:06:24.865+0000] {logging_mixin.py:154} INFO - [2023-11-22T21:06:24.864+0000] {dag.py:3722} INFO - Setting next_dagrun for example_xcom_args to None, run_after=None
[2023-11-22T21:06:24.868+0000] {logging_mixin.py:154} INFO - [2023-11-22T21:06:24.868+0000] {dag.py:3722} INFO - Setting next_dagrun for example_xcom_args_with_operators to None, run_after=None
[2023-11-22T21:06:24.886+0000] {processor.py:179} INFO - Processing /home/airflow/.local/lib/python3.8/site-packages/airflow/example_dags/example_xcomargs.py took 0.081 seconds
[2023-11-22T21:06:55.097+0000] {processor.py:157} INFO - Started process (PID=2145) to work on /home/airflow/.local/lib/python3.8/site-packages/airflow/example_dags/example_xcomargs.py
[2023-11-22T21:06:55.098+0000] {processor.py:829} INFO - Processing file /home/airflow/.local/lib/python3.8/site-packages/airflow/example_dags/example_xcomargs.py for tasks to queue
[2023-11-22T21:06:55.101+0000] {logging_mixin.py:154} INFO - [2023-11-22T21:06:55.100+0000] {dagbag.py:536} INFO - Filling up the DagBag from /home/airflow/.local/lib/python3.8/site-packages/airflow/example_dags/example_xcomargs.py
[2023-11-22T21:06:55.109+0000] {processor.py:839} INFO - DAG(s) dict_keys(['example_xcom_args_with_operators', 'example_xcom_args']) retrieved from /home/airflow/.local/lib/python3.8/site-packages/airflow/example_dags/example_xcomargs.py
[2023-11-22T21:06:55.132+0000] {logging_mixin.py:154} INFO - [2023-11-22T21:06:55.132+0000] {dag.py:2941} INFO - Sync 2 DAGs
[2023-11-22T21:06:55.145+0000] {logging_mixin.py:154} INFO - [2023-11-22T21:06:55.145+0000] {dag.py:3722} INFO - Setting next_dagrun for example_xcom_args to None, run_after=None
[2023-11-22T21:06:55.151+0000] {logging_mixin.py:154} INFO - [2023-11-22T21:06:55.150+0000] {dag.py:3722} INFO - Setting next_dagrun for example_xcom_args_with_operators to None, run_after=None
[2023-11-22T21:06:55.169+0000] {processor.py:179} INFO - Processing /home/airflow/.local/lib/python3.8/site-packages/airflow/example_dags/example_xcomargs.py took 0.075 seconds
[2023-11-22T21:07:25.324+0000] {processor.py:157} INFO - Started process (PID=2199) to work on /home/airflow/.local/lib/python3.8/site-packages/airflow/example_dags/example_xcomargs.py
[2023-11-22T21:07:25.326+0000] {processor.py:829} INFO - Processing file /home/airflow/.local/lib/python3.8/site-packages/airflow/example_dags/example_xcomargs.py for tasks to queue
[2023-11-22T21:07:25.329+0000] {logging_mixin.py:154} INFO - [2023-11-22T21:07:25.329+0000] {dagbag.py:536} INFO - Filling up the DagBag from /home/airflow/.local/lib/python3.8/site-packages/airflow/example_dags/example_xcomargs.py
[2023-11-22T21:07:25.342+0000] {processor.py:839} INFO - DAG(s) dict_keys(['example_xcom_args', 'example_xcom_args_with_operators']) retrieved from /home/airflow/.local/lib/python3.8/site-packages/airflow/example_dags/example_xcomargs.py
[2023-11-22T21:07:25.372+0000] {logging_mixin.py:154} INFO - [2023-11-22T21:07:25.372+0000] {dag.py:2941} INFO - Sync 2 DAGs
[2023-11-22T21:07:25.388+0000] {logging_mixin.py:154} INFO - [2023-11-22T21:07:25.388+0000] {dag.py:3722} INFO - Setting next_dagrun for example_xcom_args to None, run_after=None
[2023-11-22T21:07:25.394+0000] {logging_mixin.py:154} INFO - [2023-11-22T21:07:25.394+0000] {dag.py:3722} INFO - Setting next_dagrun for example_xcom_args_with_operators to None, run_after=None
[2023-11-22T21:07:25.417+0000] {processor.py:179} INFO - Processing /home/airflow/.local/lib/python3.8/site-packages/airflow/example_dags/example_xcomargs.py took 0.097 seconds
[2023-11-22T21:07:55.671+0000] {processor.py:157} INFO - Started process (PID=2253) to work on /home/airflow/.local/lib/python3.8/site-packages/airflow/example_dags/example_xcomargs.py
[2023-11-22T21:07:55.672+0000] {processor.py:829} INFO - Processing file /home/airflow/.local/lib/python3.8/site-packages/airflow/example_dags/example_xcomargs.py for tasks to queue
[2023-11-22T21:07:55.675+0000] {logging_mixin.py:154} INFO - [2023-11-22T21:07:55.675+0000] {dagbag.py:536} INFO - Filling up the DagBag from /home/airflow/.local/lib/python3.8/site-packages/airflow/example_dags/example_xcomargs.py
[2023-11-22T21:07:55.684+0000] {processor.py:839} INFO - DAG(s) dict_keys(['example_xcom_args_with_operators', 'example_xcom_args']) retrieved from /home/airflow/.local/lib/python3.8/site-packages/airflow/example_dags/example_xcomargs.py
[2023-11-22T21:07:55.707+0000] {logging_mixin.py:154} INFO - [2023-11-22T21:07:55.707+0000] {dag.py:2941} INFO - Sync 2 DAGs
[2023-11-22T21:07:55.720+0000] {logging_mixin.py:154} INFO - [2023-11-22T21:07:55.720+0000] {dag.py:3722} INFO - Setting next_dagrun for example_xcom_args to None, run_after=None
[2023-11-22T21:07:55.724+0000] {logging_mixin.py:154} INFO - [2023-11-22T21:07:55.723+0000] {dag.py:3722} INFO - Setting next_dagrun for example_xcom_args_with_operators to None, run_after=None
[2023-11-22T21:07:55.744+0000] {processor.py:179} INFO - Processing /home/airflow/.local/lib/python3.8/site-packages/airflow/example_dags/example_xcomargs.py took 0.077 seconds
[2023-11-22T21:08:25.858+0000] {processor.py:157} INFO - Started process (PID=2307) to work on /home/airflow/.local/lib/python3.8/site-packages/airflow/example_dags/example_xcomargs.py
[2023-11-22T21:08:25.860+0000] {processor.py:829} INFO - Processing file /home/airflow/.local/lib/python3.8/site-packages/airflow/example_dags/example_xcomargs.py for tasks to queue
[2023-11-22T21:08:25.863+0000] {logging_mixin.py:154} INFO - [2023-11-22T21:08:25.863+0000] {dagbag.py:536} INFO - Filling up the DagBag from /home/airflow/.local/lib/python3.8/site-packages/airflow/example_dags/example_xcomargs.py
[2023-11-22T21:08:25.874+0000] {processor.py:839} INFO - DAG(s) dict_keys(['example_xcom_args_with_operators', 'example_xcom_args']) retrieved from /home/airflow/.local/lib/python3.8/site-packages/airflow/example_dags/example_xcomargs.py
[2023-11-22T21:08:25.897+0000] {logging_mixin.py:154} INFO - [2023-11-22T21:08:25.897+0000] {dag.py:2941} INFO - Sync 2 DAGs
[2023-11-22T21:08:25.911+0000] {logging_mixin.py:154} INFO - [2023-11-22T21:08:25.910+0000] {dag.py:3722} INFO - Setting next_dagrun for example_xcom_args to None, run_after=None
[2023-11-22T21:08:25.914+0000] {logging_mixin.py:154} INFO - [2023-11-22T21:08:25.914+0000] {dag.py:3722} INFO - Setting next_dagrun for example_xcom_args_with_operators to None, run_after=None
[2023-11-22T21:08:25.937+0000] {processor.py:179} INFO - Processing /home/airflow/.local/lib/python3.8/site-packages/airflow/example_dags/example_xcomargs.py took 0.082 seconds
[2023-11-22T21:08:56.563+0000] {processor.py:157} INFO - Started process (PID=2361) to work on /home/airflow/.local/lib/python3.8/site-packages/airflow/example_dags/example_xcomargs.py
[2023-11-22T21:08:56.565+0000] {processor.py:829} INFO - Processing file /home/airflow/.local/lib/python3.8/site-packages/airflow/example_dags/example_xcomargs.py for tasks to queue
[2023-11-22T21:08:56.567+0000] {logging_mixin.py:154} INFO - [2023-11-22T21:08:56.567+0000] {dagbag.py:536} INFO - Filling up the DagBag from /home/airflow/.local/lib/python3.8/site-packages/airflow/example_dags/example_xcomargs.py
[2023-11-22T21:08:56.576+0000] {processor.py:839} INFO - DAG(s) dict_keys(['example_xcom_args_with_operators', 'example_xcom_args']) retrieved from /home/airflow/.local/lib/python3.8/site-packages/airflow/example_dags/example_xcomargs.py
[2023-11-22T21:08:56.599+0000] {logging_mixin.py:154} INFO - [2023-11-22T21:08:56.599+0000] {dag.py:2941} INFO - Sync 2 DAGs
[2023-11-22T21:08:56.612+0000] {logging_mixin.py:154} INFO - [2023-11-22T21:08:56.612+0000] {dag.py:3722} INFO - Setting next_dagrun for example_xcom_args to None, run_after=None
[2023-11-22T21:08:56.615+0000] {logging_mixin.py:154} INFO - [2023-11-22T21:08:56.615+0000] {dag.py:3722} INFO - Setting next_dagrun for example_xcom_args_with_operators to None, run_after=None
[2023-11-22T21:08:56.640+0000] {processor.py:179} INFO - Processing /home/airflow/.local/lib/python3.8/site-packages/airflow/example_dags/example_xcomargs.py took 0.080 seconds
[2023-11-22T21:09:26.887+0000] {processor.py:157} INFO - Started process (PID=2415) to work on /home/airflow/.local/lib/python3.8/site-packages/airflow/example_dags/example_xcomargs.py
[2023-11-22T21:09:26.888+0000] {processor.py:829} INFO - Processing file /home/airflow/.local/lib/python3.8/site-packages/airflow/example_dags/example_xcomargs.py for tasks to queue
[2023-11-22T21:09:26.891+0000] {logging_mixin.py:154} INFO - [2023-11-22T21:09:26.891+0000] {dagbag.py:536} INFO - Filling up the DagBag from /home/airflow/.local/lib/python3.8/site-packages/airflow/example_dags/example_xcomargs.py
[2023-11-22T21:09:26.900+0000] {processor.py:839} INFO - DAG(s) dict_keys(['example_xcom_args', 'example_xcom_args_with_operators']) retrieved from /home/airflow/.local/lib/python3.8/site-packages/airflow/example_dags/example_xcomargs.py
[2023-11-22T21:09:26.924+0000] {logging_mixin.py:154} INFO - [2023-11-22T21:09:26.923+0000] {dag.py:2941} INFO - Sync 2 DAGs
[2023-11-22T21:09:26.936+0000] {logging_mixin.py:154} INFO - [2023-11-22T21:09:26.936+0000] {dag.py:3722} INFO - Setting next_dagrun for example_xcom_args to None, run_after=None
[2023-11-22T21:09:26.940+0000] {logging_mixin.py:154} INFO - [2023-11-22T21:09:26.940+0000] {dag.py:3722} INFO - Setting next_dagrun for example_xcom_args_with_operators to None, run_after=None
[2023-11-22T21:09:26.961+0000] {processor.py:179} INFO - Processing /home/airflow/.local/lib/python3.8/site-packages/airflow/example_dags/example_xcomargs.py took 0.079 seconds
[2023-11-22T21:09:57.152+0000] {processor.py:157} INFO - Started process (PID=2469) to work on /home/airflow/.local/lib/python3.8/site-packages/airflow/example_dags/example_xcomargs.py
[2023-11-22T21:09:57.154+0000] {processor.py:829} INFO - Processing file /home/airflow/.local/lib/python3.8/site-packages/airflow/example_dags/example_xcomargs.py for tasks to queue
[2023-11-22T21:09:57.157+0000] {logging_mixin.py:154} INFO - [2023-11-22T21:09:57.157+0000] {dagbag.py:536} INFO - Filling up the DagBag from /home/airflow/.local/lib/python3.8/site-packages/airflow/example_dags/example_xcomargs.py
[2023-11-22T21:09:57.167+0000] {processor.py:839} INFO - DAG(s) dict_keys(['example_xcom_args_with_operators', 'example_xcom_args']) retrieved from /home/airflow/.local/lib/python3.8/site-packages/airflow/example_dags/example_xcomargs.py
[2023-11-22T21:09:57.190+0000] {logging_mixin.py:154} INFO - [2023-11-22T21:09:57.190+0000] {dag.py:2941} INFO - Sync 2 DAGs
[2023-11-22T21:09:57.204+0000] {logging_mixin.py:154} INFO - [2023-11-22T21:09:57.203+0000] {dag.py:3722} INFO - Setting next_dagrun for example_xcom_args to None, run_after=None
[2023-11-22T21:09:57.207+0000] {logging_mixin.py:154} INFO - [2023-11-22T21:09:57.207+0000] {dag.py:3722} INFO - Setting next_dagrun for example_xcom_args_with_operators to None, run_after=None
[2023-11-22T21:09:57.226+0000] {processor.py:179} INFO - Processing /home/airflow/.local/lib/python3.8/site-packages/airflow/example_dags/example_xcomargs.py took 0.078 seconds
[2023-11-22T21:10:27.575+0000] {processor.py:157} INFO - Started process (PID=2523) to work on /home/airflow/.local/lib/python3.8/site-packages/airflow/example_dags/example_xcomargs.py
[2023-11-22T21:10:27.577+0000] {processor.py:829} INFO - Processing file /home/airflow/.local/lib/python3.8/site-packages/airflow/example_dags/example_xcomargs.py for tasks to queue
[2023-11-22T21:10:27.580+0000] {logging_mixin.py:154} INFO - [2023-11-22T21:10:27.580+0000] {dagbag.py:536} INFO - Filling up the DagBag from /home/airflow/.local/lib/python3.8/site-packages/airflow/example_dags/example_xcomargs.py
[2023-11-22T21:10:27.592+0000] {processor.py:839} INFO - DAG(s) dict_keys(['example_xcom_args', 'example_xcom_args_with_operators']) retrieved from /home/airflow/.local/lib/python3.8/site-packages/airflow/example_dags/example_xcomargs.py
[2023-11-22T21:10:27.625+0000] {logging_mixin.py:154} INFO - [2023-11-22T21:10:27.625+0000] {dag.py:2941} INFO - Sync 2 DAGs
[2023-11-22T21:10:27.642+0000] {logging_mixin.py:154} INFO - [2023-11-22T21:10:27.642+0000] {dag.py:3722} INFO - Setting next_dagrun for example_xcom_args to None, run_after=None
[2023-11-22T21:10:27.647+0000] {logging_mixin.py:154} INFO - [2023-11-22T21:10:27.647+0000] {dag.py:3722} INFO - Setting next_dagrun for example_xcom_args_with_operators to None, run_after=None
[2023-11-22T21:10:27.674+0000] {processor.py:179} INFO - Processing /home/airflow/.local/lib/python3.8/site-packages/airflow/example_dags/example_xcomargs.py took 0.103 seconds
[2023-11-22T21:10:58.093+0000] {processor.py:157} INFO - Started process (PID=2577) to work on /home/airflow/.local/lib/python3.8/site-packages/airflow/example_dags/example_xcomargs.py
[2023-11-22T21:10:58.094+0000] {processor.py:829} INFO - Processing file /home/airflow/.local/lib/python3.8/site-packages/airflow/example_dags/example_xcomargs.py for tasks to queue
[2023-11-22T21:10:58.098+0000] {logging_mixin.py:154} INFO - [2023-11-22T21:10:58.098+0000] {dagbag.py:536} INFO - Filling up the DagBag from /home/airflow/.local/lib/python3.8/site-packages/airflow/example_dags/example_xcomargs.py
[2023-11-22T21:10:58.106+0000] {processor.py:839} INFO - DAG(s) dict_keys(['example_xcom_args', 'example_xcom_args_with_operators']) retrieved from /home/airflow/.local/lib/python3.8/site-packages/airflow/example_dags/example_xcomargs.py
[2023-11-22T21:10:58.130+0000] {logging_mixin.py:154} INFO - [2023-11-22T21:10:58.130+0000] {dag.py:2941} INFO - Sync 2 DAGs
[2023-11-22T21:10:58.142+0000] {logging_mixin.py:154} INFO - [2023-11-22T21:10:58.142+0000] {dag.py:3722} INFO - Setting next_dagrun for example_xcom_args to None, run_after=None
[2023-11-22T21:10:58.146+0000] {logging_mixin.py:154} INFO - [2023-11-22T21:10:58.146+0000] {dag.py:3722} INFO - Setting next_dagrun for example_xcom_args_with_operators to None, run_after=None
[2023-11-22T21:10:58.168+0000] {processor.py:179} INFO - Processing /home/airflow/.local/lib/python3.8/site-packages/airflow/example_dags/example_xcomargs.py took 0.079 seconds
[2023-11-22T21:11:28.868+0000] {processor.py:157} INFO - Started process (PID=2631) to work on /home/airflow/.local/lib/python3.8/site-packages/airflow/example_dags/example_xcomargs.py
[2023-11-22T21:11:28.869+0000] {processor.py:829} INFO - Processing file /home/airflow/.local/lib/python3.8/site-packages/airflow/example_dags/example_xcomargs.py for tasks to queue
[2023-11-22T21:11:28.872+0000] {logging_mixin.py:154} INFO - [2023-11-22T21:11:28.871+0000] {dagbag.py:536} INFO - Filling up the DagBag from /home/airflow/.local/lib/python3.8/site-packages/airflow/example_dags/example_xcomargs.py
[2023-11-22T21:11:28.880+0000] {processor.py:839} INFO - DAG(s) dict_keys(['example_xcom_args', 'example_xcom_args_with_operators']) retrieved from /home/airflow/.local/lib/python3.8/site-packages/airflow/example_dags/example_xcomargs.py
[2023-11-22T21:11:28.904+0000] {logging_mixin.py:154} INFO - [2023-11-22T21:11:28.904+0000] {dag.py:2941} INFO - Sync 2 DAGs
[2023-11-22T21:11:28.917+0000] {logging_mixin.py:154} INFO - [2023-11-22T21:11:28.917+0000] {dag.py:3722} INFO - Setting next_dagrun for example_xcom_args to None, run_after=None
[2023-11-22T21:11:28.921+0000] {logging_mixin.py:154} INFO - [2023-11-22T21:11:28.921+0000] {dag.py:3722} INFO - Setting next_dagrun for example_xcom_args_with_operators to None, run_after=None
[2023-11-22T21:11:28.946+0000] {processor.py:179} INFO - Processing /home/airflow/.local/lib/python3.8/site-packages/airflow/example_dags/example_xcomargs.py took 0.081 seconds
