[2023-11-22T20:47:06.583+0000] {processor.py:157} INFO - Started process (PID=68) to work on /home/airflow/.local/lib/python3.8/site-packages/airflow/example_dags/example_python_operator.py
[2023-11-22T20:47:06.585+0000] {processor.py:829} INFO - Processing file /home/airflow/.local/lib/python3.8/site-packages/airflow/example_dags/example_python_operator.py for tasks to queue
[2023-11-22T20:47:06.589+0000] {logging_mixin.py:154} INFO - [2023-11-22T20:47:06.589+0000] {dagbag.py:536} INFO - Filling up the DagBag from /home/airflow/.local/lib/python3.8/site-packages/airflow/example_dags/example_python_operator.py
[2023-11-22T20:47:06.765+0000] {processor.py:839} INFO - DAG(s) dict_keys(['example_python_operator']) retrieved from /home/airflow/.local/lib/python3.8/site-packages/airflow/example_dags/example_python_operator.py
[2023-11-22T20:47:08.136+0000] {logging_mixin.py:154} INFO - [2023-11-22T20:47:08.136+0000] {dag.py:2941} INFO - Sync 1 DAGs
[2023-11-22T20:47:08.203+0000] {logging_mixin.py:154} INFO - [2023-11-22T20:47:08.203+0000] {dag.py:3722} INFO - Setting next_dagrun for example_python_operator to None, run_after=None
[2023-11-22T20:47:08.343+0000] {processor.py:179} INFO - Processing /home/airflow/.local/lib/python3.8/site-packages/airflow/example_dags/example_python_operator.py took 2.093 seconds
[2023-11-22T20:47:39.763+0000] {processor.py:157} INFO - Started process (PID=122) to work on /home/airflow/.local/lib/python3.8/site-packages/airflow/example_dags/example_python_operator.py
[2023-11-22T20:47:39.765+0000] {processor.py:829} INFO - Processing file /home/airflow/.local/lib/python3.8/site-packages/airflow/example_dags/example_python_operator.py for tasks to queue
[2023-11-22T20:47:39.767+0000] {logging_mixin.py:154} INFO - [2023-11-22T20:47:39.767+0000] {dagbag.py:536} INFO - Filling up the DagBag from /home/airflow/.local/lib/python3.8/site-packages/airflow/example_dags/example_python_operator.py
[2023-11-22T20:47:39.785+0000] {processor.py:839} INFO - DAG(s) dict_keys(['example_python_operator']) retrieved from /home/airflow/.local/lib/python3.8/site-packages/airflow/example_dags/example_python_operator.py
[2023-11-22T20:47:39.861+0000] {logging_mixin.py:154} INFO - [2023-11-22T20:47:39.861+0000] {dag.py:2941} INFO - Sync 1 DAGs
[2023-11-22T20:47:39.879+0000] {logging_mixin.py:154} INFO - [2023-11-22T20:47:39.879+0000] {dag.py:3722} INFO - Setting next_dagrun for example_python_operator to None, run_after=None
[2023-11-22T20:47:39.900+0000] {processor.py:179} INFO - Processing /home/airflow/.local/lib/python3.8/site-packages/airflow/example_dags/example_python_operator.py took 0.140 seconds
[2023-11-22T20:48:10.208+0000] {processor.py:157} INFO - Started process (PID=176) to work on /home/airflow/.local/lib/python3.8/site-packages/airflow/example_dags/example_python_operator.py
[2023-11-22T20:48:10.215+0000] {processor.py:829} INFO - Processing file /home/airflow/.local/lib/python3.8/site-packages/airflow/example_dags/example_python_operator.py for tasks to queue
[2023-11-22T20:48:10.218+0000] {logging_mixin.py:154} INFO - [2023-11-22T20:48:10.218+0000] {dagbag.py:536} INFO - Filling up the DagBag from /home/airflow/.local/lib/python3.8/site-packages/airflow/example_dags/example_python_operator.py
[2023-11-22T20:48:10.229+0000] {processor.py:839} INFO - DAG(s) dict_keys(['example_python_operator']) retrieved from /home/airflow/.local/lib/python3.8/site-packages/airflow/example_dags/example_python_operator.py
[2023-11-22T20:48:10.253+0000] {logging_mixin.py:154} INFO - [2023-11-22T20:48:10.253+0000] {dag.py:2941} INFO - Sync 1 DAGs
[2023-11-22T20:48:10.267+0000] {logging_mixin.py:154} INFO - [2023-11-22T20:48:10.266+0000] {dag.py:3722} INFO - Setting next_dagrun for example_python_operator to None, run_after=None
[2023-11-22T20:48:10.426+0000] {processor.py:179} INFO - Processing /home/airflow/.local/lib/python3.8/site-packages/airflow/example_dags/example_python_operator.py took 0.221 seconds
[2023-11-22T20:48:41.512+0000] {processor.py:157} INFO - Started process (PID=230) to work on /home/airflow/.local/lib/python3.8/site-packages/airflow/example_dags/example_python_operator.py
[2023-11-22T20:48:41.515+0000] {processor.py:829} INFO - Processing file /home/airflow/.local/lib/python3.8/site-packages/airflow/example_dags/example_python_operator.py for tasks to queue
[2023-11-22T20:48:41.519+0000] {logging_mixin.py:154} INFO - [2023-11-22T20:48:41.519+0000] {dagbag.py:536} INFO - Filling up the DagBag from /home/airflow/.local/lib/python3.8/site-packages/airflow/example_dags/example_python_operator.py
[2023-11-22T20:48:41.538+0000] {processor.py:839} INFO - DAG(s) dict_keys(['example_python_operator']) retrieved from /home/airflow/.local/lib/python3.8/site-packages/airflow/example_dags/example_python_operator.py
[2023-11-22T20:48:41.570+0000] {logging_mixin.py:154} INFO - [2023-11-22T20:48:41.570+0000] {dag.py:2941} INFO - Sync 1 DAGs
[2023-11-22T20:48:41.589+0000] {logging_mixin.py:154} INFO - [2023-11-22T20:48:41.588+0000] {dag.py:3722} INFO - Setting next_dagrun for example_python_operator to None, run_after=None
[2023-11-22T20:48:41.620+0000] {processor.py:179} INFO - Processing /home/airflow/.local/lib/python3.8/site-packages/airflow/example_dags/example_python_operator.py took 0.113 seconds
[2023-11-22T20:49:11.755+0000] {processor.py:157} INFO - Started process (PID=284) to work on /home/airflow/.local/lib/python3.8/site-packages/airflow/example_dags/example_python_operator.py
[2023-11-22T20:49:11.757+0000] {processor.py:829} INFO - Processing file /home/airflow/.local/lib/python3.8/site-packages/airflow/example_dags/example_python_operator.py for tasks to queue
[2023-11-22T20:49:11.759+0000] {logging_mixin.py:154} INFO - [2023-11-22T20:49:11.759+0000] {dagbag.py:536} INFO - Filling up the DagBag from /home/airflow/.local/lib/python3.8/site-packages/airflow/example_dags/example_python_operator.py
[2023-11-22T20:49:11.770+0000] {processor.py:839} INFO - DAG(s) dict_keys(['example_python_operator']) retrieved from /home/airflow/.local/lib/python3.8/site-packages/airflow/example_dags/example_python_operator.py
[2023-11-22T20:49:11.795+0000] {logging_mixin.py:154} INFO - [2023-11-22T20:49:11.795+0000] {dag.py:2941} INFO - Sync 1 DAGs
[2023-11-22T20:49:11.811+0000] {logging_mixin.py:154} INFO - [2023-11-22T20:49:11.811+0000] {dag.py:3722} INFO - Setting next_dagrun for example_python_operator to None, run_after=None
[2023-11-22T20:49:11.836+0000] {processor.py:179} INFO - Processing /home/airflow/.local/lib/python3.8/site-packages/airflow/example_dags/example_python_operator.py took 0.084 seconds
[2023-11-22T20:49:42.108+0000] {processor.py:157} INFO - Started process (PID=338) to work on /home/airflow/.local/lib/python3.8/site-packages/airflow/example_dags/example_python_operator.py
[2023-11-22T20:49:42.109+0000] {processor.py:829} INFO - Processing file /home/airflow/.local/lib/python3.8/site-packages/airflow/example_dags/example_python_operator.py for tasks to queue
[2023-11-22T20:49:42.111+0000] {logging_mixin.py:154} INFO - [2023-11-22T20:49:42.111+0000] {dagbag.py:536} INFO - Filling up the DagBag from /home/airflow/.local/lib/python3.8/site-packages/airflow/example_dags/example_python_operator.py
[2023-11-22T20:49:42.122+0000] {processor.py:839} INFO - DAG(s) dict_keys(['example_python_operator']) retrieved from /home/airflow/.local/lib/python3.8/site-packages/airflow/example_dags/example_python_operator.py
[2023-11-22T20:49:42.146+0000] {logging_mixin.py:154} INFO - [2023-11-22T20:49:42.146+0000] {dag.py:2941} INFO - Sync 1 DAGs
[2023-11-22T20:49:42.160+0000] {logging_mixin.py:154} INFO - [2023-11-22T20:49:42.160+0000] {dag.py:3722} INFO - Setting next_dagrun for example_python_operator to None, run_after=None
[2023-11-22T20:49:42.191+0000] {processor.py:179} INFO - Processing /home/airflow/.local/lib/python3.8/site-packages/airflow/example_dags/example_python_operator.py took 0.086 seconds
[2023-11-22T20:50:12.898+0000] {processor.py:157} INFO - Started process (PID=392) to work on /home/airflow/.local/lib/python3.8/site-packages/airflow/example_dags/example_python_operator.py
[2023-11-22T20:50:12.900+0000] {processor.py:829} INFO - Processing file /home/airflow/.local/lib/python3.8/site-packages/airflow/example_dags/example_python_operator.py for tasks to queue
[2023-11-22T20:50:12.904+0000] {logging_mixin.py:154} INFO - [2023-11-22T20:50:12.903+0000] {dagbag.py:536} INFO - Filling up the DagBag from /home/airflow/.local/lib/python3.8/site-packages/airflow/example_dags/example_python_operator.py
[2023-11-22T20:50:12.916+0000] {processor.py:839} INFO - DAG(s) dict_keys(['example_python_operator']) retrieved from /home/airflow/.local/lib/python3.8/site-packages/airflow/example_dags/example_python_operator.py
[2023-11-22T20:50:12.944+0000] {logging_mixin.py:154} INFO - [2023-11-22T20:50:12.944+0000] {dag.py:2941} INFO - Sync 1 DAGs
[2023-11-22T20:50:12.965+0000] {logging_mixin.py:154} INFO - [2023-11-22T20:50:12.964+0000] {dag.py:3722} INFO - Setting next_dagrun for example_python_operator to None, run_after=None
[2023-11-22T20:50:13.034+0000] {processor.py:179} INFO - Processing /home/airflow/.local/lib/python3.8/site-packages/airflow/example_dags/example_python_operator.py took 0.142 seconds
[2023-11-22T20:50:43.083+0000] {processor.py:157} INFO - Started process (PID=446) to work on /home/airflow/.local/lib/python3.8/site-packages/airflow/example_dags/example_python_operator.py
[2023-11-22T20:50:43.085+0000] {processor.py:829} INFO - Processing file /home/airflow/.local/lib/python3.8/site-packages/airflow/example_dags/example_python_operator.py for tasks to queue
[2023-11-22T20:50:43.087+0000] {logging_mixin.py:154} INFO - [2023-11-22T20:50:43.087+0000] {dagbag.py:536} INFO - Filling up the DagBag from /home/airflow/.local/lib/python3.8/site-packages/airflow/example_dags/example_python_operator.py
[2023-11-22T20:50:43.097+0000] {processor.py:839} INFO - DAG(s) dict_keys(['example_python_operator']) retrieved from /home/airflow/.local/lib/python3.8/site-packages/airflow/example_dags/example_python_operator.py
[2023-11-22T20:50:43.120+0000] {logging_mixin.py:154} INFO - [2023-11-22T20:50:43.120+0000] {dag.py:2941} INFO - Sync 1 DAGs
[2023-11-22T20:50:43.134+0000] {logging_mixin.py:154} INFO - [2023-11-22T20:50:43.134+0000] {dag.py:3722} INFO - Setting next_dagrun for example_python_operator to None, run_after=None
[2023-11-22T20:50:43.154+0000] {processor.py:179} INFO - Processing /home/airflow/.local/lib/python3.8/site-packages/airflow/example_dags/example_python_operator.py took 0.074 seconds
[2023-11-22T20:51:13.771+0000] {processor.py:157} INFO - Started process (PID=500) to work on /home/airflow/.local/lib/python3.8/site-packages/airflow/example_dags/example_python_operator.py
[2023-11-22T20:51:13.773+0000] {processor.py:829} INFO - Processing file /home/airflow/.local/lib/python3.8/site-packages/airflow/example_dags/example_python_operator.py for tasks to queue
[2023-11-22T20:51:13.775+0000] {logging_mixin.py:154} INFO - [2023-11-22T20:51:13.775+0000] {dagbag.py:536} INFO - Filling up the DagBag from /home/airflow/.local/lib/python3.8/site-packages/airflow/example_dags/example_python_operator.py
[2023-11-22T20:51:13.787+0000] {processor.py:839} INFO - DAG(s) dict_keys(['example_python_operator']) retrieved from /home/airflow/.local/lib/python3.8/site-packages/airflow/example_dags/example_python_operator.py
[2023-11-22T20:51:13.811+0000] {logging_mixin.py:154} INFO - [2023-11-22T20:51:13.810+0000] {dag.py:2941} INFO - Sync 1 DAGs
[2023-11-22T20:51:13.824+0000] {logging_mixin.py:154} INFO - [2023-11-22T20:51:13.824+0000] {dag.py:3722} INFO - Setting next_dagrun for example_python_operator to None, run_after=None
[2023-11-22T20:51:13.852+0000] {processor.py:179} INFO - Processing /home/airflow/.local/lib/python3.8/site-packages/airflow/example_dags/example_python_operator.py took 0.084 seconds
[2023-11-22T20:51:44.076+0000] {processor.py:157} INFO - Started process (PID=554) to work on /home/airflow/.local/lib/python3.8/site-packages/airflow/example_dags/example_python_operator.py
[2023-11-22T20:51:44.078+0000] {processor.py:829} INFO - Processing file /home/airflow/.local/lib/python3.8/site-packages/airflow/example_dags/example_python_operator.py for tasks to queue
[2023-11-22T20:51:44.081+0000] {logging_mixin.py:154} INFO - [2023-11-22T20:51:44.081+0000] {dagbag.py:536} INFO - Filling up the DagBag from /home/airflow/.local/lib/python3.8/site-packages/airflow/example_dags/example_python_operator.py
[2023-11-22T20:51:44.098+0000] {processor.py:839} INFO - DAG(s) dict_keys(['example_python_operator']) retrieved from /home/airflow/.local/lib/python3.8/site-packages/airflow/example_dags/example_python_operator.py
[2023-11-22T20:51:44.135+0000] {logging_mixin.py:154} INFO - [2023-11-22T20:51:44.135+0000] {dag.py:2941} INFO - Sync 1 DAGs
[2023-11-22T20:51:44.156+0000] {logging_mixin.py:154} INFO - [2023-11-22T20:51:44.156+0000] {dag.py:3722} INFO - Setting next_dagrun for example_python_operator to None, run_after=None
[2023-11-22T20:51:44.196+0000] {processor.py:179} INFO - Processing /home/airflow/.local/lib/python3.8/site-packages/airflow/example_dags/example_python_operator.py took 0.126 seconds
[2023-11-22T20:52:29.667+0000] {processor.py:157} INFO - Started process (PID=612) to work on /home/airflow/.local/lib/python3.8/site-packages/airflow/example_dags/example_python_operator.py
[2023-11-22T20:52:29.669+0000] {processor.py:829} INFO - Processing file /home/airflow/.local/lib/python3.8/site-packages/airflow/example_dags/example_python_operator.py for tasks to queue
[2023-11-22T20:52:29.673+0000] {logging_mixin.py:154} INFO - [2023-11-22T20:52:29.673+0000] {dagbag.py:536} INFO - Filling up the DagBag from /home/airflow/.local/lib/python3.8/site-packages/airflow/example_dags/example_python_operator.py
[2023-11-22T20:52:29.690+0000] {processor.py:839} INFO - DAG(s) dict_keys(['example_python_operator']) retrieved from /home/airflow/.local/lib/python3.8/site-packages/airflow/example_dags/example_python_operator.py
[2023-11-22T20:52:29.739+0000] {logging_mixin.py:154} INFO - [2023-11-22T20:52:29.738+0000] {dag.py:2941} INFO - Sync 1 DAGs
[2023-11-22T20:52:29.764+0000] {logging_mixin.py:154} INFO - [2023-11-22T20:52:29.764+0000] {dag.py:3722} INFO - Setting next_dagrun for example_python_operator to None, run_after=None
[2023-11-22T20:52:29.788+0000] {processor.py:179} INFO - Processing /home/airflow/.local/lib/python3.8/site-packages/airflow/example_dags/example_python_operator.py took 0.125 seconds
[2023-11-22T20:53:00.477+0000] {processor.py:157} INFO - Started process (PID=666) to work on /home/airflow/.local/lib/python3.8/site-packages/airflow/example_dags/example_python_operator.py
[2023-11-22T20:53:00.478+0000] {processor.py:829} INFO - Processing file /home/airflow/.local/lib/python3.8/site-packages/airflow/example_dags/example_python_operator.py for tasks to queue
[2023-11-22T20:53:00.480+0000] {logging_mixin.py:154} INFO - [2023-11-22T20:53:00.480+0000] {dagbag.py:536} INFO - Filling up the DagBag from /home/airflow/.local/lib/python3.8/site-packages/airflow/example_dags/example_python_operator.py
[2023-11-22T20:53:00.493+0000] {processor.py:839} INFO - DAG(s) dict_keys(['example_python_operator']) retrieved from /home/airflow/.local/lib/python3.8/site-packages/airflow/example_dags/example_python_operator.py
[2023-11-22T20:53:00.516+0000] {logging_mixin.py:154} INFO - [2023-11-22T20:53:00.516+0000] {dag.py:2941} INFO - Sync 1 DAGs
[2023-11-22T20:53:00.529+0000] {logging_mixin.py:154} INFO - [2023-11-22T20:53:00.528+0000] {dag.py:3722} INFO - Setting next_dagrun for example_python_operator to None, run_after=None
[2023-11-22T20:53:00.551+0000] {processor.py:179} INFO - Processing /home/airflow/.local/lib/python3.8/site-packages/airflow/example_dags/example_python_operator.py took 0.077 seconds
[2023-11-22T20:53:31.247+0000] {processor.py:157} INFO - Started process (PID=723) to work on /home/airflow/.local/lib/python3.8/site-packages/airflow/example_dags/example_python_operator.py
[2023-11-22T20:53:31.249+0000] {processor.py:829} INFO - Processing file /home/airflow/.local/lib/python3.8/site-packages/airflow/example_dags/example_python_operator.py for tasks to queue
[2023-11-22T20:53:31.253+0000] {logging_mixin.py:154} INFO - [2023-11-22T20:53:31.252+0000] {dagbag.py:536} INFO - Filling up the DagBag from /home/airflow/.local/lib/python3.8/site-packages/airflow/example_dags/example_python_operator.py
[2023-11-22T20:53:31.265+0000] {processor.py:839} INFO - DAG(s) dict_keys(['example_python_operator']) retrieved from /home/airflow/.local/lib/python3.8/site-packages/airflow/example_dags/example_python_operator.py
[2023-11-22T20:53:31.297+0000] {logging_mixin.py:154} INFO - [2023-11-22T20:53:31.297+0000] {dag.py:2941} INFO - Sync 1 DAGs
[2023-11-22T20:53:31.313+0000] {logging_mixin.py:154} INFO - [2023-11-22T20:53:31.313+0000] {dag.py:3722} INFO - Setting next_dagrun for example_python_operator to None, run_after=None
[2023-11-22T20:53:31.340+0000] {processor.py:179} INFO - Processing /home/airflow/.local/lib/python3.8/site-packages/airflow/example_dags/example_python_operator.py took 0.096 seconds
[2023-11-22T20:54:06.720+0000] {processor.py:157} INFO - Started process (PID=778) to work on /home/airflow/.local/lib/python3.8/site-packages/airflow/example_dags/example_python_operator.py
[2023-11-22T20:54:06.721+0000] {processor.py:829} INFO - Processing file /home/airflow/.local/lib/python3.8/site-packages/airflow/example_dags/example_python_operator.py for tasks to queue
[2023-11-22T20:54:06.724+0000] {logging_mixin.py:154} INFO - [2023-11-22T20:54:06.724+0000] {dagbag.py:536} INFO - Filling up the DagBag from /home/airflow/.local/lib/python3.8/site-packages/airflow/example_dags/example_python_operator.py
[2023-11-22T20:54:06.736+0000] {processor.py:839} INFO - DAG(s) dict_keys(['example_python_operator']) retrieved from /home/airflow/.local/lib/python3.8/site-packages/airflow/example_dags/example_python_operator.py
[2023-11-22T20:54:06.766+0000] {logging_mixin.py:154} INFO - [2023-11-22T20:54:06.765+0000] {dag.py:2941} INFO - Sync 1 DAGs
[2023-11-22T20:54:06.782+0000] {logging_mixin.py:154} INFO - [2023-11-22T20:54:06.782+0000] {dag.py:3722} INFO - Setting next_dagrun for example_python_operator to None, run_after=None
[2023-11-22T20:54:06.806+0000] {processor.py:179} INFO - Processing /home/airflow/.local/lib/python3.8/site-packages/airflow/example_dags/example_python_operator.py took 0.089 seconds
[2023-11-22T20:54:38.530+0000] {processor.py:157} INFO - Started process (PID=832) to work on /home/airflow/.local/lib/python3.8/site-packages/airflow/example_dags/example_python_operator.py
[2023-11-22T20:54:38.532+0000] {processor.py:829} INFO - Processing file /home/airflow/.local/lib/python3.8/site-packages/airflow/example_dags/example_python_operator.py for tasks to queue
[2023-11-22T20:54:38.536+0000] {logging_mixin.py:154} INFO - [2023-11-22T20:54:38.535+0000] {dagbag.py:536} INFO - Filling up the DagBag from /home/airflow/.local/lib/python3.8/site-packages/airflow/example_dags/example_python_operator.py
[2023-11-22T20:54:38.562+0000] {processor.py:839} INFO - DAG(s) dict_keys(['example_python_operator']) retrieved from /home/airflow/.local/lib/python3.8/site-packages/airflow/example_dags/example_python_operator.py
[2023-11-22T20:54:38.603+0000] {logging_mixin.py:154} INFO - [2023-11-22T20:54:38.603+0000] {dag.py:2941} INFO - Sync 1 DAGs
[2023-11-22T20:54:38.619+0000] {logging_mixin.py:154} INFO - [2023-11-22T20:54:38.619+0000] {dag.py:3722} INFO - Setting next_dagrun for example_python_operator to None, run_after=None
[2023-11-22T20:54:38.664+0000] {processor.py:179} INFO - Processing /home/airflow/.local/lib/python3.8/site-packages/airflow/example_dags/example_python_operator.py took 0.138 seconds
[2023-11-22T20:55:09.582+0000] {processor.py:157} INFO - Started process (PID=886) to work on /home/airflow/.local/lib/python3.8/site-packages/airflow/example_dags/example_python_operator.py
[2023-11-22T20:55:09.584+0000] {processor.py:829} INFO - Processing file /home/airflow/.local/lib/python3.8/site-packages/airflow/example_dags/example_python_operator.py for tasks to queue
[2023-11-22T20:55:09.587+0000] {logging_mixin.py:154} INFO - [2023-11-22T20:55:09.587+0000] {dagbag.py:536} INFO - Filling up the DagBag from /home/airflow/.local/lib/python3.8/site-packages/airflow/example_dags/example_python_operator.py
[2023-11-22T20:55:09.601+0000] {processor.py:839} INFO - DAG(s) dict_keys(['example_python_operator']) retrieved from /home/airflow/.local/lib/python3.8/site-packages/airflow/example_dags/example_python_operator.py
[2023-11-22T20:55:09.625+0000] {logging_mixin.py:154} INFO - [2023-11-22T20:55:09.625+0000] {dag.py:2941} INFO - Sync 1 DAGs
[2023-11-22T20:55:09.637+0000] {logging_mixin.py:154} INFO - [2023-11-22T20:55:09.637+0000] {dag.py:3722} INFO - Setting next_dagrun for example_python_operator to None, run_after=None
[2023-11-22T20:55:09.657+0000] {processor.py:179} INFO - Processing /home/airflow/.local/lib/python3.8/site-packages/airflow/example_dags/example_python_operator.py took 0.078 seconds
[2023-11-22T20:55:40.592+0000] {processor.py:157} INFO - Started process (PID=940) to work on /home/airflow/.local/lib/python3.8/site-packages/airflow/example_dags/example_python_operator.py
[2023-11-22T20:55:40.594+0000] {processor.py:829} INFO - Processing file /home/airflow/.local/lib/python3.8/site-packages/airflow/example_dags/example_python_operator.py for tasks to queue
[2023-11-22T20:55:40.597+0000] {logging_mixin.py:154} INFO - [2023-11-22T20:55:40.596+0000] {dagbag.py:536} INFO - Filling up the DagBag from /home/airflow/.local/lib/python3.8/site-packages/airflow/example_dags/example_python_operator.py
[2023-11-22T20:55:40.613+0000] {processor.py:839} INFO - DAG(s) dict_keys(['example_python_operator']) retrieved from /home/airflow/.local/lib/python3.8/site-packages/airflow/example_dags/example_python_operator.py
[2023-11-22T20:55:40.637+0000] {logging_mixin.py:154} INFO - [2023-11-22T20:55:40.636+0000] {dag.py:2941} INFO - Sync 1 DAGs
[2023-11-22T20:55:40.649+0000] {logging_mixin.py:154} INFO - [2023-11-22T20:55:40.649+0000] {dag.py:3722} INFO - Setting next_dagrun for example_python_operator to None, run_after=None
[2023-11-22T20:55:40.668+0000] {processor.py:179} INFO - Processing /home/airflow/.local/lib/python3.8/site-packages/airflow/example_dags/example_python_operator.py took 0.079 seconds
[2023-11-22T20:56:10.824+0000] {processor.py:157} INFO - Started process (PID=994) to work on /home/airflow/.local/lib/python3.8/site-packages/airflow/example_dags/example_python_operator.py
[2023-11-22T20:56:10.826+0000] {processor.py:829} INFO - Processing file /home/airflow/.local/lib/python3.8/site-packages/airflow/example_dags/example_python_operator.py for tasks to queue
[2023-11-22T20:56:10.830+0000] {logging_mixin.py:154} INFO - [2023-11-22T20:56:10.830+0000] {dagbag.py:536} INFO - Filling up the DagBag from /home/airflow/.local/lib/python3.8/site-packages/airflow/example_dags/example_python_operator.py
[2023-11-22T20:56:10.847+0000] {processor.py:839} INFO - DAG(s) dict_keys(['example_python_operator']) retrieved from /home/airflow/.local/lib/python3.8/site-packages/airflow/example_dags/example_python_operator.py
[2023-11-22T20:56:10.876+0000] {logging_mixin.py:154} INFO - [2023-11-22T20:56:10.876+0000] {dag.py:2941} INFO - Sync 1 DAGs
[2023-11-22T20:56:10.891+0000] {logging_mixin.py:154} INFO - [2023-11-22T20:56:10.891+0000] {dag.py:3722} INFO - Setting next_dagrun for example_python_operator to None, run_after=None
[2023-11-22T20:56:10.915+0000] {processor.py:179} INFO - Processing /home/airflow/.local/lib/python3.8/site-packages/airflow/example_dags/example_python_operator.py took 0.096 seconds
[2023-11-22T20:56:41.055+0000] {processor.py:157} INFO - Started process (PID=1048) to work on /home/airflow/.local/lib/python3.8/site-packages/airflow/example_dags/example_python_operator.py
[2023-11-22T20:56:41.057+0000] {processor.py:829} INFO - Processing file /home/airflow/.local/lib/python3.8/site-packages/airflow/example_dags/example_python_operator.py for tasks to queue
[2023-11-22T20:56:41.059+0000] {logging_mixin.py:154} INFO - [2023-11-22T20:56:41.059+0000] {dagbag.py:536} INFO - Filling up the DagBag from /home/airflow/.local/lib/python3.8/site-packages/airflow/example_dags/example_python_operator.py
[2023-11-22T20:56:41.069+0000] {processor.py:839} INFO - DAG(s) dict_keys(['example_python_operator']) retrieved from /home/airflow/.local/lib/python3.8/site-packages/airflow/example_dags/example_python_operator.py
[2023-11-22T20:56:41.091+0000] {logging_mixin.py:154} INFO - [2023-11-22T20:56:41.091+0000] {dag.py:2941} INFO - Sync 1 DAGs
[2023-11-22T20:56:41.103+0000] {logging_mixin.py:154} INFO - [2023-11-22T20:56:41.103+0000] {dag.py:3722} INFO - Setting next_dagrun for example_python_operator to None, run_after=None
[2023-11-22T20:56:41.128+0000] {processor.py:179} INFO - Processing /home/airflow/.local/lib/python3.8/site-packages/airflow/example_dags/example_python_operator.py took 0.075 seconds
[2023-11-22T20:57:11.265+0000] {processor.py:157} INFO - Started process (PID=1102) to work on /home/airflow/.local/lib/python3.8/site-packages/airflow/example_dags/example_python_operator.py
[2023-11-22T20:57:11.267+0000] {processor.py:829} INFO - Processing file /home/airflow/.local/lib/python3.8/site-packages/airflow/example_dags/example_python_operator.py for tasks to queue
[2023-11-22T20:57:11.269+0000] {logging_mixin.py:154} INFO - [2023-11-22T20:57:11.269+0000] {dagbag.py:536} INFO - Filling up the DagBag from /home/airflow/.local/lib/python3.8/site-packages/airflow/example_dags/example_python_operator.py
[2023-11-22T20:57:11.283+0000] {processor.py:839} INFO - DAG(s) dict_keys(['example_python_operator']) retrieved from /home/airflow/.local/lib/python3.8/site-packages/airflow/example_dags/example_python_operator.py
[2023-11-22T20:57:11.306+0000] {logging_mixin.py:154} INFO - [2023-11-22T20:57:11.306+0000] {dag.py:2941} INFO - Sync 1 DAGs
[2023-11-22T20:57:11.319+0000] {logging_mixin.py:154} INFO - [2023-11-22T20:57:11.319+0000] {dag.py:3722} INFO - Setting next_dagrun for example_python_operator to None, run_after=None
[2023-11-22T20:57:11.339+0000] {processor.py:179} INFO - Processing /home/airflow/.local/lib/python3.8/site-packages/airflow/example_dags/example_python_operator.py took 0.078 seconds
[2023-11-22T20:57:41.587+0000] {processor.py:157} INFO - Started process (PID=1156) to work on /home/airflow/.local/lib/python3.8/site-packages/airflow/example_dags/example_python_operator.py
[2023-11-22T20:57:41.589+0000] {processor.py:829} INFO - Processing file /home/airflow/.local/lib/python3.8/site-packages/airflow/example_dags/example_python_operator.py for tasks to queue
[2023-11-22T20:57:41.591+0000] {logging_mixin.py:154} INFO - [2023-11-22T20:57:41.591+0000] {dagbag.py:536} INFO - Filling up the DagBag from /home/airflow/.local/lib/python3.8/site-packages/airflow/example_dags/example_python_operator.py
[2023-11-22T20:57:41.602+0000] {processor.py:839} INFO - DAG(s) dict_keys(['example_python_operator']) retrieved from /home/airflow/.local/lib/python3.8/site-packages/airflow/example_dags/example_python_operator.py
[2023-11-22T20:57:41.630+0000] {logging_mixin.py:154} INFO - [2023-11-22T20:57:41.630+0000] {dag.py:2941} INFO - Sync 1 DAGs
[2023-11-22T20:57:41.644+0000] {logging_mixin.py:154} INFO - [2023-11-22T20:57:41.644+0000] {dag.py:3722} INFO - Setting next_dagrun for example_python_operator to None, run_after=None
[2023-11-22T20:57:41.664+0000] {processor.py:179} INFO - Processing /home/airflow/.local/lib/python3.8/site-packages/airflow/example_dags/example_python_operator.py took 0.080 seconds
[2023-11-22T20:58:12.982+0000] {processor.py:157} INFO - Started process (PID=1210) to work on /home/airflow/.local/lib/python3.8/site-packages/airflow/example_dags/example_python_operator.py
[2023-11-22T20:58:12.984+0000] {processor.py:829} INFO - Processing file /home/airflow/.local/lib/python3.8/site-packages/airflow/example_dags/example_python_operator.py for tasks to queue
[2023-11-22T20:58:12.987+0000] {logging_mixin.py:154} INFO - [2023-11-22T20:58:12.986+0000] {dagbag.py:536} INFO - Filling up the DagBag from /home/airflow/.local/lib/python3.8/site-packages/airflow/example_dags/example_python_operator.py
[2023-11-22T20:58:13.007+0000] {processor.py:839} INFO - DAG(s) dict_keys(['example_python_operator']) retrieved from /home/airflow/.local/lib/python3.8/site-packages/airflow/example_dags/example_python_operator.py
[2023-11-22T20:58:13.038+0000] {logging_mixin.py:154} INFO - [2023-11-22T20:58:13.038+0000] {dag.py:2941} INFO - Sync 1 DAGs
[2023-11-22T20:58:13.055+0000] {logging_mixin.py:154} INFO - [2023-11-22T20:58:13.055+0000] {dag.py:3722} INFO - Setting next_dagrun for example_python_operator to None, run_after=None
[2023-11-22T20:58:13.223+0000] {processor.py:179} INFO - Processing /home/airflow/.local/lib/python3.8/site-packages/airflow/example_dags/example_python_operator.py took 0.245 seconds
[2023-11-22T20:58:44.142+0000] {processor.py:157} INFO - Started process (PID=1264) to work on /home/airflow/.local/lib/python3.8/site-packages/airflow/example_dags/example_python_operator.py
[2023-11-22T20:58:44.143+0000] {processor.py:829} INFO - Processing file /home/airflow/.local/lib/python3.8/site-packages/airflow/example_dags/example_python_operator.py for tasks to queue
[2023-11-22T20:58:44.146+0000] {logging_mixin.py:154} INFO - [2023-11-22T20:58:44.145+0000] {dagbag.py:536} INFO - Filling up the DagBag from /home/airflow/.local/lib/python3.8/site-packages/airflow/example_dags/example_python_operator.py
[2023-11-22T20:58:44.156+0000] {processor.py:839} INFO - DAG(s) dict_keys(['example_python_operator']) retrieved from /home/airflow/.local/lib/python3.8/site-packages/airflow/example_dags/example_python_operator.py
[2023-11-22T20:58:44.179+0000] {logging_mixin.py:154} INFO - [2023-11-22T20:58:44.179+0000] {dag.py:2941} INFO - Sync 1 DAGs
[2023-11-22T20:58:44.192+0000] {logging_mixin.py:154} INFO - [2023-11-22T20:58:44.191+0000] {dag.py:3722} INFO - Setting next_dagrun for example_python_operator to None, run_after=None
[2023-11-22T20:58:44.211+0000] {processor.py:179} INFO - Processing /home/airflow/.local/lib/python3.8/site-packages/airflow/example_dags/example_python_operator.py took 0.073 seconds
[2023-11-22T20:59:14.940+0000] {processor.py:157} INFO - Started process (PID=1318) to work on /home/airflow/.local/lib/python3.8/site-packages/airflow/example_dags/example_python_operator.py
[2023-11-22T20:59:14.942+0000] {processor.py:829} INFO - Processing file /home/airflow/.local/lib/python3.8/site-packages/airflow/example_dags/example_python_operator.py for tasks to queue
[2023-11-22T20:59:14.945+0000] {logging_mixin.py:154} INFO - [2023-11-22T20:59:14.945+0000] {dagbag.py:536} INFO - Filling up the DagBag from /home/airflow/.local/lib/python3.8/site-packages/airflow/example_dags/example_python_operator.py
[2023-11-22T20:59:14.959+0000] {processor.py:839} INFO - DAG(s) dict_keys(['example_python_operator']) retrieved from /home/airflow/.local/lib/python3.8/site-packages/airflow/example_dags/example_python_operator.py
[2023-11-22T20:59:14.983+0000] {logging_mixin.py:154} INFO - [2023-11-22T20:59:14.983+0000] {dag.py:2941} INFO - Sync 1 DAGs
[2023-11-22T20:59:14.995+0000] {logging_mixin.py:154} INFO - [2023-11-22T20:59:14.995+0000] {dag.py:3722} INFO - Setting next_dagrun for example_python_operator to None, run_after=None
[2023-11-22T20:59:15.017+0000] {processor.py:179} INFO - Processing /home/airflow/.local/lib/python3.8/site-packages/airflow/example_dags/example_python_operator.py took 0.082 seconds
[2023-11-22T20:59:45.652+0000] {processor.py:157} INFO - Started process (PID=1372) to work on /home/airflow/.local/lib/python3.8/site-packages/airflow/example_dags/example_python_operator.py
[2023-11-22T20:59:45.653+0000] {processor.py:829} INFO - Processing file /home/airflow/.local/lib/python3.8/site-packages/airflow/example_dags/example_python_operator.py for tasks to queue
[2023-11-22T20:59:45.656+0000] {logging_mixin.py:154} INFO - [2023-11-22T20:59:45.656+0000] {dagbag.py:536} INFO - Filling up the DagBag from /home/airflow/.local/lib/python3.8/site-packages/airflow/example_dags/example_python_operator.py
[2023-11-22T20:59:45.668+0000] {processor.py:839} INFO - DAG(s) dict_keys(['example_python_operator']) retrieved from /home/airflow/.local/lib/python3.8/site-packages/airflow/example_dags/example_python_operator.py
[2023-11-22T20:59:45.695+0000] {logging_mixin.py:154} INFO - [2023-11-22T20:59:45.695+0000] {dag.py:2941} INFO - Sync 1 DAGs
[2023-11-22T20:59:45.710+0000] {logging_mixin.py:154} INFO - [2023-11-22T20:59:45.709+0000] {dag.py:3722} INFO - Setting next_dagrun for example_python_operator to None, run_after=None
[2023-11-22T20:59:45.903+0000] {processor.py:179} INFO - Processing /home/airflow/.local/lib/python3.8/site-packages/airflow/example_dags/example_python_operator.py took 0.254 seconds
[2023-11-22T21:00:16.612+0000] {processor.py:157} INFO - Started process (PID=1426) to work on /home/airflow/.local/lib/python3.8/site-packages/airflow/example_dags/example_python_operator.py
[2023-11-22T21:00:16.613+0000] {processor.py:829} INFO - Processing file /home/airflow/.local/lib/python3.8/site-packages/airflow/example_dags/example_python_operator.py for tasks to queue
[2023-11-22T21:00:16.616+0000] {logging_mixin.py:154} INFO - [2023-11-22T21:00:16.616+0000] {dagbag.py:536} INFO - Filling up the DagBag from /home/airflow/.local/lib/python3.8/site-packages/airflow/example_dags/example_python_operator.py
[2023-11-22T21:00:16.629+0000] {processor.py:839} INFO - DAG(s) dict_keys(['example_python_operator']) retrieved from /home/airflow/.local/lib/python3.8/site-packages/airflow/example_dags/example_python_operator.py
[2023-11-22T21:00:16.655+0000] {logging_mixin.py:154} INFO - [2023-11-22T21:00:16.654+0000] {dag.py:2941} INFO - Sync 1 DAGs
[2023-11-22T21:00:16.672+0000] {logging_mixin.py:154} INFO - [2023-11-22T21:00:16.672+0000] {dag.py:3722} INFO - Setting next_dagrun for example_python_operator to None, run_after=None
[2023-11-22T21:00:16.706+0000] {processor.py:179} INFO - Processing /home/airflow/.local/lib/python3.8/site-packages/airflow/example_dags/example_python_operator.py took 0.098 seconds
[2023-11-22T21:00:47.372+0000] {processor.py:157} INFO - Started process (PID=1480) to work on /home/airflow/.local/lib/python3.8/site-packages/airflow/example_dags/example_python_operator.py
[2023-11-22T21:00:47.373+0000] {processor.py:829} INFO - Processing file /home/airflow/.local/lib/python3.8/site-packages/airflow/example_dags/example_python_operator.py for tasks to queue
[2023-11-22T21:00:47.376+0000] {logging_mixin.py:154} INFO - [2023-11-22T21:00:47.375+0000] {dagbag.py:536} INFO - Filling up the DagBag from /home/airflow/.local/lib/python3.8/site-packages/airflow/example_dags/example_python_operator.py
[2023-11-22T21:00:47.387+0000] {processor.py:839} INFO - DAG(s) dict_keys(['example_python_operator']) retrieved from /home/airflow/.local/lib/python3.8/site-packages/airflow/example_dags/example_python_operator.py
[2023-11-22T21:00:47.413+0000] {logging_mixin.py:154} INFO - [2023-11-22T21:00:47.413+0000] {dag.py:2941} INFO - Sync 1 DAGs
[2023-11-22T21:00:47.427+0000] {logging_mixin.py:154} INFO - [2023-11-22T21:00:47.427+0000] {dag.py:3722} INFO - Setting next_dagrun for example_python_operator to None, run_after=None
[2023-11-22T21:00:47.450+0000] {processor.py:179} INFO - Processing /home/airflow/.local/lib/python3.8/site-packages/airflow/example_dags/example_python_operator.py took 0.082 seconds
[2023-11-22T21:01:17.943+0000] {processor.py:157} INFO - Started process (PID=1534) to work on /home/airflow/.local/lib/python3.8/site-packages/airflow/example_dags/example_python_operator.py
[2023-11-22T21:01:17.945+0000] {processor.py:829} INFO - Processing file /home/airflow/.local/lib/python3.8/site-packages/airflow/example_dags/example_python_operator.py for tasks to queue
[2023-11-22T21:01:17.948+0000] {logging_mixin.py:154} INFO - [2023-11-22T21:01:17.948+0000] {dagbag.py:536} INFO - Filling up the DagBag from /home/airflow/.local/lib/python3.8/site-packages/airflow/example_dags/example_python_operator.py
[2023-11-22T21:01:17.960+0000] {processor.py:839} INFO - DAG(s) dict_keys(['example_python_operator']) retrieved from /home/airflow/.local/lib/python3.8/site-packages/airflow/example_dags/example_python_operator.py
[2023-11-22T21:01:17.983+0000] {logging_mixin.py:154} INFO - [2023-11-22T21:01:17.983+0000] {dag.py:2941} INFO - Sync 1 DAGs
[2023-11-22T21:01:18.141+0000] {logging_mixin.py:154} INFO - [2023-11-22T21:01:18.140+0000] {dag.py:3722} INFO - Setting next_dagrun for example_python_operator to None, run_after=None
[2023-11-22T21:01:18.171+0000] {processor.py:179} INFO - Processing /home/airflow/.local/lib/python3.8/site-packages/airflow/example_dags/example_python_operator.py took 0.232 seconds
[2023-11-22T21:01:48.421+0000] {processor.py:157} INFO - Started process (PID=1588) to work on /home/airflow/.local/lib/python3.8/site-packages/airflow/example_dags/example_python_operator.py
[2023-11-22T21:01:48.423+0000] {processor.py:829} INFO - Processing file /home/airflow/.local/lib/python3.8/site-packages/airflow/example_dags/example_python_operator.py for tasks to queue
[2023-11-22T21:01:48.426+0000] {logging_mixin.py:154} INFO - [2023-11-22T21:01:48.426+0000] {dagbag.py:536} INFO - Filling up the DagBag from /home/airflow/.local/lib/python3.8/site-packages/airflow/example_dags/example_python_operator.py
[2023-11-22T21:01:48.442+0000] {processor.py:839} INFO - DAG(s) dict_keys(['example_python_operator']) retrieved from /home/airflow/.local/lib/python3.8/site-packages/airflow/example_dags/example_python_operator.py
[2023-11-22T21:01:48.472+0000] {logging_mixin.py:154} INFO - [2023-11-22T21:01:48.471+0000] {dag.py:2941} INFO - Sync 1 DAGs
[2023-11-22T21:01:48.489+0000] {logging_mixin.py:154} INFO - [2023-11-22T21:01:48.489+0000] {dag.py:3722} INFO - Setting next_dagrun for example_python_operator to None, run_after=None
[2023-11-22T21:01:48.518+0000] {processor.py:179} INFO - Processing /home/airflow/.local/lib/python3.8/site-packages/airflow/example_dags/example_python_operator.py took 0.101 seconds
[2023-11-22T21:02:18.667+0000] {processor.py:157} INFO - Started process (PID=1642) to work on /home/airflow/.local/lib/python3.8/site-packages/airflow/example_dags/example_python_operator.py
[2023-11-22T21:02:18.670+0000] {processor.py:829} INFO - Processing file /home/airflow/.local/lib/python3.8/site-packages/airflow/example_dags/example_python_operator.py for tasks to queue
[2023-11-22T21:02:18.674+0000] {logging_mixin.py:154} INFO - [2023-11-22T21:02:18.673+0000] {dagbag.py:536} INFO - Filling up the DagBag from /home/airflow/.local/lib/python3.8/site-packages/airflow/example_dags/example_python_operator.py
[2023-11-22T21:02:18.693+0000] {processor.py:839} INFO - DAG(s) dict_keys(['example_python_operator']) retrieved from /home/airflow/.local/lib/python3.8/site-packages/airflow/example_dags/example_python_operator.py
[2023-11-22T21:02:18.720+0000] {logging_mixin.py:154} INFO - [2023-11-22T21:02:18.719+0000] {dag.py:2941} INFO - Sync 1 DAGs
[2023-11-22T21:02:18.732+0000] {logging_mixin.py:154} INFO - [2023-11-22T21:02:18.732+0000] {dag.py:3722} INFO - Setting next_dagrun for example_python_operator to None, run_after=None
[2023-11-22T21:02:18.755+0000] {processor.py:179} INFO - Processing /home/airflow/.local/lib/python3.8/site-packages/airflow/example_dags/example_python_operator.py took 0.093 seconds
[2023-11-22T21:02:49.188+0000] {processor.py:157} INFO - Started process (PID=1697) to work on /home/airflow/.local/lib/python3.8/site-packages/airflow/example_dags/example_python_operator.py
[2023-11-22T21:02:49.189+0000] {processor.py:829} INFO - Processing file /home/airflow/.local/lib/python3.8/site-packages/airflow/example_dags/example_python_operator.py for tasks to queue
[2023-11-22T21:02:49.192+0000] {logging_mixin.py:154} INFO - [2023-11-22T21:02:49.192+0000] {dagbag.py:536} INFO - Filling up the DagBag from /home/airflow/.local/lib/python3.8/site-packages/airflow/example_dags/example_python_operator.py
[2023-11-22T21:02:49.204+0000] {processor.py:839} INFO - DAG(s) dict_keys(['example_python_operator']) retrieved from /home/airflow/.local/lib/python3.8/site-packages/airflow/example_dags/example_python_operator.py
[2023-11-22T21:02:49.226+0000] {logging_mixin.py:154} INFO - [2023-11-22T21:02:49.225+0000] {dag.py:2941} INFO - Sync 1 DAGs
[2023-11-22T21:02:49.395+0000] {logging_mixin.py:154} INFO - [2023-11-22T21:02:49.395+0000] {dag.py:3722} INFO - Setting next_dagrun for example_python_operator to None, run_after=None
[2023-11-22T21:02:49.425+0000] {processor.py:179} INFO - Processing /home/airflow/.local/lib/python3.8/site-packages/airflow/example_dags/example_python_operator.py took 0.241 seconds
[2023-11-22T21:03:20.290+0000] {processor.py:157} INFO - Started process (PID=1751) to work on /home/airflow/.local/lib/python3.8/site-packages/airflow/example_dags/example_python_operator.py
[2023-11-22T21:03:20.307+0000] {processor.py:829} INFO - Processing file /home/airflow/.local/lib/python3.8/site-packages/airflow/example_dags/example_python_operator.py for tasks to queue
[2023-11-22T21:03:20.310+0000] {logging_mixin.py:154} INFO - [2023-11-22T21:03:20.310+0000] {dagbag.py:536} INFO - Filling up the DagBag from /home/airflow/.local/lib/python3.8/site-packages/airflow/example_dags/example_python_operator.py
[2023-11-22T21:03:20.329+0000] {processor.py:839} INFO - DAG(s) dict_keys(['example_python_operator']) retrieved from /home/airflow/.local/lib/python3.8/site-packages/airflow/example_dags/example_python_operator.py
[2023-11-22T21:03:20.370+0000] {logging_mixin.py:154} INFO - [2023-11-22T21:03:20.370+0000] {dag.py:2941} INFO - Sync 1 DAGs
[2023-11-22T21:03:20.392+0000] {logging_mixin.py:154} INFO - [2023-11-22T21:03:20.392+0000] {dag.py:3722} INFO - Setting next_dagrun for example_python_operator to None, run_after=None
[2023-11-22T21:03:20.427+0000] {processor.py:179} INFO - Processing /home/airflow/.local/lib/python3.8/site-packages/airflow/example_dags/example_python_operator.py took 0.141 seconds
[2023-11-22T21:03:50.502+0000] {processor.py:157} INFO - Started process (PID=1811) to work on /home/airflow/.local/lib/python3.8/site-packages/airflow/example_dags/example_python_operator.py
[2023-11-22T21:03:50.504+0000] {processor.py:829} INFO - Processing file /home/airflow/.local/lib/python3.8/site-packages/airflow/example_dags/example_python_operator.py for tasks to queue
[2023-11-22T21:03:50.508+0000] {logging_mixin.py:154} INFO - [2023-11-22T21:03:50.507+0000] {dagbag.py:536} INFO - Filling up the DagBag from /home/airflow/.local/lib/python3.8/site-packages/airflow/example_dags/example_python_operator.py
[2023-11-22T21:03:50.526+0000] {processor.py:839} INFO - DAG(s) dict_keys(['example_python_operator']) retrieved from /home/airflow/.local/lib/python3.8/site-packages/airflow/example_dags/example_python_operator.py
[2023-11-22T21:03:50.553+0000] {logging_mixin.py:154} INFO - [2023-11-22T21:03:50.553+0000] {dag.py:2941} INFO - Sync 1 DAGs
[2023-11-22T21:03:50.567+0000] {logging_mixin.py:154} INFO - [2023-11-22T21:03:50.567+0000] {dag.py:3722} INFO - Setting next_dagrun for example_python_operator to None, run_after=None
[2023-11-22T21:03:50.587+0000] {processor.py:179} INFO - Processing /home/airflow/.local/lib/python3.8/site-packages/airflow/example_dags/example_python_operator.py took 0.088 seconds
[2023-11-22T21:04:20.687+0000] {processor.py:157} INFO - Started process (PID=1859) to work on /home/airflow/.local/lib/python3.8/site-packages/airflow/example_dags/example_python_operator.py
[2023-11-22T21:04:20.688+0000] {processor.py:829} INFO - Processing file /home/airflow/.local/lib/python3.8/site-packages/airflow/example_dags/example_python_operator.py for tasks to queue
[2023-11-22T21:04:20.691+0000] {logging_mixin.py:154} INFO - [2023-11-22T21:04:20.691+0000] {dagbag.py:536} INFO - Filling up the DagBag from /home/airflow/.local/lib/python3.8/site-packages/airflow/example_dags/example_python_operator.py
[2023-11-22T21:04:20.702+0000] {processor.py:839} INFO - DAG(s) dict_keys(['example_python_operator']) retrieved from /home/airflow/.local/lib/python3.8/site-packages/airflow/example_dags/example_python_operator.py
[2023-11-22T21:04:20.728+0000] {logging_mixin.py:154} INFO - [2023-11-22T21:04:20.728+0000] {dag.py:2941} INFO - Sync 1 DAGs
[2023-11-22T21:04:20.751+0000] {logging_mixin.py:154} INFO - [2023-11-22T21:04:20.751+0000] {dag.py:3722} INFO - Setting next_dagrun for example_python_operator to None, run_after=None
[2023-11-22T21:04:20.782+0000] {processor.py:179} INFO - Processing /home/airflow/.local/lib/python3.8/site-packages/airflow/example_dags/example_python_operator.py took 0.099 seconds
[2023-11-22T21:04:50.903+0000] {processor.py:157} INFO - Started process (PID=1919) to work on /home/airflow/.local/lib/python3.8/site-packages/airflow/example_dags/example_python_operator.py
[2023-11-22T21:04:50.905+0000] {processor.py:829} INFO - Processing file /home/airflow/.local/lib/python3.8/site-packages/airflow/example_dags/example_python_operator.py for tasks to queue
[2023-11-22T21:04:50.908+0000] {logging_mixin.py:154} INFO - [2023-11-22T21:04:50.908+0000] {dagbag.py:536} INFO - Filling up the DagBag from /home/airflow/.local/lib/python3.8/site-packages/airflow/example_dags/example_python_operator.py
[2023-11-22T21:04:50.920+0000] {processor.py:839} INFO - DAG(s) dict_keys(['example_python_operator']) retrieved from /home/airflow/.local/lib/python3.8/site-packages/airflow/example_dags/example_python_operator.py
[2023-11-22T21:04:50.946+0000] {logging_mixin.py:154} INFO - [2023-11-22T21:04:50.945+0000] {dag.py:2941} INFO - Sync 1 DAGs
[2023-11-22T21:04:50.959+0000] {logging_mixin.py:154} INFO - [2023-11-22T21:04:50.959+0000] {dag.py:3722} INFO - Setting next_dagrun for example_python_operator to None, run_after=None
[2023-11-22T21:04:50.978+0000] {processor.py:179} INFO - Processing /home/airflow/.local/lib/python3.8/site-packages/airflow/example_dags/example_python_operator.py took 0.080 seconds
[2023-11-22T21:05:21.078+0000] {processor.py:157} INFO - Started process (PID=1974) to work on /home/airflow/.local/lib/python3.8/site-packages/airflow/example_dags/example_python_operator.py
[2023-11-22T21:05:21.079+0000] {processor.py:829} INFO - Processing file /home/airflow/.local/lib/python3.8/site-packages/airflow/example_dags/example_python_operator.py for tasks to queue
[2023-11-22T21:05:21.082+0000] {logging_mixin.py:154} INFO - [2023-11-22T21:05:21.082+0000] {dagbag.py:536} INFO - Filling up the DagBag from /home/airflow/.local/lib/python3.8/site-packages/airflow/example_dags/example_python_operator.py
[2023-11-22T21:05:21.094+0000] {processor.py:839} INFO - DAG(s) dict_keys(['example_python_operator']) retrieved from /home/airflow/.local/lib/python3.8/site-packages/airflow/example_dags/example_python_operator.py
[2023-11-22T21:05:21.117+0000] {logging_mixin.py:154} INFO - [2023-11-22T21:05:21.117+0000] {dag.py:2941} INFO - Sync 1 DAGs
[2023-11-22T21:05:21.129+0000] {logging_mixin.py:154} INFO - [2023-11-22T21:05:21.129+0000] {dag.py:3722} INFO - Setting next_dagrun for example_python_operator to None, run_after=None
[2023-11-22T21:05:21.152+0000] {processor.py:179} INFO - Processing /home/airflow/.local/lib/python3.8/site-packages/airflow/example_dags/example_python_operator.py took 0.077 seconds
[2023-11-22T21:05:51.693+0000] {processor.py:157} INFO - Started process (PID=2028) to work on /home/airflow/.local/lib/python3.8/site-packages/airflow/example_dags/example_python_operator.py
[2023-11-22T21:05:51.694+0000] {processor.py:829} INFO - Processing file /home/airflow/.local/lib/python3.8/site-packages/airflow/example_dags/example_python_operator.py for tasks to queue
[2023-11-22T21:05:51.697+0000] {logging_mixin.py:154} INFO - [2023-11-22T21:05:51.697+0000] {dagbag.py:536} INFO - Filling up the DagBag from /home/airflow/.local/lib/python3.8/site-packages/airflow/example_dags/example_python_operator.py
[2023-11-22T21:05:51.714+0000] {processor.py:839} INFO - DAG(s) dict_keys(['example_python_operator']) retrieved from /home/airflow/.local/lib/python3.8/site-packages/airflow/example_dags/example_python_operator.py
[2023-11-22T21:05:51.741+0000] {logging_mixin.py:154} INFO - [2023-11-22T21:05:51.740+0000] {dag.py:2941} INFO - Sync 1 DAGs
[2023-11-22T21:05:51.753+0000] {logging_mixin.py:154} INFO - [2023-11-22T21:05:51.753+0000] {dag.py:3722} INFO - Setting next_dagrun for example_python_operator to None, run_after=None
[2023-11-22T21:05:51.776+0000] {processor.py:179} INFO - Processing /home/airflow/.local/lib/python3.8/site-packages/airflow/example_dags/example_python_operator.py took 0.086 seconds
[2023-11-22T21:06:22.325+0000] {processor.py:157} INFO - Started process (PID=2083) to work on /home/airflow/.local/lib/python3.8/site-packages/airflow/example_dags/example_python_operator.py
[2023-11-22T21:06:22.327+0000] {processor.py:829} INFO - Processing file /home/airflow/.local/lib/python3.8/site-packages/airflow/example_dags/example_python_operator.py for tasks to queue
[2023-11-22T21:06:22.329+0000] {logging_mixin.py:154} INFO - [2023-11-22T21:06:22.329+0000] {dagbag.py:536} INFO - Filling up the DagBag from /home/airflow/.local/lib/python3.8/site-packages/airflow/example_dags/example_python_operator.py
[2023-11-22T21:06:22.341+0000] {processor.py:839} INFO - DAG(s) dict_keys(['example_python_operator']) retrieved from /home/airflow/.local/lib/python3.8/site-packages/airflow/example_dags/example_python_operator.py
[2023-11-22T21:06:22.367+0000] {logging_mixin.py:154} INFO - [2023-11-22T21:06:22.366+0000] {dag.py:2941} INFO - Sync 1 DAGs
[2023-11-22T21:06:22.382+0000] {logging_mixin.py:154} INFO - [2023-11-22T21:06:22.382+0000] {dag.py:3722} INFO - Setting next_dagrun for example_python_operator to None, run_after=None
[2023-11-22T21:06:22.408+0000] {processor.py:179} INFO - Processing /home/airflow/.local/lib/python3.8/site-packages/airflow/example_dags/example_python_operator.py took 0.086 seconds
[2023-11-22T21:06:52.500+0000] {processor.py:157} INFO - Started process (PID=2137) to work on /home/airflow/.local/lib/python3.8/site-packages/airflow/example_dags/example_python_operator.py
[2023-11-22T21:06:52.502+0000] {processor.py:829} INFO - Processing file /home/airflow/.local/lib/python3.8/site-packages/airflow/example_dags/example_python_operator.py for tasks to queue
[2023-11-22T21:06:52.505+0000] {logging_mixin.py:154} INFO - [2023-11-22T21:06:52.504+0000] {dagbag.py:536} INFO - Filling up the DagBag from /home/airflow/.local/lib/python3.8/site-packages/airflow/example_dags/example_python_operator.py
[2023-11-22T21:06:52.516+0000] {processor.py:839} INFO - DAG(s) dict_keys(['example_python_operator']) retrieved from /home/airflow/.local/lib/python3.8/site-packages/airflow/example_dags/example_python_operator.py
[2023-11-22T21:06:52.540+0000] {logging_mixin.py:154} INFO - [2023-11-22T21:06:52.540+0000] {dag.py:2941} INFO - Sync 1 DAGs
[2023-11-22T21:06:52.552+0000] {logging_mixin.py:154} INFO - [2023-11-22T21:06:52.552+0000] {dag.py:3722} INFO - Setting next_dagrun for example_python_operator to None, run_after=None
[2023-11-22T21:06:52.575+0000] {processor.py:179} INFO - Processing /home/airflow/.local/lib/python3.8/site-packages/airflow/example_dags/example_python_operator.py took 0.079 seconds
[2023-11-22T21:07:22.693+0000] {processor.py:157} INFO - Started process (PID=2191) to work on /home/airflow/.local/lib/python3.8/site-packages/airflow/example_dags/example_python_operator.py
[2023-11-22T21:07:22.694+0000] {processor.py:829} INFO - Processing file /home/airflow/.local/lib/python3.8/site-packages/airflow/example_dags/example_python_operator.py for tasks to queue
[2023-11-22T21:07:22.697+0000] {logging_mixin.py:154} INFO - [2023-11-22T21:07:22.697+0000] {dagbag.py:536} INFO - Filling up the DagBag from /home/airflow/.local/lib/python3.8/site-packages/airflow/example_dags/example_python_operator.py
[2023-11-22T21:07:22.708+0000] {processor.py:839} INFO - DAG(s) dict_keys(['example_python_operator']) retrieved from /home/airflow/.local/lib/python3.8/site-packages/airflow/example_dags/example_python_operator.py
[2023-11-22T21:07:22.737+0000] {logging_mixin.py:154} INFO - [2023-11-22T21:07:22.737+0000] {dag.py:2941} INFO - Sync 1 DAGs
[2023-11-22T21:07:22.751+0000] {logging_mixin.py:154} INFO - [2023-11-22T21:07:22.750+0000] {dag.py:3722} INFO - Setting next_dagrun for example_python_operator to None, run_after=None
[2023-11-22T21:07:22.771+0000] {processor.py:179} INFO - Processing /home/airflow/.local/lib/python3.8/site-packages/airflow/example_dags/example_python_operator.py took 0.082 seconds
[2023-11-22T21:07:52.965+0000] {processor.py:157} INFO - Started process (PID=2245) to work on /home/airflow/.local/lib/python3.8/site-packages/airflow/example_dags/example_python_operator.py
[2023-11-22T21:07:52.966+0000] {processor.py:829} INFO - Processing file /home/airflow/.local/lib/python3.8/site-packages/airflow/example_dags/example_python_operator.py for tasks to queue
[2023-11-22T21:07:52.969+0000] {logging_mixin.py:154} INFO - [2023-11-22T21:07:52.969+0000] {dagbag.py:536} INFO - Filling up the DagBag from /home/airflow/.local/lib/python3.8/site-packages/airflow/example_dags/example_python_operator.py
[2023-11-22T21:07:52.979+0000] {processor.py:839} INFO - DAG(s) dict_keys(['example_python_operator']) retrieved from /home/airflow/.local/lib/python3.8/site-packages/airflow/example_dags/example_python_operator.py
[2023-11-22T21:07:53.002+0000] {logging_mixin.py:154} INFO - [2023-11-22T21:07:53.002+0000] {dag.py:2941} INFO - Sync 1 DAGs
[2023-11-22T21:07:53.014+0000] {logging_mixin.py:154} INFO - [2023-11-22T21:07:53.014+0000] {dag.py:3722} INFO - Setting next_dagrun for example_python_operator to None, run_after=None
[2023-11-22T21:07:53.038+0000] {processor.py:179} INFO - Processing /home/airflow/.local/lib/python3.8/site-packages/airflow/example_dags/example_python_operator.py took 0.076 seconds
[2023-11-22T21:08:23.165+0000] {processor.py:157} INFO - Started process (PID=2299) to work on /home/airflow/.local/lib/python3.8/site-packages/airflow/example_dags/example_python_operator.py
[2023-11-22T21:08:23.167+0000] {processor.py:829} INFO - Processing file /home/airflow/.local/lib/python3.8/site-packages/airflow/example_dags/example_python_operator.py for tasks to queue
[2023-11-22T21:08:23.172+0000] {logging_mixin.py:154} INFO - [2023-11-22T21:08:23.171+0000] {dagbag.py:536} INFO - Filling up the DagBag from /home/airflow/.local/lib/python3.8/site-packages/airflow/example_dags/example_python_operator.py
[2023-11-22T21:08:23.189+0000] {processor.py:839} INFO - DAG(s) dict_keys(['example_python_operator']) retrieved from /home/airflow/.local/lib/python3.8/site-packages/airflow/example_dags/example_python_operator.py
[2023-11-22T21:08:23.274+0000] {logging_mixin.py:154} INFO - [2023-11-22T21:08:23.274+0000] {dag.py:2941} INFO - Sync 1 DAGs
[2023-11-22T21:08:23.294+0000] {logging_mixin.py:154} INFO - [2023-11-22T21:08:23.294+0000] {dag.py:3722} INFO - Setting next_dagrun for example_python_operator to None, run_after=None
[2023-11-22T21:08:23.318+0000] {processor.py:179} INFO - Processing /home/airflow/.local/lib/python3.8/site-packages/airflow/example_dags/example_python_operator.py took 0.156 seconds
[2023-11-22T21:08:53.884+0000] {processor.py:157} INFO - Started process (PID=2353) to work on /home/airflow/.local/lib/python3.8/site-packages/airflow/example_dags/example_python_operator.py
[2023-11-22T21:08:53.885+0000] {processor.py:829} INFO - Processing file /home/airflow/.local/lib/python3.8/site-packages/airflow/example_dags/example_python_operator.py for tasks to queue
[2023-11-22T21:08:53.889+0000] {logging_mixin.py:154} INFO - [2023-11-22T21:08:53.889+0000] {dagbag.py:536} INFO - Filling up the DagBag from /home/airflow/.local/lib/python3.8/site-packages/airflow/example_dags/example_python_operator.py
[2023-11-22T21:08:53.903+0000] {processor.py:839} INFO - DAG(s) dict_keys(['example_python_operator']) retrieved from /home/airflow/.local/lib/python3.8/site-packages/airflow/example_dags/example_python_operator.py
[2023-11-22T21:08:53.926+0000] {logging_mixin.py:154} INFO - [2023-11-22T21:08:53.926+0000] {dag.py:2941} INFO - Sync 1 DAGs
[2023-11-22T21:08:53.938+0000] {logging_mixin.py:154} INFO - [2023-11-22T21:08:53.938+0000] {dag.py:3722} INFO - Setting next_dagrun for example_python_operator to None, run_after=None
[2023-11-22T21:08:53.959+0000] {processor.py:179} INFO - Processing /home/airflow/.local/lib/python3.8/site-packages/airflow/example_dags/example_python_operator.py took 0.081 seconds
[2023-11-22T21:09:24.247+0000] {processor.py:157} INFO - Started process (PID=2407) to work on /home/airflow/.local/lib/python3.8/site-packages/airflow/example_dags/example_python_operator.py
[2023-11-22T21:09:24.249+0000] {processor.py:829} INFO - Processing file /home/airflow/.local/lib/python3.8/site-packages/airflow/example_dags/example_python_operator.py for tasks to queue
[2023-11-22T21:09:24.252+0000] {logging_mixin.py:154} INFO - [2023-11-22T21:09:24.252+0000] {dagbag.py:536} INFO - Filling up the DagBag from /home/airflow/.local/lib/python3.8/site-packages/airflow/example_dags/example_python_operator.py
[2023-11-22T21:09:24.264+0000] {processor.py:839} INFO - DAG(s) dict_keys(['example_python_operator']) retrieved from /home/airflow/.local/lib/python3.8/site-packages/airflow/example_dags/example_python_operator.py
[2023-11-22T21:09:24.288+0000] {logging_mixin.py:154} INFO - [2023-11-22T21:09:24.288+0000] {dag.py:2941} INFO - Sync 1 DAGs
[2023-11-22T21:09:24.300+0000] {logging_mixin.py:154} INFO - [2023-11-22T21:09:24.300+0000] {dag.py:3722} INFO - Setting next_dagrun for example_python_operator to None, run_after=None
[2023-11-22T21:09:24.321+0000] {processor.py:179} INFO - Processing /home/airflow/.local/lib/python3.8/site-packages/airflow/example_dags/example_python_operator.py took 0.079 seconds
[2023-11-22T21:09:54.477+0000] {processor.py:157} INFO - Started process (PID=2461) to work on /home/airflow/.local/lib/python3.8/site-packages/airflow/example_dags/example_python_operator.py
[2023-11-22T21:09:54.479+0000] {processor.py:829} INFO - Processing file /home/airflow/.local/lib/python3.8/site-packages/airflow/example_dags/example_python_operator.py for tasks to queue
[2023-11-22T21:09:54.482+0000] {logging_mixin.py:154} INFO - [2023-11-22T21:09:54.482+0000] {dagbag.py:536} INFO - Filling up the DagBag from /home/airflow/.local/lib/python3.8/site-packages/airflow/example_dags/example_python_operator.py
[2023-11-22T21:09:54.496+0000] {processor.py:839} INFO - DAG(s) dict_keys(['example_python_operator']) retrieved from /home/airflow/.local/lib/python3.8/site-packages/airflow/example_dags/example_python_operator.py
[2023-11-22T21:09:54.524+0000] {logging_mixin.py:154} INFO - [2023-11-22T21:09:54.524+0000] {dag.py:2941} INFO - Sync 1 DAGs
[2023-11-22T21:09:54.541+0000] {logging_mixin.py:154} INFO - [2023-11-22T21:09:54.541+0000] {dag.py:3722} INFO - Setting next_dagrun for example_python_operator to None, run_after=None
[2023-11-22T21:09:54.563+0000] {processor.py:179} INFO - Processing /home/airflow/.local/lib/python3.8/site-packages/airflow/example_dags/example_python_operator.py took 0.089 seconds
[2023-11-22T21:10:25.105+0000] {processor.py:157} INFO - Started process (PID=2515) to work on /home/airflow/.local/lib/python3.8/site-packages/airflow/example_dags/example_python_operator.py
[2023-11-22T21:10:25.106+0000] {processor.py:829} INFO - Processing file /home/airflow/.local/lib/python3.8/site-packages/airflow/example_dags/example_python_operator.py for tasks to queue
[2023-11-22T21:10:25.109+0000] {logging_mixin.py:154} INFO - [2023-11-22T21:10:25.109+0000] {dagbag.py:536} INFO - Filling up the DagBag from /home/airflow/.local/lib/python3.8/site-packages/airflow/example_dags/example_python_operator.py
[2023-11-22T21:10:25.120+0000] {processor.py:839} INFO - DAG(s) dict_keys(['example_python_operator']) retrieved from /home/airflow/.local/lib/python3.8/site-packages/airflow/example_dags/example_python_operator.py
[2023-11-22T21:10:25.146+0000] {logging_mixin.py:154} INFO - [2023-11-22T21:10:25.146+0000] {dag.py:2941} INFO - Sync 1 DAGs
[2023-11-22T21:10:25.159+0000] {logging_mixin.py:154} INFO - [2023-11-22T21:10:25.159+0000] {dag.py:3722} INFO - Setting next_dagrun for example_python_operator to None, run_after=None
[2023-11-22T21:10:25.183+0000] {processor.py:179} INFO - Processing /home/airflow/.local/lib/python3.8/site-packages/airflow/example_dags/example_python_operator.py took 0.082 seconds
[2023-11-22T21:10:55.422+0000] {processor.py:157} INFO - Started process (PID=2569) to work on /home/airflow/.local/lib/python3.8/site-packages/airflow/example_dags/example_python_operator.py
[2023-11-22T21:10:55.424+0000] {processor.py:829} INFO - Processing file /home/airflow/.local/lib/python3.8/site-packages/airflow/example_dags/example_python_operator.py for tasks to queue
[2023-11-22T21:10:55.427+0000] {logging_mixin.py:154} INFO - [2023-11-22T21:10:55.426+0000] {dagbag.py:536} INFO - Filling up the DagBag from /home/airflow/.local/lib/python3.8/site-packages/airflow/example_dags/example_python_operator.py
[2023-11-22T21:10:55.438+0000] {processor.py:839} INFO - DAG(s) dict_keys(['example_python_operator']) retrieved from /home/airflow/.local/lib/python3.8/site-packages/airflow/example_dags/example_python_operator.py
[2023-11-22T21:10:55.461+0000] {logging_mixin.py:154} INFO - [2023-11-22T21:10:55.461+0000] {dag.py:2941} INFO - Sync 1 DAGs
[2023-11-22T21:10:55.474+0000] {logging_mixin.py:154} INFO - [2023-11-22T21:10:55.473+0000] {dag.py:3722} INFO - Setting next_dagrun for example_python_operator to None, run_after=None
[2023-11-22T21:10:55.501+0000] {processor.py:179} INFO - Processing /home/airflow/.local/lib/python3.8/site-packages/airflow/example_dags/example_python_operator.py took 0.082 seconds
[2023-11-22T21:11:26.382+0000] {processor.py:157} INFO - Started process (PID=2623) to work on /home/airflow/.local/lib/python3.8/site-packages/airflow/example_dags/example_python_operator.py
[2023-11-22T21:11:26.384+0000] {processor.py:829} INFO - Processing file /home/airflow/.local/lib/python3.8/site-packages/airflow/example_dags/example_python_operator.py for tasks to queue
[2023-11-22T21:11:26.386+0000] {logging_mixin.py:154} INFO - [2023-11-22T21:11:26.386+0000] {dagbag.py:536} INFO - Filling up the DagBag from /home/airflow/.local/lib/python3.8/site-packages/airflow/example_dags/example_python_operator.py
[2023-11-22T21:11:26.397+0000] {processor.py:839} INFO - DAG(s) dict_keys(['example_python_operator']) retrieved from /home/airflow/.local/lib/python3.8/site-packages/airflow/example_dags/example_python_operator.py
[2023-11-22T21:11:26.420+0000] {logging_mixin.py:154} INFO - [2023-11-22T21:11:26.420+0000] {dag.py:2941} INFO - Sync 1 DAGs
[2023-11-22T21:11:26.434+0000] {logging_mixin.py:154} INFO - [2023-11-22T21:11:26.434+0000] {dag.py:3722} INFO - Setting next_dagrun for example_python_operator to None, run_after=None
[2023-11-22T21:11:26.464+0000] {processor.py:179} INFO - Processing /home/airflow/.local/lib/python3.8/site-packages/airflow/example_dags/example_python_operator.py took 0.086 seconds
