[2023-11-22T20:46:42.849+0000] {processor.py:157} INFO - Started process (PID=43) to work on /home/airflow/.local/lib/python3.8/site-packages/airflow/example_dags/example_sla_dag.py
[2023-11-22T20:46:42.855+0000] {processor.py:829} INFO - Processing file /home/airflow/.local/lib/python3.8/site-packages/airflow/example_dags/example_sla_dag.py for tasks to queue
[2023-11-22T20:46:42.865+0000] {logging_mixin.py:154} INFO - [2023-11-22T20:46:42.863+0000] {dagbag.py:536} INFO - Filling up the DagBag from /home/airflow/.local/lib/python3.8/site-packages/airflow/example_dags/example_sla_dag.py
[2023-11-22T20:46:42.910+0000] {processor.py:839} INFO - DAG(s) dict_keys(['example_sla_dag']) retrieved from /home/airflow/.local/lib/python3.8/site-packages/airflow/example_dags/example_sla_dag.py
[2023-11-22T20:46:43.123+0000] {logging_mixin.py:154} INFO - [2023-11-22T20:46:43.122+0000] {dag.py:2941} INFO - Sync 1 DAGs
[2023-11-22T20:46:43.224+0000] {logging_mixin.py:154} INFO - [2023-11-22T20:46:43.223+0000] {dag.py:3722} INFO - Setting next_dagrun for example_sla_dag to 2023-11-22T20:44:00+00:00, run_after=2023-11-22T20:46:00+00:00
[2023-11-22T20:46:43.304+0000] {processor.py:179} INFO - Processing /home/airflow/.local/lib/python3.8/site-packages/airflow/example_dags/example_sla_dag.py took 0.467 seconds
[2023-11-22T20:47:18.130+0000] {processor.py:157} INFO - Started process (PID=96) to work on /home/airflow/.local/lib/python3.8/site-packages/airflow/example_dags/example_sla_dag.py
[2023-11-22T20:47:18.133+0000] {processor.py:829} INFO - Processing file /home/airflow/.local/lib/python3.8/site-packages/airflow/example_dags/example_sla_dag.py for tasks to queue
[2023-11-22T20:47:18.137+0000] {logging_mixin.py:154} INFO - [2023-11-22T20:47:18.137+0000] {dagbag.py:536} INFO - Filling up the DagBag from /home/airflow/.local/lib/python3.8/site-packages/airflow/example_dags/example_sla_dag.py
[2023-11-22T20:47:18.155+0000] {processor.py:839} INFO - DAG(s) dict_keys(['example_sla_dag']) retrieved from /home/airflow/.local/lib/python3.8/site-packages/airflow/example_dags/example_sla_dag.py
[2023-11-22T20:47:18.271+0000] {logging_mixin.py:154} INFO - [2023-11-22T20:47:18.271+0000] {dag.py:2941} INFO - Sync 1 DAGs
[2023-11-22T20:47:18.516+0000] {logging_mixin.py:154} INFO - [2023-11-22T20:47:18.515+0000] {dag.py:3722} INFO - Setting next_dagrun for example_sla_dag to 2023-11-22T20:44:00+00:00, run_after=2023-11-22T20:46:00+00:00
[2023-11-22T20:47:18.610+0000] {processor.py:179} INFO - Processing /home/airflow/.local/lib/python3.8/site-packages/airflow/example_dags/example_sla_dag.py took 0.486 seconds
[2023-11-22T20:47:48.698+0000] {processor.py:157} INFO - Started process (PID=149) to work on /home/airflow/.local/lib/python3.8/site-packages/airflow/example_dags/example_sla_dag.py
[2023-11-22T20:47:48.737+0000] {processor.py:829} INFO - Processing file /home/airflow/.local/lib/python3.8/site-packages/airflow/example_dags/example_sla_dag.py for tasks to queue
[2023-11-22T20:47:48.751+0000] {logging_mixin.py:154} INFO - [2023-11-22T20:47:48.750+0000] {dagbag.py:536} INFO - Filling up the DagBag from /home/airflow/.local/lib/python3.8/site-packages/airflow/example_dags/example_sla_dag.py
[2023-11-22T20:47:48.791+0000] {processor.py:839} INFO - DAG(s) dict_keys(['example_sla_dag']) retrieved from /home/airflow/.local/lib/python3.8/site-packages/airflow/example_dags/example_sla_dag.py
[2023-11-22T20:47:48.820+0000] {logging_mixin.py:154} INFO - [2023-11-22T20:47:48.820+0000] {dag.py:2941} INFO - Sync 1 DAGs
[2023-11-22T20:47:48.845+0000] {logging_mixin.py:154} INFO - [2023-11-22T20:47:48.844+0000] {dag.py:3722} INFO - Setting next_dagrun for example_sla_dag to 2023-11-22T20:44:00+00:00, run_after=2023-11-22T20:46:00+00:00
[2023-11-22T20:47:48.975+0000] {processor.py:179} INFO - Processing /home/airflow/.local/lib/python3.8/site-packages/airflow/example_dags/example_sla_dag.py took 0.283 seconds
[2023-11-22T20:48:19.391+0000] {processor.py:157} INFO - Started process (PID=203) to work on /home/airflow/.local/lib/python3.8/site-packages/airflow/example_dags/example_sla_dag.py
[2023-11-22T20:48:19.400+0000] {processor.py:829} INFO - Processing file /home/airflow/.local/lib/python3.8/site-packages/airflow/example_dags/example_sla_dag.py for tasks to queue
[2023-11-22T20:48:19.403+0000] {logging_mixin.py:154} INFO - [2023-11-22T20:48:19.403+0000] {dagbag.py:536} INFO - Filling up the DagBag from /home/airflow/.local/lib/python3.8/site-packages/airflow/example_dags/example_sla_dag.py
[2023-11-22T20:48:19.411+0000] {processor.py:839} INFO - DAG(s) dict_keys(['example_sla_dag']) retrieved from /home/airflow/.local/lib/python3.8/site-packages/airflow/example_dags/example_sla_dag.py
[2023-11-22T20:48:19.431+0000] {logging_mixin.py:154} INFO - [2023-11-22T20:48:19.431+0000] {dag.py:2941} INFO - Sync 1 DAGs
[2023-11-22T20:48:19.456+0000] {logging_mixin.py:154} INFO - [2023-11-22T20:48:19.456+0000] {dag.py:3722} INFO - Setting next_dagrun for example_sla_dag to 2023-11-22T20:46:00+00:00, run_after=2023-11-22T20:48:00+00:00
[2023-11-22T20:48:19.483+0000] {processor.py:179} INFO - Processing /home/airflow/.local/lib/python3.8/site-packages/airflow/example_dags/example_sla_dag.py took 0.095 seconds
[2023-11-22T20:48:50.000+0000] {processor.py:157} INFO - Started process (PID=257) to work on /home/airflow/.local/lib/python3.8/site-packages/airflow/example_dags/example_sla_dag.py
[2023-11-22T20:48:50.002+0000] {processor.py:829} INFO - Processing file /home/airflow/.local/lib/python3.8/site-packages/airflow/example_dags/example_sla_dag.py for tasks to queue
[2023-11-22T20:48:50.005+0000] {logging_mixin.py:154} INFO - [2023-11-22T20:48:50.005+0000] {dagbag.py:536} INFO - Filling up the DagBag from /home/airflow/.local/lib/python3.8/site-packages/airflow/example_dags/example_sla_dag.py
[2023-11-22T20:48:50.014+0000] {processor.py:839} INFO - DAG(s) dict_keys(['example_sla_dag']) retrieved from /home/airflow/.local/lib/python3.8/site-packages/airflow/example_dags/example_sla_dag.py
[2023-11-22T20:48:50.035+0000] {logging_mixin.py:154} INFO - [2023-11-22T20:48:50.035+0000] {dag.py:2941} INFO - Sync 1 DAGs
[2023-11-22T20:48:50.067+0000] {logging_mixin.py:154} INFO - [2023-11-22T20:48:50.067+0000] {dag.py:3722} INFO - Setting next_dagrun for example_sla_dag to 2023-11-22T20:46:00+00:00, run_after=2023-11-22T20:48:00+00:00
[2023-11-22T20:48:50.191+0000] {processor.py:179} INFO - Processing /home/airflow/.local/lib/python3.8/site-packages/airflow/example_dags/example_sla_dag.py took 0.194 seconds
[2023-11-22T20:49:20.286+0000] {processor.py:157} INFO - Started process (PID=311) to work on /home/airflow/.local/lib/python3.8/site-packages/airflow/example_dags/example_sla_dag.py
[2023-11-22T20:49:20.288+0000] {processor.py:829} INFO - Processing file /home/airflow/.local/lib/python3.8/site-packages/airflow/example_dags/example_sla_dag.py for tasks to queue
[2023-11-22T20:49:20.291+0000] {logging_mixin.py:154} INFO - [2023-11-22T20:49:20.291+0000] {dagbag.py:536} INFO - Filling up the DagBag from /home/airflow/.local/lib/python3.8/site-packages/airflow/example_dags/example_sla_dag.py
[2023-11-22T20:49:20.304+0000] {processor.py:839} INFO - DAG(s) dict_keys(['example_sla_dag']) retrieved from /home/airflow/.local/lib/python3.8/site-packages/airflow/example_dags/example_sla_dag.py
[2023-11-22T20:49:20.343+0000] {logging_mixin.py:154} INFO - [2023-11-22T20:49:20.343+0000] {dag.py:2941} INFO - Sync 1 DAGs
[2023-11-22T20:49:20.384+0000] {logging_mixin.py:154} INFO - [2023-11-22T20:49:20.384+0000] {dag.py:3722} INFO - Setting next_dagrun for example_sla_dag to 2023-11-22T20:46:00+00:00, run_after=2023-11-22T20:48:00+00:00
[2023-11-22T20:49:20.413+0000] {processor.py:179} INFO - Processing /home/airflow/.local/lib/python3.8/site-packages/airflow/example_dags/example_sla_dag.py took 0.131 seconds
[2023-11-22T20:49:50.471+0000] {processor.py:157} INFO - Started process (PID=365) to work on /home/airflow/.local/lib/python3.8/site-packages/airflow/example_dags/example_sla_dag.py
[2023-11-22T20:49:50.472+0000] {processor.py:829} INFO - Processing file /home/airflow/.local/lib/python3.8/site-packages/airflow/example_dags/example_sla_dag.py for tasks to queue
[2023-11-22T20:49:50.474+0000] {logging_mixin.py:154} INFO - [2023-11-22T20:49:50.474+0000] {dagbag.py:536} INFO - Filling up the DagBag from /home/airflow/.local/lib/python3.8/site-packages/airflow/example_dags/example_sla_dag.py
[2023-11-22T20:49:50.483+0000] {processor.py:839} INFO - DAG(s) dict_keys(['example_sla_dag']) retrieved from /home/airflow/.local/lib/python3.8/site-packages/airflow/example_dags/example_sla_dag.py
[2023-11-22T20:49:50.503+0000] {logging_mixin.py:154} INFO - [2023-11-22T20:49:50.503+0000] {dag.py:2941} INFO - Sync 1 DAGs
[2023-11-22T20:49:50.528+0000] {logging_mixin.py:154} INFO - [2023-11-22T20:49:50.527+0000] {dag.py:3722} INFO - Setting next_dagrun for example_sla_dag to 2023-11-22T20:46:00+00:00, run_after=2023-11-22T20:48:00+00:00
[2023-11-22T20:49:50.565+0000] {processor.py:179} INFO - Processing /home/airflow/.local/lib/python3.8/site-packages/airflow/example_dags/example_sla_dag.py took 0.097 seconds
[2023-11-22T20:50:21.494+0000] {processor.py:157} INFO - Started process (PID=419) to work on /home/airflow/.local/lib/python3.8/site-packages/airflow/example_dags/example_sla_dag.py
[2023-11-22T20:50:21.496+0000] {processor.py:829} INFO - Processing file /home/airflow/.local/lib/python3.8/site-packages/airflow/example_dags/example_sla_dag.py for tasks to queue
[2023-11-22T20:50:21.500+0000] {logging_mixin.py:154} INFO - [2023-11-22T20:50:21.499+0000] {dagbag.py:536} INFO - Filling up the DagBag from /home/airflow/.local/lib/python3.8/site-packages/airflow/example_dags/example_sla_dag.py
[2023-11-22T20:50:21.513+0000] {processor.py:839} INFO - DAG(s) dict_keys(['example_sla_dag']) retrieved from /home/airflow/.local/lib/python3.8/site-packages/airflow/example_dags/example_sla_dag.py
[2023-11-22T20:50:21.559+0000] {logging_mixin.py:154} INFO - [2023-11-22T20:50:21.559+0000] {dag.py:2941} INFO - Sync 1 DAGs
[2023-11-22T20:50:21.606+0000] {logging_mixin.py:154} INFO - [2023-11-22T20:50:21.606+0000] {dag.py:3722} INFO - Setting next_dagrun for example_sla_dag to 2023-11-22T20:48:00+00:00, run_after=2023-11-22T20:50:00+00:00
[2023-11-22T20:50:21.638+0000] {processor.py:179} INFO - Processing /home/airflow/.local/lib/python3.8/site-packages/airflow/example_dags/example_sla_dag.py took 0.148 seconds
[2023-11-22T20:50:52.450+0000] {processor.py:157} INFO - Started process (PID=473) to work on /home/airflow/.local/lib/python3.8/site-packages/airflow/example_dags/example_sla_dag.py
[2023-11-22T20:50:52.453+0000] {processor.py:829} INFO - Processing file /home/airflow/.local/lib/python3.8/site-packages/airflow/example_dags/example_sla_dag.py for tasks to queue
[2023-11-22T20:50:52.458+0000] {logging_mixin.py:154} INFO - [2023-11-22T20:50:52.458+0000] {dagbag.py:536} INFO - Filling up the DagBag from /home/airflow/.local/lib/python3.8/site-packages/airflow/example_dags/example_sla_dag.py
[2023-11-22T20:50:52.508+0000] {processor.py:839} INFO - DAG(s) dict_keys(['example_sla_dag']) retrieved from /home/airflow/.local/lib/python3.8/site-packages/airflow/example_dags/example_sla_dag.py
[2023-11-22T20:50:52.669+0000] {logging_mixin.py:154} INFO - [2023-11-22T20:50:52.669+0000] {dag.py:2941} INFO - Sync 1 DAGs
[2023-11-22T20:50:52.707+0000] {logging_mixin.py:154} INFO - [2023-11-22T20:50:52.707+0000] {dag.py:3722} INFO - Setting next_dagrun for example_sla_dag to 2023-11-22T20:48:00+00:00, run_after=2023-11-22T20:50:00+00:00
[2023-11-22T20:50:54.857+0000] {processor.py:179} INFO - Processing /home/airflow/.local/lib/python3.8/site-packages/airflow/example_dags/example_sla_dag.py took 2.420 seconds
[2023-11-22T20:51:24.901+0000] {processor.py:157} INFO - Started process (PID=527) to work on /home/airflow/.local/lib/python3.8/site-packages/airflow/example_dags/example_sla_dag.py
[2023-11-22T20:51:24.903+0000] {processor.py:829} INFO - Processing file /home/airflow/.local/lib/python3.8/site-packages/airflow/example_dags/example_sla_dag.py for tasks to queue
[2023-11-22T20:51:24.907+0000] {logging_mixin.py:154} INFO - [2023-11-22T20:51:24.906+0000] {dagbag.py:536} INFO - Filling up the DagBag from /home/airflow/.local/lib/python3.8/site-packages/airflow/example_dags/example_sla_dag.py
[2023-11-22T20:51:24.923+0000] {processor.py:839} INFO - DAG(s) dict_keys(['example_sla_dag']) retrieved from /home/airflow/.local/lib/python3.8/site-packages/airflow/example_dags/example_sla_dag.py
[2023-11-22T20:51:24.963+0000] {logging_mixin.py:154} INFO - [2023-11-22T20:51:24.963+0000] {dag.py:2941} INFO - Sync 1 DAGs
[2023-11-22T20:51:25.023+0000] {logging_mixin.py:154} INFO - [2023-11-22T20:51:25.023+0000] {dag.py:3722} INFO - Setting next_dagrun for example_sla_dag to 2023-11-22T20:48:00+00:00, run_after=2023-11-22T20:50:00+00:00
[2023-11-22T20:51:25.063+0000] {processor.py:179} INFO - Processing /home/airflow/.local/lib/python3.8/site-packages/airflow/example_dags/example_sla_dag.py took 0.167 seconds
[2023-11-22T20:51:55.116+0000] {processor.py:157} INFO - Started process (PID=581) to work on /home/airflow/.local/lib/python3.8/site-packages/airflow/example_dags/example_sla_dag.py
[2023-11-22T20:51:55.117+0000] {processor.py:829} INFO - Processing file /home/airflow/.local/lib/python3.8/site-packages/airflow/example_dags/example_sla_dag.py for tasks to queue
[2023-11-22T20:51:55.120+0000] {logging_mixin.py:154} INFO - [2023-11-22T20:51:55.119+0000] {dagbag.py:536} INFO - Filling up the DagBag from /home/airflow/.local/lib/python3.8/site-packages/airflow/example_dags/example_sla_dag.py
[2023-11-22T20:51:55.128+0000] {processor.py:839} INFO - DAG(s) dict_keys(['example_sla_dag']) retrieved from /home/airflow/.local/lib/python3.8/site-packages/airflow/example_dags/example_sla_dag.py
[2023-11-22T20:51:55.149+0000] {logging_mixin.py:154} INFO - [2023-11-22T20:51:55.149+0000] {dag.py:2941} INFO - Sync 1 DAGs
[2023-11-22T20:51:55.176+0000] {logging_mixin.py:154} INFO - [2023-11-22T20:51:55.175+0000] {dag.py:3722} INFO - Setting next_dagrun for example_sla_dag to 2023-11-22T20:48:00+00:00, run_after=2023-11-22T20:50:00+00:00
[2023-11-22T20:51:55.196+0000] {processor.py:179} INFO - Processing /home/airflow/.local/lib/python3.8/site-packages/airflow/example_dags/example_sla_dag.py took 0.084 seconds
[2023-11-22T20:52:29.952+0000] {processor.py:157} INFO - Started process (PID=615) to work on /home/airflow/.local/lib/python3.8/site-packages/airflow/example_dags/example_sla_dag.py
[2023-11-22T20:52:29.955+0000] {processor.py:829} INFO - Processing file /home/airflow/.local/lib/python3.8/site-packages/airflow/example_dags/example_sla_dag.py for tasks to queue
[2023-11-22T20:52:29.958+0000] {logging_mixin.py:154} INFO - [2023-11-22T20:52:29.958+0000] {dagbag.py:536} INFO - Filling up the DagBag from /home/airflow/.local/lib/python3.8/site-packages/airflow/example_dags/example_sla_dag.py
[2023-11-22T20:52:29.968+0000] {processor.py:839} INFO - DAG(s) dict_keys(['example_sla_dag']) retrieved from /home/airflow/.local/lib/python3.8/site-packages/airflow/example_dags/example_sla_dag.py
[2023-11-22T20:52:29.993+0000] {logging_mixin.py:154} INFO - [2023-11-22T20:52:29.993+0000] {dag.py:2941} INFO - Sync 1 DAGs
[2023-11-22T20:52:30.023+0000] {logging_mixin.py:154} INFO - [2023-11-22T20:52:30.023+0000] {dag.py:3722} INFO - Setting next_dagrun for example_sla_dag to 2023-11-22T20:50:00+00:00, run_after=2023-11-22T20:52:00+00:00
[2023-11-22T20:52:30.047+0000] {processor.py:179} INFO - Processing /home/airflow/.local/lib/python3.8/site-packages/airflow/example_dags/example_sla_dag.py took 0.099 seconds
[2023-11-22T20:53:00.579+0000] {processor.py:157} INFO - Started process (PID=668) to work on /home/airflow/.local/lib/python3.8/site-packages/airflow/example_dags/example_sla_dag.py
[2023-11-22T20:53:00.580+0000] {processor.py:829} INFO - Processing file /home/airflow/.local/lib/python3.8/site-packages/airflow/example_dags/example_sla_dag.py for tasks to queue
[2023-11-22T20:53:00.582+0000] {logging_mixin.py:154} INFO - [2023-11-22T20:53:00.582+0000] {dagbag.py:536} INFO - Filling up the DagBag from /home/airflow/.local/lib/python3.8/site-packages/airflow/example_dags/example_sla_dag.py
[2023-11-22T20:53:00.590+0000] {processor.py:839} INFO - DAG(s) dict_keys(['example_sla_dag']) retrieved from /home/airflow/.local/lib/python3.8/site-packages/airflow/example_dags/example_sla_dag.py
[2023-11-22T20:53:00.611+0000] {logging_mixin.py:154} INFO - [2023-11-22T20:53:00.610+0000] {dag.py:2941} INFO - Sync 1 DAGs
[2023-11-22T20:53:00.635+0000] {logging_mixin.py:154} INFO - [2023-11-22T20:53:00.635+0000] {dag.py:3722} INFO - Setting next_dagrun for example_sla_dag to 2023-11-22T20:50:00+00:00, run_after=2023-11-22T20:52:00+00:00
[2023-11-22T20:53:00.655+0000] {processor.py:179} INFO - Processing /home/airflow/.local/lib/python3.8/site-packages/airflow/example_dags/example_sla_dag.py took 0.080 seconds
[2023-11-22T20:53:31.127+0000] {processor.py:157} INFO - Started process (PID=722) to work on /home/airflow/.local/lib/python3.8/site-packages/airflow/example_dags/example_sla_dag.py
[2023-11-22T20:53:31.128+0000] {processor.py:829} INFO - Processing file /home/airflow/.local/lib/python3.8/site-packages/airflow/example_dags/example_sla_dag.py for tasks to queue
[2023-11-22T20:53:31.131+0000] {logging_mixin.py:154} INFO - [2023-11-22T20:53:31.131+0000] {dagbag.py:536} INFO - Filling up the DagBag from /home/airflow/.local/lib/python3.8/site-packages/airflow/example_dags/example_sla_dag.py
[2023-11-22T20:53:31.143+0000] {processor.py:839} INFO - DAG(s) dict_keys(['example_sla_dag']) retrieved from /home/airflow/.local/lib/python3.8/site-packages/airflow/example_dags/example_sla_dag.py
[2023-11-22T20:53:31.168+0000] {logging_mixin.py:154} INFO - [2023-11-22T20:53:31.168+0000] {dag.py:2941} INFO - Sync 1 DAGs
[2023-11-22T20:53:31.199+0000] {logging_mixin.py:154} INFO - [2023-11-22T20:53:31.199+0000] {dag.py:3722} INFO - Setting next_dagrun for example_sla_dag to 2023-11-22T20:50:00+00:00, run_after=2023-11-22T20:52:00+00:00
[2023-11-22T20:53:31.228+0000] {processor.py:179} INFO - Processing /home/airflow/.local/lib/python3.8/site-packages/airflow/example_dags/example_sla_dag.py took 0.105 seconds
[2023-11-22T20:54:01.536+0000] {processor.py:157} INFO - Started process (PID=770) to work on /home/airflow/.local/lib/python3.8/site-packages/airflow/example_dags/example_sla_dag.py
[2023-11-22T20:54:01.538+0000] {processor.py:829} INFO - Processing file /home/airflow/.local/lib/python3.8/site-packages/airflow/example_dags/example_sla_dag.py for tasks to queue
[2023-11-22T20:54:01.541+0000] {logging_mixin.py:154} INFO - [2023-11-22T20:54:01.541+0000] {dagbag.py:536} INFO - Filling up the DagBag from /home/airflow/.local/lib/python3.8/site-packages/airflow/example_dags/example_sla_dag.py
[2023-11-22T20:54:01.550+0000] {processor.py:839} INFO - DAG(s) dict_keys(['example_sla_dag']) retrieved from /home/airflow/.local/lib/python3.8/site-packages/airflow/example_dags/example_sla_dag.py
[2023-11-22T20:54:01.570+0000] {logging_mixin.py:154} INFO - [2023-11-22T20:54:01.570+0000] {dag.py:2941} INFO - Sync 1 DAGs
[2023-11-22T20:54:01.595+0000] {logging_mixin.py:154} INFO - [2023-11-22T20:54:01.595+0000] {dag.py:3722} INFO - Setting next_dagrun for example_sla_dag to 2023-11-22T20:52:00+00:00, run_after=2023-11-22T20:54:00+00:00
[2023-11-22T20:54:01.727+0000] {processor.py:179} INFO - Processing /home/airflow/.local/lib/python3.8/site-packages/airflow/example_dags/example_sla_dag.py took 0.195 seconds
[2023-11-22T20:54:32.383+0000] {processor.py:157} INFO - Started process (PID=823) to work on /home/airflow/.local/lib/python3.8/site-packages/airflow/example_dags/example_sla_dag.py
[2023-11-22T20:54:32.384+0000] {processor.py:829} INFO - Processing file /home/airflow/.local/lib/python3.8/site-packages/airflow/example_dags/example_sla_dag.py for tasks to queue
[2023-11-22T20:54:32.387+0000] {logging_mixin.py:154} INFO - [2023-11-22T20:54:32.386+0000] {dagbag.py:536} INFO - Filling up the DagBag from /home/airflow/.local/lib/python3.8/site-packages/airflow/example_dags/example_sla_dag.py
[2023-11-22T20:54:32.396+0000] {processor.py:839} INFO - DAG(s) dict_keys(['example_sla_dag']) retrieved from /home/airflow/.local/lib/python3.8/site-packages/airflow/example_dags/example_sla_dag.py
[2023-11-22T20:54:32.415+0000] {logging_mixin.py:154} INFO - [2023-11-22T20:54:32.415+0000] {dag.py:2941} INFO - Sync 1 DAGs
[2023-11-22T20:54:32.441+0000] {logging_mixin.py:154} INFO - [2023-11-22T20:54:32.441+0000] {dag.py:3722} INFO - Setting next_dagrun for example_sla_dag to 2023-11-22T20:52:00+00:00, run_after=2023-11-22T20:54:00+00:00
[2023-11-22T20:54:32.462+0000] {processor.py:179} INFO - Processing /home/airflow/.local/lib/python3.8/site-packages/airflow/example_dags/example_sla_dag.py took 0.082 seconds
[2023-11-22T20:55:02.997+0000] {processor.py:157} INFO - Started process (PID=877) to work on /home/airflow/.local/lib/python3.8/site-packages/airflow/example_dags/example_sla_dag.py
[2023-11-22T20:55:02.998+0000] {processor.py:829} INFO - Processing file /home/airflow/.local/lib/python3.8/site-packages/airflow/example_dags/example_sla_dag.py for tasks to queue
[2023-11-22T20:55:03.002+0000] {logging_mixin.py:154} INFO - [2023-11-22T20:55:03.002+0000] {dagbag.py:536} INFO - Filling up the DagBag from /home/airflow/.local/lib/python3.8/site-packages/airflow/example_dags/example_sla_dag.py
[2023-11-22T20:55:03.011+0000] {processor.py:839} INFO - DAG(s) dict_keys(['example_sla_dag']) retrieved from /home/airflow/.local/lib/python3.8/site-packages/airflow/example_dags/example_sla_dag.py
[2023-11-22T20:55:03.030+0000] {logging_mixin.py:154} INFO - [2023-11-22T20:55:03.030+0000] {dag.py:2941} INFO - Sync 1 DAGs
[2023-11-22T20:55:03.059+0000] {logging_mixin.py:154} INFO - [2023-11-22T20:55:03.059+0000] {dag.py:3722} INFO - Setting next_dagrun for example_sla_dag to 2023-11-22T20:52:00+00:00, run_after=2023-11-22T20:54:00+00:00
[2023-11-22T20:55:03.082+0000] {processor.py:179} INFO - Processing /home/airflow/.local/lib/python3.8/site-packages/airflow/example_dags/example_sla_dag.py took 0.088 seconds
[2023-11-22T20:55:33.225+0000] {processor.py:157} INFO - Started process (PID=931) to work on /home/airflow/.local/lib/python3.8/site-packages/airflow/example_dags/example_sla_dag.py
[2023-11-22T20:55:33.226+0000] {processor.py:829} INFO - Processing file /home/airflow/.local/lib/python3.8/site-packages/airflow/example_dags/example_sla_dag.py for tasks to queue
[2023-11-22T20:55:33.230+0000] {logging_mixin.py:154} INFO - [2023-11-22T20:55:33.229+0000] {dagbag.py:536} INFO - Filling up the DagBag from /home/airflow/.local/lib/python3.8/site-packages/airflow/example_dags/example_sla_dag.py
[2023-11-22T20:55:33.241+0000] {processor.py:839} INFO - DAG(s) dict_keys(['example_sla_dag']) retrieved from /home/airflow/.local/lib/python3.8/site-packages/airflow/example_dags/example_sla_dag.py
[2023-11-22T20:55:33.275+0000] {logging_mixin.py:154} INFO - [2023-11-22T20:55:33.274+0000] {dag.py:2941} INFO - Sync 1 DAGs
[2023-11-22T20:55:33.314+0000] {logging_mixin.py:154} INFO - [2023-11-22T20:55:33.314+0000] {dag.py:3722} INFO - Setting next_dagrun for example_sla_dag to 2023-11-22T20:52:00+00:00, run_after=2023-11-22T20:54:00+00:00
[2023-11-22T20:55:33.341+0000] {processor.py:179} INFO - Processing /home/airflow/.local/lib/python3.8/site-packages/airflow/example_dags/example_sla_dag.py took 0.120 seconds
[2023-11-22T20:56:04.135+0000] {processor.py:157} INFO - Started process (PID=986) to work on /home/airflow/.local/lib/python3.8/site-packages/airflow/example_dags/example_sla_dag.py
[2023-11-22T20:56:04.136+0000] {processor.py:829} INFO - Processing file /home/airflow/.local/lib/python3.8/site-packages/airflow/example_dags/example_sla_dag.py for tasks to queue
[2023-11-22T20:56:04.139+0000] {logging_mixin.py:154} INFO - [2023-11-22T20:56:04.138+0000] {dagbag.py:536} INFO - Filling up the DagBag from /home/airflow/.local/lib/python3.8/site-packages/airflow/example_dags/example_sla_dag.py
[2023-11-22T20:56:04.147+0000] {processor.py:839} INFO - DAG(s) dict_keys(['example_sla_dag']) retrieved from /home/airflow/.local/lib/python3.8/site-packages/airflow/example_dags/example_sla_dag.py
[2023-11-22T20:56:04.166+0000] {logging_mixin.py:154} INFO - [2023-11-22T20:56:04.166+0000] {dag.py:2941} INFO - Sync 1 DAGs
[2023-11-22T20:56:04.191+0000] {logging_mixin.py:154} INFO - [2023-11-22T20:56:04.191+0000] {dag.py:3722} INFO - Setting next_dagrun for example_sla_dag to 2023-11-22T20:54:00+00:00, run_after=2023-11-22T20:56:00+00:00
[2023-11-22T20:56:04.332+0000] {processor.py:179} INFO - Processing /home/airflow/.local/lib/python3.8/site-packages/airflow/example_dags/example_sla_dag.py took 0.199 seconds
[2023-11-22T20:56:34.633+0000] {processor.py:157} INFO - Started process (PID=1040) to work on /home/airflow/.local/lib/python3.8/site-packages/airflow/example_dags/example_sla_dag.py
[2023-11-22T20:56:34.634+0000] {processor.py:829} INFO - Processing file /home/airflow/.local/lib/python3.8/site-packages/airflow/example_dags/example_sla_dag.py for tasks to queue
[2023-11-22T20:56:34.636+0000] {logging_mixin.py:154} INFO - [2023-11-22T20:56:34.636+0000] {dagbag.py:536} INFO - Filling up the DagBag from /home/airflow/.local/lib/python3.8/site-packages/airflow/example_dags/example_sla_dag.py
[2023-11-22T20:56:34.644+0000] {processor.py:839} INFO - DAG(s) dict_keys(['example_sla_dag']) retrieved from /home/airflow/.local/lib/python3.8/site-packages/airflow/example_dags/example_sla_dag.py
[2023-11-22T20:56:34.664+0000] {logging_mixin.py:154} INFO - [2023-11-22T20:56:34.664+0000] {dag.py:2941} INFO - Sync 1 DAGs
[2023-11-22T20:56:34.688+0000] {logging_mixin.py:154} INFO - [2023-11-22T20:56:34.688+0000] {dag.py:3722} INFO - Setting next_dagrun for example_sla_dag to 2023-11-22T20:54:00+00:00, run_after=2023-11-22T20:56:00+00:00
[2023-11-22T20:56:34.711+0000] {processor.py:179} INFO - Processing /home/airflow/.local/lib/python3.8/site-packages/airflow/example_dags/example_sla_dag.py took 0.082 seconds
[2023-11-22T20:57:04.828+0000] {processor.py:157} INFO - Started process (PID=1094) to work on /home/airflow/.local/lib/python3.8/site-packages/airflow/example_dags/example_sla_dag.py
[2023-11-22T20:57:04.830+0000] {processor.py:829} INFO - Processing file /home/airflow/.local/lib/python3.8/site-packages/airflow/example_dags/example_sla_dag.py for tasks to queue
[2023-11-22T20:57:04.833+0000] {logging_mixin.py:154} INFO - [2023-11-22T20:57:04.833+0000] {dagbag.py:536} INFO - Filling up the DagBag from /home/airflow/.local/lib/python3.8/site-packages/airflow/example_dags/example_sla_dag.py
[2023-11-22T20:57:04.844+0000] {processor.py:839} INFO - DAG(s) dict_keys(['example_sla_dag']) retrieved from /home/airflow/.local/lib/python3.8/site-packages/airflow/example_dags/example_sla_dag.py
[2023-11-22T20:57:04.866+0000] {logging_mixin.py:154} INFO - [2023-11-22T20:57:04.866+0000] {dag.py:2941} INFO - Sync 1 DAGs
[2023-11-22T20:57:04.891+0000] {logging_mixin.py:154} INFO - [2023-11-22T20:57:04.890+0000] {dag.py:3722} INFO - Setting next_dagrun for example_sla_dag to 2023-11-22T20:54:00+00:00, run_after=2023-11-22T20:56:00+00:00
[2023-11-22T20:57:04.911+0000] {processor.py:179} INFO - Processing /home/airflow/.local/lib/python3.8/site-packages/airflow/example_dags/example_sla_dag.py took 0.087 seconds
[2023-11-22T20:57:35.199+0000] {processor.py:157} INFO - Started process (PID=1149) to work on /home/airflow/.local/lib/python3.8/site-packages/airflow/example_dags/example_sla_dag.py
[2023-11-22T20:57:35.200+0000] {processor.py:829} INFO - Processing file /home/airflow/.local/lib/python3.8/site-packages/airflow/example_dags/example_sla_dag.py for tasks to queue
[2023-11-22T20:57:35.203+0000] {logging_mixin.py:154} INFO - [2023-11-22T20:57:35.202+0000] {dagbag.py:536} INFO - Filling up the DagBag from /home/airflow/.local/lib/python3.8/site-packages/airflow/example_dags/example_sla_dag.py
[2023-11-22T20:57:35.242+0000] {processor.py:839} INFO - DAG(s) dict_keys(['example_sla_dag']) retrieved from /home/airflow/.local/lib/python3.8/site-packages/airflow/example_dags/example_sla_dag.py
[2023-11-22T20:57:35.268+0000] {logging_mixin.py:154} INFO - [2023-11-22T20:57:35.267+0000] {dag.py:2941} INFO - Sync 1 DAGs
[2023-11-22T20:57:35.293+0000] {logging_mixin.py:154} INFO - [2023-11-22T20:57:35.293+0000] {dag.py:3722} INFO - Setting next_dagrun for example_sla_dag to 2023-11-22T20:54:00+00:00, run_after=2023-11-22T20:56:00+00:00
[2023-11-22T20:57:35.315+0000] {processor.py:179} INFO - Processing /home/airflow/.local/lib/python3.8/site-packages/airflow/example_dags/example_sla_dag.py took 0.119 seconds
[2023-11-22T20:58:05.789+0000] {processor.py:157} INFO - Started process (PID=1203) to work on /home/airflow/.local/lib/python3.8/site-packages/airflow/example_dags/example_sla_dag.py
[2023-11-22T20:58:05.791+0000] {processor.py:829} INFO - Processing file /home/airflow/.local/lib/python3.8/site-packages/airflow/example_dags/example_sla_dag.py for tasks to queue
[2023-11-22T20:58:05.794+0000] {logging_mixin.py:154} INFO - [2023-11-22T20:58:05.794+0000] {dagbag.py:536} INFO - Filling up the DagBag from /home/airflow/.local/lib/python3.8/site-packages/airflow/example_dags/example_sla_dag.py
[2023-11-22T20:58:05.805+0000] {processor.py:839} INFO - DAG(s) dict_keys(['example_sla_dag']) retrieved from /home/airflow/.local/lib/python3.8/site-packages/airflow/example_dags/example_sla_dag.py
[2023-11-22T20:58:05.825+0000] {logging_mixin.py:154} INFO - [2023-11-22T20:58:05.825+0000] {dag.py:2941} INFO - Sync 1 DAGs
[2023-11-22T20:58:05.850+0000] {logging_mixin.py:154} INFO - [2023-11-22T20:58:05.849+0000] {dag.py:3722} INFO - Setting next_dagrun for example_sla_dag to 2023-11-22T20:56:00+00:00, run_after=2023-11-22T20:58:00+00:00
[2023-11-22T20:58:05.874+0000] {processor.py:179} INFO - Processing /home/airflow/.local/lib/python3.8/site-packages/airflow/example_dags/example_sla_dag.py took 0.090 seconds
[2023-11-22T20:58:36.722+0000] {processor.py:157} INFO - Started process (PID=1257) to work on /home/airflow/.local/lib/python3.8/site-packages/airflow/example_dags/example_sla_dag.py
[2023-11-22T20:58:36.723+0000] {processor.py:829} INFO - Processing file /home/airflow/.local/lib/python3.8/site-packages/airflow/example_dags/example_sla_dag.py for tasks to queue
[2023-11-22T20:58:36.726+0000] {logging_mixin.py:154} INFO - [2023-11-22T20:58:36.726+0000] {dagbag.py:536} INFO - Filling up the DagBag from /home/airflow/.local/lib/python3.8/site-packages/airflow/example_dags/example_sla_dag.py
[2023-11-22T20:58:36.735+0000] {processor.py:839} INFO - DAG(s) dict_keys(['example_sla_dag']) retrieved from /home/airflow/.local/lib/python3.8/site-packages/airflow/example_dags/example_sla_dag.py
[2023-11-22T20:58:36.757+0000] {logging_mixin.py:154} INFO - [2023-11-22T20:58:36.757+0000] {dag.py:2941} INFO - Sync 1 DAGs
[2023-11-22T20:58:36.785+0000] {logging_mixin.py:154} INFO - [2023-11-22T20:58:36.785+0000] {dag.py:3722} INFO - Setting next_dagrun for example_sla_dag to 2023-11-22T20:56:00+00:00, run_after=2023-11-22T20:58:00+00:00
[2023-11-22T20:58:36.810+0000] {processor.py:179} INFO - Processing /home/airflow/.local/lib/python3.8/site-packages/airflow/example_dags/example_sla_dag.py took 0.091 seconds
[2023-11-22T20:59:07.018+0000] {processor.py:157} INFO - Started process (PID=1311) to work on /home/airflow/.local/lib/python3.8/site-packages/airflow/example_dags/example_sla_dag.py
[2023-11-22T20:59:07.019+0000] {processor.py:829} INFO - Processing file /home/airflow/.local/lib/python3.8/site-packages/airflow/example_dags/example_sla_dag.py for tasks to queue
[2023-11-22T20:59:07.022+0000] {logging_mixin.py:154} INFO - [2023-11-22T20:59:07.021+0000] {dagbag.py:536} INFO - Filling up the DagBag from /home/airflow/.local/lib/python3.8/site-packages/airflow/example_dags/example_sla_dag.py
[2023-11-22T20:59:07.031+0000] {processor.py:839} INFO - DAG(s) dict_keys(['example_sla_dag']) retrieved from /home/airflow/.local/lib/python3.8/site-packages/airflow/example_dags/example_sla_dag.py
[2023-11-22T20:59:07.056+0000] {logging_mixin.py:154} INFO - [2023-11-22T20:59:07.056+0000] {dag.py:2941} INFO - Sync 1 DAGs
[2023-11-22T20:59:07.229+0000] {logging_mixin.py:154} INFO - [2023-11-22T20:59:07.228+0000] {dag.py:3722} INFO - Setting next_dagrun for example_sla_dag to 2023-11-22T20:56:00+00:00, run_after=2023-11-22T20:58:00+00:00
[2023-11-22T20:59:07.252+0000] {processor.py:179} INFO - Processing /home/airflow/.local/lib/python3.8/site-packages/airflow/example_dags/example_sla_dag.py took 0.237 seconds
[2023-11-22T20:59:37.655+0000] {processor.py:157} INFO - Started process (PID=1365) to work on /home/airflow/.local/lib/python3.8/site-packages/airflow/example_dags/example_sla_dag.py
[2023-11-22T20:59:37.657+0000] {processor.py:829} INFO - Processing file /home/airflow/.local/lib/python3.8/site-packages/airflow/example_dags/example_sla_dag.py for tasks to queue
[2023-11-22T20:59:37.660+0000] {logging_mixin.py:154} INFO - [2023-11-22T20:59:37.660+0000] {dagbag.py:536} INFO - Filling up the DagBag from /home/airflow/.local/lib/python3.8/site-packages/airflow/example_dags/example_sla_dag.py
[2023-11-22T20:59:37.673+0000] {processor.py:839} INFO - DAG(s) dict_keys(['example_sla_dag']) retrieved from /home/airflow/.local/lib/python3.8/site-packages/airflow/example_dags/example_sla_dag.py
[2023-11-22T20:59:37.693+0000] {logging_mixin.py:154} INFO - [2023-11-22T20:59:37.693+0000] {dag.py:2941} INFO - Sync 1 DAGs
[2023-11-22T20:59:37.717+0000] {logging_mixin.py:154} INFO - [2023-11-22T20:59:37.717+0000] {dag.py:3722} INFO - Setting next_dagrun for example_sla_dag to 2023-11-22T20:56:00+00:00, run_after=2023-11-22T20:58:00+00:00
[2023-11-22T20:59:37.925+0000] {processor.py:179} INFO - Processing /home/airflow/.local/lib/python3.8/site-packages/airflow/example_dags/example_sla_dag.py took 0.275 seconds
[2023-11-22T21:00:08.275+0000] {processor.py:157} INFO - Started process (PID=1419) to work on /home/airflow/.local/lib/python3.8/site-packages/airflow/example_dags/example_sla_dag.py
[2023-11-22T21:00:08.277+0000] {processor.py:829} INFO - Processing file /home/airflow/.local/lib/python3.8/site-packages/airflow/example_dags/example_sla_dag.py for tasks to queue
[2023-11-22T21:00:08.280+0000] {logging_mixin.py:154} INFO - [2023-11-22T21:00:08.280+0000] {dagbag.py:536} INFO - Filling up the DagBag from /home/airflow/.local/lib/python3.8/site-packages/airflow/example_dags/example_sla_dag.py
[2023-11-22T21:00:08.295+0000] {processor.py:839} INFO - DAG(s) dict_keys(['example_sla_dag']) retrieved from /home/airflow/.local/lib/python3.8/site-packages/airflow/example_dags/example_sla_dag.py
[2023-11-22T21:00:08.316+0000] {logging_mixin.py:154} INFO - [2023-11-22T21:00:08.316+0000] {dag.py:2941} INFO - Sync 1 DAGs
[2023-11-22T21:00:08.340+0000] {logging_mixin.py:154} INFO - [2023-11-22T21:00:08.340+0000] {dag.py:3722} INFO - Setting next_dagrun for example_sla_dag to 2023-11-22T20:58:00+00:00, run_after=2023-11-22T21:00:00+00:00
[2023-11-22T21:00:08.363+0000] {processor.py:179} INFO - Processing /home/airflow/.local/lib/python3.8/site-packages/airflow/example_dags/example_sla_dag.py took 0.091 seconds
[2023-11-22T21:00:38.854+0000] {processor.py:157} INFO - Started process (PID=1473) to work on /home/airflow/.local/lib/python3.8/site-packages/airflow/example_dags/example_sla_dag.py
[2023-11-22T21:00:38.856+0000] {processor.py:829} INFO - Processing file /home/airflow/.local/lib/python3.8/site-packages/airflow/example_dags/example_sla_dag.py for tasks to queue
[2023-11-22T21:00:38.859+0000] {logging_mixin.py:154} INFO - [2023-11-22T21:00:38.859+0000] {dagbag.py:536} INFO - Filling up the DagBag from /home/airflow/.local/lib/python3.8/site-packages/airflow/example_dags/example_sla_dag.py
[2023-11-22T21:00:38.869+0000] {processor.py:839} INFO - DAG(s) dict_keys(['example_sla_dag']) retrieved from /home/airflow/.local/lib/python3.8/site-packages/airflow/example_dags/example_sla_dag.py
[2023-11-22T21:00:38.889+0000] {logging_mixin.py:154} INFO - [2023-11-22T21:00:38.888+0000] {dag.py:2941} INFO - Sync 1 DAGs
[2023-11-22T21:00:39.069+0000] {logging_mixin.py:154} INFO - [2023-11-22T21:00:39.069+0000] {dag.py:3722} INFO - Setting next_dagrun for example_sla_dag to 2023-11-22T20:58:00+00:00, run_after=2023-11-22T21:00:00+00:00
[2023-11-22T21:00:39.094+0000] {processor.py:179} INFO - Processing /home/airflow/.local/lib/python3.8/site-packages/airflow/example_dags/example_sla_dag.py took 0.245 seconds
[2023-11-22T21:01:09.939+0000] {processor.py:157} INFO - Started process (PID=1527) to work on /home/airflow/.local/lib/python3.8/site-packages/airflow/example_dags/example_sla_dag.py
[2023-11-22T21:01:09.940+0000] {processor.py:829} INFO - Processing file /home/airflow/.local/lib/python3.8/site-packages/airflow/example_dags/example_sla_dag.py for tasks to queue
[2023-11-22T21:01:09.943+0000] {logging_mixin.py:154} INFO - [2023-11-22T21:01:09.943+0000] {dagbag.py:536} INFO - Filling up the DagBag from /home/airflow/.local/lib/python3.8/site-packages/airflow/example_dags/example_sla_dag.py
[2023-11-22T21:01:09.952+0000] {processor.py:839} INFO - DAG(s) dict_keys(['example_sla_dag']) retrieved from /home/airflow/.local/lib/python3.8/site-packages/airflow/example_dags/example_sla_dag.py
[2023-11-22T21:01:09.972+0000] {logging_mixin.py:154} INFO - [2023-11-22T21:01:09.972+0000] {dag.py:2941} INFO - Sync 1 DAGs
[2023-11-22T21:01:09.997+0000] {logging_mixin.py:154} INFO - [2023-11-22T21:01:09.997+0000] {dag.py:3722} INFO - Setting next_dagrun for example_sla_dag to 2023-11-22T20:58:00+00:00, run_after=2023-11-22T21:00:00+00:00
[2023-11-22T21:01:10.176+0000] {processor.py:179} INFO - Processing /home/airflow/.local/lib/python3.8/site-packages/airflow/example_dags/example_sla_dag.py took 0.241 seconds
[2023-11-22T21:01:40.867+0000] {processor.py:157} INFO - Started process (PID=1581) to work on /home/airflow/.local/lib/python3.8/site-packages/airflow/example_dags/example_sla_dag.py
[2023-11-22T21:01:40.869+0000] {processor.py:829} INFO - Processing file /home/airflow/.local/lib/python3.8/site-packages/airflow/example_dags/example_sla_dag.py for tasks to queue
[2023-11-22T21:01:40.872+0000] {logging_mixin.py:154} INFO - [2023-11-22T21:01:40.871+0000] {dagbag.py:536} INFO - Filling up the DagBag from /home/airflow/.local/lib/python3.8/site-packages/airflow/example_dags/example_sla_dag.py
[2023-11-22T21:01:40.885+0000] {processor.py:839} INFO - DAG(s) dict_keys(['example_sla_dag']) retrieved from /home/airflow/.local/lib/python3.8/site-packages/airflow/example_dags/example_sla_dag.py
[2023-11-22T21:01:40.906+0000] {logging_mixin.py:154} INFO - [2023-11-22T21:01:40.905+0000] {dag.py:2941} INFO - Sync 1 DAGs
[2023-11-22T21:01:40.931+0000] {logging_mixin.py:154} INFO - [2023-11-22T21:01:40.931+0000] {dag.py:3722} INFO - Setting next_dagrun for example_sla_dag to 2023-11-22T20:58:00+00:00, run_after=2023-11-22T21:00:00+00:00
[2023-11-22T21:01:40.951+0000] {processor.py:179} INFO - Processing /home/airflow/.local/lib/python3.8/site-packages/airflow/example_dags/example_sla_dag.py took 0.088 seconds
[2023-11-22T21:02:11.598+0000] {processor.py:157} INFO - Started process (PID=1635) to work on /home/airflow/.local/lib/python3.8/site-packages/airflow/example_dags/example_sla_dag.py
[2023-11-22T21:02:11.600+0000] {processor.py:829} INFO - Processing file /home/airflow/.local/lib/python3.8/site-packages/airflow/example_dags/example_sla_dag.py for tasks to queue
[2023-11-22T21:02:11.603+0000] {logging_mixin.py:154} INFO - [2023-11-22T21:02:11.603+0000] {dagbag.py:536} INFO - Filling up the DagBag from /home/airflow/.local/lib/python3.8/site-packages/airflow/example_dags/example_sla_dag.py
[2023-11-22T21:02:11.614+0000] {processor.py:839} INFO - DAG(s) dict_keys(['example_sla_dag']) retrieved from /home/airflow/.local/lib/python3.8/site-packages/airflow/example_dags/example_sla_dag.py
[2023-11-22T21:02:11.789+0000] {logging_mixin.py:154} INFO - [2023-11-22T21:02:11.789+0000] {dag.py:2941} INFO - Sync 1 DAGs
[2023-11-22T21:02:11.815+0000] {logging_mixin.py:154} INFO - [2023-11-22T21:02:11.815+0000] {dag.py:3722} INFO - Setting next_dagrun for example_sla_dag to 2023-11-22T21:00:00+00:00, run_after=2023-11-22T21:02:00+00:00
[2023-11-22T21:02:11.835+0000] {processor.py:179} INFO - Processing /home/airflow/.local/lib/python3.8/site-packages/airflow/example_dags/example_sla_dag.py took 0.241 seconds
[2023-11-22T21:02:42.243+0000] {processor.py:157} INFO - Started process (PID=1690) to work on /home/airflow/.local/lib/python3.8/site-packages/airflow/example_dags/example_sla_dag.py
[2023-11-22T21:02:42.244+0000] {processor.py:829} INFO - Processing file /home/airflow/.local/lib/python3.8/site-packages/airflow/example_dags/example_sla_dag.py for tasks to queue
[2023-11-22T21:02:42.247+0000] {logging_mixin.py:154} INFO - [2023-11-22T21:02:42.247+0000] {dagbag.py:536} INFO - Filling up the DagBag from /home/airflow/.local/lib/python3.8/site-packages/airflow/example_dags/example_sla_dag.py
[2023-11-22T21:02:42.258+0000] {processor.py:839} INFO - DAG(s) dict_keys(['example_sla_dag']) retrieved from /home/airflow/.local/lib/python3.8/site-packages/airflow/example_dags/example_sla_dag.py
[2023-11-22T21:02:42.280+0000] {logging_mixin.py:154} INFO - [2023-11-22T21:02:42.279+0000] {dag.py:2941} INFO - Sync 1 DAGs
[2023-11-22T21:02:42.463+0000] {logging_mixin.py:154} INFO - [2023-11-22T21:02:42.462+0000] {dag.py:3722} INFO - Setting next_dagrun for example_sla_dag to 2023-11-22T21:00:00+00:00, run_after=2023-11-22T21:02:00+00:00
[2023-11-22T21:02:42.492+0000] {processor.py:179} INFO - Processing /home/airflow/.local/lib/python3.8/site-packages/airflow/example_dags/example_sla_dag.py took 0.254 seconds
[2023-11-22T21:03:12.605+0000] {processor.py:157} INFO - Started process (PID=1744) to work on /home/airflow/.local/lib/python3.8/site-packages/airflow/example_dags/example_sla_dag.py
[2023-11-22T21:03:12.607+0000] {processor.py:829} INFO - Processing file /home/airflow/.local/lib/python3.8/site-packages/airflow/example_dags/example_sla_dag.py for tasks to queue
[2023-11-22T21:03:12.610+0000] {logging_mixin.py:154} INFO - [2023-11-22T21:03:12.609+0000] {dagbag.py:536} INFO - Filling up the DagBag from /home/airflow/.local/lib/python3.8/site-packages/airflow/example_dags/example_sla_dag.py
[2023-11-22T21:03:12.618+0000] {processor.py:839} INFO - DAG(s) dict_keys(['example_sla_dag']) retrieved from /home/airflow/.local/lib/python3.8/site-packages/airflow/example_dags/example_sla_dag.py
[2023-11-22T21:03:12.638+0000] {logging_mixin.py:154} INFO - [2023-11-22T21:03:12.638+0000] {dag.py:2941} INFO - Sync 1 DAGs
[2023-11-22T21:03:12.662+0000] {logging_mixin.py:154} INFO - [2023-11-22T21:03:12.662+0000] {dag.py:3722} INFO - Setting next_dagrun for example_sla_dag to 2023-11-22T21:00:00+00:00, run_after=2023-11-22T21:02:00+00:00
[2023-11-22T21:03:12.684+0000] {processor.py:179} INFO - Processing /home/airflow/.local/lib/python3.8/site-packages/airflow/example_dags/example_sla_dag.py took 0.083 seconds
[2023-11-22T21:03:42.798+0000] {processor.py:157} INFO - Started process (PID=1798) to work on /home/airflow/.local/lib/python3.8/site-packages/airflow/example_dags/example_sla_dag.py
[2023-11-22T21:03:42.799+0000] {processor.py:829} INFO - Processing file /home/airflow/.local/lib/python3.8/site-packages/airflow/example_dags/example_sla_dag.py for tasks to queue
[2023-11-22T21:03:42.802+0000] {logging_mixin.py:154} INFO - [2023-11-22T21:03:42.802+0000] {dagbag.py:536} INFO - Filling up the DagBag from /home/airflow/.local/lib/python3.8/site-packages/airflow/example_dags/example_sla_dag.py
[2023-11-22T21:03:42.811+0000] {processor.py:839} INFO - DAG(s) dict_keys(['example_sla_dag']) retrieved from /home/airflow/.local/lib/python3.8/site-packages/airflow/example_dags/example_sla_dag.py
[2023-11-22T21:03:42.831+0000] {logging_mixin.py:154} INFO - [2023-11-22T21:03:42.831+0000] {dag.py:2941} INFO - Sync 1 DAGs
[2023-11-22T21:03:42.855+0000] {logging_mixin.py:154} INFO - [2023-11-22T21:03:42.855+0000] {dag.py:3722} INFO - Setting next_dagrun for example_sla_dag to 2023-11-22T21:00:00+00:00, run_after=2023-11-22T21:02:00+00:00
[2023-11-22T21:03:42.875+0000] {processor.py:179} INFO - Processing /home/airflow/.local/lib/python3.8/site-packages/airflow/example_dags/example_sla_dag.py took 0.081 seconds
[2023-11-22T21:04:13.139+0000] {processor.py:157} INFO - Started process (PID=1852) to work on /home/airflow/.local/lib/python3.8/site-packages/airflow/example_dags/example_sla_dag.py
[2023-11-22T21:04:13.141+0000] {processor.py:829} INFO - Processing file /home/airflow/.local/lib/python3.8/site-packages/airflow/example_dags/example_sla_dag.py for tasks to queue
[2023-11-22T21:04:13.144+0000] {logging_mixin.py:154} INFO - [2023-11-22T21:04:13.144+0000] {dagbag.py:536} INFO - Filling up the DagBag from /home/airflow/.local/lib/python3.8/site-packages/airflow/example_dags/example_sla_dag.py
[2023-11-22T21:04:13.153+0000] {processor.py:839} INFO - DAG(s) dict_keys(['example_sla_dag']) retrieved from /home/airflow/.local/lib/python3.8/site-packages/airflow/example_dags/example_sla_dag.py
[2023-11-22T21:04:13.174+0000] {logging_mixin.py:154} INFO - [2023-11-22T21:04:13.174+0000] {dag.py:2941} INFO - Sync 1 DAGs
[2023-11-22T21:04:13.199+0000] {logging_mixin.py:154} INFO - [2023-11-22T21:04:13.199+0000] {dag.py:3722} INFO - Setting next_dagrun for example_sla_dag to 2023-11-22T21:02:00+00:00, run_after=2023-11-22T21:04:00+00:00
[2023-11-22T21:04:13.223+0000] {processor.py:179} INFO - Processing /home/airflow/.local/lib/python3.8/site-packages/airflow/example_dags/example_sla_dag.py took 0.088 seconds
[2023-11-22T21:04:43.352+0000] {processor.py:157} INFO - Started process (PID=1906) to work on /home/airflow/.local/lib/python3.8/site-packages/airflow/example_dags/example_sla_dag.py
[2023-11-22T21:04:43.354+0000] {processor.py:829} INFO - Processing file /home/airflow/.local/lib/python3.8/site-packages/airflow/example_dags/example_sla_dag.py for tasks to queue
[2023-11-22T21:04:43.356+0000] {logging_mixin.py:154} INFO - [2023-11-22T21:04:43.356+0000] {dagbag.py:536} INFO - Filling up the DagBag from /home/airflow/.local/lib/python3.8/site-packages/airflow/example_dags/example_sla_dag.py
[2023-11-22T21:04:43.365+0000] {processor.py:839} INFO - DAG(s) dict_keys(['example_sla_dag']) retrieved from /home/airflow/.local/lib/python3.8/site-packages/airflow/example_dags/example_sla_dag.py
[2023-11-22T21:04:43.387+0000] {logging_mixin.py:154} INFO - [2023-11-22T21:04:43.387+0000] {dag.py:2941} INFO - Sync 1 DAGs
[2023-11-22T21:04:43.421+0000] {logging_mixin.py:154} INFO - [2023-11-22T21:04:43.421+0000] {dag.py:3722} INFO - Setting next_dagrun for example_sla_dag to 2023-11-22T21:02:00+00:00, run_after=2023-11-22T21:04:00+00:00
[2023-11-22T21:04:43.440+0000] {processor.py:179} INFO - Processing /home/airflow/.local/lib/python3.8/site-packages/airflow/example_dags/example_sla_dag.py took 0.091 seconds
[2023-11-22T21:05:13.610+0000] {processor.py:157} INFO - Started process (PID=1960) to work on /home/airflow/.local/lib/python3.8/site-packages/airflow/example_dags/example_sla_dag.py
[2023-11-22T21:05:13.611+0000] {processor.py:829} INFO - Processing file /home/airflow/.local/lib/python3.8/site-packages/airflow/example_dags/example_sla_dag.py for tasks to queue
[2023-11-22T21:05:13.615+0000] {logging_mixin.py:154} INFO - [2023-11-22T21:05:13.615+0000] {dagbag.py:536} INFO - Filling up the DagBag from /home/airflow/.local/lib/python3.8/site-packages/airflow/example_dags/example_sla_dag.py
[2023-11-22T21:05:13.625+0000] {processor.py:839} INFO - DAG(s) dict_keys(['example_sla_dag']) retrieved from /home/airflow/.local/lib/python3.8/site-packages/airflow/example_dags/example_sla_dag.py
[2023-11-22T21:05:13.646+0000] {logging_mixin.py:154} INFO - [2023-11-22T21:05:13.645+0000] {dag.py:2941} INFO - Sync 1 DAGs
[2023-11-22T21:05:13.669+0000] {logging_mixin.py:154} INFO - [2023-11-22T21:05:13.669+0000] {dag.py:3722} INFO - Setting next_dagrun for example_sla_dag to 2023-11-22T21:02:00+00:00, run_after=2023-11-22T21:04:00+00:00
[2023-11-22T21:05:13.692+0000] {processor.py:179} INFO - Processing /home/airflow/.local/lib/python3.8/site-packages/airflow/example_dags/example_sla_dag.py took 0.087 seconds
[2023-11-22T21:05:44.212+0000] {processor.py:157} INFO - Started process (PID=2014) to work on /home/airflow/.local/lib/python3.8/site-packages/airflow/example_dags/example_sla_dag.py
[2023-11-22T21:05:44.214+0000] {processor.py:829} INFO - Processing file /home/airflow/.local/lib/python3.8/site-packages/airflow/example_dags/example_sla_dag.py for tasks to queue
[2023-11-22T21:05:44.216+0000] {logging_mixin.py:154} INFO - [2023-11-22T21:05:44.216+0000] {dagbag.py:536} INFO - Filling up the DagBag from /home/airflow/.local/lib/python3.8/site-packages/airflow/example_dags/example_sla_dag.py
[2023-11-22T21:05:44.229+0000] {processor.py:839} INFO - DAG(s) dict_keys(['example_sla_dag']) retrieved from /home/airflow/.local/lib/python3.8/site-packages/airflow/example_dags/example_sla_dag.py
[2023-11-22T21:05:44.249+0000] {logging_mixin.py:154} INFO - [2023-11-22T21:05:44.249+0000] {dag.py:2941} INFO - Sync 1 DAGs
[2023-11-22T21:05:44.274+0000] {logging_mixin.py:154} INFO - [2023-11-22T21:05:44.274+0000] {dag.py:3722} INFO - Setting next_dagrun for example_sla_dag to 2023-11-22T21:02:00+00:00, run_after=2023-11-22T21:04:00+00:00
[2023-11-22T21:05:44.297+0000] {processor.py:179} INFO - Processing /home/airflow/.local/lib/python3.8/site-packages/airflow/example_dags/example_sla_dag.py took 0.088 seconds
[2023-11-22T21:06:14.795+0000] {processor.py:157} INFO - Started process (PID=2068) to work on /home/airflow/.local/lib/python3.8/site-packages/airflow/example_dags/example_sla_dag.py
[2023-11-22T21:06:14.796+0000] {processor.py:829} INFO - Processing file /home/airflow/.local/lib/python3.8/site-packages/airflow/example_dags/example_sla_dag.py for tasks to queue
[2023-11-22T21:06:14.799+0000] {logging_mixin.py:154} INFO - [2023-11-22T21:06:14.798+0000] {dagbag.py:536} INFO - Filling up the DagBag from /home/airflow/.local/lib/python3.8/site-packages/airflow/example_dags/example_sla_dag.py
[2023-11-22T21:06:14.807+0000] {processor.py:839} INFO - DAG(s) dict_keys(['example_sla_dag']) retrieved from /home/airflow/.local/lib/python3.8/site-packages/airflow/example_dags/example_sla_dag.py
[2023-11-22T21:06:14.830+0000] {logging_mixin.py:154} INFO - [2023-11-22T21:06:14.829+0000] {dag.py:2941} INFO - Sync 1 DAGs
[2023-11-22T21:06:14.859+0000] {logging_mixin.py:154} INFO - [2023-11-22T21:06:14.859+0000] {dag.py:3722} INFO - Setting next_dagrun for example_sla_dag to 2023-11-22T21:04:00+00:00, run_after=2023-11-22T21:06:00+00:00
[2023-11-22T21:06:14.883+0000] {processor.py:179} INFO - Processing /home/airflow/.local/lib/python3.8/site-packages/airflow/example_dags/example_sla_dag.py took 0.092 seconds
[2023-11-22T21:06:44.951+0000] {processor.py:157} INFO - Started process (PID=2122) to work on /home/airflow/.local/lib/python3.8/site-packages/airflow/example_dags/example_sla_dag.py
[2023-11-22T21:06:44.952+0000] {processor.py:829} INFO - Processing file /home/airflow/.local/lib/python3.8/site-packages/airflow/example_dags/example_sla_dag.py for tasks to queue
[2023-11-22T21:06:44.957+0000] {logging_mixin.py:154} INFO - [2023-11-22T21:06:44.956+0000] {dagbag.py:536} INFO - Filling up the DagBag from /home/airflow/.local/lib/python3.8/site-packages/airflow/example_dags/example_sla_dag.py
[2023-11-22T21:06:44.970+0000] {processor.py:839} INFO - DAG(s) dict_keys(['example_sla_dag']) retrieved from /home/airflow/.local/lib/python3.8/site-packages/airflow/example_dags/example_sla_dag.py
[2023-11-22T21:06:44.994+0000] {logging_mixin.py:154} INFO - [2023-11-22T21:06:44.993+0000] {dag.py:2941} INFO - Sync 1 DAGs
[2023-11-22T21:06:45.018+0000] {logging_mixin.py:154} INFO - [2023-11-22T21:06:45.017+0000] {dag.py:3722} INFO - Setting next_dagrun for example_sla_dag to 2023-11-22T21:04:00+00:00, run_after=2023-11-22T21:06:00+00:00
[2023-11-22T21:06:45.041+0000] {processor.py:179} INFO - Processing /home/airflow/.local/lib/python3.8/site-packages/airflow/example_dags/example_sla_dag.py took 0.096 seconds
[2023-11-22T21:07:15.199+0000] {processor.py:157} INFO - Started process (PID=2177) to work on /home/airflow/.local/lib/python3.8/site-packages/airflow/example_dags/example_sla_dag.py
[2023-11-22T21:07:15.200+0000] {processor.py:829} INFO - Processing file /home/airflow/.local/lib/python3.8/site-packages/airflow/example_dags/example_sla_dag.py for tasks to queue
[2023-11-22T21:07:15.203+0000] {logging_mixin.py:154} INFO - [2023-11-22T21:07:15.203+0000] {dagbag.py:536} INFO - Filling up the DagBag from /home/airflow/.local/lib/python3.8/site-packages/airflow/example_dags/example_sla_dag.py
[2023-11-22T21:07:15.213+0000] {processor.py:839} INFO - DAG(s) dict_keys(['example_sla_dag']) retrieved from /home/airflow/.local/lib/python3.8/site-packages/airflow/example_dags/example_sla_dag.py
[2023-11-22T21:07:15.232+0000] {logging_mixin.py:154} INFO - [2023-11-22T21:07:15.232+0000] {dag.py:2941} INFO - Sync 1 DAGs
[2023-11-22T21:07:15.256+0000] {logging_mixin.py:154} INFO - [2023-11-22T21:07:15.256+0000] {dag.py:3722} INFO - Setting next_dagrun for example_sla_dag to 2023-11-22T21:04:00+00:00, run_after=2023-11-22T21:06:00+00:00
[2023-11-22T21:07:15.278+0000] {processor.py:179} INFO - Processing /home/airflow/.local/lib/python3.8/site-packages/airflow/example_dags/example_sla_dag.py took 0.083 seconds
[2023-11-22T21:07:45.484+0000] {processor.py:157} INFO - Started process (PID=2231) to work on /home/airflow/.local/lib/python3.8/site-packages/airflow/example_dags/example_sla_dag.py
[2023-11-22T21:07:45.485+0000] {processor.py:829} INFO - Processing file /home/airflow/.local/lib/python3.8/site-packages/airflow/example_dags/example_sla_dag.py for tasks to queue
[2023-11-22T21:07:45.488+0000] {logging_mixin.py:154} INFO - [2023-11-22T21:07:45.488+0000] {dagbag.py:536} INFO - Filling up the DagBag from /home/airflow/.local/lib/python3.8/site-packages/airflow/example_dags/example_sla_dag.py
[2023-11-22T21:07:45.497+0000] {processor.py:839} INFO - DAG(s) dict_keys(['example_sla_dag']) retrieved from /home/airflow/.local/lib/python3.8/site-packages/airflow/example_dags/example_sla_dag.py
[2023-11-22T21:07:45.517+0000] {logging_mixin.py:154} INFO - [2023-11-22T21:07:45.517+0000] {dag.py:2941} INFO - Sync 1 DAGs
[2023-11-22T21:07:45.542+0000] {logging_mixin.py:154} INFO - [2023-11-22T21:07:45.542+0000] {dag.py:3722} INFO - Setting next_dagrun for example_sla_dag to 2023-11-22T21:04:00+00:00, run_after=2023-11-22T21:06:00+00:00
[2023-11-22T21:07:45.560+0000] {processor.py:179} INFO - Processing /home/airflow/.local/lib/python3.8/site-packages/airflow/example_dags/example_sla_dag.py took 0.081 seconds
[2023-11-22T21:08:15.707+0000] {processor.py:157} INFO - Started process (PID=2285) to work on /home/airflow/.local/lib/python3.8/site-packages/airflow/example_dags/example_sla_dag.py
[2023-11-22T21:08:15.709+0000] {processor.py:829} INFO - Processing file /home/airflow/.local/lib/python3.8/site-packages/airflow/example_dags/example_sla_dag.py for tasks to queue
[2023-11-22T21:08:15.712+0000] {logging_mixin.py:154} INFO - [2023-11-22T21:08:15.711+0000] {dagbag.py:536} INFO - Filling up the DagBag from /home/airflow/.local/lib/python3.8/site-packages/airflow/example_dags/example_sla_dag.py
[2023-11-22T21:08:15.722+0000] {processor.py:839} INFO - DAG(s) dict_keys(['example_sla_dag']) retrieved from /home/airflow/.local/lib/python3.8/site-packages/airflow/example_dags/example_sla_dag.py
[2023-11-22T21:08:15.744+0000] {logging_mixin.py:154} INFO - [2023-11-22T21:08:15.744+0000] {dag.py:2941} INFO - Sync 1 DAGs
[2023-11-22T21:08:15.778+0000] {logging_mixin.py:154} INFO - [2023-11-22T21:08:15.778+0000] {dag.py:3722} INFO - Setting next_dagrun for example_sla_dag to 2023-11-22T21:06:00+00:00, run_after=2023-11-22T21:08:00+00:00
[2023-11-22T21:08:15.801+0000] {processor.py:179} INFO - Processing /home/airflow/.local/lib/python3.8/site-packages/airflow/example_dags/example_sla_dag.py took 0.097 seconds
[2023-11-22T21:08:46.392+0000] {processor.py:157} INFO - Started process (PID=2339) to work on /home/airflow/.local/lib/python3.8/site-packages/airflow/example_dags/example_sla_dag.py
[2023-11-22T21:08:46.394+0000] {processor.py:829} INFO - Processing file /home/airflow/.local/lib/python3.8/site-packages/airflow/example_dags/example_sla_dag.py for tasks to queue
[2023-11-22T21:08:46.396+0000] {logging_mixin.py:154} INFO - [2023-11-22T21:08:46.396+0000] {dagbag.py:536} INFO - Filling up the DagBag from /home/airflow/.local/lib/python3.8/site-packages/airflow/example_dags/example_sla_dag.py
[2023-11-22T21:08:46.407+0000] {processor.py:839} INFO - DAG(s) dict_keys(['example_sla_dag']) retrieved from /home/airflow/.local/lib/python3.8/site-packages/airflow/example_dags/example_sla_dag.py
[2023-11-22T21:08:46.427+0000] {logging_mixin.py:154} INFO - [2023-11-22T21:08:46.427+0000] {dag.py:2941} INFO - Sync 1 DAGs
[2023-11-22T21:08:46.455+0000] {logging_mixin.py:154} INFO - [2023-11-22T21:08:46.455+0000] {dag.py:3722} INFO - Setting next_dagrun for example_sla_dag to 2023-11-22T21:06:00+00:00, run_after=2023-11-22T21:08:00+00:00
[2023-11-22T21:08:46.475+0000] {processor.py:179} INFO - Processing /home/airflow/.local/lib/python3.8/site-packages/airflow/example_dags/example_sla_dag.py took 0.086 seconds
[2023-11-22T21:09:16.769+0000] {processor.py:157} INFO - Started process (PID=2393) to work on /home/airflow/.local/lib/python3.8/site-packages/airflow/example_dags/example_sla_dag.py
[2023-11-22T21:09:16.770+0000] {processor.py:829} INFO - Processing file /home/airflow/.local/lib/python3.8/site-packages/airflow/example_dags/example_sla_dag.py for tasks to queue
[2023-11-22T21:09:16.774+0000] {logging_mixin.py:154} INFO - [2023-11-22T21:09:16.774+0000] {dagbag.py:536} INFO - Filling up the DagBag from /home/airflow/.local/lib/python3.8/site-packages/airflow/example_dags/example_sla_dag.py
[2023-11-22T21:09:16.788+0000] {processor.py:839} INFO - DAG(s) dict_keys(['example_sla_dag']) retrieved from /home/airflow/.local/lib/python3.8/site-packages/airflow/example_dags/example_sla_dag.py
[2023-11-22T21:09:16.808+0000] {logging_mixin.py:154} INFO - [2023-11-22T21:09:16.808+0000] {dag.py:2941} INFO - Sync 1 DAGs
[2023-11-22T21:09:16.834+0000] {logging_mixin.py:154} INFO - [2023-11-22T21:09:16.834+0000] {dag.py:3722} INFO - Setting next_dagrun for example_sla_dag to 2023-11-22T21:06:00+00:00, run_after=2023-11-22T21:08:00+00:00
[2023-11-22T21:09:16.855+0000] {processor.py:179} INFO - Processing /home/airflow/.local/lib/python3.8/site-packages/airflow/example_dags/example_sla_dag.py took 0.092 seconds
[2023-11-22T21:09:46.980+0000] {processor.py:157} INFO - Started process (PID=2447) to work on /home/airflow/.local/lib/python3.8/site-packages/airflow/example_dags/example_sla_dag.py
[2023-11-22T21:09:46.981+0000] {processor.py:829} INFO - Processing file /home/airflow/.local/lib/python3.8/site-packages/airflow/example_dags/example_sla_dag.py for tasks to queue
[2023-11-22T21:09:46.984+0000] {logging_mixin.py:154} INFO - [2023-11-22T21:09:46.984+0000] {dagbag.py:536} INFO - Filling up the DagBag from /home/airflow/.local/lib/python3.8/site-packages/airflow/example_dags/example_sla_dag.py
[2023-11-22T21:09:46.997+0000] {processor.py:839} INFO - DAG(s) dict_keys(['example_sla_dag']) retrieved from /home/airflow/.local/lib/python3.8/site-packages/airflow/example_dags/example_sla_dag.py
[2023-11-22T21:09:47.023+0000] {logging_mixin.py:154} INFO - [2023-11-22T21:09:47.023+0000] {dag.py:2941} INFO - Sync 1 DAGs
[2023-11-22T21:09:47.052+0000] {logging_mixin.py:154} INFO - [2023-11-22T21:09:47.052+0000] {dag.py:3722} INFO - Setting next_dagrun for example_sla_dag to 2023-11-22T21:06:00+00:00, run_after=2023-11-22T21:08:00+00:00
[2023-11-22T21:09:47.075+0000] {processor.py:179} INFO - Processing /home/airflow/.local/lib/python3.8/site-packages/airflow/example_dags/example_sla_dag.py took 0.099 seconds
[2023-11-22T21:10:17.469+0000] {processor.py:157} INFO - Started process (PID=2501) to work on /home/airflow/.local/lib/python3.8/site-packages/airflow/example_dags/example_sla_dag.py
[2023-11-22T21:10:17.471+0000] {processor.py:829} INFO - Processing file /home/airflow/.local/lib/python3.8/site-packages/airflow/example_dags/example_sla_dag.py for tasks to queue
[2023-11-22T21:10:17.474+0000] {logging_mixin.py:154} INFO - [2023-11-22T21:10:17.474+0000] {dagbag.py:536} INFO - Filling up the DagBag from /home/airflow/.local/lib/python3.8/site-packages/airflow/example_dags/example_sla_dag.py
[2023-11-22T21:10:17.488+0000] {processor.py:839} INFO - DAG(s) dict_keys(['example_sla_dag']) retrieved from /home/airflow/.local/lib/python3.8/site-packages/airflow/example_dags/example_sla_dag.py
[2023-11-22T21:10:17.517+0000] {logging_mixin.py:154} INFO - [2023-11-22T21:10:17.516+0000] {dag.py:2941} INFO - Sync 1 DAGs
[2023-11-22T21:10:17.548+0000] {logging_mixin.py:154} INFO - [2023-11-22T21:10:17.547+0000] {dag.py:3722} INFO - Setting next_dagrun for example_sla_dag to 2023-11-22T21:08:00+00:00, run_after=2023-11-22T21:10:00+00:00
[2023-11-22T21:10:17.575+0000] {processor.py:179} INFO - Processing /home/airflow/.local/lib/python3.8/site-packages/airflow/example_dags/example_sla_dag.py took 0.111 seconds
[2023-11-22T21:10:47.932+0000] {processor.py:157} INFO - Started process (PID=2555) to work on /home/airflow/.local/lib/python3.8/site-packages/airflow/example_dags/example_sla_dag.py
[2023-11-22T21:10:47.933+0000] {processor.py:829} INFO - Processing file /home/airflow/.local/lib/python3.8/site-packages/airflow/example_dags/example_sla_dag.py for tasks to queue
[2023-11-22T21:10:47.935+0000] {logging_mixin.py:154} INFO - [2023-11-22T21:10:47.935+0000] {dagbag.py:536} INFO - Filling up the DagBag from /home/airflow/.local/lib/python3.8/site-packages/airflow/example_dags/example_sla_dag.py
[2023-11-22T21:10:47.944+0000] {processor.py:839} INFO - DAG(s) dict_keys(['example_sla_dag']) retrieved from /home/airflow/.local/lib/python3.8/site-packages/airflow/example_dags/example_sla_dag.py
[2023-11-22T21:10:47.964+0000] {logging_mixin.py:154} INFO - [2023-11-22T21:10:47.964+0000] {dag.py:2941} INFO - Sync 1 DAGs
[2023-11-22T21:10:47.992+0000] {logging_mixin.py:154} INFO - [2023-11-22T21:10:47.992+0000] {dag.py:3722} INFO - Setting next_dagrun for example_sla_dag to 2023-11-22T21:08:00+00:00, run_after=2023-11-22T21:10:00+00:00
[2023-11-22T21:10:48.012+0000] {processor.py:179} INFO - Processing /home/airflow/.local/lib/python3.8/site-packages/airflow/example_dags/example_sla_dag.py took 0.084 seconds
[2023-11-22T21:11:18.842+0000] {processor.py:157} INFO - Started process (PID=2607) to work on /home/airflow/.local/lib/python3.8/site-packages/airflow/example_dags/example_sla_dag.py
[2023-11-22T21:11:18.843+0000] {processor.py:829} INFO - Processing file /home/airflow/.local/lib/python3.8/site-packages/airflow/example_dags/example_sla_dag.py for tasks to queue
[2023-11-22T21:11:18.846+0000] {logging_mixin.py:154} INFO - [2023-11-22T21:11:18.846+0000] {dagbag.py:536} INFO - Filling up the DagBag from /home/airflow/.local/lib/python3.8/site-packages/airflow/example_dags/example_sla_dag.py
[2023-11-22T21:11:18.855+0000] {processor.py:839} INFO - DAG(s) dict_keys(['example_sla_dag']) retrieved from /home/airflow/.local/lib/python3.8/site-packages/airflow/example_dags/example_sla_dag.py
[2023-11-22T21:11:18.931+0000] {logging_mixin.py:154} INFO - [2023-11-22T21:11:18.930+0000] {dag.py:2941} INFO - Sync 1 DAGs
[2023-11-22T21:11:18.960+0000] {logging_mixin.py:154} INFO - [2023-11-22T21:11:18.959+0000] {dag.py:3722} INFO - Setting next_dagrun for example_sla_dag to 2023-11-22T21:08:00+00:00, run_after=2023-11-22T21:10:00+00:00
[2023-11-22T21:11:18.982+0000] {processor.py:179} INFO - Processing /home/airflow/.local/lib/python3.8/site-packages/airflow/example_dags/example_sla_dag.py took 0.143 seconds
[2023-11-22T21:11:49.287+0000] {processor.py:157} INFO - Started process (PID=2656) to work on /home/airflow/.local/lib/python3.8/site-packages/airflow/example_dags/example_sla_dag.py
[2023-11-22T21:11:49.305+0000] {processor.py:829} INFO - Processing file /home/airflow/.local/lib/python3.8/site-packages/airflow/example_dags/example_sla_dag.py for tasks to queue
[2023-11-22T21:11:49.309+0000] {logging_mixin.py:154} INFO - [2023-11-22T21:11:49.309+0000] {dagbag.py:536} INFO - Filling up the DagBag from /home/airflow/.local/lib/python3.8/site-packages/airflow/example_dags/example_sla_dag.py
[2023-11-22T21:11:49.347+0000] {processor.py:839} INFO - DAG(s) dict_keys(['example_sla_dag']) retrieved from /home/airflow/.local/lib/python3.8/site-packages/airflow/example_dags/example_sla_dag.py
[2023-11-22T21:11:49.459+0000] {logging_mixin.py:154} INFO - [2023-11-22T21:11:49.458+0000] {dag.py:2941} INFO - Sync 1 DAGs
[2023-11-22T21:11:49.554+0000] {logging_mixin.py:154} INFO - [2023-11-22T21:11:49.554+0000] {dag.py:3722} INFO - Setting next_dagrun for example_sla_dag to 2023-11-22T21:08:00+00:00, run_after=2023-11-22T21:10:00+00:00
[2023-11-22T21:11:49.609+0000] {processor.py:179} INFO - Processing /home/airflow/.local/lib/python3.8/site-packages/airflow/example_dags/example_sla_dag.py took 0.327 seconds
