[2023-11-22T20:47:08.437+0000] {processor.py:157} INFO - Started process (PID=71) to work on /home/airflow/.local/lib/python3.8/site-packages/airflow/example_dags/example_branch_labels.py
[2023-11-22T20:47:08.456+0000] {processor.py:829} INFO - Processing file /home/airflow/.local/lib/python3.8/site-packages/airflow/example_dags/example_branch_labels.py for tasks to queue
[2023-11-22T20:47:08.464+0000] {logging_mixin.py:154} INFO - [2023-11-22T20:47:08.464+0000] {dagbag.py:536} INFO - Filling up the DagBag from /home/airflow/.local/lib/python3.8/site-packages/airflow/example_dags/example_branch_labels.py
[2023-11-22T20:47:08.494+0000] {processor.py:839} INFO - DAG(s) dict_keys(['example_branch_labels']) retrieved from /home/airflow/.local/lib/python3.8/site-packages/airflow/example_dags/example_branch_labels.py
[2023-11-22T20:47:08.865+0000] {logging_mixin.py:154} INFO - [2023-11-22T20:47:08.865+0000] {dag.py:2941} INFO - Sync 1 DAGs
[2023-11-22T20:47:09.175+0000] {logging_mixin.py:154} INFO - [2023-11-22T20:47:09.175+0000] {dag.py:3722} INFO - Setting next_dagrun for example_branch_labels to 2023-11-21T00:00:00+00:00, run_after=2023-11-22T00:00:00+00:00
[2023-11-22T20:47:10.522+0000] {processor.py:179} INFO - Processing /home/airflow/.local/lib/python3.8/site-packages/airflow/example_dags/example_branch_labels.py took 2.105 seconds
[2023-11-22T20:47:41.035+0000] {processor.py:157} INFO - Started process (PID=125) to work on /home/airflow/.local/lib/python3.8/site-packages/airflow/example_dags/example_branch_labels.py
[2023-11-22T20:47:41.042+0000] {processor.py:829} INFO - Processing file /home/airflow/.local/lib/python3.8/site-packages/airflow/example_dags/example_branch_labels.py for tasks to queue
[2023-11-22T20:47:41.049+0000] {logging_mixin.py:154} INFO - [2023-11-22T20:47:41.048+0000] {dagbag.py:536} INFO - Filling up the DagBag from /home/airflow/.local/lib/python3.8/site-packages/airflow/example_dags/example_branch_labels.py
[2023-11-22T20:47:41.069+0000] {processor.py:839} INFO - DAG(s) dict_keys(['example_branch_labels']) retrieved from /home/airflow/.local/lib/python3.8/site-packages/airflow/example_dags/example_branch_labels.py
[2023-11-22T20:47:41.131+0000] {logging_mixin.py:154} INFO - [2023-11-22T20:47:41.131+0000] {dag.py:2941} INFO - Sync 1 DAGs
[2023-11-22T20:47:41.170+0000] {logging_mixin.py:154} INFO - [2023-11-22T20:47:41.169+0000] {dag.py:3722} INFO - Setting next_dagrun for example_branch_labels to 2023-11-21T00:00:00+00:00, run_after=2023-11-22T00:00:00+00:00
[2023-11-22T20:47:41.196+0000] {processor.py:179} INFO - Processing /home/airflow/.local/lib/python3.8/site-packages/airflow/example_dags/example_branch_labels.py took 0.175 seconds
[2023-11-22T20:48:11.512+0000] {processor.py:157} INFO - Started process (PID=179) to work on /home/airflow/.local/lib/python3.8/site-packages/airflow/example_dags/example_branch_labels.py
[2023-11-22T20:48:11.664+0000] {processor.py:829} INFO - Processing file /home/airflow/.local/lib/python3.8/site-packages/airflow/example_dags/example_branch_labels.py for tasks to queue
[2023-11-22T20:48:11.676+0000] {logging_mixin.py:154} INFO - [2023-11-22T20:48:11.675+0000] {dagbag.py:536} INFO - Filling up the DagBag from /home/airflow/.local/lib/python3.8/site-packages/airflow/example_dags/example_branch_labels.py
[2023-11-22T20:48:11.702+0000] {processor.py:839} INFO - DAG(s) dict_keys(['example_branch_labels']) retrieved from /home/airflow/.local/lib/python3.8/site-packages/airflow/example_dags/example_branch_labels.py
[2023-11-22T20:48:11.728+0000] {logging_mixin.py:154} INFO - [2023-11-22T20:48:11.728+0000] {dag.py:2941} INFO - Sync 1 DAGs
[2023-11-22T20:48:11.758+0000] {logging_mixin.py:154} INFO - [2023-11-22T20:48:11.757+0000] {dag.py:3722} INFO - Setting next_dagrun for example_branch_labels to 2023-11-21T00:00:00+00:00, run_after=2023-11-22T00:00:00+00:00
[2023-11-22T20:48:12.074+0000] {processor.py:179} INFO - Processing /home/airflow/.local/lib/python3.8/site-packages/airflow/example_dags/example_branch_labels.py took 0.565 seconds
[2023-11-22T20:48:42.765+0000] {processor.py:157} INFO - Started process (PID=233) to work on /home/airflow/.local/lib/python3.8/site-packages/airflow/example_dags/example_branch_labels.py
[2023-11-22T20:48:42.767+0000] {processor.py:829} INFO - Processing file /home/airflow/.local/lib/python3.8/site-packages/airflow/example_dags/example_branch_labels.py for tasks to queue
[2023-11-22T20:48:42.770+0000] {logging_mixin.py:154} INFO - [2023-11-22T20:48:42.770+0000] {dagbag.py:536} INFO - Filling up the DagBag from /home/airflow/.local/lib/python3.8/site-packages/airflow/example_dags/example_branch_labels.py
[2023-11-22T20:48:42.781+0000] {processor.py:839} INFO - DAG(s) dict_keys(['example_branch_labels']) retrieved from /home/airflow/.local/lib/python3.8/site-packages/airflow/example_dags/example_branch_labels.py
[2023-11-22T20:48:42.809+0000] {logging_mixin.py:154} INFO - [2023-11-22T20:48:42.809+0000] {dag.py:2941} INFO - Sync 1 DAGs
[2023-11-22T20:48:42.838+0000] {logging_mixin.py:154} INFO - [2023-11-22T20:48:42.838+0000] {dag.py:3722} INFO - Setting next_dagrun for example_branch_labels to 2023-11-21T00:00:00+00:00, run_after=2023-11-22T00:00:00+00:00
[2023-11-22T20:48:42.866+0000] {processor.py:179} INFO - Processing /home/airflow/.local/lib/python3.8/site-packages/airflow/example_dags/example_branch_labels.py took 0.104 seconds
[2023-11-22T20:49:12.974+0000] {processor.py:157} INFO - Started process (PID=287) to work on /home/airflow/.local/lib/python3.8/site-packages/airflow/example_dags/example_branch_labels.py
[2023-11-22T20:49:12.975+0000] {processor.py:829} INFO - Processing file /home/airflow/.local/lib/python3.8/site-packages/airflow/example_dags/example_branch_labels.py for tasks to queue
[2023-11-22T20:49:12.980+0000] {logging_mixin.py:154} INFO - [2023-11-22T20:49:12.979+0000] {dagbag.py:536} INFO - Filling up the DagBag from /home/airflow/.local/lib/python3.8/site-packages/airflow/example_dags/example_branch_labels.py
[2023-11-22T20:49:12.988+0000] {processor.py:839} INFO - DAG(s) dict_keys(['example_branch_labels']) retrieved from /home/airflow/.local/lib/python3.8/site-packages/airflow/example_dags/example_branch_labels.py
[2023-11-22T20:49:13.012+0000] {logging_mixin.py:154} INFO - [2023-11-22T20:49:13.012+0000] {dag.py:2941} INFO - Sync 1 DAGs
[2023-11-22T20:49:13.044+0000] {logging_mixin.py:154} INFO - [2023-11-22T20:49:13.044+0000] {dag.py:3722} INFO - Setting next_dagrun for example_branch_labels to 2023-11-21T00:00:00+00:00, run_after=2023-11-22T00:00:00+00:00
[2023-11-22T20:49:13.068+0000] {processor.py:179} INFO - Processing /home/airflow/.local/lib/python3.8/site-packages/airflow/example_dags/example_branch_labels.py took 0.099 seconds
[2023-11-22T20:49:43.307+0000] {processor.py:157} INFO - Started process (PID=341) to work on /home/airflow/.local/lib/python3.8/site-packages/airflow/example_dags/example_branch_labels.py
[2023-11-22T20:49:43.309+0000] {processor.py:829} INFO - Processing file /home/airflow/.local/lib/python3.8/site-packages/airflow/example_dags/example_branch_labels.py for tasks to queue
[2023-11-22T20:49:43.312+0000] {logging_mixin.py:154} INFO - [2023-11-22T20:49:43.311+0000] {dagbag.py:536} INFO - Filling up the DagBag from /home/airflow/.local/lib/python3.8/site-packages/airflow/example_dags/example_branch_labels.py
[2023-11-22T20:49:43.322+0000] {processor.py:839} INFO - DAG(s) dict_keys(['example_branch_labels']) retrieved from /home/airflow/.local/lib/python3.8/site-packages/airflow/example_dags/example_branch_labels.py
[2023-11-22T20:49:43.343+0000] {logging_mixin.py:154} INFO - [2023-11-22T20:49:43.343+0000] {dag.py:2941} INFO - Sync 1 DAGs
[2023-11-22T20:49:43.368+0000] {logging_mixin.py:154} INFO - [2023-11-22T20:49:43.368+0000] {dag.py:3722} INFO - Setting next_dagrun for example_branch_labels to 2023-11-21T00:00:00+00:00, run_after=2023-11-22T00:00:00+00:00
[2023-11-22T20:49:43.513+0000] {processor.py:179} INFO - Processing /home/airflow/.local/lib/python3.8/site-packages/airflow/example_dags/example_branch_labels.py took 0.210 seconds
[2023-11-22T20:50:14.102+0000] {processor.py:157} INFO - Started process (PID=395) to work on /home/airflow/.local/lib/python3.8/site-packages/airflow/example_dags/example_branch_labels.py
[2023-11-22T20:50:14.103+0000] {processor.py:829} INFO - Processing file /home/airflow/.local/lib/python3.8/site-packages/airflow/example_dags/example_branch_labels.py for tasks to queue
[2023-11-22T20:50:14.106+0000] {logging_mixin.py:154} INFO - [2023-11-22T20:50:14.106+0000] {dagbag.py:536} INFO - Filling up the DagBag from /home/airflow/.local/lib/python3.8/site-packages/airflow/example_dags/example_branch_labels.py
[2023-11-22T20:50:14.115+0000] {processor.py:839} INFO - DAG(s) dict_keys(['example_branch_labels']) retrieved from /home/airflow/.local/lib/python3.8/site-packages/airflow/example_dags/example_branch_labels.py
[2023-11-22T20:50:14.139+0000] {logging_mixin.py:154} INFO - [2023-11-22T20:50:14.139+0000] {dag.py:2941} INFO - Sync 1 DAGs
[2023-11-22T20:50:14.166+0000] {logging_mixin.py:154} INFO - [2023-11-22T20:50:14.166+0000] {dag.py:3722} INFO - Setting next_dagrun for example_branch_labels to 2023-11-21T00:00:00+00:00, run_after=2023-11-22T00:00:00+00:00
[2023-11-22T20:50:14.192+0000] {processor.py:179} INFO - Processing /home/airflow/.local/lib/python3.8/site-packages/airflow/example_dags/example_branch_labels.py took 0.093 seconds
[2023-11-22T20:50:44.308+0000] {processor.py:157} INFO - Started process (PID=449) to work on /home/airflow/.local/lib/python3.8/site-packages/airflow/example_dags/example_branch_labels.py
[2023-11-22T20:50:44.309+0000] {processor.py:829} INFO - Processing file /home/airflow/.local/lib/python3.8/site-packages/airflow/example_dags/example_branch_labels.py for tasks to queue
[2023-11-22T20:50:44.311+0000] {logging_mixin.py:154} INFO - [2023-11-22T20:50:44.311+0000] {dagbag.py:536} INFO - Filling up the DagBag from /home/airflow/.local/lib/python3.8/site-packages/airflow/example_dags/example_branch_labels.py
[2023-11-22T20:50:44.320+0000] {processor.py:839} INFO - DAG(s) dict_keys(['example_branch_labels']) retrieved from /home/airflow/.local/lib/python3.8/site-packages/airflow/example_dags/example_branch_labels.py
[2023-11-22T20:50:44.343+0000] {logging_mixin.py:154} INFO - [2023-11-22T20:50:44.343+0000] {dag.py:2941} INFO - Sync 1 DAGs
[2023-11-22T20:50:44.369+0000] {logging_mixin.py:154} INFO - [2023-11-22T20:50:44.369+0000] {dag.py:3722} INFO - Setting next_dagrun for example_branch_labels to 2023-11-21T00:00:00+00:00, run_after=2023-11-22T00:00:00+00:00
[2023-11-22T20:50:44.390+0000] {processor.py:179} INFO - Processing /home/airflow/.local/lib/python3.8/site-packages/airflow/example_dags/example_branch_labels.py took 0.085 seconds
[2023-11-22T20:51:14.908+0000] {processor.py:157} INFO - Started process (PID=503) to work on /home/airflow/.local/lib/python3.8/site-packages/airflow/example_dags/example_branch_labels.py
[2023-11-22T20:51:14.909+0000] {processor.py:829} INFO - Processing file /home/airflow/.local/lib/python3.8/site-packages/airflow/example_dags/example_branch_labels.py for tasks to queue
[2023-11-22T20:51:14.912+0000] {logging_mixin.py:154} INFO - [2023-11-22T20:51:14.911+0000] {dagbag.py:536} INFO - Filling up the DagBag from /home/airflow/.local/lib/python3.8/site-packages/airflow/example_dags/example_branch_labels.py
[2023-11-22T20:51:14.921+0000] {processor.py:839} INFO - DAG(s) dict_keys(['example_branch_labels']) retrieved from /home/airflow/.local/lib/python3.8/site-packages/airflow/example_dags/example_branch_labels.py
[2023-11-22T20:51:14.943+0000] {logging_mixin.py:154} INFO - [2023-11-22T20:51:14.943+0000] {dag.py:2941} INFO - Sync 1 DAGs
[2023-11-22T20:51:14.967+0000] {logging_mixin.py:154} INFO - [2023-11-22T20:51:14.967+0000] {dag.py:3722} INFO - Setting next_dagrun for example_branch_labels to 2023-11-21T00:00:00+00:00, run_after=2023-11-22T00:00:00+00:00
[2023-11-22T20:51:14.989+0000] {processor.py:179} INFO - Processing /home/airflow/.local/lib/python3.8/site-packages/airflow/example_dags/example_branch_labels.py took 0.085 seconds
[2023-11-22T20:51:45.234+0000] {processor.py:157} INFO - Started process (PID=557) to work on /home/airflow/.local/lib/python3.8/site-packages/airflow/example_dags/example_branch_labels.py
[2023-11-22T20:51:45.235+0000] {processor.py:829} INFO - Processing file /home/airflow/.local/lib/python3.8/site-packages/airflow/example_dags/example_branch_labels.py for tasks to queue
[2023-11-22T20:51:45.239+0000] {logging_mixin.py:154} INFO - [2023-11-22T20:51:45.239+0000] {dagbag.py:536} INFO - Filling up the DagBag from /home/airflow/.local/lib/python3.8/site-packages/airflow/example_dags/example_branch_labels.py
[2023-11-22T20:51:45.251+0000] {processor.py:839} INFO - DAG(s) dict_keys(['example_branch_labels']) retrieved from /home/airflow/.local/lib/python3.8/site-packages/airflow/example_dags/example_branch_labels.py
[2023-11-22T20:51:45.281+0000] {logging_mixin.py:154} INFO - [2023-11-22T20:51:45.281+0000] {dag.py:2941} INFO - Sync 1 DAGs
[2023-11-22T20:51:45.315+0000] {logging_mixin.py:154} INFO - [2023-11-22T20:51:45.315+0000] {dag.py:3722} INFO - Setting next_dagrun for example_branch_labels to 2023-11-21T00:00:00+00:00, run_after=2023-11-22T00:00:00+00:00
[2023-11-22T20:51:45.339+0000] {processor.py:179} INFO - Processing /home/airflow/.local/lib/python3.8/site-packages/airflow/example_dags/example_branch_labels.py took 0.110 seconds
[2023-11-22T20:52:30.331+0000] {processor.py:157} INFO - Started process (PID=619) to work on /home/airflow/.local/lib/python3.8/site-packages/airflow/example_dags/example_branch_labels.py
[2023-11-22T20:52:30.333+0000] {processor.py:829} INFO - Processing file /home/airflow/.local/lib/python3.8/site-packages/airflow/example_dags/example_branch_labels.py for tasks to queue
[2023-11-22T20:52:30.336+0000] {logging_mixin.py:154} INFO - [2023-11-22T20:52:30.335+0000] {dagbag.py:536} INFO - Filling up the DagBag from /home/airflow/.local/lib/python3.8/site-packages/airflow/example_dags/example_branch_labels.py
[2023-11-22T20:52:30.344+0000] {processor.py:839} INFO - DAG(s) dict_keys(['example_branch_labels']) retrieved from /home/airflow/.local/lib/python3.8/site-packages/airflow/example_dags/example_branch_labels.py
[2023-11-22T20:52:30.367+0000] {logging_mixin.py:154} INFO - [2023-11-22T20:52:30.366+0000] {dag.py:2941} INFO - Sync 1 DAGs
[2023-11-22T20:52:30.400+0000] {logging_mixin.py:154} INFO - [2023-11-22T20:52:30.400+0000] {dag.py:3722} INFO - Setting next_dagrun for example_branch_labels to 2023-11-21T00:00:00+00:00, run_after=2023-11-22T00:00:00+00:00
[2023-11-22T20:52:30.425+0000] {processor.py:179} INFO - Processing /home/airflow/.local/lib/python3.8/site-packages/airflow/example_dags/example_branch_labels.py took 0.098 seconds
[2023-11-22T20:53:00.773+0000] {processor.py:157} INFO - Started process (PID=671) to work on /home/airflow/.local/lib/python3.8/site-packages/airflow/example_dags/example_branch_labels.py
[2023-11-22T20:53:00.774+0000] {processor.py:829} INFO - Processing file /home/airflow/.local/lib/python3.8/site-packages/airflow/example_dags/example_branch_labels.py for tasks to queue
[2023-11-22T20:53:00.777+0000] {logging_mixin.py:154} INFO - [2023-11-22T20:53:00.776+0000] {dagbag.py:536} INFO - Filling up the DagBag from /home/airflow/.local/lib/python3.8/site-packages/airflow/example_dags/example_branch_labels.py
[2023-11-22T20:53:00.786+0000] {processor.py:839} INFO - DAG(s) dict_keys(['example_branch_labels']) retrieved from /home/airflow/.local/lib/python3.8/site-packages/airflow/example_dags/example_branch_labels.py
[2023-11-22T20:53:00.808+0000] {logging_mixin.py:154} INFO - [2023-11-22T20:53:00.807+0000] {dag.py:2941} INFO - Sync 1 DAGs
[2023-11-22T20:53:00.831+0000] {logging_mixin.py:154} INFO - [2023-11-22T20:53:00.831+0000] {dag.py:3722} INFO - Setting next_dagrun for example_branch_labels to 2023-11-21T00:00:00+00:00, run_after=2023-11-22T00:00:00+00:00
[2023-11-22T20:53:00.850+0000] {processor.py:179} INFO - Processing /home/airflow/.local/lib/python3.8/site-packages/airflow/example_dags/example_branch_labels.py took 0.081 seconds
[2023-11-22T20:53:31.390+0000] {processor.py:157} INFO - Started process (PID=726) to work on /home/airflow/.local/lib/python3.8/site-packages/airflow/example_dags/example_branch_labels.py
[2023-11-22T20:53:31.392+0000] {processor.py:829} INFO - Processing file /home/airflow/.local/lib/python3.8/site-packages/airflow/example_dags/example_branch_labels.py for tasks to queue
[2023-11-22T20:53:31.394+0000] {logging_mixin.py:154} INFO - [2023-11-22T20:53:31.394+0000] {dagbag.py:536} INFO - Filling up the DagBag from /home/airflow/.local/lib/python3.8/site-packages/airflow/example_dags/example_branch_labels.py
[2023-11-22T20:53:31.404+0000] {processor.py:839} INFO - DAG(s) dict_keys(['example_branch_labels']) retrieved from /home/airflow/.local/lib/python3.8/site-packages/airflow/example_dags/example_branch_labels.py
[2023-11-22T20:53:31.427+0000] {logging_mixin.py:154} INFO - [2023-11-22T20:53:31.427+0000] {dag.py:2941} INFO - Sync 1 DAGs
[2023-11-22T20:53:31.453+0000] {logging_mixin.py:154} INFO - [2023-11-22T20:53:31.453+0000] {dag.py:3722} INFO - Setting next_dagrun for example_branch_labels to 2023-11-21T00:00:00+00:00, run_after=2023-11-22T00:00:00+00:00
[2023-11-22T20:53:31.476+0000] {processor.py:179} INFO - Processing /home/airflow/.local/lib/python3.8/site-packages/airflow/example_dags/example_branch_labels.py took 0.089 seconds
[2023-11-22T20:54:06.893+0000] {processor.py:157} INFO - Started process (PID=781) to work on /home/airflow/.local/lib/python3.8/site-packages/airflow/example_dags/example_branch_labels.py
[2023-11-22T20:54:06.895+0000] {processor.py:829} INFO - Processing file /home/airflow/.local/lib/python3.8/site-packages/airflow/example_dags/example_branch_labels.py for tasks to queue
[2023-11-22T20:54:06.898+0000] {logging_mixin.py:154} INFO - [2023-11-22T20:54:06.898+0000] {dagbag.py:536} INFO - Filling up the DagBag from /home/airflow/.local/lib/python3.8/site-packages/airflow/example_dags/example_branch_labels.py
[2023-11-22T20:54:06.911+0000] {processor.py:839} INFO - DAG(s) dict_keys(['example_branch_labels']) retrieved from /home/airflow/.local/lib/python3.8/site-packages/airflow/example_dags/example_branch_labels.py
[2023-11-22T20:54:06.938+0000] {logging_mixin.py:154} INFO - [2023-11-22T20:54:06.938+0000] {dag.py:2941} INFO - Sync 1 DAGs
[2023-11-22T20:54:06.977+0000] {logging_mixin.py:154} INFO - [2023-11-22T20:54:06.977+0000] {dag.py:3722} INFO - Setting next_dagrun for example_branch_labels to 2023-11-21T00:00:00+00:00, run_after=2023-11-22T00:00:00+00:00
[2023-11-22T20:54:07.003+0000] {processor.py:179} INFO - Processing /home/airflow/.local/lib/python3.8/site-packages/airflow/example_dags/example_branch_labels.py took 0.114 seconds
[2023-11-22T20:54:38.924+0000] {processor.py:157} INFO - Started process (PID=835) to work on /home/airflow/.local/lib/python3.8/site-packages/airflow/example_dags/example_branch_labels.py
[2023-11-22T20:54:38.927+0000] {processor.py:829} INFO - Processing file /home/airflow/.local/lib/python3.8/site-packages/airflow/example_dags/example_branch_labels.py for tasks to queue
[2023-11-22T20:54:38.931+0000] {logging_mixin.py:154} INFO - [2023-11-22T20:54:38.931+0000] {dagbag.py:536} INFO - Filling up the DagBag from /home/airflow/.local/lib/python3.8/site-packages/airflow/example_dags/example_branch_labels.py
[2023-11-22T20:54:38.952+0000] {processor.py:839} INFO - DAG(s) dict_keys(['example_branch_labels']) retrieved from /home/airflow/.local/lib/python3.8/site-packages/airflow/example_dags/example_branch_labels.py
[2023-11-22T20:54:38.989+0000] {logging_mixin.py:154} INFO - [2023-11-22T20:54:38.989+0000] {dag.py:2941} INFO - Sync 1 DAGs
[2023-11-22T20:54:39.027+0000] {logging_mixin.py:154} INFO - [2023-11-22T20:54:39.027+0000] {dag.py:3722} INFO - Setting next_dagrun for example_branch_labels to 2023-11-21T00:00:00+00:00, run_after=2023-11-22T00:00:00+00:00
[2023-11-22T20:54:39.048+0000] {processor.py:179} INFO - Processing /home/airflow/.local/lib/python3.8/site-packages/airflow/example_dags/example_branch_labels.py took 0.141 seconds
[2023-11-22T20:55:09.917+0000] {processor.py:157} INFO - Started process (PID=889) to work on /home/airflow/.local/lib/python3.8/site-packages/airflow/example_dags/example_branch_labels.py
[2023-11-22T20:55:09.918+0000] {processor.py:829} INFO - Processing file /home/airflow/.local/lib/python3.8/site-packages/airflow/example_dags/example_branch_labels.py for tasks to queue
[2023-11-22T20:55:09.921+0000] {logging_mixin.py:154} INFO - [2023-11-22T20:55:09.920+0000] {dagbag.py:536} INFO - Filling up the DagBag from /home/airflow/.local/lib/python3.8/site-packages/airflow/example_dags/example_branch_labels.py
[2023-11-22T20:55:09.930+0000] {processor.py:839} INFO - DAG(s) dict_keys(['example_branch_labels']) retrieved from /home/airflow/.local/lib/python3.8/site-packages/airflow/example_dags/example_branch_labels.py
[2023-11-22T20:55:09.953+0000] {logging_mixin.py:154} INFO - [2023-11-22T20:55:09.953+0000] {dag.py:2941} INFO - Sync 1 DAGs
[2023-11-22T20:55:09.975+0000] {logging_mixin.py:154} INFO - [2023-11-22T20:55:09.975+0000] {dag.py:3722} INFO - Setting next_dagrun for example_branch_labels to 2023-11-21T00:00:00+00:00, run_after=2023-11-22T00:00:00+00:00
[2023-11-22T20:55:09.998+0000] {processor.py:179} INFO - Processing /home/airflow/.local/lib/python3.8/site-packages/airflow/example_dags/example_branch_labels.py took 0.084 seconds
[2023-11-22T20:55:40.955+0000] {processor.py:157} INFO - Started process (PID=943) to work on /home/airflow/.local/lib/python3.8/site-packages/airflow/example_dags/example_branch_labels.py
[2023-11-22T20:55:40.957+0000] {processor.py:829} INFO - Processing file /home/airflow/.local/lib/python3.8/site-packages/airflow/example_dags/example_branch_labels.py for tasks to queue
[2023-11-22T20:55:40.959+0000] {logging_mixin.py:154} INFO - [2023-11-22T20:55:40.959+0000] {dagbag.py:536} INFO - Filling up the DagBag from /home/airflow/.local/lib/python3.8/site-packages/airflow/example_dags/example_branch_labels.py
[2023-11-22T20:55:40.967+0000] {processor.py:839} INFO - DAG(s) dict_keys(['example_branch_labels']) retrieved from /home/airflow/.local/lib/python3.8/site-packages/airflow/example_dags/example_branch_labels.py
[2023-11-22T20:55:41.004+0000] {logging_mixin.py:154} INFO - [2023-11-22T20:55:41.004+0000] {dag.py:2941} INFO - Sync 1 DAGs
[2023-11-22T20:55:41.029+0000] {logging_mixin.py:154} INFO - [2023-11-22T20:55:41.028+0000] {dag.py:3722} INFO - Setting next_dagrun for example_branch_labels to 2023-11-21T00:00:00+00:00, run_after=2023-11-22T00:00:00+00:00
[2023-11-22T20:55:41.048+0000] {processor.py:179} INFO - Processing /home/airflow/.local/lib/python3.8/site-packages/airflow/example_dags/example_branch_labels.py took 0.096 seconds
[2023-11-22T20:56:11.499+0000] {processor.py:157} INFO - Started process (PID=998) to work on /home/airflow/.local/lib/python3.8/site-packages/airflow/example_dags/example_branch_labels.py
[2023-11-22T20:56:11.500+0000] {processor.py:829} INFO - Processing file /home/airflow/.local/lib/python3.8/site-packages/airflow/example_dags/example_branch_labels.py for tasks to queue
[2023-11-22T20:56:11.502+0000] {logging_mixin.py:154} INFO - [2023-11-22T20:56:11.502+0000] {dagbag.py:536} INFO - Filling up the DagBag from /home/airflow/.local/lib/python3.8/site-packages/airflow/example_dags/example_branch_labels.py
[2023-11-22T20:56:11.510+0000] {processor.py:839} INFO - DAG(s) dict_keys(['example_branch_labels']) retrieved from /home/airflow/.local/lib/python3.8/site-packages/airflow/example_dags/example_branch_labels.py
[2023-11-22T20:56:11.532+0000] {logging_mixin.py:154} INFO - [2023-11-22T20:56:11.532+0000] {dag.py:2941} INFO - Sync 1 DAGs
[2023-11-22T20:56:11.555+0000] {logging_mixin.py:154} INFO - [2023-11-22T20:56:11.555+0000] {dag.py:3722} INFO - Setting next_dagrun for example_branch_labels to 2023-11-21T00:00:00+00:00, run_after=2023-11-22T00:00:00+00:00
[2023-11-22T20:56:11.575+0000] {processor.py:179} INFO - Processing /home/airflow/.local/lib/python3.8/site-packages/airflow/example_dags/example_branch_labels.py took 0.079 seconds
[2023-11-22T20:56:42.192+0000] {processor.py:157} INFO - Started process (PID=1052) to work on /home/airflow/.local/lib/python3.8/site-packages/airflow/example_dags/example_branch_labels.py
[2023-11-22T20:56:42.193+0000] {processor.py:829} INFO - Processing file /home/airflow/.local/lib/python3.8/site-packages/airflow/example_dags/example_branch_labels.py for tasks to queue
[2023-11-22T20:56:42.196+0000] {logging_mixin.py:154} INFO - [2023-11-22T20:56:42.196+0000] {dagbag.py:536} INFO - Filling up the DagBag from /home/airflow/.local/lib/python3.8/site-packages/airflow/example_dags/example_branch_labels.py
[2023-11-22T20:56:42.209+0000] {processor.py:839} INFO - DAG(s) dict_keys(['example_branch_labels']) retrieved from /home/airflow/.local/lib/python3.8/site-packages/airflow/example_dags/example_branch_labels.py
[2023-11-22T20:56:42.231+0000] {logging_mixin.py:154} INFO - [2023-11-22T20:56:42.230+0000] {dag.py:2941} INFO - Sync 1 DAGs
[2023-11-22T20:56:42.255+0000] {logging_mixin.py:154} INFO - [2023-11-22T20:56:42.254+0000] {dag.py:3722} INFO - Setting next_dagrun for example_branch_labels to 2023-11-21T00:00:00+00:00, run_after=2023-11-22T00:00:00+00:00
[2023-11-22T20:56:42.277+0000] {processor.py:179} INFO - Processing /home/airflow/.local/lib/python3.8/site-packages/airflow/example_dags/example_branch_labels.py took 0.091 seconds
[2023-11-22T20:57:12.394+0000] {processor.py:157} INFO - Started process (PID=1105) to work on /home/airflow/.local/lib/python3.8/site-packages/airflow/example_dags/example_branch_labels.py
[2023-11-22T20:57:12.396+0000] {processor.py:829} INFO - Processing file /home/airflow/.local/lib/python3.8/site-packages/airflow/example_dags/example_branch_labels.py for tasks to queue
[2023-11-22T20:57:12.398+0000] {logging_mixin.py:154} INFO - [2023-11-22T20:57:12.398+0000] {dagbag.py:536} INFO - Filling up the DagBag from /home/airflow/.local/lib/python3.8/site-packages/airflow/example_dags/example_branch_labels.py
[2023-11-22T20:57:12.407+0000] {processor.py:839} INFO - DAG(s) dict_keys(['example_branch_labels']) retrieved from /home/airflow/.local/lib/python3.8/site-packages/airflow/example_dags/example_branch_labels.py
[2023-11-22T20:57:12.429+0000] {logging_mixin.py:154} INFO - [2023-11-22T20:57:12.429+0000] {dag.py:2941} INFO - Sync 1 DAGs
[2023-11-22T20:57:12.456+0000] {logging_mixin.py:154} INFO - [2023-11-22T20:57:12.456+0000] {dag.py:3722} INFO - Setting next_dagrun for example_branch_labels to 2023-11-21T00:00:00+00:00, run_after=2023-11-22T00:00:00+00:00
[2023-11-22T20:57:12.478+0000] {processor.py:179} INFO - Processing /home/airflow/.local/lib/python3.8/site-packages/airflow/example_dags/example_branch_labels.py took 0.086 seconds
[2023-11-22T20:57:42.709+0000] {processor.py:157} INFO - Started process (PID=1159) to work on /home/airflow/.local/lib/python3.8/site-packages/airflow/example_dags/example_branch_labels.py
[2023-11-22T20:57:42.710+0000] {processor.py:829} INFO - Processing file /home/airflow/.local/lib/python3.8/site-packages/airflow/example_dags/example_branch_labels.py for tasks to queue
[2023-11-22T20:57:42.713+0000] {logging_mixin.py:154} INFO - [2023-11-22T20:57:42.712+0000] {dagbag.py:536} INFO - Filling up the DagBag from /home/airflow/.local/lib/python3.8/site-packages/airflow/example_dags/example_branch_labels.py
[2023-11-22T20:57:42.721+0000] {processor.py:839} INFO - DAG(s) dict_keys(['example_branch_labels']) retrieved from /home/airflow/.local/lib/python3.8/site-packages/airflow/example_dags/example_branch_labels.py
[2023-11-22T20:57:42.741+0000] {logging_mixin.py:154} INFO - [2023-11-22T20:57:42.741+0000] {dag.py:2941} INFO - Sync 1 DAGs
[2023-11-22T20:57:42.765+0000] {logging_mixin.py:154} INFO - [2023-11-22T20:57:42.765+0000] {dag.py:3722} INFO - Setting next_dagrun for example_branch_labels to 2023-11-21T00:00:00+00:00, run_after=2023-11-22T00:00:00+00:00
[2023-11-22T20:57:42.812+0000] {processor.py:179} INFO - Processing /home/airflow/.local/lib/python3.8/site-packages/airflow/example_dags/example_branch_labels.py took 0.106 seconds
[2023-11-22T20:58:13.383+0000] {processor.py:157} INFO - Started process (PID=1213) to work on /home/airflow/.local/lib/python3.8/site-packages/airflow/example_dags/example_branch_labels.py
[2023-11-22T20:58:13.384+0000] {processor.py:829} INFO - Processing file /home/airflow/.local/lib/python3.8/site-packages/airflow/example_dags/example_branch_labels.py for tasks to queue
[2023-11-22T20:58:13.387+0000] {logging_mixin.py:154} INFO - [2023-11-22T20:58:13.387+0000] {dagbag.py:536} INFO - Filling up the DagBag from /home/airflow/.local/lib/python3.8/site-packages/airflow/example_dags/example_branch_labels.py
[2023-11-22T20:58:13.407+0000] {processor.py:839} INFO - DAG(s) dict_keys(['example_branch_labels']) retrieved from /home/airflow/.local/lib/python3.8/site-packages/airflow/example_dags/example_branch_labels.py
[2023-11-22T20:58:13.433+0000] {logging_mixin.py:154} INFO - [2023-11-22T20:58:13.433+0000] {dag.py:2941} INFO - Sync 1 DAGs
[2023-11-22T20:58:13.460+0000] {logging_mixin.py:154} INFO - [2023-11-22T20:58:13.460+0000] {dag.py:3722} INFO - Setting next_dagrun for example_branch_labels to 2023-11-21T00:00:00+00:00, run_after=2023-11-22T00:00:00+00:00
[2023-11-22T20:58:13.638+0000] {processor.py:179} INFO - Processing /home/airflow/.local/lib/python3.8/site-packages/airflow/example_dags/example_branch_labels.py took 0.258 seconds
[2023-11-22T20:58:44.369+0000] {processor.py:157} INFO - Started process (PID=1267) to work on /home/airflow/.local/lib/python3.8/site-packages/airflow/example_dags/example_branch_labels.py
[2023-11-22T20:58:44.370+0000] {processor.py:829} INFO - Processing file /home/airflow/.local/lib/python3.8/site-packages/airflow/example_dags/example_branch_labels.py for tasks to queue
[2023-11-22T20:58:44.373+0000] {logging_mixin.py:154} INFO - [2023-11-22T20:58:44.373+0000] {dagbag.py:536} INFO - Filling up the DagBag from /home/airflow/.local/lib/python3.8/site-packages/airflow/example_dags/example_branch_labels.py
[2023-11-22T20:58:44.381+0000] {processor.py:839} INFO - DAG(s) dict_keys(['example_branch_labels']) retrieved from /home/airflow/.local/lib/python3.8/site-packages/airflow/example_dags/example_branch_labels.py
[2023-11-22T20:58:44.408+0000] {logging_mixin.py:154} INFO - [2023-11-22T20:58:44.407+0000] {dag.py:2941} INFO - Sync 1 DAGs
[2023-11-22T20:58:44.430+0000] {logging_mixin.py:154} INFO - [2023-11-22T20:58:44.430+0000] {dag.py:3722} INFO - Setting next_dagrun for example_branch_labels to 2023-11-21T00:00:00+00:00, run_after=2023-11-22T00:00:00+00:00
[2023-11-22T20:58:44.449+0000] {processor.py:179} INFO - Processing /home/airflow/.local/lib/python3.8/site-packages/airflow/example_dags/example_branch_labels.py took 0.083 seconds
[2023-11-22T20:59:15.185+0000] {processor.py:157} INFO - Started process (PID=1321) to work on /home/airflow/.local/lib/python3.8/site-packages/airflow/example_dags/example_branch_labels.py
[2023-11-22T20:59:15.186+0000] {processor.py:829} INFO - Processing file /home/airflow/.local/lib/python3.8/site-packages/airflow/example_dags/example_branch_labels.py for tasks to queue
[2023-11-22T20:59:15.189+0000] {logging_mixin.py:154} INFO - [2023-11-22T20:59:15.188+0000] {dagbag.py:536} INFO - Filling up the DagBag from /home/airflow/.local/lib/python3.8/site-packages/airflow/example_dags/example_branch_labels.py
[2023-11-22T20:59:15.197+0000] {processor.py:839} INFO - DAG(s) dict_keys(['example_branch_labels']) retrieved from /home/airflow/.local/lib/python3.8/site-packages/airflow/example_dags/example_branch_labels.py
[2023-11-22T20:59:15.218+0000] {logging_mixin.py:154} INFO - [2023-11-22T20:59:15.218+0000] {dag.py:2941} INFO - Sync 1 DAGs
[2023-11-22T20:59:15.241+0000] {logging_mixin.py:154} INFO - [2023-11-22T20:59:15.240+0000] {dag.py:3722} INFO - Setting next_dagrun for example_branch_labels to 2023-11-21T00:00:00+00:00, run_after=2023-11-22T00:00:00+00:00
[2023-11-22T20:59:15.261+0000] {processor.py:179} INFO - Processing /home/airflow/.local/lib/python3.8/site-packages/airflow/example_dags/example_branch_labels.py took 0.079 seconds
[2023-11-22T20:59:46.241+0000] {processor.py:157} INFO - Started process (PID=1375) to work on /home/airflow/.local/lib/python3.8/site-packages/airflow/example_dags/example_branch_labels.py
[2023-11-22T20:59:46.243+0000] {processor.py:829} INFO - Processing file /home/airflow/.local/lib/python3.8/site-packages/airflow/example_dags/example_branch_labels.py for tasks to queue
[2023-11-22T20:59:46.245+0000] {logging_mixin.py:154} INFO - [2023-11-22T20:59:46.245+0000] {dagbag.py:536} INFO - Filling up the DagBag from /home/airflow/.local/lib/python3.8/site-packages/airflow/example_dags/example_branch_labels.py
[2023-11-22T20:59:46.254+0000] {processor.py:839} INFO - DAG(s) dict_keys(['example_branch_labels']) retrieved from /home/airflow/.local/lib/python3.8/site-packages/airflow/example_dags/example_branch_labels.py
[2023-11-22T20:59:46.276+0000] {logging_mixin.py:154} INFO - [2023-11-22T20:59:46.276+0000] {dag.py:2941} INFO - Sync 1 DAGs
[2023-11-22T20:59:46.471+0000] {logging_mixin.py:154} INFO - [2023-11-22T20:59:46.471+0000] {dag.py:3722} INFO - Setting next_dagrun for example_branch_labels to 2023-11-21T00:00:00+00:00, run_after=2023-11-22T00:00:00+00:00
[2023-11-22T20:59:46.511+0000] {processor.py:179} INFO - Processing /home/airflow/.local/lib/python3.8/site-packages/airflow/example_dags/example_branch_labels.py took 0.273 seconds
[2023-11-22T21:00:16.900+0000] {processor.py:157} INFO - Started process (PID=1429) to work on /home/airflow/.local/lib/python3.8/site-packages/airflow/example_dags/example_branch_labels.py
[2023-11-22T21:00:16.902+0000] {processor.py:829} INFO - Processing file /home/airflow/.local/lib/python3.8/site-packages/airflow/example_dags/example_branch_labels.py for tasks to queue
[2023-11-22T21:00:16.904+0000] {logging_mixin.py:154} INFO - [2023-11-22T21:00:16.904+0000] {dagbag.py:536} INFO - Filling up the DagBag from /home/airflow/.local/lib/python3.8/site-packages/airflow/example_dags/example_branch_labels.py
[2023-11-22T21:00:16.914+0000] {processor.py:839} INFO - DAG(s) dict_keys(['example_branch_labels']) retrieved from /home/airflow/.local/lib/python3.8/site-packages/airflow/example_dags/example_branch_labels.py
[2023-11-22T21:00:16.936+0000] {logging_mixin.py:154} INFO - [2023-11-22T21:00:16.936+0000] {dag.py:2941} INFO - Sync 1 DAGs
[2023-11-22T21:00:16.959+0000] {logging_mixin.py:154} INFO - [2023-11-22T21:00:16.959+0000] {dag.py:3722} INFO - Setting next_dagrun for example_branch_labels to 2023-11-21T00:00:00+00:00, run_after=2023-11-22T00:00:00+00:00
[2023-11-22T21:00:16.978+0000] {processor.py:179} INFO - Processing /home/airflow/.local/lib/python3.8/site-packages/airflow/example_dags/example_branch_labels.py took 0.082 seconds
[2023-11-22T21:00:47.625+0000] {processor.py:157} INFO - Started process (PID=1483) to work on /home/airflow/.local/lib/python3.8/site-packages/airflow/example_dags/example_branch_labels.py
[2023-11-22T21:00:47.627+0000] {processor.py:829} INFO - Processing file /home/airflow/.local/lib/python3.8/site-packages/airflow/example_dags/example_branch_labels.py for tasks to queue
[2023-11-22T21:00:47.630+0000] {logging_mixin.py:154} INFO - [2023-11-22T21:00:47.630+0000] {dagbag.py:536} INFO - Filling up the DagBag from /home/airflow/.local/lib/python3.8/site-packages/airflow/example_dags/example_branch_labels.py
[2023-11-22T21:00:47.639+0000] {processor.py:839} INFO - DAG(s) dict_keys(['example_branch_labels']) retrieved from /home/airflow/.local/lib/python3.8/site-packages/airflow/example_dags/example_branch_labels.py
[2023-11-22T21:00:47.663+0000] {logging_mixin.py:154} INFO - [2023-11-22T21:00:47.663+0000] {dag.py:2941} INFO - Sync 1 DAGs
[2023-11-22T21:00:47.696+0000] {logging_mixin.py:154} INFO - [2023-11-22T21:00:47.696+0000] {dag.py:3722} INFO - Setting next_dagrun for example_branch_labels to 2023-11-21T00:00:00+00:00, run_after=2023-11-22T00:00:00+00:00
[2023-11-22T21:00:47.722+0000] {processor.py:179} INFO - Processing /home/airflow/.local/lib/python3.8/site-packages/airflow/example_dags/example_branch_labels.py took 0.100 seconds
[2023-11-22T21:01:18.505+0000] {processor.py:157} INFO - Started process (PID=1537) to work on /home/airflow/.local/lib/python3.8/site-packages/airflow/example_dags/example_branch_labels.py
[2023-11-22T21:01:18.506+0000] {processor.py:829} INFO - Processing file /home/airflow/.local/lib/python3.8/site-packages/airflow/example_dags/example_branch_labels.py for tasks to queue
[2023-11-22T21:01:18.508+0000] {logging_mixin.py:154} INFO - [2023-11-22T21:01:18.508+0000] {dagbag.py:536} INFO - Filling up the DagBag from /home/airflow/.local/lib/python3.8/site-packages/airflow/example_dags/example_branch_labels.py
[2023-11-22T21:01:18.516+0000] {processor.py:839} INFO - DAG(s) dict_keys(['example_branch_labels']) retrieved from /home/airflow/.local/lib/python3.8/site-packages/airflow/example_dags/example_branch_labels.py
[2023-11-22T21:01:18.539+0000] {logging_mixin.py:154} INFO - [2023-11-22T21:01:18.539+0000] {dag.py:2941} INFO - Sync 1 DAGs
[2023-11-22T21:01:18.723+0000] {logging_mixin.py:154} INFO - [2023-11-22T21:01:18.723+0000] {dag.py:3722} INFO - Setting next_dagrun for example_branch_labels to 2023-11-21T00:00:00+00:00, run_after=2023-11-22T00:00:00+00:00
[2023-11-22T21:01:18.745+0000] {processor.py:179} INFO - Processing /home/airflow/.local/lib/python3.8/site-packages/airflow/example_dags/example_branch_labels.py took 0.243 seconds
[2023-11-22T21:01:48.816+0000] {processor.py:157} INFO - Started process (PID=1591) to work on /home/airflow/.local/lib/python3.8/site-packages/airflow/example_dags/example_branch_labels.py
[2023-11-22T21:01:48.818+0000] {processor.py:829} INFO - Processing file /home/airflow/.local/lib/python3.8/site-packages/airflow/example_dags/example_branch_labels.py for tasks to queue
[2023-11-22T21:01:48.820+0000] {logging_mixin.py:154} INFO - [2023-11-22T21:01:48.820+0000] {dagbag.py:536} INFO - Filling up the DagBag from /home/airflow/.local/lib/python3.8/site-packages/airflow/example_dags/example_branch_labels.py
[2023-11-22T21:01:48.830+0000] {processor.py:839} INFO - DAG(s) dict_keys(['example_branch_labels']) retrieved from /home/airflow/.local/lib/python3.8/site-packages/airflow/example_dags/example_branch_labels.py
[2023-11-22T21:01:48.853+0000] {logging_mixin.py:154} INFO - [2023-11-22T21:01:48.853+0000] {dag.py:2941} INFO - Sync 1 DAGs
[2023-11-22T21:01:48.878+0000] {logging_mixin.py:154} INFO - [2023-11-22T21:01:48.878+0000] {dag.py:3722} INFO - Setting next_dagrun for example_branch_labels to 2023-11-21T00:00:00+00:00, run_after=2023-11-22T00:00:00+00:00
[2023-11-22T21:01:49.075+0000] {processor.py:179} INFO - Processing /home/airflow/.local/lib/python3.8/site-packages/airflow/example_dags/example_branch_labels.py took 0.261 seconds
[2023-11-22T21:02:19.172+0000] {processor.py:157} INFO - Started process (PID=1646) to work on /home/airflow/.local/lib/python3.8/site-packages/airflow/example_dags/example_branch_labels.py
[2023-11-22T21:02:19.173+0000] {processor.py:829} INFO - Processing file /home/airflow/.local/lib/python3.8/site-packages/airflow/example_dags/example_branch_labels.py for tasks to queue
[2023-11-22T21:02:19.175+0000] {logging_mixin.py:154} INFO - [2023-11-22T21:02:19.175+0000] {dagbag.py:536} INFO - Filling up the DagBag from /home/airflow/.local/lib/python3.8/site-packages/airflow/example_dags/example_branch_labels.py
[2023-11-22T21:02:19.184+0000] {processor.py:839} INFO - DAG(s) dict_keys(['example_branch_labels']) retrieved from /home/airflow/.local/lib/python3.8/site-packages/airflow/example_dags/example_branch_labels.py
[2023-11-22T21:02:19.204+0000] {logging_mixin.py:154} INFO - [2023-11-22T21:02:19.204+0000] {dag.py:2941} INFO - Sync 1 DAGs
[2023-11-22T21:02:19.228+0000] {logging_mixin.py:154} INFO - [2023-11-22T21:02:19.228+0000] {dag.py:3722} INFO - Setting next_dagrun for example_branch_labels to 2023-11-21T00:00:00+00:00, run_after=2023-11-22T00:00:00+00:00
[2023-11-22T21:02:19.251+0000] {processor.py:179} INFO - Processing /home/airflow/.local/lib/python3.8/site-packages/airflow/example_dags/example_branch_labels.py took 0.083 seconds
[2023-11-22T21:02:50.060+0000] {processor.py:157} INFO - Started process (PID=1701) to work on /home/airflow/.local/lib/python3.8/site-packages/airflow/example_dags/example_branch_labels.py
[2023-11-22T21:02:50.061+0000] {processor.py:829} INFO - Processing file /home/airflow/.local/lib/python3.8/site-packages/airflow/example_dags/example_branch_labels.py for tasks to queue
[2023-11-22T21:02:50.064+0000] {logging_mixin.py:154} INFO - [2023-11-22T21:02:50.064+0000] {dagbag.py:536} INFO - Filling up the DagBag from /home/airflow/.local/lib/python3.8/site-packages/airflow/example_dags/example_branch_labels.py
[2023-11-22T21:02:50.075+0000] {processor.py:839} INFO - DAG(s) dict_keys(['example_branch_labels']) retrieved from /home/airflow/.local/lib/python3.8/site-packages/airflow/example_dags/example_branch_labels.py
[2023-11-22T21:02:50.098+0000] {logging_mixin.py:154} INFO - [2023-11-22T21:02:50.097+0000] {dag.py:2941} INFO - Sync 1 DAGs
[2023-11-22T21:02:50.254+0000] {logging_mixin.py:154} INFO - [2023-11-22T21:02:50.253+0000] {dag.py:3722} INFO - Setting next_dagrun for example_branch_labels to 2023-11-21T00:00:00+00:00, run_after=2023-11-22T00:00:00+00:00
[2023-11-22T21:02:50.276+0000] {processor.py:179} INFO - Processing /home/airflow/.local/lib/python3.8/site-packages/airflow/example_dags/example_branch_labels.py took 0.220 seconds
[2023-11-22T21:03:20.729+0000] {processor.py:157} INFO - Started process (PID=1762) to work on /home/airflow/.local/lib/python3.8/site-packages/airflow/example_dags/example_branch_labels.py
[2023-11-22T21:03:20.730+0000] {processor.py:829} INFO - Processing file /home/airflow/.local/lib/python3.8/site-packages/airflow/example_dags/example_branch_labels.py for tasks to queue
[2023-11-22T21:03:20.736+0000] {logging_mixin.py:154} INFO - [2023-11-22T21:03:20.735+0000] {dagbag.py:536} INFO - Filling up the DagBag from /home/airflow/.local/lib/python3.8/site-packages/airflow/example_dags/example_branch_labels.py
[2023-11-22T21:03:20.749+0000] {processor.py:839} INFO - DAG(s) dict_keys(['example_branch_labels']) retrieved from /home/airflow/.local/lib/python3.8/site-packages/airflow/example_dags/example_branch_labels.py
[2023-11-22T21:03:20.770+0000] {logging_mixin.py:154} INFO - [2023-11-22T21:03:20.770+0000] {dag.py:2941} INFO - Sync 1 DAGs
[2023-11-22T21:03:20.799+0000] {logging_mixin.py:154} INFO - [2023-11-22T21:03:20.798+0000] {dag.py:3722} INFO - Setting next_dagrun for example_branch_labels to 2023-11-21T00:00:00+00:00, run_after=2023-11-22T00:00:00+00:00
[2023-11-22T21:03:20.820+0000] {processor.py:179} INFO - Processing /home/airflow/.local/lib/python3.8/site-packages/airflow/example_dags/example_branch_labels.py took 0.094 seconds
[2023-11-22T21:03:50.858+0000] {processor.py:157} INFO - Started process (PID=1816) to work on /home/airflow/.local/lib/python3.8/site-packages/airflow/example_dags/example_branch_labels.py
[2023-11-22T21:03:50.860+0000] {processor.py:829} INFO - Processing file /home/airflow/.local/lib/python3.8/site-packages/airflow/example_dags/example_branch_labels.py for tasks to queue
[2023-11-22T21:03:50.862+0000] {logging_mixin.py:154} INFO - [2023-11-22T21:03:50.862+0000] {dagbag.py:536} INFO - Filling up the DagBag from /home/airflow/.local/lib/python3.8/site-packages/airflow/example_dags/example_branch_labels.py
[2023-11-22T21:03:50.872+0000] {processor.py:839} INFO - DAG(s) dict_keys(['example_branch_labels']) retrieved from /home/airflow/.local/lib/python3.8/site-packages/airflow/example_dags/example_branch_labels.py
[2023-11-22T21:03:50.894+0000] {logging_mixin.py:154} INFO - [2023-11-22T21:03:50.894+0000] {dag.py:2941} INFO - Sync 1 DAGs
[2023-11-22T21:03:50.918+0000] {logging_mixin.py:154} INFO - [2023-11-22T21:03:50.918+0000] {dag.py:3722} INFO - Setting next_dagrun for example_branch_labels to 2023-11-21T00:00:00+00:00, run_after=2023-11-22T00:00:00+00:00
[2023-11-22T21:03:50.940+0000] {processor.py:179} INFO - Processing /home/airflow/.local/lib/python3.8/site-packages/airflow/example_dags/example_branch_labels.py took 0.085 seconds
[2023-11-22T21:04:21.090+0000] {processor.py:157} INFO - Started process (PID=1870) to work on /home/airflow/.local/lib/python3.8/site-packages/airflow/example_dags/example_branch_labels.py
[2023-11-22T21:04:21.091+0000] {processor.py:829} INFO - Processing file /home/airflow/.local/lib/python3.8/site-packages/airflow/example_dags/example_branch_labels.py for tasks to queue
[2023-11-22T21:04:21.094+0000] {logging_mixin.py:154} INFO - [2023-11-22T21:04:21.094+0000] {dagbag.py:536} INFO - Filling up the DagBag from /home/airflow/.local/lib/python3.8/site-packages/airflow/example_dags/example_branch_labels.py
[2023-11-22T21:04:21.104+0000] {processor.py:839} INFO - DAG(s) dict_keys(['example_branch_labels']) retrieved from /home/airflow/.local/lib/python3.8/site-packages/airflow/example_dags/example_branch_labels.py
[2023-11-22T21:04:21.126+0000] {logging_mixin.py:154} INFO - [2023-11-22T21:04:21.126+0000] {dag.py:2941} INFO - Sync 1 DAGs
[2023-11-22T21:04:21.149+0000] {logging_mixin.py:154} INFO - [2023-11-22T21:04:21.148+0000] {dag.py:3722} INFO - Setting next_dagrun for example_branch_labels to 2023-11-21T00:00:00+00:00, run_after=2023-11-22T00:00:00+00:00
[2023-11-22T21:04:21.169+0000] {processor.py:179} INFO - Processing /home/airflow/.local/lib/python3.8/site-packages/airflow/example_dags/example_branch_labels.py took 0.082 seconds
[2023-11-22T21:04:51.274+0000] {processor.py:157} INFO - Started process (PID=1924) to work on /home/airflow/.local/lib/python3.8/site-packages/airflow/example_dags/example_branch_labels.py
[2023-11-22T21:04:51.276+0000] {processor.py:829} INFO - Processing file /home/airflow/.local/lib/python3.8/site-packages/airflow/example_dags/example_branch_labels.py for tasks to queue
[2023-11-22T21:04:51.279+0000] {logging_mixin.py:154} INFO - [2023-11-22T21:04:51.279+0000] {dagbag.py:536} INFO - Filling up the DagBag from /home/airflow/.local/lib/python3.8/site-packages/airflow/example_dags/example_branch_labels.py
[2023-11-22T21:04:51.290+0000] {processor.py:839} INFO - DAG(s) dict_keys(['example_branch_labels']) retrieved from /home/airflow/.local/lib/python3.8/site-packages/airflow/example_dags/example_branch_labels.py
[2023-11-22T21:04:51.311+0000] {logging_mixin.py:154} INFO - [2023-11-22T21:04:51.311+0000] {dag.py:2941} INFO - Sync 1 DAGs
[2023-11-22T21:04:51.335+0000] {logging_mixin.py:154} INFO - [2023-11-22T21:04:51.335+0000] {dag.py:3722} INFO - Setting next_dagrun for example_branch_labels to 2023-11-21T00:00:00+00:00, run_after=2023-11-22T00:00:00+00:00
[2023-11-22T21:04:51.356+0000] {processor.py:179} INFO - Processing /home/airflow/.local/lib/python3.8/site-packages/airflow/example_dags/example_branch_labels.py took 0.086 seconds
[2023-11-22T21:05:21.451+0000] {processor.py:157} INFO - Started process (PID=1978) to work on /home/airflow/.local/lib/python3.8/site-packages/airflow/example_dags/example_branch_labels.py
[2023-11-22T21:05:21.452+0000] {processor.py:829} INFO - Processing file /home/airflow/.local/lib/python3.8/site-packages/airflow/example_dags/example_branch_labels.py for tasks to queue
[2023-11-22T21:05:21.455+0000] {logging_mixin.py:154} INFO - [2023-11-22T21:05:21.455+0000] {dagbag.py:536} INFO - Filling up the DagBag from /home/airflow/.local/lib/python3.8/site-packages/airflow/example_dags/example_branch_labels.py
[2023-11-22T21:05:21.464+0000] {processor.py:839} INFO - DAG(s) dict_keys(['example_branch_labels']) retrieved from /home/airflow/.local/lib/python3.8/site-packages/airflow/example_dags/example_branch_labels.py
[2023-11-22T21:05:21.486+0000] {logging_mixin.py:154} INFO - [2023-11-22T21:05:21.486+0000] {dag.py:2941} INFO - Sync 1 DAGs
[2023-11-22T21:05:21.509+0000] {logging_mixin.py:154} INFO - [2023-11-22T21:05:21.509+0000] {dag.py:3722} INFO - Setting next_dagrun for example_branch_labels to 2023-11-21T00:00:00+00:00, run_after=2023-11-22T00:00:00+00:00
[2023-11-22T21:05:21.530+0000] {processor.py:179} INFO - Processing /home/airflow/.local/lib/python3.8/site-packages/airflow/example_dags/example_branch_labels.py took 0.083 seconds
[2023-11-22T21:05:51.812+0000] {processor.py:157} INFO - Started process (PID=2031) to work on /home/airflow/.local/lib/python3.8/site-packages/airflow/example_dags/example_branch_labels.py
[2023-11-22T21:05:51.814+0000] {processor.py:829} INFO - Processing file /home/airflow/.local/lib/python3.8/site-packages/airflow/example_dags/example_branch_labels.py for tasks to queue
[2023-11-22T21:05:51.816+0000] {logging_mixin.py:154} INFO - [2023-11-22T21:05:51.816+0000] {dagbag.py:536} INFO - Filling up the DagBag from /home/airflow/.local/lib/python3.8/site-packages/airflow/example_dags/example_branch_labels.py
[2023-11-22T21:05:51.825+0000] {processor.py:839} INFO - DAG(s) dict_keys(['example_branch_labels']) retrieved from /home/airflow/.local/lib/python3.8/site-packages/airflow/example_dags/example_branch_labels.py
[2023-11-22T21:05:51.847+0000] {logging_mixin.py:154} INFO - [2023-11-22T21:05:51.847+0000] {dag.py:2941} INFO - Sync 1 DAGs
[2023-11-22T21:05:51.874+0000] {logging_mixin.py:154} INFO - [2023-11-22T21:05:51.874+0000] {dag.py:3722} INFO - Setting next_dagrun for example_branch_labels to 2023-11-21T00:00:00+00:00, run_after=2023-11-22T00:00:00+00:00
[2023-11-22T21:05:51.899+0000] {processor.py:179} INFO - Processing /home/airflow/.local/lib/python3.8/site-packages/airflow/example_dags/example_branch_labels.py took 0.090 seconds
[2023-11-22T21:06:22.455+0000] {processor.py:157} INFO - Started process (PID=2086) to work on /home/airflow/.local/lib/python3.8/site-packages/airflow/example_dags/example_branch_labels.py
[2023-11-22T21:06:22.456+0000] {processor.py:829} INFO - Processing file /home/airflow/.local/lib/python3.8/site-packages/airflow/example_dags/example_branch_labels.py for tasks to queue
[2023-11-22T21:06:22.459+0000] {logging_mixin.py:154} INFO - [2023-11-22T21:06:22.459+0000] {dagbag.py:536} INFO - Filling up the DagBag from /home/airflow/.local/lib/python3.8/site-packages/airflow/example_dags/example_branch_labels.py
[2023-11-22T21:06:22.467+0000] {processor.py:839} INFO - DAG(s) dict_keys(['example_branch_labels']) retrieved from /home/airflow/.local/lib/python3.8/site-packages/airflow/example_dags/example_branch_labels.py
[2023-11-22T21:06:22.489+0000] {logging_mixin.py:154} INFO - [2023-11-22T21:06:22.489+0000] {dag.py:2941} INFO - Sync 1 DAGs
[2023-11-22T21:06:22.516+0000] {logging_mixin.py:154} INFO - [2023-11-22T21:06:22.516+0000] {dag.py:3722} INFO - Setting next_dagrun for example_branch_labels to 2023-11-21T00:00:00+00:00, run_after=2023-11-22T00:00:00+00:00
[2023-11-22T21:06:22.536+0000] {processor.py:179} INFO - Processing /home/airflow/.local/lib/python3.8/site-packages/airflow/example_dags/example_branch_labels.py took 0.085 seconds
[2023-11-22T21:06:52.619+0000] {processor.py:157} INFO - Started process (PID=2139) to work on /home/airflow/.local/lib/python3.8/site-packages/airflow/example_dags/example_branch_labels.py
[2023-11-22T21:06:52.621+0000] {processor.py:829} INFO - Processing file /home/airflow/.local/lib/python3.8/site-packages/airflow/example_dags/example_branch_labels.py for tasks to queue
[2023-11-22T21:06:52.624+0000] {logging_mixin.py:154} INFO - [2023-11-22T21:06:52.623+0000] {dagbag.py:536} INFO - Filling up the DagBag from /home/airflow/.local/lib/python3.8/site-packages/airflow/example_dags/example_branch_labels.py
[2023-11-22T21:06:52.633+0000] {processor.py:839} INFO - DAG(s) dict_keys(['example_branch_labels']) retrieved from /home/airflow/.local/lib/python3.8/site-packages/airflow/example_dags/example_branch_labels.py
[2023-11-22T21:06:52.655+0000] {logging_mixin.py:154} INFO - [2023-11-22T21:06:52.655+0000] {dag.py:2941} INFO - Sync 1 DAGs
[2023-11-22T21:06:52.681+0000] {logging_mixin.py:154} INFO - [2023-11-22T21:06:52.681+0000] {dag.py:3722} INFO - Setting next_dagrun for example_branch_labels to 2023-11-21T00:00:00+00:00, run_after=2023-11-22T00:00:00+00:00
[2023-11-22T21:06:52.704+0000] {processor.py:179} INFO - Processing /home/airflow/.local/lib/python3.8/site-packages/airflow/example_dags/example_branch_labels.py took 0.088 seconds
[2023-11-22T21:07:22.821+0000] {processor.py:157} INFO - Started process (PID=2193) to work on /home/airflow/.local/lib/python3.8/site-packages/airflow/example_dags/example_branch_labels.py
[2023-11-22T21:07:22.822+0000] {processor.py:829} INFO - Processing file /home/airflow/.local/lib/python3.8/site-packages/airflow/example_dags/example_branch_labels.py for tasks to queue
[2023-11-22T21:07:22.825+0000] {logging_mixin.py:154} INFO - [2023-11-22T21:07:22.825+0000] {dagbag.py:536} INFO - Filling up the DagBag from /home/airflow/.local/lib/python3.8/site-packages/airflow/example_dags/example_branch_labels.py
[2023-11-22T21:07:22.833+0000] {processor.py:839} INFO - DAG(s) dict_keys(['example_branch_labels']) retrieved from /home/airflow/.local/lib/python3.8/site-packages/airflow/example_dags/example_branch_labels.py
[2023-11-22T21:07:22.868+0000] {logging_mixin.py:154} INFO - [2023-11-22T21:07:22.868+0000] {dag.py:2941} INFO - Sync 1 DAGs
[2023-11-22T21:07:22.894+0000] {logging_mixin.py:154} INFO - [2023-11-22T21:07:22.894+0000] {dag.py:3722} INFO - Setting next_dagrun for example_branch_labels to 2023-11-21T00:00:00+00:00, run_after=2023-11-22T00:00:00+00:00
[2023-11-22T21:07:22.912+0000] {processor.py:179} INFO - Processing /home/airflow/.local/lib/python3.8/site-packages/airflow/example_dags/example_branch_labels.py took 0.095 seconds
[2023-11-22T21:07:53.083+0000] {processor.py:157} INFO - Started process (PID=2247) to work on /home/airflow/.local/lib/python3.8/site-packages/airflow/example_dags/example_branch_labels.py
[2023-11-22T21:07:53.084+0000] {processor.py:829} INFO - Processing file /home/airflow/.local/lib/python3.8/site-packages/airflow/example_dags/example_branch_labels.py for tasks to queue
[2023-11-22T21:07:53.087+0000] {logging_mixin.py:154} INFO - [2023-11-22T21:07:53.087+0000] {dagbag.py:536} INFO - Filling up the DagBag from /home/airflow/.local/lib/python3.8/site-packages/airflow/example_dags/example_branch_labels.py
[2023-11-22T21:07:53.097+0000] {processor.py:839} INFO - DAG(s) dict_keys(['example_branch_labels']) retrieved from /home/airflow/.local/lib/python3.8/site-packages/airflow/example_dags/example_branch_labels.py
[2023-11-22T21:07:53.120+0000] {logging_mixin.py:154} INFO - [2023-11-22T21:07:53.120+0000] {dag.py:2941} INFO - Sync 1 DAGs
[2023-11-22T21:07:53.146+0000] {logging_mixin.py:154} INFO - [2023-11-22T21:07:53.146+0000] {dag.py:3722} INFO - Setting next_dagrun for example_branch_labels to 2023-11-21T00:00:00+00:00, run_after=2023-11-22T00:00:00+00:00
[2023-11-22T21:07:53.170+0000] {processor.py:179} INFO - Processing /home/airflow/.local/lib/python3.8/site-packages/airflow/example_dags/example_branch_labels.py took 0.091 seconds
[2023-11-22T21:08:23.363+0000] {processor.py:157} INFO - Started process (PID=2301) to work on /home/airflow/.local/lib/python3.8/site-packages/airflow/example_dags/example_branch_labels.py
[2023-11-22T21:08:23.364+0000] {processor.py:829} INFO - Processing file /home/airflow/.local/lib/python3.8/site-packages/airflow/example_dags/example_branch_labels.py for tasks to queue
[2023-11-22T21:08:23.366+0000] {logging_mixin.py:154} INFO - [2023-11-22T21:08:23.366+0000] {dagbag.py:536} INFO - Filling up the DagBag from /home/airflow/.local/lib/python3.8/site-packages/airflow/example_dags/example_branch_labels.py
[2023-11-22T21:08:23.377+0000] {processor.py:839} INFO - DAG(s) dict_keys(['example_branch_labels']) retrieved from /home/airflow/.local/lib/python3.8/site-packages/airflow/example_dags/example_branch_labels.py
[2023-11-22T21:08:23.401+0000] {logging_mixin.py:154} INFO - [2023-11-22T21:08:23.401+0000] {dag.py:2941} INFO - Sync 1 DAGs
[2023-11-22T21:08:23.429+0000] {logging_mixin.py:154} INFO - [2023-11-22T21:08:23.429+0000] {dag.py:3722} INFO - Setting next_dagrun for example_branch_labels to 2023-11-21T00:00:00+00:00, run_after=2023-11-22T00:00:00+00:00
[2023-11-22T21:08:23.451+0000] {processor.py:179} INFO - Processing /home/airflow/.local/lib/python3.8/site-packages/airflow/example_dags/example_branch_labels.py took 0.091 seconds
[2023-11-22T21:08:54.149+0000] {processor.py:157} INFO - Started process (PID=2356) to work on /home/airflow/.local/lib/python3.8/site-packages/airflow/example_dags/example_branch_labels.py
[2023-11-22T21:08:54.150+0000] {processor.py:829} INFO - Processing file /home/airflow/.local/lib/python3.8/site-packages/airflow/example_dags/example_branch_labels.py for tasks to queue
[2023-11-22T21:08:54.153+0000] {logging_mixin.py:154} INFO - [2023-11-22T21:08:54.153+0000] {dagbag.py:536} INFO - Filling up the DagBag from /home/airflow/.local/lib/python3.8/site-packages/airflow/example_dags/example_branch_labels.py
[2023-11-22T21:08:54.164+0000] {processor.py:839} INFO - DAG(s) dict_keys(['example_branch_labels']) retrieved from /home/airflow/.local/lib/python3.8/site-packages/airflow/example_dags/example_branch_labels.py
[2023-11-22T21:08:54.187+0000] {logging_mixin.py:154} INFO - [2023-11-22T21:08:54.186+0000] {dag.py:2941} INFO - Sync 1 DAGs
[2023-11-22T21:08:54.211+0000] {logging_mixin.py:154} INFO - [2023-11-22T21:08:54.211+0000] {dag.py:3722} INFO - Setting next_dagrun for example_branch_labels to 2023-11-21T00:00:00+00:00, run_after=2023-11-22T00:00:00+00:00
[2023-11-22T21:08:54.233+0000] {processor.py:179} INFO - Processing /home/airflow/.local/lib/python3.8/site-packages/airflow/example_dags/example_branch_labels.py took 0.087 seconds
[2023-11-22T21:09:24.492+0000] {processor.py:157} INFO - Started process (PID=2410) to work on /home/airflow/.local/lib/python3.8/site-packages/airflow/example_dags/example_branch_labels.py
[2023-11-22T21:09:24.494+0000] {processor.py:829} INFO - Processing file /home/airflow/.local/lib/python3.8/site-packages/airflow/example_dags/example_branch_labels.py for tasks to queue
[2023-11-22T21:09:24.496+0000] {logging_mixin.py:154} INFO - [2023-11-22T21:09:24.496+0000] {dagbag.py:536} INFO - Filling up the DagBag from /home/airflow/.local/lib/python3.8/site-packages/airflow/example_dags/example_branch_labels.py
[2023-11-22T21:09:24.504+0000] {processor.py:839} INFO - DAG(s) dict_keys(['example_branch_labels']) retrieved from /home/airflow/.local/lib/python3.8/site-packages/airflow/example_dags/example_branch_labels.py
[2023-11-22T21:09:24.526+0000] {logging_mixin.py:154} INFO - [2023-11-22T21:09:24.526+0000] {dag.py:2941} INFO - Sync 1 DAGs
[2023-11-22T21:09:24.549+0000] {logging_mixin.py:154} INFO - [2023-11-22T21:09:24.549+0000] {dag.py:3722} INFO - Setting next_dagrun for example_branch_labels to 2023-11-21T00:00:00+00:00, run_after=2023-11-22T00:00:00+00:00
[2023-11-22T21:09:24.568+0000] {processor.py:179} INFO - Processing /home/airflow/.local/lib/python3.8/site-packages/airflow/example_dags/example_branch_labels.py took 0.078 seconds
[2023-11-22T21:09:54.742+0000] {processor.py:157} INFO - Started process (PID=2464) to work on /home/airflow/.local/lib/python3.8/site-packages/airflow/example_dags/example_branch_labels.py
[2023-11-22T21:09:54.743+0000] {processor.py:829} INFO - Processing file /home/airflow/.local/lib/python3.8/site-packages/airflow/example_dags/example_branch_labels.py for tasks to queue
[2023-11-22T21:09:54.746+0000] {logging_mixin.py:154} INFO - [2023-11-22T21:09:54.746+0000] {dagbag.py:536} INFO - Filling up the DagBag from /home/airflow/.local/lib/python3.8/site-packages/airflow/example_dags/example_branch_labels.py
[2023-11-22T21:09:54.759+0000] {processor.py:839} INFO - DAG(s) dict_keys(['example_branch_labels']) retrieved from /home/airflow/.local/lib/python3.8/site-packages/airflow/example_dags/example_branch_labels.py
[2023-11-22T21:09:54.785+0000] {logging_mixin.py:154} INFO - [2023-11-22T21:09:54.785+0000] {dag.py:2941} INFO - Sync 1 DAGs
[2023-11-22T21:09:54.813+0000] {logging_mixin.py:154} INFO - [2023-11-22T21:09:54.812+0000] {dag.py:3722} INFO - Setting next_dagrun for example_branch_labels to 2023-11-21T00:00:00+00:00, run_after=2023-11-22T00:00:00+00:00
[2023-11-22T21:09:54.836+0000] {processor.py:179} INFO - Processing /home/airflow/.local/lib/python3.8/site-packages/airflow/example_dags/example_branch_labels.py took 0.098 seconds
[2023-11-22T21:10:25.218+0000] {processor.py:157} INFO - Started process (PID=2518) to work on /home/airflow/.local/lib/python3.8/site-packages/airflow/example_dags/example_branch_labels.py
[2023-11-22T21:10:25.219+0000] {processor.py:829} INFO - Processing file /home/airflow/.local/lib/python3.8/site-packages/airflow/example_dags/example_branch_labels.py for tasks to queue
[2023-11-22T21:10:25.221+0000] {logging_mixin.py:154} INFO - [2023-11-22T21:10:25.221+0000] {dagbag.py:536} INFO - Filling up the DagBag from /home/airflow/.local/lib/python3.8/site-packages/airflow/example_dags/example_branch_labels.py
[2023-11-22T21:10:25.230+0000] {processor.py:839} INFO - DAG(s) dict_keys(['example_branch_labels']) retrieved from /home/airflow/.local/lib/python3.8/site-packages/airflow/example_dags/example_branch_labels.py
[2023-11-22T21:10:25.251+0000] {logging_mixin.py:154} INFO - [2023-11-22T21:10:25.251+0000] {dag.py:2941} INFO - Sync 1 DAGs
[2023-11-22T21:10:25.275+0000] {logging_mixin.py:154} INFO - [2023-11-22T21:10:25.275+0000] {dag.py:3722} INFO - Setting next_dagrun for example_branch_labels to 2023-11-21T00:00:00+00:00, run_after=2023-11-22T00:00:00+00:00
[2023-11-22T21:10:25.297+0000] {processor.py:179} INFO - Processing /home/airflow/.local/lib/python3.8/site-packages/airflow/example_dags/example_branch_labels.py took 0.082 seconds
[2023-11-22T21:10:55.699+0000] {processor.py:157} INFO - Started process (PID=2572) to work on /home/airflow/.local/lib/python3.8/site-packages/airflow/example_dags/example_branch_labels.py
[2023-11-22T21:10:55.701+0000] {processor.py:829} INFO - Processing file /home/airflow/.local/lib/python3.8/site-packages/airflow/example_dags/example_branch_labels.py for tasks to queue
[2023-11-22T21:10:55.705+0000] {logging_mixin.py:154} INFO - [2023-11-22T21:10:55.704+0000] {dagbag.py:536} INFO - Filling up the DagBag from /home/airflow/.local/lib/python3.8/site-packages/airflow/example_dags/example_branch_labels.py
[2023-11-22T21:10:55.718+0000] {processor.py:839} INFO - DAG(s) dict_keys(['example_branch_labels']) retrieved from /home/airflow/.local/lib/python3.8/site-packages/airflow/example_dags/example_branch_labels.py
[2023-11-22T21:10:55.749+0000] {logging_mixin.py:154} INFO - [2023-11-22T21:10:55.748+0000] {dag.py:2941} INFO - Sync 1 DAGs
[2023-11-22T21:10:55.777+0000] {logging_mixin.py:154} INFO - [2023-11-22T21:10:55.776+0000] {dag.py:3722} INFO - Setting next_dagrun for example_branch_labels to 2023-11-21T00:00:00+00:00, run_after=2023-11-22T00:00:00+00:00
[2023-11-22T21:10:55.809+0000] {processor.py:179} INFO - Processing /home/airflow/.local/lib/python3.8/site-packages/airflow/example_dags/example_branch_labels.py took 0.117 seconds
[2023-11-22T21:11:26.503+0000] {processor.py:157} INFO - Started process (PID=2626) to work on /home/airflow/.local/lib/python3.8/site-packages/airflow/example_dags/example_branch_labels.py
[2023-11-22T21:11:26.504+0000] {processor.py:829} INFO - Processing file /home/airflow/.local/lib/python3.8/site-packages/airflow/example_dags/example_branch_labels.py for tasks to queue
[2023-11-22T21:11:26.507+0000] {logging_mixin.py:154} INFO - [2023-11-22T21:11:26.506+0000] {dagbag.py:536} INFO - Filling up the DagBag from /home/airflow/.local/lib/python3.8/site-packages/airflow/example_dags/example_branch_labels.py
[2023-11-22T21:11:26.515+0000] {processor.py:839} INFO - DAG(s) dict_keys(['example_branch_labels']) retrieved from /home/airflow/.local/lib/python3.8/site-packages/airflow/example_dags/example_branch_labels.py
[2023-11-22T21:11:26.537+0000] {logging_mixin.py:154} INFO - [2023-11-22T21:11:26.537+0000] {dag.py:2941} INFO - Sync 1 DAGs
[2023-11-22T21:11:26.560+0000] {logging_mixin.py:154} INFO - [2023-11-22T21:11:26.560+0000] {dag.py:3722} INFO - Setting next_dagrun for example_branch_labels to 2023-11-21T00:00:00+00:00, run_after=2023-11-22T00:00:00+00:00
[2023-11-22T21:11:26.591+0000] {processor.py:179} INFO - Processing /home/airflow/.local/lib/python3.8/site-packages/airflow/example_dags/example_branch_labels.py took 0.091 seconds
