[2023-11-22T20:47:01.892+0000] {processor.py:157} INFO - Started process (PID=61) to work on /home/airflow/.local/lib/python3.8/site-packages/airflow/example_dags/example_trigger_controller_dag.py
[2023-11-22T20:47:01.893+0000] {processor.py:829} INFO - Processing file /home/airflow/.local/lib/python3.8/site-packages/airflow/example_dags/example_trigger_controller_dag.py for tasks to queue
[2023-11-22T20:47:01.897+0000] {logging_mixin.py:154} INFO - [2023-11-22T20:47:01.896+0000] {dagbag.py:536} INFO - Filling up the DagBag from /home/airflow/.local/lib/python3.8/site-packages/airflow/example_dags/example_trigger_controller_dag.py
[2023-11-22T20:47:02.056+0000] {processor.py:839} INFO - DAG(s) dict_keys(['example_trigger_controller_dag']) retrieved from /home/airflow/.local/lib/python3.8/site-packages/airflow/example_dags/example_trigger_controller_dag.py
[2023-11-22T20:47:02.436+0000] {logging_mixin.py:154} INFO - [2023-11-22T20:47:02.436+0000] {dag.py:2941} INFO - Sync 1 DAGs
[2023-11-22T20:47:02.635+0000] {logging_mixin.py:154} INFO - [2023-11-22T20:47:02.634+0000] {dag.py:3722} INFO - Setting next_dagrun for example_trigger_controller_dag to 2021-01-01T00:00:00+00:00, run_after=2021-01-01T00:00:00+00:00
[2023-11-22T20:47:02.774+0000] {processor.py:179} INFO - Processing /home/airflow/.local/lib/python3.8/site-packages/airflow/example_dags/example_trigger_controller_dag.py took 0.947 seconds
[2023-11-22T20:47:33.751+0000] {processor.py:157} INFO - Started process (PID=115) to work on /home/airflow/.local/lib/python3.8/site-packages/airflow/example_dags/example_trigger_controller_dag.py
[2023-11-22T20:47:33.753+0000] {processor.py:829} INFO - Processing file /home/airflow/.local/lib/python3.8/site-packages/airflow/example_dags/example_trigger_controller_dag.py for tasks to queue
[2023-11-22T20:47:33.756+0000] {logging_mixin.py:154} INFO - [2023-11-22T20:47:33.755+0000] {dagbag.py:536} INFO - Filling up the DagBag from /home/airflow/.local/lib/python3.8/site-packages/airflow/example_dags/example_trigger_controller_dag.py
[2023-11-22T20:47:33.763+0000] {processor.py:839} INFO - DAG(s) dict_keys(['example_trigger_controller_dag']) retrieved from /home/airflow/.local/lib/python3.8/site-packages/airflow/example_dags/example_trigger_controller_dag.py
[2023-11-22T20:47:33.792+0000] {logging_mixin.py:154} INFO - [2023-11-22T20:47:33.792+0000] {dag.py:2941} INFO - Sync 1 DAGs
[2023-11-22T20:47:33.848+0000] {logging_mixin.py:154} INFO - [2023-11-22T20:47:33.848+0000] {dag.py:3722} INFO - Setting next_dagrun for example_trigger_controller_dag to 2021-01-01T00:00:00+00:00, run_after=2021-01-01T00:00:00+00:00
[2023-11-22T20:47:33.913+0000] {processor.py:179} INFO - Processing /home/airflow/.local/lib/python3.8/site-packages/airflow/example_dags/example_trigger_controller_dag.py took 0.166 seconds
[2023-11-22T20:48:04.743+0000] {processor.py:157} INFO - Started process (PID=169) to work on /home/airflow/.local/lib/python3.8/site-packages/airflow/example_dags/example_trigger_controller_dag.py
[2023-11-22T20:48:04.744+0000] {processor.py:829} INFO - Processing file /home/airflow/.local/lib/python3.8/site-packages/airflow/example_dags/example_trigger_controller_dag.py for tasks to queue
[2023-11-22T20:48:04.748+0000] {logging_mixin.py:154} INFO - [2023-11-22T20:48:04.747+0000] {dagbag.py:536} INFO - Filling up the DagBag from /home/airflow/.local/lib/python3.8/site-packages/airflow/example_dags/example_trigger_controller_dag.py
[2023-11-22T20:48:04.753+0000] {processor.py:839} INFO - DAG(s) dict_keys(['example_trigger_controller_dag']) retrieved from /home/airflow/.local/lib/python3.8/site-packages/airflow/example_dags/example_trigger_controller_dag.py
[2023-11-22T20:48:04.778+0000] {logging_mixin.py:154} INFO - [2023-11-22T20:48:04.778+0000] {dag.py:2941} INFO - Sync 1 DAGs
[2023-11-22T20:48:04.804+0000] {logging_mixin.py:154} INFO - [2023-11-22T20:48:04.804+0000] {dag.py:3722} INFO - Setting next_dagrun for example_trigger_controller_dag to 2021-01-01T00:00:00+00:00, run_after=2021-01-01T00:00:00+00:00
[2023-11-22T20:48:04.829+0000] {processor.py:179} INFO - Processing /home/airflow/.local/lib/python3.8/site-packages/airflow/example_dags/example_trigger_controller_dag.py took 0.089 seconds
[2023-11-22T20:48:35.582+0000] {processor.py:157} INFO - Started process (PID=223) to work on /home/airflow/.local/lib/python3.8/site-packages/airflow/example_dags/example_trigger_controller_dag.py
[2023-11-22T20:48:35.584+0000] {processor.py:829} INFO - Processing file /home/airflow/.local/lib/python3.8/site-packages/airflow/example_dags/example_trigger_controller_dag.py for tasks to queue
[2023-11-22T20:48:35.589+0000] {logging_mixin.py:154} INFO - [2023-11-22T20:48:35.589+0000] {dagbag.py:536} INFO - Filling up the DagBag from /home/airflow/.local/lib/python3.8/site-packages/airflow/example_dags/example_trigger_controller_dag.py
[2023-11-22T20:48:35.593+0000] {processor.py:839} INFO - DAG(s) dict_keys(['example_trigger_controller_dag']) retrieved from /home/airflow/.local/lib/python3.8/site-packages/airflow/example_dags/example_trigger_controller_dag.py
[2023-11-22T20:48:35.626+0000] {logging_mixin.py:154} INFO - [2023-11-22T20:48:35.626+0000] {dag.py:2941} INFO - Sync 1 DAGs
[2023-11-22T20:48:35.662+0000] {logging_mixin.py:154} INFO - [2023-11-22T20:48:35.662+0000] {dag.py:3722} INFO - Setting next_dagrun for example_trigger_controller_dag to 2021-01-01T00:00:00+00:00, run_after=2021-01-01T00:00:00+00:00
[2023-11-22T20:48:35.696+0000] {processor.py:179} INFO - Processing /home/airflow/.local/lib/python3.8/site-packages/airflow/example_dags/example_trigger_controller_dag.py took 0.117 seconds
[2023-11-22T20:49:06.129+0000] {processor.py:157} INFO - Started process (PID=277) to work on /home/airflow/.local/lib/python3.8/site-packages/airflow/example_dags/example_trigger_controller_dag.py
[2023-11-22T20:49:06.130+0000] {processor.py:829} INFO - Processing file /home/airflow/.local/lib/python3.8/site-packages/airflow/example_dags/example_trigger_controller_dag.py for tasks to queue
[2023-11-22T20:49:06.132+0000] {logging_mixin.py:154} INFO - [2023-11-22T20:49:06.132+0000] {dagbag.py:536} INFO - Filling up the DagBag from /home/airflow/.local/lib/python3.8/site-packages/airflow/example_dags/example_trigger_controller_dag.py
[2023-11-22T20:49:06.137+0000] {processor.py:839} INFO - DAG(s) dict_keys(['example_trigger_controller_dag']) retrieved from /home/airflow/.local/lib/python3.8/site-packages/airflow/example_dags/example_trigger_controller_dag.py
[2023-11-22T20:49:06.159+0000] {logging_mixin.py:154} INFO - [2023-11-22T20:49:06.159+0000] {dag.py:2941} INFO - Sync 1 DAGs
[2023-11-22T20:49:06.183+0000] {logging_mixin.py:154} INFO - [2023-11-22T20:49:06.183+0000] {dag.py:3722} INFO - Setting next_dagrun for example_trigger_controller_dag to 2021-01-01T00:00:00+00:00, run_after=2021-01-01T00:00:00+00:00
[2023-11-22T20:49:06.207+0000] {processor.py:179} INFO - Processing /home/airflow/.local/lib/python3.8/site-packages/airflow/example_dags/example_trigger_controller_dag.py took 0.082 seconds
[2023-11-22T20:49:36.341+0000] {processor.py:157} INFO - Started process (PID=331) to work on /home/airflow/.local/lib/python3.8/site-packages/airflow/example_dags/example_trigger_controller_dag.py
[2023-11-22T20:49:36.342+0000] {processor.py:829} INFO - Processing file /home/airflow/.local/lib/python3.8/site-packages/airflow/example_dags/example_trigger_controller_dag.py for tasks to queue
[2023-11-22T20:49:36.346+0000] {logging_mixin.py:154} INFO - [2023-11-22T20:49:36.345+0000] {dagbag.py:536} INFO - Filling up the DagBag from /home/airflow/.local/lib/python3.8/site-packages/airflow/example_dags/example_trigger_controller_dag.py
[2023-11-22T20:49:36.352+0000] {processor.py:839} INFO - DAG(s) dict_keys(['example_trigger_controller_dag']) retrieved from /home/airflow/.local/lib/python3.8/site-packages/airflow/example_dags/example_trigger_controller_dag.py
[2023-11-22T20:49:36.378+0000] {logging_mixin.py:154} INFO - [2023-11-22T20:49:36.377+0000] {dag.py:2941} INFO - Sync 1 DAGs
[2023-11-22T20:49:36.409+0000] {logging_mixin.py:154} INFO - [2023-11-22T20:49:36.408+0000] {dag.py:3722} INFO - Setting next_dagrun for example_trigger_controller_dag to 2021-01-01T00:00:00+00:00, run_after=2021-01-01T00:00:00+00:00
[2023-11-22T20:49:36.439+0000] {processor.py:179} INFO - Processing /home/airflow/.local/lib/python3.8/site-packages/airflow/example_dags/example_trigger_controller_dag.py took 0.102 seconds
[2023-11-22T20:50:07.275+0000] {processor.py:157} INFO - Started process (PID=385) to work on /home/airflow/.local/lib/python3.8/site-packages/airflow/example_dags/example_trigger_controller_dag.py
[2023-11-22T20:50:07.277+0000] {processor.py:829} INFO - Processing file /home/airflow/.local/lib/python3.8/site-packages/airflow/example_dags/example_trigger_controller_dag.py for tasks to queue
[2023-11-22T20:50:07.280+0000] {logging_mixin.py:154} INFO - [2023-11-22T20:50:07.279+0000] {dagbag.py:536} INFO - Filling up the DagBag from /home/airflow/.local/lib/python3.8/site-packages/airflow/example_dags/example_trigger_controller_dag.py
[2023-11-22T20:50:07.287+0000] {processor.py:839} INFO - DAG(s) dict_keys(['example_trigger_controller_dag']) retrieved from /home/airflow/.local/lib/python3.8/site-packages/airflow/example_dags/example_trigger_controller_dag.py
[2023-11-22T20:50:07.314+0000] {logging_mixin.py:154} INFO - [2023-11-22T20:50:07.314+0000] {dag.py:2941} INFO - Sync 1 DAGs
[2023-11-22T20:50:07.345+0000] {logging_mixin.py:154} INFO - [2023-11-22T20:50:07.345+0000] {dag.py:3722} INFO - Setting next_dagrun for example_trigger_controller_dag to 2021-01-01T00:00:00+00:00, run_after=2021-01-01T00:00:00+00:00
[2023-11-22T20:50:07.408+0000] {processor.py:179} INFO - Processing /home/airflow/.local/lib/python3.8/site-packages/airflow/example_dags/example_trigger_controller_dag.py took 0.137 seconds
[2023-11-22T20:50:37.486+0000] {processor.py:157} INFO - Started process (PID=439) to work on /home/airflow/.local/lib/python3.8/site-packages/airflow/example_dags/example_trigger_controller_dag.py
[2023-11-22T20:50:37.488+0000] {processor.py:829} INFO - Processing file /home/airflow/.local/lib/python3.8/site-packages/airflow/example_dags/example_trigger_controller_dag.py for tasks to queue
[2023-11-22T20:50:37.491+0000] {logging_mixin.py:154} INFO - [2023-11-22T20:50:37.491+0000] {dagbag.py:536} INFO - Filling up the DagBag from /home/airflow/.local/lib/python3.8/site-packages/airflow/example_dags/example_trigger_controller_dag.py
[2023-11-22T20:50:37.496+0000] {processor.py:839} INFO - DAG(s) dict_keys(['example_trigger_controller_dag']) retrieved from /home/airflow/.local/lib/python3.8/site-packages/airflow/example_dags/example_trigger_controller_dag.py
[2023-11-22T20:50:37.521+0000] {logging_mixin.py:154} INFO - [2023-11-22T20:50:37.521+0000] {dag.py:2941} INFO - Sync 1 DAGs
[2023-11-22T20:50:37.544+0000] {logging_mixin.py:154} INFO - [2023-11-22T20:50:37.544+0000] {dag.py:3722} INFO - Setting next_dagrun for example_trigger_controller_dag to 2021-01-01T00:00:00+00:00, run_after=2021-01-01T00:00:00+00:00
[2023-11-22T20:50:37.564+0000] {processor.py:179} INFO - Processing /home/airflow/.local/lib/python3.8/site-packages/airflow/example_dags/example_trigger_controller_dag.py took 0.082 seconds
[2023-11-22T20:51:08.309+0000] {processor.py:157} INFO - Started process (PID=493) to work on /home/airflow/.local/lib/python3.8/site-packages/airflow/example_dags/example_trigger_controller_dag.py
[2023-11-22T20:51:08.313+0000] {processor.py:829} INFO - Processing file /home/airflow/.local/lib/python3.8/site-packages/airflow/example_dags/example_trigger_controller_dag.py for tasks to queue
[2023-11-22T20:51:08.317+0000] {logging_mixin.py:154} INFO - [2023-11-22T20:51:08.317+0000] {dagbag.py:536} INFO - Filling up the DagBag from /home/airflow/.local/lib/python3.8/site-packages/airflow/example_dags/example_trigger_controller_dag.py
[2023-11-22T20:51:08.324+0000] {processor.py:839} INFO - DAG(s) dict_keys(['example_trigger_controller_dag']) retrieved from /home/airflow/.local/lib/python3.8/site-packages/airflow/example_dags/example_trigger_controller_dag.py
[2023-11-22T20:51:08.351+0000] {logging_mixin.py:154} INFO - [2023-11-22T20:51:08.351+0000] {dag.py:2941} INFO - Sync 1 DAGs
[2023-11-22T20:51:08.378+0000] {logging_mixin.py:154} INFO - [2023-11-22T20:51:08.378+0000] {dag.py:3722} INFO - Setting next_dagrun for example_trigger_controller_dag to 2021-01-01T00:00:00+00:00, run_after=2021-01-01T00:00:00+00:00
[2023-11-22T20:51:08.401+0000] {processor.py:179} INFO - Processing /home/airflow/.local/lib/python3.8/site-packages/airflow/example_dags/example_trigger_controller_dag.py took 0.098 seconds
[2023-11-22T20:51:38.510+0000] {processor.py:157} INFO - Started process (PID=547) to work on /home/airflow/.local/lib/python3.8/site-packages/airflow/example_dags/example_trigger_controller_dag.py
[2023-11-22T20:51:38.512+0000] {processor.py:829} INFO - Processing file /home/airflow/.local/lib/python3.8/site-packages/airflow/example_dags/example_trigger_controller_dag.py for tasks to queue
[2023-11-22T20:51:38.516+0000] {logging_mixin.py:154} INFO - [2023-11-22T20:51:38.516+0000] {dagbag.py:536} INFO - Filling up the DagBag from /home/airflow/.local/lib/python3.8/site-packages/airflow/example_dags/example_trigger_controller_dag.py
[2023-11-22T20:51:38.524+0000] {processor.py:839} INFO - DAG(s) dict_keys(['example_trigger_controller_dag']) retrieved from /home/airflow/.local/lib/python3.8/site-packages/airflow/example_dags/example_trigger_controller_dag.py
[2023-11-22T20:51:38.555+0000] {logging_mixin.py:154} INFO - [2023-11-22T20:51:38.555+0000] {dag.py:2941} INFO - Sync 1 DAGs
[2023-11-22T20:51:38.588+0000] {logging_mixin.py:154} INFO - [2023-11-22T20:51:38.588+0000] {dag.py:3722} INFO - Setting next_dagrun for example_trigger_controller_dag to 2021-01-01T00:00:00+00:00, run_after=2021-01-01T00:00:00+00:00
[2023-11-22T20:51:38.615+0000] {processor.py:179} INFO - Processing /home/airflow/.local/lib/python3.8/site-packages/airflow/example_dags/example_trigger_controller_dag.py took 0.112 seconds
[2023-11-22T20:52:28.707+0000] {processor.py:157} INFO - Started process (PID=605) to work on /home/airflow/.local/lib/python3.8/site-packages/airflow/example_dags/example_trigger_controller_dag.py
[2023-11-22T20:52:28.710+0000] {processor.py:829} INFO - Processing file /home/airflow/.local/lib/python3.8/site-packages/airflow/example_dags/example_trigger_controller_dag.py for tasks to queue
[2023-11-22T20:52:28.715+0000] {logging_mixin.py:154} INFO - [2023-11-22T20:52:28.714+0000] {dagbag.py:536} INFO - Filling up the DagBag from /home/airflow/.local/lib/python3.8/site-packages/airflow/example_dags/example_trigger_controller_dag.py
[2023-11-22T20:52:28.724+0000] {processor.py:839} INFO - DAG(s) dict_keys(['example_trigger_controller_dag']) retrieved from /home/airflow/.local/lib/python3.8/site-packages/airflow/example_dags/example_trigger_controller_dag.py
[2023-11-22T20:52:28.768+0000] {logging_mixin.py:154} INFO - [2023-11-22T20:52:28.768+0000] {dag.py:2941} INFO - Sync 1 DAGs
[2023-11-22T20:52:28.802+0000] {logging_mixin.py:154} INFO - [2023-11-22T20:52:28.802+0000] {dag.py:3722} INFO - Setting next_dagrun for example_trigger_controller_dag to 2021-01-01T00:00:00+00:00, run_after=2021-01-01T00:00:00+00:00
[2023-11-22T20:52:28.825+0000] {processor.py:179} INFO - Processing /home/airflow/.local/lib/python3.8/site-packages/airflow/example_dags/example_trigger_controller_dag.py took 0.126 seconds
[2023-11-22T20:52:58.872+0000] {processor.py:157} INFO - Started process (PID=658) to work on /home/airflow/.local/lib/python3.8/site-packages/airflow/example_dags/example_trigger_controller_dag.py
[2023-11-22T20:52:58.873+0000] {processor.py:829} INFO - Processing file /home/airflow/.local/lib/python3.8/site-packages/airflow/example_dags/example_trigger_controller_dag.py for tasks to queue
[2023-11-22T20:52:58.876+0000] {logging_mixin.py:154} INFO - [2023-11-22T20:52:58.876+0000] {dagbag.py:536} INFO - Filling up the DagBag from /home/airflow/.local/lib/python3.8/site-packages/airflow/example_dags/example_trigger_controller_dag.py
[2023-11-22T20:52:58.882+0000] {processor.py:839} INFO - DAG(s) dict_keys(['example_trigger_controller_dag']) retrieved from /home/airflow/.local/lib/python3.8/site-packages/airflow/example_dags/example_trigger_controller_dag.py
[2023-11-22T20:52:58.907+0000] {logging_mixin.py:154} INFO - [2023-11-22T20:52:58.906+0000] {dag.py:2941} INFO - Sync 1 DAGs
[2023-11-22T20:52:58.930+0000] {logging_mixin.py:154} INFO - [2023-11-22T20:52:58.930+0000] {dag.py:3722} INFO - Setting next_dagrun for example_trigger_controller_dag to 2021-01-01T00:00:00+00:00, run_after=2021-01-01T00:00:00+00:00
[2023-11-22T20:52:58.949+0000] {processor.py:179} INFO - Processing /home/airflow/.local/lib/python3.8/site-packages/airflow/example_dags/example_trigger_controller_dag.py took 0.081 seconds
[2023-11-22T20:53:29.199+0000] {processor.py:157} INFO - Started process (PID=713) to work on /home/airflow/.local/lib/python3.8/site-packages/airflow/example_dags/example_trigger_controller_dag.py
[2023-11-22T20:53:29.200+0000] {processor.py:829} INFO - Processing file /home/airflow/.local/lib/python3.8/site-packages/airflow/example_dags/example_trigger_controller_dag.py for tasks to queue
[2023-11-22T20:53:29.203+0000] {logging_mixin.py:154} INFO - [2023-11-22T20:53:29.203+0000] {dagbag.py:536} INFO - Filling up the DagBag from /home/airflow/.local/lib/python3.8/site-packages/airflow/example_dags/example_trigger_controller_dag.py
[2023-11-22T20:53:29.208+0000] {processor.py:839} INFO - DAG(s) dict_keys(['example_trigger_controller_dag']) retrieved from /home/airflow/.local/lib/python3.8/site-packages/airflow/example_dags/example_trigger_controller_dag.py
[2023-11-22T20:53:29.232+0000] {logging_mixin.py:154} INFO - [2023-11-22T20:53:29.232+0000] {dag.py:2941} INFO - Sync 1 DAGs
[2023-11-22T20:53:29.262+0000] {logging_mixin.py:154} INFO - [2023-11-22T20:53:29.261+0000] {dag.py:3722} INFO - Setting next_dagrun for example_trigger_controller_dag to 2021-01-01T00:00:00+00:00, run_after=2021-01-01T00:00:00+00:00
[2023-11-22T20:53:29.294+0000] {processor.py:179} INFO - Processing /home/airflow/.local/lib/python3.8/site-packages/airflow/example_dags/example_trigger_controller_dag.py took 0.099 seconds
[2023-11-22T20:53:59.398+0000] {processor.py:157} INFO - Started process (PID=768) to work on /home/airflow/.local/lib/python3.8/site-packages/airflow/example_dags/example_trigger_controller_dag.py
[2023-11-22T20:53:59.400+0000] {processor.py:829} INFO - Processing file /home/airflow/.local/lib/python3.8/site-packages/airflow/example_dags/example_trigger_controller_dag.py for tasks to queue
[2023-11-22T20:53:59.404+0000] {logging_mixin.py:154} INFO - [2023-11-22T20:53:59.403+0000] {dagbag.py:536} INFO - Filling up the DagBag from /home/airflow/.local/lib/python3.8/site-packages/airflow/example_dags/example_trigger_controller_dag.py
[2023-11-22T20:53:59.410+0000] {processor.py:839} INFO - DAG(s) dict_keys(['example_trigger_controller_dag']) retrieved from /home/airflow/.local/lib/python3.8/site-packages/airflow/example_dags/example_trigger_controller_dag.py
[2023-11-22T20:53:59.434+0000] {logging_mixin.py:154} INFO - [2023-11-22T20:53:59.434+0000] {dag.py:2941} INFO - Sync 1 DAGs
[2023-11-22T20:53:59.457+0000] {logging_mixin.py:154} INFO - [2023-11-22T20:53:59.456+0000] {dag.py:3722} INFO - Setting next_dagrun for example_trigger_controller_dag to 2021-01-01T00:00:00+00:00, run_after=2021-01-01T00:00:00+00:00
[2023-11-22T20:53:59.479+0000] {processor.py:179} INFO - Processing /home/airflow/.local/lib/python3.8/site-packages/airflow/example_dags/example_trigger_controller_dag.py took 0.085 seconds
[2023-11-22T20:54:30.242+0000] {processor.py:157} INFO - Started process (PID=822) to work on /home/airflow/.local/lib/python3.8/site-packages/airflow/example_dags/example_trigger_controller_dag.py
[2023-11-22T20:54:30.244+0000] {processor.py:829} INFO - Processing file /home/airflow/.local/lib/python3.8/site-packages/airflow/example_dags/example_trigger_controller_dag.py for tasks to queue
[2023-11-22T20:54:30.247+0000] {logging_mixin.py:154} INFO - [2023-11-22T20:54:30.247+0000] {dagbag.py:536} INFO - Filling up the DagBag from /home/airflow/.local/lib/python3.8/site-packages/airflow/example_dags/example_trigger_controller_dag.py
[2023-11-22T20:54:30.254+0000] {processor.py:839} INFO - DAG(s) dict_keys(['example_trigger_controller_dag']) retrieved from /home/airflow/.local/lib/python3.8/site-packages/airflow/example_dags/example_trigger_controller_dag.py
[2023-11-22T20:54:30.276+0000] {logging_mixin.py:154} INFO - [2023-11-22T20:54:30.276+0000] {dag.py:2941} INFO - Sync 1 DAGs
[2023-11-22T20:54:30.300+0000] {logging_mixin.py:154} INFO - [2023-11-22T20:54:30.300+0000] {dag.py:3722} INFO - Setting next_dagrun for example_trigger_controller_dag to 2021-01-01T00:00:00+00:00, run_after=2021-01-01T00:00:00+00:00
[2023-11-22T20:54:30.324+0000] {processor.py:179} INFO - Processing /home/airflow/.local/lib/python3.8/site-packages/airflow/example_dags/example_trigger_controller_dag.py took 0.086 seconds
[2023-11-22T20:55:00.848+0000] {processor.py:157} INFO - Started process (PID=876) to work on /home/airflow/.local/lib/python3.8/site-packages/airflow/example_dags/example_trigger_controller_dag.py
[2023-11-22T20:55:00.850+0000] {processor.py:829} INFO - Processing file /home/airflow/.local/lib/python3.8/site-packages/airflow/example_dags/example_trigger_controller_dag.py for tasks to queue
[2023-11-22T20:55:00.853+0000] {logging_mixin.py:154} INFO - [2023-11-22T20:55:00.852+0000] {dagbag.py:536} INFO - Filling up the DagBag from /home/airflow/.local/lib/python3.8/site-packages/airflow/example_dags/example_trigger_controller_dag.py
[2023-11-22T20:55:00.859+0000] {processor.py:839} INFO - DAG(s) dict_keys(['example_trigger_controller_dag']) retrieved from /home/airflow/.local/lib/python3.8/site-packages/airflow/example_dags/example_trigger_controller_dag.py
[2023-11-22T20:55:00.881+0000] {logging_mixin.py:154} INFO - [2023-11-22T20:55:00.881+0000] {dag.py:2941} INFO - Sync 1 DAGs
[2023-11-22T20:55:00.903+0000] {logging_mixin.py:154} INFO - [2023-11-22T20:55:00.902+0000] {dag.py:3722} INFO - Setting next_dagrun for example_trigger_controller_dag to 2021-01-01T00:00:00+00:00, run_after=2021-01-01T00:00:00+00:00
[2023-11-22T20:55:00.923+0000] {processor.py:179} INFO - Processing /home/airflow/.local/lib/python3.8/site-packages/airflow/example_dags/example_trigger_controller_dag.py took 0.081 seconds
[2023-11-22T20:55:31.059+0000] {processor.py:157} INFO - Started process (PID=930) to work on /home/airflow/.local/lib/python3.8/site-packages/airflow/example_dags/example_trigger_controller_dag.py
[2023-11-22T20:55:31.061+0000] {processor.py:829} INFO - Processing file /home/airflow/.local/lib/python3.8/site-packages/airflow/example_dags/example_trigger_controller_dag.py for tasks to queue
[2023-11-22T20:55:31.064+0000] {logging_mixin.py:154} INFO - [2023-11-22T20:55:31.064+0000] {dagbag.py:536} INFO - Filling up the DagBag from /home/airflow/.local/lib/python3.8/site-packages/airflow/example_dags/example_trigger_controller_dag.py
[2023-11-22T20:55:31.071+0000] {processor.py:839} INFO - DAG(s) dict_keys(['example_trigger_controller_dag']) retrieved from /home/airflow/.local/lib/python3.8/site-packages/airflow/example_dags/example_trigger_controller_dag.py
[2023-11-22T20:55:31.099+0000] {logging_mixin.py:154} INFO - [2023-11-22T20:55:31.099+0000] {dag.py:2941} INFO - Sync 1 DAGs
[2023-11-22T20:55:31.127+0000] {logging_mixin.py:154} INFO - [2023-11-22T20:55:31.126+0000] {dag.py:3722} INFO - Setting next_dagrun for example_trigger_controller_dag to 2021-01-01T00:00:00+00:00, run_after=2021-01-01T00:00:00+00:00
[2023-11-22T20:55:31.153+0000] {processor.py:179} INFO - Processing /home/airflow/.local/lib/python3.8/site-packages/airflow/example_dags/example_trigger_controller_dag.py took 0.098 seconds
[2023-11-22T20:56:01.797+0000] {processor.py:157} INFO - Started process (PID=985) to work on /home/airflow/.local/lib/python3.8/site-packages/airflow/example_dags/example_trigger_controller_dag.py
[2023-11-22T20:56:01.799+0000] {processor.py:829} INFO - Processing file /home/airflow/.local/lib/python3.8/site-packages/airflow/example_dags/example_trigger_controller_dag.py for tasks to queue
[2023-11-22T20:56:01.802+0000] {logging_mixin.py:154} INFO - [2023-11-22T20:56:01.802+0000] {dagbag.py:536} INFO - Filling up the DagBag from /home/airflow/.local/lib/python3.8/site-packages/airflow/example_dags/example_trigger_controller_dag.py
[2023-11-22T20:56:01.809+0000] {processor.py:839} INFO - DAG(s) dict_keys(['example_trigger_controller_dag']) retrieved from /home/airflow/.local/lib/python3.8/site-packages/airflow/example_dags/example_trigger_controller_dag.py
[2023-11-22T20:56:01.834+0000] {logging_mixin.py:154} INFO - [2023-11-22T20:56:01.834+0000] {dag.py:2941} INFO - Sync 1 DAGs
[2023-11-22T20:56:01.863+0000] {logging_mixin.py:154} INFO - [2023-11-22T20:56:01.863+0000] {dag.py:3722} INFO - Setting next_dagrun for example_trigger_controller_dag to 2021-01-01T00:00:00+00:00, run_after=2021-01-01T00:00:00+00:00
[2023-11-22T20:56:02.071+0000] {processor.py:179} INFO - Processing /home/airflow/.local/lib/python3.8/site-packages/airflow/example_dags/example_trigger_controller_dag.py took 0.279 seconds
[2023-11-22T20:56:32.471+0000] {processor.py:157} INFO - Started process (PID=1039) to work on /home/airflow/.local/lib/python3.8/site-packages/airflow/example_dags/example_trigger_controller_dag.py
[2023-11-22T20:56:32.472+0000] {processor.py:829} INFO - Processing file /home/airflow/.local/lib/python3.8/site-packages/airflow/example_dags/example_trigger_controller_dag.py for tasks to queue
[2023-11-22T20:56:32.476+0000] {logging_mixin.py:154} INFO - [2023-11-22T20:56:32.476+0000] {dagbag.py:536} INFO - Filling up the DagBag from /home/airflow/.local/lib/python3.8/site-packages/airflow/example_dags/example_trigger_controller_dag.py
[2023-11-22T20:56:32.483+0000] {processor.py:839} INFO - DAG(s) dict_keys(['example_trigger_controller_dag']) retrieved from /home/airflow/.local/lib/python3.8/site-packages/airflow/example_dags/example_trigger_controller_dag.py
[2023-11-22T20:56:32.507+0000] {logging_mixin.py:154} INFO - [2023-11-22T20:56:32.507+0000] {dag.py:2941} INFO - Sync 1 DAGs
[2023-11-22T20:56:32.528+0000] {logging_mixin.py:154} INFO - [2023-11-22T20:56:32.528+0000] {dag.py:3722} INFO - Setting next_dagrun for example_trigger_controller_dag to 2021-01-01T00:00:00+00:00, run_after=2021-01-01T00:00:00+00:00
[2023-11-22T20:56:32.548+0000] {processor.py:179} INFO - Processing /home/airflow/.local/lib/python3.8/site-packages/airflow/example_dags/example_trigger_controller_dag.py took 0.084 seconds
[2023-11-22T20:57:02.673+0000] {processor.py:157} INFO - Started process (PID=1093) to work on /home/airflow/.local/lib/python3.8/site-packages/airflow/example_dags/example_trigger_controller_dag.py
[2023-11-22T20:57:02.674+0000] {processor.py:829} INFO - Processing file /home/airflow/.local/lib/python3.8/site-packages/airflow/example_dags/example_trigger_controller_dag.py for tasks to queue
[2023-11-22T20:57:02.677+0000] {logging_mixin.py:154} INFO - [2023-11-22T20:57:02.677+0000] {dagbag.py:536} INFO - Filling up the DagBag from /home/airflow/.local/lib/python3.8/site-packages/airflow/example_dags/example_trigger_controller_dag.py
[2023-11-22T20:57:02.682+0000] {processor.py:839} INFO - DAG(s) dict_keys(['example_trigger_controller_dag']) retrieved from /home/airflow/.local/lib/python3.8/site-packages/airflow/example_dags/example_trigger_controller_dag.py
[2023-11-22T20:57:02.703+0000] {logging_mixin.py:154} INFO - [2023-11-22T20:57:02.703+0000] {dag.py:2941} INFO - Sync 1 DAGs
[2023-11-22T20:57:02.725+0000] {logging_mixin.py:154} INFO - [2023-11-22T20:57:02.725+0000] {dag.py:3722} INFO - Setting next_dagrun for example_trigger_controller_dag to 2021-01-01T00:00:00+00:00, run_after=2021-01-01T00:00:00+00:00
[2023-11-22T20:57:02.746+0000] {processor.py:179} INFO - Processing /home/airflow/.local/lib/python3.8/site-packages/airflow/example_dags/example_trigger_controller_dag.py took 0.078 seconds
[2023-11-22T20:57:33.184+0000] {processor.py:157} INFO - Started process (PID=1147) to work on /home/airflow/.local/lib/python3.8/site-packages/airflow/example_dags/example_trigger_controller_dag.py
[2023-11-22T20:57:33.185+0000] {processor.py:829} INFO - Processing file /home/airflow/.local/lib/python3.8/site-packages/airflow/example_dags/example_trigger_controller_dag.py for tasks to queue
[2023-11-22T20:57:33.188+0000] {logging_mixin.py:154} INFO - [2023-11-22T20:57:33.187+0000] {dagbag.py:536} INFO - Filling up the DagBag from /home/airflow/.local/lib/python3.8/site-packages/airflow/example_dags/example_trigger_controller_dag.py
[2023-11-22T20:57:33.195+0000] {processor.py:839} INFO - DAG(s) dict_keys(['example_trigger_controller_dag']) retrieved from /home/airflow/.local/lib/python3.8/site-packages/airflow/example_dags/example_trigger_controller_dag.py
[2023-11-22T20:57:33.219+0000] {logging_mixin.py:154} INFO - [2023-11-22T20:57:33.218+0000] {dag.py:2941} INFO - Sync 1 DAGs
[2023-11-22T20:57:33.242+0000] {logging_mixin.py:154} INFO - [2023-11-22T20:57:33.241+0000] {dag.py:3722} INFO - Setting next_dagrun for example_trigger_controller_dag to 2021-01-01T00:00:00+00:00, run_after=2021-01-01T00:00:00+00:00
[2023-11-22T20:57:33.266+0000] {processor.py:179} INFO - Processing /home/airflow/.local/lib/python3.8/site-packages/airflow/example_dags/example_trigger_controller_dag.py took 0.086 seconds
[2023-11-22T20:58:03.709+0000] {processor.py:157} INFO - Started process (PID=1201) to work on /home/airflow/.local/lib/python3.8/site-packages/airflow/example_dags/example_trigger_controller_dag.py
[2023-11-22T20:58:03.710+0000] {processor.py:829} INFO - Processing file /home/airflow/.local/lib/python3.8/site-packages/airflow/example_dags/example_trigger_controller_dag.py for tasks to queue
[2023-11-22T20:58:03.713+0000] {logging_mixin.py:154} INFO - [2023-11-22T20:58:03.712+0000] {dagbag.py:536} INFO - Filling up the DagBag from /home/airflow/.local/lib/python3.8/site-packages/airflow/example_dags/example_trigger_controller_dag.py
[2023-11-22T20:58:03.718+0000] {processor.py:839} INFO - DAG(s) dict_keys(['example_trigger_controller_dag']) retrieved from /home/airflow/.local/lib/python3.8/site-packages/airflow/example_dags/example_trigger_controller_dag.py
[2023-11-22T20:58:03.739+0000] {logging_mixin.py:154} INFO - [2023-11-22T20:58:03.739+0000] {dag.py:2941} INFO - Sync 1 DAGs
[2023-11-22T20:58:03.761+0000] {logging_mixin.py:154} INFO - [2023-11-22T20:58:03.761+0000] {dag.py:3722} INFO - Setting next_dagrun for example_trigger_controller_dag to 2021-01-01T00:00:00+00:00, run_after=2021-01-01T00:00:00+00:00
[2023-11-22T20:58:03.782+0000] {processor.py:179} INFO - Processing /home/airflow/.local/lib/python3.8/site-packages/airflow/example_dags/example_trigger_controller_dag.py took 0.076 seconds
[2023-11-22T20:58:34.667+0000] {processor.py:157} INFO - Started process (PID=1255) to work on /home/airflow/.local/lib/python3.8/site-packages/airflow/example_dags/example_trigger_controller_dag.py
[2023-11-22T20:58:34.668+0000] {processor.py:829} INFO - Processing file /home/airflow/.local/lib/python3.8/site-packages/airflow/example_dags/example_trigger_controller_dag.py for tasks to queue
[2023-11-22T20:58:34.671+0000] {logging_mixin.py:154} INFO - [2023-11-22T20:58:34.671+0000] {dagbag.py:536} INFO - Filling up the DagBag from /home/airflow/.local/lib/python3.8/site-packages/airflow/example_dags/example_trigger_controller_dag.py
[2023-11-22T20:58:34.678+0000] {processor.py:839} INFO - DAG(s) dict_keys(['example_trigger_controller_dag']) retrieved from /home/airflow/.local/lib/python3.8/site-packages/airflow/example_dags/example_trigger_controller_dag.py
[2023-11-22T20:58:34.702+0000] {logging_mixin.py:154} INFO - [2023-11-22T20:58:34.702+0000] {dag.py:2941} INFO - Sync 1 DAGs
[2023-11-22T20:58:34.725+0000] {logging_mixin.py:154} INFO - [2023-11-22T20:58:34.725+0000] {dag.py:3722} INFO - Setting next_dagrun for example_trigger_controller_dag to 2021-01-01T00:00:00+00:00, run_after=2021-01-01T00:00:00+00:00
[2023-11-22T20:58:34.750+0000] {processor.py:179} INFO - Processing /home/airflow/.local/lib/python3.8/site-packages/airflow/example_dags/example_trigger_controller_dag.py took 0.089 seconds
[2023-11-22T20:59:05.755+0000] {processor.py:157} INFO - Started process (PID=1309) to work on /home/airflow/.local/lib/python3.8/site-packages/airflow/example_dags/example_trigger_controller_dag.py
[2023-11-22T20:59:05.756+0000] {processor.py:829} INFO - Processing file /home/airflow/.local/lib/python3.8/site-packages/airflow/example_dags/example_trigger_controller_dag.py for tasks to queue
[2023-11-22T20:59:05.759+0000] {logging_mixin.py:154} INFO - [2023-11-22T20:59:05.758+0000] {dagbag.py:536} INFO - Filling up the DagBag from /home/airflow/.local/lib/python3.8/site-packages/airflow/example_dags/example_trigger_controller_dag.py
[2023-11-22T20:59:05.764+0000] {processor.py:839} INFO - DAG(s) dict_keys(['example_trigger_controller_dag']) retrieved from /home/airflow/.local/lib/python3.8/site-packages/airflow/example_dags/example_trigger_controller_dag.py
[2023-11-22T20:59:05.784+0000] {logging_mixin.py:154} INFO - [2023-11-22T20:59:05.784+0000] {dag.py:2941} INFO - Sync 1 DAGs
[2023-11-22T20:59:05.945+0000] {logging_mixin.py:154} INFO - [2023-11-22T20:59:05.945+0000] {dag.py:3722} INFO - Setting next_dagrun for example_trigger_controller_dag to 2021-01-01T00:00:00+00:00, run_after=2021-01-01T00:00:00+00:00
[2023-11-22T20:59:05.971+0000] {processor.py:179} INFO - Processing /home/airflow/.local/lib/python3.8/site-packages/airflow/example_dags/example_trigger_controller_dag.py took 0.220 seconds
[2023-11-22T20:59:36.486+0000] {processor.py:157} INFO - Started process (PID=1363) to work on /home/airflow/.local/lib/python3.8/site-packages/airflow/example_dags/example_trigger_controller_dag.py
[2023-11-22T20:59:36.488+0000] {processor.py:829} INFO - Processing file /home/airflow/.local/lib/python3.8/site-packages/airflow/example_dags/example_trigger_controller_dag.py for tasks to queue
[2023-11-22T20:59:36.491+0000] {logging_mixin.py:154} INFO - [2023-11-22T20:59:36.491+0000] {dagbag.py:536} INFO - Filling up the DagBag from /home/airflow/.local/lib/python3.8/site-packages/airflow/example_dags/example_trigger_controller_dag.py
[2023-11-22T20:59:36.497+0000] {processor.py:839} INFO - DAG(s) dict_keys(['example_trigger_controller_dag']) retrieved from /home/airflow/.local/lib/python3.8/site-packages/airflow/example_dags/example_trigger_controller_dag.py
[2023-11-22T20:59:36.522+0000] {logging_mixin.py:154} INFO - [2023-11-22T20:59:36.521+0000] {dag.py:2941} INFO - Sync 1 DAGs
[2023-11-22T20:59:36.558+0000] {logging_mixin.py:154} INFO - [2023-11-22T20:59:36.557+0000] {dag.py:3722} INFO - Setting next_dagrun for example_trigger_controller_dag to 2021-01-01T00:00:00+00:00, run_after=2021-01-01T00:00:00+00:00
[2023-11-22T20:59:36.729+0000] {processor.py:179} INFO - Processing /home/airflow/.local/lib/python3.8/site-packages/airflow/example_dags/example_trigger_controller_dag.py took 0.246 seconds
[2023-11-22T21:00:07.202+0000] {processor.py:157} INFO - Started process (PID=1417) to work on /home/airflow/.local/lib/python3.8/site-packages/airflow/example_dags/example_trigger_controller_dag.py
[2023-11-22T21:00:07.203+0000] {processor.py:829} INFO - Processing file /home/airflow/.local/lib/python3.8/site-packages/airflow/example_dags/example_trigger_controller_dag.py for tasks to queue
[2023-11-22T21:00:07.206+0000] {logging_mixin.py:154} INFO - [2023-11-22T21:00:07.206+0000] {dagbag.py:536} INFO - Filling up the DagBag from /home/airflow/.local/lib/python3.8/site-packages/airflow/example_dags/example_trigger_controller_dag.py
[2023-11-22T21:00:07.212+0000] {processor.py:839} INFO - DAG(s) dict_keys(['example_trigger_controller_dag']) retrieved from /home/airflow/.local/lib/python3.8/site-packages/airflow/example_dags/example_trigger_controller_dag.py
[2023-11-22T21:00:07.235+0000] {logging_mixin.py:154} INFO - [2023-11-22T21:00:07.234+0000] {dag.py:2941} INFO - Sync 1 DAGs
[2023-11-22T21:00:07.259+0000] {logging_mixin.py:154} INFO - [2023-11-22T21:00:07.258+0000] {dag.py:3722} INFO - Setting next_dagrun for example_trigger_controller_dag to 2021-01-01T00:00:00+00:00, run_after=2021-01-01T00:00:00+00:00
[2023-11-22T21:00:07.279+0000] {processor.py:179} INFO - Processing /home/airflow/.local/lib/python3.8/site-packages/airflow/example_dags/example_trigger_controller_dag.py took 0.080 seconds
[2023-11-22T21:00:38.556+0000] {processor.py:157} INFO - Started process (PID=1471) to work on /home/airflow/.local/lib/python3.8/site-packages/airflow/example_dags/example_trigger_controller_dag.py
[2023-11-22T21:00:38.558+0000] {processor.py:829} INFO - Processing file /home/airflow/.local/lib/python3.8/site-packages/airflow/example_dags/example_trigger_controller_dag.py for tasks to queue
[2023-11-22T21:00:38.561+0000] {logging_mixin.py:154} INFO - [2023-11-22T21:00:38.561+0000] {dagbag.py:536} INFO - Filling up the DagBag from /home/airflow/.local/lib/python3.8/site-packages/airflow/example_dags/example_trigger_controller_dag.py
[2023-11-22T21:00:38.566+0000] {processor.py:839} INFO - DAG(s) dict_keys(['example_trigger_controller_dag']) retrieved from /home/airflow/.local/lib/python3.8/site-packages/airflow/example_dags/example_trigger_controller_dag.py
[2023-11-22T21:00:38.590+0000] {logging_mixin.py:154} INFO - [2023-11-22T21:00:38.590+0000] {dag.py:2941} INFO - Sync 1 DAGs
[2023-11-22T21:00:38.752+0000] {logging_mixin.py:154} INFO - [2023-11-22T21:00:38.752+0000] {dag.py:3722} INFO - Setting next_dagrun for example_trigger_controller_dag to 2021-01-01T00:00:00+00:00, run_after=2021-01-01T00:00:00+00:00
[2023-11-22T21:00:38.799+0000] {processor.py:179} INFO - Processing /home/airflow/.local/lib/python3.8/site-packages/airflow/example_dags/example_trigger_controller_dag.py took 0.246 seconds
[2023-11-22T21:01:08.844+0000] {processor.py:157} INFO - Started process (PID=1525) to work on /home/airflow/.local/lib/python3.8/site-packages/airflow/example_dags/example_trigger_controller_dag.py
[2023-11-22T21:01:08.846+0000] {processor.py:829} INFO - Processing file /home/airflow/.local/lib/python3.8/site-packages/airflow/example_dags/example_trigger_controller_dag.py for tasks to queue
[2023-11-22T21:01:08.849+0000] {logging_mixin.py:154} INFO - [2023-11-22T21:01:08.849+0000] {dagbag.py:536} INFO - Filling up the DagBag from /home/airflow/.local/lib/python3.8/site-packages/airflow/example_dags/example_trigger_controller_dag.py
[2023-11-22T21:01:08.856+0000] {processor.py:839} INFO - DAG(s) dict_keys(['example_trigger_controller_dag']) retrieved from /home/airflow/.local/lib/python3.8/site-packages/airflow/example_dags/example_trigger_controller_dag.py
[2023-11-22T21:01:08.880+0000] {logging_mixin.py:154} INFO - [2023-11-22T21:01:08.880+0000] {dag.py:2941} INFO - Sync 1 DAGs
[2023-11-22T21:01:08.907+0000] {logging_mixin.py:154} INFO - [2023-11-22T21:01:08.907+0000] {dag.py:3722} INFO - Setting next_dagrun for example_trigger_controller_dag to 2021-01-01T00:00:00+00:00, run_after=2021-01-01T00:00:00+00:00
[2023-11-22T21:01:09.083+0000] {processor.py:179} INFO - Processing /home/airflow/.local/lib/python3.8/site-packages/airflow/example_dags/example_trigger_controller_dag.py took 0.244 seconds
[2023-11-22T21:01:39.781+0000] {processor.py:157} INFO - Started process (PID=1579) to work on /home/airflow/.local/lib/python3.8/site-packages/airflow/example_dags/example_trigger_controller_dag.py
[2023-11-22T21:01:39.783+0000] {processor.py:829} INFO - Processing file /home/airflow/.local/lib/python3.8/site-packages/airflow/example_dags/example_trigger_controller_dag.py for tasks to queue
[2023-11-22T21:01:39.785+0000] {logging_mixin.py:154} INFO - [2023-11-22T21:01:39.785+0000] {dagbag.py:536} INFO - Filling up the DagBag from /home/airflow/.local/lib/python3.8/site-packages/airflow/example_dags/example_trigger_controller_dag.py
[2023-11-22T21:01:39.790+0000] {processor.py:839} INFO - DAG(s) dict_keys(['example_trigger_controller_dag']) retrieved from /home/airflow/.local/lib/python3.8/site-packages/airflow/example_dags/example_trigger_controller_dag.py
[2023-11-22T21:01:39.812+0000] {logging_mixin.py:154} INFO - [2023-11-22T21:01:39.812+0000] {dag.py:2941} INFO - Sync 1 DAGs
[2023-11-22T21:01:39.837+0000] {logging_mixin.py:154} INFO - [2023-11-22T21:01:39.837+0000] {dag.py:3722} INFO - Setting next_dagrun for example_trigger_controller_dag to 2021-01-01T00:00:00+00:00, run_after=2021-01-01T00:00:00+00:00
[2023-11-22T21:01:39.863+0000] {processor.py:179} INFO - Processing /home/airflow/.local/lib/python3.8/site-packages/airflow/example_dags/example_trigger_controller_dag.py took 0.084 seconds
[2023-11-22T21:02:10.529+0000] {processor.py:157} INFO - Started process (PID=1633) to work on /home/airflow/.local/lib/python3.8/site-packages/airflow/example_dags/example_trigger_controller_dag.py
[2023-11-22T21:02:10.530+0000] {processor.py:829} INFO - Processing file /home/airflow/.local/lib/python3.8/site-packages/airflow/example_dags/example_trigger_controller_dag.py for tasks to queue
[2023-11-22T21:02:10.533+0000] {logging_mixin.py:154} INFO - [2023-11-22T21:02:10.532+0000] {dagbag.py:536} INFO - Filling up the DagBag from /home/airflow/.local/lib/python3.8/site-packages/airflow/example_dags/example_trigger_controller_dag.py
[2023-11-22T21:02:10.538+0000] {processor.py:839} INFO - DAG(s) dict_keys(['example_trigger_controller_dag']) retrieved from /home/airflow/.local/lib/python3.8/site-packages/airflow/example_dags/example_trigger_controller_dag.py
[2023-11-22T21:02:10.688+0000] {logging_mixin.py:154} INFO - [2023-11-22T21:02:10.688+0000] {dag.py:2941} INFO - Sync 1 DAGs
[2023-11-22T21:02:10.712+0000] {logging_mixin.py:154} INFO - [2023-11-22T21:02:10.712+0000] {dag.py:3722} INFO - Setting next_dagrun for example_trigger_controller_dag to 2021-01-01T00:00:00+00:00, run_after=2021-01-01T00:00:00+00:00
[2023-11-22T21:02:10.733+0000] {processor.py:179} INFO - Processing /home/airflow/.local/lib/python3.8/site-packages/airflow/example_dags/example_trigger_controller_dag.py took 0.209 seconds
[2023-11-22T21:02:41.165+0000] {processor.py:157} INFO - Started process (PID=1688) to work on /home/airflow/.local/lib/python3.8/site-packages/airflow/example_dags/example_trigger_controller_dag.py
[2023-11-22T21:02:41.166+0000] {processor.py:829} INFO - Processing file /home/airflow/.local/lib/python3.8/site-packages/airflow/example_dags/example_trigger_controller_dag.py for tasks to queue
[2023-11-22T21:02:41.169+0000] {logging_mixin.py:154} INFO - [2023-11-22T21:02:41.169+0000] {dagbag.py:536} INFO - Filling up the DagBag from /home/airflow/.local/lib/python3.8/site-packages/airflow/example_dags/example_trigger_controller_dag.py
[2023-11-22T21:02:41.175+0000] {processor.py:839} INFO - DAG(s) dict_keys(['example_trigger_controller_dag']) retrieved from /home/airflow/.local/lib/python3.8/site-packages/airflow/example_dags/example_trigger_controller_dag.py
[2023-11-22T21:02:41.197+0000] {logging_mixin.py:154} INFO - [2023-11-22T21:02:41.197+0000] {dag.py:2941} INFO - Sync 1 DAGs
[2023-11-22T21:02:41.372+0000] {logging_mixin.py:154} INFO - [2023-11-22T21:02:41.372+0000] {dag.py:3722} INFO - Setting next_dagrun for example_trigger_controller_dag to 2021-01-01T00:00:00+00:00, run_after=2021-01-01T00:00:00+00:00
[2023-11-22T21:02:41.404+0000] {processor.py:179} INFO - Processing /home/airflow/.local/lib/python3.8/site-packages/airflow/example_dags/example_trigger_controller_dag.py took 0.244 seconds
[2023-11-22T21:03:11.465+0000] {processor.py:157} INFO - Started process (PID=1742) to work on /home/airflow/.local/lib/python3.8/site-packages/airflow/example_dags/example_trigger_controller_dag.py
[2023-11-22T21:03:11.466+0000] {processor.py:829} INFO - Processing file /home/airflow/.local/lib/python3.8/site-packages/airflow/example_dags/example_trigger_controller_dag.py for tasks to queue
[2023-11-22T21:03:11.469+0000] {logging_mixin.py:154} INFO - [2023-11-22T21:03:11.469+0000] {dagbag.py:536} INFO - Filling up the DagBag from /home/airflow/.local/lib/python3.8/site-packages/airflow/example_dags/example_trigger_controller_dag.py
[2023-11-22T21:03:11.475+0000] {processor.py:839} INFO - DAG(s) dict_keys(['example_trigger_controller_dag']) retrieved from /home/airflow/.local/lib/python3.8/site-packages/airflow/example_dags/example_trigger_controller_dag.py
[2023-11-22T21:03:11.497+0000] {logging_mixin.py:154} INFO - [2023-11-22T21:03:11.497+0000] {dag.py:2941} INFO - Sync 1 DAGs
[2023-11-22T21:03:11.518+0000] {logging_mixin.py:154} INFO - [2023-11-22T21:03:11.518+0000] {dag.py:3722} INFO - Setting next_dagrun for example_trigger_controller_dag to 2021-01-01T00:00:00+00:00, run_after=2021-01-01T00:00:00+00:00
[2023-11-22T21:03:11.537+0000] {processor.py:179} INFO - Processing /home/airflow/.local/lib/python3.8/site-packages/airflow/example_dags/example_trigger_controller_dag.py took 0.076 seconds
[2023-11-22T21:03:41.714+0000] {processor.py:157} INFO - Started process (PID=1796) to work on /home/airflow/.local/lib/python3.8/site-packages/airflow/example_dags/example_trigger_controller_dag.py
[2023-11-22T21:03:41.715+0000] {processor.py:829} INFO - Processing file /home/airflow/.local/lib/python3.8/site-packages/airflow/example_dags/example_trigger_controller_dag.py for tasks to queue
[2023-11-22T21:03:41.718+0000] {logging_mixin.py:154} INFO - [2023-11-22T21:03:41.718+0000] {dagbag.py:536} INFO - Filling up the DagBag from /home/airflow/.local/lib/python3.8/site-packages/airflow/example_dags/example_trigger_controller_dag.py
[2023-11-22T21:03:41.723+0000] {processor.py:839} INFO - DAG(s) dict_keys(['example_trigger_controller_dag']) retrieved from /home/airflow/.local/lib/python3.8/site-packages/airflow/example_dags/example_trigger_controller_dag.py
[2023-11-22T21:03:41.744+0000] {logging_mixin.py:154} INFO - [2023-11-22T21:03:41.744+0000] {dag.py:2941} INFO - Sync 1 DAGs
[2023-11-22T21:03:41.769+0000] {logging_mixin.py:154} INFO - [2023-11-22T21:03:41.768+0000] {dag.py:3722} INFO - Setting next_dagrun for example_trigger_controller_dag to 2021-01-01T00:00:00+00:00, run_after=2021-01-01T00:00:00+00:00
[2023-11-22T21:03:41.788+0000] {processor.py:179} INFO - Processing /home/airflow/.local/lib/python3.8/site-packages/airflow/example_dags/example_trigger_controller_dag.py took 0.077 seconds
[2023-11-22T21:04:12.047+0000] {processor.py:157} INFO - Started process (PID=1850) to work on /home/airflow/.local/lib/python3.8/site-packages/airflow/example_dags/example_trigger_controller_dag.py
[2023-11-22T21:04:12.049+0000] {processor.py:829} INFO - Processing file /home/airflow/.local/lib/python3.8/site-packages/airflow/example_dags/example_trigger_controller_dag.py for tasks to queue
[2023-11-22T21:04:12.052+0000] {logging_mixin.py:154} INFO - [2023-11-22T21:04:12.052+0000] {dagbag.py:536} INFO - Filling up the DagBag from /home/airflow/.local/lib/python3.8/site-packages/airflow/example_dags/example_trigger_controller_dag.py
[2023-11-22T21:04:12.058+0000] {processor.py:839} INFO - DAG(s) dict_keys(['example_trigger_controller_dag']) retrieved from /home/airflow/.local/lib/python3.8/site-packages/airflow/example_dags/example_trigger_controller_dag.py
[2023-11-22T21:04:12.082+0000] {logging_mixin.py:154} INFO - [2023-11-22T21:04:12.082+0000] {dag.py:2941} INFO - Sync 1 DAGs
[2023-11-22T21:04:12.107+0000] {logging_mixin.py:154} INFO - [2023-11-22T21:04:12.106+0000] {dag.py:3722} INFO - Setting next_dagrun for example_trigger_controller_dag to 2021-01-01T00:00:00+00:00, run_after=2021-01-01T00:00:00+00:00
[2023-11-22T21:04:12.128+0000] {processor.py:179} INFO - Processing /home/airflow/.local/lib/python3.8/site-packages/airflow/example_dags/example_trigger_controller_dag.py took 0.085 seconds
[2023-11-22T21:04:42.312+0000] {processor.py:157} INFO - Started process (PID=1904) to work on /home/airflow/.local/lib/python3.8/site-packages/airflow/example_dags/example_trigger_controller_dag.py
[2023-11-22T21:04:42.314+0000] {processor.py:829} INFO - Processing file /home/airflow/.local/lib/python3.8/site-packages/airflow/example_dags/example_trigger_controller_dag.py for tasks to queue
[2023-11-22T21:04:42.317+0000] {logging_mixin.py:154} INFO - [2023-11-22T21:04:42.317+0000] {dagbag.py:536} INFO - Filling up the DagBag from /home/airflow/.local/lib/python3.8/site-packages/airflow/example_dags/example_trigger_controller_dag.py
[2023-11-22T21:04:42.322+0000] {processor.py:839} INFO - DAG(s) dict_keys(['example_trigger_controller_dag']) retrieved from /home/airflow/.local/lib/python3.8/site-packages/airflow/example_dags/example_trigger_controller_dag.py
[2023-11-22T21:04:42.341+0000] {logging_mixin.py:154} INFO - [2023-11-22T21:04:42.341+0000] {dag.py:2941} INFO - Sync 1 DAGs
[2023-11-22T21:04:42.368+0000] {logging_mixin.py:154} INFO - [2023-11-22T21:04:42.368+0000] {dag.py:3722} INFO - Setting next_dagrun for example_trigger_controller_dag to 2021-01-01T00:00:00+00:00, run_after=2021-01-01T00:00:00+00:00
[2023-11-22T21:04:42.389+0000] {processor.py:179} INFO - Processing /home/airflow/.local/lib/python3.8/site-packages/airflow/example_dags/example_trigger_controller_dag.py took 0.080 seconds
[2023-11-22T21:05:12.513+0000] {processor.py:157} INFO - Started process (PID=1958) to work on /home/airflow/.local/lib/python3.8/site-packages/airflow/example_dags/example_trigger_controller_dag.py
[2023-11-22T21:05:12.515+0000] {processor.py:829} INFO - Processing file /home/airflow/.local/lib/python3.8/site-packages/airflow/example_dags/example_trigger_controller_dag.py for tasks to queue
[2023-11-22T21:05:12.518+0000] {logging_mixin.py:154} INFO - [2023-11-22T21:05:12.517+0000] {dagbag.py:536} INFO - Filling up the DagBag from /home/airflow/.local/lib/python3.8/site-packages/airflow/example_dags/example_trigger_controller_dag.py
[2023-11-22T21:05:12.522+0000] {processor.py:839} INFO - DAG(s) dict_keys(['example_trigger_controller_dag']) retrieved from /home/airflow/.local/lib/python3.8/site-packages/airflow/example_dags/example_trigger_controller_dag.py
[2023-11-22T21:05:12.543+0000] {logging_mixin.py:154} INFO - [2023-11-22T21:05:12.543+0000] {dag.py:2941} INFO - Sync 1 DAGs
[2023-11-22T21:05:12.568+0000] {logging_mixin.py:154} INFO - [2023-11-22T21:05:12.568+0000] {dag.py:3722} INFO - Setting next_dagrun for example_trigger_controller_dag to 2021-01-01T00:00:00+00:00, run_after=2021-01-01T00:00:00+00:00
[2023-11-22T21:05:12.592+0000] {processor.py:179} INFO - Processing /home/airflow/.local/lib/python3.8/site-packages/airflow/example_dags/example_trigger_controller_dag.py took 0.082 seconds
[2023-11-22T21:05:43.125+0000] {processor.py:157} INFO - Started process (PID=2012) to work on /home/airflow/.local/lib/python3.8/site-packages/airflow/example_dags/example_trigger_controller_dag.py
[2023-11-22T21:05:43.126+0000] {processor.py:829} INFO - Processing file /home/airflow/.local/lib/python3.8/site-packages/airflow/example_dags/example_trigger_controller_dag.py for tasks to queue
[2023-11-22T21:05:43.129+0000] {logging_mixin.py:154} INFO - [2023-11-22T21:05:43.129+0000] {dagbag.py:536} INFO - Filling up the DagBag from /home/airflow/.local/lib/python3.8/site-packages/airflow/example_dags/example_trigger_controller_dag.py
[2023-11-22T21:05:43.134+0000] {processor.py:839} INFO - DAG(s) dict_keys(['example_trigger_controller_dag']) retrieved from /home/airflow/.local/lib/python3.8/site-packages/airflow/example_dags/example_trigger_controller_dag.py
[2023-11-22T21:05:43.157+0000] {logging_mixin.py:154} INFO - [2023-11-22T21:05:43.157+0000] {dag.py:2941} INFO - Sync 1 DAGs
[2023-11-22T21:05:43.182+0000] {logging_mixin.py:154} INFO - [2023-11-22T21:05:43.181+0000] {dag.py:3722} INFO - Setting next_dagrun for example_trigger_controller_dag to 2021-01-01T00:00:00+00:00, run_after=2021-01-01T00:00:00+00:00
[2023-11-22T21:05:43.204+0000] {processor.py:179} INFO - Processing /home/airflow/.local/lib/python3.8/site-packages/airflow/example_dags/example_trigger_controller_dag.py took 0.082 seconds
[2023-11-22T21:06:13.680+0000] {processor.py:157} INFO - Started process (PID=2066) to work on /home/airflow/.local/lib/python3.8/site-packages/airflow/example_dags/example_trigger_controller_dag.py
[2023-11-22T21:06:13.682+0000] {processor.py:829} INFO - Processing file /home/airflow/.local/lib/python3.8/site-packages/airflow/example_dags/example_trigger_controller_dag.py for tasks to queue
[2023-11-22T21:06:13.686+0000] {logging_mixin.py:154} INFO - [2023-11-22T21:06:13.686+0000] {dagbag.py:536} INFO - Filling up the DagBag from /home/airflow/.local/lib/python3.8/site-packages/airflow/example_dags/example_trigger_controller_dag.py
[2023-11-22T21:06:13.692+0000] {processor.py:839} INFO - DAG(s) dict_keys(['example_trigger_controller_dag']) retrieved from /home/airflow/.local/lib/python3.8/site-packages/airflow/example_dags/example_trigger_controller_dag.py
[2023-11-22T21:06:13.717+0000] {logging_mixin.py:154} INFO - [2023-11-22T21:06:13.717+0000] {dag.py:2941} INFO - Sync 1 DAGs
[2023-11-22T21:06:13.753+0000] {logging_mixin.py:154} INFO - [2023-11-22T21:06:13.753+0000] {dag.py:3722} INFO - Setting next_dagrun for example_trigger_controller_dag to 2021-01-01T00:00:00+00:00, run_after=2021-01-01T00:00:00+00:00
[2023-11-22T21:06:13.778+0000] {processor.py:179} INFO - Processing /home/airflow/.local/lib/python3.8/site-packages/airflow/example_dags/example_trigger_controller_dag.py took 0.104 seconds
[2023-11-22T21:06:43.867+0000] {processor.py:157} INFO - Started process (PID=2121) to work on /home/airflow/.local/lib/python3.8/site-packages/airflow/example_dags/example_trigger_controller_dag.py
[2023-11-22T21:06:43.869+0000] {processor.py:829} INFO - Processing file /home/airflow/.local/lib/python3.8/site-packages/airflow/example_dags/example_trigger_controller_dag.py for tasks to queue
[2023-11-22T21:06:43.871+0000] {logging_mixin.py:154} INFO - [2023-11-22T21:06:43.871+0000] {dagbag.py:536} INFO - Filling up the DagBag from /home/airflow/.local/lib/python3.8/site-packages/airflow/example_dags/example_trigger_controller_dag.py
[2023-11-22T21:06:43.876+0000] {processor.py:839} INFO - DAG(s) dict_keys(['example_trigger_controller_dag']) retrieved from /home/airflow/.local/lib/python3.8/site-packages/airflow/example_dags/example_trigger_controller_dag.py
[2023-11-22T21:06:43.899+0000] {logging_mixin.py:154} INFO - [2023-11-22T21:06:43.899+0000] {dag.py:2941} INFO - Sync 1 DAGs
[2023-11-22T21:06:43.926+0000] {logging_mixin.py:154} INFO - [2023-11-22T21:06:43.926+0000] {dag.py:3722} INFO - Setting next_dagrun for example_trigger_controller_dag to 2021-01-01T00:00:00+00:00, run_after=2021-01-01T00:00:00+00:00
[2023-11-22T21:06:43.950+0000] {processor.py:179} INFO - Processing /home/airflow/.local/lib/python3.8/site-packages/airflow/example_dags/example_trigger_controller_dag.py took 0.086 seconds
[2023-11-22T21:07:14.100+0000] {processor.py:157} INFO - Started process (PID=2175) to work on /home/airflow/.local/lib/python3.8/site-packages/airflow/example_dags/example_trigger_controller_dag.py
[2023-11-22T21:07:14.101+0000] {processor.py:829} INFO - Processing file /home/airflow/.local/lib/python3.8/site-packages/airflow/example_dags/example_trigger_controller_dag.py for tasks to queue
[2023-11-22T21:07:14.104+0000] {logging_mixin.py:154} INFO - [2023-11-22T21:07:14.104+0000] {dagbag.py:536} INFO - Filling up the DagBag from /home/airflow/.local/lib/python3.8/site-packages/airflow/example_dags/example_trigger_controller_dag.py
[2023-11-22T21:07:14.109+0000] {processor.py:839} INFO - DAG(s) dict_keys(['example_trigger_controller_dag']) retrieved from /home/airflow/.local/lib/python3.8/site-packages/airflow/example_dags/example_trigger_controller_dag.py
[2023-11-22T21:07:14.129+0000] {logging_mixin.py:154} INFO - [2023-11-22T21:07:14.129+0000] {dag.py:2941} INFO - Sync 1 DAGs
[2023-11-22T21:07:14.152+0000] {logging_mixin.py:154} INFO - [2023-11-22T21:07:14.152+0000] {dag.py:3722} INFO - Setting next_dagrun for example_trigger_controller_dag to 2021-01-01T00:00:00+00:00, run_after=2021-01-01T00:00:00+00:00
[2023-11-22T21:07:14.172+0000] {processor.py:179} INFO - Processing /home/airflow/.local/lib/python3.8/site-packages/airflow/example_dags/example_trigger_controller_dag.py took 0.075 seconds
[2023-11-22T21:07:44.399+0000] {processor.py:157} INFO - Started process (PID=2229) to work on /home/airflow/.local/lib/python3.8/site-packages/airflow/example_dags/example_trigger_controller_dag.py
[2023-11-22T21:07:44.401+0000] {processor.py:829} INFO - Processing file /home/airflow/.local/lib/python3.8/site-packages/airflow/example_dags/example_trigger_controller_dag.py for tasks to queue
[2023-11-22T21:07:44.403+0000] {logging_mixin.py:154} INFO - [2023-11-22T21:07:44.403+0000] {dagbag.py:536} INFO - Filling up the DagBag from /home/airflow/.local/lib/python3.8/site-packages/airflow/example_dags/example_trigger_controller_dag.py
[2023-11-22T21:07:44.408+0000] {processor.py:839} INFO - DAG(s) dict_keys(['example_trigger_controller_dag']) retrieved from /home/airflow/.local/lib/python3.8/site-packages/airflow/example_dags/example_trigger_controller_dag.py
[2023-11-22T21:07:44.429+0000] {logging_mixin.py:154} INFO - [2023-11-22T21:07:44.429+0000] {dag.py:2941} INFO - Sync 1 DAGs
[2023-11-22T21:07:44.455+0000] {logging_mixin.py:154} INFO - [2023-11-22T21:07:44.455+0000] {dag.py:3722} INFO - Setting next_dagrun for example_trigger_controller_dag to 2021-01-01T00:00:00+00:00, run_after=2021-01-01T00:00:00+00:00
[2023-11-22T21:07:44.476+0000] {processor.py:179} INFO - Processing /home/airflow/.local/lib/python3.8/site-packages/airflow/example_dags/example_trigger_controller_dag.py took 0.080 seconds
[2023-11-22T21:08:14.649+0000] {processor.py:157} INFO - Started process (PID=2283) to work on /home/airflow/.local/lib/python3.8/site-packages/airflow/example_dags/example_trigger_controller_dag.py
[2023-11-22T21:08:14.650+0000] {processor.py:829} INFO - Processing file /home/airflow/.local/lib/python3.8/site-packages/airflow/example_dags/example_trigger_controller_dag.py for tasks to queue
[2023-11-22T21:08:14.653+0000] {logging_mixin.py:154} INFO - [2023-11-22T21:08:14.652+0000] {dagbag.py:536} INFO - Filling up the DagBag from /home/airflow/.local/lib/python3.8/site-packages/airflow/example_dags/example_trigger_controller_dag.py
[2023-11-22T21:08:14.658+0000] {processor.py:839} INFO - DAG(s) dict_keys(['example_trigger_controller_dag']) retrieved from /home/airflow/.local/lib/python3.8/site-packages/airflow/example_dags/example_trigger_controller_dag.py
[2023-11-22T21:08:14.684+0000] {logging_mixin.py:154} INFO - [2023-11-22T21:08:14.684+0000] {dag.py:2941} INFO - Sync 1 DAGs
[2023-11-22T21:08:14.710+0000] {logging_mixin.py:154} INFO - [2023-11-22T21:08:14.709+0000] {dag.py:3722} INFO - Setting next_dagrun for example_trigger_controller_dag to 2021-01-01T00:00:00+00:00, run_after=2021-01-01T00:00:00+00:00
[2023-11-22T21:08:14.729+0000] {processor.py:179} INFO - Processing /home/airflow/.local/lib/python3.8/site-packages/airflow/example_dags/example_trigger_controller_dag.py took 0.083 seconds
[2023-11-22T21:08:45.338+0000] {processor.py:157} INFO - Started process (PID=2337) to work on /home/airflow/.local/lib/python3.8/site-packages/airflow/example_dags/example_trigger_controller_dag.py
[2023-11-22T21:08:45.339+0000] {processor.py:829} INFO - Processing file /home/airflow/.local/lib/python3.8/site-packages/airflow/example_dags/example_trigger_controller_dag.py for tasks to queue
[2023-11-22T21:08:45.342+0000] {logging_mixin.py:154} INFO - [2023-11-22T21:08:45.341+0000] {dagbag.py:536} INFO - Filling up the DagBag from /home/airflow/.local/lib/python3.8/site-packages/airflow/example_dags/example_trigger_controller_dag.py
[2023-11-22T21:08:45.346+0000] {processor.py:839} INFO - DAG(s) dict_keys(['example_trigger_controller_dag']) retrieved from /home/airflow/.local/lib/python3.8/site-packages/airflow/example_dags/example_trigger_controller_dag.py
[2023-11-22T21:08:45.366+0000] {logging_mixin.py:154} INFO - [2023-11-22T21:08:45.366+0000] {dag.py:2941} INFO - Sync 1 DAGs
[2023-11-22T21:08:45.391+0000] {logging_mixin.py:154} INFO - [2023-11-22T21:08:45.391+0000] {dag.py:3722} INFO - Setting next_dagrun for example_trigger_controller_dag to 2021-01-01T00:00:00+00:00, run_after=2021-01-01T00:00:00+00:00
[2023-11-22T21:08:45.412+0000] {processor.py:179} INFO - Processing /home/airflow/.local/lib/python3.8/site-packages/airflow/example_dags/example_trigger_controller_dag.py took 0.078 seconds
[2023-11-22T21:09:15.678+0000] {processor.py:157} INFO - Started process (PID=2391) to work on /home/airflow/.local/lib/python3.8/site-packages/airflow/example_dags/example_trigger_controller_dag.py
[2023-11-22T21:09:15.679+0000] {processor.py:829} INFO - Processing file /home/airflow/.local/lib/python3.8/site-packages/airflow/example_dags/example_trigger_controller_dag.py for tasks to queue
[2023-11-22T21:09:15.682+0000] {logging_mixin.py:154} INFO - [2023-11-22T21:09:15.682+0000] {dagbag.py:536} INFO - Filling up the DagBag from /home/airflow/.local/lib/python3.8/site-packages/airflow/example_dags/example_trigger_controller_dag.py
[2023-11-22T21:09:15.687+0000] {processor.py:839} INFO - DAG(s) dict_keys(['example_trigger_controller_dag']) retrieved from /home/airflow/.local/lib/python3.8/site-packages/airflow/example_dags/example_trigger_controller_dag.py
[2023-11-22T21:09:15.708+0000] {logging_mixin.py:154} INFO - [2023-11-22T21:09:15.708+0000] {dag.py:2941} INFO - Sync 1 DAGs
[2023-11-22T21:09:15.735+0000] {logging_mixin.py:154} INFO - [2023-11-22T21:09:15.735+0000] {dag.py:3722} INFO - Setting next_dagrun for example_trigger_controller_dag to 2021-01-01T00:00:00+00:00, run_after=2021-01-01T00:00:00+00:00
[2023-11-22T21:09:15.758+0000] {processor.py:179} INFO - Processing /home/airflow/.local/lib/python3.8/site-packages/airflow/example_dags/example_trigger_controller_dag.py took 0.084 seconds
[2023-11-22T21:09:45.892+0000] {processor.py:157} INFO - Started process (PID=2445) to work on /home/airflow/.local/lib/python3.8/site-packages/airflow/example_dags/example_trigger_controller_dag.py
[2023-11-22T21:09:45.894+0000] {processor.py:829} INFO - Processing file /home/airflow/.local/lib/python3.8/site-packages/airflow/example_dags/example_trigger_controller_dag.py for tasks to queue
[2023-11-22T21:09:45.896+0000] {logging_mixin.py:154} INFO - [2023-11-22T21:09:45.896+0000] {dagbag.py:536} INFO - Filling up the DagBag from /home/airflow/.local/lib/python3.8/site-packages/airflow/example_dags/example_trigger_controller_dag.py
[2023-11-22T21:09:45.902+0000] {processor.py:839} INFO - DAG(s) dict_keys(['example_trigger_controller_dag']) retrieved from /home/airflow/.local/lib/python3.8/site-packages/airflow/example_dags/example_trigger_controller_dag.py
[2023-11-22T21:09:45.924+0000] {logging_mixin.py:154} INFO - [2023-11-22T21:09:45.923+0000] {dag.py:2941} INFO - Sync 1 DAGs
[2023-11-22T21:09:45.947+0000] {logging_mixin.py:154} INFO - [2023-11-22T21:09:45.947+0000] {dag.py:3722} INFO - Setting next_dagrun for example_trigger_controller_dag to 2021-01-01T00:00:00+00:00, run_after=2021-01-01T00:00:00+00:00
[2023-11-22T21:09:45.968+0000] {processor.py:179} INFO - Processing /home/airflow/.local/lib/python3.8/site-packages/airflow/example_dags/example_trigger_controller_dag.py took 0.079 seconds
[2023-11-22T21:10:16.387+0000] {processor.py:157} INFO - Started process (PID=2499) to work on /home/airflow/.local/lib/python3.8/site-packages/airflow/example_dags/example_trigger_controller_dag.py
[2023-11-22T21:10:16.388+0000] {processor.py:829} INFO - Processing file /home/airflow/.local/lib/python3.8/site-packages/airflow/example_dags/example_trigger_controller_dag.py for tasks to queue
[2023-11-22T21:10:16.391+0000] {logging_mixin.py:154} INFO - [2023-11-22T21:10:16.390+0000] {dagbag.py:536} INFO - Filling up the DagBag from /home/airflow/.local/lib/python3.8/site-packages/airflow/example_dags/example_trigger_controller_dag.py
[2023-11-22T21:10:16.396+0000] {processor.py:839} INFO - DAG(s) dict_keys(['example_trigger_controller_dag']) retrieved from /home/airflow/.local/lib/python3.8/site-packages/airflow/example_dags/example_trigger_controller_dag.py
[2023-11-22T21:10:16.420+0000] {logging_mixin.py:154} INFO - [2023-11-22T21:10:16.420+0000] {dag.py:2941} INFO - Sync 1 DAGs
[2023-11-22T21:10:16.444+0000] {logging_mixin.py:154} INFO - [2023-11-22T21:10:16.443+0000] {dag.py:3722} INFO - Setting next_dagrun for example_trigger_controller_dag to 2021-01-01T00:00:00+00:00, run_after=2021-01-01T00:00:00+00:00
[2023-11-22T21:10:16.463+0000] {processor.py:179} INFO - Processing /home/airflow/.local/lib/python3.8/site-packages/airflow/example_dags/example_trigger_controller_dag.py took 0.080 seconds
[2023-11-22T21:10:47.290+0000] {processor.py:157} INFO - Started process (PID=2551) to work on /home/airflow/.local/lib/python3.8/site-packages/airflow/example_dags/example_trigger_controller_dag.py
[2023-11-22T21:10:47.292+0000] {processor.py:829} INFO - Processing file /home/airflow/.local/lib/python3.8/site-packages/airflow/example_dags/example_trigger_controller_dag.py for tasks to queue
[2023-11-22T21:10:47.294+0000] {logging_mixin.py:154} INFO - [2023-11-22T21:10:47.294+0000] {dagbag.py:536} INFO - Filling up the DagBag from /home/airflow/.local/lib/python3.8/site-packages/airflow/example_dags/example_trigger_controller_dag.py
[2023-11-22T21:10:47.299+0000] {processor.py:839} INFO - DAG(s) dict_keys(['example_trigger_controller_dag']) retrieved from /home/airflow/.local/lib/python3.8/site-packages/airflow/example_dags/example_trigger_controller_dag.py
[2023-11-22T21:10:47.320+0000] {logging_mixin.py:154} INFO - [2023-11-22T21:10:47.320+0000] {dag.py:2941} INFO - Sync 1 DAGs
[2023-11-22T21:10:47.347+0000] {logging_mixin.py:154} INFO - [2023-11-22T21:10:47.347+0000] {dag.py:3722} INFO - Setting next_dagrun for example_trigger_controller_dag to 2021-01-01T00:00:00+00:00, run_after=2021-01-01T00:00:00+00:00
[2023-11-22T21:10:47.365+0000] {processor.py:179} INFO - Processing /home/airflow/.local/lib/python3.8/site-packages/airflow/example_dags/example_trigger_controller_dag.py took 0.078 seconds
[2023-11-22T21:11:18.722+0000] {processor.py:157} INFO - Started process (PID=2605) to work on /home/airflow/.local/lib/python3.8/site-packages/airflow/example_dags/example_trigger_controller_dag.py
[2023-11-22T21:11:18.723+0000] {processor.py:829} INFO - Processing file /home/airflow/.local/lib/python3.8/site-packages/airflow/example_dags/example_trigger_controller_dag.py for tasks to queue
[2023-11-22T21:11:18.727+0000] {logging_mixin.py:154} INFO - [2023-11-22T21:11:18.726+0000] {dagbag.py:536} INFO - Filling up the DagBag from /home/airflow/.local/lib/python3.8/site-packages/airflow/example_dags/example_trigger_controller_dag.py
[2023-11-22T21:11:18.732+0000] {processor.py:839} INFO - DAG(s) dict_keys(['example_trigger_controller_dag']) retrieved from /home/airflow/.local/lib/python3.8/site-packages/airflow/example_dags/example_trigger_controller_dag.py
[2023-11-22T21:11:18.754+0000] {logging_mixin.py:154} INFO - [2023-11-22T21:11:18.754+0000] {dag.py:2941} INFO - Sync 1 DAGs
[2023-11-22T21:11:18.778+0000] {logging_mixin.py:154} INFO - [2023-11-22T21:11:18.777+0000] {dag.py:3722} INFO - Setting next_dagrun for example_trigger_controller_dag to 2021-01-01T00:00:00+00:00, run_after=2021-01-01T00:00:00+00:00
[2023-11-22T21:11:18.810+0000] {processor.py:179} INFO - Processing /home/airflow/.local/lib/python3.8/site-packages/airflow/example_dags/example_trigger_controller_dag.py took 0.091 seconds
[2023-11-22T21:11:50.064+0000] {processor.py:157} INFO - Started process (PID=2661) to work on /home/airflow/.local/lib/python3.8/site-packages/airflow/example_dags/example_trigger_controller_dag.py
[2023-11-22T21:11:50.066+0000] {processor.py:829} INFO - Processing file /home/airflow/.local/lib/python3.8/site-packages/airflow/example_dags/example_trigger_controller_dag.py for tasks to queue
[2023-11-22T21:11:50.069+0000] {logging_mixin.py:154} INFO - [2023-11-22T21:11:50.069+0000] {dagbag.py:536} INFO - Filling up the DagBag from /home/airflow/.local/lib/python3.8/site-packages/airflow/example_dags/example_trigger_controller_dag.py
[2023-11-22T21:11:50.074+0000] {processor.py:839} INFO - DAG(s) dict_keys(['example_trigger_controller_dag']) retrieved from /home/airflow/.local/lib/python3.8/site-packages/airflow/example_dags/example_trigger_controller_dag.py
[2023-11-22T21:11:50.096+0000] {logging_mixin.py:154} INFO - [2023-11-22T21:11:50.096+0000] {dag.py:2941} INFO - Sync 1 DAGs
[2023-11-22T21:11:50.128+0000] {logging_mixin.py:154} INFO - [2023-11-22T21:11:50.127+0000] {dag.py:3722} INFO - Setting next_dagrun for example_trigger_controller_dag to 2021-01-01T00:00:00+00:00, run_after=2021-01-01T00:00:00+00:00
[2023-11-22T21:11:50.208+0000] {processor.py:179} INFO - Processing /home/airflow/.local/lib/python3.8/site-packages/airflow/example_dags/example_trigger_controller_dag.py took 0.148 seconds
