[2023-11-22T20:46:43.792+0000] {processor.py:157} INFO - Started process (PID=46) to work on /home/airflow/.local/lib/python3.8/site-packages/airflow/example_dags/example_complex.py
[2023-11-22T20:46:43.794+0000] {processor.py:829} INFO - Processing file /home/airflow/.local/lib/python3.8/site-packages/airflow/example_dags/example_complex.py for tasks to queue
[2023-11-22T20:46:43.804+0000] {logging_mixin.py:154} INFO - [2023-11-22T20:46:43.804+0000] {dagbag.py:536} INFO - Filling up the DagBag from /home/airflow/.local/lib/python3.8/site-packages/airflow/example_dags/example_complex.py
[2023-11-22T20:46:43.877+0000] {processor.py:839} INFO - DAG(s) dict_keys(['example_complex']) retrieved from /home/airflow/.local/lib/python3.8/site-packages/airflow/example_dags/example_complex.py
[2023-11-22T20:46:44.052+0000] {logging_mixin.py:154} INFO - [2023-11-22T20:46:44.052+0000] {dag.py:2941} INFO - Sync 1 DAGs
[2023-11-22T20:46:44.101+0000] {logging_mixin.py:154} INFO - [2023-11-22T20:46:44.101+0000] {dag.py:3722} INFO - Setting next_dagrun for example_complex to None, run_after=None
[2023-11-22T20:46:44.182+0000] {processor.py:179} INFO - Processing /home/airflow/.local/lib/python3.8/site-packages/airflow/example_dags/example_complex.py took 0.402 seconds
[2023-11-22T20:47:20.006+0000] {processor.py:157} INFO - Started process (PID=100) to work on /home/airflow/.local/lib/python3.8/site-packages/airflow/example_dags/example_complex.py
[2023-11-22T20:47:20.011+0000] {processor.py:829} INFO - Processing file /home/airflow/.local/lib/python3.8/site-packages/airflow/example_dags/example_complex.py for tasks to queue
[2023-11-22T20:47:20.038+0000] {logging_mixin.py:154} INFO - [2023-11-22T20:47:20.031+0000] {dagbag.py:536} INFO - Filling up the DagBag from /home/airflow/.local/lib/python3.8/site-packages/airflow/example_dags/example_complex.py
[2023-11-22T20:47:20.099+0000] {processor.py:839} INFO - DAG(s) dict_keys(['example_complex']) retrieved from /home/airflow/.local/lib/python3.8/site-packages/airflow/example_dags/example_complex.py
[2023-11-22T20:47:20.262+0000] {logging_mixin.py:154} INFO - [2023-11-22T20:47:20.262+0000] {dag.py:2941} INFO - Sync 1 DAGs
[2023-11-22T20:47:20.311+0000] {logging_mixin.py:154} INFO - [2023-11-22T20:47:20.311+0000] {dag.py:3722} INFO - Setting next_dagrun for example_complex to None, run_after=None
[2023-11-22T20:47:20.345+0000] {processor.py:179} INFO - Processing /home/airflow/.local/lib/python3.8/site-packages/airflow/example_dags/example_complex.py took 0.345 seconds
[2023-11-22T20:47:50.804+0000] {processor.py:157} INFO - Started process (PID=152) to work on /home/airflow/.local/lib/python3.8/site-packages/airflow/example_dags/example_complex.py
[2023-11-22T20:47:50.806+0000] {processor.py:829} INFO - Processing file /home/airflow/.local/lib/python3.8/site-packages/airflow/example_dags/example_complex.py for tasks to queue
[2023-11-22T20:47:50.808+0000] {logging_mixin.py:154} INFO - [2023-11-22T20:47:50.808+0000] {dagbag.py:536} INFO - Filling up the DagBag from /home/airflow/.local/lib/python3.8/site-packages/airflow/example_dags/example_complex.py
[2023-11-22T20:47:50.819+0000] {processor.py:839} INFO - DAG(s) dict_keys(['example_complex']) retrieved from /home/airflow/.local/lib/python3.8/site-packages/airflow/example_dags/example_complex.py
[2023-11-22T20:47:50.851+0000] {logging_mixin.py:154} INFO - [2023-11-22T20:47:50.851+0000] {dag.py:2941} INFO - Sync 1 DAGs
[2023-11-22T20:47:50.865+0000] {logging_mixin.py:154} INFO - [2023-11-22T20:47:50.865+0000] {dag.py:3722} INFO - Setting next_dagrun for example_complex to None, run_after=None
[2023-11-22T20:47:50.889+0000] {processor.py:179} INFO - Processing /home/airflow/.local/lib/python3.8/site-packages/airflow/example_dags/example_complex.py took 0.087 seconds
[2023-11-22T20:48:21.552+0000] {processor.py:157} INFO - Started process (PID=206) to work on /home/airflow/.local/lib/python3.8/site-packages/airflow/example_dags/example_complex.py
[2023-11-22T20:48:21.554+0000] {processor.py:829} INFO - Processing file /home/airflow/.local/lib/python3.8/site-packages/airflow/example_dags/example_complex.py for tasks to queue
[2023-11-22T20:48:21.557+0000] {logging_mixin.py:154} INFO - [2023-11-22T20:48:21.557+0000] {dagbag.py:536} INFO - Filling up the DagBag from /home/airflow/.local/lib/python3.8/site-packages/airflow/example_dags/example_complex.py
[2023-11-22T20:48:21.569+0000] {processor.py:839} INFO - DAG(s) dict_keys(['example_complex']) retrieved from /home/airflow/.local/lib/python3.8/site-packages/airflow/example_dags/example_complex.py
[2023-11-22T20:48:21.599+0000] {logging_mixin.py:154} INFO - [2023-11-22T20:48:21.599+0000] {dag.py:2941} INFO - Sync 1 DAGs
[2023-11-22T20:48:21.615+0000] {logging_mixin.py:154} INFO - [2023-11-22T20:48:21.615+0000] {dag.py:3722} INFO - Setting next_dagrun for example_complex to None, run_after=None
[2023-11-22T20:48:21.638+0000] {processor.py:179} INFO - Processing /home/airflow/.local/lib/python3.8/site-packages/airflow/example_dags/example_complex.py took 0.089 seconds
[2023-11-22T20:48:52.269+0000] {processor.py:157} INFO - Started process (PID=260) to work on /home/airflow/.local/lib/python3.8/site-packages/airflow/example_dags/example_complex.py
[2023-11-22T20:48:52.279+0000] {processor.py:829} INFO - Processing file /home/airflow/.local/lib/python3.8/site-packages/airflow/example_dags/example_complex.py for tasks to queue
[2023-11-22T20:48:52.282+0000] {logging_mixin.py:154} INFO - [2023-11-22T20:48:52.282+0000] {dagbag.py:536} INFO - Filling up the DagBag from /home/airflow/.local/lib/python3.8/site-packages/airflow/example_dags/example_complex.py
[2023-11-22T20:48:52.296+0000] {processor.py:839} INFO - DAG(s) dict_keys(['example_complex']) retrieved from /home/airflow/.local/lib/python3.8/site-packages/airflow/example_dags/example_complex.py
[2023-11-22T20:48:52.331+0000] {logging_mixin.py:154} INFO - [2023-11-22T20:48:52.331+0000] {dag.py:2941} INFO - Sync 1 DAGs
[2023-11-22T20:48:52.345+0000] {logging_mixin.py:154} INFO - [2023-11-22T20:48:52.345+0000] {dag.py:3722} INFO - Setting next_dagrun for example_complex to None, run_after=None
[2023-11-22T20:48:52.372+0000] {processor.py:179} INFO - Processing /home/airflow/.local/lib/python3.8/site-packages/airflow/example_dags/example_complex.py took 0.107 seconds
[2023-11-22T20:49:22.515+0000] {processor.py:157} INFO - Started process (PID=314) to work on /home/airflow/.local/lib/python3.8/site-packages/airflow/example_dags/example_complex.py
[2023-11-22T20:49:22.516+0000] {processor.py:829} INFO - Processing file /home/airflow/.local/lib/python3.8/site-packages/airflow/example_dags/example_complex.py for tasks to queue
[2023-11-22T20:49:22.519+0000] {logging_mixin.py:154} INFO - [2023-11-22T20:49:22.519+0000] {dagbag.py:536} INFO - Filling up the DagBag from /home/airflow/.local/lib/python3.8/site-packages/airflow/example_dags/example_complex.py
[2023-11-22T20:49:22.533+0000] {processor.py:839} INFO - DAG(s) dict_keys(['example_complex']) retrieved from /home/airflow/.local/lib/python3.8/site-packages/airflow/example_dags/example_complex.py
[2023-11-22T20:49:22.566+0000] {logging_mixin.py:154} INFO - [2023-11-22T20:49:22.566+0000] {dag.py:2941} INFO - Sync 1 DAGs
[2023-11-22T20:49:22.580+0000] {logging_mixin.py:154} INFO - [2023-11-22T20:49:22.580+0000] {dag.py:3722} INFO - Setting next_dagrun for example_complex to None, run_after=None
[2023-11-22T20:49:22.602+0000] {processor.py:179} INFO - Processing /home/airflow/.local/lib/python3.8/site-packages/airflow/example_dags/example_complex.py took 0.092 seconds
[2023-11-22T20:49:52.720+0000] {processor.py:157} INFO - Started process (PID=368) to work on /home/airflow/.local/lib/python3.8/site-packages/airflow/example_dags/example_complex.py
[2023-11-22T20:49:52.721+0000] {processor.py:829} INFO - Processing file /home/airflow/.local/lib/python3.8/site-packages/airflow/example_dags/example_complex.py for tasks to queue
[2023-11-22T20:49:52.723+0000] {logging_mixin.py:154} INFO - [2023-11-22T20:49:52.723+0000] {dagbag.py:536} INFO - Filling up the DagBag from /home/airflow/.local/lib/python3.8/site-packages/airflow/example_dags/example_complex.py
[2023-11-22T20:49:52.735+0000] {processor.py:839} INFO - DAG(s) dict_keys(['example_complex']) retrieved from /home/airflow/.local/lib/python3.8/site-packages/airflow/example_dags/example_complex.py
[2023-11-22T20:49:52.765+0000] {logging_mixin.py:154} INFO - [2023-11-22T20:49:52.765+0000] {dag.py:2941} INFO - Sync 1 DAGs
[2023-11-22T20:49:52.778+0000] {logging_mixin.py:154} INFO - [2023-11-22T20:49:52.778+0000] {dag.py:3722} INFO - Setting next_dagrun for example_complex to None, run_after=None
[2023-11-22T20:49:52.800+0000] {processor.py:179} INFO - Processing /home/airflow/.local/lib/python3.8/site-packages/airflow/example_dags/example_complex.py took 0.083 seconds
[2023-11-22T20:50:23.831+0000] {processor.py:157} INFO - Started process (PID=422) to work on /home/airflow/.local/lib/python3.8/site-packages/airflow/example_dags/example_complex.py
[2023-11-22T20:50:23.833+0000] {processor.py:829} INFO - Processing file /home/airflow/.local/lib/python3.8/site-packages/airflow/example_dags/example_complex.py for tasks to queue
[2023-11-22T20:50:23.836+0000] {logging_mixin.py:154} INFO - [2023-11-22T20:50:23.835+0000] {dagbag.py:536} INFO - Filling up the DagBag from /home/airflow/.local/lib/python3.8/site-packages/airflow/example_dags/example_complex.py
[2023-11-22T20:50:23.850+0000] {processor.py:839} INFO - DAG(s) dict_keys(['example_complex']) retrieved from /home/airflow/.local/lib/python3.8/site-packages/airflow/example_dags/example_complex.py
[2023-11-22T20:50:23.885+0000] {logging_mixin.py:154} INFO - [2023-11-22T20:50:23.885+0000] {dag.py:2941} INFO - Sync 1 DAGs
[2023-11-22T20:50:23.900+0000] {logging_mixin.py:154} INFO - [2023-11-22T20:50:23.900+0000] {dag.py:3722} INFO - Setting next_dagrun for example_complex to None, run_after=None
[2023-11-22T20:50:23.935+0000] {processor.py:179} INFO - Processing /home/airflow/.local/lib/python3.8/site-packages/airflow/example_dags/example_complex.py took 0.107 seconds
[2023-11-22T20:50:55.163+0000] {processor.py:157} INFO - Started process (PID=476) to work on /home/airflow/.local/lib/python3.8/site-packages/airflow/example_dags/example_complex.py
[2023-11-22T20:50:55.164+0000] {processor.py:829} INFO - Processing file /home/airflow/.local/lib/python3.8/site-packages/airflow/example_dags/example_complex.py for tasks to queue
[2023-11-22T20:50:55.166+0000] {logging_mixin.py:154} INFO - [2023-11-22T20:50:55.166+0000] {dagbag.py:536} INFO - Filling up the DagBag from /home/airflow/.local/lib/python3.8/site-packages/airflow/example_dags/example_complex.py
[2023-11-22T20:50:55.181+0000] {processor.py:839} INFO - DAG(s) dict_keys(['example_complex']) retrieved from /home/airflow/.local/lib/python3.8/site-packages/airflow/example_dags/example_complex.py
[2023-11-22T20:50:55.221+0000] {logging_mixin.py:154} INFO - [2023-11-22T20:50:55.221+0000] {dag.py:2941} INFO - Sync 1 DAGs
[2023-11-22T20:50:55.237+0000] {logging_mixin.py:154} INFO - [2023-11-22T20:50:55.237+0000] {dag.py:3722} INFO - Setting next_dagrun for example_complex to None, run_after=None
[2023-11-22T20:50:55.264+0000] {processor.py:179} INFO - Processing /home/airflow/.local/lib/python3.8/site-packages/airflow/example_dags/example_complex.py took 0.106 seconds
[2023-11-22T20:51:26.254+0000] {processor.py:157} INFO - Started process (PID=530) to work on /home/airflow/.local/lib/python3.8/site-packages/airflow/example_dags/example_complex.py
[2023-11-22T20:51:26.255+0000] {processor.py:829} INFO - Processing file /home/airflow/.local/lib/python3.8/site-packages/airflow/example_dags/example_complex.py for tasks to queue
[2023-11-22T20:51:26.262+0000] {logging_mixin.py:154} INFO - [2023-11-22T20:51:26.261+0000] {dagbag.py:536} INFO - Filling up the DagBag from /home/airflow/.local/lib/python3.8/site-packages/airflow/example_dags/example_complex.py
[2023-11-22T20:51:26.279+0000] {processor.py:839} INFO - DAG(s) dict_keys(['example_complex']) retrieved from /home/airflow/.local/lib/python3.8/site-packages/airflow/example_dags/example_complex.py
[2023-11-22T20:51:26.317+0000] {logging_mixin.py:154} INFO - [2023-11-22T20:51:26.316+0000] {dag.py:2941} INFO - Sync 1 DAGs
[2023-11-22T20:51:26.335+0000] {logging_mixin.py:154} INFO - [2023-11-22T20:51:26.335+0000] {dag.py:3722} INFO - Setting next_dagrun for example_complex to None, run_after=None
[2023-11-22T20:51:26.366+0000] {processor.py:179} INFO - Processing /home/airflow/.local/lib/python3.8/site-packages/airflow/example_dags/example_complex.py took 0.115 seconds
[2023-11-22T20:52:14.657+0000] {processor.py:157} INFO - Started process (PID=584) to work on /home/airflow/.local/lib/python3.8/site-packages/airflow/example_dags/example_complex.py
[2023-11-22T20:52:14.658+0000] {processor.py:829} INFO - Processing file /home/airflow/.local/lib/python3.8/site-packages/airflow/example_dags/example_complex.py for tasks to queue
[2023-11-22T20:52:14.662+0000] {logging_mixin.py:154} INFO - [2023-11-22T20:52:14.661+0000] {dagbag.py:536} INFO - Filling up the DagBag from /home/airflow/.local/lib/python3.8/site-packages/airflow/example_dags/example_complex.py
[2023-11-22T20:52:14.680+0000] {processor.py:839} INFO - DAG(s) dict_keys(['example_complex']) retrieved from /home/airflow/.local/lib/python3.8/site-packages/airflow/example_dags/example_complex.py
[2023-11-22T20:52:14.714+0000] {logging_mixin.py:154} INFO - [2023-11-22T20:52:14.714+0000] {dag.py:2941} INFO - Sync 1 DAGs
[2023-11-22T20:52:14.729+0000] {logging_mixin.py:154} INFO - [2023-11-22T20:52:14.729+0000] {dag.py:3722} INFO - Setting next_dagrun for example_complex to None, run_after=None
[2023-11-22T20:52:14.761+0000] {processor.py:179} INFO - Processing /home/airflow/.local/lib/python3.8/site-packages/airflow/example_dags/example_complex.py took 0.108 seconds
[2023-11-22T20:52:45.515+0000] {processor.py:157} INFO - Started process (PID=637) to work on /home/airflow/.local/lib/python3.8/site-packages/airflow/example_dags/example_complex.py
[2023-11-22T20:52:45.517+0000] {processor.py:829} INFO - Processing file /home/airflow/.local/lib/python3.8/site-packages/airflow/example_dags/example_complex.py for tasks to queue
[2023-11-22T20:52:45.522+0000] {logging_mixin.py:154} INFO - [2023-11-22T20:52:45.521+0000] {dagbag.py:536} INFO - Filling up the DagBag from /home/airflow/.local/lib/python3.8/site-packages/airflow/example_dags/example_complex.py
[2023-11-22T20:52:45.539+0000] {processor.py:839} INFO - DAG(s) dict_keys(['example_complex']) retrieved from /home/airflow/.local/lib/python3.8/site-packages/airflow/example_dags/example_complex.py
[2023-11-22T20:52:45.580+0000] {logging_mixin.py:154} INFO - [2023-11-22T20:52:45.580+0000] {dag.py:2941} INFO - Sync 1 DAGs
[2023-11-22T20:52:45.604+0000] {logging_mixin.py:154} INFO - [2023-11-22T20:52:45.604+0000] {dag.py:3722} INFO - Setting next_dagrun for example_complex to None, run_after=None
[2023-11-22T20:52:45.631+0000] {processor.py:179} INFO - Processing /home/airflow/.local/lib/python3.8/site-packages/airflow/example_dags/example_complex.py took 0.120 seconds
[2023-11-22T20:53:16.382+0000] {processor.py:157} INFO - Started process (PID=699) to work on /home/airflow/.local/lib/python3.8/site-packages/airflow/example_dags/example_complex.py
[2023-11-22T20:53:16.384+0000] {processor.py:829} INFO - Processing file /home/airflow/.local/lib/python3.8/site-packages/airflow/example_dags/example_complex.py for tasks to queue
[2023-11-22T20:53:16.387+0000] {logging_mixin.py:154} INFO - [2023-11-22T20:53:16.387+0000] {dagbag.py:536} INFO - Filling up the DagBag from /home/airflow/.local/lib/python3.8/site-packages/airflow/example_dags/example_complex.py
[2023-11-22T20:53:16.401+0000] {processor.py:839} INFO - DAG(s) dict_keys(['example_complex']) retrieved from /home/airflow/.local/lib/python3.8/site-packages/airflow/example_dags/example_complex.py
[2023-11-22T20:53:16.435+0000] {logging_mixin.py:154} INFO - [2023-11-22T20:53:16.434+0000] {dag.py:2941} INFO - Sync 1 DAGs
[2023-11-22T20:53:16.449+0000] {logging_mixin.py:154} INFO - [2023-11-22T20:53:16.449+0000] {dag.py:3722} INFO - Setting next_dagrun for example_complex to None, run_after=None
[2023-11-22T20:53:16.472+0000] {processor.py:179} INFO - Processing /home/airflow/.local/lib/python3.8/site-packages/airflow/example_dags/example_complex.py took 0.095 seconds
[2023-11-22T20:53:47.444+0000] {processor.py:157} INFO - Started process (PID=754) to work on /home/airflow/.local/lib/python3.8/site-packages/airflow/example_dags/example_complex.py
[2023-11-22T20:53:47.446+0000] {processor.py:829} INFO - Processing file /home/airflow/.local/lib/python3.8/site-packages/airflow/example_dags/example_complex.py for tasks to queue
[2023-11-22T20:53:47.449+0000] {logging_mixin.py:154} INFO - [2023-11-22T20:53:47.449+0000] {dagbag.py:536} INFO - Filling up the DagBag from /home/airflow/.local/lib/python3.8/site-packages/airflow/example_dags/example_complex.py
[2023-11-22T20:53:47.471+0000] {processor.py:839} INFO - DAG(s) dict_keys(['example_complex']) retrieved from /home/airflow/.local/lib/python3.8/site-packages/airflow/example_dags/example_complex.py
[2023-11-22T20:53:47.509+0000] {logging_mixin.py:154} INFO - [2023-11-22T20:53:47.509+0000] {dag.py:2941} INFO - Sync 1 DAGs
[2023-11-22T20:53:47.527+0000] {logging_mixin.py:154} INFO - [2023-11-22T20:53:47.527+0000] {dag.py:3722} INFO - Setting next_dagrun for example_complex to None, run_after=None
[2023-11-22T20:53:47.550+0000] {processor.py:179} INFO - Processing /home/airflow/.local/lib/python3.8/site-packages/airflow/example_dags/example_complex.py took 0.110 seconds
[2023-11-22T20:54:18.441+0000] {processor.py:157} INFO - Started process (PID=808) to work on /home/airflow/.local/lib/python3.8/site-packages/airflow/example_dags/example_complex.py
[2023-11-22T20:54:18.443+0000] {processor.py:829} INFO - Processing file /home/airflow/.local/lib/python3.8/site-packages/airflow/example_dags/example_complex.py for tasks to queue
[2023-11-22T20:54:18.446+0000] {logging_mixin.py:154} INFO - [2023-11-22T20:54:18.445+0000] {dagbag.py:536} INFO - Filling up the DagBag from /home/airflow/.local/lib/python3.8/site-packages/airflow/example_dags/example_complex.py
[2023-11-22T20:54:18.458+0000] {processor.py:839} INFO - DAG(s) dict_keys(['example_complex']) retrieved from /home/airflow/.local/lib/python3.8/site-packages/airflow/example_dags/example_complex.py
[2023-11-22T20:54:18.487+0000] {logging_mixin.py:154} INFO - [2023-11-22T20:54:18.487+0000] {dag.py:2941} INFO - Sync 1 DAGs
[2023-11-22T20:54:18.502+0000] {logging_mixin.py:154} INFO - [2023-11-22T20:54:18.502+0000] {dag.py:3722} INFO - Setting next_dagrun for example_complex to None, run_after=None
[2023-11-22T20:54:18.523+0000] {processor.py:179} INFO - Processing /home/airflow/.local/lib/python3.8/site-packages/airflow/example_dags/example_complex.py took 0.085 seconds
[2023-11-22T20:54:48.728+0000] {processor.py:157} INFO - Started process (PID=862) to work on /home/airflow/.local/lib/python3.8/site-packages/airflow/example_dags/example_complex.py
[2023-11-22T20:54:48.729+0000] {processor.py:829} INFO - Processing file /home/airflow/.local/lib/python3.8/site-packages/airflow/example_dags/example_complex.py for tasks to queue
[2023-11-22T20:54:48.732+0000] {logging_mixin.py:154} INFO - [2023-11-22T20:54:48.731+0000] {dagbag.py:536} INFO - Filling up the DagBag from /home/airflow/.local/lib/python3.8/site-packages/airflow/example_dags/example_complex.py
[2023-11-22T20:54:48.743+0000] {processor.py:839} INFO - DAG(s) dict_keys(['example_complex']) retrieved from /home/airflow/.local/lib/python3.8/site-packages/airflow/example_dags/example_complex.py
[2023-11-22T20:54:48.772+0000] {logging_mixin.py:154} INFO - [2023-11-22T20:54:48.772+0000] {dag.py:2941} INFO - Sync 1 DAGs
[2023-11-22T20:54:48.785+0000] {logging_mixin.py:154} INFO - [2023-11-22T20:54:48.785+0000] {dag.py:3722} INFO - Setting next_dagrun for example_complex to None, run_after=None
[2023-11-22T20:54:48.811+0000] {processor.py:179} INFO - Processing /home/airflow/.local/lib/python3.8/site-packages/airflow/example_dags/example_complex.py took 0.086 seconds
[2023-11-22T20:55:18.982+0000] {processor.py:157} INFO - Started process (PID=916) to work on /home/airflow/.local/lib/python3.8/site-packages/airflow/example_dags/example_complex.py
[2023-11-22T20:55:18.984+0000] {processor.py:829} INFO - Processing file /home/airflow/.local/lib/python3.8/site-packages/airflow/example_dags/example_complex.py for tasks to queue
[2023-11-22T20:55:18.988+0000] {logging_mixin.py:154} INFO - [2023-11-22T20:55:18.987+0000] {dagbag.py:536} INFO - Filling up the DagBag from /home/airflow/.local/lib/python3.8/site-packages/airflow/example_dags/example_complex.py
[2023-11-22T20:55:19.001+0000] {processor.py:839} INFO - DAG(s) dict_keys(['example_complex']) retrieved from /home/airflow/.local/lib/python3.8/site-packages/airflow/example_dags/example_complex.py
[2023-11-22T20:55:19.033+0000] {logging_mixin.py:154} INFO - [2023-11-22T20:55:19.033+0000] {dag.py:2941} INFO - Sync 1 DAGs
[2023-11-22T20:55:19.054+0000] {logging_mixin.py:154} INFO - [2023-11-22T20:55:19.054+0000] {dag.py:3722} INFO - Setting next_dagrun for example_complex to None, run_after=None
[2023-11-22T20:55:19.090+0000] {processor.py:179} INFO - Processing /home/airflow/.local/lib/python3.8/site-packages/airflow/example_dags/example_complex.py took 0.112 seconds
[2023-11-22T20:55:49.162+0000] {processor.py:157} INFO - Started process (PID=970) to work on /home/airflow/.local/lib/python3.8/site-packages/airflow/example_dags/example_complex.py
[2023-11-22T20:55:49.163+0000] {processor.py:829} INFO - Processing file /home/airflow/.local/lib/python3.8/site-packages/airflow/example_dags/example_complex.py for tasks to queue
[2023-11-22T20:55:49.165+0000] {logging_mixin.py:154} INFO - [2023-11-22T20:55:49.165+0000] {dagbag.py:536} INFO - Filling up the DagBag from /home/airflow/.local/lib/python3.8/site-packages/airflow/example_dags/example_complex.py
[2023-11-22T20:55:49.178+0000] {processor.py:839} INFO - DAG(s) dict_keys(['example_complex']) retrieved from /home/airflow/.local/lib/python3.8/site-packages/airflow/example_dags/example_complex.py
[2023-11-22T20:55:49.210+0000] {logging_mixin.py:154} INFO - [2023-11-22T20:55:49.210+0000] {dag.py:2941} INFO - Sync 1 DAGs
[2023-11-22T20:55:49.223+0000] {logging_mixin.py:154} INFO - [2023-11-22T20:55:49.223+0000] {dag.py:3722} INFO - Setting next_dagrun for example_complex to None, run_after=None
[2023-11-22T20:55:49.250+0000] {processor.py:179} INFO - Processing /home/airflow/.local/lib/python3.8/site-packages/airflow/example_dags/example_complex.py took 0.091 seconds
[2023-11-22T20:56:19.322+0000] {processor.py:157} INFO - Started process (PID=1024) to work on /home/airflow/.local/lib/python3.8/site-packages/airflow/example_dags/example_complex.py
[2023-11-22T20:56:19.324+0000] {processor.py:829} INFO - Processing file /home/airflow/.local/lib/python3.8/site-packages/airflow/example_dags/example_complex.py for tasks to queue
[2023-11-22T20:56:19.326+0000] {logging_mixin.py:154} INFO - [2023-11-22T20:56:19.326+0000] {dagbag.py:536} INFO - Filling up the DagBag from /home/airflow/.local/lib/python3.8/site-packages/airflow/example_dags/example_complex.py
[2023-11-22T20:56:19.337+0000] {processor.py:839} INFO - DAG(s) dict_keys(['example_complex']) retrieved from /home/airflow/.local/lib/python3.8/site-packages/airflow/example_dags/example_complex.py
[2023-11-22T20:56:19.367+0000] {logging_mixin.py:154} INFO - [2023-11-22T20:56:19.367+0000] {dag.py:2941} INFO - Sync 1 DAGs
[2023-11-22T20:56:19.380+0000] {logging_mixin.py:154} INFO - [2023-11-22T20:56:19.380+0000] {dag.py:3722} INFO - Setting next_dagrun for example_complex to None, run_after=None
[2023-11-22T20:56:19.401+0000] {processor.py:179} INFO - Processing /home/airflow/.local/lib/python3.8/site-packages/airflow/example_dags/example_complex.py took 0.082 seconds
[2023-11-22T20:56:49.668+0000] {processor.py:157} INFO - Started process (PID=1078) to work on /home/airflow/.local/lib/python3.8/site-packages/airflow/example_dags/example_complex.py
[2023-11-22T20:56:49.669+0000] {processor.py:829} INFO - Processing file /home/airflow/.local/lib/python3.8/site-packages/airflow/example_dags/example_complex.py for tasks to queue
[2023-11-22T20:56:49.672+0000] {logging_mixin.py:154} INFO - [2023-11-22T20:56:49.671+0000] {dagbag.py:536} INFO - Filling up the DagBag from /home/airflow/.local/lib/python3.8/site-packages/airflow/example_dags/example_complex.py
[2023-11-22T20:56:49.684+0000] {processor.py:839} INFO - DAG(s) dict_keys(['example_complex']) retrieved from /home/airflow/.local/lib/python3.8/site-packages/airflow/example_dags/example_complex.py
[2023-11-22T20:56:49.717+0000] {logging_mixin.py:154} INFO - [2023-11-22T20:56:49.717+0000] {dag.py:2941} INFO - Sync 1 DAGs
[2023-11-22T20:56:49.732+0000] {logging_mixin.py:154} INFO - [2023-11-22T20:56:49.732+0000] {dag.py:3722} INFO - Setting next_dagrun for example_complex to None, run_after=None
[2023-11-22T20:56:49.753+0000] {processor.py:179} INFO - Processing /home/airflow/.local/lib/python3.8/site-packages/airflow/example_dags/example_complex.py took 0.091 seconds
[2023-11-22T20:57:20.080+0000] {processor.py:157} INFO - Started process (PID=1133) to work on /home/airflow/.local/lib/python3.8/site-packages/airflow/example_dags/example_complex.py
[2023-11-22T20:57:20.081+0000] {processor.py:829} INFO - Processing file /home/airflow/.local/lib/python3.8/site-packages/airflow/example_dags/example_complex.py for tasks to queue
[2023-11-22T20:57:20.084+0000] {logging_mixin.py:154} INFO - [2023-11-22T20:57:20.084+0000] {dagbag.py:536} INFO - Filling up the DagBag from /home/airflow/.local/lib/python3.8/site-packages/airflow/example_dags/example_complex.py
[2023-11-22T20:57:20.095+0000] {processor.py:839} INFO - DAG(s) dict_keys(['example_complex']) retrieved from /home/airflow/.local/lib/python3.8/site-packages/airflow/example_dags/example_complex.py
[2023-11-22T20:57:20.123+0000] {logging_mixin.py:154} INFO - [2023-11-22T20:57:20.123+0000] {dag.py:2941} INFO - Sync 1 DAGs
[2023-11-22T20:57:20.136+0000] {logging_mixin.py:154} INFO - [2023-11-22T20:57:20.135+0000] {dag.py:3722} INFO - Setting next_dagrun for example_complex to None, run_after=None
[2023-11-22T20:57:20.157+0000] {processor.py:179} INFO - Processing /home/airflow/.local/lib/python3.8/site-packages/airflow/example_dags/example_complex.py took 0.082 seconds
[2023-11-22T20:57:50.688+0000] {processor.py:157} INFO - Started process (PID=1187) to work on /home/airflow/.local/lib/python3.8/site-packages/airflow/example_dags/example_complex.py
[2023-11-22T20:57:50.690+0000] {processor.py:829} INFO - Processing file /home/airflow/.local/lib/python3.8/site-packages/airflow/example_dags/example_complex.py for tasks to queue
[2023-11-22T20:57:50.692+0000] {logging_mixin.py:154} INFO - [2023-11-22T20:57:50.692+0000] {dagbag.py:536} INFO - Filling up the DagBag from /home/airflow/.local/lib/python3.8/site-packages/airflow/example_dags/example_complex.py
[2023-11-22T20:57:50.703+0000] {processor.py:839} INFO - DAG(s) dict_keys(['example_complex']) retrieved from /home/airflow/.local/lib/python3.8/site-packages/airflow/example_dags/example_complex.py
[2023-11-22T20:57:50.733+0000] {logging_mixin.py:154} INFO - [2023-11-22T20:57:50.733+0000] {dag.py:2941} INFO - Sync 1 DAGs
[2023-11-22T20:57:50.747+0000] {logging_mixin.py:154} INFO - [2023-11-22T20:57:50.747+0000] {dag.py:3722} INFO - Setting next_dagrun for example_complex to None, run_after=None
[2023-11-22T20:57:50.797+0000] {processor.py:179} INFO - Processing /home/airflow/.local/lib/python3.8/site-packages/airflow/example_dags/example_complex.py took 0.112 seconds
[2023-11-22T20:58:21.759+0000] {processor.py:157} INFO - Started process (PID=1241) to work on /home/airflow/.local/lib/python3.8/site-packages/airflow/example_dags/example_complex.py
[2023-11-22T20:58:21.760+0000] {processor.py:829} INFO - Processing file /home/airflow/.local/lib/python3.8/site-packages/airflow/example_dags/example_complex.py for tasks to queue
[2023-11-22T20:58:21.762+0000] {logging_mixin.py:154} INFO - [2023-11-22T20:58:21.762+0000] {dagbag.py:536} INFO - Filling up the DagBag from /home/airflow/.local/lib/python3.8/site-packages/airflow/example_dags/example_complex.py
[2023-11-22T20:58:21.778+0000] {processor.py:839} INFO - DAG(s) dict_keys(['example_complex']) retrieved from /home/airflow/.local/lib/python3.8/site-packages/airflow/example_dags/example_complex.py
[2023-11-22T20:58:21.808+0000] {logging_mixin.py:154} INFO - [2023-11-22T20:58:21.808+0000] {dag.py:2941} INFO - Sync 1 DAGs
[2023-11-22T20:58:21.825+0000] {logging_mixin.py:154} INFO - [2023-11-22T20:58:21.824+0000] {dag.py:3722} INFO - Setting next_dagrun for example_complex to None, run_after=None
[2023-11-22T20:58:21.848+0000] {processor.py:179} INFO - Processing /home/airflow/.local/lib/python3.8/site-packages/airflow/example_dags/example_complex.py took 0.093 seconds
[2023-11-22T20:58:51.911+0000] {processor.py:157} INFO - Started process (PID=1295) to work on /home/airflow/.local/lib/python3.8/site-packages/airflow/example_dags/example_complex.py
[2023-11-22T20:58:51.912+0000] {processor.py:829} INFO - Processing file /home/airflow/.local/lib/python3.8/site-packages/airflow/example_dags/example_complex.py for tasks to queue
[2023-11-22T20:58:51.915+0000] {logging_mixin.py:154} INFO - [2023-11-22T20:58:51.915+0000] {dagbag.py:536} INFO - Filling up the DagBag from /home/airflow/.local/lib/python3.8/site-packages/airflow/example_dags/example_complex.py
[2023-11-22T20:58:51.928+0000] {processor.py:839} INFO - DAG(s) dict_keys(['example_complex']) retrieved from /home/airflow/.local/lib/python3.8/site-packages/airflow/example_dags/example_complex.py
[2023-11-22T20:58:51.958+0000] {logging_mixin.py:154} INFO - [2023-11-22T20:58:51.958+0000] {dag.py:2941} INFO - Sync 1 DAGs
[2023-11-22T20:58:51.971+0000] {logging_mixin.py:154} INFO - [2023-11-22T20:58:51.971+0000] {dag.py:3722} INFO - Setting next_dagrun for example_complex to None, run_after=None
[2023-11-22T20:58:51.993+0000] {processor.py:179} INFO - Processing /home/airflow/.local/lib/python3.8/site-packages/airflow/example_dags/example_complex.py took 0.084 seconds
[2023-11-22T20:59:22.355+0000] {processor.py:157} INFO - Started process (PID=1349) to work on /home/airflow/.local/lib/python3.8/site-packages/airflow/example_dags/example_complex.py
[2023-11-22T20:59:22.356+0000] {processor.py:829} INFO - Processing file /home/airflow/.local/lib/python3.8/site-packages/airflow/example_dags/example_complex.py for tasks to queue
[2023-11-22T20:59:22.358+0000] {logging_mixin.py:154} INFO - [2023-11-22T20:59:22.358+0000] {dagbag.py:536} INFO - Filling up the DagBag from /home/airflow/.local/lib/python3.8/site-packages/airflow/example_dags/example_complex.py
[2023-11-22T20:59:22.370+0000] {processor.py:839} INFO - DAG(s) dict_keys(['example_complex']) retrieved from /home/airflow/.local/lib/python3.8/site-packages/airflow/example_dags/example_complex.py
[2023-11-22T20:59:22.401+0000] {logging_mixin.py:154} INFO - [2023-11-22T20:59:22.401+0000] {dag.py:2941} INFO - Sync 1 DAGs
[2023-11-22T20:59:22.414+0000] {logging_mixin.py:154} INFO - [2023-11-22T20:59:22.414+0000] {dag.py:3722} INFO - Setting next_dagrun for example_complex to None, run_after=None
[2023-11-22T20:59:22.433+0000] {processor.py:179} INFO - Processing /home/airflow/.local/lib/python3.8/site-packages/airflow/example_dags/example_complex.py took 0.081 seconds
[2023-11-22T20:59:53.150+0000] {processor.py:157} INFO - Started process (PID=1403) to work on /home/airflow/.local/lib/python3.8/site-packages/airflow/example_dags/example_complex.py
[2023-11-22T20:59:53.152+0000] {processor.py:829} INFO - Processing file /home/airflow/.local/lib/python3.8/site-packages/airflow/example_dags/example_complex.py for tasks to queue
[2023-11-22T20:59:53.156+0000] {logging_mixin.py:154} INFO - [2023-11-22T20:59:53.155+0000] {dagbag.py:536} INFO - Filling up the DagBag from /home/airflow/.local/lib/python3.8/site-packages/airflow/example_dags/example_complex.py
[2023-11-22T20:59:53.178+0000] {processor.py:839} INFO - DAG(s) dict_keys(['example_complex']) retrieved from /home/airflow/.local/lib/python3.8/site-packages/airflow/example_dags/example_complex.py
[2023-11-22T20:59:53.219+0000] {logging_mixin.py:154} INFO - [2023-11-22T20:59:53.219+0000] {dag.py:2941} INFO - Sync 1 DAGs
[2023-11-22T20:59:53.236+0000] {logging_mixin.py:154} INFO - [2023-11-22T20:59:53.236+0000] {dag.py:3722} INFO - Setting next_dagrun for example_complex to None, run_after=None
[2023-11-22T20:59:53.260+0000] {processor.py:179} INFO - Processing /home/airflow/.local/lib/python3.8/site-packages/airflow/example_dags/example_complex.py took 0.114 seconds
[2023-11-22T21:00:23.620+0000] {processor.py:157} INFO - Started process (PID=1455) to work on /home/airflow/.local/lib/python3.8/site-packages/airflow/example_dags/example_complex.py
[2023-11-22T21:00:23.622+0000] {processor.py:829} INFO - Processing file /home/airflow/.local/lib/python3.8/site-packages/airflow/example_dags/example_complex.py for tasks to queue
[2023-11-22T21:00:23.624+0000] {logging_mixin.py:154} INFO - [2023-11-22T21:00:23.624+0000] {dagbag.py:536} INFO - Filling up the DagBag from /home/airflow/.local/lib/python3.8/site-packages/airflow/example_dags/example_complex.py
[2023-11-22T21:00:23.638+0000] {processor.py:839} INFO - DAG(s) dict_keys(['example_complex']) retrieved from /home/airflow/.local/lib/python3.8/site-packages/airflow/example_dags/example_complex.py
[2023-11-22T21:00:23.671+0000] {logging_mixin.py:154} INFO - [2023-11-22T21:00:23.670+0000] {dag.py:2941} INFO - Sync 1 DAGs
[2023-11-22T21:00:23.686+0000] {logging_mixin.py:154} INFO - [2023-11-22T21:00:23.685+0000] {dag.py:3722} INFO - Setting next_dagrun for example_complex to None, run_after=None
[2023-11-22T21:00:23.856+0000] {processor.py:179} INFO - Processing /home/airflow/.local/lib/python3.8/site-packages/airflow/example_dags/example_complex.py took 0.241 seconds
[2023-11-22T21:00:54.209+0000] {processor.py:157} INFO - Started process (PID=1509) to work on /home/airflow/.local/lib/python3.8/site-packages/airflow/example_dags/example_complex.py
[2023-11-22T21:00:54.211+0000] {processor.py:829} INFO - Processing file /home/airflow/.local/lib/python3.8/site-packages/airflow/example_dags/example_complex.py for tasks to queue
[2023-11-22T21:00:54.215+0000] {logging_mixin.py:154} INFO - [2023-11-22T21:00:54.215+0000] {dagbag.py:536} INFO - Filling up the DagBag from /home/airflow/.local/lib/python3.8/site-packages/airflow/example_dags/example_complex.py
[2023-11-22T21:00:54.230+0000] {processor.py:839} INFO - DAG(s) dict_keys(['example_complex']) retrieved from /home/airflow/.local/lib/python3.8/site-packages/airflow/example_dags/example_complex.py
[2023-11-22T21:00:54.271+0000] {logging_mixin.py:154} INFO - [2023-11-22T21:00:54.271+0000] {dag.py:2941} INFO - Sync 1 DAGs
[2023-11-22T21:00:54.288+0000] {logging_mixin.py:154} INFO - [2023-11-22T21:00:54.288+0000] {dag.py:3722} INFO - Setting next_dagrun for example_complex to None, run_after=None
[2023-11-22T21:00:54.317+0000] {processor.py:179} INFO - Processing /home/airflow/.local/lib/python3.8/site-packages/airflow/example_dags/example_complex.py took 0.111 seconds
[2023-11-22T21:01:24.595+0000] {processor.py:157} INFO - Started process (PID=1563) to work on /home/airflow/.local/lib/python3.8/site-packages/airflow/example_dags/example_complex.py
[2023-11-22T21:01:24.596+0000] {processor.py:829} INFO - Processing file /home/airflow/.local/lib/python3.8/site-packages/airflow/example_dags/example_complex.py for tasks to queue
[2023-11-22T21:01:24.598+0000] {logging_mixin.py:154} INFO - [2023-11-22T21:01:24.598+0000] {dagbag.py:536} INFO - Filling up the DagBag from /home/airflow/.local/lib/python3.8/site-packages/airflow/example_dags/example_complex.py
[2023-11-22T21:01:24.610+0000] {processor.py:839} INFO - DAG(s) dict_keys(['example_complex']) retrieved from /home/airflow/.local/lib/python3.8/site-packages/airflow/example_dags/example_complex.py
[2023-11-22T21:01:24.795+0000] {logging_mixin.py:154} INFO - [2023-11-22T21:01:24.794+0000] {dag.py:2941} INFO - Sync 1 DAGs
[2023-11-22T21:01:24.810+0000] {logging_mixin.py:154} INFO - [2023-11-22T21:01:24.809+0000] {dag.py:3722} INFO - Setting next_dagrun for example_complex to None, run_after=None
[2023-11-22T21:01:24.834+0000] {processor.py:179} INFO - Processing /home/airflow/.local/lib/python3.8/site-packages/airflow/example_dags/example_complex.py took 0.242 seconds
[2023-11-22T21:01:55.129+0000] {processor.py:157} INFO - Started process (PID=1617) to work on /home/airflow/.local/lib/python3.8/site-packages/airflow/example_dags/example_complex.py
[2023-11-22T21:01:55.130+0000] {processor.py:829} INFO - Processing file /home/airflow/.local/lib/python3.8/site-packages/airflow/example_dags/example_complex.py for tasks to queue
[2023-11-22T21:01:55.135+0000] {logging_mixin.py:154} INFO - [2023-11-22T21:01:55.135+0000] {dagbag.py:536} INFO - Filling up the DagBag from /home/airflow/.local/lib/python3.8/site-packages/airflow/example_dags/example_complex.py
[2023-11-22T21:01:55.150+0000] {processor.py:839} INFO - DAG(s) dict_keys(['example_complex']) retrieved from /home/airflow/.local/lib/python3.8/site-packages/airflow/example_dags/example_complex.py
[2023-11-22T21:01:55.217+0000] {logging_mixin.py:154} INFO - [2023-11-22T21:01:55.216+0000] {dag.py:2941} INFO - Sync 1 DAGs
[2023-11-22T21:01:55.369+0000] {logging_mixin.py:154} INFO - [2023-11-22T21:01:55.369+0000] {dag.py:3722} INFO - Setting next_dagrun for example_complex to None, run_after=None
[2023-11-22T21:01:55.404+0000] {processor.py:179} INFO - Processing /home/airflow/.local/lib/python3.8/site-packages/airflow/example_dags/example_complex.py took 0.279 seconds
[2023-11-22T21:02:26.072+0000] {processor.py:157} INFO - Started process (PID=1672) to work on /home/airflow/.local/lib/python3.8/site-packages/airflow/example_dags/example_complex.py
[2023-11-22T21:02:26.073+0000] {processor.py:829} INFO - Processing file /home/airflow/.local/lib/python3.8/site-packages/airflow/example_dags/example_complex.py for tasks to queue
[2023-11-22T21:02:26.076+0000] {logging_mixin.py:154} INFO - [2023-11-22T21:02:26.075+0000] {dagbag.py:536} INFO - Filling up the DagBag from /home/airflow/.local/lib/python3.8/site-packages/airflow/example_dags/example_complex.py
[2023-11-22T21:02:26.088+0000] {processor.py:839} INFO - DAG(s) dict_keys(['example_complex']) retrieved from /home/airflow/.local/lib/python3.8/site-packages/airflow/example_dags/example_complex.py
[2023-11-22T21:02:26.122+0000] {logging_mixin.py:154} INFO - [2023-11-22T21:02:26.121+0000] {dag.py:2941} INFO - Sync 1 DAGs
[2023-11-22T21:02:26.134+0000] {logging_mixin.py:154} INFO - [2023-11-22T21:02:26.134+0000] {dag.py:3722} INFO - Setting next_dagrun for example_complex to None, run_after=None
[2023-11-22T21:02:26.252+0000] {processor.py:179} INFO - Processing /home/airflow/.local/lib/python3.8/site-packages/airflow/example_dags/example_complex.py took 0.184 seconds
[2023-11-22T21:02:56.624+0000] {processor.py:157} INFO - Started process (PID=1726) to work on /home/airflow/.local/lib/python3.8/site-packages/airflow/example_dags/example_complex.py
[2023-11-22T21:02:56.625+0000] {processor.py:829} INFO - Processing file /home/airflow/.local/lib/python3.8/site-packages/airflow/example_dags/example_complex.py for tasks to queue
[2023-11-22T21:02:56.628+0000] {logging_mixin.py:154} INFO - [2023-11-22T21:02:56.628+0000] {dagbag.py:536} INFO - Filling up the DagBag from /home/airflow/.local/lib/python3.8/site-packages/airflow/example_dags/example_complex.py
[2023-11-22T21:02:56.642+0000] {processor.py:839} INFO - DAG(s) dict_keys(['example_complex']) retrieved from /home/airflow/.local/lib/python3.8/site-packages/airflow/example_dags/example_complex.py
[2023-11-22T21:02:56.819+0000] {logging_mixin.py:154} INFO - [2023-11-22T21:02:56.818+0000] {dag.py:2941} INFO - Sync 1 DAGs
[2023-11-22T21:02:56.832+0000] {logging_mixin.py:154} INFO - [2023-11-22T21:02:56.832+0000] {dag.py:3722} INFO - Setting next_dagrun for example_complex to None, run_after=None
[2023-11-22T21:02:56.857+0000] {processor.py:179} INFO - Processing /home/airflow/.local/lib/python3.8/site-packages/airflow/example_dags/example_complex.py took 0.236 seconds
[2023-11-22T21:03:27.047+0000] {processor.py:157} INFO - Started process (PID=1780) to work on /home/airflow/.local/lib/python3.8/site-packages/airflow/example_dags/example_complex.py
[2023-11-22T21:03:27.048+0000] {processor.py:829} INFO - Processing file /home/airflow/.local/lib/python3.8/site-packages/airflow/example_dags/example_complex.py for tasks to queue
[2023-11-22T21:03:27.051+0000] {logging_mixin.py:154} INFO - [2023-11-22T21:03:27.051+0000] {dagbag.py:536} INFO - Filling up the DagBag from /home/airflow/.local/lib/python3.8/site-packages/airflow/example_dags/example_complex.py
[2023-11-22T21:03:27.065+0000] {processor.py:839} INFO - DAG(s) dict_keys(['example_complex']) retrieved from /home/airflow/.local/lib/python3.8/site-packages/airflow/example_dags/example_complex.py
[2023-11-22T21:03:27.099+0000] {logging_mixin.py:154} INFO - [2023-11-22T21:03:27.099+0000] {dag.py:2941} INFO - Sync 1 DAGs
[2023-11-22T21:03:27.114+0000] {logging_mixin.py:154} INFO - [2023-11-22T21:03:27.114+0000] {dag.py:3722} INFO - Setting next_dagrun for example_complex to None, run_after=None
[2023-11-22T21:03:27.145+0000] {processor.py:179} INFO - Processing /home/airflow/.local/lib/python3.8/site-packages/airflow/example_dags/example_complex.py took 0.102 seconds
[2023-11-22T21:03:57.321+0000] {processor.py:157} INFO - Started process (PID=1834) to work on /home/airflow/.local/lib/python3.8/site-packages/airflow/example_dags/example_complex.py
[2023-11-22T21:03:57.323+0000] {processor.py:829} INFO - Processing file /home/airflow/.local/lib/python3.8/site-packages/airflow/example_dags/example_complex.py for tasks to queue
[2023-11-22T21:03:57.325+0000] {logging_mixin.py:154} INFO - [2023-11-22T21:03:57.325+0000] {dagbag.py:536} INFO - Filling up the DagBag from /home/airflow/.local/lib/python3.8/site-packages/airflow/example_dags/example_complex.py
[2023-11-22T21:03:57.339+0000] {processor.py:839} INFO - DAG(s) dict_keys(['example_complex']) retrieved from /home/airflow/.local/lib/python3.8/site-packages/airflow/example_dags/example_complex.py
[2023-11-22T21:03:57.375+0000] {logging_mixin.py:154} INFO - [2023-11-22T21:03:57.375+0000] {dag.py:2941} INFO - Sync 1 DAGs
[2023-11-22T21:03:57.390+0000] {logging_mixin.py:154} INFO - [2023-11-22T21:03:57.390+0000] {dag.py:3722} INFO - Setting next_dagrun for example_complex to None, run_after=None
[2023-11-22T21:03:57.412+0000] {processor.py:179} INFO - Processing /home/airflow/.local/lib/python3.8/site-packages/airflow/example_dags/example_complex.py took 0.094 seconds
[2023-11-22T21:04:27.469+0000] {processor.py:157} INFO - Started process (PID=1888) to work on /home/airflow/.local/lib/python3.8/site-packages/airflow/example_dags/example_complex.py
[2023-11-22T21:04:27.470+0000] {processor.py:829} INFO - Processing file /home/airflow/.local/lib/python3.8/site-packages/airflow/example_dags/example_complex.py for tasks to queue
[2023-11-22T21:04:27.474+0000] {logging_mixin.py:154} INFO - [2023-11-22T21:04:27.474+0000] {dagbag.py:536} INFO - Filling up the DagBag from /home/airflow/.local/lib/python3.8/site-packages/airflow/example_dags/example_complex.py
[2023-11-22T21:04:27.486+0000] {processor.py:839} INFO - DAG(s) dict_keys(['example_complex']) retrieved from /home/airflow/.local/lib/python3.8/site-packages/airflow/example_dags/example_complex.py
[2023-11-22T21:04:27.519+0000] {logging_mixin.py:154} INFO - [2023-11-22T21:04:27.519+0000] {dag.py:2941} INFO - Sync 1 DAGs
[2023-11-22T21:04:27.532+0000] {logging_mixin.py:154} INFO - [2023-11-22T21:04:27.532+0000] {dag.py:3722} INFO - Setting next_dagrun for example_complex to None, run_after=None
[2023-11-22T21:04:27.554+0000] {processor.py:179} INFO - Processing /home/airflow/.local/lib/python3.8/site-packages/airflow/example_dags/example_complex.py took 0.088 seconds
[2023-11-22T21:04:57.625+0000] {processor.py:157} INFO - Started process (PID=1942) to work on /home/airflow/.local/lib/python3.8/site-packages/airflow/example_dags/example_complex.py
[2023-11-22T21:04:57.626+0000] {processor.py:829} INFO - Processing file /home/airflow/.local/lib/python3.8/site-packages/airflow/example_dags/example_complex.py for tasks to queue
[2023-11-22T21:04:57.629+0000] {logging_mixin.py:154} INFO - [2023-11-22T21:04:57.628+0000] {dagbag.py:536} INFO - Filling up the DagBag from /home/airflow/.local/lib/python3.8/site-packages/airflow/example_dags/example_complex.py
[2023-11-22T21:04:57.641+0000] {processor.py:839} INFO - DAG(s) dict_keys(['example_complex']) retrieved from /home/airflow/.local/lib/python3.8/site-packages/airflow/example_dags/example_complex.py
[2023-11-22T21:04:57.671+0000] {logging_mixin.py:154} INFO - [2023-11-22T21:04:57.671+0000] {dag.py:2941} INFO - Sync 1 DAGs
[2023-11-22T21:04:57.684+0000] {logging_mixin.py:154} INFO - [2023-11-22T21:04:57.684+0000] {dag.py:3722} INFO - Setting next_dagrun for example_complex to None, run_after=None
[2023-11-22T21:04:57.704+0000] {processor.py:179} INFO - Processing /home/airflow/.local/lib/python3.8/site-packages/airflow/example_dags/example_complex.py took 0.084 seconds
[2023-11-22T21:05:27.797+0000] {processor.py:157} INFO - Started process (PID=1996) to work on /home/airflow/.local/lib/python3.8/site-packages/airflow/example_dags/example_complex.py
[2023-11-22T21:05:27.798+0000] {processor.py:829} INFO - Processing file /home/airflow/.local/lib/python3.8/site-packages/airflow/example_dags/example_complex.py for tasks to queue
[2023-11-22T21:05:27.802+0000] {logging_mixin.py:154} INFO - [2023-11-22T21:05:27.801+0000] {dagbag.py:536} INFO - Filling up the DagBag from /home/airflow/.local/lib/python3.8/site-packages/airflow/example_dags/example_complex.py
[2023-11-22T21:05:27.814+0000] {processor.py:839} INFO - DAG(s) dict_keys(['example_complex']) retrieved from /home/airflow/.local/lib/python3.8/site-packages/airflow/example_dags/example_complex.py
[2023-11-22T21:05:27.849+0000] {logging_mixin.py:154} INFO - [2023-11-22T21:05:27.849+0000] {dag.py:2941} INFO - Sync 1 DAGs
[2023-11-22T21:05:27.864+0000] {logging_mixin.py:154} INFO - [2023-11-22T21:05:27.864+0000] {dag.py:3722} INFO - Setting next_dagrun for example_complex to None, run_after=None
[2023-11-22T21:05:27.893+0000] {processor.py:179} INFO - Processing /home/airflow/.local/lib/python3.8/site-packages/airflow/example_dags/example_complex.py took 0.099 seconds
[2023-11-22T21:05:58.008+0000] {processor.py:157} INFO - Started process (PID=2050) to work on /home/airflow/.local/lib/python3.8/site-packages/airflow/example_dags/example_complex.py
[2023-11-22T21:05:58.009+0000] {processor.py:829} INFO - Processing file /home/airflow/.local/lib/python3.8/site-packages/airflow/example_dags/example_complex.py for tasks to queue
[2023-11-22T21:05:58.012+0000] {logging_mixin.py:154} INFO - [2023-11-22T21:05:58.012+0000] {dagbag.py:536} INFO - Filling up the DagBag from /home/airflow/.local/lib/python3.8/site-packages/airflow/example_dags/example_complex.py
[2023-11-22T21:05:58.026+0000] {processor.py:839} INFO - DAG(s) dict_keys(['example_complex']) retrieved from /home/airflow/.local/lib/python3.8/site-packages/airflow/example_dags/example_complex.py
[2023-11-22T21:05:58.068+0000] {logging_mixin.py:154} INFO - [2023-11-22T21:05:58.067+0000] {dag.py:2941} INFO - Sync 1 DAGs
[2023-11-22T21:05:58.084+0000] {logging_mixin.py:154} INFO - [2023-11-22T21:05:58.084+0000] {dag.py:3722} INFO - Setting next_dagrun for example_complex to None, run_after=None
[2023-11-22T21:05:58.108+0000] {processor.py:179} INFO - Processing /home/airflow/.local/lib/python3.8/site-packages/airflow/example_dags/example_complex.py took 0.103 seconds
[2023-11-22T21:06:28.680+0000] {processor.py:157} INFO - Started process (PID=2105) to work on /home/airflow/.local/lib/python3.8/site-packages/airflow/example_dags/example_complex.py
[2023-11-22T21:06:28.682+0000] {processor.py:829} INFO - Processing file /home/airflow/.local/lib/python3.8/site-packages/airflow/example_dags/example_complex.py for tasks to queue
[2023-11-22T21:06:28.684+0000] {logging_mixin.py:154} INFO - [2023-11-22T21:06:28.684+0000] {dagbag.py:536} INFO - Filling up the DagBag from /home/airflow/.local/lib/python3.8/site-packages/airflow/example_dags/example_complex.py
[2023-11-22T21:06:28.698+0000] {processor.py:839} INFO - DAG(s) dict_keys(['example_complex']) retrieved from /home/airflow/.local/lib/python3.8/site-packages/airflow/example_dags/example_complex.py
[2023-11-22T21:06:28.732+0000] {logging_mixin.py:154} INFO - [2023-11-22T21:06:28.732+0000] {dag.py:2941} INFO - Sync 1 DAGs
[2023-11-22T21:06:28.745+0000] {logging_mixin.py:154} INFO - [2023-11-22T21:06:28.745+0000] {dag.py:3722} INFO - Setting next_dagrun for example_complex to None, run_after=None
[2023-11-22T21:06:28.767+0000] {processor.py:179} INFO - Processing /home/airflow/.local/lib/python3.8/site-packages/airflow/example_dags/example_complex.py took 0.091 seconds
[2023-11-22T21:06:58.968+0000] {processor.py:157} INFO - Started process (PID=2159) to work on /home/airflow/.local/lib/python3.8/site-packages/airflow/example_dags/example_complex.py
[2023-11-22T21:06:58.969+0000] {processor.py:829} INFO - Processing file /home/airflow/.local/lib/python3.8/site-packages/airflow/example_dags/example_complex.py for tasks to queue
[2023-11-22T21:06:58.972+0000] {logging_mixin.py:154} INFO - [2023-11-22T21:06:58.971+0000] {dagbag.py:536} INFO - Filling up the DagBag from /home/airflow/.local/lib/python3.8/site-packages/airflow/example_dags/example_complex.py
[2023-11-22T21:06:58.985+0000] {processor.py:839} INFO - DAG(s) dict_keys(['example_complex']) retrieved from /home/airflow/.local/lib/python3.8/site-packages/airflow/example_dags/example_complex.py
[2023-11-22T21:06:59.017+0000] {logging_mixin.py:154} INFO - [2023-11-22T21:06:59.017+0000] {dag.py:2941} INFO - Sync 1 DAGs
[2023-11-22T21:06:59.031+0000] {logging_mixin.py:154} INFO - [2023-11-22T21:06:59.031+0000] {dag.py:3722} INFO - Setting next_dagrun for example_complex to None, run_after=None
[2023-11-22T21:06:59.056+0000] {processor.py:179} INFO - Processing /home/airflow/.local/lib/python3.8/site-packages/airflow/example_dags/example_complex.py took 0.091 seconds
[2023-11-22T21:07:29.299+0000] {processor.py:157} INFO - Started process (PID=2213) to work on /home/airflow/.local/lib/python3.8/site-packages/airflow/example_dags/example_complex.py
[2023-11-22T21:07:29.300+0000] {processor.py:829} INFO - Processing file /home/airflow/.local/lib/python3.8/site-packages/airflow/example_dags/example_complex.py for tasks to queue
[2023-11-22T21:07:29.306+0000] {logging_mixin.py:154} INFO - [2023-11-22T21:07:29.305+0000] {dagbag.py:536} INFO - Filling up the DagBag from /home/airflow/.local/lib/python3.8/site-packages/airflow/example_dags/example_complex.py
[2023-11-22T21:07:29.325+0000] {processor.py:839} INFO - DAG(s) dict_keys(['example_complex']) retrieved from /home/airflow/.local/lib/python3.8/site-packages/airflow/example_dags/example_complex.py
[2023-11-22T21:07:29.369+0000] {logging_mixin.py:154} INFO - [2023-11-22T21:07:29.368+0000] {dag.py:2941} INFO - Sync 1 DAGs
[2023-11-22T21:07:29.383+0000] {logging_mixin.py:154} INFO - [2023-11-22T21:07:29.383+0000] {dag.py:3722} INFO - Setting next_dagrun for example_complex to None, run_after=None
[2023-11-22T21:07:29.410+0000] {processor.py:179} INFO - Processing /home/airflow/.local/lib/python3.8/site-packages/airflow/example_dags/example_complex.py took 0.116 seconds
[2023-11-22T21:07:59.447+0000] {processor.py:157} INFO - Started process (PID=2267) to work on /home/airflow/.local/lib/python3.8/site-packages/airflow/example_dags/example_complex.py
[2023-11-22T21:07:59.448+0000] {processor.py:829} INFO - Processing file /home/airflow/.local/lib/python3.8/site-packages/airflow/example_dags/example_complex.py for tasks to queue
[2023-11-22T21:07:59.451+0000] {logging_mixin.py:154} INFO - [2023-11-22T21:07:59.450+0000] {dagbag.py:536} INFO - Filling up the DagBag from /home/airflow/.local/lib/python3.8/site-packages/airflow/example_dags/example_complex.py
[2023-11-22T21:07:59.463+0000] {processor.py:839} INFO - DAG(s) dict_keys(['example_complex']) retrieved from /home/airflow/.local/lib/python3.8/site-packages/airflow/example_dags/example_complex.py
[2023-11-22T21:07:59.494+0000] {logging_mixin.py:154} INFO - [2023-11-22T21:07:59.494+0000] {dag.py:2941} INFO - Sync 1 DAGs
[2023-11-22T21:07:59.507+0000] {logging_mixin.py:154} INFO - [2023-11-22T21:07:59.506+0000] {dag.py:3722} INFO - Setting next_dagrun for example_complex to None, run_after=None
[2023-11-22T21:07:59.531+0000] {processor.py:179} INFO - Processing /home/airflow/.local/lib/python3.8/site-packages/airflow/example_dags/example_complex.py took 0.088 seconds
[2023-11-22T21:08:29.741+0000] {processor.py:157} INFO - Started process (PID=2321) to work on /home/airflow/.local/lib/python3.8/site-packages/airflow/example_dags/example_complex.py
[2023-11-22T21:08:29.742+0000] {processor.py:829} INFO - Processing file /home/airflow/.local/lib/python3.8/site-packages/airflow/example_dags/example_complex.py for tasks to queue
[2023-11-22T21:08:29.745+0000] {logging_mixin.py:154} INFO - [2023-11-22T21:08:29.745+0000] {dagbag.py:536} INFO - Filling up the DagBag from /home/airflow/.local/lib/python3.8/site-packages/airflow/example_dags/example_complex.py
[2023-11-22T21:08:29.758+0000] {processor.py:839} INFO - DAG(s) dict_keys(['example_complex']) retrieved from /home/airflow/.local/lib/python3.8/site-packages/airflow/example_dags/example_complex.py
[2023-11-22T21:08:29.791+0000] {logging_mixin.py:154} INFO - [2023-11-22T21:08:29.791+0000] {dag.py:2941} INFO - Sync 1 DAGs
[2023-11-22T21:08:29.804+0000] {logging_mixin.py:154} INFO - [2023-11-22T21:08:29.804+0000] {dag.py:3722} INFO - Setting next_dagrun for example_complex to None, run_after=None
[2023-11-22T21:08:29.829+0000] {processor.py:179} INFO - Processing /home/airflow/.local/lib/python3.8/site-packages/airflow/example_dags/example_complex.py took 0.091 seconds
[2023-11-22T21:09:00.385+0000] {processor.py:157} INFO - Started process (PID=2375) to work on /home/airflow/.local/lib/python3.8/site-packages/airflow/example_dags/example_complex.py
[2023-11-22T21:09:00.387+0000] {processor.py:829} INFO - Processing file /home/airflow/.local/lib/python3.8/site-packages/airflow/example_dags/example_complex.py for tasks to queue
[2023-11-22T21:09:00.390+0000] {logging_mixin.py:154} INFO - [2023-11-22T21:09:00.389+0000] {dagbag.py:536} INFO - Filling up the DagBag from /home/airflow/.local/lib/python3.8/site-packages/airflow/example_dags/example_complex.py
[2023-11-22T21:09:00.403+0000] {processor.py:839} INFO - DAG(s) dict_keys(['example_complex']) retrieved from /home/airflow/.local/lib/python3.8/site-packages/airflow/example_dags/example_complex.py
[2023-11-22T21:09:00.436+0000] {logging_mixin.py:154} INFO - [2023-11-22T21:09:00.436+0000] {dag.py:2941} INFO - Sync 1 DAGs
[2023-11-22T21:09:00.451+0000] {logging_mixin.py:154} INFO - [2023-11-22T21:09:00.451+0000] {dag.py:3722} INFO - Setting next_dagrun for example_complex to None, run_after=None
[2023-11-22T21:09:00.475+0000] {processor.py:179} INFO - Processing /home/airflow/.local/lib/python3.8/site-packages/airflow/example_dags/example_complex.py took 0.093 seconds
[2023-11-22T21:09:30.634+0000] {processor.py:157} INFO - Started process (PID=2429) to work on /home/airflow/.local/lib/python3.8/site-packages/airflow/example_dags/example_complex.py
[2023-11-22T21:09:30.635+0000] {processor.py:829} INFO - Processing file /home/airflow/.local/lib/python3.8/site-packages/airflow/example_dags/example_complex.py for tasks to queue
[2023-11-22T21:09:30.638+0000] {logging_mixin.py:154} INFO - [2023-11-22T21:09:30.637+0000] {dagbag.py:536} INFO - Filling up the DagBag from /home/airflow/.local/lib/python3.8/site-packages/airflow/example_dags/example_complex.py
[2023-11-22T21:09:30.650+0000] {processor.py:839} INFO - DAG(s) dict_keys(['example_complex']) retrieved from /home/airflow/.local/lib/python3.8/site-packages/airflow/example_dags/example_complex.py
[2023-11-22T21:09:30.686+0000] {logging_mixin.py:154} INFO - [2023-11-22T21:09:30.686+0000] {dag.py:2941} INFO - Sync 1 DAGs
[2023-11-22T21:09:30.700+0000] {logging_mixin.py:154} INFO - [2023-11-22T21:09:30.700+0000] {dag.py:3722} INFO - Setting next_dagrun for example_complex to None, run_after=None
[2023-11-22T21:09:30.730+0000] {processor.py:179} INFO - Processing /home/airflow/.local/lib/python3.8/site-packages/airflow/example_dags/example_complex.py took 0.099 seconds
[2023-11-22T21:10:00.920+0000] {processor.py:157} INFO - Started process (PID=2483) to work on /home/airflow/.local/lib/python3.8/site-packages/airflow/example_dags/example_complex.py
[2023-11-22T21:10:00.921+0000] {processor.py:829} INFO - Processing file /home/airflow/.local/lib/python3.8/site-packages/airflow/example_dags/example_complex.py for tasks to queue
[2023-11-22T21:10:00.924+0000] {logging_mixin.py:154} INFO - [2023-11-22T21:10:00.924+0000] {dagbag.py:536} INFO - Filling up the DagBag from /home/airflow/.local/lib/python3.8/site-packages/airflow/example_dags/example_complex.py
[2023-11-22T21:10:00.938+0000] {processor.py:839} INFO - DAG(s) dict_keys(['example_complex']) retrieved from /home/airflow/.local/lib/python3.8/site-packages/airflow/example_dags/example_complex.py
[2023-11-22T21:10:00.970+0000] {logging_mixin.py:154} INFO - [2023-11-22T21:10:00.970+0000] {dag.py:2941} INFO - Sync 1 DAGs
[2023-11-22T21:10:00.983+0000] {logging_mixin.py:154} INFO - [2023-11-22T21:10:00.983+0000] {dag.py:3722} INFO - Setting next_dagrun for example_complex to None, run_after=None
[2023-11-22T21:10:01.003+0000] {processor.py:179} INFO - Processing /home/airflow/.local/lib/python3.8/site-packages/airflow/example_dags/example_complex.py took 0.086 seconds
[2023-11-22T21:10:31.395+0000] {processor.py:157} INFO - Started process (PID=2537) to work on /home/airflow/.local/lib/python3.8/site-packages/airflow/example_dags/example_complex.py
[2023-11-22T21:10:31.396+0000] {processor.py:829} INFO - Processing file /home/airflow/.local/lib/python3.8/site-packages/airflow/example_dags/example_complex.py for tasks to queue
[2023-11-22T21:10:31.399+0000] {logging_mixin.py:154} INFO - [2023-11-22T21:10:31.399+0000] {dagbag.py:536} INFO - Filling up the DagBag from /home/airflow/.local/lib/python3.8/site-packages/airflow/example_dags/example_complex.py
[2023-11-22T21:10:31.411+0000] {processor.py:839} INFO - DAG(s) dict_keys(['example_complex']) retrieved from /home/airflow/.local/lib/python3.8/site-packages/airflow/example_dags/example_complex.py
[2023-11-22T21:10:31.443+0000] {logging_mixin.py:154} INFO - [2023-11-22T21:10:31.442+0000] {dag.py:2941} INFO - Sync 1 DAGs
[2023-11-22T21:10:31.456+0000] {logging_mixin.py:154} INFO - [2023-11-22T21:10:31.456+0000] {dag.py:3722} INFO - Setting next_dagrun for example_complex to None, run_after=None
[2023-11-22T21:10:31.481+0000] {processor.py:179} INFO - Processing /home/airflow/.local/lib/python3.8/site-packages/airflow/example_dags/example_complex.py took 0.089 seconds
[2023-11-22T21:11:01.875+0000] {processor.py:157} INFO - Started process (PID=2591) to work on /home/airflow/.local/lib/python3.8/site-packages/airflow/example_dags/example_complex.py
[2023-11-22T21:11:01.876+0000] {processor.py:829} INFO - Processing file /home/airflow/.local/lib/python3.8/site-packages/airflow/example_dags/example_complex.py for tasks to queue
[2023-11-22T21:11:01.879+0000] {logging_mixin.py:154} INFO - [2023-11-22T21:11:01.879+0000] {dagbag.py:536} INFO - Filling up the DagBag from /home/airflow/.local/lib/python3.8/site-packages/airflow/example_dags/example_complex.py
[2023-11-22T21:11:01.890+0000] {processor.py:839} INFO - DAG(s) dict_keys(['example_complex']) retrieved from /home/airflow/.local/lib/python3.8/site-packages/airflow/example_dags/example_complex.py
[2023-11-22T21:11:01.925+0000] {logging_mixin.py:154} INFO - [2023-11-22T21:11:01.924+0000] {dag.py:2941} INFO - Sync 1 DAGs
[2023-11-22T21:11:01.975+0000] {logging_mixin.py:154} INFO - [2023-11-22T21:11:01.975+0000] {dag.py:3722} INFO - Setting next_dagrun for example_complex to None, run_after=None
[2023-11-22T21:11:02.017+0000] {processor.py:179} INFO - Processing /home/airflow/.local/lib/python3.8/site-packages/airflow/example_dags/example_complex.py took 0.144 seconds
[2023-11-22T21:11:32.566+0000] {processor.py:157} INFO - Started process (PID=2645) to work on /home/airflow/.local/lib/python3.8/site-packages/airflow/example_dags/example_complex.py
[2023-11-22T21:11:32.568+0000] {processor.py:829} INFO - Processing file /home/airflow/.local/lib/python3.8/site-packages/airflow/example_dags/example_complex.py for tasks to queue
[2023-11-22T21:11:32.571+0000] {logging_mixin.py:154} INFO - [2023-11-22T21:11:32.571+0000] {dagbag.py:536} INFO - Filling up the DagBag from /home/airflow/.local/lib/python3.8/site-packages/airflow/example_dags/example_complex.py
[2023-11-22T21:11:32.582+0000] {processor.py:839} INFO - DAG(s) dict_keys(['example_complex']) retrieved from /home/airflow/.local/lib/python3.8/site-packages/airflow/example_dags/example_complex.py
[2023-11-22T21:11:32.613+0000] {logging_mixin.py:154} INFO - [2023-11-22T21:11:32.613+0000] {dag.py:2941} INFO - Sync 1 DAGs
[2023-11-22T21:11:32.627+0000] {logging_mixin.py:154} INFO - [2023-11-22T21:11:32.627+0000] {dag.py:3722} INFO - Setting next_dagrun for example_complex to None, run_after=None
[2023-11-22T21:11:32.651+0000] {processor.py:179} INFO - Processing /home/airflow/.local/lib/python3.8/site-packages/airflow/example_dags/example_complex.py took 0.088 seconds
