[2023-11-22T20:46:43.414+0000] {processor.py:157} INFO - Started process (PID=44) to work on /home/airflow/.local/lib/python3.8/site-packages/airflow/example_dags/example_short_circuit_decorator.py
[2023-11-22T20:46:43.416+0000] {processor.py:829} INFO - Processing file /home/airflow/.local/lib/python3.8/site-packages/airflow/example_dags/example_short_circuit_decorator.py for tasks to queue
[2023-11-22T20:46:43.428+0000] {logging_mixin.py:154} INFO - [2023-11-22T20:46:43.424+0000] {dagbag.py:536} INFO - Filling up the DagBag from /home/airflow/.local/lib/python3.8/site-packages/airflow/example_dags/example_short_circuit_decorator.py
[2023-11-22T20:46:43.463+0000] {processor.py:839} INFO - DAG(s) dict_keys(['example_short_circuit_decorator']) retrieved from /home/airflow/.local/lib/python3.8/site-packages/airflow/example_dags/example_short_circuit_decorator.py
[2023-11-22T20:46:43.562+0000] {logging_mixin.py:154} INFO - [2023-11-22T20:46:43.562+0000] {dag.py:2941} INFO - Sync 1 DAGs
[2023-11-22T20:46:43.631+0000] {logging_mixin.py:154} INFO - [2023-11-22T20:46:43.630+0000] {dag.py:3722} INFO - Setting next_dagrun for example_short_circuit_decorator to 2023-11-21T20:46:43.630442+00:00, run_after=2023-11-22T20:46:43.630442+00:00
[2023-11-22T20:46:43.682+0000] {processor.py:179} INFO - Processing /home/airflow/.local/lib/python3.8/site-packages/airflow/example_dags/example_short_circuit_decorator.py took 0.278 seconds
[2023-11-22T20:47:18.697+0000] {processor.py:157} INFO - Started process (PID=98) to work on /home/airflow/.local/lib/python3.8/site-packages/airflow/example_dags/example_short_circuit_decorator.py
[2023-11-22T20:47:18.702+0000] {processor.py:829} INFO - Processing file /home/airflow/.local/lib/python3.8/site-packages/airflow/example_dags/example_short_circuit_decorator.py for tasks to queue
[2023-11-22T20:47:18.708+0000] {logging_mixin.py:154} INFO - [2023-11-22T20:47:18.707+0000] {dagbag.py:536} INFO - Filling up the DagBag from /home/airflow/.local/lib/python3.8/site-packages/airflow/example_dags/example_short_circuit_decorator.py
[2023-11-22T20:47:18.755+0000] {processor.py:839} INFO - DAG(s) dict_keys(['example_short_circuit_decorator']) retrieved from /home/airflow/.local/lib/python3.8/site-packages/airflow/example_dags/example_short_circuit_decorator.py
[2023-11-22T20:47:19.167+0000] {logging_mixin.py:154} INFO - [2023-11-22T20:47:19.166+0000] {dag.py:2941} INFO - Sync 1 DAGs
[2023-11-22T20:47:19.405+0000] {logging_mixin.py:154} INFO - [2023-11-22T20:47:19.404+0000] {dag.py:3722} INFO - Setting next_dagrun for example_short_circuit_decorator to 2023-11-21T20:47:19.404373+00:00, run_after=2023-11-22T20:47:19.404373+00:00
[2023-11-22T20:47:19.606+0000] {processor.py:179} INFO - Processing /home/airflow/.local/lib/python3.8/site-packages/airflow/example_dags/example_short_circuit_decorator.py took 0.917 seconds
[2023-11-22T20:47:49.802+0000] {processor.py:157} INFO - Started process (PID=150) to work on /home/airflow/.local/lib/python3.8/site-packages/airflow/example_dags/example_short_circuit_decorator.py
[2023-11-22T20:47:49.804+0000] {processor.py:829} INFO - Processing file /home/airflow/.local/lib/python3.8/site-packages/airflow/example_dags/example_short_circuit_decorator.py for tasks to queue
[2023-11-22T20:47:49.807+0000] {logging_mixin.py:154} INFO - [2023-11-22T20:47:49.806+0000] {dagbag.py:536} INFO - Filling up the DagBag from /home/airflow/.local/lib/python3.8/site-packages/airflow/example_dags/example_short_circuit_decorator.py
[2023-11-22T20:47:49.819+0000] {processor.py:839} INFO - DAG(s) dict_keys(['example_short_circuit_decorator']) retrieved from /home/airflow/.local/lib/python3.8/site-packages/airflow/example_dags/example_short_circuit_decorator.py
[2023-11-22T20:47:49.849+0000] {logging_mixin.py:154} INFO - [2023-11-22T20:47:49.848+0000] {dag.py:2941} INFO - Sync 1 DAGs
[2023-11-22T20:47:49.878+0000] {logging_mixin.py:154} INFO - [2023-11-22T20:47:49.878+0000] {dag.py:3722} INFO - Setting next_dagrun for example_short_circuit_decorator to 2023-11-21T20:47:49.877875+00:00, run_after=2023-11-22T20:47:49.877875+00:00
[2023-11-22T20:47:49.901+0000] {processor.py:179} INFO - Processing /home/airflow/.local/lib/python3.8/site-packages/airflow/example_dags/example_short_circuit_decorator.py took 0.103 seconds
[2023-11-22T20:48:20.426+0000] {processor.py:157} INFO - Started process (PID=204) to work on /home/airflow/.local/lib/python3.8/site-packages/airflow/example_dags/example_short_circuit_decorator.py
[2023-11-22T20:48:20.427+0000] {processor.py:829} INFO - Processing file /home/airflow/.local/lib/python3.8/site-packages/airflow/example_dags/example_short_circuit_decorator.py for tasks to queue
[2023-11-22T20:48:20.429+0000] {logging_mixin.py:154} INFO - [2023-11-22T20:48:20.429+0000] {dagbag.py:536} INFO - Filling up the DagBag from /home/airflow/.local/lib/python3.8/site-packages/airflow/example_dags/example_short_circuit_decorator.py
[2023-11-22T20:48:20.438+0000] {processor.py:839} INFO - DAG(s) dict_keys(['example_short_circuit_decorator']) retrieved from /home/airflow/.local/lib/python3.8/site-packages/airflow/example_dags/example_short_circuit_decorator.py
[2023-11-22T20:48:20.464+0000] {logging_mixin.py:154} INFO - [2023-11-22T20:48:20.463+0000] {dag.py:2941} INFO - Sync 1 DAGs
[2023-11-22T20:48:20.486+0000] {logging_mixin.py:154} INFO - [2023-11-22T20:48:20.485+0000] {dag.py:3722} INFO - Setting next_dagrun for example_short_circuit_decorator to 2023-11-21T20:48:20.485684+00:00, run_after=2023-11-22T20:48:20.485684+00:00
[2023-11-22T20:48:20.512+0000] {processor.py:179} INFO - Processing /home/airflow/.local/lib/python3.8/site-packages/airflow/example_dags/example_short_circuit_decorator.py took 0.089 seconds
[2023-11-22T20:48:51.247+0000] {processor.py:157} INFO - Started process (PID=258) to work on /home/airflow/.local/lib/python3.8/site-packages/airflow/example_dags/example_short_circuit_decorator.py
[2023-11-22T20:48:51.249+0000] {processor.py:829} INFO - Processing file /home/airflow/.local/lib/python3.8/site-packages/airflow/example_dags/example_short_circuit_decorator.py for tasks to queue
[2023-11-22T20:48:51.252+0000] {logging_mixin.py:154} INFO - [2023-11-22T20:48:51.252+0000] {dagbag.py:536} INFO - Filling up the DagBag from /home/airflow/.local/lib/python3.8/site-packages/airflow/example_dags/example_short_circuit_decorator.py
[2023-11-22T20:48:51.262+0000] {processor.py:839} INFO - DAG(s) dict_keys(['example_short_circuit_decorator']) retrieved from /home/airflow/.local/lib/python3.8/site-packages/airflow/example_dags/example_short_circuit_decorator.py
[2023-11-22T20:48:51.306+0000] {logging_mixin.py:154} INFO - [2023-11-22T20:48:51.306+0000] {dag.py:2941} INFO - Sync 1 DAGs
[2023-11-22T20:48:51.351+0000] {logging_mixin.py:154} INFO - [2023-11-22T20:48:51.351+0000] {dag.py:3722} INFO - Setting next_dagrun for example_short_circuit_decorator to 2023-11-21T20:48:51.350842+00:00, run_after=2023-11-22T20:48:51.350842+00:00
[2023-11-22T20:48:51.378+0000] {processor.py:179} INFO - Processing /home/airflow/.local/lib/python3.8/site-packages/airflow/example_dags/example_short_circuit_decorator.py took 0.134 seconds
[2023-11-22T20:49:21.480+0000] {processor.py:157} INFO - Started process (PID=312) to work on /home/airflow/.local/lib/python3.8/site-packages/airflow/example_dags/example_short_circuit_decorator.py
[2023-11-22T20:49:21.482+0000] {processor.py:829} INFO - Processing file /home/airflow/.local/lib/python3.8/site-packages/airflow/example_dags/example_short_circuit_decorator.py for tasks to queue
[2023-11-22T20:49:21.486+0000] {logging_mixin.py:154} INFO - [2023-11-22T20:49:21.485+0000] {dagbag.py:536} INFO - Filling up the DagBag from /home/airflow/.local/lib/python3.8/site-packages/airflow/example_dags/example_short_circuit_decorator.py
[2023-11-22T20:49:21.499+0000] {processor.py:839} INFO - DAG(s) dict_keys(['example_short_circuit_decorator']) retrieved from /home/airflow/.local/lib/python3.8/site-packages/airflow/example_dags/example_short_circuit_decorator.py
[2023-11-22T20:49:21.531+0000] {logging_mixin.py:154} INFO - [2023-11-22T20:49:21.531+0000] {dag.py:2941} INFO - Sync 1 DAGs
[2023-11-22T20:49:21.565+0000] {logging_mixin.py:154} INFO - [2023-11-22T20:49:21.565+0000] {dag.py:3722} INFO - Setting next_dagrun for example_short_circuit_decorator to 2023-11-21T20:49:21.565035+00:00, run_after=2023-11-22T20:49:21.565035+00:00
[2023-11-22T20:49:21.595+0000] {processor.py:179} INFO - Processing /home/airflow/.local/lib/python3.8/site-packages/airflow/example_dags/example_short_circuit_decorator.py took 0.120 seconds
[2023-11-22T20:49:52.621+0000] {processor.py:157} INFO - Started process (PID=366) to work on /home/airflow/.local/lib/python3.8/site-packages/airflow/example_dags/example_short_circuit_decorator.py
[2023-11-22T20:49:52.623+0000] {processor.py:829} INFO - Processing file /home/airflow/.local/lib/python3.8/site-packages/airflow/example_dags/example_short_circuit_decorator.py for tasks to queue
[2023-11-22T20:49:52.625+0000] {logging_mixin.py:154} INFO - [2023-11-22T20:49:52.625+0000] {dagbag.py:536} INFO - Filling up the DagBag from /home/airflow/.local/lib/python3.8/site-packages/airflow/example_dags/example_short_circuit_decorator.py
[2023-11-22T20:49:52.634+0000] {processor.py:839} INFO - DAG(s) dict_keys(['example_short_circuit_decorator']) retrieved from /home/airflow/.local/lib/python3.8/site-packages/airflow/example_dags/example_short_circuit_decorator.py
[2023-11-22T20:49:52.657+0000] {logging_mixin.py:154} INFO - [2023-11-22T20:49:52.657+0000] {dag.py:2941} INFO - Sync 1 DAGs
[2023-11-22T20:49:52.680+0000] {logging_mixin.py:154} INFO - [2023-11-22T20:49:52.680+0000] {dag.py:3722} INFO - Setting next_dagrun for example_short_circuit_decorator to 2023-11-21T20:49:52.679989+00:00, run_after=2023-11-22T20:49:52.679989+00:00
[2023-11-22T20:49:52.707+0000] {processor.py:179} INFO - Processing /home/airflow/.local/lib/python3.8/site-packages/airflow/example_dags/example_short_circuit_decorator.py took 0.089 seconds
[2023-11-22T20:50:23.703+0000] {processor.py:157} INFO - Started process (PID=420) to work on /home/airflow/.local/lib/python3.8/site-packages/airflow/example_dags/example_short_circuit_decorator.py
[2023-11-22T20:50:23.705+0000] {processor.py:829} INFO - Processing file /home/airflow/.local/lib/python3.8/site-packages/airflow/example_dags/example_short_circuit_decorator.py for tasks to queue
[2023-11-22T20:50:23.709+0000] {logging_mixin.py:154} INFO - [2023-11-22T20:50:23.708+0000] {dagbag.py:536} INFO - Filling up the DagBag from /home/airflow/.local/lib/python3.8/site-packages/airflow/example_dags/example_short_circuit_decorator.py
[2023-11-22T20:50:23.722+0000] {processor.py:839} INFO - DAG(s) dict_keys(['example_short_circuit_decorator']) retrieved from /home/airflow/.local/lib/python3.8/site-packages/airflow/example_dags/example_short_circuit_decorator.py
[2023-11-22T20:50:23.752+0000] {logging_mixin.py:154} INFO - [2023-11-22T20:50:23.751+0000] {dag.py:2941} INFO - Sync 1 DAGs
[2023-11-22T20:50:23.778+0000] {logging_mixin.py:154} INFO - [2023-11-22T20:50:23.778+0000] {dag.py:3722} INFO - Setting next_dagrun for example_short_circuit_decorator to 2023-11-21T20:50:23.778212+00:00, run_after=2023-11-22T20:50:23.778212+00:00
[2023-11-22T20:50:23.805+0000] {processor.py:179} INFO - Processing /home/airflow/.local/lib/python3.8/site-packages/airflow/example_dags/example_short_circuit_decorator.py took 0.107 seconds
[2023-11-22T20:50:54.369+0000] {processor.py:157} INFO - Started process (PID=474) to work on /home/airflow/.local/lib/python3.8/site-packages/airflow/example_dags/example_short_circuit_decorator.py
[2023-11-22T20:50:54.371+0000] {processor.py:829} INFO - Processing file /home/airflow/.local/lib/python3.8/site-packages/airflow/example_dags/example_short_circuit_decorator.py for tasks to queue
[2023-11-22T20:50:54.377+0000] {logging_mixin.py:154} INFO - [2023-11-22T20:50:54.377+0000] {dagbag.py:536} INFO - Filling up the DagBag from /home/airflow/.local/lib/python3.8/site-packages/airflow/example_dags/example_short_circuit_decorator.py
[2023-11-22T20:50:54.392+0000] {processor.py:839} INFO - DAG(s) dict_keys(['example_short_circuit_decorator']) retrieved from /home/airflow/.local/lib/python3.8/site-packages/airflow/example_dags/example_short_circuit_decorator.py
[2023-11-22T20:50:54.422+0000] {logging_mixin.py:154} INFO - [2023-11-22T20:50:54.422+0000] {dag.py:2941} INFO - Sync 1 DAGs
[2023-11-22T20:50:54.446+0000] {logging_mixin.py:154} INFO - [2023-11-22T20:50:54.446+0000] {dag.py:3722} INFO - Setting next_dagrun for example_short_circuit_decorator to 2023-11-21T20:50:54.446444+00:00, run_after=2023-11-22T20:50:54.446444+00:00
[2023-11-22T20:50:55.122+0000] {processor.py:179} INFO - Processing /home/airflow/.local/lib/python3.8/site-packages/airflow/example_dags/example_short_circuit_decorator.py took 0.756 seconds
[2023-11-22T20:51:26.131+0000] {processor.py:157} INFO - Started process (PID=528) to work on /home/airflow/.local/lib/python3.8/site-packages/airflow/example_dags/example_short_circuit_decorator.py
[2023-11-22T20:51:26.133+0000] {processor.py:829} INFO - Processing file /home/airflow/.local/lib/python3.8/site-packages/airflow/example_dags/example_short_circuit_decorator.py for tasks to queue
[2023-11-22T20:51:26.135+0000] {logging_mixin.py:154} INFO - [2023-11-22T20:51:26.135+0000] {dagbag.py:536} INFO - Filling up the DagBag from /home/airflow/.local/lib/python3.8/site-packages/airflow/example_dags/example_short_circuit_decorator.py
[2023-11-22T20:51:26.148+0000] {processor.py:839} INFO - DAG(s) dict_keys(['example_short_circuit_decorator']) retrieved from /home/airflow/.local/lib/python3.8/site-packages/airflow/example_dags/example_short_circuit_decorator.py
[2023-11-22T20:51:26.179+0000] {logging_mixin.py:154} INFO - [2023-11-22T20:51:26.179+0000] {dag.py:2941} INFO - Sync 1 DAGs
[2023-11-22T20:51:26.205+0000] {logging_mixin.py:154} INFO - [2023-11-22T20:51:26.205+0000] {dag.py:3722} INFO - Setting next_dagrun for example_short_circuit_decorator to 2023-11-21T20:51:26.205526+00:00, run_after=2023-11-22T20:51:26.205526+00:00
[2023-11-22T20:51:26.234+0000] {processor.py:179} INFO - Processing /home/airflow/.local/lib/python3.8/site-packages/airflow/example_dags/example_short_circuit_decorator.py took 0.109 seconds
[2023-11-22T20:51:57.254+0000] {processor.py:157} INFO - Started process (PID=582) to work on /home/airflow/.local/lib/python3.8/site-packages/airflow/example_dags/example_short_circuit_decorator.py
[2023-11-22T20:51:57.255+0000] {processor.py:829} INFO - Processing file /home/airflow/.local/lib/python3.8/site-packages/airflow/example_dags/example_short_circuit_decorator.py for tasks to queue
[2023-11-22T20:51:57.259+0000] {logging_mixin.py:154} INFO - [2023-11-22T20:51:57.258+0000] {dagbag.py:536} INFO - Filling up the DagBag from /home/airflow/.local/lib/python3.8/site-packages/airflow/example_dags/example_short_circuit_decorator.py
[2023-11-22T20:51:57.318+0000] {processor.py:839} INFO - DAG(s) dict_keys(['example_short_circuit_decorator']) retrieved from /home/airflow/.local/lib/python3.8/site-packages/airflow/example_dags/example_short_circuit_decorator.py
[2023-11-22T20:52:14.589+0000] {logging_mixin.py:154} INFO - [2023-11-22T20:52:14.589+0000] {dag.py:2941} INFO - Sync 1 DAGs
[2023-11-22T20:52:14.633+0000] {logging_mixin.py:154} INFO - [2023-11-22T20:52:14.633+0000] {dag.py:3722} INFO - Setting next_dagrun for example_short_circuit_decorator to 2023-11-21T20:52:14.632657+00:00, run_after=2023-11-22T20:52:14.632657+00:00
[2023-11-22T20:52:14.663+0000] {processor.py:179} INFO - Processing /home/airflow/.local/lib/python3.8/site-packages/airflow/example_dags/example_short_circuit_decorator.py took 17.412 seconds
[2023-11-22T20:52:45.340+0000] {processor.py:157} INFO - Started process (PID=635) to work on /home/airflow/.local/lib/python3.8/site-packages/airflow/example_dags/example_short_circuit_decorator.py
[2023-11-22T20:52:45.341+0000] {processor.py:829} INFO - Processing file /home/airflow/.local/lib/python3.8/site-packages/airflow/example_dags/example_short_circuit_decorator.py for tasks to queue
[2023-11-22T20:52:45.347+0000] {logging_mixin.py:154} INFO - [2023-11-22T20:52:45.347+0000] {dagbag.py:536} INFO - Filling up the DagBag from /home/airflow/.local/lib/python3.8/site-packages/airflow/example_dags/example_short_circuit_decorator.py
[2023-11-22T20:52:45.373+0000] {processor.py:839} INFO - DAG(s) dict_keys(['example_short_circuit_decorator']) retrieved from /home/airflow/.local/lib/python3.8/site-packages/airflow/example_dags/example_short_circuit_decorator.py
[2023-11-22T20:52:45.414+0000] {logging_mixin.py:154} INFO - [2023-11-22T20:52:45.413+0000] {dag.py:2941} INFO - Sync 1 DAGs
[2023-11-22T20:52:45.460+0000] {logging_mixin.py:154} INFO - [2023-11-22T20:52:45.459+0000] {dag.py:3722} INFO - Setting next_dagrun for example_short_circuit_decorator to 2023-11-21T20:52:45.459643+00:00, run_after=2023-11-22T20:52:45.459643+00:00
[2023-11-22T20:52:45.487+0000] {processor.py:179} INFO - Processing /home/airflow/.local/lib/python3.8/site-packages/airflow/example_dags/example_short_circuit_decorator.py took 0.155 seconds
[2023-11-22T20:53:16.259+0000] {processor.py:157} INFO - Started process (PID=689) to work on /home/airflow/.local/lib/python3.8/site-packages/airflow/example_dags/example_short_circuit_decorator.py
[2023-11-22T20:53:16.261+0000] {processor.py:829} INFO - Processing file /home/airflow/.local/lib/python3.8/site-packages/airflow/example_dags/example_short_circuit_decorator.py for tasks to queue
[2023-11-22T20:53:16.268+0000] {logging_mixin.py:154} INFO - [2023-11-22T20:53:16.267+0000] {dagbag.py:536} INFO - Filling up the DagBag from /home/airflow/.local/lib/python3.8/site-packages/airflow/example_dags/example_short_circuit_decorator.py
[2023-11-22T20:53:16.287+0000] {processor.py:839} INFO - DAG(s) dict_keys(['example_short_circuit_decorator']) retrieved from /home/airflow/.local/lib/python3.8/site-packages/airflow/example_dags/example_short_circuit_decorator.py
[2023-11-22T20:53:16.321+0000] {logging_mixin.py:154} INFO - [2023-11-22T20:53:16.321+0000] {dag.py:2941} INFO - Sync 1 DAGs
[2023-11-22T20:53:16.346+0000] {logging_mixin.py:154} INFO - [2023-11-22T20:53:16.346+0000] {dag.py:3722} INFO - Setting next_dagrun for example_short_circuit_decorator to 2023-11-21T20:53:16.345841+00:00, run_after=2023-11-22T20:53:16.345841+00:00
[2023-11-22T20:53:16.372+0000] {processor.py:179} INFO - Processing /home/airflow/.local/lib/python3.8/site-packages/airflow/example_dags/example_short_circuit_decorator.py took 0.118 seconds
[2023-11-22T20:53:47.291+0000] {processor.py:157} INFO - Started process (PID=752) to work on /home/airflow/.local/lib/python3.8/site-packages/airflow/example_dags/example_short_circuit_decorator.py
[2023-11-22T20:53:47.293+0000] {processor.py:829} INFO - Processing file /home/airflow/.local/lib/python3.8/site-packages/airflow/example_dags/example_short_circuit_decorator.py for tasks to queue
[2023-11-22T20:53:47.298+0000] {logging_mixin.py:154} INFO - [2023-11-22T20:53:47.298+0000] {dagbag.py:536} INFO - Filling up the DagBag from /home/airflow/.local/lib/python3.8/site-packages/airflow/example_dags/example_short_circuit_decorator.py
[2023-11-22T20:53:47.318+0000] {processor.py:839} INFO - DAG(s) dict_keys(['example_short_circuit_decorator']) retrieved from /home/airflow/.local/lib/python3.8/site-packages/airflow/example_dags/example_short_circuit_decorator.py
[2023-11-22T20:53:47.353+0000] {logging_mixin.py:154} INFO - [2023-11-22T20:53:47.353+0000] {dag.py:2941} INFO - Sync 1 DAGs
[2023-11-22T20:53:47.386+0000] {logging_mixin.py:154} INFO - [2023-11-22T20:53:47.386+0000] {dag.py:3722} INFO - Setting next_dagrun for example_short_circuit_decorator to 2023-11-21T20:53:47.386200+00:00, run_after=2023-11-22T20:53:47.386200+00:00
[2023-11-22T20:53:47.423+0000] {processor.py:179} INFO - Processing /home/airflow/.local/lib/python3.8/site-packages/airflow/example_dags/example_short_circuit_decorator.py took 0.137 seconds
[2023-11-22T20:54:18.343+0000] {processor.py:157} INFO - Started process (PID=806) to work on /home/airflow/.local/lib/python3.8/site-packages/airflow/example_dags/example_short_circuit_decorator.py
[2023-11-22T20:54:18.345+0000] {processor.py:829} INFO - Processing file /home/airflow/.local/lib/python3.8/site-packages/airflow/example_dags/example_short_circuit_decorator.py for tasks to queue
[2023-11-22T20:54:18.347+0000] {logging_mixin.py:154} INFO - [2023-11-22T20:54:18.347+0000] {dagbag.py:536} INFO - Filling up the DagBag from /home/airflow/.local/lib/python3.8/site-packages/airflow/example_dags/example_short_circuit_decorator.py
[2023-11-22T20:54:18.357+0000] {processor.py:839} INFO - DAG(s) dict_keys(['example_short_circuit_decorator']) retrieved from /home/airflow/.local/lib/python3.8/site-packages/airflow/example_dags/example_short_circuit_decorator.py
[2023-11-22T20:54:18.380+0000] {logging_mixin.py:154} INFO - [2023-11-22T20:54:18.380+0000] {dag.py:2941} INFO - Sync 1 DAGs
[2023-11-22T20:54:18.405+0000] {logging_mixin.py:154} INFO - [2023-11-22T20:54:18.404+0000] {dag.py:3722} INFO - Setting next_dagrun for example_short_circuit_decorator to 2023-11-21T20:54:18.404566+00:00, run_after=2023-11-22T20:54:18.404566+00:00
[2023-11-22T20:54:18.425+0000] {processor.py:179} INFO - Processing /home/airflow/.local/lib/python3.8/site-packages/airflow/example_dags/example_short_circuit_decorator.py took 0.085 seconds
[2023-11-22T20:54:48.636+0000] {processor.py:157} INFO - Started process (PID=860) to work on /home/airflow/.local/lib/python3.8/site-packages/airflow/example_dags/example_short_circuit_decorator.py
[2023-11-22T20:54:48.638+0000] {processor.py:829} INFO - Processing file /home/airflow/.local/lib/python3.8/site-packages/airflow/example_dags/example_short_circuit_decorator.py for tasks to queue
[2023-11-22T20:54:48.640+0000] {logging_mixin.py:154} INFO - [2023-11-22T20:54:48.640+0000] {dagbag.py:536} INFO - Filling up the DagBag from /home/airflow/.local/lib/python3.8/site-packages/airflow/example_dags/example_short_circuit_decorator.py
[2023-11-22T20:54:48.650+0000] {processor.py:839} INFO - DAG(s) dict_keys(['example_short_circuit_decorator']) retrieved from /home/airflow/.local/lib/python3.8/site-packages/airflow/example_dags/example_short_circuit_decorator.py
[2023-11-22T20:54:48.672+0000] {logging_mixin.py:154} INFO - [2023-11-22T20:54:48.672+0000] {dag.py:2941} INFO - Sync 1 DAGs
[2023-11-22T20:54:48.694+0000] {logging_mixin.py:154} INFO - [2023-11-22T20:54:48.694+0000] {dag.py:3722} INFO - Setting next_dagrun for example_short_circuit_decorator to 2023-11-21T20:54:48.694221+00:00, run_after=2023-11-22T20:54:48.694221+00:00
[2023-11-22T20:54:48.716+0000] {processor.py:179} INFO - Processing /home/airflow/.local/lib/python3.8/site-packages/airflow/example_dags/example_short_circuit_decorator.py took 0.084 seconds
[2023-11-22T20:55:18.871+0000] {processor.py:157} INFO - Started process (PID=914) to work on /home/airflow/.local/lib/python3.8/site-packages/airflow/example_dags/example_short_circuit_decorator.py
[2023-11-22T20:55:18.872+0000] {processor.py:829} INFO - Processing file /home/airflow/.local/lib/python3.8/site-packages/airflow/example_dags/example_short_circuit_decorator.py for tasks to queue
[2023-11-22T20:55:18.875+0000] {logging_mixin.py:154} INFO - [2023-11-22T20:55:18.875+0000] {dagbag.py:536} INFO - Filling up the DagBag from /home/airflow/.local/lib/python3.8/site-packages/airflow/example_dags/example_short_circuit_decorator.py
[2023-11-22T20:55:18.884+0000] {processor.py:839} INFO - DAG(s) dict_keys(['example_short_circuit_decorator']) retrieved from /home/airflow/.local/lib/python3.8/site-packages/airflow/example_dags/example_short_circuit_decorator.py
[2023-11-22T20:55:18.914+0000] {logging_mixin.py:154} INFO - [2023-11-22T20:55:18.913+0000] {dag.py:2941} INFO - Sync 1 DAGs
[2023-11-22T20:55:18.940+0000] {logging_mixin.py:154} INFO - [2023-11-22T20:55:18.940+0000] {dag.py:3722} INFO - Setting next_dagrun for example_short_circuit_decorator to 2023-11-21T20:55:18.940034+00:00, run_after=2023-11-22T20:55:18.940034+00:00
[2023-11-22T20:55:19.118+0000] {processor.py:179} INFO - Processing /home/airflow/.local/lib/python3.8/site-packages/airflow/example_dags/example_short_circuit_decorator.py took 0.251 seconds
[2023-11-22T20:55:49.292+0000] {processor.py:157} INFO - Started process (PID=971) to work on /home/airflow/.local/lib/python3.8/site-packages/airflow/example_dags/example_short_circuit_decorator.py
[2023-11-22T20:55:49.293+0000] {processor.py:829} INFO - Processing file /home/airflow/.local/lib/python3.8/site-packages/airflow/example_dags/example_short_circuit_decorator.py for tasks to queue
[2023-11-22T20:55:49.297+0000] {logging_mixin.py:154} INFO - [2023-11-22T20:55:49.296+0000] {dagbag.py:536} INFO - Filling up the DagBag from /home/airflow/.local/lib/python3.8/site-packages/airflow/example_dags/example_short_circuit_decorator.py
[2023-11-22T20:55:49.308+0000] {processor.py:839} INFO - DAG(s) dict_keys(['example_short_circuit_decorator']) retrieved from /home/airflow/.local/lib/python3.8/site-packages/airflow/example_dags/example_short_circuit_decorator.py
[2023-11-22T20:55:49.337+0000] {logging_mixin.py:154} INFO - [2023-11-22T20:55:49.336+0000] {dag.py:2941} INFO - Sync 1 DAGs
[2023-11-22T20:55:49.365+0000] {logging_mixin.py:154} INFO - [2023-11-22T20:55:49.364+0000] {dag.py:3722} INFO - Setting next_dagrun for example_short_circuit_decorator to 2023-11-21T20:55:49.364349+00:00, run_after=2023-11-22T20:55:49.364349+00:00
[2023-11-22T20:55:49.394+0000] {processor.py:179} INFO - Processing /home/airflow/.local/lib/python3.8/site-packages/airflow/example_dags/example_short_circuit_decorator.py took 0.106 seconds
[2023-11-22T20:56:19.446+0000] {processor.py:157} INFO - Started process (PID=1025) to work on /home/airflow/.local/lib/python3.8/site-packages/airflow/example_dags/example_short_circuit_decorator.py
[2023-11-22T20:56:19.448+0000] {processor.py:829} INFO - Processing file /home/airflow/.local/lib/python3.8/site-packages/airflow/example_dags/example_short_circuit_decorator.py for tasks to queue
[2023-11-22T20:56:19.450+0000] {logging_mixin.py:154} INFO - [2023-11-22T20:56:19.450+0000] {dagbag.py:536} INFO - Filling up the DagBag from /home/airflow/.local/lib/python3.8/site-packages/airflow/example_dags/example_short_circuit_decorator.py
[2023-11-22T20:56:19.460+0000] {processor.py:839} INFO - DAG(s) dict_keys(['example_short_circuit_decorator']) retrieved from /home/airflow/.local/lib/python3.8/site-packages/airflow/example_dags/example_short_circuit_decorator.py
[2023-11-22T20:56:19.484+0000] {logging_mixin.py:154} INFO - [2023-11-22T20:56:19.484+0000] {dag.py:2941} INFO - Sync 1 DAGs
[2023-11-22T20:56:19.511+0000] {logging_mixin.py:154} INFO - [2023-11-22T20:56:19.511+0000] {dag.py:3722} INFO - Setting next_dagrun for example_short_circuit_decorator to 2023-11-21T20:56:19.511339+00:00, run_after=2023-11-22T20:56:19.511339+00:00
[2023-11-22T20:56:19.532+0000] {processor.py:179} INFO - Processing /home/airflow/.local/lib/python3.8/site-packages/airflow/example_dags/example_short_circuit_decorator.py took 0.089 seconds
[2023-11-22T20:56:49.741+0000] {processor.py:157} INFO - Started process (PID=1079) to work on /home/airflow/.local/lib/python3.8/site-packages/airflow/example_dags/example_short_circuit_decorator.py
[2023-11-22T20:56:49.743+0000] {processor.py:829} INFO - Processing file /home/airflow/.local/lib/python3.8/site-packages/airflow/example_dags/example_short_circuit_decorator.py for tasks to queue
[2023-11-22T20:56:49.745+0000] {logging_mixin.py:154} INFO - [2023-11-22T20:56:49.745+0000] {dagbag.py:536} INFO - Filling up the DagBag from /home/airflow/.local/lib/python3.8/site-packages/airflow/example_dags/example_short_circuit_decorator.py
[2023-11-22T20:56:49.755+0000] {processor.py:839} INFO - DAG(s) dict_keys(['example_short_circuit_decorator']) retrieved from /home/airflow/.local/lib/python3.8/site-packages/airflow/example_dags/example_short_circuit_decorator.py
[2023-11-22T20:56:49.780+0000] {logging_mixin.py:154} INFO - [2023-11-22T20:56:49.780+0000] {dag.py:2941} INFO - Sync 1 DAGs
[2023-11-22T20:56:49.803+0000] {logging_mixin.py:154} INFO - [2023-11-22T20:56:49.803+0000] {dag.py:3722} INFO - Setting next_dagrun for example_short_circuit_decorator to 2023-11-21T20:56:49.803470+00:00, run_after=2023-11-22T20:56:49.803470+00:00
[2023-11-22T20:56:49.823+0000] {processor.py:179} INFO - Processing /home/airflow/.local/lib/python3.8/site-packages/airflow/example_dags/example_short_circuit_decorator.py took 0.085 seconds
[2023-11-22T20:57:19.972+0000] {processor.py:157} INFO - Started process (PID=1131) to work on /home/airflow/.local/lib/python3.8/site-packages/airflow/example_dags/example_short_circuit_decorator.py
[2023-11-22T20:57:19.974+0000] {processor.py:829} INFO - Processing file /home/airflow/.local/lib/python3.8/site-packages/airflow/example_dags/example_short_circuit_decorator.py for tasks to queue
[2023-11-22T20:57:19.978+0000] {logging_mixin.py:154} INFO - [2023-11-22T20:57:19.977+0000] {dagbag.py:536} INFO - Filling up the DagBag from /home/airflow/.local/lib/python3.8/site-packages/airflow/example_dags/example_short_circuit_decorator.py
[2023-11-22T20:57:19.988+0000] {processor.py:839} INFO - DAG(s) dict_keys(['example_short_circuit_decorator']) retrieved from /home/airflow/.local/lib/python3.8/site-packages/airflow/example_dags/example_short_circuit_decorator.py
[2023-11-22T20:57:20.018+0000] {logging_mixin.py:154} INFO - [2023-11-22T20:57:20.018+0000] {dag.py:2941} INFO - Sync 1 DAGs
[2023-11-22T20:57:20.043+0000] {logging_mixin.py:154} INFO - [2023-11-22T20:57:20.043+0000] {dag.py:3722} INFO - Setting next_dagrun for example_short_circuit_decorator to 2023-11-21T20:57:20.043416+00:00, run_after=2023-11-22T20:57:20.043416+00:00
[2023-11-22T20:57:20.068+0000] {processor.py:179} INFO - Processing /home/airflow/.local/lib/python3.8/site-packages/airflow/example_dags/example_short_circuit_decorator.py took 0.099 seconds
[2023-11-22T20:57:50.554+0000] {processor.py:157} INFO - Started process (PID=1185) to work on /home/airflow/.local/lib/python3.8/site-packages/airflow/example_dags/example_short_circuit_decorator.py
[2023-11-22T20:57:50.555+0000] {processor.py:829} INFO - Processing file /home/airflow/.local/lib/python3.8/site-packages/airflow/example_dags/example_short_circuit_decorator.py for tasks to queue
[2023-11-22T20:57:50.558+0000] {logging_mixin.py:154} INFO - [2023-11-22T20:57:50.558+0000] {dagbag.py:536} INFO - Filling up the DagBag from /home/airflow/.local/lib/python3.8/site-packages/airflow/example_dags/example_short_circuit_decorator.py
[2023-11-22T20:57:50.567+0000] {processor.py:839} INFO - DAG(s) dict_keys(['example_short_circuit_decorator']) retrieved from /home/airflow/.local/lib/python3.8/site-packages/airflow/example_dags/example_short_circuit_decorator.py
[2023-11-22T20:57:50.589+0000] {logging_mixin.py:154} INFO - [2023-11-22T20:57:50.589+0000] {dag.py:2941} INFO - Sync 1 DAGs
[2023-11-22T20:57:50.610+0000] {logging_mixin.py:154} INFO - [2023-11-22T20:57:50.610+0000] {dag.py:3722} INFO - Setting next_dagrun for example_short_circuit_decorator to 2023-11-21T20:57:50.609932+00:00, run_after=2023-11-22T20:57:50.609932+00:00
[2023-11-22T20:57:50.644+0000] {processor.py:179} INFO - Processing /home/airflow/.local/lib/python3.8/site-packages/airflow/example_dags/example_short_circuit_decorator.py took 0.093 seconds
[2023-11-22T20:58:21.491+0000] {processor.py:157} INFO - Started process (PID=1239) to work on /home/airflow/.local/lib/python3.8/site-packages/airflow/example_dags/example_short_circuit_decorator.py
[2023-11-22T20:58:21.493+0000] {processor.py:829} INFO - Processing file /home/airflow/.local/lib/python3.8/site-packages/airflow/example_dags/example_short_circuit_decorator.py for tasks to queue
[2023-11-22T20:58:21.497+0000] {logging_mixin.py:154} INFO - [2023-11-22T20:58:21.497+0000] {dagbag.py:536} INFO - Filling up the DagBag from /home/airflow/.local/lib/python3.8/site-packages/airflow/example_dags/example_short_circuit_decorator.py
[2023-11-22T20:58:21.511+0000] {processor.py:839} INFO - DAG(s) dict_keys(['example_short_circuit_decorator']) retrieved from /home/airflow/.local/lib/python3.8/site-packages/airflow/example_dags/example_short_circuit_decorator.py
[2023-11-22T20:58:21.533+0000] {logging_mixin.py:154} INFO - [2023-11-22T20:58:21.533+0000] {dag.py:2941} INFO - Sync 1 DAGs
[2023-11-22T20:58:21.716+0000] {logging_mixin.py:154} INFO - [2023-11-22T20:58:21.716+0000] {dag.py:3722} INFO - Setting next_dagrun for example_short_circuit_decorator to 2023-11-21T20:58:21.715785+00:00, run_after=2023-11-22T20:58:21.715785+00:00
[2023-11-22T20:58:21.740+0000] {processor.py:179} INFO - Processing /home/airflow/.local/lib/python3.8/site-packages/airflow/example_dags/example_short_circuit_decorator.py took 0.253 seconds
[2023-11-22T20:58:51.812+0000] {processor.py:157} INFO - Started process (PID=1293) to work on /home/airflow/.local/lib/python3.8/site-packages/airflow/example_dags/example_short_circuit_decorator.py
[2023-11-22T20:58:51.814+0000] {processor.py:829} INFO - Processing file /home/airflow/.local/lib/python3.8/site-packages/airflow/example_dags/example_short_circuit_decorator.py for tasks to queue
[2023-11-22T20:58:51.817+0000] {logging_mixin.py:154} INFO - [2023-11-22T20:58:51.817+0000] {dagbag.py:536} INFO - Filling up the DagBag from /home/airflow/.local/lib/python3.8/site-packages/airflow/example_dags/example_short_circuit_decorator.py
[2023-11-22T20:58:51.827+0000] {processor.py:839} INFO - DAG(s) dict_keys(['example_short_circuit_decorator']) retrieved from /home/airflow/.local/lib/python3.8/site-packages/airflow/example_dags/example_short_circuit_decorator.py
[2023-11-22T20:58:51.850+0000] {logging_mixin.py:154} INFO - [2023-11-22T20:58:51.850+0000] {dag.py:2941} INFO - Sync 1 DAGs
[2023-11-22T20:58:51.871+0000] {logging_mixin.py:154} INFO - [2023-11-22T20:58:51.871+0000] {dag.py:3722} INFO - Setting next_dagrun for example_short_circuit_decorator to 2023-11-21T20:58:51.871210+00:00, run_after=2023-11-22T20:58:51.871210+00:00
[2023-11-22T20:58:51.894+0000] {processor.py:179} INFO - Processing /home/airflow/.local/lib/python3.8/site-packages/airflow/example_dags/example_short_circuit_decorator.py took 0.086 seconds
[2023-11-22T20:59:22.263+0000] {processor.py:157} INFO - Started process (PID=1347) to work on /home/airflow/.local/lib/python3.8/site-packages/airflow/example_dags/example_short_circuit_decorator.py
[2023-11-22T20:59:22.264+0000] {processor.py:829} INFO - Processing file /home/airflow/.local/lib/python3.8/site-packages/airflow/example_dags/example_short_circuit_decorator.py for tasks to queue
[2023-11-22T20:59:22.267+0000] {logging_mixin.py:154} INFO - [2023-11-22T20:59:22.266+0000] {dagbag.py:536} INFO - Filling up the DagBag from /home/airflow/.local/lib/python3.8/site-packages/airflow/example_dags/example_short_circuit_decorator.py
[2023-11-22T20:59:22.276+0000] {processor.py:839} INFO - DAG(s) dict_keys(['example_short_circuit_decorator']) retrieved from /home/airflow/.local/lib/python3.8/site-packages/airflow/example_dags/example_short_circuit_decorator.py
[2023-11-22T20:59:22.299+0000] {logging_mixin.py:154} INFO - [2023-11-22T20:59:22.298+0000] {dag.py:2941} INFO - Sync 1 DAGs
[2023-11-22T20:59:22.320+0000] {logging_mixin.py:154} INFO - [2023-11-22T20:59:22.320+0000] {dag.py:3722} INFO - Setting next_dagrun for example_short_circuit_decorator to 2023-11-21T20:59:22.320502+00:00, run_after=2023-11-22T20:59:22.320502+00:00
[2023-11-22T20:59:22.342+0000] {processor.py:179} INFO - Processing /home/airflow/.local/lib/python3.8/site-packages/airflow/example_dags/example_short_circuit_decorator.py took 0.082 seconds
[2023-11-22T20:59:52.743+0000] {processor.py:157} INFO - Started process (PID=1401) to work on /home/airflow/.local/lib/python3.8/site-packages/airflow/example_dags/example_short_circuit_decorator.py
[2023-11-22T20:59:52.744+0000] {processor.py:829} INFO - Processing file /home/airflow/.local/lib/python3.8/site-packages/airflow/example_dags/example_short_circuit_decorator.py for tasks to queue
[2023-11-22T20:59:52.747+0000] {logging_mixin.py:154} INFO - [2023-11-22T20:59:52.747+0000] {dagbag.py:536} INFO - Filling up the DagBag from /home/airflow/.local/lib/python3.8/site-packages/airflow/example_dags/example_short_circuit_decorator.py
[2023-11-22T20:59:52.757+0000] {processor.py:839} INFO - DAG(s) dict_keys(['example_short_circuit_decorator']) retrieved from /home/airflow/.local/lib/python3.8/site-packages/airflow/example_dags/example_short_circuit_decorator.py
[2023-11-22T20:59:52.782+0000] {logging_mixin.py:154} INFO - [2023-11-22T20:59:52.782+0000] {dag.py:2941} INFO - Sync 1 DAGs
[2023-11-22T20:59:52.949+0000] {logging_mixin.py:154} INFO - [2023-11-22T20:59:52.948+0000] {dag.py:3722} INFO - Setting next_dagrun for example_short_circuit_decorator to 2023-11-21T20:59:52.948692+00:00, run_after=2023-11-22T20:59:52.948692+00:00
[2023-11-22T20:59:52.970+0000] {processor.py:179} INFO - Processing /home/airflow/.local/lib/python3.8/site-packages/airflow/example_dags/example_short_circuit_decorator.py took 0.229 seconds
[2023-11-22T21:00:23.511+0000] {processor.py:157} INFO - Started process (PID=1453) to work on /home/airflow/.local/lib/python3.8/site-packages/airflow/example_dags/example_short_circuit_decorator.py
[2023-11-22T21:00:23.513+0000] {processor.py:829} INFO - Processing file /home/airflow/.local/lib/python3.8/site-packages/airflow/example_dags/example_short_circuit_decorator.py for tasks to queue
[2023-11-22T21:00:23.515+0000] {logging_mixin.py:154} INFO - [2023-11-22T21:00:23.515+0000] {dagbag.py:536} INFO - Filling up the DagBag from /home/airflow/.local/lib/python3.8/site-packages/airflow/example_dags/example_short_circuit_decorator.py
[2023-11-22T21:00:23.525+0000] {processor.py:839} INFO - DAG(s) dict_keys(['example_short_circuit_decorator']) retrieved from /home/airflow/.local/lib/python3.8/site-packages/airflow/example_dags/example_short_circuit_decorator.py
[2023-11-22T21:00:23.549+0000] {logging_mixin.py:154} INFO - [2023-11-22T21:00:23.549+0000] {dag.py:2941} INFO - Sync 1 DAGs
[2023-11-22T21:00:23.721+0000] {logging_mixin.py:154} INFO - [2023-11-22T21:00:23.721+0000] {dag.py:3722} INFO - Setting next_dagrun for example_short_circuit_decorator to 2023-11-21T21:00:23.721058+00:00, run_after=2023-11-22T21:00:23.721058+00:00
[2023-11-22T21:00:23.750+0000] {processor.py:179} INFO - Processing /home/airflow/.local/lib/python3.8/site-packages/airflow/example_dags/example_short_circuit_decorator.py took 0.242 seconds
[2023-11-22T21:00:54.101+0000] {processor.py:157} INFO - Started process (PID=1507) to work on /home/airflow/.local/lib/python3.8/site-packages/airflow/example_dags/example_short_circuit_decorator.py
[2023-11-22T21:00:54.103+0000] {processor.py:829} INFO - Processing file /home/airflow/.local/lib/python3.8/site-packages/airflow/example_dags/example_short_circuit_decorator.py for tasks to queue
[2023-11-22T21:00:54.106+0000] {logging_mixin.py:154} INFO - [2023-11-22T21:00:54.105+0000] {dagbag.py:536} INFO - Filling up the DagBag from /home/airflow/.local/lib/python3.8/site-packages/airflow/example_dags/example_short_circuit_decorator.py
[2023-11-22T21:00:54.116+0000] {processor.py:839} INFO - DAG(s) dict_keys(['example_short_circuit_decorator']) retrieved from /home/airflow/.local/lib/python3.8/site-packages/airflow/example_dags/example_short_circuit_decorator.py
[2023-11-22T21:00:54.139+0000] {logging_mixin.py:154} INFO - [2023-11-22T21:00:54.139+0000] {dag.py:2941} INFO - Sync 1 DAGs
[2023-11-22T21:00:54.167+0000] {logging_mixin.py:154} INFO - [2023-11-22T21:00:54.167+0000] {dag.py:3722} INFO - Setting next_dagrun for example_short_circuit_decorator to 2023-11-21T21:00:54.167421+00:00, run_after=2023-11-22T21:00:54.167421+00:00
[2023-11-22T21:00:54.194+0000] {processor.py:179} INFO - Processing /home/airflow/.local/lib/python3.8/site-packages/airflow/example_dags/example_short_circuit_decorator.py took 0.098 seconds
[2023-11-22T21:01:24.338+0000] {processor.py:157} INFO - Started process (PID=1561) to work on /home/airflow/.local/lib/python3.8/site-packages/airflow/example_dags/example_short_circuit_decorator.py
[2023-11-22T21:01:24.340+0000] {processor.py:829} INFO - Processing file /home/airflow/.local/lib/python3.8/site-packages/airflow/example_dags/example_short_circuit_decorator.py for tasks to queue
[2023-11-22T21:01:24.343+0000] {logging_mixin.py:154} INFO - [2023-11-22T21:01:24.342+0000] {dagbag.py:536} INFO - Filling up the DagBag from /home/airflow/.local/lib/python3.8/site-packages/airflow/example_dags/example_short_circuit_decorator.py
[2023-11-22T21:01:24.354+0000] {processor.py:839} INFO - DAG(s) dict_keys(['example_short_circuit_decorator']) retrieved from /home/airflow/.local/lib/python3.8/site-packages/airflow/example_dags/example_short_circuit_decorator.py
[2023-11-22T21:01:24.516+0000] {logging_mixin.py:154} INFO - [2023-11-22T21:01:24.515+0000] {dag.py:2941} INFO - Sync 1 DAGs
[2023-11-22T21:01:24.547+0000] {logging_mixin.py:154} INFO - [2023-11-22T21:01:24.547+0000] {dag.py:3722} INFO - Setting next_dagrun for example_short_circuit_decorator to 2023-11-21T21:01:24.546832+00:00, run_after=2023-11-22T21:01:24.546832+00:00
[2023-11-22T21:01:24.569+0000] {processor.py:179} INFO - Processing /home/airflow/.local/lib/python3.8/site-packages/airflow/example_dags/example_short_circuit_decorator.py took 0.236 seconds
[2023-11-22T21:01:54.836+0000] {processor.py:157} INFO - Started process (PID=1615) to work on /home/airflow/.local/lib/python3.8/site-packages/airflow/example_dags/example_short_circuit_decorator.py
[2023-11-22T21:01:54.838+0000] {processor.py:829} INFO - Processing file /home/airflow/.local/lib/python3.8/site-packages/airflow/example_dags/example_short_circuit_decorator.py for tasks to queue
[2023-11-22T21:01:54.841+0000] {logging_mixin.py:154} INFO - [2023-11-22T21:01:54.841+0000] {dagbag.py:536} INFO - Filling up the DagBag from /home/airflow/.local/lib/python3.8/site-packages/airflow/example_dags/example_short_circuit_decorator.py
[2023-11-22T21:01:54.854+0000] {processor.py:839} INFO - DAG(s) dict_keys(['example_short_circuit_decorator']) retrieved from /home/airflow/.local/lib/python3.8/site-packages/airflow/example_dags/example_short_circuit_decorator.py
[2023-11-22T21:01:54.879+0000] {logging_mixin.py:154} INFO - [2023-11-22T21:01:54.879+0000] {dag.py:2941} INFO - Sync 1 DAGs
[2023-11-22T21:01:55.050+0000] {logging_mixin.py:154} INFO - [2023-11-22T21:01:55.050+0000] {dag.py:3722} INFO - Setting next_dagrun for example_short_circuit_decorator to 2023-11-21T21:01:55.049917+00:00, run_after=2023-11-22T21:01:55.049917+00:00
[2023-11-22T21:01:55.077+0000] {processor.py:179} INFO - Processing /home/airflow/.local/lib/python3.8/site-packages/airflow/example_dags/example_short_circuit_decorator.py took 0.245 seconds
[2023-11-22T21:02:25.497+0000] {processor.py:157} INFO - Started process (PID=1670) to work on /home/airflow/.local/lib/python3.8/site-packages/airflow/example_dags/example_short_circuit_decorator.py
[2023-11-22T21:02:25.499+0000] {processor.py:829} INFO - Processing file /home/airflow/.local/lib/python3.8/site-packages/airflow/example_dags/example_short_circuit_decorator.py for tasks to queue
[2023-11-22T21:02:25.504+0000] {logging_mixin.py:154} INFO - [2023-11-22T21:02:25.503+0000] {dagbag.py:536} INFO - Filling up the DagBag from /home/airflow/.local/lib/python3.8/site-packages/airflow/example_dags/example_short_circuit_decorator.py
[2023-11-22T21:02:25.699+0000] {processor.py:839} INFO - DAG(s) dict_keys(['example_short_circuit_decorator']) retrieved from /home/airflow/.local/lib/python3.8/site-packages/airflow/example_dags/example_short_circuit_decorator.py
[2023-11-22T21:02:25.734+0000] {logging_mixin.py:154} INFO - [2023-11-22T21:02:25.734+0000] {dag.py:2941} INFO - Sync 1 DAGs
[2023-11-22T21:02:25.755+0000] {logging_mixin.py:154} INFO - [2023-11-22T21:02:25.755+0000] {dag.py:3722} INFO - Setting next_dagrun for example_short_circuit_decorator to 2023-11-21T21:02:25.755323+00:00, run_after=2023-11-22T21:02:25.755323+00:00
[2023-11-22T21:02:25.955+0000] {processor.py:179} INFO - Processing /home/airflow/.local/lib/python3.8/site-packages/airflow/example_dags/example_short_circuit_decorator.py took 0.465 seconds
[2023-11-22T21:02:56.366+0000] {processor.py:157} INFO - Started process (PID=1724) to work on /home/airflow/.local/lib/python3.8/site-packages/airflow/example_dags/example_short_circuit_decorator.py
[2023-11-22T21:02:56.368+0000] {processor.py:829} INFO - Processing file /home/airflow/.local/lib/python3.8/site-packages/airflow/example_dags/example_short_circuit_decorator.py for tasks to queue
[2023-11-22T21:02:56.370+0000] {logging_mixin.py:154} INFO - [2023-11-22T21:02:56.370+0000] {dagbag.py:536} INFO - Filling up the DagBag from /home/airflow/.local/lib/python3.8/site-packages/airflow/example_dags/example_short_circuit_decorator.py
[2023-11-22T21:02:56.381+0000] {processor.py:839} INFO - DAG(s) dict_keys(['example_short_circuit_decorator']) retrieved from /home/airflow/.local/lib/python3.8/site-packages/airflow/example_dags/example_short_circuit_decorator.py
[2023-11-22T21:02:56.547+0000] {logging_mixin.py:154} INFO - [2023-11-22T21:02:56.547+0000] {dag.py:2941} INFO - Sync 1 DAGs
[2023-11-22T21:02:56.572+0000] {logging_mixin.py:154} INFO - [2023-11-22T21:02:56.572+0000] {dag.py:3722} INFO - Setting next_dagrun for example_short_circuit_decorator to 2023-11-21T21:02:56.572225+00:00, run_after=2023-11-22T21:02:56.572225+00:00
[2023-11-22T21:02:56.593+0000] {processor.py:179} INFO - Processing /home/airflow/.local/lib/python3.8/site-packages/airflow/example_dags/example_short_circuit_decorator.py took 0.231 seconds
[2023-11-22T21:03:26.930+0000] {processor.py:157} INFO - Started process (PID=1778) to work on /home/airflow/.local/lib/python3.8/site-packages/airflow/example_dags/example_short_circuit_decorator.py
[2023-11-22T21:03:26.932+0000] {processor.py:829} INFO - Processing file /home/airflow/.local/lib/python3.8/site-packages/airflow/example_dags/example_short_circuit_decorator.py for tasks to queue
[2023-11-22T21:03:26.935+0000] {logging_mixin.py:154} INFO - [2023-11-22T21:03:26.934+0000] {dagbag.py:536} INFO - Filling up the DagBag from /home/airflow/.local/lib/python3.8/site-packages/airflow/example_dags/example_short_circuit_decorator.py
[2023-11-22T21:03:26.948+0000] {processor.py:839} INFO - DAG(s) dict_keys(['example_short_circuit_decorator']) retrieved from /home/airflow/.local/lib/python3.8/site-packages/airflow/example_dags/example_short_circuit_decorator.py
[2023-11-22T21:03:26.976+0000] {logging_mixin.py:154} INFO - [2023-11-22T21:03:26.976+0000] {dag.py:2941} INFO - Sync 1 DAGs
[2023-11-22T21:03:27.000+0000] {logging_mixin.py:154} INFO - [2023-11-22T21:03:27.000+0000] {dag.py:3722} INFO - Setting next_dagrun for example_short_circuit_decorator to 2023-11-21T21:03:27.000275+00:00, run_after=2023-11-22T21:03:27.000275+00:00
[2023-11-22T21:03:27.027+0000] {processor.py:179} INFO - Processing /home/airflow/.local/lib/python3.8/site-packages/airflow/example_dags/example_short_circuit_decorator.py took 0.101 seconds
[2023-11-22T21:03:57.185+0000] {processor.py:157} INFO - Started process (PID=1833) to work on /home/airflow/.local/lib/python3.8/site-packages/airflow/example_dags/example_short_circuit_decorator.py
[2023-11-22T21:03:57.186+0000] {processor.py:829} INFO - Processing file /home/airflow/.local/lib/python3.8/site-packages/airflow/example_dags/example_short_circuit_decorator.py for tasks to queue
[2023-11-22T21:03:57.189+0000] {logging_mixin.py:154} INFO - [2023-11-22T21:03:57.189+0000] {dagbag.py:536} INFO - Filling up the DagBag from /home/airflow/.local/lib/python3.8/site-packages/airflow/example_dags/example_short_circuit_decorator.py
[2023-11-22T21:03:57.200+0000] {processor.py:839} INFO - DAG(s) dict_keys(['example_short_circuit_decorator']) retrieved from /home/airflow/.local/lib/python3.8/site-packages/airflow/example_dags/example_short_circuit_decorator.py
[2023-11-22T21:03:57.227+0000] {logging_mixin.py:154} INFO - [2023-11-22T21:03:57.227+0000] {dag.py:2941} INFO - Sync 1 DAGs
[2023-11-22T21:03:57.252+0000] {logging_mixin.py:154} INFO - [2023-11-22T21:03:57.252+0000] {dag.py:3722} INFO - Setting next_dagrun for example_short_circuit_decorator to 2023-11-21T21:03:57.251900+00:00, run_after=2023-11-22T21:03:57.251900+00:00
[2023-11-22T21:03:57.274+0000] {processor.py:179} INFO - Processing /home/airflow/.local/lib/python3.8/site-packages/airflow/example_dags/example_short_circuit_decorator.py took 0.093 seconds
[2023-11-22T21:04:27.335+0000] {processor.py:157} INFO - Started process (PID=1887) to work on /home/airflow/.local/lib/python3.8/site-packages/airflow/example_dags/example_short_circuit_decorator.py
[2023-11-22T21:04:27.336+0000] {processor.py:829} INFO - Processing file /home/airflow/.local/lib/python3.8/site-packages/airflow/example_dags/example_short_circuit_decorator.py for tasks to queue
[2023-11-22T21:04:27.340+0000] {logging_mixin.py:154} INFO - [2023-11-22T21:04:27.340+0000] {dagbag.py:536} INFO - Filling up the DagBag from /home/airflow/.local/lib/python3.8/site-packages/airflow/example_dags/example_short_circuit_decorator.py
[2023-11-22T21:04:27.351+0000] {processor.py:839} INFO - DAG(s) dict_keys(['example_short_circuit_decorator']) retrieved from /home/airflow/.local/lib/python3.8/site-packages/airflow/example_dags/example_short_circuit_decorator.py
[2023-11-22T21:04:27.381+0000] {logging_mixin.py:154} INFO - [2023-11-22T21:04:27.381+0000] {dag.py:2941} INFO - Sync 1 DAGs
[2023-11-22T21:04:27.405+0000] {logging_mixin.py:154} INFO - [2023-11-22T21:04:27.405+0000] {dag.py:3722} INFO - Setting next_dagrun for example_short_circuit_decorator to 2023-11-21T21:04:27.405059+00:00, run_after=2023-11-22T21:04:27.405059+00:00
[2023-11-22T21:04:27.424+0000] {processor.py:179} INFO - Processing /home/airflow/.local/lib/python3.8/site-packages/airflow/example_dags/example_short_circuit_decorator.py took 0.092 seconds
[2023-11-22T21:04:57.523+0000] {processor.py:157} INFO - Started process (PID=1940) to work on /home/airflow/.local/lib/python3.8/site-packages/airflow/example_dags/example_short_circuit_decorator.py
[2023-11-22T21:04:57.525+0000] {processor.py:829} INFO - Processing file /home/airflow/.local/lib/python3.8/site-packages/airflow/example_dags/example_short_circuit_decorator.py for tasks to queue
[2023-11-22T21:04:57.528+0000] {logging_mixin.py:154} INFO - [2023-11-22T21:04:57.528+0000] {dagbag.py:536} INFO - Filling up the DagBag from /home/airflow/.local/lib/python3.8/site-packages/airflow/example_dags/example_short_circuit_decorator.py
[2023-11-22T21:04:57.538+0000] {processor.py:839} INFO - DAG(s) dict_keys(['example_short_circuit_decorator']) retrieved from /home/airflow/.local/lib/python3.8/site-packages/airflow/example_dags/example_short_circuit_decorator.py
[2023-11-22T21:04:57.563+0000] {logging_mixin.py:154} INFO - [2023-11-22T21:04:57.562+0000] {dag.py:2941} INFO - Sync 1 DAGs
[2023-11-22T21:04:57.585+0000] {logging_mixin.py:154} INFO - [2023-11-22T21:04:57.585+0000] {dag.py:3722} INFO - Setting next_dagrun for example_short_circuit_decorator to 2023-11-21T21:04:57.584426+00:00, run_after=2023-11-22T21:04:57.584426+00:00
[2023-11-22T21:04:57.610+0000] {processor.py:179} INFO - Processing /home/airflow/.local/lib/python3.8/site-packages/airflow/example_dags/example_short_circuit_decorator.py took 0.090 seconds
[2023-11-22T21:05:27.690+0000] {processor.py:157} INFO - Started process (PID=1994) to work on /home/airflow/.local/lib/python3.8/site-packages/airflow/example_dags/example_short_circuit_decorator.py
[2023-11-22T21:05:27.691+0000] {processor.py:829} INFO - Processing file /home/airflow/.local/lib/python3.8/site-packages/airflow/example_dags/example_short_circuit_decorator.py for tasks to queue
[2023-11-22T21:05:27.694+0000] {logging_mixin.py:154} INFO - [2023-11-22T21:05:27.694+0000] {dagbag.py:536} INFO - Filling up the DagBag from /home/airflow/.local/lib/python3.8/site-packages/airflow/example_dags/example_short_circuit_decorator.py
[2023-11-22T21:05:27.708+0000] {processor.py:839} INFO - DAG(s) dict_keys(['example_short_circuit_decorator']) retrieved from /home/airflow/.local/lib/python3.8/site-packages/airflow/example_dags/example_short_circuit_decorator.py
[2023-11-22T21:05:27.732+0000] {logging_mixin.py:154} INFO - [2023-11-22T21:05:27.731+0000] {dag.py:2941} INFO - Sync 1 DAGs
[2023-11-22T21:05:27.758+0000] {logging_mixin.py:154} INFO - [2023-11-22T21:05:27.758+0000] {dag.py:3722} INFO - Setting next_dagrun for example_short_circuit_decorator to 2023-11-21T21:05:27.757881+00:00, run_after=2023-11-22T21:05:27.757881+00:00
[2023-11-22T21:05:27.780+0000] {processor.py:179} INFO - Processing /home/airflow/.local/lib/python3.8/site-packages/airflow/example_dags/example_short_circuit_decorator.py took 0.094 seconds
[2023-11-22T21:05:57.908+0000] {processor.py:157} INFO - Started process (PID=2048) to work on /home/airflow/.local/lib/python3.8/site-packages/airflow/example_dags/example_short_circuit_decorator.py
[2023-11-22T21:05:57.909+0000] {processor.py:829} INFO - Processing file /home/airflow/.local/lib/python3.8/site-packages/airflow/example_dags/example_short_circuit_decorator.py for tasks to queue
[2023-11-22T21:05:57.912+0000] {logging_mixin.py:154} INFO - [2023-11-22T21:05:57.912+0000] {dagbag.py:536} INFO - Filling up the DagBag from /home/airflow/.local/lib/python3.8/site-packages/airflow/example_dags/example_short_circuit_decorator.py
[2023-11-22T21:05:57.921+0000] {processor.py:839} INFO - DAG(s) dict_keys(['example_short_circuit_decorator']) retrieved from /home/airflow/.local/lib/python3.8/site-packages/airflow/example_dags/example_short_circuit_decorator.py
[2023-11-22T21:05:57.943+0000] {logging_mixin.py:154} INFO - [2023-11-22T21:05:57.943+0000] {dag.py:2941} INFO - Sync 1 DAGs
[2023-11-22T21:05:57.965+0000] {logging_mixin.py:154} INFO - [2023-11-22T21:05:57.964+0000] {dag.py:3722} INFO - Setting next_dagrun for example_short_circuit_decorator to 2023-11-21T21:05:57.964575+00:00, run_after=2023-11-22T21:05:57.964575+00:00
[2023-11-22T21:05:57.986+0000] {processor.py:179} INFO - Processing /home/airflow/.local/lib/python3.8/site-packages/airflow/example_dags/example_short_circuit_decorator.py took 0.081 seconds
[2023-11-22T21:06:28.562+0000] {processor.py:157} INFO - Started process (PID=2103) to work on /home/airflow/.local/lib/python3.8/site-packages/airflow/example_dags/example_short_circuit_decorator.py
[2023-11-22T21:06:28.564+0000] {processor.py:829} INFO - Processing file /home/airflow/.local/lib/python3.8/site-packages/airflow/example_dags/example_short_circuit_decorator.py for tasks to queue
[2023-11-22T21:06:28.568+0000] {logging_mixin.py:154} INFO - [2023-11-22T21:06:28.567+0000] {dagbag.py:536} INFO - Filling up the DagBag from /home/airflow/.local/lib/python3.8/site-packages/airflow/example_dags/example_short_circuit_decorator.py
[2023-11-22T21:06:28.578+0000] {processor.py:839} INFO - DAG(s) dict_keys(['example_short_circuit_decorator']) retrieved from /home/airflow/.local/lib/python3.8/site-packages/airflow/example_dags/example_short_circuit_decorator.py
[2023-11-22T21:06:28.601+0000] {logging_mixin.py:154} INFO - [2023-11-22T21:06:28.600+0000] {dag.py:2941} INFO - Sync 1 DAGs
[2023-11-22T21:06:28.621+0000] {logging_mixin.py:154} INFO - [2023-11-22T21:06:28.621+0000] {dag.py:3722} INFO - Setting next_dagrun for example_short_circuit_decorator to 2023-11-21T21:06:28.621317+00:00, run_after=2023-11-22T21:06:28.621317+00:00
[2023-11-22T21:06:28.642+0000] {processor.py:179} INFO - Processing /home/airflow/.local/lib/python3.8/site-packages/airflow/example_dags/example_short_circuit_decorator.py took 0.084 seconds
[2023-11-22T21:06:58.868+0000] {processor.py:157} INFO - Started process (PID=2157) to work on /home/airflow/.local/lib/python3.8/site-packages/airflow/example_dags/example_short_circuit_decorator.py
[2023-11-22T21:06:58.870+0000] {processor.py:829} INFO - Processing file /home/airflow/.local/lib/python3.8/site-packages/airflow/example_dags/example_short_circuit_decorator.py for tasks to queue
[2023-11-22T21:06:58.872+0000] {logging_mixin.py:154} INFO - [2023-11-22T21:06:58.872+0000] {dagbag.py:536} INFO - Filling up the DagBag from /home/airflow/.local/lib/python3.8/site-packages/airflow/example_dags/example_short_circuit_decorator.py
[2023-11-22T21:06:58.882+0000] {processor.py:839} INFO - DAG(s) dict_keys(['example_short_circuit_decorator']) retrieved from /home/airflow/.local/lib/python3.8/site-packages/airflow/example_dags/example_short_circuit_decorator.py
[2023-11-22T21:06:58.907+0000] {logging_mixin.py:154} INFO - [2023-11-22T21:06:58.907+0000] {dag.py:2941} INFO - Sync 1 DAGs
[2023-11-22T21:06:58.931+0000] {logging_mixin.py:154} INFO - [2023-11-22T21:06:58.931+0000] {dag.py:3722} INFO - Setting next_dagrun for example_short_circuit_decorator to 2023-11-21T21:06:58.931256+00:00, run_after=2023-11-22T21:06:58.931256+00:00
[2023-11-22T21:06:58.954+0000] {processor.py:179} INFO - Processing /home/airflow/.local/lib/python3.8/site-packages/airflow/example_dags/example_short_circuit_decorator.py took 0.090 seconds
[2023-11-22T21:07:29.166+0000] {processor.py:157} INFO - Started process (PID=2211) to work on /home/airflow/.local/lib/python3.8/site-packages/airflow/example_dags/example_short_circuit_decorator.py
[2023-11-22T21:07:29.168+0000] {processor.py:829} INFO - Processing file /home/airflow/.local/lib/python3.8/site-packages/airflow/example_dags/example_short_circuit_decorator.py for tasks to queue
[2023-11-22T21:07:29.172+0000] {logging_mixin.py:154} INFO - [2023-11-22T21:07:29.171+0000] {dagbag.py:536} INFO - Filling up the DagBag from /home/airflow/.local/lib/python3.8/site-packages/airflow/example_dags/example_short_circuit_decorator.py
[2023-11-22T21:07:29.187+0000] {processor.py:839} INFO - DAG(s) dict_keys(['example_short_circuit_decorator']) retrieved from /home/airflow/.local/lib/python3.8/site-packages/airflow/example_dags/example_short_circuit_decorator.py
[2023-11-22T21:07:29.216+0000] {logging_mixin.py:154} INFO - [2023-11-22T21:07:29.215+0000] {dag.py:2941} INFO - Sync 1 DAGs
[2023-11-22T21:07:29.253+0000] {logging_mixin.py:154} INFO - [2023-11-22T21:07:29.252+0000] {dag.py:3722} INFO - Setting next_dagrun for example_short_circuit_decorator to 2023-11-21T21:07:29.250703+00:00, run_after=2023-11-22T21:07:29.250703+00:00
[2023-11-22T21:07:29.285+0000] {processor.py:179} INFO - Processing /home/airflow/.local/lib/python3.8/site-packages/airflow/example_dags/example_short_circuit_decorator.py took 0.124 seconds
[2023-11-22T21:07:59.342+0000] {processor.py:157} INFO - Started process (PID=2265) to work on /home/airflow/.local/lib/python3.8/site-packages/airflow/example_dags/example_short_circuit_decorator.py
[2023-11-22T21:07:59.343+0000] {processor.py:829} INFO - Processing file /home/airflow/.local/lib/python3.8/site-packages/airflow/example_dags/example_short_circuit_decorator.py for tasks to queue
[2023-11-22T21:07:59.346+0000] {logging_mixin.py:154} INFO - [2023-11-22T21:07:59.346+0000] {dagbag.py:536} INFO - Filling up the DagBag from /home/airflow/.local/lib/python3.8/site-packages/airflow/example_dags/example_short_circuit_decorator.py
[2023-11-22T21:07:59.356+0000] {processor.py:839} INFO - DAG(s) dict_keys(['example_short_circuit_decorator']) retrieved from /home/airflow/.local/lib/python3.8/site-packages/airflow/example_dags/example_short_circuit_decorator.py
[2023-11-22T21:07:59.379+0000] {logging_mixin.py:154} INFO - [2023-11-22T21:07:59.379+0000] {dag.py:2941} INFO - Sync 1 DAGs
[2023-11-22T21:07:59.400+0000] {logging_mixin.py:154} INFO - [2023-11-22T21:07:59.400+0000] {dag.py:3722} INFO - Setting next_dagrun for example_short_circuit_decorator to 2023-11-21T21:07:59.399912+00:00, run_after=2023-11-22T21:07:59.399912+00:00
[2023-11-22T21:07:59.421+0000] {processor.py:179} INFO - Processing /home/airflow/.local/lib/python3.8/site-packages/airflow/example_dags/example_short_circuit_decorator.py took 0.082 seconds
[2023-11-22T21:08:29.640+0000] {processor.py:157} INFO - Started process (PID=2319) to work on /home/airflow/.local/lib/python3.8/site-packages/airflow/example_dags/example_short_circuit_decorator.py
[2023-11-22T21:08:29.642+0000] {processor.py:829} INFO - Processing file /home/airflow/.local/lib/python3.8/site-packages/airflow/example_dags/example_short_circuit_decorator.py for tasks to queue
[2023-11-22T21:08:29.644+0000] {logging_mixin.py:154} INFO - [2023-11-22T21:08:29.644+0000] {dagbag.py:536} INFO - Filling up the DagBag from /home/airflow/.local/lib/python3.8/site-packages/airflow/example_dags/example_short_circuit_decorator.py
[2023-11-22T21:08:29.657+0000] {processor.py:839} INFO - DAG(s) dict_keys(['example_short_circuit_decorator']) retrieved from /home/airflow/.local/lib/python3.8/site-packages/airflow/example_dags/example_short_circuit_decorator.py
[2023-11-22T21:08:29.679+0000] {logging_mixin.py:154} INFO - [2023-11-22T21:08:29.679+0000] {dag.py:2941} INFO - Sync 1 DAGs
[2023-11-22T21:08:29.703+0000] {logging_mixin.py:154} INFO - [2023-11-22T21:08:29.703+0000] {dag.py:3722} INFO - Setting next_dagrun for example_short_circuit_decorator to 2023-11-21T21:08:29.703016+00:00, run_after=2023-11-22T21:08:29.703016+00:00
[2023-11-22T21:08:29.724+0000] {processor.py:179} INFO - Processing /home/airflow/.local/lib/python3.8/site-packages/airflow/example_dags/example_short_circuit_decorator.py took 0.086 seconds
[2023-11-22T21:09:00.249+0000] {processor.py:157} INFO - Started process (PID=2373) to work on /home/airflow/.local/lib/python3.8/site-packages/airflow/example_dags/example_short_circuit_decorator.py
[2023-11-22T21:09:00.250+0000] {processor.py:829} INFO - Processing file /home/airflow/.local/lib/python3.8/site-packages/airflow/example_dags/example_short_circuit_decorator.py for tasks to queue
[2023-11-22T21:09:00.254+0000] {logging_mixin.py:154} INFO - [2023-11-22T21:09:00.253+0000] {dagbag.py:536} INFO - Filling up the DagBag from /home/airflow/.local/lib/python3.8/site-packages/airflow/example_dags/example_short_circuit_decorator.py
[2023-11-22T21:09:00.274+0000] {processor.py:839} INFO - DAG(s) dict_keys(['example_short_circuit_decorator']) retrieved from /home/airflow/.local/lib/python3.8/site-packages/airflow/example_dags/example_short_circuit_decorator.py
[2023-11-22T21:09:00.316+0000] {logging_mixin.py:154} INFO - [2023-11-22T21:09:00.316+0000] {dag.py:2941} INFO - Sync 1 DAGs
[2023-11-22T21:09:00.346+0000] {logging_mixin.py:154} INFO - [2023-11-22T21:09:00.346+0000] {dag.py:3722} INFO - Setting next_dagrun for example_short_circuit_decorator to 2023-11-21T21:09:00.346274+00:00, run_after=2023-11-22T21:09:00.346274+00:00
[2023-11-22T21:09:00.368+0000] {processor.py:179} INFO - Processing /home/airflow/.local/lib/python3.8/site-packages/airflow/example_dags/example_short_circuit_decorator.py took 0.123 seconds
[2023-11-22T21:09:30.536+0000] {processor.py:157} INFO - Started process (PID=2427) to work on /home/airflow/.local/lib/python3.8/site-packages/airflow/example_dags/example_short_circuit_decorator.py
[2023-11-22T21:09:30.538+0000] {processor.py:829} INFO - Processing file /home/airflow/.local/lib/python3.8/site-packages/airflow/example_dags/example_short_circuit_decorator.py for tasks to queue
[2023-11-22T21:09:30.541+0000] {logging_mixin.py:154} INFO - [2023-11-22T21:09:30.541+0000] {dagbag.py:536} INFO - Filling up the DagBag from /home/airflow/.local/lib/python3.8/site-packages/airflow/example_dags/example_short_circuit_decorator.py
[2023-11-22T21:09:30.550+0000] {processor.py:839} INFO - DAG(s) dict_keys(['example_short_circuit_decorator']) retrieved from /home/airflow/.local/lib/python3.8/site-packages/airflow/example_dags/example_short_circuit_decorator.py
[2023-11-22T21:09:30.574+0000] {logging_mixin.py:154} INFO - [2023-11-22T21:09:30.574+0000] {dag.py:2941} INFO - Sync 1 DAGs
[2023-11-22T21:09:30.596+0000] {logging_mixin.py:154} INFO - [2023-11-22T21:09:30.596+0000] {dag.py:3722} INFO - Setting next_dagrun for example_short_circuit_decorator to 2023-11-21T21:09:30.596127+00:00, run_after=2023-11-22T21:09:30.596127+00:00
[2023-11-22T21:09:30.617+0000] {processor.py:179} INFO - Processing /home/airflow/.local/lib/python3.8/site-packages/airflow/example_dags/example_short_circuit_decorator.py took 0.084 seconds
[2023-11-22T21:10:00.824+0000] {processor.py:157} INFO - Started process (PID=2481) to work on /home/airflow/.local/lib/python3.8/site-packages/airflow/example_dags/example_short_circuit_decorator.py
[2023-11-22T21:10:00.826+0000] {processor.py:829} INFO - Processing file /home/airflow/.local/lib/python3.8/site-packages/airflow/example_dags/example_short_circuit_decorator.py for tasks to queue
[2023-11-22T21:10:00.828+0000] {logging_mixin.py:154} INFO - [2023-11-22T21:10:00.828+0000] {dagbag.py:536} INFO - Filling up the DagBag from /home/airflow/.local/lib/python3.8/site-packages/airflow/example_dags/example_short_circuit_decorator.py
[2023-11-22T21:10:00.838+0000] {processor.py:839} INFO - DAG(s) dict_keys(['example_short_circuit_decorator']) retrieved from /home/airflow/.local/lib/python3.8/site-packages/airflow/example_dags/example_short_circuit_decorator.py
[2023-11-22T21:10:00.862+0000] {logging_mixin.py:154} INFO - [2023-11-22T21:10:00.861+0000] {dag.py:2941} INFO - Sync 1 DAGs
[2023-11-22T21:10:00.883+0000] {logging_mixin.py:154} INFO - [2023-11-22T21:10:00.883+0000] {dag.py:3722} INFO - Setting next_dagrun for example_short_circuit_decorator to 2023-11-21T21:10:00.883186+00:00, run_after=2023-11-22T21:10:00.883186+00:00
[2023-11-22T21:10:00.904+0000] {processor.py:179} INFO - Processing /home/airflow/.local/lib/python3.8/site-packages/airflow/example_dags/example_short_circuit_decorator.py took 0.083 seconds
[2023-11-22T21:10:31.290+0000] {processor.py:157} INFO - Started process (PID=2535) to work on /home/airflow/.local/lib/python3.8/site-packages/airflow/example_dags/example_short_circuit_decorator.py
[2023-11-22T21:10:31.292+0000] {processor.py:829} INFO - Processing file /home/airflow/.local/lib/python3.8/site-packages/airflow/example_dags/example_short_circuit_decorator.py for tasks to queue
[2023-11-22T21:10:31.295+0000] {logging_mixin.py:154} INFO - [2023-11-22T21:10:31.295+0000] {dagbag.py:536} INFO - Filling up the DagBag from /home/airflow/.local/lib/python3.8/site-packages/airflow/example_dags/example_short_circuit_decorator.py
[2023-11-22T21:10:31.305+0000] {processor.py:839} INFO - DAG(s) dict_keys(['example_short_circuit_decorator']) retrieved from /home/airflow/.local/lib/python3.8/site-packages/airflow/example_dags/example_short_circuit_decorator.py
[2023-11-22T21:10:31.329+0000] {logging_mixin.py:154} INFO - [2023-11-22T21:10:31.329+0000] {dag.py:2941} INFO - Sync 1 DAGs
[2023-11-22T21:10:31.351+0000] {logging_mixin.py:154} INFO - [2023-11-22T21:10:31.351+0000] {dag.py:3722} INFO - Setting next_dagrun for example_short_circuit_decorator to 2023-11-21T21:10:31.350797+00:00, run_after=2023-11-22T21:10:31.350797+00:00
[2023-11-22T21:10:31.372+0000] {processor.py:179} INFO - Processing /home/airflow/.local/lib/python3.8/site-packages/airflow/example_dags/example_short_circuit_decorator.py took 0.086 seconds
[2023-11-22T21:11:01.697+0000] {processor.py:157} INFO - Started process (PID=2589) to work on /home/airflow/.local/lib/python3.8/site-packages/airflow/example_dags/example_short_circuit_decorator.py
[2023-11-22T21:11:01.698+0000] {processor.py:829} INFO - Processing file /home/airflow/.local/lib/python3.8/site-packages/airflow/example_dags/example_short_circuit_decorator.py for tasks to queue
[2023-11-22T21:11:01.701+0000] {logging_mixin.py:154} INFO - [2023-11-22T21:11:01.701+0000] {dagbag.py:536} INFO - Filling up the DagBag from /home/airflow/.local/lib/python3.8/site-packages/airflow/example_dags/example_short_circuit_decorator.py
[2023-11-22T21:11:01.712+0000] {processor.py:839} INFO - DAG(s) dict_keys(['example_short_circuit_decorator']) retrieved from /home/airflow/.local/lib/python3.8/site-packages/airflow/example_dags/example_short_circuit_decorator.py
[2023-11-22T21:11:01.745+0000] {logging_mixin.py:154} INFO - [2023-11-22T21:11:01.745+0000] {dag.py:2941} INFO - Sync 1 DAGs
[2023-11-22T21:11:01.773+0000] {logging_mixin.py:154} INFO - [2023-11-22T21:11:01.772+0000] {dag.py:3722} INFO - Setting next_dagrun for example_short_circuit_decorator to 2023-11-21T21:11:01.772375+00:00, run_after=2023-11-22T21:11:01.772375+00:00
[2023-11-22T21:11:01.819+0000] {processor.py:179} INFO - Processing /home/airflow/.local/lib/python3.8/site-packages/airflow/example_dags/example_short_circuit_decorator.py took 0.129 seconds
[2023-11-22T21:11:32.466+0000] {processor.py:157} INFO - Started process (PID=2643) to work on /home/airflow/.local/lib/python3.8/site-packages/airflow/example_dags/example_short_circuit_decorator.py
[2023-11-22T21:11:32.467+0000] {processor.py:829} INFO - Processing file /home/airflow/.local/lib/python3.8/site-packages/airflow/example_dags/example_short_circuit_decorator.py for tasks to queue
[2023-11-22T21:11:32.470+0000] {logging_mixin.py:154} INFO - [2023-11-22T21:11:32.470+0000] {dagbag.py:536} INFO - Filling up the DagBag from /home/airflow/.local/lib/python3.8/site-packages/airflow/example_dags/example_short_circuit_decorator.py
[2023-11-22T21:11:32.480+0000] {processor.py:839} INFO - DAG(s) dict_keys(['example_short_circuit_decorator']) retrieved from /home/airflow/.local/lib/python3.8/site-packages/airflow/example_dags/example_short_circuit_decorator.py
[2023-11-22T21:11:32.506+0000] {logging_mixin.py:154} INFO - [2023-11-22T21:11:32.505+0000] {dag.py:2941} INFO - Sync 1 DAGs
[2023-11-22T21:11:32.528+0000] {logging_mixin.py:154} INFO - [2023-11-22T21:11:32.528+0000] {dag.py:3722} INFO - Setting next_dagrun for example_short_circuit_decorator to 2023-11-21T21:11:32.527945+00:00, run_after=2023-11-22T21:11:32.527945+00:00
[2023-11-22T21:11:32.552+0000] {processor.py:179} INFO - Processing /home/airflow/.local/lib/python3.8/site-packages/airflow/example_dags/example_short_circuit_decorator.py took 0.089 seconds
