[2023-11-22T20:46:53.923+0000] {processor.py:157} INFO - Started process (PID=59) to work on /home/airflow/.local/lib/python3.8/site-packages/airflow/example_dags/example_short_circuit_operator.py
[2023-11-22T20:46:54.043+0000] {processor.py:829} INFO - Processing file /home/airflow/.local/lib/python3.8/site-packages/airflow/example_dags/example_short_circuit_operator.py for tasks to queue
[2023-11-22T20:46:54.142+0000] {logging_mixin.py:154} INFO - [2023-11-22T20:46:54.137+0000] {dagbag.py:536} INFO - Filling up the DagBag from /home/airflow/.local/lib/python3.8/site-packages/airflow/example_dags/example_short_circuit_operator.py
[2023-11-22T20:46:54.160+0000] {processor.py:839} INFO - DAG(s) dict_keys(['example_short_circuit_operator']) retrieved from /home/airflow/.local/lib/python3.8/site-packages/airflow/example_dags/example_short_circuit_operator.py
[2023-11-22T20:46:54.307+0000] {logging_mixin.py:154} INFO - [2023-11-22T20:46:54.307+0000] {dag.py:2941} INFO - Sync 1 DAGs
[2023-11-22T20:46:54.917+0000] {logging_mixin.py:154} INFO - [2023-11-22T20:46:54.916+0000] {dag.py:3722} INFO - Setting next_dagrun for example_short_circuit_operator to 2023-11-21T20:46:54.898120+00:00, run_after=2023-11-22T20:46:54.898120+00:00
[2023-11-22T20:47:01.577+0000] {processor.py:179} INFO - Processing /home/airflow/.local/lib/python3.8/site-packages/airflow/example_dags/example_short_circuit_operator.py took 7.827 seconds
[2023-11-22T20:47:32.568+0000] {processor.py:157} INFO - Started process (PID=113) to work on /home/airflow/.local/lib/python3.8/site-packages/airflow/example_dags/example_short_circuit_operator.py
[2023-11-22T20:47:32.574+0000] {processor.py:829} INFO - Processing file /home/airflow/.local/lib/python3.8/site-packages/airflow/example_dags/example_short_circuit_operator.py for tasks to queue
[2023-11-22T20:47:32.583+0000] {logging_mixin.py:154} INFO - [2023-11-22T20:47:32.582+0000] {dagbag.py:536} INFO - Filling up the DagBag from /home/airflow/.local/lib/python3.8/site-packages/airflow/example_dags/example_short_circuit_operator.py
[2023-11-22T20:47:32.601+0000] {processor.py:839} INFO - DAG(s) dict_keys(['example_short_circuit_operator']) retrieved from /home/airflow/.local/lib/python3.8/site-packages/airflow/example_dags/example_short_circuit_operator.py
[2023-11-22T20:47:32.633+0000] {logging_mixin.py:154} INFO - [2023-11-22T20:47:32.633+0000] {dag.py:2941} INFO - Sync 1 DAGs
[2023-11-22T20:47:32.672+0000] {logging_mixin.py:154} INFO - [2023-11-22T20:47:32.671+0000] {dag.py:3722} INFO - Setting next_dagrun for example_short_circuit_operator to 2023-11-21T20:47:32.671542+00:00, run_after=2023-11-22T20:47:32.671542+00:00
[2023-11-22T20:47:32.705+0000] {processor.py:179} INFO - Processing /home/airflow/.local/lib/python3.8/site-packages/airflow/example_dags/example_short_circuit_operator.py took 0.167 seconds
[2023-11-22T20:48:03.650+0000] {processor.py:157} INFO - Started process (PID=167) to work on /home/airflow/.local/lib/python3.8/site-packages/airflow/example_dags/example_short_circuit_operator.py
[2023-11-22T20:48:03.653+0000] {processor.py:829} INFO - Processing file /home/airflow/.local/lib/python3.8/site-packages/airflow/example_dags/example_short_circuit_operator.py for tasks to queue
[2023-11-22T20:48:03.658+0000] {logging_mixin.py:154} INFO - [2023-11-22T20:48:03.657+0000] {dagbag.py:536} INFO - Filling up the DagBag from /home/airflow/.local/lib/python3.8/site-packages/airflow/example_dags/example_short_circuit_operator.py
[2023-11-22T20:48:03.673+0000] {processor.py:839} INFO - DAG(s) dict_keys(['example_short_circuit_operator']) retrieved from /home/airflow/.local/lib/python3.8/site-packages/airflow/example_dags/example_short_circuit_operator.py
[2023-11-22T20:48:03.718+0000] {logging_mixin.py:154} INFO - [2023-11-22T20:48:03.717+0000] {dag.py:2941} INFO - Sync 1 DAGs
[2023-11-22T20:48:03.780+0000] {logging_mixin.py:154} INFO - [2023-11-22T20:48:03.780+0000] {dag.py:3722} INFO - Setting next_dagrun for example_short_circuit_operator to 2023-11-21T20:48:03.779178+00:00, run_after=2023-11-22T20:48:03.779178+00:00
[2023-11-22T20:48:03.826+0000] {processor.py:179} INFO - Processing /home/airflow/.local/lib/python3.8/site-packages/airflow/example_dags/example_short_circuit_operator.py took 0.181 seconds
[2023-11-22T20:48:34.283+0000] {processor.py:157} INFO - Started process (PID=221) to work on /home/airflow/.local/lib/python3.8/site-packages/airflow/example_dags/example_short_circuit_operator.py
[2023-11-22T20:48:34.531+0000] {processor.py:829} INFO - Processing file /home/airflow/.local/lib/python3.8/site-packages/airflow/example_dags/example_short_circuit_operator.py for tasks to queue
[2023-11-22T20:48:34.554+0000] {logging_mixin.py:154} INFO - [2023-11-22T20:48:34.553+0000] {dagbag.py:536} INFO - Filling up the DagBag from /home/airflow/.local/lib/python3.8/site-packages/airflow/example_dags/example_short_circuit_operator.py
[2023-11-22T20:48:34.578+0000] {processor.py:839} INFO - DAG(s) dict_keys(['example_short_circuit_operator']) retrieved from /home/airflow/.local/lib/python3.8/site-packages/airflow/example_dags/example_short_circuit_operator.py
[2023-11-22T20:48:34.625+0000] {logging_mixin.py:154} INFO - [2023-11-22T20:48:34.625+0000] {dag.py:2941} INFO - Sync 1 DAGs
[2023-11-22T20:48:34.656+0000] {logging_mixin.py:154} INFO - [2023-11-22T20:48:34.656+0000] {dag.py:3722} INFO - Setting next_dagrun for example_short_circuit_operator to 2023-11-21T20:48:34.655534+00:00, run_after=2023-11-22T20:48:34.655534+00:00
[2023-11-22T20:48:34.683+0000] {processor.py:179} INFO - Processing /home/airflow/.local/lib/python3.8/site-packages/airflow/example_dags/example_short_circuit_operator.py took 0.405 seconds
[2023-11-22T20:49:05.122+0000] {processor.py:157} INFO - Started process (PID=275) to work on /home/airflow/.local/lib/python3.8/site-packages/airflow/example_dags/example_short_circuit_operator.py
[2023-11-22T20:49:05.124+0000] {processor.py:829} INFO - Processing file /home/airflow/.local/lib/python3.8/site-packages/airflow/example_dags/example_short_circuit_operator.py for tasks to queue
[2023-11-22T20:49:05.127+0000] {logging_mixin.py:154} INFO - [2023-11-22T20:49:05.127+0000] {dagbag.py:536} INFO - Filling up the DagBag from /home/airflow/.local/lib/python3.8/site-packages/airflow/example_dags/example_short_circuit_operator.py
[2023-11-22T20:49:05.136+0000] {processor.py:839} INFO - DAG(s) dict_keys(['example_short_circuit_operator']) retrieved from /home/airflow/.local/lib/python3.8/site-packages/airflow/example_dags/example_short_circuit_operator.py
[2023-11-22T20:49:05.165+0000] {logging_mixin.py:154} INFO - [2023-11-22T20:49:05.165+0000] {dag.py:2941} INFO - Sync 1 DAGs
[2023-11-22T20:49:05.192+0000] {logging_mixin.py:154} INFO - [2023-11-22T20:49:05.192+0000] {dag.py:3722} INFO - Setting next_dagrun for example_short_circuit_operator to 2023-11-21T20:49:05.192347+00:00, run_after=2023-11-22T20:49:05.192347+00:00
[2023-11-22T20:49:05.220+0000] {processor.py:179} INFO - Processing /home/airflow/.local/lib/python3.8/site-packages/airflow/example_dags/example_short_circuit_operator.py took 0.102 seconds
[2023-11-22T20:49:35.294+0000] {processor.py:157} INFO - Started process (PID=329) to work on /home/airflow/.local/lib/python3.8/site-packages/airflow/example_dags/example_short_circuit_operator.py
[2023-11-22T20:49:35.295+0000] {processor.py:829} INFO - Processing file /home/airflow/.local/lib/python3.8/site-packages/airflow/example_dags/example_short_circuit_operator.py for tasks to queue
[2023-11-22T20:49:35.298+0000] {logging_mixin.py:154} INFO - [2023-11-22T20:49:35.298+0000] {dagbag.py:536} INFO - Filling up the DagBag from /home/airflow/.local/lib/python3.8/site-packages/airflow/example_dags/example_short_circuit_operator.py
[2023-11-22T20:49:35.305+0000] {processor.py:839} INFO - DAG(s) dict_keys(['example_short_circuit_operator']) retrieved from /home/airflow/.local/lib/python3.8/site-packages/airflow/example_dags/example_short_circuit_operator.py
[2023-11-22T20:49:35.329+0000] {logging_mixin.py:154} INFO - [2023-11-22T20:49:35.329+0000] {dag.py:2941} INFO - Sync 1 DAGs
[2023-11-22T20:49:35.350+0000] {logging_mixin.py:154} INFO - [2023-11-22T20:49:35.350+0000] {dag.py:3722} INFO - Setting next_dagrun for example_short_circuit_operator to 2023-11-21T20:49:35.350123+00:00, run_after=2023-11-22T20:49:35.350123+00:00
[2023-11-22T20:49:35.370+0000] {processor.py:179} INFO - Processing /home/airflow/.local/lib/python3.8/site-packages/airflow/example_dags/example_short_circuit_operator.py took 0.080 seconds
[2023-11-22T20:50:05.887+0000] {processor.py:157} INFO - Started process (PID=383) to work on /home/airflow/.local/lib/python3.8/site-packages/airflow/example_dags/example_short_circuit_operator.py
[2023-11-22T20:50:05.888+0000] {processor.py:829} INFO - Processing file /home/airflow/.local/lib/python3.8/site-packages/airflow/example_dags/example_short_circuit_operator.py for tasks to queue
[2023-11-22T20:50:05.891+0000] {logging_mixin.py:154} INFO - [2023-11-22T20:50:05.890+0000] {dagbag.py:536} INFO - Filling up the DagBag from /home/airflow/.local/lib/python3.8/site-packages/airflow/example_dags/example_short_circuit_operator.py
[2023-11-22T20:50:05.898+0000] {processor.py:839} INFO - DAG(s) dict_keys(['example_short_circuit_operator']) retrieved from /home/airflow/.local/lib/python3.8/site-packages/airflow/example_dags/example_short_circuit_operator.py
[2023-11-22T20:50:05.921+0000] {logging_mixin.py:154} INFO - [2023-11-22T20:50:05.921+0000] {dag.py:2941} INFO - Sync 1 DAGs
[2023-11-22T20:50:05.942+0000] {logging_mixin.py:154} INFO - [2023-11-22T20:50:05.942+0000] {dag.py:3722} INFO - Setting next_dagrun for example_short_circuit_operator to 2023-11-21T20:50:05.942140+00:00, run_after=2023-11-22T20:50:05.942140+00:00
[2023-11-22T20:50:06.208+0000] {processor.py:179} INFO - Processing /home/airflow/.local/lib/python3.8/site-packages/airflow/example_dags/example_short_circuit_operator.py took 0.323 seconds
[2023-11-22T20:50:36.437+0000] {processor.py:157} INFO - Started process (PID=437) to work on /home/airflow/.local/lib/python3.8/site-packages/airflow/example_dags/example_short_circuit_operator.py
[2023-11-22T20:50:36.445+0000] {processor.py:829} INFO - Processing file /home/airflow/.local/lib/python3.8/site-packages/airflow/example_dags/example_short_circuit_operator.py for tasks to queue
[2023-11-22T20:50:36.449+0000] {logging_mixin.py:154} INFO - [2023-11-22T20:50:36.449+0000] {dagbag.py:536} INFO - Filling up the DagBag from /home/airflow/.local/lib/python3.8/site-packages/airflow/example_dags/example_short_circuit_operator.py
[2023-11-22T20:50:36.460+0000] {processor.py:839} INFO - DAG(s) dict_keys(['example_short_circuit_operator']) retrieved from /home/airflow/.local/lib/python3.8/site-packages/airflow/example_dags/example_short_circuit_operator.py
[2023-11-22T20:50:36.493+0000] {logging_mixin.py:154} INFO - [2023-11-22T20:50:36.492+0000] {dag.py:2941} INFO - Sync 1 DAGs
[2023-11-22T20:50:36.521+0000] {logging_mixin.py:154} INFO - [2023-11-22T20:50:36.521+0000] {dag.py:3722} INFO - Setting next_dagrun for example_short_circuit_operator to 2023-11-21T20:50:36.521057+00:00, run_after=2023-11-22T20:50:36.521057+00:00
[2023-11-22T20:50:36.545+0000] {processor.py:179} INFO - Processing /home/airflow/.local/lib/python3.8/site-packages/airflow/example_dags/example_short_circuit_operator.py took 0.113 seconds
[2023-11-22T20:51:07.089+0000] {processor.py:157} INFO - Started process (PID=491) to work on /home/airflow/.local/lib/python3.8/site-packages/airflow/example_dags/example_short_circuit_operator.py
[2023-11-22T20:51:07.093+0000] {processor.py:829} INFO - Processing file /home/airflow/.local/lib/python3.8/site-packages/airflow/example_dags/example_short_circuit_operator.py for tasks to queue
[2023-11-22T20:51:07.097+0000] {logging_mixin.py:154} INFO - [2023-11-22T20:51:07.097+0000] {dagbag.py:536} INFO - Filling up the DagBag from /home/airflow/.local/lib/python3.8/site-packages/airflow/example_dags/example_short_circuit_operator.py
[2023-11-22T20:51:07.108+0000] {processor.py:839} INFO - DAG(s) dict_keys(['example_short_circuit_operator']) retrieved from /home/airflow/.local/lib/python3.8/site-packages/airflow/example_dags/example_short_circuit_operator.py
[2023-11-22T20:51:07.140+0000] {logging_mixin.py:154} INFO - [2023-11-22T20:51:07.140+0000] {dag.py:2941} INFO - Sync 1 DAGs
[2023-11-22T20:51:07.171+0000] {logging_mixin.py:154} INFO - [2023-11-22T20:51:07.171+0000] {dag.py:3722} INFO - Setting next_dagrun for example_short_circuit_operator to 2023-11-21T20:51:07.170948+00:00, run_after=2023-11-22T20:51:07.170948+00:00
[2023-11-22T20:51:07.263+0000] {processor.py:179} INFO - Processing /home/airflow/.local/lib/python3.8/site-packages/airflow/example_dags/example_short_circuit_operator.py took 0.179 seconds
[2023-11-22T20:51:37.474+0000] {processor.py:157} INFO - Started process (PID=545) to work on /home/airflow/.local/lib/python3.8/site-packages/airflow/example_dags/example_short_circuit_operator.py
[2023-11-22T20:51:37.475+0000] {processor.py:829} INFO - Processing file /home/airflow/.local/lib/python3.8/site-packages/airflow/example_dags/example_short_circuit_operator.py for tasks to queue
[2023-11-22T20:51:37.478+0000] {logging_mixin.py:154} INFO - [2023-11-22T20:51:37.478+0000] {dagbag.py:536} INFO - Filling up the DagBag from /home/airflow/.local/lib/python3.8/site-packages/airflow/example_dags/example_short_circuit_operator.py
[2023-11-22T20:51:37.488+0000] {processor.py:839} INFO - DAG(s) dict_keys(['example_short_circuit_operator']) retrieved from /home/airflow/.local/lib/python3.8/site-packages/airflow/example_dags/example_short_circuit_operator.py
[2023-11-22T20:51:37.520+0000] {logging_mixin.py:154} INFO - [2023-11-22T20:51:37.520+0000] {dag.py:2941} INFO - Sync 1 DAGs
[2023-11-22T20:51:37.547+0000] {logging_mixin.py:154} INFO - [2023-11-22T20:51:37.547+0000] {dag.py:3722} INFO - Setting next_dagrun for example_short_circuit_operator to 2023-11-21T20:51:37.546790+00:00, run_after=2023-11-22T20:51:37.546790+00:00
[2023-11-22T20:51:37.577+0000] {processor.py:179} INFO - Processing /home/airflow/.local/lib/python3.8/site-packages/airflow/example_dags/example_short_circuit_operator.py took 0.106 seconds
[2023-11-22T20:52:27.392+0000] {processor.py:157} INFO - Started process (PID=603) to work on /home/airflow/.local/lib/python3.8/site-packages/airflow/example_dags/example_short_circuit_operator.py
[2023-11-22T20:52:27.394+0000] {processor.py:829} INFO - Processing file /home/airflow/.local/lib/python3.8/site-packages/airflow/example_dags/example_short_circuit_operator.py for tasks to queue
[2023-11-22T20:52:27.398+0000] {logging_mixin.py:154} INFO - [2023-11-22T20:52:27.398+0000] {dagbag.py:536} INFO - Filling up the DagBag from /home/airflow/.local/lib/python3.8/site-packages/airflow/example_dags/example_short_circuit_operator.py
[2023-11-22T20:52:27.408+0000] {processor.py:839} INFO - DAG(s) dict_keys(['example_short_circuit_operator']) retrieved from /home/airflow/.local/lib/python3.8/site-packages/airflow/example_dags/example_short_circuit_operator.py
[2023-11-22T20:52:27.552+0000] {logging_mixin.py:154} INFO - [2023-11-22T20:52:27.551+0000] {dag.py:2941} INFO - Sync 1 DAGs
[2023-11-22T20:52:27.586+0000] {logging_mixin.py:154} INFO - [2023-11-22T20:52:27.585+0000] {dag.py:3722} INFO - Setting next_dagrun for example_short_circuit_operator to 2023-11-21T20:52:27.585416+00:00, run_after=2023-11-22T20:52:27.585416+00:00
[2023-11-22T20:52:27.619+0000] {processor.py:179} INFO - Processing /home/airflow/.local/lib/python3.8/site-packages/airflow/example_dags/example_short_circuit_operator.py took 0.230 seconds
[2023-11-22T20:52:57.673+0000] {processor.py:157} INFO - Started process (PID=656) to work on /home/airflow/.local/lib/python3.8/site-packages/airflow/example_dags/example_short_circuit_operator.py
[2023-11-22T20:52:57.674+0000] {processor.py:829} INFO - Processing file /home/airflow/.local/lib/python3.8/site-packages/airflow/example_dags/example_short_circuit_operator.py for tasks to queue
[2023-11-22T20:52:57.676+0000] {logging_mixin.py:154} INFO - [2023-11-22T20:52:57.676+0000] {dagbag.py:536} INFO - Filling up the DagBag from /home/airflow/.local/lib/python3.8/site-packages/airflow/example_dags/example_short_circuit_operator.py
[2023-11-22T20:52:57.684+0000] {processor.py:839} INFO - DAG(s) dict_keys(['example_short_circuit_operator']) retrieved from /home/airflow/.local/lib/python3.8/site-packages/airflow/example_dags/example_short_circuit_operator.py
[2023-11-22T20:52:57.708+0000] {logging_mixin.py:154} INFO - [2023-11-22T20:52:57.708+0000] {dag.py:2941} INFO - Sync 1 DAGs
[2023-11-22T20:52:57.730+0000] {logging_mixin.py:154} INFO - [2023-11-22T20:52:57.730+0000] {dag.py:3722} INFO - Setting next_dagrun for example_short_circuit_operator to 2023-11-21T20:52:57.730501+00:00, run_after=2023-11-22T20:52:57.730501+00:00
[2023-11-22T20:52:57.761+0000] {processor.py:179} INFO - Processing /home/airflow/.local/lib/python3.8/site-packages/airflow/example_dags/example_short_circuit_operator.py took 0.092 seconds
[2023-11-22T20:53:28.158+0000] {processor.py:157} INFO - Started process (PID=711) to work on /home/airflow/.local/lib/python3.8/site-packages/airflow/example_dags/example_short_circuit_operator.py
[2023-11-22T20:53:28.159+0000] {processor.py:829} INFO - Processing file /home/airflow/.local/lib/python3.8/site-packages/airflow/example_dags/example_short_circuit_operator.py for tasks to queue
[2023-11-22T20:53:28.162+0000] {logging_mixin.py:154} INFO - [2023-11-22T20:53:28.162+0000] {dagbag.py:536} INFO - Filling up the DagBag from /home/airflow/.local/lib/python3.8/site-packages/airflow/example_dags/example_short_circuit_operator.py
[2023-11-22T20:53:28.173+0000] {processor.py:839} INFO - DAG(s) dict_keys(['example_short_circuit_operator']) retrieved from /home/airflow/.local/lib/python3.8/site-packages/airflow/example_dags/example_short_circuit_operator.py
[2023-11-22T20:53:28.197+0000] {logging_mixin.py:154} INFO - [2023-11-22T20:53:28.197+0000] {dag.py:2941} INFO - Sync 1 DAGs
[2023-11-22T20:53:28.224+0000] {logging_mixin.py:154} INFO - [2023-11-22T20:53:28.224+0000] {dag.py:3722} INFO - Setting next_dagrun for example_short_circuit_operator to 2023-11-21T20:53:28.223982+00:00, run_after=2023-11-22T20:53:28.223982+00:00
[2023-11-22T20:53:28.246+0000] {processor.py:179} INFO - Processing /home/airflow/.local/lib/python3.8/site-packages/airflow/example_dags/example_short_circuit_operator.py took 0.092 seconds
[2023-11-22T20:53:58.358+0000] {processor.py:157} INFO - Started process (PID=766) to work on /home/airflow/.local/lib/python3.8/site-packages/airflow/example_dags/example_short_circuit_operator.py
[2023-11-22T20:53:58.359+0000] {processor.py:829} INFO - Processing file /home/airflow/.local/lib/python3.8/site-packages/airflow/example_dags/example_short_circuit_operator.py for tasks to queue
[2023-11-22T20:53:58.362+0000] {logging_mixin.py:154} INFO - [2023-11-22T20:53:58.361+0000] {dagbag.py:536} INFO - Filling up the DagBag from /home/airflow/.local/lib/python3.8/site-packages/airflow/example_dags/example_short_circuit_operator.py
[2023-11-22T20:53:58.369+0000] {processor.py:839} INFO - DAG(s) dict_keys(['example_short_circuit_operator']) retrieved from /home/airflow/.local/lib/python3.8/site-packages/airflow/example_dags/example_short_circuit_operator.py
[2023-11-22T20:53:58.392+0000] {logging_mixin.py:154} INFO - [2023-11-22T20:53:58.392+0000] {dag.py:2941} INFO - Sync 1 DAGs
[2023-11-22T20:53:58.415+0000] {logging_mixin.py:154} INFO - [2023-11-22T20:53:58.415+0000] {dag.py:3722} INFO - Setting next_dagrun for example_short_circuit_operator to 2023-11-21T20:53:58.415563+00:00, run_after=2023-11-22T20:53:58.415563+00:00
[2023-11-22T20:53:58.449+0000] {processor.py:179} INFO - Processing /home/airflow/.local/lib/python3.8/site-packages/airflow/example_dags/example_short_circuit_operator.py took 0.094 seconds
[2023-11-22T20:54:29.206+0000] {processor.py:157} INFO - Started process (PID=820) to work on /home/airflow/.local/lib/python3.8/site-packages/airflow/example_dags/example_short_circuit_operator.py
[2023-11-22T20:54:29.208+0000] {processor.py:829} INFO - Processing file /home/airflow/.local/lib/python3.8/site-packages/airflow/example_dags/example_short_circuit_operator.py for tasks to queue
[2023-11-22T20:54:29.211+0000] {logging_mixin.py:154} INFO - [2023-11-22T20:54:29.210+0000] {dagbag.py:536} INFO - Filling up the DagBag from /home/airflow/.local/lib/python3.8/site-packages/airflow/example_dags/example_short_circuit_operator.py
[2023-11-22T20:54:29.221+0000] {processor.py:839} INFO - DAG(s) dict_keys(['example_short_circuit_operator']) retrieved from /home/airflow/.local/lib/python3.8/site-packages/airflow/example_dags/example_short_circuit_operator.py
[2023-11-22T20:54:29.247+0000] {logging_mixin.py:154} INFO - [2023-11-22T20:54:29.247+0000] {dag.py:2941} INFO - Sync 1 DAGs
[2023-11-22T20:54:29.270+0000] {logging_mixin.py:154} INFO - [2023-11-22T20:54:29.270+0000] {dag.py:3722} INFO - Setting next_dagrun for example_short_circuit_operator to 2023-11-21T20:54:29.270359+00:00, run_after=2023-11-22T20:54:29.270359+00:00
[2023-11-22T20:54:29.294+0000] {processor.py:179} INFO - Processing /home/airflow/.local/lib/python3.8/site-packages/airflow/example_dags/example_short_circuit_operator.py took 0.091 seconds
[2023-11-22T20:54:59.782+0000] {processor.py:157} INFO - Started process (PID=874) to work on /home/airflow/.local/lib/python3.8/site-packages/airflow/example_dags/example_short_circuit_operator.py
[2023-11-22T20:54:59.783+0000] {processor.py:829} INFO - Processing file /home/airflow/.local/lib/python3.8/site-packages/airflow/example_dags/example_short_circuit_operator.py for tasks to queue
[2023-11-22T20:54:59.786+0000] {logging_mixin.py:154} INFO - [2023-11-22T20:54:59.785+0000] {dagbag.py:536} INFO - Filling up the DagBag from /home/airflow/.local/lib/python3.8/site-packages/airflow/example_dags/example_short_circuit_operator.py
[2023-11-22T20:54:59.794+0000] {processor.py:839} INFO - DAG(s) dict_keys(['example_short_circuit_operator']) retrieved from /home/airflow/.local/lib/python3.8/site-packages/airflow/example_dags/example_short_circuit_operator.py
[2023-11-22T20:54:59.819+0000] {logging_mixin.py:154} INFO - [2023-11-22T20:54:59.819+0000] {dag.py:2941} INFO - Sync 1 DAGs
[2023-11-22T20:54:59.842+0000] {logging_mixin.py:154} INFO - [2023-11-22T20:54:59.842+0000] {dag.py:3722} INFO - Setting next_dagrun for example_short_circuit_operator to 2023-11-21T20:54:59.841913+00:00, run_after=2023-11-22T20:54:59.841913+00:00
[2023-11-22T20:54:59.862+0000] {processor.py:179} INFO - Processing /home/airflow/.local/lib/python3.8/site-packages/airflow/example_dags/example_short_circuit_operator.py took 0.084 seconds
[2023-11-22T20:55:29.997+0000] {processor.py:157} INFO - Started process (PID=928) to work on /home/airflow/.local/lib/python3.8/site-packages/airflow/example_dags/example_short_circuit_operator.py
[2023-11-22T20:55:29.998+0000] {processor.py:829} INFO - Processing file /home/airflow/.local/lib/python3.8/site-packages/airflow/example_dags/example_short_circuit_operator.py for tasks to queue
[2023-11-22T20:55:30.001+0000] {logging_mixin.py:154} INFO - [2023-11-22T20:55:30.000+0000] {dagbag.py:536} INFO - Filling up the DagBag from /home/airflow/.local/lib/python3.8/site-packages/airflow/example_dags/example_short_circuit_operator.py
[2023-11-22T20:55:30.009+0000] {processor.py:839} INFO - DAG(s) dict_keys(['example_short_circuit_operator']) retrieved from /home/airflow/.local/lib/python3.8/site-packages/airflow/example_dags/example_short_circuit_operator.py
[2023-11-22T20:55:30.038+0000] {logging_mixin.py:154} INFO - [2023-11-22T20:55:30.038+0000] {dag.py:2941} INFO - Sync 1 DAGs
[2023-11-22T20:55:30.065+0000] {logging_mixin.py:154} INFO - [2023-11-22T20:55:30.065+0000] {dag.py:3722} INFO - Setting next_dagrun for example_short_circuit_operator to 2023-11-21T20:55:30.064215+00:00, run_after=2023-11-22T20:55:30.064215+00:00
[2023-11-22T20:55:30.086+0000] {processor.py:179} INFO - Processing /home/airflow/.local/lib/python3.8/site-packages/airflow/example_dags/example_short_circuit_operator.py took 0.094 seconds
[2023-11-22T20:56:00.763+0000] {processor.py:157} INFO - Started process (PID=983) to work on /home/airflow/.local/lib/python3.8/site-packages/airflow/example_dags/example_short_circuit_operator.py
[2023-11-22T20:56:00.765+0000] {processor.py:829} INFO - Processing file /home/airflow/.local/lib/python3.8/site-packages/airflow/example_dags/example_short_circuit_operator.py for tasks to queue
[2023-11-22T20:56:00.769+0000] {logging_mixin.py:154} INFO - [2023-11-22T20:56:00.769+0000] {dagbag.py:536} INFO - Filling up the DagBag from /home/airflow/.local/lib/python3.8/site-packages/airflow/example_dags/example_short_circuit_operator.py
[2023-11-22T20:56:00.783+0000] {processor.py:839} INFO - DAG(s) dict_keys(['example_short_circuit_operator']) retrieved from /home/airflow/.local/lib/python3.8/site-packages/airflow/example_dags/example_short_circuit_operator.py
[2023-11-22T20:56:00.821+0000] {logging_mixin.py:154} INFO - [2023-11-22T20:56:00.821+0000] {dag.py:2941} INFO - Sync 1 DAGs
[2023-11-22T20:56:00.859+0000] {logging_mixin.py:154} INFO - [2023-11-22T20:56:00.859+0000] {dag.py:3722} INFO - Setting next_dagrun for example_short_circuit_operator to 2023-11-21T20:56:00.859010+00:00, run_after=2023-11-22T20:56:00.859010+00:00
[2023-11-22T20:56:01.067+0000] {processor.py:179} INFO - Processing /home/airflow/.local/lib/python3.8/site-packages/airflow/example_dags/example_short_circuit_operator.py took 0.309 seconds
[2023-11-22T20:56:31.388+0000] {processor.py:157} INFO - Started process (PID=1037) to work on /home/airflow/.local/lib/python3.8/site-packages/airflow/example_dags/example_short_circuit_operator.py
[2023-11-22T20:56:31.389+0000] {processor.py:829} INFO - Processing file /home/airflow/.local/lib/python3.8/site-packages/airflow/example_dags/example_short_circuit_operator.py for tasks to queue
[2023-11-22T20:56:31.392+0000] {logging_mixin.py:154} INFO - [2023-11-22T20:56:31.391+0000] {dagbag.py:536} INFO - Filling up the DagBag from /home/airflow/.local/lib/python3.8/site-packages/airflow/example_dags/example_short_circuit_operator.py
[2023-11-22T20:56:31.400+0000] {processor.py:839} INFO - DAG(s) dict_keys(['example_short_circuit_operator']) retrieved from /home/airflow/.local/lib/python3.8/site-packages/airflow/example_dags/example_short_circuit_operator.py
[2023-11-22T20:56:31.422+0000] {logging_mixin.py:154} INFO - [2023-11-22T20:56:31.422+0000] {dag.py:2941} INFO - Sync 1 DAGs
[2023-11-22T20:56:31.444+0000] {logging_mixin.py:154} INFO - [2023-11-22T20:56:31.444+0000] {dag.py:3722} INFO - Setting next_dagrun for example_short_circuit_operator to 2023-11-21T20:56:31.444270+00:00, run_after=2023-11-22T20:56:31.444270+00:00
[2023-11-22T20:56:31.465+0000] {processor.py:179} INFO - Processing /home/airflow/.local/lib/python3.8/site-packages/airflow/example_dags/example_short_circuit_operator.py took 0.080 seconds
[2023-11-22T20:57:01.597+0000] {processor.py:157} INFO - Started process (PID=1091) to work on /home/airflow/.local/lib/python3.8/site-packages/airflow/example_dags/example_short_circuit_operator.py
[2023-11-22T20:57:01.599+0000] {processor.py:829} INFO - Processing file /home/airflow/.local/lib/python3.8/site-packages/airflow/example_dags/example_short_circuit_operator.py for tasks to queue
[2023-11-22T20:57:01.601+0000] {logging_mixin.py:154} INFO - [2023-11-22T20:57:01.601+0000] {dagbag.py:536} INFO - Filling up the DagBag from /home/airflow/.local/lib/python3.8/site-packages/airflow/example_dags/example_short_circuit_operator.py
[2023-11-22T20:57:01.609+0000] {processor.py:839} INFO - DAG(s) dict_keys(['example_short_circuit_operator']) retrieved from /home/airflow/.local/lib/python3.8/site-packages/airflow/example_dags/example_short_circuit_operator.py
[2023-11-22T20:57:01.632+0000] {logging_mixin.py:154} INFO - [2023-11-22T20:57:01.632+0000] {dag.py:2941} INFO - Sync 1 DAGs
[2023-11-22T20:57:01.654+0000] {logging_mixin.py:154} INFO - [2023-11-22T20:57:01.654+0000] {dag.py:3722} INFO - Setting next_dagrun for example_short_circuit_operator to 2023-11-21T20:57:01.653783+00:00, run_after=2023-11-22T20:57:01.653783+00:00
[2023-11-22T20:57:01.677+0000] {processor.py:179} INFO - Processing /home/airflow/.local/lib/python3.8/site-packages/airflow/example_dags/example_short_circuit_operator.py took 0.083 seconds
[2023-11-22T20:57:32.922+0000] {processor.py:157} INFO - Started process (PID=1145) to work on /home/airflow/.local/lib/python3.8/site-packages/airflow/example_dags/example_short_circuit_operator.py
[2023-11-22T20:57:32.924+0000] {processor.py:829} INFO - Processing file /home/airflow/.local/lib/python3.8/site-packages/airflow/example_dags/example_short_circuit_operator.py for tasks to queue
[2023-11-22T20:57:32.926+0000] {logging_mixin.py:154} INFO - [2023-11-22T20:57:32.926+0000] {dagbag.py:536} INFO - Filling up the DagBag from /home/airflow/.local/lib/python3.8/site-packages/airflow/example_dags/example_short_circuit_operator.py
[2023-11-22T20:57:32.933+0000] {processor.py:839} INFO - DAG(s) dict_keys(['example_short_circuit_operator']) retrieved from /home/airflow/.local/lib/python3.8/site-packages/airflow/example_dags/example_short_circuit_operator.py
[2023-11-22T20:57:32.960+0000] {logging_mixin.py:154} INFO - [2023-11-22T20:57:32.960+0000] {dag.py:2941} INFO - Sync 1 DAGs
[2023-11-22T20:57:32.983+0000] {logging_mixin.py:154} INFO - [2023-11-22T20:57:32.983+0000] {dag.py:3722} INFO - Setting next_dagrun for example_short_circuit_operator to 2023-11-21T20:57:32.982888+00:00, run_after=2023-11-22T20:57:32.982888+00:00
[2023-11-22T20:57:33.002+0000] {processor.py:179} INFO - Processing /home/airflow/.local/lib/python3.8/site-packages/airflow/example_dags/example_short_circuit_operator.py took 0.083 seconds
[2023-11-22T20:58:03.603+0000] {processor.py:157} INFO - Started process (PID=1199) to work on /home/airflow/.local/lib/python3.8/site-packages/airflow/example_dags/example_short_circuit_operator.py
[2023-11-22T20:58:03.605+0000] {processor.py:829} INFO - Processing file /home/airflow/.local/lib/python3.8/site-packages/airflow/example_dags/example_short_circuit_operator.py for tasks to queue
[2023-11-22T20:58:03.608+0000] {logging_mixin.py:154} INFO - [2023-11-22T20:58:03.607+0000] {dagbag.py:536} INFO - Filling up the DagBag from /home/airflow/.local/lib/python3.8/site-packages/airflow/example_dags/example_short_circuit_operator.py
[2023-11-22T20:58:03.616+0000] {processor.py:839} INFO - DAG(s) dict_keys(['example_short_circuit_operator']) retrieved from /home/airflow/.local/lib/python3.8/site-packages/airflow/example_dags/example_short_circuit_operator.py
[2023-11-22T20:58:03.640+0000] {logging_mixin.py:154} INFO - [2023-11-22T20:58:03.640+0000] {dag.py:2941} INFO - Sync 1 DAGs
[2023-11-22T20:58:03.661+0000] {logging_mixin.py:154} INFO - [2023-11-22T20:58:03.661+0000] {dag.py:3722} INFO - Setting next_dagrun for example_short_circuit_operator to 2023-11-21T20:58:03.661437+00:00, run_after=2023-11-22T20:58:03.661437+00:00
[2023-11-22T20:58:03.682+0000] {processor.py:179} INFO - Processing /home/airflow/.local/lib/python3.8/site-packages/airflow/example_dags/example_short_circuit_operator.py took 0.082 seconds
[2023-11-22T20:58:34.542+0000] {processor.py:157} INFO - Started process (PID=1253) to work on /home/airflow/.local/lib/python3.8/site-packages/airflow/example_dags/example_short_circuit_operator.py
[2023-11-22T20:58:34.544+0000] {processor.py:829} INFO - Processing file /home/airflow/.local/lib/python3.8/site-packages/airflow/example_dags/example_short_circuit_operator.py for tasks to queue
[2023-11-22T20:58:34.546+0000] {logging_mixin.py:154} INFO - [2023-11-22T20:58:34.546+0000] {dagbag.py:536} INFO - Filling up the DagBag from /home/airflow/.local/lib/python3.8/site-packages/airflow/example_dags/example_short_circuit_operator.py
[2023-11-22T20:58:34.557+0000] {processor.py:839} INFO - DAG(s) dict_keys(['example_short_circuit_operator']) retrieved from /home/airflow/.local/lib/python3.8/site-packages/airflow/example_dags/example_short_circuit_operator.py
[2023-11-22T20:58:34.587+0000] {logging_mixin.py:154} INFO - [2023-11-22T20:58:34.587+0000] {dag.py:2941} INFO - Sync 1 DAGs
[2023-11-22T20:58:34.612+0000] {logging_mixin.py:154} INFO - [2023-11-22T20:58:34.612+0000] {dag.py:3722} INFO - Setting next_dagrun for example_short_circuit_operator to 2023-11-21T20:58:34.611811+00:00, run_after=2023-11-22T20:58:34.611811+00:00
[2023-11-22T20:58:34.635+0000] {processor.py:179} INFO - Processing /home/airflow/.local/lib/python3.8/site-packages/airflow/example_dags/example_short_circuit_operator.py took 0.097 seconds
[2023-11-22T20:59:05.490+0000] {processor.py:157} INFO - Started process (PID=1307) to work on /home/airflow/.local/lib/python3.8/site-packages/airflow/example_dags/example_short_circuit_operator.py
[2023-11-22T20:59:05.491+0000] {processor.py:829} INFO - Processing file /home/airflow/.local/lib/python3.8/site-packages/airflow/example_dags/example_short_circuit_operator.py for tasks to queue
[2023-11-22T20:59:05.495+0000] {logging_mixin.py:154} INFO - [2023-11-22T20:59:05.495+0000] {dagbag.py:536} INFO - Filling up the DagBag from /home/airflow/.local/lib/python3.8/site-packages/airflow/example_dags/example_short_circuit_operator.py
[2023-11-22T20:59:05.504+0000] {processor.py:839} INFO - DAG(s) dict_keys(['example_short_circuit_operator']) retrieved from /home/airflow/.local/lib/python3.8/site-packages/airflow/example_dags/example_short_circuit_operator.py
[2023-11-22T20:59:05.535+0000] {logging_mixin.py:154} INFO - [2023-11-22T20:59:05.534+0000] {dag.py:2941} INFO - Sync 1 DAGs
[2023-11-22T20:59:05.702+0000] {logging_mixin.py:154} INFO - [2023-11-22T20:59:05.701+0000] {dag.py:3722} INFO - Setting next_dagrun for example_short_circuit_operator to 2023-11-21T20:59:05.701501+00:00, run_after=2023-11-22T20:59:05.701501+00:00
[2023-11-22T20:59:05.722+0000] {processor.py:179} INFO - Processing /home/airflow/.local/lib/python3.8/site-packages/airflow/example_dags/example_short_circuit_operator.py took 0.235 seconds
[2023-11-22T20:59:36.212+0000] {processor.py:157} INFO - Started process (PID=1361) to work on /home/airflow/.local/lib/python3.8/site-packages/airflow/example_dags/example_short_circuit_operator.py
[2023-11-22T20:59:36.213+0000] {processor.py:829} INFO - Processing file /home/airflow/.local/lib/python3.8/site-packages/airflow/example_dags/example_short_circuit_operator.py for tasks to queue
[2023-11-22T20:59:36.215+0000] {logging_mixin.py:154} INFO - [2023-11-22T20:59:36.215+0000] {dagbag.py:536} INFO - Filling up the DagBag from /home/airflow/.local/lib/python3.8/site-packages/airflow/example_dags/example_short_circuit_operator.py
[2023-11-22T20:59:36.224+0000] {processor.py:839} INFO - DAG(s) dict_keys(['example_short_circuit_operator']) retrieved from /home/airflow/.local/lib/python3.8/site-packages/airflow/example_dags/example_short_circuit_operator.py
[2023-11-22T20:59:36.254+0000] {logging_mixin.py:154} INFO - [2023-11-22T20:59:36.254+0000] {dag.py:2941} INFO - Sync 1 DAGs
[2023-11-22T20:59:36.287+0000] {logging_mixin.py:154} INFO - [2023-11-22T20:59:36.287+0000] {dag.py:3722} INFO - Setting next_dagrun for example_short_circuit_operator to 2023-11-21T20:59:36.286770+00:00, run_after=2023-11-22T20:59:36.286770+00:00
[2023-11-22T20:59:36.448+0000] {processor.py:179} INFO - Processing /home/airflow/.local/lib/python3.8/site-packages/airflow/example_dags/example_short_circuit_operator.py took 0.239 seconds
[2023-11-22T21:00:07.090+0000] {processor.py:157} INFO - Started process (PID=1415) to work on /home/airflow/.local/lib/python3.8/site-packages/airflow/example_dags/example_short_circuit_operator.py
[2023-11-22T21:00:07.091+0000] {processor.py:829} INFO - Processing file /home/airflow/.local/lib/python3.8/site-packages/airflow/example_dags/example_short_circuit_operator.py for tasks to queue
[2023-11-22T21:00:07.094+0000] {logging_mixin.py:154} INFO - [2023-11-22T21:00:07.093+0000] {dagbag.py:536} INFO - Filling up the DagBag from /home/airflow/.local/lib/python3.8/site-packages/airflow/example_dags/example_short_circuit_operator.py
[2023-11-22T21:00:07.103+0000] {processor.py:839} INFO - DAG(s) dict_keys(['example_short_circuit_operator']) retrieved from /home/airflow/.local/lib/python3.8/site-packages/airflow/example_dags/example_short_circuit_operator.py
[2023-11-22T21:00:07.131+0000] {logging_mixin.py:154} INFO - [2023-11-22T21:00:07.131+0000] {dag.py:2941} INFO - Sync 1 DAGs
[2023-11-22T21:00:07.153+0000] {logging_mixin.py:154} INFO - [2023-11-22T21:00:07.153+0000] {dag.py:3722} INFO - Setting next_dagrun for example_short_circuit_operator to 2023-11-21T21:00:07.153101+00:00, run_after=2023-11-22T21:00:07.153101+00:00
[2023-11-22T21:00:07.174+0000] {processor.py:179} INFO - Processing /home/airflow/.local/lib/python3.8/site-packages/airflow/example_dags/example_short_circuit_operator.py took 0.087 seconds
[2023-11-22T21:00:38.012+0000] {processor.py:157} INFO - Started process (PID=1469) to work on /home/airflow/.local/lib/python3.8/site-packages/airflow/example_dags/example_short_circuit_operator.py
[2023-11-22T21:00:38.013+0000] {processor.py:829} INFO - Processing file /home/airflow/.local/lib/python3.8/site-packages/airflow/example_dags/example_short_circuit_operator.py for tasks to queue
[2023-11-22T21:00:38.015+0000] {logging_mixin.py:154} INFO - [2023-11-22T21:00:38.015+0000] {dagbag.py:536} INFO - Filling up the DagBag from /home/airflow/.local/lib/python3.8/site-packages/airflow/example_dags/example_short_circuit_operator.py
[2023-11-22T21:00:38.023+0000] {processor.py:839} INFO - DAG(s) dict_keys(['example_short_circuit_operator']) retrieved from /home/airflow/.local/lib/python3.8/site-packages/airflow/example_dags/example_short_circuit_operator.py
[2023-11-22T21:00:38.046+0000] {logging_mixin.py:154} INFO - [2023-11-22T21:00:38.046+0000] {dag.py:2941} INFO - Sync 1 DAGs
[2023-11-22T21:00:38.206+0000] {logging_mixin.py:154} INFO - [2023-11-22T21:00:38.206+0000] {dag.py:3722} INFO - Setting next_dagrun for example_short_circuit_operator to 2023-11-21T21:00:38.205995+00:00, run_after=2023-11-22T21:00:38.205995+00:00
[2023-11-22T21:00:38.230+0000] {processor.py:179} INFO - Processing /home/airflow/.local/lib/python3.8/site-packages/airflow/example_dags/example_short_circuit_operator.py took 0.221 seconds
[2023-11-22T21:01:08.566+0000] {processor.py:157} INFO - Started process (PID=1523) to work on /home/airflow/.local/lib/python3.8/site-packages/airflow/example_dags/example_short_circuit_operator.py
[2023-11-22T21:01:08.567+0000] {processor.py:829} INFO - Processing file /home/airflow/.local/lib/python3.8/site-packages/airflow/example_dags/example_short_circuit_operator.py for tasks to queue
[2023-11-22T21:01:08.570+0000] {logging_mixin.py:154} INFO - [2023-11-22T21:01:08.570+0000] {dagbag.py:536} INFO - Filling up the DagBag from /home/airflow/.local/lib/python3.8/site-packages/airflow/example_dags/example_short_circuit_operator.py
[2023-11-22T21:01:08.583+0000] {processor.py:839} INFO - DAG(s) dict_keys(['example_short_circuit_operator']) retrieved from /home/airflow/.local/lib/python3.8/site-packages/airflow/example_dags/example_short_circuit_operator.py
[2023-11-22T21:01:08.612+0000] {logging_mixin.py:154} INFO - [2023-11-22T21:01:08.612+0000] {dag.py:2941} INFO - Sync 1 DAGs
[2023-11-22T21:01:08.639+0000] {logging_mixin.py:154} INFO - [2023-11-22T21:01:08.639+0000] {dag.py:3722} INFO - Setting next_dagrun for example_short_circuit_operator to 2023-11-21T21:01:08.639135+00:00, run_after=2023-11-22T21:01:08.639135+00:00
[2023-11-22T21:01:08.799+0000] {processor.py:179} INFO - Processing /home/airflow/.local/lib/python3.8/site-packages/airflow/example_dags/example_short_circuit_operator.py took 0.237 seconds
[2023-11-22T21:01:39.673+0000] {processor.py:157} INFO - Started process (PID=1577) to work on /home/airflow/.local/lib/python3.8/site-packages/airflow/example_dags/example_short_circuit_operator.py
[2023-11-22T21:01:39.674+0000] {processor.py:829} INFO - Processing file /home/airflow/.local/lib/python3.8/site-packages/airflow/example_dags/example_short_circuit_operator.py for tasks to queue
[2023-11-22T21:01:39.676+0000] {logging_mixin.py:154} INFO - [2023-11-22T21:01:39.676+0000] {dagbag.py:536} INFO - Filling up the DagBag from /home/airflow/.local/lib/python3.8/site-packages/airflow/example_dags/example_short_circuit_operator.py
[2023-11-22T21:01:39.684+0000] {processor.py:839} INFO - DAG(s) dict_keys(['example_short_circuit_operator']) retrieved from /home/airflow/.local/lib/python3.8/site-packages/airflow/example_dags/example_short_circuit_operator.py
[2023-11-22T21:01:39.711+0000] {logging_mixin.py:154} INFO - [2023-11-22T21:01:39.711+0000] {dag.py:2941} INFO - Sync 1 DAGs
[2023-11-22T21:01:39.734+0000] {logging_mixin.py:154} INFO - [2023-11-22T21:01:39.733+0000] {dag.py:3722} INFO - Setting next_dagrun for example_short_circuit_operator to 2023-11-21T21:01:39.733697+00:00, run_after=2023-11-22T21:01:39.733697+00:00
[2023-11-22T21:01:39.753+0000] {processor.py:179} INFO - Processing /home/airflow/.local/lib/python3.8/site-packages/airflow/example_dags/example_short_circuit_operator.py took 0.084 seconds
[2023-11-22T21:02:10.254+0000] {processor.py:157} INFO - Started process (PID=1631) to work on /home/airflow/.local/lib/python3.8/site-packages/airflow/example_dags/example_short_circuit_operator.py
[2023-11-22T21:02:10.256+0000] {processor.py:829} INFO - Processing file /home/airflow/.local/lib/python3.8/site-packages/airflow/example_dags/example_short_circuit_operator.py for tasks to queue
[2023-11-22T21:02:10.258+0000] {logging_mixin.py:154} INFO - [2023-11-22T21:02:10.258+0000] {dagbag.py:536} INFO - Filling up the DagBag from /home/airflow/.local/lib/python3.8/site-packages/airflow/example_dags/example_short_circuit_operator.py
[2023-11-22T21:02:10.267+0000] {processor.py:839} INFO - DAG(s) dict_keys(['example_short_circuit_operator']) retrieved from /home/airflow/.local/lib/python3.8/site-packages/airflow/example_dags/example_short_circuit_operator.py
[2023-11-22T21:02:10.440+0000] {logging_mixin.py:154} INFO - [2023-11-22T21:02:10.440+0000] {dag.py:2941} INFO - Sync 1 DAGs
[2023-11-22T21:02:10.470+0000] {logging_mixin.py:154} INFO - [2023-11-22T21:02:10.470+0000] {dag.py:3722} INFO - Setting next_dagrun for example_short_circuit_operator to 2023-11-21T21:02:10.469937+00:00, run_after=2023-11-22T21:02:10.469937+00:00
[2023-11-22T21:02:10.491+0000] {processor.py:179} INFO - Processing /home/airflow/.local/lib/python3.8/site-packages/airflow/example_dags/example_short_circuit_operator.py took 0.240 seconds
[2023-11-22T21:02:40.881+0000] {processor.py:157} INFO - Started process (PID=1686) to work on /home/airflow/.local/lib/python3.8/site-packages/airflow/example_dags/example_short_circuit_operator.py
[2023-11-22T21:02:40.883+0000] {processor.py:829} INFO - Processing file /home/airflow/.local/lib/python3.8/site-packages/airflow/example_dags/example_short_circuit_operator.py for tasks to queue
[2023-11-22T21:02:40.886+0000] {logging_mixin.py:154} INFO - [2023-11-22T21:02:40.885+0000] {dagbag.py:536} INFO - Filling up the DagBag from /home/airflow/.local/lib/python3.8/site-packages/airflow/example_dags/example_short_circuit_operator.py
[2023-11-22T21:02:40.896+0000] {processor.py:839} INFO - DAG(s) dict_keys(['example_short_circuit_operator']) retrieved from /home/airflow/.local/lib/python3.8/site-packages/airflow/example_dags/example_short_circuit_operator.py
[2023-11-22T21:02:40.923+0000] {logging_mixin.py:154} INFO - [2023-11-22T21:02:40.923+0000] {dag.py:2941} INFO - Sync 1 DAGs
[2023-11-22T21:02:41.089+0000] {logging_mixin.py:154} INFO - [2023-11-22T21:02:41.088+0000] {dag.py:3722} INFO - Setting next_dagrun for example_short_circuit_operator to 2023-11-21T21:02:41.088305+00:00, run_after=2023-11-22T21:02:41.088305+00:00
[2023-11-22T21:02:41.122+0000] {processor.py:179} INFO - Processing /home/airflow/.local/lib/python3.8/site-packages/airflow/example_dags/example_short_circuit_operator.py took 0.245 seconds
[2023-11-22T21:03:11.289+0000] {processor.py:157} INFO - Started process (PID=1740) to work on /home/airflow/.local/lib/python3.8/site-packages/airflow/example_dags/example_short_circuit_operator.py
[2023-11-22T21:03:11.291+0000] {processor.py:829} INFO - Processing file /home/airflow/.local/lib/python3.8/site-packages/airflow/example_dags/example_short_circuit_operator.py for tasks to queue
[2023-11-22T21:03:11.294+0000] {logging_mixin.py:154} INFO - [2023-11-22T21:03:11.294+0000] {dagbag.py:536} INFO - Filling up the DagBag from /home/airflow/.local/lib/python3.8/site-packages/airflow/example_dags/example_short_circuit_operator.py
[2023-11-22T21:03:11.303+0000] {processor.py:839} INFO - DAG(s) dict_keys(['example_short_circuit_operator']) retrieved from /home/airflow/.local/lib/python3.8/site-packages/airflow/example_dags/example_short_circuit_operator.py
[2023-11-22T21:03:11.331+0000] {logging_mixin.py:154} INFO - [2023-11-22T21:03:11.330+0000] {dag.py:2941} INFO - Sync 1 DAGs
[2023-11-22T21:03:11.353+0000] {logging_mixin.py:154} INFO - [2023-11-22T21:03:11.353+0000] {dag.py:3722} INFO - Setting next_dagrun for example_short_circuit_operator to 2023-11-21T21:03:11.353473+00:00, run_after=2023-11-22T21:03:11.353473+00:00
[2023-11-22T21:03:11.375+0000] {processor.py:179} INFO - Processing /home/airflow/.local/lib/python3.8/site-packages/airflow/example_dags/example_short_circuit_operator.py took 0.088 seconds
[2023-11-22T21:03:41.600+0000] {processor.py:157} INFO - Started process (PID=1794) to work on /home/airflow/.local/lib/python3.8/site-packages/airflow/example_dags/example_short_circuit_operator.py
[2023-11-22T21:03:41.602+0000] {processor.py:829} INFO - Processing file /home/airflow/.local/lib/python3.8/site-packages/airflow/example_dags/example_short_circuit_operator.py for tasks to queue
[2023-11-22T21:03:41.605+0000] {logging_mixin.py:154} INFO - [2023-11-22T21:03:41.604+0000] {dagbag.py:536} INFO - Filling up the DagBag from /home/airflow/.local/lib/python3.8/site-packages/airflow/example_dags/example_short_circuit_operator.py
[2023-11-22T21:03:41.613+0000] {processor.py:839} INFO - DAG(s) dict_keys(['example_short_circuit_operator']) retrieved from /home/airflow/.local/lib/python3.8/site-packages/airflow/example_dags/example_short_circuit_operator.py
[2023-11-22T21:03:41.637+0000] {logging_mixin.py:154} INFO - [2023-11-22T21:03:41.637+0000] {dag.py:2941} INFO - Sync 1 DAGs
[2023-11-22T21:03:41.658+0000] {logging_mixin.py:154} INFO - [2023-11-22T21:03:41.658+0000] {dag.py:3722} INFO - Setting next_dagrun for example_short_circuit_operator to 2023-11-21T21:03:41.658448+00:00, run_after=2023-11-22T21:03:41.658448+00:00
[2023-11-22T21:03:41.685+0000] {processor.py:179} INFO - Processing /home/airflow/.local/lib/python3.8/site-packages/airflow/example_dags/example_short_circuit_operator.py took 0.087 seconds
[2023-11-22T21:04:11.913+0000] {processor.py:157} INFO - Started process (PID=1848) to work on /home/airflow/.local/lib/python3.8/site-packages/airflow/example_dags/example_short_circuit_operator.py
[2023-11-22T21:04:11.914+0000] {processor.py:829} INFO - Processing file /home/airflow/.local/lib/python3.8/site-packages/airflow/example_dags/example_short_circuit_operator.py for tasks to queue
[2023-11-22T21:04:11.917+0000] {logging_mixin.py:154} INFO - [2023-11-22T21:04:11.917+0000] {dagbag.py:536} INFO - Filling up the DagBag from /home/airflow/.local/lib/python3.8/site-packages/airflow/example_dags/example_short_circuit_operator.py
[2023-11-22T21:04:11.925+0000] {processor.py:839} INFO - DAG(s) dict_keys(['example_short_circuit_operator']) retrieved from /home/airflow/.local/lib/python3.8/site-packages/airflow/example_dags/example_short_circuit_operator.py
[2023-11-22T21:04:11.958+0000] {logging_mixin.py:154} INFO - [2023-11-22T21:04:11.958+0000] {dag.py:2941} INFO - Sync 1 DAGs
[2023-11-22T21:04:11.986+0000] {logging_mixin.py:154} INFO - [2023-11-22T21:04:11.985+0000] {dag.py:3722} INFO - Setting next_dagrun for example_short_circuit_operator to 2023-11-21T21:04:11.985544+00:00, run_after=2023-11-22T21:04:11.985544+00:00
[2023-11-22T21:04:12.010+0000] {processor.py:179} INFO - Processing /home/airflow/.local/lib/python3.8/site-packages/airflow/example_dags/example_short_circuit_operator.py took 0.100 seconds
[2023-11-22T21:04:42.204+0000] {processor.py:157} INFO - Started process (PID=1902) to work on /home/airflow/.local/lib/python3.8/site-packages/airflow/example_dags/example_short_circuit_operator.py
[2023-11-22T21:04:42.205+0000] {processor.py:829} INFO - Processing file /home/airflow/.local/lib/python3.8/site-packages/airflow/example_dags/example_short_circuit_operator.py for tasks to queue
[2023-11-22T21:04:42.208+0000] {logging_mixin.py:154} INFO - [2023-11-22T21:04:42.208+0000] {dagbag.py:536} INFO - Filling up the DagBag from /home/airflow/.local/lib/python3.8/site-packages/airflow/example_dags/example_short_circuit_operator.py
[2023-11-22T21:04:42.216+0000] {processor.py:839} INFO - DAG(s) dict_keys(['example_short_circuit_operator']) retrieved from /home/airflow/.local/lib/python3.8/site-packages/airflow/example_dags/example_short_circuit_operator.py
[2023-11-22T21:04:42.239+0000] {logging_mixin.py:154} INFO - [2023-11-22T21:04:42.239+0000] {dag.py:2941} INFO - Sync 1 DAGs
[2023-11-22T21:04:42.261+0000] {logging_mixin.py:154} INFO - [2023-11-22T21:04:42.260+0000] {dag.py:3722} INFO - Setting next_dagrun for example_short_circuit_operator to 2023-11-21T21:04:42.260741+00:00, run_after=2023-11-22T21:04:42.260741+00:00
[2023-11-22T21:04:42.282+0000] {processor.py:179} INFO - Processing /home/airflow/.local/lib/python3.8/site-packages/airflow/example_dags/example_short_circuit_operator.py took 0.081 seconds
[2023-11-22T21:05:12.401+0000] {processor.py:157} INFO - Started process (PID=1956) to work on /home/airflow/.local/lib/python3.8/site-packages/airflow/example_dags/example_short_circuit_operator.py
[2023-11-22T21:05:12.403+0000] {processor.py:829} INFO - Processing file /home/airflow/.local/lib/python3.8/site-packages/airflow/example_dags/example_short_circuit_operator.py for tasks to queue
[2023-11-22T21:05:12.405+0000] {logging_mixin.py:154} INFO - [2023-11-22T21:05:12.405+0000] {dagbag.py:536} INFO - Filling up the DagBag from /home/airflow/.local/lib/python3.8/site-packages/airflow/example_dags/example_short_circuit_operator.py
[2023-11-22T21:05:12.413+0000] {processor.py:839} INFO - DAG(s) dict_keys(['example_short_circuit_operator']) retrieved from /home/airflow/.local/lib/python3.8/site-packages/airflow/example_dags/example_short_circuit_operator.py
[2023-11-22T21:05:12.438+0000] {logging_mixin.py:154} INFO - [2023-11-22T21:05:12.438+0000] {dag.py:2941} INFO - Sync 1 DAGs
[2023-11-22T21:05:12.462+0000] {logging_mixin.py:154} INFO - [2023-11-22T21:05:12.462+0000] {dag.py:3722} INFO - Setting next_dagrun for example_short_circuit_operator to 2023-11-21T21:05:12.462318+00:00, run_after=2023-11-22T21:05:12.462318+00:00
[2023-11-22T21:05:12.483+0000] {processor.py:179} INFO - Processing /home/airflow/.local/lib/python3.8/site-packages/airflow/example_dags/example_short_circuit_operator.py took 0.085 seconds
[2023-11-22T21:05:43.022+0000] {processor.py:157} INFO - Started process (PID=2010) to work on /home/airflow/.local/lib/python3.8/site-packages/airflow/example_dags/example_short_circuit_operator.py
[2023-11-22T21:05:43.023+0000] {processor.py:829} INFO - Processing file /home/airflow/.local/lib/python3.8/site-packages/airflow/example_dags/example_short_circuit_operator.py for tasks to queue
[2023-11-22T21:05:43.026+0000] {logging_mixin.py:154} INFO - [2023-11-22T21:05:43.026+0000] {dagbag.py:536} INFO - Filling up the DagBag from /home/airflow/.local/lib/python3.8/site-packages/airflow/example_dags/example_short_circuit_operator.py
[2023-11-22T21:05:43.034+0000] {processor.py:839} INFO - DAG(s) dict_keys(['example_short_circuit_operator']) retrieved from /home/airflow/.local/lib/python3.8/site-packages/airflow/example_dags/example_short_circuit_operator.py
[2023-11-22T21:05:43.057+0000] {logging_mixin.py:154} INFO - [2023-11-22T21:05:43.057+0000] {dag.py:2941} INFO - Sync 1 DAGs
[2023-11-22T21:05:43.078+0000] {logging_mixin.py:154} INFO - [2023-11-22T21:05:43.078+0000] {dag.py:3722} INFO - Setting next_dagrun for example_short_circuit_operator to 2023-11-21T21:05:43.078372+00:00, run_after=2023-11-22T21:05:43.078372+00:00
[2023-11-22T21:05:43.097+0000] {processor.py:179} INFO - Processing /home/airflow/.local/lib/python3.8/site-packages/airflow/example_dags/example_short_circuit_operator.py took 0.078 seconds
[2023-11-22T21:06:13.381+0000] {processor.py:157} INFO - Started process (PID=2064) to work on /home/airflow/.local/lib/python3.8/site-packages/airflow/example_dags/example_short_circuit_operator.py
[2023-11-22T21:06:13.383+0000] {processor.py:829} INFO - Processing file /home/airflow/.local/lib/python3.8/site-packages/airflow/example_dags/example_short_circuit_operator.py for tasks to queue
[2023-11-22T21:06:13.387+0000] {logging_mixin.py:154} INFO - [2023-11-22T21:06:13.387+0000] {dagbag.py:536} INFO - Filling up the DagBag from /home/airflow/.local/lib/python3.8/site-packages/airflow/example_dags/example_short_circuit_operator.py
[2023-11-22T21:06:13.397+0000] {processor.py:839} INFO - DAG(s) dict_keys(['example_short_circuit_operator']) retrieved from /home/airflow/.local/lib/python3.8/site-packages/airflow/example_dags/example_short_circuit_operator.py
[2023-11-22T21:06:13.469+0000] {logging_mixin.py:154} INFO - [2023-11-22T21:06:13.469+0000] {dag.py:2941} INFO - Sync 1 DAGs
[2023-11-22T21:06:13.544+0000] {logging_mixin.py:154} INFO - [2023-11-22T21:06:13.543+0000] {dag.py:3722} INFO - Setting next_dagrun for example_short_circuit_operator to 2023-11-21T21:06:13.543297+00:00, run_after=2023-11-22T21:06:13.543297+00:00
[2023-11-22T21:06:13.598+0000] {processor.py:179} INFO - Processing /home/airflow/.local/lib/python3.8/site-packages/airflow/example_dags/example_short_circuit_operator.py took 0.223 seconds
[2023-11-22T21:06:43.760+0000] {processor.py:157} INFO - Started process (PID=2119) to work on /home/airflow/.local/lib/python3.8/site-packages/airflow/example_dags/example_short_circuit_operator.py
[2023-11-22T21:06:43.762+0000] {processor.py:829} INFO - Processing file /home/airflow/.local/lib/python3.8/site-packages/airflow/example_dags/example_short_circuit_operator.py for tasks to queue
[2023-11-22T21:06:43.765+0000] {logging_mixin.py:154} INFO - [2023-11-22T21:06:43.765+0000] {dagbag.py:536} INFO - Filling up the DagBag from /home/airflow/.local/lib/python3.8/site-packages/airflow/example_dags/example_short_circuit_operator.py
[2023-11-22T21:06:43.773+0000] {processor.py:839} INFO - DAG(s) dict_keys(['example_short_circuit_operator']) retrieved from /home/airflow/.local/lib/python3.8/site-packages/airflow/example_dags/example_short_circuit_operator.py
[2023-11-22T21:06:43.797+0000] {logging_mixin.py:154} INFO - [2023-11-22T21:06:43.797+0000] {dag.py:2941} INFO - Sync 1 DAGs
[2023-11-22T21:06:43.820+0000] {logging_mixin.py:154} INFO - [2023-11-22T21:06:43.820+0000] {dag.py:3722} INFO - Setting next_dagrun for example_short_circuit_operator to 2023-11-21T21:06:43.819811+00:00, run_after=2023-11-22T21:06:43.819811+00:00
[2023-11-22T21:06:43.839+0000] {processor.py:179} INFO - Processing /home/airflow/.local/lib/python3.8/site-packages/airflow/example_dags/example_short_circuit_operator.py took 0.083 seconds
[2023-11-22T21:07:13.994+0000] {processor.py:157} INFO - Started process (PID=2173) to work on /home/airflow/.local/lib/python3.8/site-packages/airflow/example_dags/example_short_circuit_operator.py
[2023-11-22T21:07:13.995+0000] {processor.py:829} INFO - Processing file /home/airflow/.local/lib/python3.8/site-packages/airflow/example_dags/example_short_circuit_operator.py for tasks to queue
[2023-11-22T21:07:13.997+0000] {logging_mixin.py:154} INFO - [2023-11-22T21:07:13.997+0000] {dagbag.py:536} INFO - Filling up the DagBag from /home/airflow/.local/lib/python3.8/site-packages/airflow/example_dags/example_short_circuit_operator.py
[2023-11-22T21:07:14.005+0000] {processor.py:839} INFO - DAG(s) dict_keys(['example_short_circuit_operator']) retrieved from /home/airflow/.local/lib/python3.8/site-packages/airflow/example_dags/example_short_circuit_operator.py
[2023-11-22T21:07:14.029+0000] {logging_mixin.py:154} INFO - [2023-11-22T21:07:14.029+0000] {dag.py:2941} INFO - Sync 1 DAGs
[2023-11-22T21:07:14.050+0000] {logging_mixin.py:154} INFO - [2023-11-22T21:07:14.050+0000] {dag.py:3722} INFO - Setting next_dagrun for example_short_circuit_operator to 2023-11-21T21:07:14.050272+00:00, run_after=2023-11-22T21:07:14.050272+00:00
[2023-11-22T21:07:14.070+0000] {processor.py:179} INFO - Processing /home/airflow/.local/lib/python3.8/site-packages/airflow/example_dags/example_short_circuit_operator.py took 0.080 seconds
[2023-11-22T21:07:44.290+0000] {processor.py:157} INFO - Started process (PID=2227) to work on /home/airflow/.local/lib/python3.8/site-packages/airflow/example_dags/example_short_circuit_operator.py
[2023-11-22T21:07:44.291+0000] {processor.py:829} INFO - Processing file /home/airflow/.local/lib/python3.8/site-packages/airflow/example_dags/example_short_circuit_operator.py for tasks to queue
[2023-11-22T21:07:44.294+0000] {logging_mixin.py:154} INFO - [2023-11-22T21:07:44.294+0000] {dagbag.py:536} INFO - Filling up the DagBag from /home/airflow/.local/lib/python3.8/site-packages/airflow/example_dags/example_short_circuit_operator.py
[2023-11-22T21:07:44.302+0000] {processor.py:839} INFO - DAG(s) dict_keys(['example_short_circuit_operator']) retrieved from /home/airflow/.local/lib/python3.8/site-packages/airflow/example_dags/example_short_circuit_operator.py
[2023-11-22T21:07:44.328+0000] {logging_mixin.py:154} INFO - [2023-11-22T21:07:44.328+0000] {dag.py:2941} INFO - Sync 1 DAGs
[2023-11-22T21:07:44.351+0000] {logging_mixin.py:154} INFO - [2023-11-22T21:07:44.350+0000] {dag.py:3722} INFO - Setting next_dagrun for example_short_circuit_operator to 2023-11-21T21:07:44.350697+00:00, run_after=2023-11-22T21:07:44.350697+00:00
[2023-11-22T21:07:44.369+0000] {processor.py:179} INFO - Processing /home/airflow/.local/lib/python3.8/site-packages/airflow/example_dags/example_short_circuit_operator.py took 0.082 seconds
[2023-11-22T21:08:14.537+0000] {processor.py:157} INFO - Started process (PID=2281) to work on /home/airflow/.local/lib/python3.8/site-packages/airflow/example_dags/example_short_circuit_operator.py
[2023-11-22T21:08:14.538+0000] {processor.py:829} INFO - Processing file /home/airflow/.local/lib/python3.8/site-packages/airflow/example_dags/example_short_circuit_operator.py for tasks to queue
[2023-11-22T21:08:14.541+0000] {logging_mixin.py:154} INFO - [2023-11-22T21:08:14.541+0000] {dagbag.py:536} INFO - Filling up the DagBag from /home/airflow/.local/lib/python3.8/site-packages/airflow/example_dags/example_short_circuit_operator.py
[2023-11-22T21:08:14.548+0000] {processor.py:839} INFO - DAG(s) dict_keys(['example_short_circuit_operator']) retrieved from /home/airflow/.local/lib/python3.8/site-packages/airflow/example_dags/example_short_circuit_operator.py
[2023-11-22T21:08:14.574+0000] {logging_mixin.py:154} INFO - [2023-11-22T21:08:14.574+0000] {dag.py:2941} INFO - Sync 1 DAGs
[2023-11-22T21:08:14.598+0000] {logging_mixin.py:154} INFO - [2023-11-22T21:08:14.597+0000] {dag.py:3722} INFO - Setting next_dagrun for example_short_circuit_operator to 2023-11-21T21:08:14.597689+00:00, run_after=2023-11-22T21:08:14.597689+00:00
[2023-11-22T21:08:14.619+0000] {processor.py:179} INFO - Processing /home/airflow/.local/lib/python3.8/site-packages/airflow/example_dags/example_short_circuit_operator.py took 0.085 seconds
[2023-11-22T21:08:45.231+0000] {processor.py:157} INFO - Started process (PID=2335) to work on /home/airflow/.local/lib/python3.8/site-packages/airflow/example_dags/example_short_circuit_operator.py
[2023-11-22T21:08:45.232+0000] {processor.py:829} INFO - Processing file /home/airflow/.local/lib/python3.8/site-packages/airflow/example_dags/example_short_circuit_operator.py for tasks to queue
[2023-11-22T21:08:45.235+0000] {logging_mixin.py:154} INFO - [2023-11-22T21:08:45.235+0000] {dagbag.py:536} INFO - Filling up the DagBag from /home/airflow/.local/lib/python3.8/site-packages/airflow/example_dags/example_short_circuit_operator.py
[2023-11-22T21:08:45.243+0000] {processor.py:839} INFO - DAG(s) dict_keys(['example_short_circuit_operator']) retrieved from /home/airflow/.local/lib/python3.8/site-packages/airflow/example_dags/example_short_circuit_operator.py
[2023-11-22T21:08:45.267+0000] {logging_mixin.py:154} INFO - [2023-11-22T21:08:45.267+0000] {dag.py:2941} INFO - Sync 1 DAGs
[2023-11-22T21:08:45.289+0000] {logging_mixin.py:154} INFO - [2023-11-22T21:08:45.289+0000] {dag.py:3722} INFO - Setting next_dagrun for example_short_circuit_operator to 2023-11-21T21:08:45.289114+00:00, run_after=2023-11-22T21:08:45.289114+00:00
[2023-11-22T21:08:45.310+0000] {processor.py:179} INFO - Processing /home/airflow/.local/lib/python3.8/site-packages/airflow/example_dags/example_short_circuit_operator.py took 0.081 seconds
[2023-11-22T21:09:15.559+0000] {processor.py:157} INFO - Started process (PID=2389) to work on /home/airflow/.local/lib/python3.8/site-packages/airflow/example_dags/example_short_circuit_operator.py
[2023-11-22T21:09:15.561+0000] {processor.py:829} INFO - Processing file /home/airflow/.local/lib/python3.8/site-packages/airflow/example_dags/example_short_circuit_operator.py for tasks to queue
[2023-11-22T21:09:15.563+0000] {logging_mixin.py:154} INFO - [2023-11-22T21:09:15.563+0000] {dagbag.py:536} INFO - Filling up the DagBag from /home/airflow/.local/lib/python3.8/site-packages/airflow/example_dags/example_short_circuit_operator.py
[2023-11-22T21:09:15.574+0000] {processor.py:839} INFO - DAG(s) dict_keys(['example_short_circuit_operator']) retrieved from /home/airflow/.local/lib/python3.8/site-packages/airflow/example_dags/example_short_circuit_operator.py
[2023-11-22T21:09:15.602+0000] {logging_mixin.py:154} INFO - [2023-11-22T21:09:15.602+0000] {dag.py:2941} INFO - Sync 1 DAGs
[2023-11-22T21:09:15.627+0000] {logging_mixin.py:154} INFO - [2023-11-22T21:09:15.627+0000] {dag.py:3722} INFO - Setting next_dagrun for example_short_circuit_operator to 2023-11-21T21:09:15.627248+00:00, run_after=2023-11-22T21:09:15.627248+00:00
[2023-11-22T21:09:15.648+0000] {processor.py:179} INFO - Processing /home/airflow/.local/lib/python3.8/site-packages/airflow/example_dags/example_short_circuit_operator.py took 0.092 seconds
[2023-11-22T21:09:45.781+0000] {processor.py:157} INFO - Started process (PID=2443) to work on /home/airflow/.local/lib/python3.8/site-packages/airflow/example_dags/example_short_circuit_operator.py
[2023-11-22T21:09:45.783+0000] {processor.py:829} INFO - Processing file /home/airflow/.local/lib/python3.8/site-packages/airflow/example_dags/example_short_circuit_operator.py for tasks to queue
[2023-11-22T21:09:45.785+0000] {logging_mixin.py:154} INFO - [2023-11-22T21:09:45.785+0000] {dagbag.py:536} INFO - Filling up the DagBag from /home/airflow/.local/lib/python3.8/site-packages/airflow/example_dags/example_short_circuit_operator.py
[2023-11-22T21:09:45.794+0000] {processor.py:839} INFO - DAG(s) dict_keys(['example_short_circuit_operator']) retrieved from /home/airflow/.local/lib/python3.8/site-packages/airflow/example_dags/example_short_circuit_operator.py
[2023-11-22T21:09:45.818+0000] {logging_mixin.py:154} INFO - [2023-11-22T21:09:45.818+0000] {dag.py:2941} INFO - Sync 1 DAGs
[2023-11-22T21:09:45.841+0000] {logging_mixin.py:154} INFO - [2023-11-22T21:09:45.841+0000] {dag.py:3722} INFO - Setting next_dagrun for example_short_circuit_operator to 2023-11-21T21:09:45.841112+00:00, run_after=2023-11-22T21:09:45.841112+00:00
[2023-11-22T21:09:45.862+0000] {processor.py:179} INFO - Processing /home/airflow/.local/lib/python3.8/site-packages/airflow/example_dags/example_short_circuit_operator.py took 0.084 seconds
[2023-11-22T21:10:16.264+0000] {processor.py:157} INFO - Started process (PID=2497) to work on /home/airflow/.local/lib/python3.8/site-packages/airflow/example_dags/example_short_circuit_operator.py
[2023-11-22T21:10:16.266+0000] {processor.py:829} INFO - Processing file /home/airflow/.local/lib/python3.8/site-packages/airflow/example_dags/example_short_circuit_operator.py for tasks to queue
[2023-11-22T21:10:16.269+0000] {logging_mixin.py:154} INFO - [2023-11-22T21:10:16.269+0000] {dagbag.py:536} INFO - Filling up the DagBag from /home/airflow/.local/lib/python3.8/site-packages/airflow/example_dags/example_short_circuit_operator.py
[2023-11-22T21:10:16.278+0000] {processor.py:839} INFO - DAG(s) dict_keys(['example_short_circuit_operator']) retrieved from /home/airflow/.local/lib/python3.8/site-packages/airflow/example_dags/example_short_circuit_operator.py
[2023-11-22T21:10:16.304+0000] {logging_mixin.py:154} INFO - [2023-11-22T21:10:16.304+0000] {dag.py:2941} INFO - Sync 1 DAGs
[2023-11-22T21:10:16.333+0000] {logging_mixin.py:154} INFO - [2023-11-22T21:10:16.332+0000] {dag.py:3722} INFO - Setting next_dagrun for example_short_circuit_operator to 2023-11-21T21:10:16.332654+00:00, run_after=2023-11-22T21:10:16.332654+00:00
[2023-11-22T21:10:16.354+0000] {processor.py:179} INFO - Processing /home/airflow/.local/lib/python3.8/site-packages/airflow/example_dags/example_short_circuit_operator.py took 0.094 seconds
[2023-11-22T21:10:47.179+0000] {processor.py:157} INFO - Started process (PID=2549) to work on /home/airflow/.local/lib/python3.8/site-packages/airflow/example_dags/example_short_circuit_operator.py
[2023-11-22T21:10:47.180+0000] {processor.py:829} INFO - Processing file /home/airflow/.local/lib/python3.8/site-packages/airflow/example_dags/example_short_circuit_operator.py for tasks to queue
[2023-11-22T21:10:47.183+0000] {logging_mixin.py:154} INFO - [2023-11-22T21:10:47.182+0000] {dagbag.py:536} INFO - Filling up the DagBag from /home/airflow/.local/lib/python3.8/site-packages/airflow/example_dags/example_short_circuit_operator.py
[2023-11-22T21:10:47.191+0000] {processor.py:839} INFO - DAG(s) dict_keys(['example_short_circuit_operator']) retrieved from /home/airflow/.local/lib/python3.8/site-packages/airflow/example_dags/example_short_circuit_operator.py
[2023-11-22T21:10:47.215+0000] {logging_mixin.py:154} INFO - [2023-11-22T21:10:47.214+0000] {dag.py:2941} INFO - Sync 1 DAGs
[2023-11-22T21:10:47.238+0000] {logging_mixin.py:154} INFO - [2023-11-22T21:10:47.237+0000] {dag.py:3722} INFO - Setting next_dagrun for example_short_circuit_operator to 2023-11-21T21:10:47.237685+00:00, run_after=2023-11-22T21:10:47.237685+00:00
[2023-11-22T21:10:47.262+0000] {processor.py:179} INFO - Processing /home/airflow/.local/lib/python3.8/site-packages/airflow/example_dags/example_short_circuit_operator.py took 0.086 seconds
[2023-11-22T21:11:18.602+0000] {processor.py:157} INFO - Started process (PID=2603) to work on /home/airflow/.local/lib/python3.8/site-packages/airflow/example_dags/example_short_circuit_operator.py
[2023-11-22T21:11:18.604+0000] {processor.py:829} INFO - Processing file /home/airflow/.local/lib/python3.8/site-packages/airflow/example_dags/example_short_circuit_operator.py for tasks to queue
[2023-11-22T21:11:18.607+0000] {logging_mixin.py:154} INFO - [2023-11-22T21:11:18.607+0000] {dagbag.py:536} INFO - Filling up the DagBag from /home/airflow/.local/lib/python3.8/site-packages/airflow/example_dags/example_short_circuit_operator.py
[2023-11-22T21:11:18.619+0000] {processor.py:839} INFO - DAG(s) dict_keys(['example_short_circuit_operator']) retrieved from /home/airflow/.local/lib/python3.8/site-packages/airflow/example_dags/example_short_circuit_operator.py
[2023-11-22T21:11:18.646+0000] {logging_mixin.py:154} INFO - [2023-11-22T21:11:18.646+0000] {dag.py:2941} INFO - Sync 1 DAGs
[2023-11-22T21:11:18.668+0000] {logging_mixin.py:154} INFO - [2023-11-22T21:11:18.668+0000] {dag.py:3722} INFO - Setting next_dagrun for example_short_circuit_operator to 2023-11-21T21:11:18.668473+00:00, run_after=2023-11-22T21:11:18.668473+00:00
[2023-11-22T21:11:18.689+0000] {processor.py:179} INFO - Processing /home/airflow/.local/lib/python3.8/site-packages/airflow/example_dags/example_short_circuit_operator.py took 0.090 seconds
[2023-11-22T21:11:49.869+0000] {processor.py:157} INFO - Started process (PID=2659) to work on /home/airflow/.local/lib/python3.8/site-packages/airflow/example_dags/example_short_circuit_operator.py
[2023-11-22T21:11:49.871+0000] {processor.py:829} INFO - Processing file /home/airflow/.local/lib/python3.8/site-packages/airflow/example_dags/example_short_circuit_operator.py for tasks to queue
[2023-11-22T21:11:49.873+0000] {logging_mixin.py:154} INFO - [2023-11-22T21:11:49.873+0000] {dagbag.py:536} INFO - Filling up the DagBag from /home/airflow/.local/lib/python3.8/site-packages/airflow/example_dags/example_short_circuit_operator.py
[2023-11-22T21:11:49.882+0000] {processor.py:839} INFO - DAG(s) dict_keys(['example_short_circuit_operator']) retrieved from /home/airflow/.local/lib/python3.8/site-packages/airflow/example_dags/example_short_circuit_operator.py
[2023-11-22T21:11:49.910+0000] {logging_mixin.py:154} INFO - [2023-11-22T21:11:49.910+0000] {dag.py:2941} INFO - Sync 1 DAGs
[2023-11-22T21:11:49.936+0000] {logging_mixin.py:154} INFO - [2023-11-22T21:11:49.935+0000] {dag.py:3722} INFO - Setting next_dagrun for example_short_circuit_operator to 2023-11-21T21:11:49.935517+00:00, run_after=2023-11-22T21:11:49.935517+00:00
[2023-11-22T21:11:50.008+0000] {processor.py:179} INFO - Processing /home/airflow/.local/lib/python3.8/site-packages/airflow/example_dags/example_short_circuit_operator.py took 0.141 seconds
