[2023-11-22T20:47:06.697+0000] {processor.py:157} INFO - Started process (PID=69) to work on /home/airflow/.local/lib/python3.8/site-packages/airflow/example_dags/example_setup_teardown.py
[2023-11-22T20:47:06.698+0000] {processor.py:829} INFO - Processing file /home/airflow/.local/lib/python3.8/site-packages/airflow/example_dags/example_setup_teardown.py for tasks to queue
[2023-11-22T20:47:06.702+0000] {logging_mixin.py:154} INFO - [2023-11-22T20:47:06.702+0000] {dagbag.py:536} INFO - Filling up the DagBag from /home/airflow/.local/lib/python3.8/site-packages/airflow/example_dags/example_setup_teardown.py
[2023-11-22T20:47:06.863+0000] {processor.py:839} INFO - DAG(s) dict_keys(['example_setup_teardown']) retrieved from /home/airflow/.local/lib/python3.8/site-packages/airflow/example_dags/example_setup_teardown.py
[2023-11-22T20:47:07.540+0000] {logging_mixin.py:154} INFO - [2023-11-22T20:47:07.539+0000] {dag.py:2941} INFO - Sync 1 DAGs
[2023-11-22T20:47:07.716+0000] {logging_mixin.py:154} INFO - [2023-11-22T20:47:07.716+0000] {dag.py:3722} INFO - Setting next_dagrun for example_setup_teardown to 2023-11-21T20:47:07.715904+00:00, run_after=2023-11-22T20:47:07.715904+00:00
[2023-11-22T20:47:08.079+0000] {processor.py:179} INFO - Processing /home/airflow/.local/lib/python3.8/site-packages/airflow/example_dags/example_setup_teardown.py took 1.386 seconds
[2023-11-22T20:47:39.859+0000] {processor.py:157} INFO - Started process (PID=123) to work on /home/airflow/.local/lib/python3.8/site-packages/airflow/example_dags/example_setup_teardown.py
[2023-11-22T20:47:39.861+0000] {processor.py:829} INFO - Processing file /home/airflow/.local/lib/python3.8/site-packages/airflow/example_dags/example_setup_teardown.py for tasks to queue
[2023-11-22T20:47:39.865+0000] {logging_mixin.py:154} INFO - [2023-11-22T20:47:39.865+0000] {dagbag.py:536} INFO - Filling up the DagBag from /home/airflow/.local/lib/python3.8/site-packages/airflow/example_dags/example_setup_teardown.py
[2023-11-22T20:47:39.874+0000] {processor.py:839} INFO - DAG(s) dict_keys(['example_setup_teardown']) retrieved from /home/airflow/.local/lib/python3.8/site-packages/airflow/example_dags/example_setup_teardown.py
[2023-11-22T20:47:39.897+0000] {logging_mixin.py:154} INFO - [2023-11-22T20:47:39.897+0000] {dag.py:2941} INFO - Sync 1 DAGs
[2023-11-22T20:47:39.927+0000] {logging_mixin.py:154} INFO - [2023-11-22T20:47:39.927+0000] {dag.py:3722} INFO - Setting next_dagrun for example_setup_teardown to 2023-11-21T20:47:39.927313+00:00, run_after=2023-11-22T20:47:39.927313+00:00
[2023-11-22T20:47:39.948+0000] {processor.py:179} INFO - Processing /home/airflow/.local/lib/python3.8/site-packages/airflow/example_dags/example_setup_teardown.py took 0.092 seconds
[2023-11-22T20:48:10.478+0000] {processor.py:157} INFO - Started process (PID=177) to work on /home/airflow/.local/lib/python3.8/site-packages/airflow/example_dags/example_setup_teardown.py
[2023-11-22T20:48:10.683+0000] {processor.py:829} INFO - Processing file /home/airflow/.local/lib/python3.8/site-packages/airflow/example_dags/example_setup_teardown.py for tasks to queue
[2023-11-22T20:48:10.693+0000] {logging_mixin.py:154} INFO - [2023-11-22T20:48:10.692+0000] {dagbag.py:536} INFO - Filling up the DagBag from /home/airflow/.local/lib/python3.8/site-packages/airflow/example_dags/example_setup_teardown.py
[2023-11-22T20:48:10.708+0000] {processor.py:839} INFO - DAG(s) dict_keys(['example_setup_teardown']) retrieved from /home/airflow/.local/lib/python3.8/site-packages/airflow/example_dags/example_setup_teardown.py
[2023-11-22T20:48:10.736+0000] {logging_mixin.py:154} INFO - [2023-11-22T20:48:10.736+0000] {dag.py:2941} INFO - Sync 1 DAGs
[2023-11-22T20:48:10.760+0000] {logging_mixin.py:154} INFO - [2023-11-22T20:48:10.760+0000] {dag.py:3722} INFO - Setting next_dagrun for example_setup_teardown to 2023-11-21T20:48:10.759937+00:00, run_after=2023-11-22T20:48:10.759937+00:00
[2023-11-22T20:48:10.892+0000] {processor.py:179} INFO - Processing /home/airflow/.local/lib/python3.8/site-packages/airflow/example_dags/example_setup_teardown.py took 0.417 seconds
[2023-11-22T20:48:41.608+0000] {processor.py:157} INFO - Started process (PID=231) to work on /home/airflow/.local/lib/python3.8/site-packages/airflow/example_dags/example_setup_teardown.py
[2023-11-22T20:48:41.610+0000] {processor.py:829} INFO - Processing file /home/airflow/.local/lib/python3.8/site-packages/airflow/example_dags/example_setup_teardown.py for tasks to queue
[2023-11-22T20:48:41.615+0000] {logging_mixin.py:154} INFO - [2023-11-22T20:48:41.614+0000] {dagbag.py:536} INFO - Filling up the DagBag from /home/airflow/.local/lib/python3.8/site-packages/airflow/example_dags/example_setup_teardown.py
[2023-11-22T20:48:41.624+0000] {processor.py:839} INFO - DAG(s) dict_keys(['example_setup_teardown']) retrieved from /home/airflow/.local/lib/python3.8/site-packages/airflow/example_dags/example_setup_teardown.py
[2023-11-22T20:48:41.653+0000] {logging_mixin.py:154} INFO - [2023-11-22T20:48:41.652+0000] {dag.py:2941} INFO - Sync 1 DAGs
[2023-11-22T20:48:41.680+0000] {logging_mixin.py:154} INFO - [2023-11-22T20:48:41.680+0000] {dag.py:3722} INFO - Setting next_dagrun for example_setup_teardown to 2023-11-21T20:48:41.679868+00:00, run_after=2023-11-22T20:48:41.679868+00:00
[2023-11-22T20:48:41.701+0000] {processor.py:179} INFO - Processing /home/airflow/.local/lib/python3.8/site-packages/airflow/example_dags/example_setup_teardown.py took 0.097 seconds
[2023-11-22T20:49:11.834+0000] {processor.py:157} INFO - Started process (PID=285) to work on /home/airflow/.local/lib/python3.8/site-packages/airflow/example_dags/example_setup_teardown.py
[2023-11-22T20:49:11.835+0000] {processor.py:829} INFO - Processing file /home/airflow/.local/lib/python3.8/site-packages/airflow/example_dags/example_setup_teardown.py for tasks to queue
[2023-11-22T20:49:11.838+0000] {logging_mixin.py:154} INFO - [2023-11-22T20:49:11.838+0000] {dagbag.py:536} INFO - Filling up the DagBag from /home/airflow/.local/lib/python3.8/site-packages/airflow/example_dags/example_setup_teardown.py
[2023-11-22T20:49:11.845+0000] {processor.py:839} INFO - DAG(s) dict_keys(['example_setup_teardown']) retrieved from /home/airflow/.local/lib/python3.8/site-packages/airflow/example_dags/example_setup_teardown.py
[2023-11-22T20:49:11.871+0000] {logging_mixin.py:154} INFO - [2023-11-22T20:49:11.870+0000] {dag.py:2941} INFO - Sync 1 DAGs
[2023-11-22T20:49:11.896+0000] {logging_mixin.py:154} INFO - [2023-11-22T20:49:11.895+0000] {dag.py:3722} INFO - Setting next_dagrun for example_setup_teardown to 2023-11-21T20:49:11.895542+00:00, run_after=2023-11-22T20:49:11.895542+00:00
[2023-11-22T20:49:11.919+0000] {processor.py:179} INFO - Processing /home/airflow/.local/lib/python3.8/site-packages/airflow/example_dags/example_setup_teardown.py took 0.089 seconds
[2023-11-22T20:49:42.158+0000] {processor.py:157} INFO - Started process (PID=339) to work on /home/airflow/.local/lib/python3.8/site-packages/airflow/example_dags/example_setup_teardown.py
[2023-11-22T20:49:42.159+0000] {processor.py:829} INFO - Processing file /home/airflow/.local/lib/python3.8/site-packages/airflow/example_dags/example_setup_teardown.py for tasks to queue
[2023-11-22T20:49:42.162+0000] {logging_mixin.py:154} INFO - [2023-11-22T20:49:42.161+0000] {dagbag.py:536} INFO - Filling up the DagBag from /home/airflow/.local/lib/python3.8/site-packages/airflow/example_dags/example_setup_teardown.py
[2023-11-22T20:49:42.169+0000] {processor.py:839} INFO - DAG(s) dict_keys(['example_setup_teardown']) retrieved from /home/airflow/.local/lib/python3.8/site-packages/airflow/example_dags/example_setup_teardown.py
[2023-11-22T20:49:42.189+0000] {logging_mixin.py:154} INFO - [2023-11-22T20:49:42.189+0000] {dag.py:2941} INFO - Sync 1 DAGs
[2023-11-22T20:49:42.214+0000] {logging_mixin.py:154} INFO - [2023-11-22T20:49:42.214+0000] {dag.py:3722} INFO - Setting next_dagrun for example_setup_teardown to 2023-11-21T20:49:42.213964+00:00, run_after=2023-11-22T20:49:42.213964+00:00
[2023-11-22T20:49:42.237+0000] {processor.py:179} INFO - Processing /home/airflow/.local/lib/python3.8/site-packages/airflow/example_dags/example_setup_teardown.py took 0.082 seconds
[2023-11-22T20:50:13.007+0000] {processor.py:157} INFO - Started process (PID=393) to work on /home/airflow/.local/lib/python3.8/site-packages/airflow/example_dags/example_setup_teardown.py
[2023-11-22T20:50:13.008+0000] {processor.py:829} INFO - Processing file /home/airflow/.local/lib/python3.8/site-packages/airflow/example_dags/example_setup_teardown.py for tasks to queue
[2023-11-22T20:50:13.012+0000] {logging_mixin.py:154} INFO - [2023-11-22T20:50:13.011+0000] {dagbag.py:536} INFO - Filling up the DagBag from /home/airflow/.local/lib/python3.8/site-packages/airflow/example_dags/example_setup_teardown.py
[2023-11-22T20:50:13.023+0000] {processor.py:839} INFO - DAG(s) dict_keys(['example_setup_teardown']) retrieved from /home/airflow/.local/lib/python3.8/site-packages/airflow/example_dags/example_setup_teardown.py
[2023-11-22T20:50:13.052+0000] {logging_mixin.py:154} INFO - [2023-11-22T20:50:13.052+0000] {dag.py:2941} INFO - Sync 1 DAGs
[2023-11-22T20:50:13.086+0000] {logging_mixin.py:154} INFO - [2023-11-22T20:50:13.086+0000] {dag.py:3722} INFO - Setting next_dagrun for example_setup_teardown to 2023-11-21T20:50:13.086131+00:00, run_after=2023-11-22T20:50:13.086131+00:00
[2023-11-22T20:50:13.333+0000] {processor.py:179} INFO - Processing /home/airflow/.local/lib/python3.8/site-packages/airflow/example_dags/example_setup_teardown.py took 0.330 seconds
[2023-11-22T20:50:44.186+0000] {processor.py:157} INFO - Started process (PID=447) to work on /home/airflow/.local/lib/python3.8/site-packages/airflow/example_dags/example_setup_teardown.py
[2023-11-22T20:50:44.188+0000] {processor.py:829} INFO - Processing file /home/airflow/.local/lib/python3.8/site-packages/airflow/example_dags/example_setup_teardown.py for tasks to queue
[2023-11-22T20:50:44.190+0000] {logging_mixin.py:154} INFO - [2023-11-22T20:50:44.190+0000] {dagbag.py:536} INFO - Filling up the DagBag from /home/airflow/.local/lib/python3.8/site-packages/airflow/example_dags/example_setup_teardown.py
[2023-11-22T20:50:44.198+0000] {processor.py:839} INFO - DAG(s) dict_keys(['example_setup_teardown']) retrieved from /home/airflow/.local/lib/python3.8/site-packages/airflow/example_dags/example_setup_teardown.py
[2023-11-22T20:50:44.220+0000] {logging_mixin.py:154} INFO - [2023-11-22T20:50:44.220+0000] {dag.py:2941} INFO - Sync 1 DAGs
[2023-11-22T20:50:44.242+0000] {logging_mixin.py:154} INFO - [2023-11-22T20:50:44.241+0000] {dag.py:3722} INFO - Setting next_dagrun for example_setup_teardown to 2023-11-21T20:50:44.241626+00:00, run_after=2023-11-22T20:50:44.241626+00:00
[2023-11-22T20:50:44.264+0000] {processor.py:179} INFO - Processing /home/airflow/.local/lib/python3.8/site-packages/airflow/example_dags/example_setup_teardown.py took 0.082 seconds
[2023-11-22T20:51:14.785+0000] {processor.py:157} INFO - Started process (PID=501) to work on /home/airflow/.local/lib/python3.8/site-packages/airflow/example_dags/example_setup_teardown.py
[2023-11-22T20:51:14.787+0000] {processor.py:829} INFO - Processing file /home/airflow/.local/lib/python3.8/site-packages/airflow/example_dags/example_setup_teardown.py for tasks to queue
[2023-11-22T20:51:14.790+0000] {logging_mixin.py:154} INFO - [2023-11-22T20:51:14.790+0000] {dagbag.py:536} INFO - Filling up the DagBag from /home/airflow/.local/lib/python3.8/site-packages/airflow/example_dags/example_setup_teardown.py
[2023-11-22T20:51:14.797+0000] {processor.py:839} INFO - DAG(s) dict_keys(['example_setup_teardown']) retrieved from /home/airflow/.local/lib/python3.8/site-packages/airflow/example_dags/example_setup_teardown.py
[2023-11-22T20:51:14.819+0000] {logging_mixin.py:154} INFO - [2023-11-22T20:51:14.819+0000] {dag.py:2941} INFO - Sync 1 DAGs
[2023-11-22T20:51:14.841+0000] {logging_mixin.py:154} INFO - [2023-11-22T20:51:14.841+0000] {dag.py:3722} INFO - Setting next_dagrun for example_setup_teardown to 2023-11-21T20:51:14.840874+00:00, run_after=2023-11-22T20:51:14.840874+00:00
[2023-11-22T20:51:14.862+0000] {processor.py:179} INFO - Processing /home/airflow/.local/lib/python3.8/site-packages/airflow/example_dags/example_setup_teardown.py took 0.081 seconds
[2023-11-22T20:51:45.085+0000] {processor.py:157} INFO - Started process (PID=555) to work on /home/airflow/.local/lib/python3.8/site-packages/airflow/example_dags/example_setup_teardown.py
[2023-11-22T20:51:45.086+0000] {processor.py:829} INFO - Processing file /home/airflow/.local/lib/python3.8/site-packages/airflow/example_dags/example_setup_teardown.py for tasks to queue
[2023-11-22T20:51:45.090+0000] {logging_mixin.py:154} INFO - [2023-11-22T20:51:45.089+0000] {dagbag.py:536} INFO - Filling up the DagBag from /home/airflow/.local/lib/python3.8/site-packages/airflow/example_dags/example_setup_teardown.py
[2023-11-22T20:51:45.100+0000] {processor.py:839} INFO - DAG(s) dict_keys(['example_setup_teardown']) retrieved from /home/airflow/.local/lib/python3.8/site-packages/airflow/example_dags/example_setup_teardown.py
[2023-11-22T20:51:45.127+0000] {logging_mixin.py:154} INFO - [2023-11-22T20:51:45.127+0000] {dag.py:2941} INFO - Sync 1 DAGs
[2023-11-22T20:51:45.154+0000] {logging_mixin.py:154} INFO - [2023-11-22T20:51:45.154+0000] {dag.py:3722} INFO - Setting next_dagrun for example_setup_teardown to 2023-11-21T20:51:45.154124+00:00, run_after=2023-11-22T20:51:45.154124+00:00
[2023-11-22T20:51:45.180+0000] {processor.py:179} INFO - Processing /home/airflow/.local/lib/python3.8/site-packages/airflow/example_dags/example_setup_teardown.py took 0.100 seconds
[2023-11-22T20:52:30.078+0000] {processor.py:157} INFO - Started process (PID=616) to work on /home/airflow/.local/lib/python3.8/site-packages/airflow/example_dags/example_setup_teardown.py
[2023-11-22T20:52:30.080+0000] {processor.py:829} INFO - Processing file /home/airflow/.local/lib/python3.8/site-packages/airflow/example_dags/example_setup_teardown.py for tasks to queue
[2023-11-22T20:52:30.083+0000] {logging_mixin.py:154} INFO - [2023-11-22T20:52:30.083+0000] {dagbag.py:536} INFO - Filling up the DagBag from /home/airflow/.local/lib/python3.8/site-packages/airflow/example_dags/example_setup_teardown.py
[2023-11-22T20:52:30.091+0000] {processor.py:839} INFO - DAG(s) dict_keys(['example_setup_teardown']) retrieved from /home/airflow/.local/lib/python3.8/site-packages/airflow/example_dags/example_setup_teardown.py
[2023-11-22T20:52:30.114+0000] {logging_mixin.py:154} INFO - [2023-11-22T20:52:30.113+0000] {dag.py:2941} INFO - Sync 1 DAGs
[2023-11-22T20:52:30.139+0000] {logging_mixin.py:154} INFO - [2023-11-22T20:52:30.139+0000] {dag.py:3722} INFO - Setting next_dagrun for example_setup_teardown to 2023-11-21T20:52:30.139048+00:00, run_after=2023-11-22T20:52:30.139048+00:00
[2023-11-22T20:52:30.162+0000] {processor.py:179} INFO - Processing /home/airflow/.local/lib/python3.8/site-packages/airflow/example_dags/example_setup_teardown.py took 0.088 seconds
[2023-11-22T20:53:00.666+0000] {processor.py:157} INFO - Started process (PID=669) to work on /home/airflow/.local/lib/python3.8/site-packages/airflow/example_dags/example_setup_teardown.py
[2023-11-22T20:53:00.667+0000] {processor.py:829} INFO - Processing file /home/airflow/.local/lib/python3.8/site-packages/airflow/example_dags/example_setup_teardown.py for tasks to queue
[2023-11-22T20:53:00.670+0000] {logging_mixin.py:154} INFO - [2023-11-22T20:53:00.670+0000] {dagbag.py:536} INFO - Filling up the DagBag from /home/airflow/.local/lib/python3.8/site-packages/airflow/example_dags/example_setup_teardown.py
[2023-11-22T20:53:00.677+0000] {processor.py:839} INFO - DAG(s) dict_keys(['example_setup_teardown']) retrieved from /home/airflow/.local/lib/python3.8/site-packages/airflow/example_dags/example_setup_teardown.py
[2023-11-22T20:53:00.698+0000] {logging_mixin.py:154} INFO - [2023-11-22T20:53:00.697+0000] {dag.py:2941} INFO - Sync 1 DAGs
[2023-11-22T20:53:00.723+0000] {logging_mixin.py:154} INFO - [2023-11-22T20:53:00.723+0000] {dag.py:3722} INFO - Setting next_dagrun for example_setup_teardown to 2023-11-21T20:53:00.723547+00:00, run_after=2023-11-22T20:53:00.723547+00:00
[2023-11-22T20:53:00.745+0000] {processor.py:179} INFO - Processing /home/airflow/.local/lib/python3.8/site-packages/airflow/example_dags/example_setup_teardown.py took 0.082 seconds
[2023-11-22T20:53:31.265+0000] {processor.py:157} INFO - Started process (PID=724) to work on /home/airflow/.local/lib/python3.8/site-packages/airflow/example_dags/example_setup_teardown.py
[2023-11-22T20:53:31.266+0000] {processor.py:829} INFO - Processing file /home/airflow/.local/lib/python3.8/site-packages/airflow/example_dags/example_setup_teardown.py for tasks to queue
[2023-11-22T20:53:31.270+0000] {logging_mixin.py:154} INFO - [2023-11-22T20:53:31.269+0000] {dagbag.py:536} INFO - Filling up the DagBag from /home/airflow/.local/lib/python3.8/site-packages/airflow/example_dags/example_setup_teardown.py
[2023-11-22T20:53:31.278+0000] {processor.py:839} INFO - DAG(s) dict_keys(['example_setup_teardown']) retrieved from /home/airflow/.local/lib/python3.8/site-packages/airflow/example_dags/example_setup_teardown.py
[2023-11-22T20:53:31.306+0000] {logging_mixin.py:154} INFO - [2023-11-22T20:53:31.306+0000] {dag.py:2941} INFO - Sync 1 DAGs
[2023-11-22T20:53:31.336+0000] {logging_mixin.py:154} INFO - [2023-11-22T20:53:31.336+0000] {dag.py:3722} INFO - Setting next_dagrun for example_setup_teardown to 2023-11-21T20:53:31.335849+00:00, run_after=2023-11-22T20:53:31.335849+00:00
[2023-11-22T20:53:31.358+0000] {processor.py:179} INFO - Processing /home/airflow/.local/lib/python3.8/site-packages/airflow/example_dags/example_setup_teardown.py took 0.097 seconds
[2023-11-22T20:54:06.773+0000] {processor.py:157} INFO - Started process (PID=779) to work on /home/airflow/.local/lib/python3.8/site-packages/airflow/example_dags/example_setup_teardown.py
[2023-11-22T20:54:06.774+0000] {processor.py:829} INFO - Processing file /home/airflow/.local/lib/python3.8/site-packages/airflow/example_dags/example_setup_teardown.py for tasks to queue
[2023-11-22T20:54:06.777+0000] {logging_mixin.py:154} INFO - [2023-11-22T20:54:06.777+0000] {dagbag.py:536} INFO - Filling up the DagBag from /home/airflow/.local/lib/python3.8/site-packages/airflow/example_dags/example_setup_teardown.py
[2023-11-22T20:54:06.785+0000] {processor.py:839} INFO - DAG(s) dict_keys(['example_setup_teardown']) retrieved from /home/airflow/.local/lib/python3.8/site-packages/airflow/example_dags/example_setup_teardown.py
[2023-11-22T20:54:06.809+0000] {logging_mixin.py:154} INFO - [2023-11-22T20:54:06.809+0000] {dag.py:2941} INFO - Sync 1 DAGs
[2023-11-22T20:54:06.839+0000] {logging_mixin.py:154} INFO - [2023-11-22T20:54:06.839+0000] {dag.py:3722} INFO - Setting next_dagrun for example_setup_teardown to 2023-11-21T20:54:06.839161+00:00, run_after=2023-11-22T20:54:06.839161+00:00
[2023-11-22T20:54:06.862+0000] {processor.py:179} INFO - Processing /home/airflow/.local/lib/python3.8/site-packages/airflow/example_dags/example_setup_teardown.py took 0.093 seconds
[2023-11-22T20:54:38.698+0000] {processor.py:157} INFO - Started process (PID=833) to work on /home/airflow/.local/lib/python3.8/site-packages/airflow/example_dags/example_setup_teardown.py
[2023-11-22T20:54:38.700+0000] {processor.py:829} INFO - Processing file /home/airflow/.local/lib/python3.8/site-packages/airflow/example_dags/example_setup_teardown.py for tasks to queue
[2023-11-22T20:54:38.703+0000] {logging_mixin.py:154} INFO - [2023-11-22T20:54:38.702+0000] {dagbag.py:536} INFO - Filling up the DagBag from /home/airflow/.local/lib/python3.8/site-packages/airflow/example_dags/example_setup_teardown.py
[2023-11-22T20:54:38.715+0000] {processor.py:839} INFO - DAG(s) dict_keys(['example_setup_teardown']) retrieved from /home/airflow/.local/lib/python3.8/site-packages/airflow/example_dags/example_setup_teardown.py
[2023-11-22T20:54:38.751+0000] {logging_mixin.py:154} INFO - [2023-11-22T20:54:38.751+0000] {dag.py:2941} INFO - Sync 1 DAGs
[2023-11-22T20:54:38.787+0000] {logging_mixin.py:154} INFO - [2023-11-22T20:54:38.787+0000] {dag.py:3722} INFO - Setting next_dagrun for example_setup_teardown to 2023-11-21T20:54:38.787442+00:00, run_after=2023-11-22T20:54:38.787442+00:00
[2023-11-22T20:54:38.820+0000] {processor.py:179} INFO - Processing /home/airflow/.local/lib/python3.8/site-packages/airflow/example_dags/example_setup_teardown.py took 0.126 seconds
[2023-11-22T20:55:09.687+0000] {processor.py:157} INFO - Started process (PID=887) to work on /home/airflow/.local/lib/python3.8/site-packages/airflow/example_dags/example_setup_teardown.py
[2023-11-22T20:55:09.688+0000] {processor.py:829} INFO - Processing file /home/airflow/.local/lib/python3.8/site-packages/airflow/example_dags/example_setup_teardown.py for tasks to queue
[2023-11-22T20:55:09.691+0000] {logging_mixin.py:154} INFO - [2023-11-22T20:55:09.691+0000] {dagbag.py:536} INFO - Filling up the DagBag from /home/airflow/.local/lib/python3.8/site-packages/airflow/example_dags/example_setup_teardown.py
[2023-11-22T20:55:09.700+0000] {processor.py:839} INFO - DAG(s) dict_keys(['example_setup_teardown']) retrieved from /home/airflow/.local/lib/python3.8/site-packages/airflow/example_dags/example_setup_teardown.py
[2023-11-22T20:55:09.720+0000] {logging_mixin.py:154} INFO - [2023-11-22T20:55:09.720+0000] {dag.py:2941} INFO - Sync 1 DAGs
[2023-11-22T20:55:09.743+0000] {logging_mixin.py:154} INFO - [2023-11-22T20:55:09.743+0000] {dag.py:3722} INFO - Setting next_dagrun for example_setup_teardown to 2023-11-21T20:55:09.743223+00:00, run_after=2023-11-22T20:55:09.743223+00:00
[2023-11-22T20:55:09.767+0000] {processor.py:179} INFO - Processing /home/airflow/.local/lib/python3.8/site-packages/airflow/example_dags/example_setup_teardown.py took 0.086 seconds
[2023-11-22T20:55:40.693+0000] {processor.py:157} INFO - Started process (PID=941) to work on /home/airflow/.local/lib/python3.8/site-packages/airflow/example_dags/example_setup_teardown.py
[2023-11-22T20:55:40.694+0000] {processor.py:829} INFO - Processing file /home/airflow/.local/lib/python3.8/site-packages/airflow/example_dags/example_setup_teardown.py for tasks to queue
[2023-11-22T20:55:40.697+0000] {logging_mixin.py:154} INFO - [2023-11-22T20:55:40.696+0000] {dagbag.py:536} INFO - Filling up the DagBag from /home/airflow/.local/lib/python3.8/site-packages/airflow/example_dags/example_setup_teardown.py
[2023-11-22T20:55:40.703+0000] {processor.py:839} INFO - DAG(s) dict_keys(['example_setup_teardown']) retrieved from /home/airflow/.local/lib/python3.8/site-packages/airflow/example_dags/example_setup_teardown.py
[2023-11-22T20:55:40.724+0000] {logging_mixin.py:154} INFO - [2023-11-22T20:55:40.724+0000] {dag.py:2941} INFO - Sync 1 DAGs
[2023-11-22T20:55:40.756+0000] {logging_mixin.py:154} INFO - [2023-11-22T20:55:40.755+0000] {dag.py:3722} INFO - Setting next_dagrun for example_setup_teardown to 2023-11-21T20:55:40.755507+00:00, run_after=2023-11-22T20:55:40.755507+00:00
[2023-11-22T20:55:40.783+0000] {processor.py:179} INFO - Processing /home/airflow/.local/lib/python3.8/site-packages/airflow/example_dags/example_setup_teardown.py took 0.093 seconds
[2023-11-22T20:56:10.949+0000] {processor.py:157} INFO - Started process (PID=995) to work on /home/airflow/.local/lib/python3.8/site-packages/airflow/example_dags/example_setup_teardown.py
[2023-11-22T20:56:10.950+0000] {processor.py:829} INFO - Processing file /home/airflow/.local/lib/python3.8/site-packages/airflow/example_dags/example_setup_teardown.py for tasks to queue
[2023-11-22T20:56:10.952+0000] {logging_mixin.py:154} INFO - [2023-11-22T20:56:10.952+0000] {dagbag.py:536} INFO - Filling up the DagBag from /home/airflow/.local/lib/python3.8/site-packages/airflow/example_dags/example_setup_teardown.py
[2023-11-22T20:56:10.959+0000] {processor.py:839} INFO - DAG(s) dict_keys(['example_setup_teardown']) retrieved from /home/airflow/.local/lib/python3.8/site-packages/airflow/example_dags/example_setup_teardown.py
[2023-11-22T20:56:10.980+0000] {logging_mixin.py:154} INFO - [2023-11-22T20:56:10.980+0000] {dag.py:2941} INFO - Sync 1 DAGs
[2023-11-22T20:56:11.004+0000] {logging_mixin.py:154} INFO - [2023-11-22T20:56:11.004+0000] {dag.py:3722} INFO - Setting next_dagrun for example_setup_teardown to 2023-11-21T20:56:11.004505+00:00, run_after=2023-11-22T20:56:11.004505+00:00
[2023-11-22T20:56:11.027+0000] {processor.py:179} INFO - Processing /home/airflow/.local/lib/python3.8/site-packages/airflow/example_dags/example_setup_teardown.py took 0.082 seconds
[2023-11-22T20:56:41.056+0000] {processor.py:157} INFO - Started process (PID=1049) to work on /home/airflow/.local/lib/python3.8/site-packages/airflow/example_dags/example_setup_teardown.py
[2023-11-22T20:56:41.058+0000] {processor.py:829} INFO - Processing file /home/airflow/.local/lib/python3.8/site-packages/airflow/example_dags/example_setup_teardown.py for tasks to queue
[2023-11-22T20:56:41.060+0000] {logging_mixin.py:154} INFO - [2023-11-22T20:56:41.060+0000] {dagbag.py:536} INFO - Filling up the DagBag from /home/airflow/.local/lib/python3.8/site-packages/airflow/example_dags/example_setup_teardown.py
[2023-11-22T20:56:41.067+0000] {processor.py:839} INFO - DAG(s) dict_keys(['example_setup_teardown']) retrieved from /home/airflow/.local/lib/python3.8/site-packages/airflow/example_dags/example_setup_teardown.py
[2023-11-22T20:56:41.088+0000] {logging_mixin.py:154} INFO - [2023-11-22T20:56:41.087+0000] {dag.py:2941} INFO - Sync 1 DAGs
[2023-11-22T20:56:41.109+0000] {logging_mixin.py:154} INFO - [2023-11-22T20:56:41.108+0000] {dag.py:3722} INFO - Setting next_dagrun for example_setup_teardown to 2023-11-21T20:56:41.108595+00:00, run_after=2023-11-22T20:56:41.108595+00:00
[2023-11-22T20:56:41.130+0000] {processor.py:179} INFO - Processing /home/airflow/.local/lib/python3.8/site-packages/airflow/example_dags/example_setup_teardown.py took 0.077 seconds
[2023-11-22T20:57:11.265+0000] {processor.py:157} INFO - Started process (PID=1103) to work on /home/airflow/.local/lib/python3.8/site-packages/airflow/example_dags/example_setup_teardown.py
[2023-11-22T20:57:11.267+0000] {processor.py:829} INFO - Processing file /home/airflow/.local/lib/python3.8/site-packages/airflow/example_dags/example_setup_teardown.py for tasks to queue
[2023-11-22T20:57:11.269+0000] {logging_mixin.py:154} INFO - [2023-11-22T20:57:11.269+0000] {dagbag.py:536} INFO - Filling up the DagBag from /home/airflow/.local/lib/python3.8/site-packages/airflow/example_dags/example_setup_teardown.py
[2023-11-22T20:57:11.278+0000] {processor.py:839} INFO - DAG(s) dict_keys(['example_setup_teardown']) retrieved from /home/airflow/.local/lib/python3.8/site-packages/airflow/example_dags/example_setup_teardown.py
[2023-11-22T20:57:11.300+0000] {logging_mixin.py:154} INFO - [2023-11-22T20:57:11.300+0000] {dag.py:2941} INFO - Sync 1 DAGs
[2023-11-22T20:57:11.323+0000] {logging_mixin.py:154} INFO - [2023-11-22T20:57:11.323+0000] {dag.py:3722} INFO - Setting next_dagrun for example_setup_teardown to 2023-11-21T20:57:11.322952+00:00, run_after=2023-11-22T20:57:11.322952+00:00
[2023-11-22T20:57:11.346+0000] {processor.py:179} INFO - Processing /home/airflow/.local/lib/python3.8/site-packages/airflow/example_dags/example_setup_teardown.py took 0.084 seconds
[2023-11-22T20:57:41.588+0000] {processor.py:157} INFO - Started process (PID=1157) to work on /home/airflow/.local/lib/python3.8/site-packages/airflow/example_dags/example_setup_teardown.py
[2023-11-22T20:57:41.589+0000] {processor.py:829} INFO - Processing file /home/airflow/.local/lib/python3.8/site-packages/airflow/example_dags/example_setup_teardown.py for tasks to queue
[2023-11-22T20:57:41.591+0000] {logging_mixin.py:154} INFO - [2023-11-22T20:57:41.591+0000] {dagbag.py:536} INFO - Filling up the DagBag from /home/airflow/.local/lib/python3.8/site-packages/airflow/example_dags/example_setup_teardown.py
[2023-11-22T20:57:41.598+0000] {processor.py:839} INFO - DAG(s) dict_keys(['example_setup_teardown']) retrieved from /home/airflow/.local/lib/python3.8/site-packages/airflow/example_dags/example_setup_teardown.py
[2023-11-22T20:57:41.622+0000] {logging_mixin.py:154} INFO - [2023-11-22T20:57:41.622+0000] {dag.py:2941} INFO - Sync 1 DAGs
[2023-11-22T20:57:41.646+0000] {logging_mixin.py:154} INFO - [2023-11-22T20:57:41.646+0000] {dag.py:3722} INFO - Setting next_dagrun for example_setup_teardown to 2023-11-21T20:57:41.646226+00:00, run_after=2023-11-22T20:57:41.646226+00:00
[2023-11-22T20:57:41.667+0000] {processor.py:179} INFO - Processing /home/airflow/.local/lib/python3.8/site-packages/airflow/example_dags/example_setup_teardown.py took 0.082 seconds
[2023-11-22T20:58:13.035+0000] {processor.py:157} INFO - Started process (PID=1211) to work on /home/airflow/.local/lib/python3.8/site-packages/airflow/example_dags/example_setup_teardown.py
[2023-11-22T20:58:13.036+0000] {processor.py:829} INFO - Processing file /home/airflow/.local/lib/python3.8/site-packages/airflow/example_dags/example_setup_teardown.py for tasks to queue
[2023-11-22T20:58:13.039+0000] {logging_mixin.py:154} INFO - [2023-11-22T20:58:13.038+0000] {dagbag.py:536} INFO - Filling up the DagBag from /home/airflow/.local/lib/python3.8/site-packages/airflow/example_dags/example_setup_teardown.py
[2023-11-22T20:58:13.049+0000] {processor.py:839} INFO - DAG(s) dict_keys(['example_setup_teardown']) retrieved from /home/airflow/.local/lib/python3.8/site-packages/airflow/example_dags/example_setup_teardown.py
[2023-11-22T20:58:13.071+0000] {logging_mixin.py:154} INFO - [2023-11-22T20:58:13.070+0000] {dag.py:2941} INFO - Sync 1 DAGs
[2023-11-22T20:58:13.095+0000] {logging_mixin.py:154} INFO - [2023-11-22T20:58:13.095+0000] {dag.py:3722} INFO - Setting next_dagrun for example_setup_teardown to 2023-11-21T20:58:13.095286+00:00, run_after=2023-11-22T20:58:13.095286+00:00
[2023-11-22T20:58:13.349+0000] {processor.py:179} INFO - Processing /home/airflow/.local/lib/python3.8/site-packages/airflow/example_dags/example_setup_teardown.py took 0.317 seconds
[2023-11-22T20:58:44.142+0000] {processor.py:157} INFO - Started process (PID=1265) to work on /home/airflow/.local/lib/python3.8/site-packages/airflow/example_dags/example_setup_teardown.py
[2023-11-22T20:58:44.143+0000] {processor.py:829} INFO - Processing file /home/airflow/.local/lib/python3.8/site-packages/airflow/example_dags/example_setup_teardown.py for tasks to queue
[2023-11-22T20:58:44.146+0000] {logging_mixin.py:154} INFO - [2023-11-22T20:58:44.146+0000] {dagbag.py:536} INFO - Filling up the DagBag from /home/airflow/.local/lib/python3.8/site-packages/airflow/example_dags/example_setup_teardown.py
[2023-11-22T20:58:44.153+0000] {processor.py:839} INFO - DAG(s) dict_keys(['example_setup_teardown']) retrieved from /home/airflow/.local/lib/python3.8/site-packages/airflow/example_dags/example_setup_teardown.py
[2023-11-22T20:58:44.174+0000] {logging_mixin.py:154} INFO - [2023-11-22T20:58:44.174+0000] {dag.py:2941} INFO - Sync 1 DAGs
[2023-11-22T20:58:44.195+0000] {logging_mixin.py:154} INFO - [2023-11-22T20:58:44.195+0000] {dag.py:3722} INFO - Setting next_dagrun for example_setup_teardown to 2023-11-21T20:58:44.195079+00:00, run_after=2023-11-22T20:58:44.195079+00:00
[2023-11-22T20:58:44.215+0000] {processor.py:179} INFO - Processing /home/airflow/.local/lib/python3.8/site-packages/airflow/example_dags/example_setup_teardown.py took 0.076 seconds
[2023-11-22T20:59:14.942+0000] {processor.py:157} INFO - Started process (PID=1319) to work on /home/airflow/.local/lib/python3.8/site-packages/airflow/example_dags/example_setup_teardown.py
[2023-11-22T20:59:14.944+0000] {processor.py:829} INFO - Processing file /home/airflow/.local/lib/python3.8/site-packages/airflow/example_dags/example_setup_teardown.py for tasks to queue
[2023-11-22T20:59:14.947+0000] {logging_mixin.py:154} INFO - [2023-11-22T20:59:14.947+0000] {dagbag.py:536} INFO - Filling up the DagBag from /home/airflow/.local/lib/python3.8/site-packages/airflow/example_dags/example_setup_teardown.py
[2023-11-22T20:59:14.955+0000] {processor.py:839} INFO - DAG(s) dict_keys(['example_setup_teardown']) retrieved from /home/airflow/.local/lib/python3.8/site-packages/airflow/example_dags/example_setup_teardown.py
[2023-11-22T20:59:14.977+0000] {logging_mixin.py:154} INFO - [2023-11-22T20:59:14.977+0000] {dag.py:2941} INFO - Sync 1 DAGs
[2023-11-22T20:59:14.999+0000] {logging_mixin.py:154} INFO - [2023-11-22T20:59:14.999+0000] {dag.py:3722} INFO - Setting next_dagrun for example_setup_teardown to 2023-11-21T20:59:14.998963+00:00, run_after=2023-11-22T20:59:14.998963+00:00
[2023-11-22T20:59:15.020+0000] {processor.py:179} INFO - Processing /home/airflow/.local/lib/python3.8/site-packages/airflow/example_dags/example_setup_teardown.py took 0.082 seconds
[2023-11-22T20:59:45.652+0000] {processor.py:157} INFO - Started process (PID=1373) to work on /home/airflow/.local/lib/python3.8/site-packages/airflow/example_dags/example_setup_teardown.py
[2023-11-22T20:59:45.653+0000] {processor.py:829} INFO - Processing file /home/airflow/.local/lib/python3.8/site-packages/airflow/example_dags/example_setup_teardown.py for tasks to queue
[2023-11-22T20:59:45.656+0000] {logging_mixin.py:154} INFO - [2023-11-22T20:59:45.656+0000] {dagbag.py:536} INFO - Filling up the DagBag from /home/airflow/.local/lib/python3.8/site-packages/airflow/example_dags/example_setup_teardown.py
[2023-11-22T20:59:45.664+0000] {processor.py:839} INFO - DAG(s) dict_keys(['example_setup_teardown']) retrieved from /home/airflow/.local/lib/python3.8/site-packages/airflow/example_dags/example_setup_teardown.py
[2023-11-22T20:59:45.686+0000] {logging_mixin.py:154} INFO - [2023-11-22T20:59:45.686+0000] {dag.py:2941} INFO - Sync 1 DAGs
[2023-11-22T20:59:45.870+0000] {logging_mixin.py:154} INFO - [2023-11-22T20:59:45.870+0000] {dag.py:3722} INFO - Setting next_dagrun for example_setup_teardown to 2023-11-21T20:59:45.869861+00:00, run_after=2023-11-22T20:59:45.869861+00:00
[2023-11-22T20:59:45.904+0000] {processor.py:179} INFO - Processing /home/airflow/.local/lib/python3.8/site-packages/airflow/example_dags/example_setup_teardown.py took 0.256 seconds
[2023-11-22T21:00:16.612+0000] {processor.py:157} INFO - Started process (PID=1427) to work on /home/airflow/.local/lib/python3.8/site-packages/airflow/example_dags/example_setup_teardown.py
[2023-11-22T21:00:16.613+0000] {processor.py:829} INFO - Processing file /home/airflow/.local/lib/python3.8/site-packages/airflow/example_dags/example_setup_teardown.py for tasks to queue
[2023-11-22T21:00:16.616+0000] {logging_mixin.py:154} INFO - [2023-11-22T21:00:16.616+0000] {dagbag.py:536} INFO - Filling up the DagBag from /home/airflow/.local/lib/python3.8/site-packages/airflow/example_dags/example_setup_teardown.py
[2023-11-22T21:00:16.624+0000] {processor.py:839} INFO - DAG(s) dict_keys(['example_setup_teardown']) retrieved from /home/airflow/.local/lib/python3.8/site-packages/airflow/example_dags/example_setup_teardown.py
[2023-11-22T21:00:16.646+0000] {logging_mixin.py:154} INFO - [2023-11-22T21:00:16.646+0000] {dag.py:2941} INFO - Sync 1 DAGs
[2023-11-22T21:00:16.682+0000] {logging_mixin.py:154} INFO - [2023-11-22T21:00:16.682+0000] {dag.py:3722} INFO - Setting next_dagrun for example_setup_teardown to 2023-11-21T21:00:16.682381+00:00, run_after=2023-11-22T21:00:16.682381+00:00
[2023-11-22T21:00:16.710+0000] {processor.py:179} INFO - Processing /home/airflow/.local/lib/python3.8/site-packages/airflow/example_dags/example_setup_teardown.py took 0.102 seconds
[2023-11-22T21:00:47.372+0000] {processor.py:157} INFO - Started process (PID=1481) to work on /home/airflow/.local/lib/python3.8/site-packages/airflow/example_dags/example_setup_teardown.py
[2023-11-22T21:00:47.374+0000] {processor.py:829} INFO - Processing file /home/airflow/.local/lib/python3.8/site-packages/airflow/example_dags/example_setup_teardown.py for tasks to queue
[2023-11-22T21:00:47.376+0000] {logging_mixin.py:154} INFO - [2023-11-22T21:00:47.376+0000] {dagbag.py:536} INFO - Filling up the DagBag from /home/airflow/.local/lib/python3.8/site-packages/airflow/example_dags/example_setup_teardown.py
[2023-11-22T21:00:47.383+0000] {processor.py:839} INFO - DAG(s) dict_keys(['example_setup_teardown']) retrieved from /home/airflow/.local/lib/python3.8/site-packages/airflow/example_dags/example_setup_teardown.py
[2023-11-22T21:00:47.406+0000] {logging_mixin.py:154} INFO - [2023-11-22T21:00:47.405+0000] {dag.py:2941} INFO - Sync 1 DAGs
[2023-11-22T21:00:47.431+0000] {logging_mixin.py:154} INFO - [2023-11-22T21:00:47.431+0000] {dag.py:3722} INFO - Setting next_dagrun for example_setup_teardown to 2023-11-21T21:00:47.430649+00:00, run_after=2023-11-22T21:00:47.430649+00:00
[2023-11-22T21:00:47.452+0000] {processor.py:179} INFO - Processing /home/airflow/.local/lib/python3.8/site-packages/airflow/example_dags/example_setup_teardown.py took 0.083 seconds
[2023-11-22T21:01:17.944+0000] {processor.py:157} INFO - Started process (PID=1535) to work on /home/airflow/.local/lib/python3.8/site-packages/airflow/example_dags/example_setup_teardown.py
[2023-11-22T21:01:17.945+0000] {processor.py:829} INFO - Processing file /home/airflow/.local/lib/python3.8/site-packages/airflow/example_dags/example_setup_teardown.py for tasks to queue
[2023-11-22T21:01:17.948+0000] {logging_mixin.py:154} INFO - [2023-11-22T21:01:17.948+0000] {dagbag.py:536} INFO - Filling up the DagBag from /home/airflow/.local/lib/python3.8/site-packages/airflow/example_dags/example_setup_teardown.py
[2023-11-22T21:01:17.955+0000] {processor.py:839} INFO - DAG(s) dict_keys(['example_setup_teardown']) retrieved from /home/airflow/.local/lib/python3.8/site-packages/airflow/example_dags/example_setup_teardown.py
[2023-11-22T21:01:17.975+0000] {logging_mixin.py:154} INFO - [2023-11-22T21:01:17.975+0000] {dag.py:2941} INFO - Sync 1 DAGs
[2023-11-22T21:01:18.146+0000] {logging_mixin.py:154} INFO - [2023-11-22T21:01:18.146+0000] {dag.py:3722} INFO - Setting next_dagrun for example_setup_teardown to 2023-11-21T21:01:18.146123+00:00, run_after=2023-11-22T21:01:18.146123+00:00
[2023-11-22T21:01:18.174+0000] {processor.py:179} INFO - Processing /home/airflow/.local/lib/python3.8/site-packages/airflow/example_dags/example_setup_teardown.py took 0.234 seconds
[2023-11-22T21:01:48.421+0000] {processor.py:157} INFO - Started process (PID=1589) to work on /home/airflow/.local/lib/python3.8/site-packages/airflow/example_dags/example_setup_teardown.py
[2023-11-22T21:01:48.423+0000] {processor.py:829} INFO - Processing file /home/airflow/.local/lib/python3.8/site-packages/airflow/example_dags/example_setup_teardown.py for tasks to queue
[2023-11-22T21:01:48.426+0000] {logging_mixin.py:154} INFO - [2023-11-22T21:01:48.425+0000] {dagbag.py:536} INFO - Filling up the DagBag from /home/airflow/.local/lib/python3.8/site-packages/airflow/example_dags/example_setup_teardown.py
[2023-11-22T21:01:48.434+0000] {processor.py:839} INFO - DAG(s) dict_keys(['example_setup_teardown']) retrieved from /home/airflow/.local/lib/python3.8/site-packages/airflow/example_dags/example_setup_teardown.py
[2023-11-22T21:01:48.461+0000] {logging_mixin.py:154} INFO - [2023-11-22T21:01:48.461+0000] {dag.py:2941} INFO - Sync 1 DAGs
[2023-11-22T21:01:48.493+0000] {logging_mixin.py:154} INFO - [2023-11-22T21:01:48.492+0000] {dag.py:3722} INFO - Setting next_dagrun for example_setup_teardown to 2023-11-21T21:01:48.492471+00:00, run_after=2023-11-22T21:01:48.492471+00:00
[2023-11-22T21:01:48.664+0000] {processor.py:179} INFO - Processing /home/airflow/.local/lib/python3.8/site-packages/airflow/example_dags/example_setup_teardown.py took 0.246 seconds
[2023-11-22T21:02:18.800+0000] {processor.py:157} INFO - Started process (PID=1643) to work on /home/airflow/.local/lib/python3.8/site-packages/airflow/example_dags/example_setup_teardown.py
[2023-11-22T21:02:18.801+0000] {processor.py:829} INFO - Processing file /home/airflow/.local/lib/python3.8/site-packages/airflow/example_dags/example_setup_teardown.py for tasks to queue
[2023-11-22T21:02:18.804+0000] {logging_mixin.py:154} INFO - [2023-11-22T21:02:18.803+0000] {dagbag.py:536} INFO - Filling up the DagBag from /home/airflow/.local/lib/python3.8/site-packages/airflow/example_dags/example_setup_teardown.py
[2023-11-22T21:02:18.812+0000] {processor.py:839} INFO - DAG(s) dict_keys(['example_setup_teardown']) retrieved from /home/airflow/.local/lib/python3.8/site-packages/airflow/example_dags/example_setup_teardown.py
[2023-11-22T21:02:18.837+0000] {logging_mixin.py:154} INFO - [2023-11-22T21:02:18.837+0000] {dag.py:2941} INFO - Sync 1 DAGs
[2023-11-22T21:02:18.858+0000] {logging_mixin.py:154} INFO - [2023-11-22T21:02:18.858+0000] {dag.py:3722} INFO - Setting next_dagrun for example_setup_teardown to 2023-11-21T21:02:18.857981+00:00, run_after=2023-11-22T21:02:18.857981+00:00
[2023-11-22T21:02:18.877+0000] {processor.py:179} INFO - Processing /home/airflow/.local/lib/python3.8/site-packages/airflow/example_dags/example_setup_teardown.py took 0.081 seconds
[2023-11-22T21:02:49.188+0000] {processor.py:157} INFO - Started process (PID=1698) to work on /home/airflow/.local/lib/python3.8/site-packages/airflow/example_dags/example_setup_teardown.py
[2023-11-22T21:02:49.189+0000] {processor.py:829} INFO - Processing file /home/airflow/.local/lib/python3.8/site-packages/airflow/example_dags/example_setup_teardown.py for tasks to queue
[2023-11-22T21:02:49.192+0000] {logging_mixin.py:154} INFO - [2023-11-22T21:02:49.192+0000] {dagbag.py:536} INFO - Filling up the DagBag from /home/airflow/.local/lib/python3.8/site-packages/airflow/example_dags/example_setup_teardown.py
[2023-11-22T21:02:49.201+0000] {processor.py:839} INFO - DAG(s) dict_keys(['example_setup_teardown']) retrieved from /home/airflow/.local/lib/python3.8/site-packages/airflow/example_dags/example_setup_teardown.py
[2023-11-22T21:02:49.221+0000] {logging_mixin.py:154} INFO - [2023-11-22T21:02:49.221+0000] {dag.py:2941} INFO - Sync 1 DAGs
[2023-11-22T21:02:49.405+0000] {logging_mixin.py:154} INFO - [2023-11-22T21:02:49.404+0000] {dag.py:3722} INFO - Setting next_dagrun for example_setup_teardown to 2023-11-21T21:02:49.404540+00:00, run_after=2023-11-22T21:02:49.404540+00:00
[2023-11-22T21:02:49.430+0000] {processor.py:179} INFO - Processing /home/airflow/.local/lib/python3.8/site-packages/airflow/example_dags/example_setup_teardown.py took 0.246 seconds
[2023-11-22T21:03:20.294+0000] {processor.py:157} INFO - Started process (PID=1752) to work on /home/airflow/.local/lib/python3.8/site-packages/airflow/example_dags/example_setup_teardown.py
[2023-11-22T21:03:20.307+0000] {processor.py:829} INFO - Processing file /home/airflow/.local/lib/python3.8/site-packages/airflow/example_dags/example_setup_teardown.py for tasks to queue
[2023-11-22T21:03:20.310+0000] {logging_mixin.py:154} INFO - [2023-11-22T21:03:20.310+0000] {dagbag.py:536} INFO - Filling up the DagBag from /home/airflow/.local/lib/python3.8/site-packages/airflow/example_dags/example_setup_teardown.py
[2023-11-22T21:03:20.321+0000] {processor.py:839} INFO - DAG(s) dict_keys(['example_setup_teardown']) retrieved from /home/airflow/.local/lib/python3.8/site-packages/airflow/example_dags/example_setup_teardown.py
[2023-11-22T21:03:20.360+0000] {logging_mixin.py:154} INFO - [2023-11-22T21:03:20.359+0000] {dag.py:2941} INFO - Sync 1 DAGs
[2023-11-22T21:03:20.396+0000] {logging_mixin.py:154} INFO - [2023-11-22T21:03:20.396+0000] {dag.py:3722} INFO - Setting next_dagrun for example_setup_teardown to 2023-11-21T21:03:20.395537+00:00, run_after=2023-11-22T21:03:20.395537+00:00
[2023-11-22T21:03:20.433+0000] {processor.py:179} INFO - Processing /home/airflow/.local/lib/python3.8/site-packages/airflow/example_dags/example_setup_teardown.py took 0.144 seconds
[2023-11-22T21:03:50.502+0000] {processor.py:157} INFO - Started process (PID=1812) to work on /home/airflow/.local/lib/python3.8/site-packages/airflow/example_dags/example_setup_teardown.py
[2023-11-22T21:03:50.505+0000] {processor.py:829} INFO - Processing file /home/airflow/.local/lib/python3.8/site-packages/airflow/example_dags/example_setup_teardown.py for tasks to queue
[2023-11-22T21:03:50.510+0000] {logging_mixin.py:154} INFO - [2023-11-22T21:03:50.509+0000] {dagbag.py:536} INFO - Filling up the DagBag from /home/airflow/.local/lib/python3.8/site-packages/airflow/example_dags/example_setup_teardown.py
[2023-11-22T21:03:50.521+0000] {processor.py:839} INFO - DAG(s) dict_keys(['example_setup_teardown']) retrieved from /home/airflow/.local/lib/python3.8/site-packages/airflow/example_dags/example_setup_teardown.py
[2023-11-22T21:03:50.550+0000] {logging_mixin.py:154} INFO - [2023-11-22T21:03:50.550+0000] {dag.py:2941} INFO - Sync 1 DAGs
[2023-11-22T21:03:50.574+0000] {logging_mixin.py:154} INFO - [2023-11-22T21:03:50.574+0000] {dag.py:3722} INFO - Setting next_dagrun for example_setup_teardown to 2023-11-21T21:03:50.574299+00:00, run_after=2023-11-22T21:03:50.574299+00:00
[2023-11-22T21:03:50.595+0000] {processor.py:179} INFO - Processing /home/airflow/.local/lib/python3.8/site-packages/airflow/example_dags/example_setup_teardown.py took 0.097 seconds
[2023-11-22T21:04:20.688+0000] {processor.py:157} INFO - Started process (PID=1866) to work on /home/airflow/.local/lib/python3.8/site-packages/airflow/example_dags/example_setup_teardown.py
[2023-11-22T21:04:20.689+0000] {processor.py:829} INFO - Processing file /home/airflow/.local/lib/python3.8/site-packages/airflow/example_dags/example_setup_teardown.py for tasks to queue
[2023-11-22T21:04:20.692+0000] {logging_mixin.py:154} INFO - [2023-11-22T21:04:20.691+0000] {dagbag.py:536} INFO - Filling up the DagBag from /home/airflow/.local/lib/python3.8/site-packages/airflow/example_dags/example_setup_teardown.py
[2023-11-22T21:04:20.699+0000] {processor.py:839} INFO - DAG(s) dict_keys(['example_setup_teardown']) retrieved from /home/airflow/.local/lib/python3.8/site-packages/airflow/example_dags/example_setup_teardown.py
[2023-11-22T21:04:20.724+0000] {logging_mixin.py:154} INFO - [2023-11-22T21:04:20.724+0000] {dag.py:2941} INFO - Sync 1 DAGs
[2023-11-22T21:04:20.759+0000] {logging_mixin.py:154} INFO - [2023-11-22T21:04:20.759+0000] {dag.py:3722} INFO - Setting next_dagrun for example_setup_teardown to 2023-11-21T21:04:20.759323+00:00, run_after=2023-11-22T21:04:20.759323+00:00
[2023-11-22T21:04:20.789+0000] {processor.py:179} INFO - Processing /home/airflow/.local/lib/python3.8/site-packages/airflow/example_dags/example_setup_teardown.py took 0.104 seconds
[2023-11-22T21:04:50.903+0000] {processor.py:157} INFO - Started process (PID=1921) to work on /home/airflow/.local/lib/python3.8/site-packages/airflow/example_dags/example_setup_teardown.py
[2023-11-22T21:04:50.904+0000] {processor.py:829} INFO - Processing file /home/airflow/.local/lib/python3.8/site-packages/airflow/example_dags/example_setup_teardown.py for tasks to queue
[2023-11-22T21:04:50.908+0000] {logging_mixin.py:154} INFO - [2023-11-22T21:04:50.908+0000] {dagbag.py:536} INFO - Filling up the DagBag from /home/airflow/.local/lib/python3.8/site-packages/airflow/example_dags/example_setup_teardown.py
[2023-11-22T21:04:50.917+0000] {processor.py:839} INFO - DAG(s) dict_keys(['example_setup_teardown']) retrieved from /home/airflow/.local/lib/python3.8/site-packages/airflow/example_dags/example_setup_teardown.py
[2023-11-22T21:04:50.939+0000] {logging_mixin.py:154} INFO - [2023-11-22T21:04:50.939+0000] {dag.py:2941} INFO - Sync 1 DAGs
[2023-11-22T21:04:50.964+0000] {logging_mixin.py:154} INFO - [2023-11-22T21:04:50.964+0000] {dag.py:3722} INFO - Setting next_dagrun for example_setup_teardown to 2023-11-21T21:04:50.964327+00:00, run_after=2023-11-22T21:04:50.964327+00:00
[2023-11-22T21:04:50.987+0000] {processor.py:179} INFO - Processing /home/airflow/.local/lib/python3.8/site-packages/airflow/example_dags/example_setup_teardown.py took 0.089 seconds
[2023-11-22T21:05:21.078+0000] {processor.py:157} INFO - Started process (PID=1975) to work on /home/airflow/.local/lib/python3.8/site-packages/airflow/example_dags/example_setup_teardown.py
[2023-11-22T21:05:21.079+0000] {processor.py:829} INFO - Processing file /home/airflow/.local/lib/python3.8/site-packages/airflow/example_dags/example_setup_teardown.py for tasks to queue
[2023-11-22T21:05:21.082+0000] {logging_mixin.py:154} INFO - [2023-11-22T21:05:21.082+0000] {dagbag.py:536} INFO - Filling up the DagBag from /home/airflow/.local/lib/python3.8/site-packages/airflow/example_dags/example_setup_teardown.py
[2023-11-22T21:05:21.090+0000] {processor.py:839} INFO - DAG(s) dict_keys(['example_setup_teardown']) retrieved from /home/airflow/.local/lib/python3.8/site-packages/airflow/example_dags/example_setup_teardown.py
[2023-11-22T21:05:21.112+0000] {logging_mixin.py:154} INFO - [2023-11-22T21:05:21.112+0000] {dag.py:2941} INFO - Sync 1 DAGs
[2023-11-22T21:05:21.134+0000] {logging_mixin.py:154} INFO - [2023-11-22T21:05:21.133+0000] {dag.py:3722} INFO - Setting next_dagrun for example_setup_teardown to 2023-11-21T21:05:21.133621+00:00, run_after=2023-11-22T21:05:21.133621+00:00
[2023-11-22T21:05:21.154+0000] {processor.py:179} INFO - Processing /home/airflow/.local/lib/python3.8/site-packages/airflow/example_dags/example_setup_teardown.py took 0.079 seconds
[2023-11-22T21:05:51.694+0000] {processor.py:157} INFO - Started process (PID=2029) to work on /home/airflow/.local/lib/python3.8/site-packages/airflow/example_dags/example_setup_teardown.py
[2023-11-22T21:05:51.696+0000] {processor.py:829} INFO - Processing file /home/airflow/.local/lib/python3.8/site-packages/airflow/example_dags/example_setup_teardown.py for tasks to queue
[2023-11-22T21:05:51.699+0000] {logging_mixin.py:154} INFO - [2023-11-22T21:05:51.698+0000] {dagbag.py:536} INFO - Filling up the DagBag from /home/airflow/.local/lib/python3.8/site-packages/airflow/example_dags/example_setup_teardown.py
[2023-11-22T21:05:51.708+0000] {processor.py:839} INFO - DAG(s) dict_keys(['example_setup_teardown']) retrieved from /home/airflow/.local/lib/python3.8/site-packages/airflow/example_dags/example_setup_teardown.py
[2023-11-22T21:05:51.735+0000] {logging_mixin.py:154} INFO - [2023-11-22T21:05:51.735+0000] {dag.py:2941} INFO - Sync 1 DAGs
[2023-11-22T21:05:51.757+0000] {logging_mixin.py:154} INFO - [2023-11-22T21:05:51.757+0000] {dag.py:3722} INFO - Setting next_dagrun for example_setup_teardown to 2023-11-21T21:05:51.757539+00:00, run_after=2023-11-22T21:05:51.757539+00:00
[2023-11-22T21:05:51.777+0000] {processor.py:179} INFO - Processing /home/airflow/.local/lib/python3.8/site-packages/airflow/example_dags/example_setup_teardown.py took 0.087 seconds
[2023-11-22T21:06:22.326+0000] {processor.py:157} INFO - Started process (PID=2084) to work on /home/airflow/.local/lib/python3.8/site-packages/airflow/example_dags/example_setup_teardown.py
[2023-11-22T21:06:22.327+0000] {processor.py:829} INFO - Processing file /home/airflow/.local/lib/python3.8/site-packages/airflow/example_dags/example_setup_teardown.py for tasks to queue
[2023-11-22T21:06:22.329+0000] {logging_mixin.py:154} INFO - [2023-11-22T21:06:22.329+0000] {dagbag.py:536} INFO - Filling up the DagBag from /home/airflow/.local/lib/python3.8/site-packages/airflow/example_dags/example_setup_teardown.py
[2023-11-22T21:06:22.336+0000] {processor.py:839} INFO - DAG(s) dict_keys(['example_setup_teardown']) retrieved from /home/airflow/.local/lib/python3.8/site-packages/airflow/example_dags/example_setup_teardown.py
[2023-11-22T21:06:22.359+0000] {logging_mixin.py:154} INFO - [2023-11-22T21:06:22.358+0000] {dag.py:2941} INFO - Sync 1 DAGs
[2023-11-22T21:06:22.384+0000] {logging_mixin.py:154} INFO - [2023-11-22T21:06:22.383+0000] {dag.py:3722} INFO - Setting next_dagrun for example_setup_teardown to 2023-11-21T21:06:22.383376+00:00, run_after=2023-11-22T21:06:22.383376+00:00
[2023-11-22T21:06:22.416+0000] {processor.py:179} INFO - Processing /home/airflow/.local/lib/python3.8/site-packages/airflow/example_dags/example_setup_teardown.py took 0.093 seconds
[2023-11-22T21:06:52.500+0000] {processor.py:157} INFO - Started process (PID=2138) to work on /home/airflow/.local/lib/python3.8/site-packages/airflow/example_dags/example_setup_teardown.py
[2023-11-22T21:06:52.502+0000] {processor.py:829} INFO - Processing file /home/airflow/.local/lib/python3.8/site-packages/airflow/example_dags/example_setup_teardown.py for tasks to queue
[2023-11-22T21:06:52.505+0000] {logging_mixin.py:154} INFO - [2023-11-22T21:06:52.504+0000] {dagbag.py:536} INFO - Filling up the DagBag from /home/airflow/.local/lib/python3.8/site-packages/airflow/example_dags/example_setup_teardown.py
[2023-11-22T21:06:52.512+0000] {processor.py:839} INFO - DAG(s) dict_keys(['example_setup_teardown']) retrieved from /home/airflow/.local/lib/python3.8/site-packages/airflow/example_dags/example_setup_teardown.py
[2023-11-22T21:06:52.535+0000] {logging_mixin.py:154} INFO - [2023-11-22T21:06:52.534+0000] {dag.py:2941} INFO - Sync 1 DAGs
[2023-11-22T21:06:52.556+0000] {logging_mixin.py:154} INFO - [2023-11-22T21:06:52.556+0000] {dag.py:3722} INFO - Setting next_dagrun for example_setup_teardown to 2023-11-21T21:06:52.556404+00:00, run_after=2023-11-22T21:06:52.556404+00:00
[2023-11-22T21:06:52.575+0000] {processor.py:179} INFO - Processing /home/airflow/.local/lib/python3.8/site-packages/airflow/example_dags/example_setup_teardown.py took 0.079 seconds
[2023-11-22T21:07:22.693+0000] {processor.py:157} INFO - Started process (PID=2192) to work on /home/airflow/.local/lib/python3.8/site-packages/airflow/example_dags/example_setup_teardown.py
[2023-11-22T21:07:22.694+0000] {processor.py:829} INFO - Processing file /home/airflow/.local/lib/python3.8/site-packages/airflow/example_dags/example_setup_teardown.py for tasks to queue
[2023-11-22T21:07:22.697+0000] {logging_mixin.py:154} INFO - [2023-11-22T21:07:22.697+0000] {dagbag.py:536} INFO - Filling up the DagBag from /home/airflow/.local/lib/python3.8/site-packages/airflow/example_dags/example_setup_teardown.py
[2023-11-22T21:07:22.704+0000] {processor.py:839} INFO - DAG(s) dict_keys(['example_setup_teardown']) retrieved from /home/airflow/.local/lib/python3.8/site-packages/airflow/example_dags/example_setup_teardown.py
[2023-11-22T21:07:22.732+0000] {logging_mixin.py:154} INFO - [2023-11-22T21:07:22.731+0000] {dag.py:2941} INFO - Sync 1 DAGs
[2023-11-22T21:07:22.755+0000] {logging_mixin.py:154} INFO - [2023-11-22T21:07:22.754+0000] {dag.py:3722} INFO - Setting next_dagrun for example_setup_teardown to 2023-11-21T21:07:22.754679+00:00, run_after=2023-11-22T21:07:22.754679+00:00
[2023-11-22T21:07:22.774+0000] {processor.py:179} INFO - Processing /home/airflow/.local/lib/python3.8/site-packages/airflow/example_dags/example_setup_teardown.py took 0.084 seconds
[2023-11-22T21:07:52.965+0000] {processor.py:157} INFO - Started process (PID=2246) to work on /home/airflow/.local/lib/python3.8/site-packages/airflow/example_dags/example_setup_teardown.py
[2023-11-22T21:07:52.967+0000] {processor.py:829} INFO - Processing file /home/airflow/.local/lib/python3.8/site-packages/airflow/example_dags/example_setup_teardown.py for tasks to queue
[2023-11-22T21:07:52.969+0000] {logging_mixin.py:154} INFO - [2023-11-22T21:07:52.969+0000] {dagbag.py:536} INFO - Filling up the DagBag from /home/airflow/.local/lib/python3.8/site-packages/airflow/example_dags/example_setup_teardown.py
[2023-11-22T21:07:52.975+0000] {processor.py:839} INFO - DAG(s) dict_keys(['example_setup_teardown']) retrieved from /home/airflow/.local/lib/python3.8/site-packages/airflow/example_dags/example_setup_teardown.py
[2023-11-22T21:07:52.997+0000] {logging_mixin.py:154} INFO - [2023-11-22T21:07:52.996+0000] {dag.py:2941} INFO - Sync 1 DAGs
[2023-11-22T21:07:53.018+0000] {logging_mixin.py:154} INFO - [2023-11-22T21:07:53.018+0000] {dag.py:3722} INFO - Setting next_dagrun for example_setup_teardown to 2023-11-21T21:07:53.018263+00:00, run_after=2023-11-22T21:07:53.018263+00:00
[2023-11-22T21:07:53.038+0000] {processor.py:179} INFO - Processing /home/airflow/.local/lib/python3.8/site-packages/airflow/example_dags/example_setup_teardown.py took 0.076 seconds
[2023-11-22T21:08:23.165+0000] {processor.py:157} INFO - Started process (PID=2300) to work on /home/airflow/.local/lib/python3.8/site-packages/airflow/example_dags/example_setup_teardown.py
[2023-11-22T21:08:23.167+0000] {processor.py:829} INFO - Processing file /home/airflow/.local/lib/python3.8/site-packages/airflow/example_dags/example_setup_teardown.py for tasks to queue
[2023-11-22T21:08:23.171+0000] {logging_mixin.py:154} INFO - [2023-11-22T21:08:23.171+0000] {dagbag.py:536} INFO - Filling up the DagBag from /home/airflow/.local/lib/python3.8/site-packages/airflow/example_dags/example_setup_teardown.py
[2023-11-22T21:08:23.183+0000] {processor.py:839} INFO - DAG(s) dict_keys(['example_setup_teardown']) retrieved from /home/airflow/.local/lib/python3.8/site-packages/airflow/example_dags/example_setup_teardown.py
[2023-11-22T21:08:23.272+0000] {logging_mixin.py:154} INFO - [2023-11-22T21:08:23.272+0000] {dag.py:2941} INFO - Sync 1 DAGs
[2023-11-22T21:08:23.303+0000] {logging_mixin.py:154} INFO - [2023-11-22T21:08:23.302+0000] {dag.py:3722} INFO - Setting next_dagrun for example_setup_teardown to 2023-11-21T21:08:23.302416+00:00, run_after=2023-11-22T21:08:23.302416+00:00
[2023-11-22T21:08:23.328+0000] {processor.py:179} INFO - Processing /home/airflow/.local/lib/python3.8/site-packages/airflow/example_dags/example_setup_teardown.py took 0.166 seconds
[2023-11-22T21:08:53.883+0000] {processor.py:157} INFO - Started process (PID=2354) to work on /home/airflow/.local/lib/python3.8/site-packages/airflow/example_dags/example_setup_teardown.py
[2023-11-22T21:08:53.885+0000] {processor.py:829} INFO - Processing file /home/airflow/.local/lib/python3.8/site-packages/airflow/example_dags/example_setup_teardown.py for tasks to queue
[2023-11-22T21:08:53.888+0000] {logging_mixin.py:154} INFO - [2023-11-22T21:08:53.888+0000] {dagbag.py:536} INFO - Filling up the DagBag from /home/airflow/.local/lib/python3.8/site-packages/airflow/example_dags/example_setup_teardown.py
[2023-11-22T21:08:53.897+0000] {processor.py:839} INFO - DAG(s) dict_keys(['example_setup_teardown']) retrieved from /home/airflow/.local/lib/python3.8/site-packages/airflow/example_dags/example_setup_teardown.py
[2023-11-22T21:08:53.920+0000] {logging_mixin.py:154} INFO - [2023-11-22T21:08:53.920+0000] {dag.py:2941} INFO - Sync 1 DAGs
[2023-11-22T21:08:53.942+0000] {logging_mixin.py:154} INFO - [2023-11-22T21:08:53.941+0000] {dag.py:3722} INFO - Setting next_dagrun for example_setup_teardown to 2023-11-21T21:08:53.941593+00:00, run_after=2023-11-22T21:08:53.941593+00:00
[2023-11-22T21:08:53.963+0000] {processor.py:179} INFO - Processing /home/airflow/.local/lib/python3.8/site-packages/airflow/example_dags/example_setup_teardown.py took 0.084 seconds
[2023-11-22T21:09:24.247+0000] {processor.py:157} INFO - Started process (PID=2408) to work on /home/airflow/.local/lib/python3.8/site-packages/airflow/example_dags/example_setup_teardown.py
[2023-11-22T21:09:24.249+0000] {processor.py:829} INFO - Processing file /home/airflow/.local/lib/python3.8/site-packages/airflow/example_dags/example_setup_teardown.py for tasks to queue
[2023-11-22T21:09:24.252+0000] {logging_mixin.py:154} INFO - [2023-11-22T21:09:24.252+0000] {dagbag.py:536} INFO - Filling up the DagBag from /home/airflow/.local/lib/python3.8/site-packages/airflow/example_dags/example_setup_teardown.py
[2023-11-22T21:09:24.260+0000] {processor.py:839} INFO - DAG(s) dict_keys(['example_setup_teardown']) retrieved from /home/airflow/.local/lib/python3.8/site-packages/airflow/example_dags/example_setup_teardown.py
[2023-11-22T21:09:24.286+0000] {logging_mixin.py:154} INFO - [2023-11-22T21:09:24.285+0000] {dag.py:2941} INFO - Sync 1 DAGs
[2023-11-22T21:09:24.307+0000] {logging_mixin.py:154} INFO - [2023-11-22T21:09:24.307+0000] {dag.py:3722} INFO - Setting next_dagrun for example_setup_teardown to 2023-11-21T21:09:24.307224+00:00, run_after=2023-11-22T21:09:24.307224+00:00
[2023-11-22T21:09:24.328+0000] {processor.py:179} INFO - Processing /home/airflow/.local/lib/python3.8/site-packages/airflow/example_dags/example_setup_teardown.py took 0.085 seconds
[2023-11-22T21:09:54.477+0000] {processor.py:157} INFO - Started process (PID=2462) to work on /home/airflow/.local/lib/python3.8/site-packages/airflow/example_dags/example_setup_teardown.py
[2023-11-22T21:09:54.479+0000] {processor.py:829} INFO - Processing file /home/airflow/.local/lib/python3.8/site-packages/airflow/example_dags/example_setup_teardown.py for tasks to queue
[2023-11-22T21:09:54.482+0000] {logging_mixin.py:154} INFO - [2023-11-22T21:09:54.482+0000] {dagbag.py:536} INFO - Filling up the DagBag from /home/airflow/.local/lib/python3.8/site-packages/airflow/example_dags/example_setup_teardown.py
[2023-11-22T21:09:54.492+0000] {processor.py:839} INFO - DAG(s) dict_keys(['example_setup_teardown']) retrieved from /home/airflow/.local/lib/python3.8/site-packages/airflow/example_dags/example_setup_teardown.py
[2023-11-22T21:09:54.516+0000] {logging_mixin.py:154} INFO - [2023-11-22T21:09:54.516+0000] {dag.py:2941} INFO - Sync 1 DAGs
[2023-11-22T21:09:54.543+0000] {logging_mixin.py:154} INFO - [2023-11-22T21:09:54.542+0000] {dag.py:3722} INFO - Setting next_dagrun for example_setup_teardown to 2023-11-21T21:09:54.542758+00:00, run_after=2023-11-22T21:09:54.542758+00:00
[2023-11-22T21:09:54.566+0000] {processor.py:179} INFO - Processing /home/airflow/.local/lib/python3.8/site-packages/airflow/example_dags/example_setup_teardown.py took 0.092 seconds
[2023-11-22T21:10:25.105+0000] {processor.py:157} INFO - Started process (PID=2516) to work on /home/airflow/.local/lib/python3.8/site-packages/airflow/example_dags/example_setup_teardown.py
[2023-11-22T21:10:25.106+0000] {processor.py:829} INFO - Processing file /home/airflow/.local/lib/python3.8/site-packages/airflow/example_dags/example_setup_teardown.py for tasks to queue
[2023-11-22T21:10:25.109+0000] {logging_mixin.py:154} INFO - [2023-11-22T21:10:25.109+0000] {dagbag.py:536} INFO - Filling up the DagBag from /home/airflow/.local/lib/python3.8/site-packages/airflow/example_dags/example_setup_teardown.py
[2023-11-22T21:10:25.116+0000] {processor.py:839} INFO - DAG(s) dict_keys(['example_setup_teardown']) retrieved from /home/airflow/.local/lib/python3.8/site-packages/airflow/example_dags/example_setup_teardown.py
[2023-11-22T21:10:25.138+0000] {logging_mixin.py:154} INFO - [2023-11-22T21:10:25.137+0000] {dag.py:2941} INFO - Sync 1 DAGs
[2023-11-22T21:10:25.161+0000] {logging_mixin.py:154} INFO - [2023-11-22T21:10:25.161+0000] {dag.py:3722} INFO - Setting next_dagrun for example_setup_teardown to 2023-11-21T21:10:25.160834+00:00, run_after=2023-11-22T21:10:25.160834+00:00
[2023-11-22T21:10:25.183+0000] {processor.py:179} INFO - Processing /home/airflow/.local/lib/python3.8/site-packages/airflow/example_dags/example_setup_teardown.py took 0.082 seconds
[2023-11-22T21:10:55.423+0000] {processor.py:157} INFO - Started process (PID=2570) to work on /home/airflow/.local/lib/python3.8/site-packages/airflow/example_dags/example_setup_teardown.py
[2023-11-22T21:10:55.424+0000] {processor.py:829} INFO - Processing file /home/airflow/.local/lib/python3.8/site-packages/airflow/example_dags/example_setup_teardown.py for tasks to queue
[2023-11-22T21:10:55.427+0000] {logging_mixin.py:154} INFO - [2023-11-22T21:10:55.426+0000] {dagbag.py:536} INFO - Filling up the DagBag from /home/airflow/.local/lib/python3.8/site-packages/airflow/example_dags/example_setup_teardown.py
[2023-11-22T21:10:55.434+0000] {processor.py:839} INFO - DAG(s) dict_keys(['example_setup_teardown']) retrieved from /home/airflow/.local/lib/python3.8/site-packages/airflow/example_dags/example_setup_teardown.py
[2023-11-22T21:10:55.455+0000] {logging_mixin.py:154} INFO - [2023-11-22T21:10:55.455+0000] {dag.py:2941} INFO - Sync 1 DAGs
[2023-11-22T21:10:55.477+0000] {logging_mixin.py:154} INFO - [2023-11-22T21:10:55.477+0000] {dag.py:3722} INFO - Setting next_dagrun for example_setup_teardown to 2023-11-21T21:10:55.477005+00:00, run_after=2023-11-22T21:10:55.477005+00:00
[2023-11-22T21:10:55.502+0000] {processor.py:179} INFO - Processing /home/airflow/.local/lib/python3.8/site-packages/airflow/example_dags/example_setup_teardown.py took 0.083 seconds
[2023-11-22T21:11:26.383+0000] {processor.py:157} INFO - Started process (PID=2624) to work on /home/airflow/.local/lib/python3.8/site-packages/airflow/example_dags/example_setup_teardown.py
[2023-11-22T21:11:26.384+0000] {processor.py:829} INFO - Processing file /home/airflow/.local/lib/python3.8/site-packages/airflow/example_dags/example_setup_teardown.py for tasks to queue
[2023-11-22T21:11:26.386+0000] {logging_mixin.py:154} INFO - [2023-11-22T21:11:26.386+0000] {dagbag.py:536} INFO - Filling up the DagBag from /home/airflow/.local/lib/python3.8/site-packages/airflow/example_dags/example_setup_teardown.py
[2023-11-22T21:11:26.393+0000] {processor.py:839} INFO - DAG(s) dict_keys(['example_setup_teardown']) retrieved from /home/airflow/.local/lib/python3.8/site-packages/airflow/example_dags/example_setup_teardown.py
[2023-11-22T21:11:26.415+0000] {logging_mixin.py:154} INFO - [2023-11-22T21:11:26.415+0000] {dag.py:2941} INFO - Sync 1 DAGs
[2023-11-22T21:11:26.438+0000] {logging_mixin.py:154} INFO - [2023-11-22T21:11:26.438+0000] {dag.py:3722} INFO - Setting next_dagrun for example_setup_teardown to 2023-11-21T21:11:26.437935+00:00, run_after=2023-11-22T21:11:26.437935+00:00
[2023-11-22T21:11:26.464+0000] {processor.py:179} INFO - Processing /home/airflow/.local/lib/python3.8/site-packages/airflow/example_dags/example_setup_teardown.py took 0.085 seconds
