[2023-11-22T20:46:44.745+0000] {processor.py:157} INFO - Started process (PID=50) to work on /home/airflow/.local/lib/python3.8/site-packages/airflow/example_dags/example_latest_only_with_trigger.py
[2023-11-22T20:46:44.750+0000] {processor.py:829} INFO - Processing file /home/airflow/.local/lib/python3.8/site-packages/airflow/example_dags/example_latest_only_with_trigger.py for tasks to queue
[2023-11-22T20:46:44.758+0000] {logging_mixin.py:154} INFO - [2023-11-22T20:46:44.757+0000] {dagbag.py:536} INFO - Filling up the DagBag from /home/airflow/.local/lib/python3.8/site-packages/airflow/example_dags/example_latest_only_with_trigger.py
[2023-11-22T20:46:44.804+0000] {processor.py:839} INFO - DAG(s) dict_keys(['latest_only_with_trigger']) retrieved from /home/airflow/.local/lib/python3.8/site-packages/airflow/example_dags/example_latest_only_with_trigger.py
[2023-11-22T20:46:44.941+0000] {logging_mixin.py:154} INFO - [2023-11-22T20:46:44.940+0000] {dag.py:2941} INFO - Sync 1 DAGs
[2023-11-22T20:46:45.116+0000] {logging_mixin.py:154} INFO - [2023-11-22T20:46:45.116+0000] {dag.py:3722} INFO - Setting next_dagrun for latest_only_with_trigger to 2023-11-22T16:46:45.115457+00:00, run_after=2023-11-22T20:46:45.115457+00:00
[2023-11-22T20:46:45.209+0000] {processor.py:179} INFO - Processing /home/airflow/.local/lib/python3.8/site-packages/airflow/example_dags/example_latest_only_with_trigger.py took 0.472 seconds
[2023-11-22T20:47:21.174+0000] {processor.py:157} INFO - Started process (PID=103) to work on /home/airflow/.local/lib/python3.8/site-packages/airflow/example_dags/example_latest_only_with_trigger.py
[2023-11-22T20:47:21.177+0000] {processor.py:829} INFO - Processing file /home/airflow/.local/lib/python3.8/site-packages/airflow/example_dags/example_latest_only_with_trigger.py for tasks to queue
[2023-11-22T20:47:21.181+0000] {logging_mixin.py:154} INFO - [2023-11-22T20:47:21.180+0000] {dagbag.py:536} INFO - Filling up the DagBag from /home/airflow/.local/lib/python3.8/site-packages/airflow/example_dags/example_latest_only_with_trigger.py
[2023-11-22T20:47:21.191+0000] {processor.py:839} INFO - DAG(s) dict_keys(['latest_only_with_trigger']) retrieved from /home/airflow/.local/lib/python3.8/site-packages/airflow/example_dags/example_latest_only_with_trigger.py
[2023-11-22T20:47:21.331+0000] {logging_mixin.py:154} INFO - [2023-11-22T20:47:21.331+0000] {dag.py:2941} INFO - Sync 1 DAGs
[2023-11-22T20:47:21.452+0000] {logging_mixin.py:154} INFO - [2023-11-22T20:47:21.452+0000] {dag.py:3722} INFO - Setting next_dagrun for latest_only_with_trigger to 2023-11-22T16:47:21.448497+00:00, run_after=2023-11-22T20:47:21.448497+00:00
[2023-11-22T20:47:21.663+0000] {processor.py:179} INFO - Processing /home/airflow/.local/lib/python3.8/site-packages/airflow/example_dags/example_latest_only_with_trigger.py took 0.495 seconds
[2023-11-22T20:47:51.936+0000] {processor.py:157} INFO - Started process (PID=155) to work on /home/airflow/.local/lib/python3.8/site-packages/airflow/example_dags/example_latest_only_with_trigger.py
[2023-11-22T20:47:51.938+0000] {processor.py:829} INFO - Processing file /home/airflow/.local/lib/python3.8/site-packages/airflow/example_dags/example_latest_only_with_trigger.py for tasks to queue
[2023-11-22T20:47:51.942+0000] {logging_mixin.py:154} INFO - [2023-11-22T20:47:51.941+0000] {dagbag.py:536} INFO - Filling up the DagBag from /home/airflow/.local/lib/python3.8/site-packages/airflow/example_dags/example_latest_only_with_trigger.py
[2023-11-22T20:47:51.949+0000] {processor.py:839} INFO - DAG(s) dict_keys(['latest_only_with_trigger']) retrieved from /home/airflow/.local/lib/python3.8/site-packages/airflow/example_dags/example_latest_only_with_trigger.py
[2023-11-22T20:47:51.971+0000] {logging_mixin.py:154} INFO - [2023-11-22T20:47:51.971+0000] {dag.py:2941} INFO - Sync 1 DAGs
[2023-11-22T20:47:51.995+0000] {logging_mixin.py:154} INFO - [2023-11-22T20:47:51.995+0000] {dag.py:3722} INFO - Setting next_dagrun for latest_only_with_trigger to 2023-11-22T16:47:51.994741+00:00, run_after=2023-11-22T20:47:51.994741+00:00
[2023-11-22T20:47:52.021+0000] {processor.py:179} INFO - Processing /home/airflow/.local/lib/python3.8/site-packages/airflow/example_dags/example_latest_only_with_trigger.py took 0.088 seconds
[2023-11-22T20:48:22.682+0000] {processor.py:157} INFO - Started process (PID=209) to work on /home/airflow/.local/lib/python3.8/site-packages/airflow/example_dags/example_latest_only_with_trigger.py
[2023-11-22T20:48:22.684+0000] {processor.py:829} INFO - Processing file /home/airflow/.local/lib/python3.8/site-packages/airflow/example_dags/example_latest_only_with_trigger.py for tasks to queue
[2023-11-22T20:48:22.686+0000] {logging_mixin.py:154} INFO - [2023-11-22T20:48:22.686+0000] {dagbag.py:536} INFO - Filling up the DagBag from /home/airflow/.local/lib/python3.8/site-packages/airflow/example_dags/example_latest_only_with_trigger.py
[2023-11-22T20:48:22.692+0000] {processor.py:839} INFO - DAG(s) dict_keys(['latest_only_with_trigger']) retrieved from /home/airflow/.local/lib/python3.8/site-packages/airflow/example_dags/example_latest_only_with_trigger.py
[2023-11-22T20:48:22.717+0000] {logging_mixin.py:154} INFO - [2023-11-22T20:48:22.717+0000] {dag.py:2941} INFO - Sync 1 DAGs
[2023-11-22T20:48:22.745+0000] {logging_mixin.py:154} INFO - [2023-11-22T20:48:22.744+0000] {dag.py:3722} INFO - Setting next_dagrun for latest_only_with_trigger to 2023-11-22T16:48:22.744624+00:00, run_after=2023-11-22T20:48:22.744624+00:00
[2023-11-22T20:48:22.780+0000] {processor.py:179} INFO - Processing /home/airflow/.local/lib/python3.8/site-packages/airflow/example_dags/example_latest_only_with_trigger.py took 0.101 seconds
[2023-11-22T20:48:53.434+0000] {processor.py:157} INFO - Started process (PID=263) to work on /home/airflow/.local/lib/python3.8/site-packages/airflow/example_dags/example_latest_only_with_trigger.py
[2023-11-22T20:48:53.436+0000] {processor.py:829} INFO - Processing file /home/airflow/.local/lib/python3.8/site-packages/airflow/example_dags/example_latest_only_with_trigger.py for tasks to queue
[2023-11-22T20:48:53.440+0000] {logging_mixin.py:154} INFO - [2023-11-22T20:48:53.439+0000] {dagbag.py:536} INFO - Filling up the DagBag from /home/airflow/.local/lib/python3.8/site-packages/airflow/example_dags/example_latest_only_with_trigger.py
[2023-11-22T20:48:53.446+0000] {processor.py:839} INFO - DAG(s) dict_keys(['latest_only_with_trigger']) retrieved from /home/airflow/.local/lib/python3.8/site-packages/airflow/example_dags/example_latest_only_with_trigger.py
[2023-11-22T20:48:53.469+0000] {logging_mixin.py:154} INFO - [2023-11-22T20:48:53.469+0000] {dag.py:2941} INFO - Sync 1 DAGs
[2023-11-22T20:48:53.493+0000] {logging_mixin.py:154} INFO - [2023-11-22T20:48:53.493+0000] {dag.py:3722} INFO - Setting next_dagrun for latest_only_with_trigger to 2023-11-22T16:48:53.492727+00:00, run_after=2023-11-22T20:48:53.492727+00:00
[2023-11-22T20:48:53.530+0000] {processor.py:179} INFO - Processing /home/airflow/.local/lib/python3.8/site-packages/airflow/example_dags/example_latest_only_with_trigger.py took 0.100 seconds
[2023-11-22T20:49:23.661+0000] {processor.py:157} INFO - Started process (PID=317) to work on /home/airflow/.local/lib/python3.8/site-packages/airflow/example_dags/example_latest_only_with_trigger.py
[2023-11-22T20:49:23.662+0000] {processor.py:829} INFO - Processing file /home/airflow/.local/lib/python3.8/site-packages/airflow/example_dags/example_latest_only_with_trigger.py for tasks to queue
[2023-11-22T20:49:23.665+0000] {logging_mixin.py:154} INFO - [2023-11-22T20:49:23.665+0000] {dagbag.py:536} INFO - Filling up the DagBag from /home/airflow/.local/lib/python3.8/site-packages/airflow/example_dags/example_latest_only_with_trigger.py
[2023-11-22T20:49:23.672+0000] {processor.py:839} INFO - DAG(s) dict_keys(['latest_only_with_trigger']) retrieved from /home/airflow/.local/lib/python3.8/site-packages/airflow/example_dags/example_latest_only_with_trigger.py
[2023-11-22T20:49:23.694+0000] {logging_mixin.py:154} INFO - [2023-11-22T20:49:23.694+0000] {dag.py:2941} INFO - Sync 1 DAGs
[2023-11-22T20:49:23.719+0000] {logging_mixin.py:154} INFO - [2023-11-22T20:49:23.719+0000] {dag.py:3722} INFO - Setting next_dagrun for latest_only_with_trigger to 2023-11-22T16:49:23.718831+00:00, run_after=2023-11-22T20:49:23.718831+00:00
[2023-11-22T20:49:23.751+0000] {processor.py:179} INFO - Processing /home/airflow/.local/lib/python3.8/site-packages/airflow/example_dags/example_latest_only_with_trigger.py took 0.094 seconds
[2023-11-22T20:49:53.870+0000] {processor.py:157} INFO - Started process (PID=371) to work on /home/airflow/.local/lib/python3.8/site-packages/airflow/example_dags/example_latest_only_with_trigger.py
[2023-11-22T20:49:53.872+0000] {processor.py:829} INFO - Processing file /home/airflow/.local/lib/python3.8/site-packages/airflow/example_dags/example_latest_only_with_trigger.py for tasks to queue
[2023-11-22T20:49:53.874+0000] {logging_mixin.py:154} INFO - [2023-11-22T20:49:53.874+0000] {dagbag.py:536} INFO - Filling up the DagBag from /home/airflow/.local/lib/python3.8/site-packages/airflow/example_dags/example_latest_only_with_trigger.py
[2023-11-22T20:49:53.881+0000] {processor.py:839} INFO - DAG(s) dict_keys(['latest_only_with_trigger']) retrieved from /home/airflow/.local/lib/python3.8/site-packages/airflow/example_dags/example_latest_only_with_trigger.py
[2023-11-22T20:49:53.903+0000] {logging_mixin.py:154} INFO - [2023-11-22T20:49:53.903+0000] {dag.py:2941} INFO - Sync 1 DAGs
[2023-11-22T20:49:53.926+0000] {logging_mixin.py:154} INFO - [2023-11-22T20:49:53.926+0000] {dag.py:3722} INFO - Setting next_dagrun for latest_only_with_trigger to 2023-11-22T16:49:53.926200+00:00, run_after=2023-11-22T20:49:53.926200+00:00
[2023-11-22T20:49:53.947+0000] {processor.py:179} INFO - Processing /home/airflow/.local/lib/python3.8/site-packages/airflow/example_dags/example_latest_only_with_trigger.py took 0.080 seconds
[2023-11-22T20:50:24.181+0000] {processor.py:157} INFO - Started process (PID=425) to work on /home/airflow/.local/lib/python3.8/site-packages/airflow/example_dags/example_latest_only_with_trigger.py
[2023-11-22T20:50:24.184+0000] {processor.py:829} INFO - Processing file /home/airflow/.local/lib/python3.8/site-packages/airflow/example_dags/example_latest_only_with_trigger.py for tasks to queue
[2023-11-22T20:50:24.189+0000] {logging_mixin.py:154} INFO - [2023-11-22T20:50:24.188+0000] {dagbag.py:536} INFO - Filling up the DagBag from /home/airflow/.local/lib/python3.8/site-packages/airflow/example_dags/example_latest_only_with_trigger.py
[2023-11-22T20:50:24.199+0000] {processor.py:839} INFO - DAG(s) dict_keys(['latest_only_with_trigger']) retrieved from /home/airflow/.local/lib/python3.8/site-packages/airflow/example_dags/example_latest_only_with_trigger.py
[2023-11-22T20:50:24.234+0000] {logging_mixin.py:154} INFO - [2023-11-22T20:50:24.234+0000] {dag.py:2941} INFO - Sync 1 DAGs
[2023-11-22T20:50:24.271+0000] {logging_mixin.py:154} INFO - [2023-11-22T20:50:24.271+0000] {dag.py:3722} INFO - Setting next_dagrun for latest_only_with_trigger to 2023-11-22T16:50:24.270969+00:00, run_after=2023-11-22T20:50:24.270969+00:00
[2023-11-22T20:50:24.309+0000] {processor.py:179} INFO - Processing /home/airflow/.local/lib/python3.8/site-packages/airflow/example_dags/example_latest_only_with_trigger.py took 0.133 seconds
[2023-11-22T20:50:55.389+0000] {processor.py:157} INFO - Started process (PID=479) to work on /home/airflow/.local/lib/python3.8/site-packages/airflow/example_dags/example_latest_only_with_trigger.py
[2023-11-22T20:50:55.390+0000] {processor.py:829} INFO - Processing file /home/airflow/.local/lib/python3.8/site-packages/airflow/example_dags/example_latest_only_with_trigger.py for tasks to queue
[2023-11-22T20:50:55.393+0000] {logging_mixin.py:154} INFO - [2023-11-22T20:50:55.392+0000] {dagbag.py:536} INFO - Filling up the DagBag from /home/airflow/.local/lib/python3.8/site-packages/airflow/example_dags/example_latest_only_with_trigger.py
[2023-11-22T20:50:55.400+0000] {processor.py:839} INFO - DAG(s) dict_keys(['latest_only_with_trigger']) retrieved from /home/airflow/.local/lib/python3.8/site-packages/airflow/example_dags/example_latest_only_with_trigger.py
[2023-11-22T20:50:55.430+0000] {logging_mixin.py:154} INFO - [2023-11-22T20:50:55.430+0000] {dag.py:2941} INFO - Sync 1 DAGs
[2023-11-22T20:50:55.459+0000] {logging_mixin.py:154} INFO - [2023-11-22T20:50:55.458+0000] {dag.py:3722} INFO - Setting next_dagrun for latest_only_with_trigger to 2023-11-22T16:50:55.458439+00:00, run_after=2023-11-22T20:50:55.458439+00:00
[2023-11-22T20:50:55.489+0000] {processor.py:179} INFO - Processing /home/airflow/.local/lib/python3.8/site-packages/airflow/example_dags/example_latest_only_with_trigger.py took 0.104 seconds
[2023-11-22T20:51:26.422+0000] {processor.py:157} INFO - Started process (PID=533) to work on /home/airflow/.local/lib/python3.8/site-packages/airflow/example_dags/example_latest_only_with_trigger.py
[2023-11-22T20:51:26.426+0000] {processor.py:829} INFO - Processing file /home/airflow/.local/lib/python3.8/site-packages/airflow/example_dags/example_latest_only_with_trigger.py for tasks to queue
[2023-11-22T20:51:26.430+0000] {logging_mixin.py:154} INFO - [2023-11-22T20:51:26.429+0000] {dagbag.py:536} INFO - Filling up the DagBag from /home/airflow/.local/lib/python3.8/site-packages/airflow/example_dags/example_latest_only_with_trigger.py
[2023-11-22T20:51:26.437+0000] {processor.py:839} INFO - DAG(s) dict_keys(['latest_only_with_trigger']) retrieved from /home/airflow/.local/lib/python3.8/site-packages/airflow/example_dags/example_latest_only_with_trigger.py
[2023-11-22T20:51:26.465+0000] {logging_mixin.py:154} INFO - [2023-11-22T20:51:26.464+0000] {dag.py:2941} INFO - Sync 1 DAGs
[2023-11-22T20:51:26.495+0000] {logging_mixin.py:154} INFO - [2023-11-22T20:51:26.495+0000] {dag.py:3722} INFO - Setting next_dagrun for latest_only_with_trigger to 2023-11-22T16:51:26.494713+00:00, run_after=2023-11-22T20:51:26.494713+00:00
[2023-11-22T20:51:26.521+0000] {processor.py:179} INFO - Processing /home/airflow/.local/lib/python3.8/site-packages/airflow/example_dags/example_latest_only_with_trigger.py took 0.102 seconds
[2023-11-22T20:52:14.834+0000] {processor.py:157} INFO - Started process (PID=587) to work on /home/airflow/.local/lib/python3.8/site-packages/airflow/example_dags/example_latest_only_with_trigger.py
[2023-11-22T20:52:14.835+0000] {processor.py:829} INFO - Processing file /home/airflow/.local/lib/python3.8/site-packages/airflow/example_dags/example_latest_only_with_trigger.py for tasks to queue
[2023-11-22T20:52:14.838+0000] {logging_mixin.py:154} INFO - [2023-11-22T20:52:14.838+0000] {dagbag.py:536} INFO - Filling up the DagBag from /home/airflow/.local/lib/python3.8/site-packages/airflow/example_dags/example_latest_only_with_trigger.py
[2023-11-22T20:52:14.844+0000] {processor.py:839} INFO - DAG(s) dict_keys(['latest_only_with_trigger']) retrieved from /home/airflow/.local/lib/python3.8/site-packages/airflow/example_dags/example_latest_only_with_trigger.py
[2023-11-22T20:52:14.870+0000] {logging_mixin.py:154} INFO - [2023-11-22T20:52:14.870+0000] {dag.py:2941} INFO - Sync 1 DAGs
[2023-11-22T20:52:14.901+0000] {logging_mixin.py:154} INFO - [2023-11-22T20:52:14.901+0000] {dag.py:3722} INFO - Setting next_dagrun for latest_only_with_trigger to 2023-11-22T16:52:14.901028+00:00, run_after=2023-11-22T20:52:14.901028+00:00
[2023-11-22T20:52:14.929+0000] {processor.py:179} INFO - Processing /home/airflow/.local/lib/python3.8/site-packages/airflow/example_dags/example_latest_only_with_trigger.py took 0.098 seconds
[2023-11-22T20:52:45.693+0000] {processor.py:157} INFO - Started process (PID=640) to work on /home/airflow/.local/lib/python3.8/site-packages/airflow/example_dags/example_latest_only_with_trigger.py
[2023-11-22T20:52:45.695+0000] {processor.py:829} INFO - Processing file /home/airflow/.local/lib/python3.8/site-packages/airflow/example_dags/example_latest_only_with_trigger.py for tasks to queue
[2023-11-22T20:52:45.698+0000] {logging_mixin.py:154} INFO - [2023-11-22T20:52:45.698+0000] {dagbag.py:536} INFO - Filling up the DagBag from /home/airflow/.local/lib/python3.8/site-packages/airflow/example_dags/example_latest_only_with_trigger.py
[2023-11-22T20:52:45.710+0000] {processor.py:839} INFO - DAG(s) dict_keys(['latest_only_with_trigger']) retrieved from /home/airflow/.local/lib/python3.8/site-packages/airflow/example_dags/example_latest_only_with_trigger.py
[2023-11-22T20:52:45.733+0000] {logging_mixin.py:154} INFO - [2023-11-22T20:52:45.733+0000] {dag.py:2941} INFO - Sync 1 DAGs
[2023-11-22T20:52:45.767+0000] {logging_mixin.py:154} INFO - [2023-11-22T20:52:45.767+0000] {dag.py:3722} INFO - Setting next_dagrun for latest_only_with_trigger to 2023-11-22T16:52:45.767297+00:00, run_after=2023-11-22T20:52:45.767297+00:00
[2023-11-22T20:52:45.801+0000] {processor.py:179} INFO - Processing /home/airflow/.local/lib/python3.8/site-packages/airflow/example_dags/example_latest_only_with_trigger.py took 0.113 seconds
[2023-11-22T20:53:16.523+0000] {processor.py:157} INFO - Started process (PID=702) to work on /home/airflow/.local/lib/python3.8/site-packages/airflow/example_dags/example_latest_only_with_trigger.py
[2023-11-22T20:53:16.524+0000] {processor.py:829} INFO - Processing file /home/airflow/.local/lib/python3.8/site-packages/airflow/example_dags/example_latest_only_with_trigger.py for tasks to queue
[2023-11-22T20:53:16.526+0000] {logging_mixin.py:154} INFO - [2023-11-22T20:53:16.526+0000] {dagbag.py:536} INFO - Filling up the DagBag from /home/airflow/.local/lib/python3.8/site-packages/airflow/example_dags/example_latest_only_with_trigger.py
[2023-11-22T20:53:16.533+0000] {processor.py:839} INFO - DAG(s) dict_keys(['latest_only_with_trigger']) retrieved from /home/airflow/.local/lib/python3.8/site-packages/airflow/example_dags/example_latest_only_with_trigger.py
[2023-11-22T20:53:16.555+0000] {logging_mixin.py:154} INFO - [2023-11-22T20:53:16.555+0000] {dag.py:2941} INFO - Sync 1 DAGs
[2023-11-22T20:53:16.578+0000] {logging_mixin.py:154} INFO - [2023-11-22T20:53:16.578+0000] {dag.py:3722} INFO - Setting next_dagrun for latest_only_with_trigger to 2023-11-22T16:53:16.578113+00:00, run_after=2023-11-22T20:53:16.578113+00:00
[2023-11-22T20:53:16.603+0000] {processor.py:179} INFO - Processing /home/airflow/.local/lib/python3.8/site-packages/airflow/example_dags/example_latest_only_with_trigger.py took 0.083 seconds
[2023-11-22T20:53:47.610+0000] {processor.py:157} INFO - Started process (PID=757) to work on /home/airflow/.local/lib/python3.8/site-packages/airflow/example_dags/example_latest_only_with_trigger.py
[2023-11-22T20:53:47.612+0000] {processor.py:829} INFO - Processing file /home/airflow/.local/lib/python3.8/site-packages/airflow/example_dags/example_latest_only_with_trigger.py for tasks to queue
[2023-11-22T20:53:47.617+0000] {logging_mixin.py:154} INFO - [2023-11-22T20:53:47.617+0000] {dagbag.py:536} INFO - Filling up the DagBag from /home/airflow/.local/lib/python3.8/site-packages/airflow/example_dags/example_latest_only_with_trigger.py
[2023-11-22T20:53:47.625+0000] {processor.py:839} INFO - DAG(s) dict_keys(['latest_only_with_trigger']) retrieved from /home/airflow/.local/lib/python3.8/site-packages/airflow/example_dags/example_latest_only_with_trigger.py
[2023-11-22T20:53:47.659+0000] {logging_mixin.py:154} INFO - [2023-11-22T20:53:47.659+0000] {dag.py:2941} INFO - Sync 1 DAGs
[2023-11-22T20:53:47.698+0000] {logging_mixin.py:154} INFO - [2023-11-22T20:53:47.698+0000] {dag.py:3722} INFO - Setting next_dagrun for latest_only_with_trigger to 2023-11-22T16:53:47.697828+00:00, run_after=2023-11-22T20:53:47.697828+00:00
[2023-11-22T20:53:47.733+0000] {processor.py:179} INFO - Processing /home/airflow/.local/lib/python3.8/site-packages/airflow/example_dags/example_latest_only_with_trigger.py took 0.128 seconds
[2023-11-22T20:54:18.568+0000] {processor.py:157} INFO - Started process (PID=811) to work on /home/airflow/.local/lib/python3.8/site-packages/airflow/example_dags/example_latest_only_with_trigger.py
[2023-11-22T20:54:18.570+0000] {processor.py:829} INFO - Processing file /home/airflow/.local/lib/python3.8/site-packages/airflow/example_dags/example_latest_only_with_trigger.py for tasks to queue
[2023-11-22T20:54:18.573+0000] {logging_mixin.py:154} INFO - [2023-11-22T20:54:18.573+0000] {dagbag.py:536} INFO - Filling up the DagBag from /home/airflow/.local/lib/python3.8/site-packages/airflow/example_dags/example_latest_only_with_trigger.py
[2023-11-22T20:54:18.580+0000] {processor.py:839} INFO - DAG(s) dict_keys(['latest_only_with_trigger']) retrieved from /home/airflow/.local/lib/python3.8/site-packages/airflow/example_dags/example_latest_only_with_trigger.py
[2023-11-22T20:54:18.600+0000] {logging_mixin.py:154} INFO - [2023-11-22T20:54:18.600+0000] {dag.py:2941} INFO - Sync 1 DAGs
[2023-11-22T20:54:18.624+0000] {logging_mixin.py:154} INFO - [2023-11-22T20:54:18.624+0000] {dag.py:3722} INFO - Setting next_dagrun for latest_only_with_trigger to 2023-11-22T16:54:18.623944+00:00, run_after=2023-11-22T20:54:18.623944+00:00
[2023-11-22T20:54:18.647+0000] {processor.py:179} INFO - Processing /home/airflow/.local/lib/python3.8/site-packages/airflow/example_dags/example_latest_only_with_trigger.py took 0.082 seconds
[2023-11-22T20:54:48.851+0000] {processor.py:157} INFO - Started process (PID=865) to work on /home/airflow/.local/lib/python3.8/site-packages/airflow/example_dags/example_latest_only_with_trigger.py
[2023-11-22T20:54:48.852+0000] {processor.py:829} INFO - Processing file /home/airflow/.local/lib/python3.8/site-packages/airflow/example_dags/example_latest_only_with_trigger.py for tasks to queue
[2023-11-22T20:54:48.855+0000] {logging_mixin.py:154} INFO - [2023-11-22T20:54:48.854+0000] {dagbag.py:536} INFO - Filling up the DagBag from /home/airflow/.local/lib/python3.8/site-packages/airflow/example_dags/example_latest_only_with_trigger.py
[2023-11-22T20:54:48.860+0000] {processor.py:839} INFO - DAG(s) dict_keys(['latest_only_with_trigger']) retrieved from /home/airflow/.local/lib/python3.8/site-packages/airflow/example_dags/example_latest_only_with_trigger.py
[2023-11-22T20:54:48.880+0000] {logging_mixin.py:154} INFO - [2023-11-22T20:54:48.879+0000] {dag.py:2941} INFO - Sync 1 DAGs
[2023-11-22T20:54:48.900+0000] {logging_mixin.py:154} INFO - [2023-11-22T20:54:48.900+0000] {dag.py:3722} INFO - Setting next_dagrun for latest_only_with_trigger to 2023-11-22T16:54:48.900194+00:00, run_after=2023-11-22T20:54:48.900194+00:00
[2023-11-22T20:54:48.932+0000] {processor.py:179} INFO - Processing /home/airflow/.local/lib/python3.8/site-packages/airflow/example_dags/example_latest_only_with_trigger.py took 0.084 seconds
[2023-11-22T20:55:19.258+0000] {processor.py:157} INFO - Started process (PID=919) to work on /home/airflow/.local/lib/python3.8/site-packages/airflow/example_dags/example_latest_only_with_trigger.py
[2023-11-22T20:55:19.259+0000] {processor.py:829} INFO - Processing file /home/airflow/.local/lib/python3.8/site-packages/airflow/example_dags/example_latest_only_with_trigger.py for tasks to queue
[2023-11-22T20:55:19.263+0000] {logging_mixin.py:154} INFO - [2023-11-22T20:55:19.262+0000] {dagbag.py:536} INFO - Filling up the DagBag from /home/airflow/.local/lib/python3.8/site-packages/airflow/example_dags/example_latest_only_with_trigger.py
[2023-11-22T20:55:19.269+0000] {processor.py:839} INFO - DAG(s) dict_keys(['latest_only_with_trigger']) retrieved from /home/airflow/.local/lib/python3.8/site-packages/airflow/example_dags/example_latest_only_with_trigger.py
[2023-11-22T20:55:19.293+0000] {logging_mixin.py:154} INFO - [2023-11-22T20:55:19.293+0000] {dag.py:2941} INFO - Sync 1 DAGs
[2023-11-22T20:55:19.321+0000] {logging_mixin.py:154} INFO - [2023-11-22T20:55:19.320+0000] {dag.py:3722} INFO - Setting next_dagrun for latest_only_with_trigger to 2023-11-22T16:55:19.320593+00:00, run_after=2023-11-22T20:55:19.320593+00:00
[2023-11-22T20:55:19.341+0000] {processor.py:179} INFO - Processing /home/airflow/.local/lib/python3.8/site-packages/airflow/example_dags/example_latest_only_with_trigger.py took 0.087 seconds
[2023-11-22T20:55:49.483+0000] {processor.py:157} INFO - Started process (PID=974) to work on /home/airflow/.local/lib/python3.8/site-packages/airflow/example_dags/example_latest_only_with_trigger.py
[2023-11-22T20:55:49.485+0000] {processor.py:829} INFO - Processing file /home/airflow/.local/lib/python3.8/site-packages/airflow/example_dags/example_latest_only_with_trigger.py for tasks to queue
[2023-11-22T20:55:49.488+0000] {logging_mixin.py:154} INFO - [2023-11-22T20:55:49.487+0000] {dagbag.py:536} INFO - Filling up the DagBag from /home/airflow/.local/lib/python3.8/site-packages/airflow/example_dags/example_latest_only_with_trigger.py
[2023-11-22T20:55:49.494+0000] {processor.py:839} INFO - DAG(s) dict_keys(['latest_only_with_trigger']) retrieved from /home/airflow/.local/lib/python3.8/site-packages/airflow/example_dags/example_latest_only_with_trigger.py
[2023-11-22T20:55:49.515+0000] {logging_mixin.py:154} INFO - [2023-11-22T20:55:49.515+0000] {dag.py:2941} INFO - Sync 1 DAGs
[2023-11-22T20:55:49.541+0000] {logging_mixin.py:154} INFO - [2023-11-22T20:55:49.541+0000] {dag.py:3722} INFO - Setting next_dagrun for latest_only_with_trigger to 2023-11-22T16:55:49.541494+00:00, run_after=2023-11-22T20:55:49.541494+00:00
[2023-11-22T20:55:49.564+0000] {processor.py:179} INFO - Processing /home/airflow/.local/lib/python3.8/site-packages/airflow/example_dags/example_latest_only_with_trigger.py took 0.085 seconds
[2023-11-22T20:56:19.735+0000] {processor.py:157} INFO - Started process (PID=1028) to work on /home/airflow/.local/lib/python3.8/site-packages/airflow/example_dags/example_latest_only_with_trigger.py
[2023-11-22T20:56:19.736+0000] {processor.py:829} INFO - Processing file /home/airflow/.local/lib/python3.8/site-packages/airflow/example_dags/example_latest_only_with_trigger.py for tasks to queue
[2023-11-22T20:56:19.738+0000] {logging_mixin.py:154} INFO - [2023-11-22T20:56:19.738+0000] {dagbag.py:536} INFO - Filling up the DagBag from /home/airflow/.local/lib/python3.8/site-packages/airflow/example_dags/example_latest_only_with_trigger.py
[2023-11-22T20:56:19.744+0000] {processor.py:839} INFO - DAG(s) dict_keys(['latest_only_with_trigger']) retrieved from /home/airflow/.local/lib/python3.8/site-packages/airflow/example_dags/example_latest_only_with_trigger.py
[2023-11-22T20:56:19.765+0000] {logging_mixin.py:154} INFO - [2023-11-22T20:56:19.765+0000] {dag.py:2941} INFO - Sync 1 DAGs
[2023-11-22T20:56:19.788+0000] {logging_mixin.py:154} INFO - [2023-11-22T20:56:19.788+0000] {dag.py:3722} INFO - Setting next_dagrun for latest_only_with_trigger to 2023-11-22T16:56:19.787860+00:00, run_after=2023-11-22T20:56:19.787860+00:00
[2023-11-22T20:56:19.810+0000] {processor.py:179} INFO - Processing /home/airflow/.local/lib/python3.8/site-packages/airflow/example_dags/example_latest_only_with_trigger.py took 0.078 seconds
[2023-11-22T20:56:49.884+0000] {processor.py:157} INFO - Started process (PID=1082) to work on /home/airflow/.local/lib/python3.8/site-packages/airflow/example_dags/example_latest_only_with_trigger.py
[2023-11-22T20:56:49.885+0000] {processor.py:829} INFO - Processing file /home/airflow/.local/lib/python3.8/site-packages/airflow/example_dags/example_latest_only_with_trigger.py for tasks to queue
[2023-11-22T20:56:49.887+0000] {logging_mixin.py:154} INFO - [2023-11-22T20:56:49.887+0000] {dagbag.py:536} INFO - Filling up the DagBag from /home/airflow/.local/lib/python3.8/site-packages/airflow/example_dags/example_latest_only_with_trigger.py
[2023-11-22T20:56:49.893+0000] {processor.py:839} INFO - DAG(s) dict_keys(['latest_only_with_trigger']) retrieved from /home/airflow/.local/lib/python3.8/site-packages/airflow/example_dags/example_latest_only_with_trigger.py
[2023-11-22T20:56:49.914+0000] {logging_mixin.py:154} INFO - [2023-11-22T20:56:49.914+0000] {dag.py:2941} INFO - Sync 1 DAGs
[2023-11-22T20:56:49.938+0000] {logging_mixin.py:154} INFO - [2023-11-22T20:56:49.938+0000] {dag.py:3722} INFO - Setting next_dagrun for latest_only_with_trigger to 2023-11-22T16:56:49.937965+00:00, run_after=2023-11-22T20:56:49.937965+00:00
[2023-11-22T20:56:49.959+0000] {processor.py:179} INFO - Processing /home/airflow/.local/lib/python3.8/site-packages/airflow/example_dags/example_latest_only_with_trigger.py took 0.079 seconds
[2023-11-22T20:57:20.359+0000] {processor.py:157} INFO - Started process (PID=1136) to work on /home/airflow/.local/lib/python3.8/site-packages/airflow/example_dags/example_latest_only_with_trigger.py
[2023-11-22T20:57:20.361+0000] {processor.py:829} INFO - Processing file /home/airflow/.local/lib/python3.8/site-packages/airflow/example_dags/example_latest_only_with_trigger.py for tasks to queue
[2023-11-22T20:57:20.364+0000] {logging_mixin.py:154} INFO - [2023-11-22T20:57:20.364+0000] {dagbag.py:536} INFO - Filling up the DagBag from /home/airflow/.local/lib/python3.8/site-packages/airflow/example_dags/example_latest_only_with_trigger.py
[2023-11-22T20:57:20.374+0000] {processor.py:839} INFO - DAG(s) dict_keys(['latest_only_with_trigger']) retrieved from /home/airflow/.local/lib/python3.8/site-packages/airflow/example_dags/example_latest_only_with_trigger.py
[2023-11-22T20:57:20.402+0000] {logging_mixin.py:154} INFO - [2023-11-22T20:57:20.401+0000] {dag.py:2941} INFO - Sync 1 DAGs
[2023-11-22T20:57:20.431+0000] {logging_mixin.py:154} INFO - [2023-11-22T20:57:20.430+0000] {dag.py:3722} INFO - Setting next_dagrun for latest_only_with_trigger to 2023-11-22T16:57:20.430692+00:00, run_after=2023-11-22T20:57:20.430692+00:00
[2023-11-22T20:57:20.618+0000] {processor.py:179} INFO - Processing /home/airflow/.local/lib/python3.8/site-packages/airflow/example_dags/example_latest_only_with_trigger.py took 0.263 seconds
[2023-11-22T20:57:50.983+0000] {processor.py:157} INFO - Started process (PID=1190) to work on /home/airflow/.local/lib/python3.8/site-packages/airflow/example_dags/example_latest_only_with_trigger.py
[2023-11-22T20:57:50.985+0000] {processor.py:829} INFO - Processing file /home/airflow/.local/lib/python3.8/site-packages/airflow/example_dags/example_latest_only_with_trigger.py for tasks to queue
[2023-11-22T20:57:50.988+0000] {logging_mixin.py:154} INFO - [2023-11-22T20:57:50.988+0000] {dagbag.py:536} INFO - Filling up the DagBag from /home/airflow/.local/lib/python3.8/site-packages/airflow/example_dags/example_latest_only_with_trigger.py
[2023-11-22T20:57:50.994+0000] {processor.py:839} INFO - DAG(s) dict_keys(['latest_only_with_trigger']) retrieved from /home/airflow/.local/lib/python3.8/site-packages/airflow/example_dags/example_latest_only_with_trigger.py
[2023-11-22T20:57:51.017+0000] {logging_mixin.py:154} INFO - [2023-11-22T20:57:51.016+0000] {dag.py:2941} INFO - Sync 1 DAGs
[2023-11-22T20:57:51.043+0000] {logging_mixin.py:154} INFO - [2023-11-22T20:57:51.043+0000] {dag.py:3722} INFO - Setting next_dagrun for latest_only_with_trigger to 2023-11-22T16:57:51.042786+00:00, run_after=2023-11-22T20:57:51.042786+00:00
[2023-11-22T20:57:51.093+0000] {processor.py:179} INFO - Processing /home/airflow/.local/lib/python3.8/site-packages/airflow/example_dags/example_latest_only_with_trigger.py took 0.113 seconds
[2023-11-22T20:58:21.890+0000] {processor.py:157} INFO - Started process (PID=1244) to work on /home/airflow/.local/lib/python3.8/site-packages/airflow/example_dags/example_latest_only_with_trigger.py
[2023-11-22T20:58:21.891+0000] {processor.py:829} INFO - Processing file /home/airflow/.local/lib/python3.8/site-packages/airflow/example_dags/example_latest_only_with_trigger.py for tasks to queue
[2023-11-22T20:58:21.894+0000] {logging_mixin.py:154} INFO - [2023-11-22T20:58:21.893+0000] {dagbag.py:536} INFO - Filling up the DagBag from /home/airflow/.local/lib/python3.8/site-packages/airflow/example_dags/example_latest_only_with_trigger.py
[2023-11-22T20:58:21.900+0000] {processor.py:839} INFO - DAG(s) dict_keys(['latest_only_with_trigger']) retrieved from /home/airflow/.local/lib/python3.8/site-packages/airflow/example_dags/example_latest_only_with_trigger.py
[2023-11-22T20:58:21.921+0000] {logging_mixin.py:154} INFO - [2023-11-22T20:58:21.921+0000] {dag.py:2941} INFO - Sync 1 DAGs
[2023-11-22T20:58:21.943+0000] {logging_mixin.py:154} INFO - [2023-11-22T20:58:21.943+0000] {dag.py:3722} INFO - Setting next_dagrun for latest_only_with_trigger to 2023-11-22T16:58:21.942875+00:00, run_after=2023-11-22T20:58:21.942875+00:00
[2023-11-22T20:58:21.966+0000] {processor.py:179} INFO - Processing /home/airflow/.local/lib/python3.8/site-packages/airflow/example_dags/example_latest_only_with_trigger.py took 0.080 seconds
[2023-11-22T20:58:52.176+0000] {processor.py:157} INFO - Started process (PID=1298) to work on /home/airflow/.local/lib/python3.8/site-packages/airflow/example_dags/example_latest_only_with_trigger.py
[2023-11-22T20:58:52.177+0000] {processor.py:829} INFO - Processing file /home/airflow/.local/lib/python3.8/site-packages/airflow/example_dags/example_latest_only_with_trigger.py for tasks to queue
[2023-11-22T20:58:52.180+0000] {logging_mixin.py:154} INFO - [2023-11-22T20:58:52.180+0000] {dagbag.py:536} INFO - Filling up the DagBag from /home/airflow/.local/lib/python3.8/site-packages/airflow/example_dags/example_latest_only_with_trigger.py
[2023-11-22T20:58:52.187+0000] {processor.py:839} INFO - DAG(s) dict_keys(['latest_only_with_trigger']) retrieved from /home/airflow/.local/lib/python3.8/site-packages/airflow/example_dags/example_latest_only_with_trigger.py
[2023-11-22T20:58:52.212+0000] {logging_mixin.py:154} INFO - [2023-11-22T20:58:52.212+0000] {dag.py:2941} INFO - Sync 1 DAGs
[2023-11-22T20:58:52.239+0000] {logging_mixin.py:154} INFO - [2023-11-22T20:58:52.239+0000] {dag.py:3722} INFO - Setting next_dagrun for latest_only_with_trigger to 2023-11-22T16:58:52.238890+00:00, run_after=2023-11-22T20:58:52.238890+00:00
[2023-11-22T20:58:52.414+0000] {processor.py:179} INFO - Processing /home/airflow/.local/lib/python3.8/site-packages/airflow/example_dags/example_latest_only_with_trigger.py took 0.241 seconds
[2023-11-22T20:59:22.482+0000] {processor.py:157} INFO - Started process (PID=1352) to work on /home/airflow/.local/lib/python3.8/site-packages/airflow/example_dags/example_latest_only_with_trigger.py
[2023-11-22T20:59:22.484+0000] {processor.py:829} INFO - Processing file /home/airflow/.local/lib/python3.8/site-packages/airflow/example_dags/example_latest_only_with_trigger.py for tasks to queue
[2023-11-22T20:59:22.486+0000] {logging_mixin.py:154} INFO - [2023-11-22T20:59:22.486+0000] {dagbag.py:536} INFO - Filling up the DagBag from /home/airflow/.local/lib/python3.8/site-packages/airflow/example_dags/example_latest_only_with_trigger.py
[2023-11-22T20:59:22.493+0000] {processor.py:839} INFO - DAG(s) dict_keys(['latest_only_with_trigger']) retrieved from /home/airflow/.local/lib/python3.8/site-packages/airflow/example_dags/example_latest_only_with_trigger.py
[2023-11-22T20:59:22.513+0000] {logging_mixin.py:154} INFO - [2023-11-22T20:59:22.512+0000] {dag.py:2941} INFO - Sync 1 DAGs
[2023-11-22T20:59:22.535+0000] {logging_mixin.py:154} INFO - [2023-11-22T20:59:22.534+0000] {dag.py:3722} INFO - Setting next_dagrun for latest_only_with_trigger to 2023-11-22T16:59:22.534585+00:00, run_after=2023-11-22T20:59:22.534585+00:00
[2023-11-22T20:59:22.556+0000] {processor.py:179} INFO - Processing /home/airflow/.local/lib/python3.8/site-packages/airflow/example_dags/example_latest_only_with_trigger.py took 0.078 seconds
[2023-11-22T20:59:53.374+0000] {processor.py:157} INFO - Started process (PID=1406) to work on /home/airflow/.local/lib/python3.8/site-packages/airflow/example_dags/example_latest_only_with_trigger.py
[2023-11-22T20:59:53.376+0000] {processor.py:829} INFO - Processing file /home/airflow/.local/lib/python3.8/site-packages/airflow/example_dags/example_latest_only_with_trigger.py for tasks to queue
[2023-11-22T20:59:53.378+0000] {logging_mixin.py:154} INFO - [2023-11-22T20:59:53.378+0000] {dagbag.py:536} INFO - Filling up the DagBag from /home/airflow/.local/lib/python3.8/site-packages/airflow/example_dags/example_latest_only_with_trigger.py
[2023-11-22T20:59:53.385+0000] {processor.py:839} INFO - DAG(s) dict_keys(['latest_only_with_trigger']) retrieved from /home/airflow/.local/lib/python3.8/site-packages/airflow/example_dags/example_latest_only_with_trigger.py
[2023-11-22T20:59:53.406+0000] {logging_mixin.py:154} INFO - [2023-11-22T20:59:53.406+0000] {dag.py:2941} INFO - Sync 1 DAGs
[2023-11-22T20:59:53.432+0000] {logging_mixin.py:154} INFO - [2023-11-22T20:59:53.432+0000] {dag.py:3722} INFO - Setting next_dagrun for latest_only_with_trigger to 2023-11-22T16:59:53.432253+00:00, run_after=2023-11-22T20:59:53.432253+00:00
[2023-11-22T20:59:53.456+0000] {processor.py:179} INFO - Processing /home/airflow/.local/lib/python3.8/site-packages/airflow/example_dags/example_latest_only_with_trigger.py took 0.085 seconds
[2023-11-22T21:00:24.077+0000] {processor.py:157} INFO - Started process (PID=1458) to work on /home/airflow/.local/lib/python3.8/site-packages/airflow/example_dags/example_latest_only_with_trigger.py
[2023-11-22T21:00:24.078+0000] {processor.py:829} INFO - Processing file /home/airflow/.local/lib/python3.8/site-packages/airflow/example_dags/example_latest_only_with_trigger.py for tasks to queue
[2023-11-22T21:00:24.081+0000] {logging_mixin.py:154} INFO - [2023-11-22T21:00:24.081+0000] {dagbag.py:536} INFO - Filling up the DagBag from /home/airflow/.local/lib/python3.8/site-packages/airflow/example_dags/example_latest_only_with_trigger.py
[2023-11-22T21:00:24.088+0000] {processor.py:839} INFO - DAG(s) dict_keys(['latest_only_with_trigger']) retrieved from /home/airflow/.local/lib/python3.8/site-packages/airflow/example_dags/example_latest_only_with_trigger.py
[2023-11-22T21:00:24.110+0000] {logging_mixin.py:154} INFO - [2023-11-22T21:00:24.110+0000] {dag.py:2941} INFO - Sync 1 DAGs
[2023-11-22T21:00:24.287+0000] {logging_mixin.py:154} INFO - [2023-11-22T21:00:24.286+0000] {dag.py:3722} INFO - Setting next_dagrun for latest_only_with_trigger to 2023-11-22T17:00:24.286629+00:00, run_after=2023-11-22T21:00:24.286629+00:00
[2023-11-22T21:00:24.308+0000] {processor.py:179} INFO - Processing /home/airflow/.local/lib/python3.8/site-packages/airflow/example_dags/example_latest_only_with_trigger.py took 0.235 seconds
[2023-11-22T21:00:54.381+0000] {processor.py:157} INFO - Started process (PID=1512) to work on /home/airflow/.local/lib/python3.8/site-packages/airflow/example_dags/example_latest_only_with_trigger.py
[2023-11-22T21:00:54.383+0000] {processor.py:829} INFO - Processing file /home/airflow/.local/lib/python3.8/site-packages/airflow/example_dags/example_latest_only_with_trigger.py for tasks to queue
[2023-11-22T21:00:54.388+0000] {logging_mixin.py:154} INFO - [2023-11-22T21:00:54.387+0000] {dagbag.py:536} INFO - Filling up the DagBag from /home/airflow/.local/lib/python3.8/site-packages/airflow/example_dags/example_latest_only_with_trigger.py
[2023-11-22T21:00:54.396+0000] {processor.py:839} INFO - DAG(s) dict_keys(['latest_only_with_trigger']) retrieved from /home/airflow/.local/lib/python3.8/site-packages/airflow/example_dags/example_latest_only_with_trigger.py
[2023-11-22T21:00:54.423+0000] {logging_mixin.py:154} INFO - [2023-11-22T21:00:54.422+0000] {dag.py:2941} INFO - Sync 1 DAGs
[2023-11-22T21:00:54.447+0000] {logging_mixin.py:154} INFO - [2023-11-22T21:00:54.447+0000] {dag.py:3722} INFO - Setting next_dagrun for latest_only_with_trigger to 2023-11-22T17:00:54.447299+00:00, run_after=2023-11-22T21:00:54.447299+00:00
[2023-11-22T21:00:54.471+0000] {processor.py:179} INFO - Processing /home/airflow/.local/lib/python3.8/site-packages/airflow/example_dags/example_latest_only_with_trigger.py took 0.093 seconds
[2023-11-22T21:01:25.185+0000] {processor.py:157} INFO - Started process (PID=1566) to work on /home/airflow/.local/lib/python3.8/site-packages/airflow/example_dags/example_latest_only_with_trigger.py
[2023-11-22T21:01:25.186+0000] {processor.py:829} INFO - Processing file /home/airflow/.local/lib/python3.8/site-packages/airflow/example_dags/example_latest_only_with_trigger.py for tasks to queue
[2023-11-22T21:01:25.189+0000] {logging_mixin.py:154} INFO - [2023-11-22T21:01:25.189+0000] {dagbag.py:536} INFO - Filling up the DagBag from /home/airflow/.local/lib/python3.8/site-packages/airflow/example_dags/example_latest_only_with_trigger.py
[2023-11-22T21:01:25.196+0000] {processor.py:839} INFO - DAG(s) dict_keys(['latest_only_with_trigger']) retrieved from /home/airflow/.local/lib/python3.8/site-packages/airflow/example_dags/example_latest_only_with_trigger.py
[2023-11-22T21:01:25.360+0000] {logging_mixin.py:154} INFO - [2023-11-22T21:01:25.359+0000] {dag.py:2941} INFO - Sync 1 DAGs
[2023-11-22T21:01:25.390+0000] {logging_mixin.py:154} INFO - [2023-11-22T21:01:25.389+0000] {dag.py:3722} INFO - Setting next_dagrun for latest_only_with_trigger to 2023-11-22T17:01:25.389752+00:00, run_after=2023-11-22T21:01:25.389752+00:00
[2023-11-22T21:01:25.419+0000] {processor.py:179} INFO - Processing /home/airflow/.local/lib/python3.8/site-packages/airflow/example_dags/example_latest_only_with_trigger.py took 0.237 seconds
[2023-11-22T21:01:55.769+0000] {processor.py:157} INFO - Started process (PID=1620) to work on /home/airflow/.local/lib/python3.8/site-packages/airflow/example_dags/example_latest_only_with_trigger.py
[2023-11-22T21:01:55.770+0000] {processor.py:829} INFO - Processing file /home/airflow/.local/lib/python3.8/site-packages/airflow/example_dags/example_latest_only_with_trigger.py for tasks to queue
[2023-11-22T21:01:55.774+0000] {logging_mixin.py:154} INFO - [2023-11-22T21:01:55.774+0000] {dagbag.py:536} INFO - Filling up the DagBag from /home/airflow/.local/lib/python3.8/site-packages/airflow/example_dags/example_latest_only_with_trigger.py
[2023-11-22T21:01:55.781+0000] {processor.py:839} INFO - DAG(s) dict_keys(['latest_only_with_trigger']) retrieved from /home/airflow/.local/lib/python3.8/site-packages/airflow/example_dags/example_latest_only_with_trigger.py
[2023-11-22T21:01:55.810+0000] {logging_mixin.py:154} INFO - [2023-11-22T21:01:55.809+0000] {dag.py:2941} INFO - Sync 1 DAGs
[2023-11-22T21:01:55.989+0000] {logging_mixin.py:154} INFO - [2023-11-22T21:01:55.989+0000] {dag.py:3722} INFO - Setting next_dagrun for latest_only_with_trigger to 2023-11-22T17:01:55.989100+00:00, run_after=2023-11-22T21:01:55.989100+00:00
[2023-11-22T21:01:56.015+0000] {processor.py:179} INFO - Processing /home/airflow/.local/lib/python3.8/site-packages/airflow/example_dags/example_latest_only_with_trigger.py took 0.250 seconds
[2023-11-22T21:02:28.303+0000] {processor.py:157} INFO - Started process (PID=1675) to work on /home/airflow/.local/lib/python3.8/site-packages/airflow/example_dags/example_latest_only_with_trigger.py
[2023-11-22T21:02:28.305+0000] {processor.py:829} INFO - Processing file /home/airflow/.local/lib/python3.8/site-packages/airflow/example_dags/example_latest_only_with_trigger.py for tasks to queue
[2023-11-22T21:02:28.316+0000] {logging_mixin.py:154} INFO - [2023-11-22T21:02:28.316+0000] {dagbag.py:536} INFO - Filling up the DagBag from /home/airflow/.local/lib/python3.8/site-packages/airflow/example_dags/example_latest_only_with_trigger.py
[2023-11-22T21:02:28.329+0000] {processor.py:839} INFO - DAG(s) dict_keys(['latest_only_with_trigger']) retrieved from /home/airflow/.local/lib/python3.8/site-packages/airflow/example_dags/example_latest_only_with_trigger.py
[2023-11-22T21:02:28.377+0000] {logging_mixin.py:154} INFO - [2023-11-22T21:02:28.376+0000] {dag.py:2941} INFO - Sync 1 DAGs
[2023-11-22T21:02:28.407+0000] {logging_mixin.py:154} INFO - [2023-11-22T21:02:28.407+0000] {dag.py:3722} INFO - Setting next_dagrun for latest_only_with_trigger to 2023-11-22T17:02:28.407165+00:00, run_after=2023-11-22T21:02:28.407165+00:00
[2023-11-22T21:02:28.431+0000] {processor.py:179} INFO - Processing /home/airflow/.local/lib/python3.8/site-packages/airflow/example_dags/example_latest_only_with_trigger.py took 0.139 seconds
[2023-11-22T21:02:58.935+0000] {processor.py:157} INFO - Started process (PID=1729) to work on /home/airflow/.local/lib/python3.8/site-packages/airflow/example_dags/example_latest_only_with_trigger.py
[2023-11-22T21:02:58.936+0000] {processor.py:829} INFO - Processing file /home/airflow/.local/lib/python3.8/site-packages/airflow/example_dags/example_latest_only_with_trigger.py for tasks to queue
[2023-11-22T21:02:58.939+0000] {logging_mixin.py:154} INFO - [2023-11-22T21:02:58.939+0000] {dagbag.py:536} INFO - Filling up the DagBag from /home/airflow/.local/lib/python3.8/site-packages/airflow/example_dags/example_latest_only_with_trigger.py
[2023-11-22T21:02:58.946+0000] {processor.py:839} INFO - DAG(s) dict_keys(['latest_only_with_trigger']) retrieved from /home/airflow/.local/lib/python3.8/site-packages/airflow/example_dags/example_latest_only_with_trigger.py
[2023-11-22T21:02:59.126+0000] {logging_mixin.py:154} INFO - [2023-11-22T21:02:59.126+0000] {dag.py:2941} INFO - Sync 1 DAGs
[2023-11-22T21:02:59.153+0000] {logging_mixin.py:154} INFO - [2023-11-22T21:02:59.153+0000] {dag.py:3722} INFO - Setting next_dagrun for latest_only_with_trigger to 2023-11-22T17:02:59.153424+00:00, run_after=2023-11-22T21:02:59.153424+00:00
[2023-11-22T21:02:59.178+0000] {processor.py:179} INFO - Processing /home/airflow/.local/lib/python3.8/site-packages/airflow/example_dags/example_latest_only_with_trigger.py took 0.247 seconds
[2023-11-22T21:03:29.232+0000] {processor.py:157} INFO - Started process (PID=1782) to work on /home/airflow/.local/lib/python3.8/site-packages/airflow/example_dags/example_latest_only_with_trigger.py
[2023-11-22T21:03:29.233+0000] {processor.py:829} INFO - Processing file /home/airflow/.local/lib/python3.8/site-packages/airflow/example_dags/example_latest_only_with_trigger.py for tasks to queue
[2023-11-22T21:03:29.236+0000] {logging_mixin.py:154} INFO - [2023-11-22T21:03:29.236+0000] {dagbag.py:536} INFO - Filling up the DagBag from /home/airflow/.local/lib/python3.8/site-packages/airflow/example_dags/example_latest_only_with_trigger.py
[2023-11-22T21:03:29.245+0000] {processor.py:839} INFO - DAG(s) dict_keys(['latest_only_with_trigger']) retrieved from /home/airflow/.local/lib/python3.8/site-packages/airflow/example_dags/example_latest_only_with_trigger.py
[2023-11-22T21:03:29.268+0000] {logging_mixin.py:154} INFO - [2023-11-22T21:03:29.268+0000] {dag.py:2941} INFO - Sync 1 DAGs
[2023-11-22T21:03:29.293+0000] {logging_mixin.py:154} INFO - [2023-11-22T21:03:29.293+0000] {dag.py:3722} INFO - Setting next_dagrun for latest_only_with_trigger to 2023-11-22T17:03:29.292922+00:00, run_after=2023-11-22T21:03:29.292922+00:00
[2023-11-22T21:03:29.314+0000] {processor.py:179} INFO - Processing /home/airflow/.local/lib/python3.8/site-packages/airflow/example_dags/example_latest_only_with_trigger.py took 0.084 seconds
[2023-11-22T21:03:59.510+0000] {processor.py:157} INFO - Started process (PID=1836) to work on /home/airflow/.local/lib/python3.8/site-packages/airflow/example_dags/example_latest_only_with_trigger.py
[2023-11-22T21:03:59.511+0000] {processor.py:829} INFO - Processing file /home/airflow/.local/lib/python3.8/site-packages/airflow/example_dags/example_latest_only_with_trigger.py for tasks to queue
[2023-11-22T21:03:59.514+0000] {logging_mixin.py:154} INFO - [2023-11-22T21:03:59.513+0000] {dagbag.py:536} INFO - Filling up the DagBag from /home/airflow/.local/lib/python3.8/site-packages/airflow/example_dags/example_latest_only_with_trigger.py
[2023-11-22T21:03:59.520+0000] {processor.py:839} INFO - DAG(s) dict_keys(['latest_only_with_trigger']) retrieved from /home/airflow/.local/lib/python3.8/site-packages/airflow/example_dags/example_latest_only_with_trigger.py
[2023-11-22T21:03:59.541+0000] {logging_mixin.py:154} INFO - [2023-11-22T21:03:59.541+0000] {dag.py:2941} INFO - Sync 1 DAGs
[2023-11-22T21:03:59.566+0000] {logging_mixin.py:154} INFO - [2023-11-22T21:03:59.566+0000] {dag.py:3722} INFO - Setting next_dagrun for latest_only_with_trigger to 2023-11-22T17:03:59.566262+00:00, run_after=2023-11-22T21:03:59.566262+00:00
[2023-11-22T21:03:59.587+0000] {processor.py:179} INFO - Processing /home/airflow/.local/lib/python3.8/site-packages/airflow/example_dags/example_latest_only_with_trigger.py took 0.081 seconds
[2023-11-22T21:04:29.631+0000] {processor.py:157} INFO - Started process (PID=1890) to work on /home/airflow/.local/lib/python3.8/site-packages/airflow/example_dags/example_latest_only_with_trigger.py
[2023-11-22T21:04:29.632+0000] {processor.py:829} INFO - Processing file /home/airflow/.local/lib/python3.8/site-packages/airflow/example_dags/example_latest_only_with_trigger.py for tasks to queue
[2023-11-22T21:04:29.635+0000] {logging_mixin.py:154} INFO - [2023-11-22T21:04:29.635+0000] {dagbag.py:536} INFO - Filling up the DagBag from /home/airflow/.local/lib/python3.8/site-packages/airflow/example_dags/example_latest_only_with_trigger.py
[2023-11-22T21:04:29.641+0000] {processor.py:839} INFO - DAG(s) dict_keys(['latest_only_with_trigger']) retrieved from /home/airflow/.local/lib/python3.8/site-packages/airflow/example_dags/example_latest_only_with_trigger.py
[2023-11-22T21:04:29.662+0000] {logging_mixin.py:154} INFO - [2023-11-22T21:04:29.662+0000] {dag.py:2941} INFO - Sync 1 DAGs
[2023-11-22T21:04:29.683+0000] {logging_mixin.py:154} INFO - [2023-11-22T21:04:29.683+0000] {dag.py:3722} INFO - Setting next_dagrun for latest_only_with_trigger to 2023-11-22T17:04:29.682863+00:00, run_after=2023-11-22T21:04:29.682863+00:00
[2023-11-22T21:04:29.702+0000] {processor.py:179} INFO - Processing /home/airflow/.local/lib/python3.8/site-packages/airflow/example_dags/example_latest_only_with_trigger.py took 0.074 seconds
[2023-11-22T21:04:59.746+0000] {processor.py:157} INFO - Started process (PID=1944) to work on /home/airflow/.local/lib/python3.8/site-packages/airflow/example_dags/example_latest_only_with_trigger.py
[2023-11-22T21:04:59.747+0000] {processor.py:829} INFO - Processing file /home/airflow/.local/lib/python3.8/site-packages/airflow/example_dags/example_latest_only_with_trigger.py for tasks to queue
[2023-11-22T21:04:59.749+0000] {logging_mixin.py:154} INFO - [2023-11-22T21:04:59.749+0000] {dagbag.py:536} INFO - Filling up the DagBag from /home/airflow/.local/lib/python3.8/site-packages/airflow/example_dags/example_latest_only_with_trigger.py
[2023-11-22T21:04:59.755+0000] {processor.py:839} INFO - DAG(s) dict_keys(['latest_only_with_trigger']) retrieved from /home/airflow/.local/lib/python3.8/site-packages/airflow/example_dags/example_latest_only_with_trigger.py
[2023-11-22T21:04:59.777+0000] {logging_mixin.py:154} INFO - [2023-11-22T21:04:59.776+0000] {dag.py:2941} INFO - Sync 1 DAGs
[2023-11-22T21:04:59.799+0000] {logging_mixin.py:154} INFO - [2023-11-22T21:04:59.799+0000] {dag.py:3722} INFO - Setting next_dagrun for latest_only_with_trigger to 2023-11-22T17:04:59.799342+00:00, run_after=2023-11-22T21:04:59.799342+00:00
[2023-11-22T21:04:59.820+0000] {processor.py:179} INFO - Processing /home/airflow/.local/lib/python3.8/site-packages/airflow/example_dags/example_latest_only_with_trigger.py took 0.078 seconds
[2023-11-22T21:05:29.932+0000] {processor.py:157} INFO - Started process (PID=1998) to work on /home/airflow/.local/lib/python3.8/site-packages/airflow/example_dags/example_latest_only_with_trigger.py
[2023-11-22T21:05:29.933+0000] {processor.py:829} INFO - Processing file /home/airflow/.local/lib/python3.8/site-packages/airflow/example_dags/example_latest_only_with_trigger.py for tasks to queue
[2023-11-22T21:05:29.936+0000] {logging_mixin.py:154} INFO - [2023-11-22T21:05:29.936+0000] {dagbag.py:536} INFO - Filling up the DagBag from /home/airflow/.local/lib/python3.8/site-packages/airflow/example_dags/example_latest_only_with_trigger.py
[2023-11-22T21:05:29.942+0000] {processor.py:839} INFO - DAG(s) dict_keys(['latest_only_with_trigger']) retrieved from /home/airflow/.local/lib/python3.8/site-packages/airflow/example_dags/example_latest_only_with_trigger.py
[2023-11-22T21:05:29.962+0000] {logging_mixin.py:154} INFO - [2023-11-22T21:05:29.962+0000] {dag.py:2941} INFO - Sync 1 DAGs
[2023-11-22T21:05:29.984+0000] {logging_mixin.py:154} INFO - [2023-11-22T21:05:29.984+0000] {dag.py:3722} INFO - Setting next_dagrun for latest_only_with_trigger to 2023-11-22T17:05:29.984156+00:00, run_after=2023-11-22T21:05:29.984156+00:00
[2023-11-22T21:05:30.005+0000] {processor.py:179} INFO - Processing /home/airflow/.local/lib/python3.8/site-packages/airflow/example_dags/example_latest_only_with_trigger.py took 0.076 seconds
[2023-11-22T21:06:00.064+0000] {processor.py:157} INFO - Started process (PID=2052) to work on /home/airflow/.local/lib/python3.8/site-packages/airflow/example_dags/example_latest_only_with_trigger.py
[2023-11-22T21:06:00.066+0000] {processor.py:829} INFO - Processing file /home/airflow/.local/lib/python3.8/site-packages/airflow/example_dags/example_latest_only_with_trigger.py for tasks to queue
[2023-11-22T21:06:00.070+0000] {logging_mixin.py:154} INFO - [2023-11-22T21:06:00.069+0000] {dagbag.py:536} INFO - Filling up the DagBag from /home/airflow/.local/lib/python3.8/site-packages/airflow/example_dags/example_latest_only_with_trigger.py
[2023-11-22T21:06:00.080+0000] {processor.py:839} INFO - DAG(s) dict_keys(['latest_only_with_trigger']) retrieved from /home/airflow/.local/lib/python3.8/site-packages/airflow/example_dags/example_latest_only_with_trigger.py
[2023-11-22T21:06:00.104+0000] {logging_mixin.py:154} INFO - [2023-11-22T21:06:00.104+0000] {dag.py:2941} INFO - Sync 1 DAGs
[2023-11-22T21:06:00.128+0000] {logging_mixin.py:154} INFO - [2023-11-22T21:06:00.128+0000] {dag.py:3722} INFO - Setting next_dagrun for latest_only_with_trigger to 2023-11-22T17:06:00.128228+00:00, run_after=2023-11-22T21:06:00.128228+00:00
[2023-11-22T21:06:00.152+0000] {processor.py:179} INFO - Processing /home/airflow/.local/lib/python3.8/site-packages/airflow/example_dags/example_latest_only_with_trigger.py took 0.095 seconds
[2023-11-22T21:06:30.717+0000] {processor.py:157} INFO - Started process (PID=2107) to work on /home/airflow/.local/lib/python3.8/site-packages/airflow/example_dags/example_latest_only_with_trigger.py
[2023-11-22T21:06:30.718+0000] {processor.py:829} INFO - Processing file /home/airflow/.local/lib/python3.8/site-packages/airflow/example_dags/example_latest_only_with_trigger.py for tasks to queue
[2023-11-22T21:06:30.722+0000] {logging_mixin.py:154} INFO - [2023-11-22T21:06:30.721+0000] {dagbag.py:536} INFO - Filling up the DagBag from /home/airflow/.local/lib/python3.8/site-packages/airflow/example_dags/example_latest_only_with_trigger.py
[2023-11-22T21:06:30.728+0000] {processor.py:839} INFO - DAG(s) dict_keys(['latest_only_with_trigger']) retrieved from /home/airflow/.local/lib/python3.8/site-packages/airflow/example_dags/example_latest_only_with_trigger.py
[2023-11-22T21:06:30.749+0000] {logging_mixin.py:154} INFO - [2023-11-22T21:06:30.749+0000] {dag.py:2941} INFO - Sync 1 DAGs
[2023-11-22T21:06:30.769+0000] {logging_mixin.py:154} INFO - [2023-11-22T21:06:30.769+0000] {dag.py:3722} INFO - Setting next_dagrun for latest_only_with_trigger to 2023-11-22T17:06:30.768829+00:00, run_after=2023-11-22T21:06:30.768829+00:00
[2023-11-22T21:06:30.790+0000] {processor.py:179} INFO - Processing /home/airflow/.local/lib/python3.8/site-packages/airflow/example_dags/example_latest_only_with_trigger.py took 0.078 seconds
[2023-11-22T21:07:01.026+0000] {processor.py:157} INFO - Started process (PID=2161) to work on /home/airflow/.local/lib/python3.8/site-packages/airflow/example_dags/example_latest_only_with_trigger.py
[2023-11-22T21:07:01.027+0000] {processor.py:829} INFO - Processing file /home/airflow/.local/lib/python3.8/site-packages/airflow/example_dags/example_latest_only_with_trigger.py for tasks to queue
[2023-11-22T21:07:01.032+0000] {logging_mixin.py:154} INFO - [2023-11-22T21:07:01.031+0000] {dagbag.py:536} INFO - Filling up the DagBag from /home/airflow/.local/lib/python3.8/site-packages/airflow/example_dags/example_latest_only_with_trigger.py
[2023-11-22T21:07:01.040+0000] {processor.py:839} INFO - DAG(s) dict_keys(['latest_only_with_trigger']) retrieved from /home/airflow/.local/lib/python3.8/site-packages/airflow/example_dags/example_latest_only_with_trigger.py
[2023-11-22T21:07:01.068+0000] {logging_mixin.py:154} INFO - [2023-11-22T21:07:01.068+0000] {dag.py:2941} INFO - Sync 1 DAGs
[2023-11-22T21:07:01.093+0000] {logging_mixin.py:154} INFO - [2023-11-22T21:07:01.093+0000] {dag.py:3722} INFO - Setting next_dagrun for latest_only_with_trigger to 2023-11-22T17:07:01.092889+00:00, run_after=2023-11-22T21:07:01.092889+00:00
[2023-11-22T21:07:01.123+0000] {processor.py:179} INFO - Processing /home/airflow/.local/lib/python3.8/site-packages/airflow/example_dags/example_latest_only_with_trigger.py took 0.101 seconds
[2023-11-22T21:07:31.352+0000] {processor.py:157} INFO - Started process (PID=2215) to work on /home/airflow/.local/lib/python3.8/site-packages/airflow/example_dags/example_latest_only_with_trigger.py
[2023-11-22T21:07:31.354+0000] {processor.py:829} INFO - Processing file /home/airflow/.local/lib/python3.8/site-packages/airflow/example_dags/example_latest_only_with_trigger.py for tasks to queue
[2023-11-22T21:07:31.357+0000] {logging_mixin.py:154} INFO - [2023-11-22T21:07:31.357+0000] {dagbag.py:536} INFO - Filling up the DagBag from /home/airflow/.local/lib/python3.8/site-packages/airflow/example_dags/example_latest_only_with_trigger.py
[2023-11-22T21:07:31.365+0000] {processor.py:839} INFO - DAG(s) dict_keys(['latest_only_with_trigger']) retrieved from /home/airflow/.local/lib/python3.8/site-packages/airflow/example_dags/example_latest_only_with_trigger.py
[2023-11-22T21:07:31.394+0000] {logging_mixin.py:154} INFO - [2023-11-22T21:07:31.393+0000] {dag.py:2941} INFO - Sync 1 DAGs
[2023-11-22T21:07:31.431+0000] {logging_mixin.py:154} INFO - [2023-11-22T21:07:31.431+0000] {dag.py:3722} INFO - Setting next_dagrun for latest_only_with_trigger to 2023-11-22T17:07:31.431064+00:00, run_after=2023-11-22T21:07:31.431064+00:00
[2023-11-22T21:07:31.460+0000] {processor.py:179} INFO - Processing /home/airflow/.local/lib/python3.8/site-packages/airflow/example_dags/example_latest_only_with_trigger.py took 0.112 seconds
[2023-11-22T21:08:01.600+0000] {processor.py:157} INFO - Started process (PID=2269) to work on /home/airflow/.local/lib/python3.8/site-packages/airflow/example_dags/example_latest_only_with_trigger.py
[2023-11-22T21:08:01.602+0000] {processor.py:829} INFO - Processing file /home/airflow/.local/lib/python3.8/site-packages/airflow/example_dags/example_latest_only_with_trigger.py for tasks to queue
[2023-11-22T21:08:01.605+0000] {logging_mixin.py:154} INFO - [2023-11-22T21:08:01.604+0000] {dagbag.py:536} INFO - Filling up the DagBag from /home/airflow/.local/lib/python3.8/site-packages/airflow/example_dags/example_latest_only_with_trigger.py
[2023-11-22T21:08:01.611+0000] {processor.py:839} INFO - DAG(s) dict_keys(['latest_only_with_trigger']) retrieved from /home/airflow/.local/lib/python3.8/site-packages/airflow/example_dags/example_latest_only_with_trigger.py
[2023-11-22T21:08:01.636+0000] {logging_mixin.py:154} INFO - [2023-11-22T21:08:01.636+0000] {dag.py:2941} INFO - Sync 1 DAGs
[2023-11-22T21:08:01.659+0000] {logging_mixin.py:154} INFO - [2023-11-22T21:08:01.659+0000] {dag.py:3722} INFO - Setting next_dagrun for latest_only_with_trigger to 2023-11-22T17:08:01.658957+00:00, run_after=2023-11-22T21:08:01.658957+00:00
[2023-11-22T21:08:01.680+0000] {processor.py:179} INFO - Processing /home/airflow/.local/lib/python3.8/site-packages/airflow/example_dags/example_latest_only_with_trigger.py took 0.084 seconds
[2023-11-22T21:08:31.800+0000] {processor.py:157} INFO - Started process (PID=2323) to work on /home/airflow/.local/lib/python3.8/site-packages/airflow/example_dags/example_latest_only_with_trigger.py
[2023-11-22T21:08:31.801+0000] {processor.py:829} INFO - Processing file /home/airflow/.local/lib/python3.8/site-packages/airflow/example_dags/example_latest_only_with_trigger.py for tasks to queue
[2023-11-22T21:08:31.804+0000] {logging_mixin.py:154} INFO - [2023-11-22T21:08:31.804+0000] {dagbag.py:536} INFO - Filling up the DagBag from /home/airflow/.local/lib/python3.8/site-packages/airflow/example_dags/example_latest_only_with_trigger.py
[2023-11-22T21:08:31.832+0000] {processor.py:839} INFO - DAG(s) dict_keys(['latest_only_with_trigger']) retrieved from /home/airflow/.local/lib/python3.8/site-packages/airflow/example_dags/example_latest_only_with_trigger.py
[2023-11-22T21:08:31.856+0000] {logging_mixin.py:154} INFO - [2023-11-22T21:08:31.856+0000] {dag.py:2941} INFO - Sync 1 DAGs
[2023-11-22T21:08:31.877+0000] {logging_mixin.py:154} INFO - [2023-11-22T21:08:31.877+0000] {dag.py:3722} INFO - Setting next_dagrun for latest_only_with_trigger to 2023-11-22T17:08:31.877380+00:00, run_after=2023-11-22T21:08:31.877380+00:00
[2023-11-22T21:08:31.897+0000] {processor.py:179} INFO - Processing /home/airflow/.local/lib/python3.8/site-packages/airflow/example_dags/example_latest_only_with_trigger.py took 0.101 seconds
[2023-11-22T21:09:02.470+0000] {processor.py:157} INFO - Started process (PID=2377) to work on /home/airflow/.local/lib/python3.8/site-packages/airflow/example_dags/example_latest_only_with_trigger.py
[2023-11-22T21:09:02.472+0000] {processor.py:829} INFO - Processing file /home/airflow/.local/lib/python3.8/site-packages/airflow/example_dags/example_latest_only_with_trigger.py for tasks to queue
[2023-11-22T21:09:02.475+0000] {logging_mixin.py:154} INFO - [2023-11-22T21:09:02.475+0000] {dagbag.py:536} INFO - Filling up the DagBag from /home/airflow/.local/lib/python3.8/site-packages/airflow/example_dags/example_latest_only_with_trigger.py
[2023-11-22T21:09:02.482+0000] {processor.py:839} INFO - DAG(s) dict_keys(['latest_only_with_trigger']) retrieved from /home/airflow/.local/lib/python3.8/site-packages/airflow/example_dags/example_latest_only_with_trigger.py
[2023-11-22T21:09:02.503+0000] {logging_mixin.py:154} INFO - [2023-11-22T21:09:02.503+0000] {dag.py:2941} INFO - Sync 1 DAGs
[2023-11-22T21:09:02.524+0000] {logging_mixin.py:154} INFO - [2023-11-22T21:09:02.524+0000] {dag.py:3722} INFO - Setting next_dagrun for latest_only_with_trigger to 2023-11-22T17:09:02.524254+00:00, run_after=2023-11-22T21:09:02.524254+00:00
[2023-11-22T21:09:02.553+0000] {processor.py:179} INFO - Processing /home/airflow/.local/lib/python3.8/site-packages/airflow/example_dags/example_latest_only_with_trigger.py took 0.087 seconds
[2023-11-22T21:09:32.698+0000] {processor.py:157} INFO - Started process (PID=2431) to work on /home/airflow/.local/lib/python3.8/site-packages/airflow/example_dags/example_latest_only_with_trigger.py
[2023-11-22T21:09:32.699+0000] {processor.py:829} INFO - Processing file /home/airflow/.local/lib/python3.8/site-packages/airflow/example_dags/example_latest_only_with_trigger.py for tasks to queue
[2023-11-22T21:09:32.702+0000] {logging_mixin.py:154} INFO - [2023-11-22T21:09:32.701+0000] {dagbag.py:536} INFO - Filling up the DagBag from /home/airflow/.local/lib/python3.8/site-packages/airflow/example_dags/example_latest_only_with_trigger.py
[2023-11-22T21:09:32.708+0000] {processor.py:839} INFO - DAG(s) dict_keys(['latest_only_with_trigger']) retrieved from /home/airflow/.local/lib/python3.8/site-packages/airflow/example_dags/example_latest_only_with_trigger.py
[2023-11-22T21:09:32.730+0000] {logging_mixin.py:154} INFO - [2023-11-22T21:09:32.729+0000] {dag.py:2941} INFO - Sync 1 DAGs
[2023-11-22T21:09:32.750+0000] {logging_mixin.py:154} INFO - [2023-11-22T21:09:32.750+0000] {dag.py:3722} INFO - Setting next_dagrun for latest_only_with_trigger to 2023-11-22T17:09:32.750043+00:00, run_after=2023-11-22T21:09:32.750043+00:00
[2023-11-22T21:09:32.776+0000] {processor.py:179} INFO - Processing /home/airflow/.local/lib/python3.8/site-packages/airflow/example_dags/example_latest_only_with_trigger.py took 0.082 seconds
[2023-11-22T21:10:02.977+0000] {processor.py:157} INFO - Started process (PID=2485) to work on /home/airflow/.local/lib/python3.8/site-packages/airflow/example_dags/example_latest_only_with_trigger.py
[2023-11-22T21:10:02.978+0000] {processor.py:829} INFO - Processing file /home/airflow/.local/lib/python3.8/site-packages/airflow/example_dags/example_latest_only_with_trigger.py for tasks to queue
[2023-11-22T21:10:02.982+0000] {logging_mixin.py:154} INFO - [2023-11-22T21:10:02.981+0000] {dagbag.py:536} INFO - Filling up the DagBag from /home/airflow/.local/lib/python3.8/site-packages/airflow/example_dags/example_latest_only_with_trigger.py
[2023-11-22T21:10:02.989+0000] {processor.py:839} INFO - DAG(s) dict_keys(['latest_only_with_trigger']) retrieved from /home/airflow/.local/lib/python3.8/site-packages/airflow/example_dags/example_latest_only_with_trigger.py
[2023-11-22T21:10:03.011+0000] {logging_mixin.py:154} INFO - [2023-11-22T21:10:03.011+0000] {dag.py:2941} INFO - Sync 1 DAGs
[2023-11-22T21:10:03.036+0000] {logging_mixin.py:154} INFO - [2023-11-22T21:10:03.036+0000] {dag.py:3722} INFO - Setting next_dagrun for latest_only_with_trigger to 2023-11-22T17:10:03.036470+00:00, run_after=2023-11-22T21:10:03.036470+00:00
[2023-11-22T21:10:03.063+0000] {processor.py:179} INFO - Processing /home/airflow/.local/lib/python3.8/site-packages/airflow/example_dags/example_latest_only_with_trigger.py took 0.090 seconds
[2023-11-22T21:10:33.466+0000] {processor.py:157} INFO - Started process (PID=2539) to work on /home/airflow/.local/lib/python3.8/site-packages/airflow/example_dags/example_latest_only_with_trigger.py
[2023-11-22T21:10:33.468+0000] {processor.py:829} INFO - Processing file /home/airflow/.local/lib/python3.8/site-packages/airflow/example_dags/example_latest_only_with_trigger.py for tasks to queue
[2023-11-22T21:10:33.472+0000] {logging_mixin.py:154} INFO - [2023-11-22T21:10:33.471+0000] {dagbag.py:536} INFO - Filling up the DagBag from /home/airflow/.local/lib/python3.8/site-packages/airflow/example_dags/example_latest_only_with_trigger.py
[2023-11-22T21:10:33.481+0000] {processor.py:839} INFO - DAG(s) dict_keys(['latest_only_with_trigger']) retrieved from /home/airflow/.local/lib/python3.8/site-packages/airflow/example_dags/example_latest_only_with_trigger.py
[2023-11-22T21:10:33.511+0000] {logging_mixin.py:154} INFO - [2023-11-22T21:10:33.511+0000] {dag.py:2941} INFO - Sync 1 DAGs
[2023-11-22T21:10:33.534+0000] {logging_mixin.py:154} INFO - [2023-11-22T21:10:33.534+0000] {dag.py:3722} INFO - Setting next_dagrun for latest_only_with_trigger to 2023-11-22T17:10:33.534073+00:00, run_after=2023-11-22T21:10:33.534073+00:00
[2023-11-22T21:10:33.554+0000] {processor.py:179} INFO - Processing /home/airflow/.local/lib/python3.8/site-packages/airflow/example_dags/example_latest_only_with_trigger.py took 0.092 seconds
[2023-11-22T21:11:03.894+0000] {processor.py:157} INFO - Started process (PID=2593) to work on /home/airflow/.local/lib/python3.8/site-packages/airflow/example_dags/example_latest_only_with_trigger.py
[2023-11-22T21:11:03.895+0000] {processor.py:829} INFO - Processing file /home/airflow/.local/lib/python3.8/site-packages/airflow/example_dags/example_latest_only_with_trigger.py for tasks to queue
[2023-11-22T21:11:03.898+0000] {logging_mixin.py:154} INFO - [2023-11-22T21:11:03.898+0000] {dagbag.py:536} INFO - Filling up the DagBag from /home/airflow/.local/lib/python3.8/site-packages/airflow/example_dags/example_latest_only_with_trigger.py
[2023-11-22T21:11:03.905+0000] {processor.py:839} INFO - DAG(s) dict_keys(['latest_only_with_trigger']) retrieved from /home/airflow/.local/lib/python3.8/site-packages/airflow/example_dags/example_latest_only_with_trigger.py
[2023-11-22T21:11:03.928+0000] {logging_mixin.py:154} INFO - [2023-11-22T21:11:03.927+0000] {dag.py:2941} INFO - Sync 1 DAGs
[2023-11-22T21:11:03.954+0000] {logging_mixin.py:154} INFO - [2023-11-22T21:11:03.954+0000] {dag.py:3722} INFO - Setting next_dagrun for latest_only_with_trigger to 2023-11-22T17:11:03.954206+00:00, run_after=2023-11-22T21:11:03.954206+00:00
[2023-11-22T21:11:04.030+0000] {processor.py:179} INFO - Processing /home/airflow/.local/lib/python3.8/site-packages/airflow/example_dags/example_latest_only_with_trigger.py took 0.139 seconds
[2023-11-22T21:11:34.631+0000] {processor.py:157} INFO - Started process (PID=2647) to work on /home/airflow/.local/lib/python3.8/site-packages/airflow/example_dags/example_latest_only_with_trigger.py
[2023-11-22T21:11:34.635+0000] {processor.py:829} INFO - Processing file /home/airflow/.local/lib/python3.8/site-packages/airflow/example_dags/example_latest_only_with_trigger.py for tasks to queue
[2023-11-22T21:11:34.638+0000] {logging_mixin.py:154} INFO - [2023-11-22T21:11:34.638+0000] {dagbag.py:536} INFO - Filling up the DagBag from /home/airflow/.local/lib/python3.8/site-packages/airflow/example_dags/example_latest_only_with_trigger.py
[2023-11-22T21:11:34.645+0000] {processor.py:839} INFO - DAG(s) dict_keys(['latest_only_with_trigger']) retrieved from /home/airflow/.local/lib/python3.8/site-packages/airflow/example_dags/example_latest_only_with_trigger.py
[2023-11-22T21:11:34.667+0000] {logging_mixin.py:154} INFO - [2023-11-22T21:11:34.667+0000] {dag.py:2941} INFO - Sync 1 DAGs
[2023-11-22T21:11:34.689+0000] {logging_mixin.py:154} INFO - [2023-11-22T21:11:34.689+0000] {dag.py:3722} INFO - Setting next_dagrun for latest_only_with_trigger to 2023-11-22T17:11:34.689291+00:00, run_after=2023-11-22T21:11:34.689291+00:00
[2023-11-22T21:11:34.723+0000] {processor.py:179} INFO - Processing /home/airflow/.local/lib/python3.8/site-packages/airflow/example_dags/example_latest_only_with_trigger.py took 0.095 seconds
