[2023-11-22T20:46:49.963+0000] {processor.py:157} INFO - Started process (PID=53) to work on /home/airflow/.local/lib/python3.8/site-packages/airflow/example_dags/example_branch_operator.py
[2023-11-22T20:46:49.965+0000] {processor.py:829} INFO - Processing file /home/airflow/.local/lib/python3.8/site-packages/airflow/example_dags/example_branch_operator.py for tasks to queue
[2023-11-22T20:46:49.976+0000] {logging_mixin.py:154} INFO - [2023-11-22T20:46:49.975+0000] {dagbag.py:536} INFO - Filling up the DagBag from /home/airflow/.local/lib/python3.8/site-packages/airflow/example_dags/example_branch_operator.py
[2023-11-22T20:46:50.148+0000] {processor.py:839} INFO - DAG(s) dict_keys(['example_branch_operator']) retrieved from /home/airflow/.local/lib/python3.8/site-packages/airflow/example_dags/example_branch_operator.py
[2023-11-22T20:46:50.213+0000] {logging_mixin.py:154} INFO - [2023-11-22T20:46:50.213+0000] {dag.py:2941} INFO - Sync 1 DAGs
[2023-11-22T20:46:50.269+0000] {logging_mixin.py:154} INFO - [2023-11-22T20:46:50.268+0000] {dag.py:3722} INFO - Setting next_dagrun for example_branch_operator to 2023-11-21T00:00:00+00:00, run_after=2023-11-22T00:00:00+00:00
[2023-11-22T20:46:50.307+0000] {processor.py:179} INFO - Processing /home/airflow/.local/lib/python3.8/site-packages/airflow/example_dags/example_branch_operator.py took 0.350 seconds
[2023-11-22T20:47:24.547+0000] {processor.py:157} INFO - Started process (PID=107) to work on /home/airflow/.local/lib/python3.8/site-packages/airflow/example_dags/example_branch_operator.py
[2023-11-22T20:47:24.550+0000] {processor.py:829} INFO - Processing file /home/airflow/.local/lib/python3.8/site-packages/airflow/example_dags/example_branch_operator.py for tasks to queue
[2023-11-22T20:47:24.556+0000] {logging_mixin.py:154} INFO - [2023-11-22T20:47:24.555+0000] {dagbag.py:536} INFO - Filling up the DagBag from /home/airflow/.local/lib/python3.8/site-packages/airflow/example_dags/example_branch_operator.py
[2023-11-22T20:47:24.581+0000] {processor.py:839} INFO - DAG(s) dict_keys(['example_branch_operator']) retrieved from /home/airflow/.local/lib/python3.8/site-packages/airflow/example_dags/example_branch_operator.py
[2023-11-22T20:47:24.643+0000] {logging_mixin.py:154} INFO - [2023-11-22T20:47:24.642+0000] {dag.py:2941} INFO - Sync 1 DAGs
[2023-11-22T20:47:24.706+0000] {logging_mixin.py:154} INFO - [2023-11-22T20:47:24.705+0000] {dag.py:3722} INFO - Setting next_dagrun for example_branch_operator to 2023-11-21T00:00:00+00:00, run_after=2023-11-22T00:00:00+00:00
[2023-11-22T20:47:24.754+0000] {processor.py:179} INFO - Processing /home/airflow/.local/lib/python3.8/site-packages/airflow/example_dags/example_branch_operator.py took 0.214 seconds
[2023-11-22T20:47:58.116+0000] {processor.py:157} INFO - Started process (PID=159) to work on /home/airflow/.local/lib/python3.8/site-packages/airflow/example_dags/example_branch_operator.py
[2023-11-22T20:47:58.118+0000] {processor.py:829} INFO - Processing file /home/airflow/.local/lib/python3.8/site-packages/airflow/example_dags/example_branch_operator.py for tasks to queue
[2023-11-22T20:47:58.121+0000] {logging_mixin.py:154} INFO - [2023-11-22T20:47:58.120+0000] {dagbag.py:536} INFO - Filling up the DagBag from /home/airflow/.local/lib/python3.8/site-packages/airflow/example_dags/example_branch_operator.py
[2023-11-22T20:47:58.131+0000] {processor.py:839} INFO - DAG(s) dict_keys(['example_branch_operator']) retrieved from /home/airflow/.local/lib/python3.8/site-packages/airflow/example_dags/example_branch_operator.py
[2023-11-22T20:47:58.158+0000] {logging_mixin.py:154} INFO - [2023-11-22T20:47:58.157+0000] {dag.py:2941} INFO - Sync 1 DAGs
[2023-11-22T20:47:58.192+0000] {logging_mixin.py:154} INFO - [2023-11-22T20:47:58.192+0000] {dag.py:3722} INFO - Setting next_dagrun for example_branch_operator to 2023-11-21T00:00:00+00:00, run_after=2023-11-22T00:00:00+00:00
[2023-11-22T20:47:58.218+0000] {processor.py:179} INFO - Processing /home/airflow/.local/lib/python3.8/site-packages/airflow/example_dags/example_branch_operator.py took 0.105 seconds
[2023-11-22T20:48:29.147+0000] {processor.py:157} INFO - Started process (PID=213) to work on /home/airflow/.local/lib/python3.8/site-packages/airflow/example_dags/example_branch_operator.py
[2023-11-22T20:48:29.149+0000] {processor.py:829} INFO - Processing file /home/airflow/.local/lib/python3.8/site-packages/airflow/example_dags/example_branch_operator.py for tasks to queue
[2023-11-22T20:48:29.154+0000] {logging_mixin.py:154} INFO - [2023-11-22T20:48:29.154+0000] {dagbag.py:536} INFO - Filling up the DagBag from /home/airflow/.local/lib/python3.8/site-packages/airflow/example_dags/example_branch_operator.py
[2023-11-22T20:48:29.175+0000] {processor.py:839} INFO - DAG(s) dict_keys(['example_branch_operator']) retrieved from /home/airflow/.local/lib/python3.8/site-packages/airflow/example_dags/example_branch_operator.py
[2023-11-22T20:48:29.223+0000] {logging_mixin.py:154} INFO - [2023-11-22T20:48:29.223+0000] {dag.py:2941} INFO - Sync 1 DAGs
[2023-11-22T20:48:29.272+0000] {logging_mixin.py:154} INFO - [2023-11-22T20:48:29.271+0000] {dag.py:3722} INFO - Setting next_dagrun for example_branch_operator to 2023-11-21T00:00:00+00:00, run_after=2023-11-22T00:00:00+00:00
[2023-11-22T20:48:29.300+0000] {processor.py:179} INFO - Processing /home/airflow/.local/lib/python3.8/site-packages/airflow/example_dags/example_branch_operator.py took 0.159 seconds
[2023-11-22T20:48:59.934+0000] {processor.py:157} INFO - Started process (PID=267) to work on /home/airflow/.local/lib/python3.8/site-packages/airflow/example_dags/example_branch_operator.py
[2023-11-22T20:48:59.935+0000] {processor.py:829} INFO - Processing file /home/airflow/.local/lib/python3.8/site-packages/airflow/example_dags/example_branch_operator.py for tasks to queue
[2023-11-22T20:48:59.939+0000] {logging_mixin.py:154} INFO - [2023-11-22T20:48:59.939+0000] {dagbag.py:536} INFO - Filling up the DagBag from /home/airflow/.local/lib/python3.8/site-packages/airflow/example_dags/example_branch_operator.py
[2023-11-22T20:48:59.953+0000] {processor.py:839} INFO - DAG(s) dict_keys(['example_branch_operator']) retrieved from /home/airflow/.local/lib/python3.8/site-packages/airflow/example_dags/example_branch_operator.py
[2023-11-22T20:48:59.983+0000] {logging_mixin.py:154} INFO - [2023-11-22T20:48:59.982+0000] {dag.py:2941} INFO - Sync 1 DAGs
[2023-11-22T20:49:00.015+0000] {logging_mixin.py:154} INFO - [2023-11-22T20:49:00.014+0000] {dag.py:3722} INFO - Setting next_dagrun for example_branch_operator to 2023-11-21T00:00:00+00:00, run_after=2023-11-22T00:00:00+00:00
[2023-11-22T20:49:00.057+0000] {processor.py:179} INFO - Processing /home/airflow/.local/lib/python3.8/site-packages/airflow/example_dags/example_branch_operator.py took 0.129 seconds
[2023-11-22T20:49:30.228+0000] {processor.py:157} INFO - Started process (PID=321) to work on /home/airflow/.local/lib/python3.8/site-packages/airflow/example_dags/example_branch_operator.py
[2023-11-22T20:49:30.230+0000] {processor.py:829} INFO - Processing file /home/airflow/.local/lib/python3.8/site-packages/airflow/example_dags/example_branch_operator.py for tasks to queue
[2023-11-22T20:49:30.233+0000] {logging_mixin.py:154} INFO - [2023-11-22T20:49:30.233+0000] {dagbag.py:536} INFO - Filling up the DagBag from /home/airflow/.local/lib/python3.8/site-packages/airflow/example_dags/example_branch_operator.py
[2023-11-22T20:49:30.243+0000] {processor.py:839} INFO - DAG(s) dict_keys(['example_branch_operator']) retrieved from /home/airflow/.local/lib/python3.8/site-packages/airflow/example_dags/example_branch_operator.py
[2023-11-22T20:49:30.267+0000] {logging_mixin.py:154} INFO - [2023-11-22T20:49:30.267+0000] {dag.py:2941} INFO - Sync 1 DAGs
[2023-11-22T20:49:30.293+0000] {logging_mixin.py:154} INFO - [2023-11-22T20:49:30.292+0000] {dag.py:3722} INFO - Setting next_dagrun for example_branch_operator to 2023-11-21T00:00:00+00:00, run_after=2023-11-22T00:00:00+00:00
[2023-11-22T20:49:30.315+0000] {processor.py:179} INFO - Processing /home/airflow/.local/lib/python3.8/site-packages/airflow/example_dags/example_branch_operator.py took 0.091 seconds
[2023-11-22T20:50:01.358+0000] {processor.py:157} INFO - Started process (PID=375) to work on /home/airflow/.local/lib/python3.8/site-packages/airflow/example_dags/example_branch_operator.py
[2023-11-22T20:50:01.359+0000] {processor.py:829} INFO - Processing file /home/airflow/.local/lib/python3.8/site-packages/airflow/example_dags/example_branch_operator.py for tasks to queue
[2023-11-22T20:50:01.362+0000] {logging_mixin.py:154} INFO - [2023-11-22T20:50:01.362+0000] {dagbag.py:536} INFO - Filling up the DagBag from /home/airflow/.local/lib/python3.8/site-packages/airflow/example_dags/example_branch_operator.py
[2023-11-22T20:50:01.374+0000] {processor.py:839} INFO - DAG(s) dict_keys(['example_branch_operator']) retrieved from /home/airflow/.local/lib/python3.8/site-packages/airflow/example_dags/example_branch_operator.py
[2023-11-22T20:50:01.401+0000] {logging_mixin.py:154} INFO - [2023-11-22T20:50:01.401+0000] {dag.py:2941} INFO - Sync 1 DAGs
[2023-11-22T20:50:01.433+0000] {logging_mixin.py:154} INFO - [2023-11-22T20:50:01.433+0000] {dag.py:3722} INFO - Setting next_dagrun for example_branch_operator to 2023-11-21T00:00:00+00:00, run_after=2023-11-22T00:00:00+00:00
[2023-11-22T20:50:01.462+0000] {processor.py:179} INFO - Processing /home/airflow/.local/lib/python3.8/site-packages/airflow/example_dags/example_branch_operator.py took 0.108 seconds
[2023-11-22T20:50:31.538+0000] {processor.py:157} INFO - Started process (PID=429) to work on /home/airflow/.local/lib/python3.8/site-packages/airflow/example_dags/example_branch_operator.py
[2023-11-22T20:50:31.540+0000] {processor.py:829} INFO - Processing file /home/airflow/.local/lib/python3.8/site-packages/airflow/example_dags/example_branch_operator.py for tasks to queue
[2023-11-22T20:50:31.544+0000] {logging_mixin.py:154} INFO - [2023-11-22T20:50:31.543+0000] {dagbag.py:536} INFO - Filling up the DagBag from /home/airflow/.local/lib/python3.8/site-packages/airflow/example_dags/example_branch_operator.py
[2023-11-22T20:50:31.560+0000] {processor.py:839} INFO - DAG(s) dict_keys(['example_branch_operator']) retrieved from /home/airflow/.local/lib/python3.8/site-packages/airflow/example_dags/example_branch_operator.py
[2023-11-22T20:50:31.589+0000] {logging_mixin.py:154} INFO - [2023-11-22T20:50:31.588+0000] {dag.py:2941} INFO - Sync 1 DAGs
[2023-11-22T20:50:31.626+0000] {logging_mixin.py:154} INFO - [2023-11-22T20:50:31.625+0000] {dag.py:3722} INFO - Setting next_dagrun for example_branch_operator to 2023-11-21T00:00:00+00:00, run_after=2023-11-22T00:00:00+00:00
[2023-11-22T20:50:31.652+0000] {processor.py:179} INFO - Processing /home/airflow/.local/lib/python3.8/site-packages/airflow/example_dags/example_branch_operator.py took 0.118 seconds
[2023-11-22T20:51:02.673+0000] {processor.py:157} INFO - Started process (PID=483) to work on /home/airflow/.local/lib/python3.8/site-packages/airflow/example_dags/example_branch_operator.py
[2023-11-22T20:51:02.675+0000] {processor.py:829} INFO - Processing file /home/airflow/.local/lib/python3.8/site-packages/airflow/example_dags/example_branch_operator.py for tasks to queue
[2023-11-22T20:51:02.678+0000] {logging_mixin.py:154} INFO - [2023-11-22T20:51:02.678+0000] {dagbag.py:536} INFO - Filling up the DagBag from /home/airflow/.local/lib/python3.8/site-packages/airflow/example_dags/example_branch_operator.py
[2023-11-22T20:51:02.689+0000] {processor.py:839} INFO - DAG(s) dict_keys(['example_branch_operator']) retrieved from /home/airflow/.local/lib/python3.8/site-packages/airflow/example_dags/example_branch_operator.py
[2023-11-22T20:51:02.712+0000] {logging_mixin.py:154} INFO - [2023-11-22T20:51:02.711+0000] {dag.py:2941} INFO - Sync 1 DAGs
[2023-11-22T20:51:02.735+0000] {logging_mixin.py:154} INFO - [2023-11-22T20:51:02.735+0000] {dag.py:3722} INFO - Setting next_dagrun for example_branch_operator to 2023-11-21T00:00:00+00:00, run_after=2023-11-22T00:00:00+00:00
[2023-11-22T20:51:02.768+0000] {processor.py:179} INFO - Processing /home/airflow/.local/lib/python3.8/site-packages/airflow/example_dags/example_branch_operator.py took 0.098 seconds
[2023-11-22T20:51:33.739+0000] {processor.py:157} INFO - Started process (PID=537) to work on /home/airflow/.local/lib/python3.8/site-packages/airflow/example_dags/example_branch_operator.py
[2023-11-22T20:51:33.741+0000] {processor.py:829} INFO - Processing file /home/airflow/.local/lib/python3.8/site-packages/airflow/example_dags/example_branch_operator.py for tasks to queue
[2023-11-22T20:51:33.743+0000] {logging_mixin.py:154} INFO - [2023-11-22T20:51:33.743+0000] {dagbag.py:536} INFO - Filling up the DagBag from /home/airflow/.local/lib/python3.8/site-packages/airflow/example_dags/example_branch_operator.py
[2023-11-22T20:51:33.755+0000] {processor.py:839} INFO - DAG(s) dict_keys(['example_branch_operator']) retrieved from /home/airflow/.local/lib/python3.8/site-packages/airflow/example_dags/example_branch_operator.py
[2023-11-22T20:51:33.779+0000] {logging_mixin.py:154} INFO - [2023-11-22T20:51:33.779+0000] {dag.py:2941} INFO - Sync 1 DAGs
[2023-11-22T20:51:33.806+0000] {logging_mixin.py:154} INFO - [2023-11-22T20:51:33.806+0000] {dag.py:3722} INFO - Setting next_dagrun for example_branch_operator to 2023-11-21T00:00:00+00:00, run_after=2023-11-22T00:00:00+00:00
[2023-11-22T20:51:33.829+0000] {processor.py:179} INFO - Processing /home/airflow/.local/lib/python3.8/site-packages/airflow/example_dags/example_branch_operator.py took 0.093 seconds
[2023-11-22T20:52:15.738+0000] {processor.py:157} INFO - Started process (PID=596) to work on /home/airflow/.local/lib/python3.8/site-packages/airflow/example_dags/example_branch_operator.py
[2023-11-22T20:52:15.740+0000] {processor.py:829} INFO - Processing file /home/airflow/.local/lib/python3.8/site-packages/airflow/example_dags/example_branch_operator.py for tasks to queue
[2023-11-22T20:52:15.755+0000] {logging_mixin.py:154} INFO - [2023-11-22T20:52:15.744+0000] {dagbag.py:536} INFO - Filling up the DagBag from /home/airflow/.local/lib/python3.8/site-packages/airflow/example_dags/example_branch_operator.py
[2023-11-22T20:52:15.957+0000] {processor.py:839} INFO - DAG(s) dict_keys(['example_branch_operator']) retrieved from /home/airflow/.local/lib/python3.8/site-packages/airflow/example_dags/example_branch_operator.py
[2023-11-22T20:52:24.815+0000] {logging_mixin.py:154} INFO - [2023-11-22T20:52:24.683+0000] {dag.py:2941} INFO - Sync 1 DAGs
[2023-11-22T20:52:25.271+0000] {logging_mixin.py:154} INFO - [2023-11-22T20:52:25.271+0000] {dag.py:3722} INFO - Setting next_dagrun for example_branch_operator to 2023-11-21T00:00:00+00:00, run_after=2023-11-22T00:00:00+00:00
[2023-11-22T20:52:25.392+0000] {processor.py:179} INFO - Processing /home/airflow/.local/lib/python3.8/site-packages/airflow/example_dags/example_branch_operator.py took 9.678 seconds
[2023-11-22T20:52:56.121+0000] {processor.py:157} INFO - Started process (PID=650) to work on /home/airflow/.local/lib/python3.8/site-packages/airflow/example_dags/example_branch_operator.py
[2023-11-22T20:52:56.123+0000] {processor.py:829} INFO - Processing file /home/airflow/.local/lib/python3.8/site-packages/airflow/example_dags/example_branch_operator.py for tasks to queue
[2023-11-22T20:52:56.125+0000] {logging_mixin.py:154} INFO - [2023-11-22T20:52:56.125+0000] {dagbag.py:536} INFO - Filling up the DagBag from /home/airflow/.local/lib/python3.8/site-packages/airflow/example_dags/example_branch_operator.py
[2023-11-22T20:52:56.134+0000] {processor.py:839} INFO - DAG(s) dict_keys(['example_branch_operator']) retrieved from /home/airflow/.local/lib/python3.8/site-packages/airflow/example_dags/example_branch_operator.py
[2023-11-22T20:52:56.157+0000] {logging_mixin.py:154} INFO - [2023-11-22T20:52:56.157+0000] {dag.py:2941} INFO - Sync 1 DAGs
[2023-11-22T20:52:56.183+0000] {logging_mixin.py:154} INFO - [2023-11-22T20:52:56.183+0000] {dag.py:3722} INFO - Setting next_dagrun for example_branch_operator to 2023-11-21T00:00:00+00:00, run_after=2023-11-22T00:00:00+00:00
[2023-11-22T20:52:56.204+0000] {processor.py:179} INFO - Processing /home/airflow/.local/lib/python3.8/site-packages/airflow/example_dags/example_branch_operator.py took 0.085 seconds
[2023-11-22T20:53:26.851+0000] {processor.py:157} INFO - Started process (PID=705) to work on /home/airflow/.local/lib/python3.8/site-packages/airflow/example_dags/example_branch_operator.py
[2023-11-22T20:53:26.852+0000] {processor.py:829} INFO - Processing file /home/airflow/.local/lib/python3.8/site-packages/airflow/example_dags/example_branch_operator.py for tasks to queue
[2023-11-22T20:53:26.857+0000] {logging_mixin.py:154} INFO - [2023-11-22T20:53:26.856+0000] {dagbag.py:536} INFO - Filling up the DagBag from /home/airflow/.local/lib/python3.8/site-packages/airflow/example_dags/example_branch_operator.py
[2023-11-22T20:53:26.866+0000] {processor.py:839} INFO - DAG(s) dict_keys(['example_branch_operator']) retrieved from /home/airflow/.local/lib/python3.8/site-packages/airflow/example_dags/example_branch_operator.py
[2023-11-22T20:53:26.891+0000] {logging_mixin.py:154} INFO - [2023-11-22T20:53:26.890+0000] {dag.py:2941} INFO - Sync 1 DAGs
[2023-11-22T20:53:26.915+0000] {logging_mixin.py:154} INFO - [2023-11-22T20:53:26.914+0000] {dag.py:3722} INFO - Setting next_dagrun for example_branch_operator to 2023-11-21T00:00:00+00:00, run_after=2023-11-22T00:00:00+00:00
[2023-11-22T20:53:26.942+0000] {processor.py:179} INFO - Processing /home/airflow/.local/lib/python3.8/site-packages/airflow/example_dags/example_branch_operator.py took 0.094 seconds
[2023-11-22T20:53:56.996+0000] {processor.py:157} INFO - Started process (PID=760) to work on /home/airflow/.local/lib/python3.8/site-packages/airflow/example_dags/example_branch_operator.py
[2023-11-22T20:53:56.997+0000] {processor.py:829} INFO - Processing file /home/airflow/.local/lib/python3.8/site-packages/airflow/example_dags/example_branch_operator.py for tasks to queue
[2023-11-22T20:53:57.001+0000] {logging_mixin.py:154} INFO - [2023-11-22T20:53:57.001+0000] {dagbag.py:536} INFO - Filling up the DagBag from /home/airflow/.local/lib/python3.8/site-packages/airflow/example_dags/example_branch_operator.py
[2023-11-22T20:53:57.014+0000] {processor.py:839} INFO - DAG(s) dict_keys(['example_branch_operator']) retrieved from /home/airflow/.local/lib/python3.8/site-packages/airflow/example_dags/example_branch_operator.py
[2023-11-22T20:53:57.043+0000] {logging_mixin.py:154} INFO - [2023-11-22T20:53:57.043+0000] {dag.py:2941} INFO - Sync 1 DAGs
[2023-11-22T20:53:57.070+0000] {logging_mixin.py:154} INFO - [2023-11-22T20:53:57.069+0000] {dag.py:3722} INFO - Setting next_dagrun for example_branch_operator to 2023-11-21T00:00:00+00:00, run_after=2023-11-22T00:00:00+00:00
[2023-11-22T20:53:57.098+0000] {processor.py:179} INFO - Processing /home/airflow/.local/lib/python3.8/site-packages/airflow/example_dags/example_branch_operator.py took 0.107 seconds
[2023-11-22T20:54:27.924+0000] {processor.py:157} INFO - Started process (PID=814) to work on /home/airflow/.local/lib/python3.8/site-packages/airflow/example_dags/example_branch_operator.py
[2023-11-22T20:54:27.926+0000] {processor.py:829} INFO - Processing file /home/airflow/.local/lib/python3.8/site-packages/airflow/example_dags/example_branch_operator.py for tasks to queue
[2023-11-22T20:54:27.929+0000] {logging_mixin.py:154} INFO - [2023-11-22T20:54:27.929+0000] {dagbag.py:536} INFO - Filling up the DagBag from /home/airflow/.local/lib/python3.8/site-packages/airflow/example_dags/example_branch_operator.py
[2023-11-22T20:54:27.939+0000] {processor.py:839} INFO - DAG(s) dict_keys(['example_branch_operator']) retrieved from /home/airflow/.local/lib/python3.8/site-packages/airflow/example_dags/example_branch_operator.py
[2023-11-22T20:54:27.984+0000] {logging_mixin.py:154} INFO - [2023-11-22T20:54:27.982+0000] {dag.py:2941} INFO - Sync 1 DAGs
[2023-11-22T20:54:28.026+0000] {logging_mixin.py:154} INFO - [2023-11-22T20:54:28.026+0000] {dag.py:3722} INFO - Setting next_dagrun for example_branch_operator to 2023-11-21T00:00:00+00:00, run_after=2023-11-22T00:00:00+00:00
[2023-11-22T20:54:28.055+0000] {processor.py:179} INFO - Processing /home/airflow/.local/lib/python3.8/site-packages/airflow/example_dags/example_branch_operator.py took 0.134 seconds
[2023-11-22T20:54:58.192+0000] {processor.py:157} INFO - Started process (PID=868) to work on /home/airflow/.local/lib/python3.8/site-packages/airflow/example_dags/example_branch_operator.py
[2023-11-22T20:54:58.193+0000] {processor.py:829} INFO - Processing file /home/airflow/.local/lib/python3.8/site-packages/airflow/example_dags/example_branch_operator.py for tasks to queue
[2023-11-22T20:54:58.196+0000] {logging_mixin.py:154} INFO - [2023-11-22T20:54:58.196+0000] {dagbag.py:536} INFO - Filling up the DagBag from /home/airflow/.local/lib/python3.8/site-packages/airflow/example_dags/example_branch_operator.py
[2023-11-22T20:54:58.207+0000] {processor.py:839} INFO - DAG(s) dict_keys(['example_branch_operator']) retrieved from /home/airflow/.local/lib/python3.8/site-packages/airflow/example_dags/example_branch_operator.py
[2023-11-22T20:54:58.359+0000] {logging_mixin.py:154} INFO - [2023-11-22T20:54:58.359+0000] {dag.py:2941} INFO - Sync 1 DAGs
[2023-11-22T20:54:58.393+0000] {logging_mixin.py:154} INFO - [2023-11-22T20:54:58.393+0000] {dag.py:3722} INFO - Setting next_dagrun for example_branch_operator to 2023-11-21T00:00:00+00:00, run_after=2023-11-22T00:00:00+00:00
[2023-11-22T20:54:58.417+0000] {processor.py:179} INFO - Processing /home/airflow/.local/lib/python3.8/site-packages/airflow/example_dags/example_branch_operator.py took 0.231 seconds
[2023-11-22T20:55:28.510+0000] {processor.py:157} INFO - Started process (PID=922) to work on /home/airflow/.local/lib/python3.8/site-packages/airflow/example_dags/example_branch_operator.py
[2023-11-22T20:55:28.511+0000] {processor.py:829} INFO - Processing file /home/airflow/.local/lib/python3.8/site-packages/airflow/example_dags/example_branch_operator.py for tasks to queue
[2023-11-22T20:55:28.514+0000] {logging_mixin.py:154} INFO - [2023-11-22T20:55:28.514+0000] {dagbag.py:536} INFO - Filling up the DagBag from /home/airflow/.local/lib/python3.8/site-packages/airflow/example_dags/example_branch_operator.py
[2023-11-22T20:55:28.524+0000] {processor.py:839} INFO - DAG(s) dict_keys(['example_branch_operator']) retrieved from /home/airflow/.local/lib/python3.8/site-packages/airflow/example_dags/example_branch_operator.py
[2023-11-22T20:55:28.548+0000] {logging_mixin.py:154} INFO - [2023-11-22T20:55:28.548+0000] {dag.py:2941} INFO - Sync 1 DAGs
[2023-11-22T20:55:28.585+0000] {logging_mixin.py:154} INFO - [2023-11-22T20:55:28.585+0000] {dag.py:3722} INFO - Setting next_dagrun for example_branch_operator to 2023-11-21T00:00:00+00:00, run_after=2023-11-22T00:00:00+00:00
[2023-11-22T20:55:28.614+0000] {processor.py:179} INFO - Processing /home/airflow/.local/lib/python3.8/site-packages/airflow/example_dags/example_branch_operator.py took 0.108 seconds
[2023-11-22T20:55:58.754+0000] {processor.py:157} INFO - Started process (PID=977) to work on /home/airflow/.local/lib/python3.8/site-packages/airflow/example_dags/example_branch_operator.py
[2023-11-22T20:55:58.756+0000] {processor.py:829} INFO - Processing file /home/airflow/.local/lib/python3.8/site-packages/airflow/example_dags/example_branch_operator.py for tasks to queue
[2023-11-22T20:55:58.759+0000] {logging_mixin.py:154} INFO - [2023-11-22T20:55:58.759+0000] {dagbag.py:536} INFO - Filling up the DagBag from /home/airflow/.local/lib/python3.8/site-packages/airflow/example_dags/example_branch_operator.py
[2023-11-22T20:55:58.770+0000] {processor.py:839} INFO - DAG(s) dict_keys(['example_branch_operator']) retrieved from /home/airflow/.local/lib/python3.8/site-packages/airflow/example_dags/example_branch_operator.py
[2023-11-22T20:55:58.794+0000] {logging_mixin.py:154} INFO - [2023-11-22T20:55:58.794+0000] {dag.py:2941} INFO - Sync 1 DAGs
[2023-11-22T20:55:58.819+0000] {logging_mixin.py:154} INFO - [2023-11-22T20:55:58.818+0000] {dag.py:3722} INFO - Setting next_dagrun for example_branch_operator to 2023-11-21T00:00:00+00:00, run_after=2023-11-22T00:00:00+00:00
[2023-11-22T20:55:59.023+0000] {processor.py:179} INFO - Processing /home/airflow/.local/lib/python3.8/site-packages/airflow/example_dags/example_branch_operator.py took 0.274 seconds
[2023-11-22T20:56:29.091+0000] {processor.py:157} INFO - Started process (PID=1031) to work on /home/airflow/.local/lib/python3.8/site-packages/airflow/example_dags/example_branch_operator.py
[2023-11-22T20:56:29.092+0000] {processor.py:829} INFO - Processing file /home/airflow/.local/lib/python3.8/site-packages/airflow/example_dags/example_branch_operator.py for tasks to queue
[2023-11-22T20:56:29.095+0000] {logging_mixin.py:154} INFO - [2023-11-22T20:56:29.095+0000] {dagbag.py:536} INFO - Filling up the DagBag from /home/airflow/.local/lib/python3.8/site-packages/airflow/example_dags/example_branch_operator.py
[2023-11-22T20:56:29.105+0000] {processor.py:839} INFO - DAG(s) dict_keys(['example_branch_operator']) retrieved from /home/airflow/.local/lib/python3.8/site-packages/airflow/example_dags/example_branch_operator.py
[2023-11-22T20:56:29.127+0000] {logging_mixin.py:154} INFO - [2023-11-22T20:56:29.127+0000] {dag.py:2941} INFO - Sync 1 DAGs
[2023-11-22T20:56:29.154+0000] {logging_mixin.py:154} INFO - [2023-11-22T20:56:29.154+0000] {dag.py:3722} INFO - Setting next_dagrun for example_branch_operator to 2023-11-21T00:00:00+00:00, run_after=2023-11-22T00:00:00+00:00
[2023-11-22T20:56:29.177+0000] {processor.py:179} INFO - Processing /home/airflow/.local/lib/python3.8/site-packages/airflow/example_dags/example_branch_operator.py took 0.091 seconds
[2023-11-22T20:57:00.201+0000] {processor.py:157} INFO - Started process (PID=1085) to work on /home/airflow/.local/lib/python3.8/site-packages/airflow/example_dags/example_branch_operator.py
[2023-11-22T20:57:00.203+0000] {processor.py:829} INFO - Processing file /home/airflow/.local/lib/python3.8/site-packages/airflow/example_dags/example_branch_operator.py for tasks to queue
[2023-11-22T20:57:00.206+0000] {logging_mixin.py:154} INFO - [2023-11-22T20:57:00.206+0000] {dagbag.py:536} INFO - Filling up the DagBag from /home/airflow/.local/lib/python3.8/site-packages/airflow/example_dags/example_branch_operator.py
[2023-11-22T20:57:00.216+0000] {processor.py:839} INFO - DAG(s) dict_keys(['example_branch_operator']) retrieved from /home/airflow/.local/lib/python3.8/site-packages/airflow/example_dags/example_branch_operator.py
[2023-11-22T20:57:00.238+0000] {logging_mixin.py:154} INFO - [2023-11-22T20:57:00.238+0000] {dag.py:2941} INFO - Sync 1 DAGs
[2023-11-22T20:57:00.270+0000] {logging_mixin.py:154} INFO - [2023-11-22T20:57:00.270+0000] {dag.py:3722} INFO - Setting next_dagrun for example_branch_operator to 2023-11-21T00:00:00+00:00, run_after=2023-11-22T00:00:00+00:00
[2023-11-22T20:57:00.301+0000] {processor.py:179} INFO - Processing /home/airflow/.local/lib/python3.8/site-packages/airflow/example_dags/example_branch_operator.py took 0.103 seconds
[2023-11-22T20:57:31.130+0000] {processor.py:157} INFO - Started process (PID=1139) to work on /home/airflow/.local/lib/python3.8/site-packages/airflow/example_dags/example_branch_operator.py
[2023-11-22T20:57:31.133+0000] {processor.py:829} INFO - Processing file /home/airflow/.local/lib/python3.8/site-packages/airflow/example_dags/example_branch_operator.py for tasks to queue
[2023-11-22T20:57:31.136+0000] {logging_mixin.py:154} INFO - [2023-11-22T20:57:31.136+0000] {dagbag.py:536} INFO - Filling up the DagBag from /home/airflow/.local/lib/python3.8/site-packages/airflow/example_dags/example_branch_operator.py
[2023-11-22T20:57:31.147+0000] {processor.py:839} INFO - DAG(s) dict_keys(['example_branch_operator']) retrieved from /home/airflow/.local/lib/python3.8/site-packages/airflow/example_dags/example_branch_operator.py
[2023-11-22T20:57:31.169+0000] {logging_mixin.py:154} INFO - [2023-11-22T20:57:31.169+0000] {dag.py:2941} INFO - Sync 1 DAGs
[2023-11-22T20:57:31.344+0000] {logging_mixin.py:154} INFO - [2023-11-22T20:57:31.344+0000] {dag.py:3722} INFO - Setting next_dagrun for example_branch_operator to 2023-11-21T00:00:00+00:00, run_after=2023-11-22T00:00:00+00:00
[2023-11-22T20:57:31.388+0000] {processor.py:179} INFO - Processing /home/airflow/.local/lib/python3.8/site-packages/airflow/example_dags/example_branch_operator.py took 0.262 seconds
[2023-11-22T20:58:02.249+0000] {processor.py:157} INFO - Started process (PID=1193) to work on /home/airflow/.local/lib/python3.8/site-packages/airflow/example_dags/example_branch_operator.py
[2023-11-22T20:58:02.251+0000] {processor.py:829} INFO - Processing file /home/airflow/.local/lib/python3.8/site-packages/airflow/example_dags/example_branch_operator.py for tasks to queue
[2023-11-22T20:58:02.254+0000] {logging_mixin.py:154} INFO - [2023-11-22T20:58:02.254+0000] {dagbag.py:536} INFO - Filling up the DagBag from /home/airflow/.local/lib/python3.8/site-packages/airflow/example_dags/example_branch_operator.py
[2023-11-22T20:58:02.264+0000] {processor.py:839} INFO - DAG(s) dict_keys(['example_branch_operator']) retrieved from /home/airflow/.local/lib/python3.8/site-packages/airflow/example_dags/example_branch_operator.py
[2023-11-22T20:58:02.292+0000] {logging_mixin.py:154} INFO - [2023-11-22T20:58:02.291+0000] {dag.py:2941} INFO - Sync 1 DAGs
[2023-11-22T20:58:02.314+0000] {logging_mixin.py:154} INFO - [2023-11-22T20:58:02.314+0000] {dag.py:3722} INFO - Setting next_dagrun for example_branch_operator to 2023-11-21T00:00:00+00:00, run_after=2023-11-22T00:00:00+00:00
[2023-11-22T20:58:02.376+0000] {processor.py:179} INFO - Processing /home/airflow/.local/lib/python3.8/site-packages/airflow/example_dags/example_branch_operator.py took 0.131 seconds
[2023-11-22T20:58:33.090+0000] {processor.py:157} INFO - Started process (PID=1247) to work on /home/airflow/.local/lib/python3.8/site-packages/airflow/example_dags/example_branch_operator.py
[2023-11-22T20:58:33.092+0000] {processor.py:829} INFO - Processing file /home/airflow/.local/lib/python3.8/site-packages/airflow/example_dags/example_branch_operator.py for tasks to queue
[2023-11-22T20:58:33.096+0000] {logging_mixin.py:154} INFO - [2023-11-22T20:58:33.096+0000] {dagbag.py:536} INFO - Filling up the DagBag from /home/airflow/.local/lib/python3.8/site-packages/airflow/example_dags/example_branch_operator.py
[2023-11-22T20:58:33.109+0000] {processor.py:839} INFO - DAG(s) dict_keys(['example_branch_operator']) retrieved from /home/airflow/.local/lib/python3.8/site-packages/airflow/example_dags/example_branch_operator.py
[2023-11-22T20:58:33.136+0000] {logging_mixin.py:154} INFO - [2023-11-22T20:58:33.136+0000] {dag.py:2941} INFO - Sync 1 DAGs
[2023-11-22T20:58:33.168+0000] {logging_mixin.py:154} INFO - [2023-11-22T20:58:33.168+0000] {dag.py:3722} INFO - Setting next_dagrun for example_branch_operator to 2023-11-21T00:00:00+00:00, run_after=2023-11-22T00:00:00+00:00
[2023-11-22T20:58:33.197+0000] {processor.py:179} INFO - Processing /home/airflow/.local/lib/python3.8/site-packages/airflow/example_dags/example_branch_operator.py took 0.111 seconds
[2023-11-22T20:59:03.666+0000] {processor.py:157} INFO - Started process (PID=1301) to work on /home/airflow/.local/lib/python3.8/site-packages/airflow/example_dags/example_branch_operator.py
[2023-11-22T20:59:03.668+0000] {processor.py:829} INFO - Processing file /home/airflow/.local/lib/python3.8/site-packages/airflow/example_dags/example_branch_operator.py for tasks to queue
[2023-11-22T20:59:03.670+0000] {logging_mixin.py:154} INFO - [2023-11-22T20:59:03.670+0000] {dagbag.py:536} INFO - Filling up the DagBag from /home/airflow/.local/lib/python3.8/site-packages/airflow/example_dags/example_branch_operator.py
[2023-11-22T20:59:03.684+0000] {processor.py:839} INFO - DAG(s) dict_keys(['example_branch_operator']) retrieved from /home/airflow/.local/lib/python3.8/site-packages/airflow/example_dags/example_branch_operator.py
[2023-11-22T20:59:03.710+0000] {logging_mixin.py:154} INFO - [2023-11-22T20:59:03.710+0000] {dag.py:2941} INFO - Sync 1 DAGs
[2023-11-22T20:59:03.898+0000] {logging_mixin.py:154} INFO - [2023-11-22T20:59:03.897+0000] {dag.py:3722} INFO - Setting next_dagrun for example_branch_operator to 2023-11-21T00:00:00+00:00, run_after=2023-11-22T00:00:00+00:00
[2023-11-22T20:59:03.920+0000] {processor.py:179} INFO - Processing /home/airflow/.local/lib/python3.8/site-packages/airflow/example_dags/example_branch_operator.py took 0.259 seconds
[2023-11-22T20:59:34.868+0000] {processor.py:157} INFO - Started process (PID=1355) to work on /home/airflow/.local/lib/python3.8/site-packages/airflow/example_dags/example_branch_operator.py
[2023-11-22T20:59:34.870+0000] {processor.py:829} INFO - Processing file /home/airflow/.local/lib/python3.8/site-packages/airflow/example_dags/example_branch_operator.py for tasks to queue
[2023-11-22T20:59:34.874+0000] {logging_mixin.py:154} INFO - [2023-11-22T20:59:34.873+0000] {dagbag.py:536} INFO - Filling up the DagBag from /home/airflow/.local/lib/python3.8/site-packages/airflow/example_dags/example_branch_operator.py
[2023-11-22T20:59:34.885+0000] {processor.py:839} INFO - DAG(s) dict_keys(['example_branch_operator']) retrieved from /home/airflow/.local/lib/python3.8/site-packages/airflow/example_dags/example_branch_operator.py
[2023-11-22T20:59:34.909+0000] {logging_mixin.py:154} INFO - [2023-11-22T20:59:34.908+0000] {dag.py:2941} INFO - Sync 1 DAGs
[2023-11-22T20:59:34.930+0000] {logging_mixin.py:154} INFO - [2023-11-22T20:59:34.930+0000] {dag.py:3722} INFO - Setting next_dagrun for example_branch_operator to 2023-11-21T00:00:00+00:00, run_after=2023-11-22T00:00:00+00:00
[2023-11-22T20:59:34.961+0000] {processor.py:179} INFO - Processing /home/airflow/.local/lib/python3.8/site-packages/airflow/example_dags/example_branch_operator.py took 0.098 seconds
[2023-11-22T21:00:05.774+0000] {processor.py:157} INFO - Started process (PID=1409) to work on /home/airflow/.local/lib/python3.8/site-packages/airflow/example_dags/example_branch_operator.py
[2023-11-22T21:00:05.775+0000] {processor.py:829} INFO - Processing file /home/airflow/.local/lib/python3.8/site-packages/airflow/example_dags/example_branch_operator.py for tasks to queue
[2023-11-22T21:00:05.778+0000] {logging_mixin.py:154} INFO - [2023-11-22T21:00:05.778+0000] {dagbag.py:536} INFO - Filling up the DagBag from /home/airflow/.local/lib/python3.8/site-packages/airflow/example_dags/example_branch_operator.py
[2023-11-22T21:00:05.790+0000] {processor.py:839} INFO - DAG(s) dict_keys(['example_branch_operator']) retrieved from /home/airflow/.local/lib/python3.8/site-packages/airflow/example_dags/example_branch_operator.py
[2023-11-22T21:00:05.816+0000] {logging_mixin.py:154} INFO - [2023-11-22T21:00:05.815+0000] {dag.py:2941} INFO - Sync 1 DAGs
[2023-11-22T21:00:05.852+0000] {logging_mixin.py:154} INFO - [2023-11-22T21:00:05.851+0000] {dag.py:3722} INFO - Setting next_dagrun for example_branch_operator to 2023-11-21T00:00:00+00:00, run_after=2023-11-22T00:00:00+00:00
[2023-11-22T21:00:05.878+0000] {processor.py:179} INFO - Processing /home/airflow/.local/lib/python3.8/site-packages/airflow/example_dags/example_branch_operator.py took 0.108 seconds
[2023-11-22T21:00:36.096+0000] {processor.py:157} INFO - Started process (PID=1463) to work on /home/airflow/.local/lib/python3.8/site-packages/airflow/example_dags/example_branch_operator.py
[2023-11-22T21:00:36.098+0000] {processor.py:829} INFO - Processing file /home/airflow/.local/lib/python3.8/site-packages/airflow/example_dags/example_branch_operator.py for tasks to queue
[2023-11-22T21:00:36.100+0000] {logging_mixin.py:154} INFO - [2023-11-22T21:00:36.100+0000] {dagbag.py:536} INFO - Filling up the DagBag from /home/airflow/.local/lib/python3.8/site-packages/airflow/example_dags/example_branch_operator.py
[2023-11-22T21:00:36.110+0000] {processor.py:839} INFO - DAG(s) dict_keys(['example_branch_operator']) retrieved from /home/airflow/.local/lib/python3.8/site-packages/airflow/example_dags/example_branch_operator.py
[2023-11-22T21:00:36.132+0000] {logging_mixin.py:154} INFO - [2023-11-22T21:00:36.131+0000] {dag.py:2941} INFO - Sync 1 DAGs
[2023-11-22T21:00:36.300+0000] {logging_mixin.py:154} INFO - [2023-11-22T21:00:36.300+0000] {dag.py:3722} INFO - Setting next_dagrun for example_branch_operator to 2023-11-21T00:00:00+00:00, run_after=2023-11-22T00:00:00+00:00
[2023-11-22T21:00:36.322+0000] {processor.py:179} INFO - Processing /home/airflow/.local/lib/python3.8/site-packages/airflow/example_dags/example_branch_operator.py took 0.229 seconds
[2023-11-22T21:01:06.780+0000] {processor.py:157} INFO - Started process (PID=1517) to work on /home/airflow/.local/lib/python3.8/site-packages/airflow/example_dags/example_branch_operator.py
[2023-11-22T21:01:06.782+0000] {processor.py:829} INFO - Processing file /home/airflow/.local/lib/python3.8/site-packages/airflow/example_dags/example_branch_operator.py for tasks to queue
[2023-11-22T21:01:06.786+0000] {logging_mixin.py:154} INFO - [2023-11-22T21:01:06.785+0000] {dagbag.py:536} INFO - Filling up the DagBag from /home/airflow/.local/lib/python3.8/site-packages/airflow/example_dags/example_branch_operator.py
[2023-11-22T21:01:06.802+0000] {processor.py:839} INFO - DAG(s) dict_keys(['example_branch_operator']) retrieved from /home/airflow/.local/lib/python3.8/site-packages/airflow/example_dags/example_branch_operator.py
[2023-11-22T21:01:06.825+0000] {logging_mixin.py:154} INFO - [2023-11-22T21:01:06.825+0000] {dag.py:2941} INFO - Sync 1 DAGs
[2023-11-22T21:01:06.848+0000] {logging_mixin.py:154} INFO - [2023-11-22T21:01:06.848+0000] {dag.py:3722} INFO - Setting next_dagrun for example_branch_operator to 2023-11-21T00:00:00+00:00, run_after=2023-11-22T00:00:00+00:00
[2023-11-22T21:01:07.024+0000] {processor.py:179} INFO - Processing /home/airflow/.local/lib/python3.8/site-packages/airflow/example_dags/example_branch_operator.py took 0.249 seconds
[2023-11-22T21:01:37.390+0000] {processor.py:157} INFO - Started process (PID=1571) to work on /home/airflow/.local/lib/python3.8/site-packages/airflow/example_dags/example_branch_operator.py
[2023-11-22T21:01:37.391+0000] {processor.py:829} INFO - Processing file /home/airflow/.local/lib/python3.8/site-packages/airflow/example_dags/example_branch_operator.py for tasks to queue
[2023-11-22T21:01:37.394+0000] {logging_mixin.py:154} INFO - [2023-11-22T21:01:37.394+0000] {dagbag.py:536} INFO - Filling up the DagBag from /home/airflow/.local/lib/python3.8/site-packages/airflow/example_dags/example_branch_operator.py
[2023-11-22T21:01:37.403+0000] {processor.py:839} INFO - DAG(s) dict_keys(['example_branch_operator']) retrieved from /home/airflow/.local/lib/python3.8/site-packages/airflow/example_dags/example_branch_operator.py
[2023-11-22T21:01:37.428+0000] {logging_mixin.py:154} INFO - [2023-11-22T21:01:37.428+0000] {dag.py:2941} INFO - Sync 1 DAGs
[2023-11-22T21:01:37.452+0000] {logging_mixin.py:154} INFO - [2023-11-22T21:01:37.452+0000] {dag.py:3722} INFO - Setting next_dagrun for example_branch_operator to 2023-11-21T00:00:00+00:00, run_after=2023-11-22T00:00:00+00:00
[2023-11-22T21:01:37.475+0000] {processor.py:179} INFO - Processing /home/airflow/.local/lib/python3.8/site-packages/airflow/example_dags/example_branch_operator.py took 0.089 seconds
[2023-11-22T21:02:08.423+0000] {processor.py:157} INFO - Started process (PID=1625) to work on /home/airflow/.local/lib/python3.8/site-packages/airflow/example_dags/example_branch_operator.py
[2023-11-22T21:02:08.424+0000] {processor.py:829} INFO - Processing file /home/airflow/.local/lib/python3.8/site-packages/airflow/example_dags/example_branch_operator.py for tasks to queue
[2023-11-22T21:02:08.427+0000] {logging_mixin.py:154} INFO - [2023-11-22T21:02:08.427+0000] {dagbag.py:536} INFO - Filling up the DagBag from /home/airflow/.local/lib/python3.8/site-packages/airflow/example_dags/example_branch_operator.py
[2023-11-22T21:02:08.439+0000] {processor.py:839} INFO - DAG(s) dict_keys(['example_branch_operator']) retrieved from /home/airflow/.local/lib/python3.8/site-packages/airflow/example_dags/example_branch_operator.py
[2023-11-22T21:02:08.468+0000] {logging_mixin.py:154} INFO - [2023-11-22T21:02:08.468+0000] {dag.py:2941} INFO - Sync 1 DAGs
[2023-11-22T21:02:08.644+0000] {logging_mixin.py:154} INFO - [2023-11-22T21:02:08.644+0000] {dag.py:3722} INFO - Setting next_dagrun for example_branch_operator to 2023-11-21T00:00:00+00:00, run_after=2023-11-22T00:00:00+00:00
[2023-11-22T21:02:08.666+0000] {processor.py:179} INFO - Processing /home/airflow/.local/lib/python3.8/site-packages/airflow/example_dags/example_branch_operator.py took 0.247 seconds
[2023-11-22T21:02:38.826+0000] {processor.py:157} INFO - Started process (PID=1680) to work on /home/airflow/.local/lib/python3.8/site-packages/airflow/example_dags/example_branch_operator.py
[2023-11-22T21:02:38.828+0000] {processor.py:829} INFO - Processing file /home/airflow/.local/lib/python3.8/site-packages/airflow/example_dags/example_branch_operator.py for tasks to queue
[2023-11-22T21:02:38.833+0000] {logging_mixin.py:154} INFO - [2023-11-22T21:02:38.832+0000] {dagbag.py:536} INFO - Filling up the DagBag from /home/airflow/.local/lib/python3.8/site-packages/airflow/example_dags/example_branch_operator.py
[2023-11-22T21:02:38.844+0000] {processor.py:839} INFO - DAG(s) dict_keys(['example_branch_operator']) retrieved from /home/airflow/.local/lib/python3.8/site-packages/airflow/example_dags/example_branch_operator.py
[2023-11-22T21:02:38.868+0000] {logging_mixin.py:154} INFO - [2023-11-22T21:02:38.868+0000] {dag.py:2941} INFO - Sync 1 DAGs
[2023-11-22T21:02:38.894+0000] {logging_mixin.py:154} INFO - [2023-11-22T21:02:38.893+0000] {dag.py:3722} INFO - Setting next_dagrun for example_branch_operator to 2023-11-21T00:00:00+00:00, run_after=2023-11-22T00:00:00+00:00
[2023-11-22T21:02:39.100+0000] {processor.py:179} INFO - Processing /home/airflow/.local/lib/python3.8/site-packages/airflow/example_dags/example_branch_operator.py took 0.279 seconds
[2023-11-22T21:03:09.811+0000] {processor.py:157} INFO - Started process (PID=1734) to work on /home/airflow/.local/lib/python3.8/site-packages/airflow/example_dags/example_branch_operator.py
[2023-11-22T21:03:09.813+0000] {processor.py:829} INFO - Processing file /home/airflow/.local/lib/python3.8/site-packages/airflow/example_dags/example_branch_operator.py for tasks to queue
[2023-11-22T21:03:09.816+0000] {logging_mixin.py:154} INFO - [2023-11-22T21:03:09.816+0000] {dagbag.py:536} INFO - Filling up the DagBag from /home/airflow/.local/lib/python3.8/site-packages/airflow/example_dags/example_branch_operator.py
[2023-11-22T21:03:09.827+0000] {processor.py:839} INFO - DAG(s) dict_keys(['example_branch_operator']) retrieved from /home/airflow/.local/lib/python3.8/site-packages/airflow/example_dags/example_branch_operator.py
[2023-11-22T21:03:09.849+0000] {logging_mixin.py:154} INFO - [2023-11-22T21:03:09.849+0000] {dag.py:2941} INFO - Sync 1 DAGs
[2023-11-22T21:03:09.880+0000] {logging_mixin.py:154} INFO - [2023-11-22T21:03:09.880+0000] {dag.py:3722} INFO - Setting next_dagrun for example_branch_operator to 2023-11-21T00:00:00+00:00, run_after=2023-11-22T00:00:00+00:00
[2023-11-22T21:03:09.953+0000] {processor.py:179} INFO - Processing /home/airflow/.local/lib/python3.8/site-packages/airflow/example_dags/example_branch_operator.py took 0.146 seconds
[2023-11-22T21:03:40.169+0000] {processor.py:157} INFO - Started process (PID=1788) to work on /home/airflow/.local/lib/python3.8/site-packages/airflow/example_dags/example_branch_operator.py
[2023-11-22T21:03:40.171+0000] {processor.py:829} INFO - Processing file /home/airflow/.local/lib/python3.8/site-packages/airflow/example_dags/example_branch_operator.py for tasks to queue
[2023-11-22T21:03:40.174+0000] {logging_mixin.py:154} INFO - [2023-11-22T21:03:40.174+0000] {dagbag.py:536} INFO - Filling up the DagBag from /home/airflow/.local/lib/python3.8/site-packages/airflow/example_dags/example_branch_operator.py
[2023-11-22T21:03:40.184+0000] {processor.py:839} INFO - DAG(s) dict_keys(['example_branch_operator']) retrieved from /home/airflow/.local/lib/python3.8/site-packages/airflow/example_dags/example_branch_operator.py
[2023-11-22T21:03:40.211+0000] {logging_mixin.py:154} INFO - [2023-11-22T21:03:40.211+0000] {dag.py:2941} INFO - Sync 1 DAGs
[2023-11-22T21:03:40.238+0000] {logging_mixin.py:154} INFO - [2023-11-22T21:03:40.238+0000] {dag.py:3722} INFO - Setting next_dagrun for example_branch_operator to 2023-11-21T00:00:00+00:00, run_after=2023-11-22T00:00:00+00:00
[2023-11-22T21:03:40.267+0000] {processor.py:179} INFO - Processing /home/airflow/.local/lib/python3.8/site-packages/airflow/example_dags/example_branch_operator.py took 0.103 seconds
[2023-11-22T21:04:10.490+0000] {processor.py:157} INFO - Started process (PID=1842) to work on /home/airflow/.local/lib/python3.8/site-packages/airflow/example_dags/example_branch_operator.py
[2023-11-22T21:04:10.492+0000] {processor.py:829} INFO - Processing file /home/airflow/.local/lib/python3.8/site-packages/airflow/example_dags/example_branch_operator.py for tasks to queue
[2023-11-22T21:04:10.496+0000] {logging_mixin.py:154} INFO - [2023-11-22T21:04:10.495+0000] {dagbag.py:536} INFO - Filling up the DagBag from /home/airflow/.local/lib/python3.8/site-packages/airflow/example_dags/example_branch_operator.py
[2023-11-22T21:04:10.509+0000] {processor.py:839} INFO - DAG(s) dict_keys(['example_branch_operator']) retrieved from /home/airflow/.local/lib/python3.8/site-packages/airflow/example_dags/example_branch_operator.py
[2023-11-22T21:04:10.542+0000] {logging_mixin.py:154} INFO - [2023-11-22T21:04:10.542+0000] {dag.py:2941} INFO - Sync 1 DAGs
[2023-11-22T21:04:10.573+0000] {logging_mixin.py:154} INFO - [2023-11-22T21:04:10.573+0000] {dag.py:3722} INFO - Setting next_dagrun for example_branch_operator to 2023-11-21T00:00:00+00:00, run_after=2023-11-22T00:00:00+00:00
[2023-11-22T21:04:10.596+0000] {processor.py:179} INFO - Processing /home/airflow/.local/lib/python3.8/site-packages/airflow/example_dags/example_branch_operator.py took 0.110 seconds
[2023-11-22T21:04:40.724+0000] {processor.py:157} INFO - Started process (PID=1896) to work on /home/airflow/.local/lib/python3.8/site-packages/airflow/example_dags/example_branch_operator.py
[2023-11-22T21:04:40.725+0000] {processor.py:829} INFO - Processing file /home/airflow/.local/lib/python3.8/site-packages/airflow/example_dags/example_branch_operator.py for tasks to queue
[2023-11-22T21:04:40.728+0000] {logging_mixin.py:154} INFO - [2023-11-22T21:04:40.728+0000] {dagbag.py:536} INFO - Filling up the DagBag from /home/airflow/.local/lib/python3.8/site-packages/airflow/example_dags/example_branch_operator.py
[2023-11-22T21:04:40.737+0000] {processor.py:839} INFO - DAG(s) dict_keys(['example_branch_operator']) retrieved from /home/airflow/.local/lib/python3.8/site-packages/airflow/example_dags/example_branch_operator.py
[2023-11-22T21:04:40.760+0000] {logging_mixin.py:154} INFO - [2023-11-22T21:04:40.760+0000] {dag.py:2941} INFO - Sync 1 DAGs
[2023-11-22T21:04:40.783+0000] {logging_mixin.py:154} INFO - [2023-11-22T21:04:40.783+0000] {dag.py:3722} INFO - Setting next_dagrun for example_branch_operator to 2023-11-21T00:00:00+00:00, run_after=2023-11-22T00:00:00+00:00
[2023-11-22T21:04:40.807+0000] {processor.py:179} INFO - Processing /home/airflow/.local/lib/python3.8/site-packages/airflow/example_dags/example_branch_operator.py took 0.087 seconds
[2023-11-22T21:05:10.961+0000] {processor.py:157} INFO - Started process (PID=1950) to work on /home/airflow/.local/lib/python3.8/site-packages/airflow/example_dags/example_branch_operator.py
[2023-11-22T21:05:10.963+0000] {processor.py:829} INFO - Processing file /home/airflow/.local/lib/python3.8/site-packages/airflow/example_dags/example_branch_operator.py for tasks to queue
[2023-11-22T21:05:10.968+0000] {logging_mixin.py:154} INFO - [2023-11-22T21:05:10.967+0000] {dagbag.py:536} INFO - Filling up the DagBag from /home/airflow/.local/lib/python3.8/site-packages/airflow/example_dags/example_branch_operator.py
[2023-11-22T21:05:10.977+0000] {processor.py:839} INFO - DAG(s) dict_keys(['example_branch_operator']) retrieved from /home/airflow/.local/lib/python3.8/site-packages/airflow/example_dags/example_branch_operator.py
[2023-11-22T21:05:11.000+0000] {logging_mixin.py:154} INFO - [2023-11-22T21:05:11.000+0000] {dag.py:2941} INFO - Sync 1 DAGs
[2023-11-22T21:05:11.022+0000] {logging_mixin.py:154} INFO - [2023-11-22T21:05:11.022+0000] {dag.py:3722} INFO - Setting next_dagrun for example_branch_operator to 2023-11-21T00:00:00+00:00, run_after=2023-11-22T00:00:00+00:00
[2023-11-22T21:05:11.046+0000] {processor.py:179} INFO - Processing /home/airflow/.local/lib/python3.8/site-packages/airflow/example_dags/example_branch_operator.py took 0.089 seconds
[2023-11-22T21:05:41.612+0000] {processor.py:157} INFO - Started process (PID=2004) to work on /home/airflow/.local/lib/python3.8/site-packages/airflow/example_dags/example_branch_operator.py
[2023-11-22T21:05:41.613+0000] {processor.py:829} INFO - Processing file /home/airflow/.local/lib/python3.8/site-packages/airflow/example_dags/example_branch_operator.py for tasks to queue
[2023-11-22T21:05:41.617+0000] {logging_mixin.py:154} INFO - [2023-11-22T21:05:41.616+0000] {dagbag.py:536} INFO - Filling up the DagBag from /home/airflow/.local/lib/python3.8/site-packages/airflow/example_dags/example_branch_operator.py
[2023-11-22T21:05:41.630+0000] {processor.py:839} INFO - DAG(s) dict_keys(['example_branch_operator']) retrieved from /home/airflow/.local/lib/python3.8/site-packages/airflow/example_dags/example_branch_operator.py
[2023-11-22T21:05:41.653+0000] {logging_mixin.py:154} INFO - [2023-11-22T21:05:41.653+0000] {dag.py:2941} INFO - Sync 1 DAGs
[2023-11-22T21:05:41.675+0000] {logging_mixin.py:154} INFO - [2023-11-22T21:05:41.674+0000] {dag.py:3722} INFO - Setting next_dagrun for example_branch_operator to 2023-11-21T00:00:00+00:00, run_after=2023-11-22T00:00:00+00:00
[2023-11-22T21:05:41.698+0000] {processor.py:179} INFO - Processing /home/airflow/.local/lib/python3.8/site-packages/airflow/example_dags/example_branch_operator.py took 0.090 seconds
[2023-11-22T21:06:11.786+0000] {processor.py:157} INFO - Started process (PID=2058) to work on /home/airflow/.local/lib/python3.8/site-packages/airflow/example_dags/example_branch_operator.py
[2023-11-22T21:06:11.788+0000] {processor.py:829} INFO - Processing file /home/airflow/.local/lib/python3.8/site-packages/airflow/example_dags/example_branch_operator.py for tasks to queue
[2023-11-22T21:06:11.791+0000] {logging_mixin.py:154} INFO - [2023-11-22T21:06:11.791+0000] {dagbag.py:536} INFO - Filling up the DagBag from /home/airflow/.local/lib/python3.8/site-packages/airflow/example_dags/example_branch_operator.py
[2023-11-22T21:06:11.802+0000] {processor.py:839} INFO - DAG(s) dict_keys(['example_branch_operator']) retrieved from /home/airflow/.local/lib/python3.8/site-packages/airflow/example_dags/example_branch_operator.py
[2023-11-22T21:06:11.832+0000] {logging_mixin.py:154} INFO - [2023-11-22T21:06:11.832+0000] {dag.py:2941} INFO - Sync 1 DAGs
[2023-11-22T21:06:11.871+0000] {logging_mixin.py:154} INFO - [2023-11-22T21:06:11.870+0000] {dag.py:3722} INFO - Setting next_dagrun for example_branch_operator to 2023-11-21T00:00:00+00:00, run_after=2023-11-22T00:00:00+00:00
[2023-11-22T21:06:11.901+0000] {processor.py:179} INFO - Processing /home/airflow/.local/lib/python3.8/site-packages/airflow/example_dags/example_branch_operator.py took 0.118 seconds
[2023-11-22T21:06:42.175+0000] {processor.py:157} INFO - Started process (PID=2113) to work on /home/airflow/.local/lib/python3.8/site-packages/airflow/example_dags/example_branch_operator.py
[2023-11-22T21:06:42.176+0000] {processor.py:829} INFO - Processing file /home/airflow/.local/lib/python3.8/site-packages/airflow/example_dags/example_branch_operator.py for tasks to queue
[2023-11-22T21:06:42.180+0000] {logging_mixin.py:154} INFO - [2023-11-22T21:06:42.180+0000] {dagbag.py:536} INFO - Filling up the DagBag from /home/airflow/.local/lib/python3.8/site-packages/airflow/example_dags/example_branch_operator.py
[2023-11-22T21:06:42.190+0000] {processor.py:839} INFO - DAG(s) dict_keys(['example_branch_operator']) retrieved from /home/airflow/.local/lib/python3.8/site-packages/airflow/example_dags/example_branch_operator.py
[2023-11-22T21:06:42.217+0000] {logging_mixin.py:154} INFO - [2023-11-22T21:06:42.217+0000] {dag.py:2941} INFO - Sync 1 DAGs
[2023-11-22T21:06:42.246+0000] {logging_mixin.py:154} INFO - [2023-11-22T21:06:42.246+0000] {dag.py:3722} INFO - Setting next_dagrun for example_branch_operator to 2023-11-21T00:00:00+00:00, run_after=2023-11-22T00:00:00+00:00
[2023-11-22T21:06:42.267+0000] {processor.py:179} INFO - Processing /home/airflow/.local/lib/python3.8/site-packages/airflow/example_dags/example_branch_operator.py took 0.096 seconds
[2023-11-22T21:07:12.484+0000] {processor.py:157} INFO - Started process (PID=2167) to work on /home/airflow/.local/lib/python3.8/site-packages/airflow/example_dags/example_branch_operator.py
[2023-11-22T21:07:12.485+0000] {processor.py:829} INFO - Processing file /home/airflow/.local/lib/python3.8/site-packages/airflow/example_dags/example_branch_operator.py for tasks to queue
[2023-11-22T21:07:12.488+0000] {logging_mixin.py:154} INFO - [2023-11-22T21:07:12.488+0000] {dagbag.py:536} INFO - Filling up the DagBag from /home/airflow/.local/lib/python3.8/site-packages/airflow/example_dags/example_branch_operator.py
[2023-11-22T21:07:12.497+0000] {processor.py:839} INFO - DAG(s) dict_keys(['example_branch_operator']) retrieved from /home/airflow/.local/lib/python3.8/site-packages/airflow/example_dags/example_branch_operator.py
[2023-11-22T21:07:12.520+0000] {logging_mixin.py:154} INFO - [2023-11-22T21:07:12.520+0000] {dag.py:2941} INFO - Sync 1 DAGs
[2023-11-22T21:07:12.544+0000] {logging_mixin.py:154} INFO - [2023-11-22T21:07:12.544+0000] {dag.py:3722} INFO - Setting next_dagrun for example_branch_operator to 2023-11-21T00:00:00+00:00, run_after=2023-11-22T00:00:00+00:00
[2023-11-22T21:07:12.569+0000] {processor.py:179} INFO - Processing /home/airflow/.local/lib/python3.8/site-packages/airflow/example_dags/example_branch_operator.py took 0.089 seconds
[2023-11-22T21:07:42.856+0000] {processor.py:157} INFO - Started process (PID=2221) to work on /home/airflow/.local/lib/python3.8/site-packages/airflow/example_dags/example_branch_operator.py
[2023-11-22T21:07:42.857+0000] {processor.py:829} INFO - Processing file /home/airflow/.local/lib/python3.8/site-packages/airflow/example_dags/example_branch_operator.py for tasks to queue
[2023-11-22T21:07:42.860+0000] {logging_mixin.py:154} INFO - [2023-11-22T21:07:42.860+0000] {dagbag.py:536} INFO - Filling up the DagBag from /home/airflow/.local/lib/python3.8/site-packages/airflow/example_dags/example_branch_operator.py
[2023-11-22T21:07:42.872+0000] {processor.py:839} INFO - DAG(s) dict_keys(['example_branch_operator']) retrieved from /home/airflow/.local/lib/python3.8/site-packages/airflow/example_dags/example_branch_operator.py
[2023-11-22T21:07:42.896+0000] {logging_mixin.py:154} INFO - [2023-11-22T21:07:42.895+0000] {dag.py:2941} INFO - Sync 1 DAGs
[2023-11-22T21:07:42.921+0000] {logging_mixin.py:154} INFO - [2023-11-22T21:07:42.921+0000] {dag.py:3722} INFO - Setting next_dagrun for example_branch_operator to 2023-11-21T00:00:00+00:00, run_after=2023-11-22T00:00:00+00:00
[2023-11-22T21:07:42.944+0000] {processor.py:179} INFO - Processing /home/airflow/.local/lib/python3.8/site-packages/airflow/example_dags/example_branch_operator.py took 0.091 seconds
[2023-11-22T21:08:13.093+0000] {processor.py:157} INFO - Started process (PID=2275) to work on /home/airflow/.local/lib/python3.8/site-packages/airflow/example_dags/example_branch_operator.py
[2023-11-22T21:08:13.094+0000] {processor.py:829} INFO - Processing file /home/airflow/.local/lib/python3.8/site-packages/airflow/example_dags/example_branch_operator.py for tasks to queue
[2023-11-22T21:08:13.097+0000] {logging_mixin.py:154} INFO - [2023-11-22T21:08:13.097+0000] {dagbag.py:536} INFO - Filling up the DagBag from /home/airflow/.local/lib/python3.8/site-packages/airflow/example_dags/example_branch_operator.py
[2023-11-22T21:08:13.109+0000] {processor.py:839} INFO - DAG(s) dict_keys(['example_branch_operator']) retrieved from /home/airflow/.local/lib/python3.8/site-packages/airflow/example_dags/example_branch_operator.py
[2023-11-22T21:08:13.174+0000] {logging_mixin.py:154} INFO - [2023-11-22T21:08:13.174+0000] {dag.py:2941} INFO - Sync 1 DAGs
[2023-11-22T21:08:13.197+0000] {logging_mixin.py:154} INFO - [2023-11-22T21:08:13.197+0000] {dag.py:3722} INFO - Setting next_dagrun for example_branch_operator to 2023-11-21T00:00:00+00:00, run_after=2023-11-22T00:00:00+00:00
[2023-11-22T21:08:13.233+0000] {processor.py:179} INFO - Processing /home/airflow/.local/lib/python3.8/site-packages/airflow/example_dags/example_branch_operator.py took 0.144 seconds
[2023-11-22T21:08:43.766+0000] {processor.py:157} INFO - Started process (PID=2329) to work on /home/airflow/.local/lib/python3.8/site-packages/airflow/example_dags/example_branch_operator.py
[2023-11-22T21:08:43.768+0000] {processor.py:829} INFO - Processing file /home/airflow/.local/lib/python3.8/site-packages/airflow/example_dags/example_branch_operator.py for tasks to queue
[2023-11-22T21:08:43.771+0000] {logging_mixin.py:154} INFO - [2023-11-22T21:08:43.770+0000] {dagbag.py:536} INFO - Filling up the DagBag from /home/airflow/.local/lib/python3.8/site-packages/airflow/example_dags/example_branch_operator.py
[2023-11-22T21:08:43.782+0000] {processor.py:839} INFO - DAG(s) dict_keys(['example_branch_operator']) retrieved from /home/airflow/.local/lib/python3.8/site-packages/airflow/example_dags/example_branch_operator.py
[2023-11-22T21:08:43.809+0000] {logging_mixin.py:154} INFO - [2023-11-22T21:08:43.809+0000] {dag.py:2941} INFO - Sync 1 DAGs
[2023-11-22T21:08:43.833+0000] {logging_mixin.py:154} INFO - [2023-11-22T21:08:43.833+0000] {dag.py:3722} INFO - Setting next_dagrun for example_branch_operator to 2023-11-21T00:00:00+00:00, run_after=2023-11-22T00:00:00+00:00
[2023-11-22T21:08:43.878+0000] {processor.py:179} INFO - Processing /home/airflow/.local/lib/python3.8/site-packages/airflow/example_dags/example_branch_operator.py took 0.115 seconds
[2023-11-22T21:09:13.926+0000] {processor.py:157} INFO - Started process (PID=2382) to work on /home/airflow/.local/lib/python3.8/site-packages/airflow/example_dags/example_branch_operator.py
[2023-11-22T21:09:13.927+0000] {processor.py:829} INFO - Processing file /home/airflow/.local/lib/python3.8/site-packages/airflow/example_dags/example_branch_operator.py for tasks to queue
[2023-11-22T21:09:13.930+0000] {logging_mixin.py:154} INFO - [2023-11-22T21:09:13.930+0000] {dagbag.py:536} INFO - Filling up the DagBag from /home/airflow/.local/lib/python3.8/site-packages/airflow/example_dags/example_branch_operator.py
[2023-11-22T21:09:13.943+0000] {processor.py:839} INFO - DAG(s) dict_keys(['example_branch_operator']) retrieved from /home/airflow/.local/lib/python3.8/site-packages/airflow/example_dags/example_branch_operator.py
[2023-11-22T21:09:13.966+0000] {logging_mixin.py:154} INFO - [2023-11-22T21:09:13.966+0000] {dag.py:2941} INFO - Sync 1 DAGs
[2023-11-22T21:09:13.992+0000] {logging_mixin.py:154} INFO - [2023-11-22T21:09:13.992+0000] {dag.py:3722} INFO - Setting next_dagrun for example_branch_operator to 2023-11-21T00:00:00+00:00, run_after=2023-11-22T00:00:00+00:00
[2023-11-22T21:09:14.013+0000] {processor.py:179} INFO - Processing /home/airflow/.local/lib/python3.8/site-packages/airflow/example_dags/example_branch_operator.py took 0.093 seconds
[2023-11-22T21:09:44.087+0000] {processor.py:157} INFO - Started process (PID=2435) to work on /home/airflow/.local/lib/python3.8/site-packages/airflow/example_dags/example_branch_operator.py
[2023-11-22T21:09:44.089+0000] {processor.py:829} INFO - Processing file /home/airflow/.local/lib/python3.8/site-packages/airflow/example_dags/example_branch_operator.py for tasks to queue
[2023-11-22T21:09:44.092+0000] {logging_mixin.py:154} INFO - [2023-11-22T21:09:44.092+0000] {dagbag.py:536} INFO - Filling up the DagBag from /home/airflow/.local/lib/python3.8/site-packages/airflow/example_dags/example_branch_operator.py
[2023-11-22T21:09:44.105+0000] {processor.py:839} INFO - DAG(s) dict_keys(['example_branch_operator']) retrieved from /home/airflow/.local/lib/python3.8/site-packages/airflow/example_dags/example_branch_operator.py
[2023-11-22T21:09:44.131+0000] {logging_mixin.py:154} INFO - [2023-11-22T21:09:44.131+0000] {dag.py:2941} INFO - Sync 1 DAGs
[2023-11-22T21:09:44.155+0000] {logging_mixin.py:154} INFO - [2023-11-22T21:09:44.155+0000] {dag.py:3722} INFO - Setting next_dagrun for example_branch_operator to 2023-11-21T00:00:00+00:00, run_after=2023-11-22T00:00:00+00:00
[2023-11-22T21:09:44.176+0000] {processor.py:179} INFO - Processing /home/airflow/.local/lib/python3.8/site-packages/airflow/example_dags/example_branch_operator.py took 0.093 seconds
[2023-11-22T21:10:14.339+0000] {processor.py:157} INFO - Started process (PID=2489) to work on /home/airflow/.local/lib/python3.8/site-packages/airflow/example_dags/example_branch_operator.py
[2023-11-22T21:10:14.340+0000] {processor.py:829} INFO - Processing file /home/airflow/.local/lib/python3.8/site-packages/airflow/example_dags/example_branch_operator.py for tasks to queue
[2023-11-22T21:10:14.343+0000] {logging_mixin.py:154} INFO - [2023-11-22T21:10:14.343+0000] {dagbag.py:536} INFO - Filling up the DagBag from /home/airflow/.local/lib/python3.8/site-packages/airflow/example_dags/example_branch_operator.py
[2023-11-22T21:10:14.353+0000] {processor.py:839} INFO - DAG(s) dict_keys(['example_branch_operator']) retrieved from /home/airflow/.local/lib/python3.8/site-packages/airflow/example_dags/example_branch_operator.py
[2023-11-22T21:10:14.376+0000] {logging_mixin.py:154} INFO - [2023-11-22T21:10:14.376+0000] {dag.py:2941} INFO - Sync 1 DAGs
[2023-11-22T21:10:14.403+0000] {logging_mixin.py:154} INFO - [2023-11-22T21:10:14.403+0000] {dag.py:3722} INFO - Setting next_dagrun for example_branch_operator to 2023-11-21T00:00:00+00:00, run_after=2023-11-22T00:00:00+00:00
[2023-11-22T21:10:14.425+0000] {processor.py:179} INFO - Processing /home/airflow/.local/lib/python3.8/site-packages/airflow/example_dags/example_branch_operator.py took 0.090 seconds
[2023-11-22T21:10:44.845+0000] {processor.py:157} INFO - Started process (PID=2543) to work on /home/airflow/.local/lib/python3.8/site-packages/airflow/example_dags/example_branch_operator.py
[2023-11-22T21:10:44.847+0000] {processor.py:829} INFO - Processing file /home/airflow/.local/lib/python3.8/site-packages/airflow/example_dags/example_branch_operator.py for tasks to queue
[2023-11-22T21:10:44.851+0000] {logging_mixin.py:154} INFO - [2023-11-22T21:10:44.850+0000] {dagbag.py:536} INFO - Filling up the DagBag from /home/airflow/.local/lib/python3.8/site-packages/airflow/example_dags/example_branch_operator.py
[2023-11-22T21:10:44.867+0000] {processor.py:839} INFO - DAG(s) dict_keys(['example_branch_operator']) retrieved from /home/airflow/.local/lib/python3.8/site-packages/airflow/example_dags/example_branch_operator.py
[2023-11-22T21:10:44.930+0000] {logging_mixin.py:154} INFO - [2023-11-22T21:10:44.930+0000] {dag.py:2941} INFO - Sync 1 DAGs
[2023-11-22T21:10:44.959+0000] {logging_mixin.py:154} INFO - [2023-11-22T21:10:44.958+0000] {dag.py:3722} INFO - Setting next_dagrun for example_branch_operator to 2023-11-21T00:00:00+00:00, run_after=2023-11-22T00:00:00+00:00
[2023-11-22T21:10:44.984+0000] {processor.py:179} INFO - Processing /home/airflow/.local/lib/python3.8/site-packages/airflow/example_dags/example_branch_operator.py took 0.145 seconds
[2023-11-22T21:11:15.589+0000] {processor.py:157} INFO - Started process (PID=2597) to work on /home/airflow/.local/lib/python3.8/site-packages/airflow/example_dags/example_branch_operator.py
[2023-11-22T21:11:15.611+0000] {processor.py:829} INFO - Processing file /home/airflow/.local/lib/python3.8/site-packages/airflow/example_dags/example_branch_operator.py for tasks to queue
[2023-11-22T21:11:15.678+0000] {logging_mixin.py:154} INFO - [2023-11-22T21:11:15.674+0000] {dagbag.py:536} INFO - Filling up the DagBag from /home/airflow/.local/lib/python3.8/site-packages/airflow/example_dags/example_branch_operator.py
[2023-11-22T21:11:15.841+0000] {processor.py:839} INFO - DAG(s) dict_keys(['example_branch_operator']) retrieved from /home/airflow/.local/lib/python3.8/site-packages/airflow/example_dags/example_branch_operator.py
[2023-11-22T21:11:15.943+0000] {logging_mixin.py:154} INFO - [2023-11-22T21:11:15.943+0000] {dag.py:2941} INFO - Sync 1 DAGs
[2023-11-22T21:11:15.974+0000] {logging_mixin.py:154} INFO - [2023-11-22T21:11:15.974+0000] {dag.py:3722} INFO - Setting next_dagrun for example_branch_operator to 2023-11-21T00:00:00+00:00, run_after=2023-11-22T00:00:00+00:00
[2023-11-22T21:11:16.001+0000] {processor.py:179} INFO - Processing /home/airflow/.local/lib/python3.8/site-packages/airflow/example_dags/example_branch_operator.py took 0.489 seconds
[2023-11-22T21:11:46.994+0000] {processor.py:157} INFO - Started process (PID=2651) to work on /home/airflow/.local/lib/python3.8/site-packages/airflow/example_dags/example_branch_operator.py
[2023-11-22T21:11:46.995+0000] {processor.py:829} INFO - Processing file /home/airflow/.local/lib/python3.8/site-packages/airflow/example_dags/example_branch_operator.py for tasks to queue
[2023-11-22T21:11:46.998+0000] {logging_mixin.py:154} INFO - [2023-11-22T21:11:46.998+0000] {dagbag.py:536} INFO - Filling up the DagBag from /home/airflow/.local/lib/python3.8/site-packages/airflow/example_dags/example_branch_operator.py
[2023-11-22T21:11:47.008+0000] {processor.py:839} INFO - DAG(s) dict_keys(['example_branch_operator']) retrieved from /home/airflow/.local/lib/python3.8/site-packages/airflow/example_dags/example_branch_operator.py
[2023-11-22T21:11:47.031+0000] {logging_mixin.py:154} INFO - [2023-11-22T21:11:47.031+0000] {dag.py:2941} INFO - Sync 1 DAGs
[2023-11-22T21:11:47.055+0000] {logging_mixin.py:154} INFO - [2023-11-22T21:11:47.055+0000] {dag.py:3722} INFO - Setting next_dagrun for example_branch_operator to 2023-11-21T00:00:00+00:00, run_after=2023-11-22T00:00:00+00:00
[2023-11-22T21:11:47.079+0000] {processor.py:179} INFO - Processing /home/airflow/.local/lib/python3.8/site-packages/airflow/example_dags/example_branch_operator.py took 0.088 seconds
