[2023-11-22T20:46:50.388+0000] {processor.py:157} INFO - Started process (PID=54) to work on /home/airflow/.local/lib/python3.8/site-packages/airflow/example_dags/example_nested_branch_dag.py
[2023-11-22T20:46:50.391+0000] {processor.py:829} INFO - Processing file /home/airflow/.local/lib/python3.8/site-packages/airflow/example_dags/example_nested_branch_dag.py for tasks to queue
[2023-11-22T20:46:50.400+0000] {logging_mixin.py:154} INFO - [2023-11-22T20:46:50.399+0000] {dagbag.py:536} INFO - Filling up the DagBag from /home/airflow/.local/lib/python3.8/site-packages/airflow/example_dags/example_nested_branch_dag.py
[2023-11-22T20:46:50.445+0000] {processor.py:839} INFO - DAG(s) dict_keys(['example_nested_branch_dag']) retrieved from /home/airflow/.local/lib/python3.8/site-packages/airflow/example_dags/example_nested_branch_dag.py
[2023-11-22T20:46:50.521+0000] {logging_mixin.py:154} INFO - [2023-11-22T20:46:50.521+0000] {dag.py:2941} INFO - Sync 1 DAGs
[2023-11-22T20:46:50.557+0000] {logging_mixin.py:154} INFO - [2023-11-22T20:46:50.557+0000] {dag.py:3722} INFO - Setting next_dagrun for example_nested_branch_dag to 2023-11-21T00:00:00+00:00, run_after=2023-11-22T00:00:00+00:00
[2023-11-22T20:46:50.824+0000] {processor.py:179} INFO - Processing /home/airflow/.local/lib/python3.8/site-packages/airflow/example_dags/example_nested_branch_dag.py took 0.450 seconds
[2023-11-22T20:47:24.674+0000] {processor.py:157} INFO - Started process (PID=108) to work on /home/airflow/.local/lib/python3.8/site-packages/airflow/example_dags/example_nested_branch_dag.py
[2023-11-22T20:47:24.679+0000] {processor.py:829} INFO - Processing file /home/airflow/.local/lib/python3.8/site-packages/airflow/example_dags/example_nested_branch_dag.py for tasks to queue
[2023-11-22T20:47:24.686+0000] {logging_mixin.py:154} INFO - [2023-11-22T20:47:24.685+0000] {dagbag.py:536} INFO - Filling up the DagBag from /home/airflow/.local/lib/python3.8/site-packages/airflow/example_dags/example_nested_branch_dag.py
[2023-11-22T20:47:24.716+0000] {processor.py:839} INFO - DAG(s) dict_keys(['example_nested_branch_dag']) retrieved from /home/airflow/.local/lib/python3.8/site-packages/airflow/example_dags/example_nested_branch_dag.py
[2023-11-22T20:47:24.769+0000] {logging_mixin.py:154} INFO - [2023-11-22T20:47:24.769+0000] {dag.py:2941} INFO - Sync 1 DAGs
[2023-11-22T20:47:24.835+0000] {logging_mixin.py:154} INFO - [2023-11-22T20:47:24.834+0000] {dag.py:3722} INFO - Setting next_dagrun for example_nested_branch_dag to 2023-11-21T00:00:00+00:00, run_after=2023-11-22T00:00:00+00:00
[2023-11-22T20:47:24.896+0000] {processor.py:179} INFO - Processing /home/airflow/.local/lib/python3.8/site-packages/airflow/example_dags/example_nested_branch_dag.py took 0.230 seconds
[2023-11-22T20:47:58.260+0000] {processor.py:157} INFO - Started process (PID=160) to work on /home/airflow/.local/lib/python3.8/site-packages/airflow/example_dags/example_nested_branch_dag.py
[2023-11-22T20:47:58.262+0000] {processor.py:829} INFO - Processing file /home/airflow/.local/lib/python3.8/site-packages/airflow/example_dags/example_nested_branch_dag.py for tasks to queue
[2023-11-22T20:47:58.265+0000] {logging_mixin.py:154} INFO - [2023-11-22T20:47:58.264+0000] {dagbag.py:536} INFO - Filling up the DagBag from /home/airflow/.local/lib/python3.8/site-packages/airflow/example_dags/example_nested_branch_dag.py
[2023-11-22T20:47:58.279+0000] {processor.py:839} INFO - DAG(s) dict_keys(['example_nested_branch_dag']) retrieved from /home/airflow/.local/lib/python3.8/site-packages/airflow/example_dags/example_nested_branch_dag.py
[2023-11-22T20:47:58.308+0000] {logging_mixin.py:154} INFO - [2023-11-22T20:47:58.308+0000] {dag.py:2941} INFO - Sync 1 DAGs
[2023-11-22T20:47:58.341+0000] {logging_mixin.py:154} INFO - [2023-11-22T20:47:58.340+0000] {dag.py:3722} INFO - Setting next_dagrun for example_nested_branch_dag to 2023-11-21T00:00:00+00:00, run_after=2023-11-22T00:00:00+00:00
[2023-11-22T20:47:58.368+0000] {processor.py:179} INFO - Processing /home/airflow/.local/lib/python3.8/site-packages/airflow/example_dags/example_nested_branch_dag.py took 0.112 seconds
[2023-11-22T20:48:29.331+0000] {processor.py:157} INFO - Started process (PID=214) to work on /home/airflow/.local/lib/python3.8/site-packages/airflow/example_dags/example_nested_branch_dag.py
[2023-11-22T20:48:29.332+0000] {processor.py:829} INFO - Processing file /home/airflow/.local/lib/python3.8/site-packages/airflow/example_dags/example_nested_branch_dag.py for tasks to queue
[2023-11-22T20:48:29.335+0000] {logging_mixin.py:154} INFO - [2023-11-22T20:48:29.334+0000] {dagbag.py:536} INFO - Filling up the DagBag from /home/airflow/.local/lib/python3.8/site-packages/airflow/example_dags/example_nested_branch_dag.py
[2023-11-22T20:48:29.346+0000] {processor.py:839} INFO - DAG(s) dict_keys(['example_nested_branch_dag']) retrieved from /home/airflow/.local/lib/python3.8/site-packages/airflow/example_dags/example_nested_branch_dag.py
[2023-11-22T20:48:29.368+0000] {logging_mixin.py:154} INFO - [2023-11-22T20:48:29.367+0000] {dag.py:2941} INFO - Sync 1 DAGs
[2023-11-22T20:48:29.394+0000] {logging_mixin.py:154} INFO - [2023-11-22T20:48:29.394+0000] {dag.py:3722} INFO - Setting next_dagrun for example_nested_branch_dag to 2023-11-21T00:00:00+00:00, run_after=2023-11-22T00:00:00+00:00
[2023-11-22T20:48:29.416+0000] {processor.py:179} INFO - Processing /home/airflow/.local/lib/python3.8/site-packages/airflow/example_dags/example_nested_branch_dag.py took 0.089 seconds
[2023-11-22T20:48:59.949+0000] {processor.py:157} INFO - Started process (PID=268) to work on /home/airflow/.local/lib/python3.8/site-packages/airflow/example_dags/example_nested_branch_dag.py
[2023-11-22T20:48:59.951+0000] {processor.py:829} INFO - Processing file /home/airflow/.local/lib/python3.8/site-packages/airflow/example_dags/example_nested_branch_dag.py for tasks to queue
[2023-11-22T20:48:59.954+0000] {logging_mixin.py:154} INFO - [2023-11-22T20:48:59.953+0000] {dagbag.py:536} INFO - Filling up the DagBag from /home/airflow/.local/lib/python3.8/site-packages/airflow/example_dags/example_nested_branch_dag.py
[2023-11-22T20:48:59.968+0000] {processor.py:839} INFO - DAG(s) dict_keys(['example_nested_branch_dag']) retrieved from /home/airflow/.local/lib/python3.8/site-packages/airflow/example_dags/example_nested_branch_dag.py
[2023-11-22T20:48:59.993+0000] {logging_mixin.py:154} INFO - [2023-11-22T20:48:59.993+0000] {dag.py:2941} INFO - Sync 1 DAGs
[2023-11-22T20:49:00.037+0000] {logging_mixin.py:154} INFO - [2023-11-22T20:49:00.037+0000] {dag.py:3722} INFO - Setting next_dagrun for example_nested_branch_dag to 2023-11-21T00:00:00+00:00, run_after=2023-11-22T00:00:00+00:00
[2023-11-22T20:49:00.074+0000] {processor.py:179} INFO - Processing /home/airflow/.local/lib/python3.8/site-packages/airflow/example_dags/example_nested_branch_dag.py took 0.132 seconds
[2023-11-22T20:49:30.343+0000] {processor.py:157} INFO - Started process (PID=322) to work on /home/airflow/.local/lib/python3.8/site-packages/airflow/example_dags/example_nested_branch_dag.py
[2023-11-22T20:49:30.344+0000] {processor.py:829} INFO - Processing file /home/airflow/.local/lib/python3.8/site-packages/airflow/example_dags/example_nested_branch_dag.py for tasks to queue
[2023-11-22T20:49:30.347+0000] {logging_mixin.py:154} INFO - [2023-11-22T20:49:30.347+0000] {dagbag.py:536} INFO - Filling up the DagBag from /home/airflow/.local/lib/python3.8/site-packages/airflow/example_dags/example_nested_branch_dag.py
[2023-11-22T20:49:30.358+0000] {processor.py:839} INFO - DAG(s) dict_keys(['example_nested_branch_dag']) retrieved from /home/airflow/.local/lib/python3.8/site-packages/airflow/example_dags/example_nested_branch_dag.py
[2023-11-22T20:49:30.382+0000] {logging_mixin.py:154} INFO - [2023-11-22T20:49:30.382+0000] {dag.py:2941} INFO - Sync 1 DAGs
[2023-11-22T20:49:30.409+0000] {logging_mixin.py:154} INFO - [2023-11-22T20:49:30.409+0000] {dag.py:3722} INFO - Setting next_dagrun for example_nested_branch_dag to 2023-11-21T00:00:00+00:00, run_after=2023-11-22T00:00:00+00:00
[2023-11-22T20:49:30.435+0000] {processor.py:179} INFO - Processing /home/airflow/.local/lib/python3.8/site-packages/airflow/example_dags/example_nested_branch_dag.py took 0.096 seconds
[2023-11-22T20:50:01.496+0000] {processor.py:157} INFO - Started process (PID=376) to work on /home/airflow/.local/lib/python3.8/site-packages/airflow/example_dags/example_nested_branch_dag.py
[2023-11-22T20:50:01.498+0000] {processor.py:829} INFO - Processing file /home/airflow/.local/lib/python3.8/site-packages/airflow/example_dags/example_nested_branch_dag.py for tasks to queue
[2023-11-22T20:50:01.501+0000] {logging_mixin.py:154} INFO - [2023-11-22T20:50:01.501+0000] {dagbag.py:536} INFO - Filling up the DagBag from /home/airflow/.local/lib/python3.8/site-packages/airflow/example_dags/example_nested_branch_dag.py
[2023-11-22T20:50:01.514+0000] {processor.py:839} INFO - DAG(s) dict_keys(['example_nested_branch_dag']) retrieved from /home/airflow/.local/lib/python3.8/site-packages/airflow/example_dags/example_nested_branch_dag.py
[2023-11-22T20:50:01.540+0000] {logging_mixin.py:154} INFO - [2023-11-22T20:50:01.539+0000] {dag.py:2941} INFO - Sync 1 DAGs
[2023-11-22T20:50:01.564+0000] {logging_mixin.py:154} INFO - [2023-11-22T20:50:01.564+0000] {dag.py:3722} INFO - Setting next_dagrun for example_nested_branch_dag to 2023-11-21T00:00:00+00:00, run_after=2023-11-22T00:00:00+00:00
[2023-11-22T20:50:01.584+0000] {processor.py:179} INFO - Processing /home/airflow/.local/lib/python3.8/site-packages/airflow/example_dags/example_nested_branch_dag.py took 0.091 seconds
[2023-11-22T20:50:31.688+0000] {processor.py:157} INFO - Started process (PID=430) to work on /home/airflow/.local/lib/python3.8/site-packages/airflow/example_dags/example_nested_branch_dag.py
[2023-11-22T20:50:31.690+0000] {processor.py:829} INFO - Processing file /home/airflow/.local/lib/python3.8/site-packages/airflow/example_dags/example_nested_branch_dag.py for tasks to queue
[2023-11-22T20:50:31.693+0000] {logging_mixin.py:154} INFO - [2023-11-22T20:50:31.693+0000] {dagbag.py:536} INFO - Filling up the DagBag from /home/airflow/.local/lib/python3.8/site-packages/airflow/example_dags/example_nested_branch_dag.py
[2023-11-22T20:50:31.705+0000] {processor.py:839} INFO - DAG(s) dict_keys(['example_nested_branch_dag']) retrieved from /home/airflow/.local/lib/python3.8/site-packages/airflow/example_dags/example_nested_branch_dag.py
[2023-11-22T20:50:31.735+0000] {logging_mixin.py:154} INFO - [2023-11-22T20:50:31.734+0000] {dag.py:2941} INFO - Sync 1 DAGs
[2023-11-22T20:50:31.765+0000] {logging_mixin.py:154} INFO - [2023-11-22T20:50:31.765+0000] {dag.py:3722} INFO - Setting next_dagrun for example_nested_branch_dag to 2023-11-21T00:00:00+00:00, run_after=2023-11-22T00:00:00+00:00
[2023-11-22T20:50:31.790+0000] {processor.py:179} INFO - Processing /home/airflow/.local/lib/python3.8/site-packages/airflow/example_dags/example_nested_branch_dag.py took 0.107 seconds
[2023-11-22T20:51:02.794+0000] {processor.py:157} INFO - Started process (PID=484) to work on /home/airflow/.local/lib/python3.8/site-packages/airflow/example_dags/example_nested_branch_dag.py
[2023-11-22T20:51:02.795+0000] {processor.py:829} INFO - Processing file /home/airflow/.local/lib/python3.8/site-packages/airflow/example_dags/example_nested_branch_dag.py for tasks to queue
[2023-11-22T20:51:02.798+0000] {logging_mixin.py:154} INFO - [2023-11-22T20:51:02.797+0000] {dagbag.py:536} INFO - Filling up the DagBag from /home/airflow/.local/lib/python3.8/site-packages/airflow/example_dags/example_nested_branch_dag.py
[2023-11-22T20:51:02.807+0000] {processor.py:839} INFO - DAG(s) dict_keys(['example_nested_branch_dag']) retrieved from /home/airflow/.local/lib/python3.8/site-packages/airflow/example_dags/example_nested_branch_dag.py
[2023-11-22T20:51:02.829+0000] {logging_mixin.py:154} INFO - [2023-11-22T20:51:02.828+0000] {dag.py:2941} INFO - Sync 1 DAGs
[2023-11-22T20:51:02.852+0000] {logging_mixin.py:154} INFO - [2023-11-22T20:51:02.852+0000] {dag.py:3722} INFO - Setting next_dagrun for example_nested_branch_dag to 2023-11-21T00:00:00+00:00, run_after=2023-11-22T00:00:00+00:00
[2023-11-22T20:51:02.887+0000] {processor.py:179} INFO - Processing /home/airflow/.local/lib/python3.8/site-packages/airflow/example_dags/example_nested_branch_dag.py took 0.096 seconds
[2023-11-22T20:51:33.858+0000] {processor.py:157} INFO - Started process (PID=538) to work on /home/airflow/.local/lib/python3.8/site-packages/airflow/example_dags/example_nested_branch_dag.py
[2023-11-22T20:51:33.859+0000] {processor.py:829} INFO - Processing file /home/airflow/.local/lib/python3.8/site-packages/airflow/example_dags/example_nested_branch_dag.py for tasks to queue
[2023-11-22T20:51:33.862+0000] {logging_mixin.py:154} INFO - [2023-11-22T20:51:33.862+0000] {dagbag.py:536} INFO - Filling up the DagBag from /home/airflow/.local/lib/python3.8/site-packages/airflow/example_dags/example_nested_branch_dag.py
[2023-11-22T20:51:33.874+0000] {processor.py:839} INFO - DAG(s) dict_keys(['example_nested_branch_dag']) retrieved from /home/airflow/.local/lib/python3.8/site-packages/airflow/example_dags/example_nested_branch_dag.py
[2023-11-22T20:51:33.898+0000] {logging_mixin.py:154} INFO - [2023-11-22T20:51:33.898+0000] {dag.py:2941} INFO - Sync 1 DAGs
[2023-11-22T20:51:33.928+0000] {logging_mixin.py:154} INFO - [2023-11-22T20:51:33.928+0000] {dag.py:3722} INFO - Setting next_dagrun for example_nested_branch_dag to 2023-11-21T00:00:00+00:00, run_after=2023-11-22T00:00:00+00:00
[2023-11-22T20:51:33.953+0000] {processor.py:179} INFO - Processing /home/airflow/.local/lib/python3.8/site-packages/airflow/example_dags/example_nested_branch_dag.py took 0.098 seconds
[2023-11-22T20:52:25.628+0000] {processor.py:157} INFO - Started process (PID=598) to work on /home/airflow/.local/lib/python3.8/site-packages/airflow/example_dags/example_nested_branch_dag.py
[2023-11-22T20:52:25.634+0000] {processor.py:829} INFO - Processing file /home/airflow/.local/lib/python3.8/site-packages/airflow/example_dags/example_nested_branch_dag.py for tasks to queue
[2023-11-22T20:52:25.647+0000] {logging_mixin.py:154} INFO - [2023-11-22T20:52:25.646+0000] {dagbag.py:536} INFO - Filling up the DagBag from /home/airflow/.local/lib/python3.8/site-packages/airflow/example_dags/example_nested_branch_dag.py
[2023-11-22T20:52:25.715+0000] {processor.py:839} INFO - DAG(s) dict_keys(['example_nested_branch_dag']) retrieved from /home/airflow/.local/lib/python3.8/site-packages/airflow/example_dags/example_nested_branch_dag.py
[2023-11-22T20:52:25.860+0000] {logging_mixin.py:154} INFO - [2023-11-22T20:52:25.859+0000] {dag.py:2941} INFO - Sync 1 DAGs
[2023-11-22T20:52:25.918+0000] {logging_mixin.py:154} INFO - [2023-11-22T20:52:25.917+0000] {dag.py:3722} INFO - Setting next_dagrun for example_nested_branch_dag to 2023-11-21T00:00:00+00:00, run_after=2023-11-22T00:00:00+00:00
[2023-11-22T20:52:25.975+0000] {processor.py:179} INFO - Processing /home/airflow/.local/lib/python3.8/site-packages/airflow/example_dags/example_nested_branch_dag.py took 0.367 seconds
[2023-11-22T20:52:56.121+0000] {processor.py:157} INFO - Started process (PID=651) to work on /home/airflow/.local/lib/python3.8/site-packages/airflow/example_dags/example_nested_branch_dag.py
[2023-11-22T20:52:56.123+0000] {processor.py:829} INFO - Processing file /home/airflow/.local/lib/python3.8/site-packages/airflow/example_dags/example_nested_branch_dag.py for tasks to queue
[2023-11-22T20:52:56.125+0000] {logging_mixin.py:154} INFO - [2023-11-22T20:52:56.125+0000] {dagbag.py:536} INFO - Filling up the DagBag from /home/airflow/.local/lib/python3.8/site-packages/airflow/example_dags/example_nested_branch_dag.py
[2023-11-22T20:52:56.135+0000] {processor.py:839} INFO - DAG(s) dict_keys(['example_nested_branch_dag']) retrieved from /home/airflow/.local/lib/python3.8/site-packages/airflow/example_dags/example_nested_branch_dag.py
[2023-11-22T20:52:56.157+0000] {logging_mixin.py:154} INFO - [2023-11-22T20:52:56.157+0000] {dag.py:2941} INFO - Sync 1 DAGs
[2023-11-22T20:52:56.182+0000] {logging_mixin.py:154} INFO - [2023-11-22T20:52:56.182+0000] {dag.py:3722} INFO - Setting next_dagrun for example_nested_branch_dag to 2023-11-21T00:00:00+00:00, run_after=2023-11-22T00:00:00+00:00
[2023-11-22T20:52:56.202+0000] {processor.py:179} INFO - Processing /home/airflow/.local/lib/python3.8/site-packages/airflow/example_dags/example_nested_branch_dag.py took 0.084 seconds
[2023-11-22T20:53:26.851+0000] {processor.py:157} INFO - Started process (PID=706) to work on /home/airflow/.local/lib/python3.8/site-packages/airflow/example_dags/example_nested_branch_dag.py
[2023-11-22T20:53:26.852+0000] {processor.py:829} INFO - Processing file /home/airflow/.local/lib/python3.8/site-packages/airflow/example_dags/example_nested_branch_dag.py for tasks to queue
[2023-11-22T20:53:26.857+0000] {logging_mixin.py:154} INFO - [2023-11-22T20:53:26.856+0000] {dagbag.py:536} INFO - Filling up the DagBag from /home/airflow/.local/lib/python3.8/site-packages/airflow/example_dags/example_nested_branch_dag.py
[2023-11-22T20:53:26.866+0000] {processor.py:839} INFO - DAG(s) dict_keys(['example_nested_branch_dag']) retrieved from /home/airflow/.local/lib/python3.8/site-packages/airflow/example_dags/example_nested_branch_dag.py
[2023-11-22T20:53:26.890+0000] {logging_mixin.py:154} INFO - [2023-11-22T20:53:26.890+0000] {dag.py:2941} INFO - Sync 1 DAGs
[2023-11-22T20:53:26.915+0000] {logging_mixin.py:154} INFO - [2023-11-22T20:53:26.914+0000] {dag.py:3722} INFO - Setting next_dagrun for example_nested_branch_dag to 2023-11-21T00:00:00+00:00, run_after=2023-11-22T00:00:00+00:00
[2023-11-22T20:53:26.941+0000] {processor.py:179} INFO - Processing /home/airflow/.local/lib/python3.8/site-packages/airflow/example_dags/example_nested_branch_dag.py took 0.093 seconds
[2023-11-22T20:53:56.996+0000] {processor.py:157} INFO - Started process (PID=761) to work on /home/airflow/.local/lib/python3.8/site-packages/airflow/example_dags/example_nested_branch_dag.py
[2023-11-22T20:53:56.997+0000] {processor.py:829} INFO - Processing file /home/airflow/.local/lib/python3.8/site-packages/airflow/example_dags/example_nested_branch_dag.py for tasks to queue
[2023-11-22T20:53:57.001+0000] {logging_mixin.py:154} INFO - [2023-11-22T20:53:57.001+0000] {dagbag.py:536} INFO - Filling up the DagBag from /home/airflow/.local/lib/python3.8/site-packages/airflow/example_dags/example_nested_branch_dag.py
[2023-11-22T20:53:57.014+0000] {processor.py:839} INFO - DAG(s) dict_keys(['example_nested_branch_dag']) retrieved from /home/airflow/.local/lib/python3.8/site-packages/airflow/example_dags/example_nested_branch_dag.py
[2023-11-22T20:53:57.043+0000] {logging_mixin.py:154} INFO - [2023-11-22T20:53:57.043+0000] {dag.py:2941} INFO - Sync 1 DAGs
[2023-11-22T20:53:57.070+0000] {logging_mixin.py:154} INFO - [2023-11-22T20:53:57.069+0000] {dag.py:3722} INFO - Setting next_dagrun for example_nested_branch_dag to 2023-11-21T00:00:00+00:00, run_after=2023-11-22T00:00:00+00:00
[2023-11-22T20:53:57.101+0000] {processor.py:179} INFO - Processing /home/airflow/.local/lib/python3.8/site-packages/airflow/example_dags/example_nested_branch_dag.py took 0.109 seconds
[2023-11-22T20:54:27.924+0000] {processor.py:157} INFO - Started process (PID=815) to work on /home/airflow/.local/lib/python3.8/site-packages/airflow/example_dags/example_nested_branch_dag.py
[2023-11-22T20:54:27.926+0000] {processor.py:829} INFO - Processing file /home/airflow/.local/lib/python3.8/site-packages/airflow/example_dags/example_nested_branch_dag.py for tasks to queue
[2023-11-22T20:54:27.930+0000] {logging_mixin.py:154} INFO - [2023-11-22T20:54:27.929+0000] {dagbag.py:536} INFO - Filling up the DagBag from /home/airflow/.local/lib/python3.8/site-packages/airflow/example_dags/example_nested_branch_dag.py
[2023-11-22T20:54:27.943+0000] {processor.py:839} INFO - DAG(s) dict_keys(['example_nested_branch_dag']) retrieved from /home/airflow/.local/lib/python3.8/site-packages/airflow/example_dags/example_nested_branch_dag.py
[2023-11-22T20:54:27.984+0000] {logging_mixin.py:154} INFO - [2023-11-22T20:54:27.983+0000] {dag.py:2941} INFO - Sync 1 DAGs
[2023-11-22T20:54:28.022+0000] {logging_mixin.py:154} INFO - [2023-11-22T20:54:28.022+0000] {dag.py:3722} INFO - Setting next_dagrun for example_nested_branch_dag to 2023-11-21T00:00:00+00:00, run_after=2023-11-22T00:00:00+00:00
[2023-11-22T20:54:28.054+0000] {processor.py:179} INFO - Processing /home/airflow/.local/lib/python3.8/site-packages/airflow/example_dags/example_nested_branch_dag.py took 0.133 seconds
[2023-11-22T20:54:58.196+0000] {processor.py:157} INFO - Started process (PID=869) to work on /home/airflow/.local/lib/python3.8/site-packages/airflow/example_dags/example_nested_branch_dag.py
[2023-11-22T20:54:58.197+0000] {processor.py:829} INFO - Processing file /home/airflow/.local/lib/python3.8/site-packages/airflow/example_dags/example_nested_branch_dag.py for tasks to queue
[2023-11-22T20:54:58.201+0000] {logging_mixin.py:154} INFO - [2023-11-22T20:54:58.200+0000] {dagbag.py:536} INFO - Filling up the DagBag from /home/airflow/.local/lib/python3.8/site-packages/airflow/example_dags/example_nested_branch_dag.py
[2023-11-22T20:54:58.210+0000] {processor.py:839} INFO - DAG(s) dict_keys(['example_nested_branch_dag']) retrieved from /home/airflow/.local/lib/python3.8/site-packages/airflow/example_dags/example_nested_branch_dag.py
[2023-11-22T20:54:58.355+0000] {logging_mixin.py:154} INFO - [2023-11-22T20:54:58.355+0000] {dag.py:2941} INFO - Sync 1 DAGs
[2023-11-22T20:54:58.380+0000] {logging_mixin.py:154} INFO - [2023-11-22T20:54:58.380+0000] {dag.py:3722} INFO - Setting next_dagrun for example_nested_branch_dag to 2023-11-21T00:00:00+00:00, run_after=2023-11-22T00:00:00+00:00
[2023-11-22T20:54:58.404+0000] {processor.py:179} INFO - Processing /home/airflow/.local/lib/python3.8/site-packages/airflow/example_dags/example_nested_branch_dag.py took 0.211 seconds
[2023-11-22T20:55:28.510+0000] {processor.py:157} INFO - Started process (PID=923) to work on /home/airflow/.local/lib/python3.8/site-packages/airflow/example_dags/example_nested_branch_dag.py
[2023-11-22T20:55:28.511+0000] {processor.py:829} INFO - Processing file /home/airflow/.local/lib/python3.8/site-packages/airflow/example_dags/example_nested_branch_dag.py for tasks to queue
[2023-11-22T20:55:28.514+0000] {logging_mixin.py:154} INFO - [2023-11-22T20:55:28.514+0000] {dagbag.py:536} INFO - Filling up the DagBag from /home/airflow/.local/lib/python3.8/site-packages/airflow/example_dags/example_nested_branch_dag.py
[2023-11-22T20:55:28.525+0000] {processor.py:839} INFO - DAG(s) dict_keys(['example_nested_branch_dag']) retrieved from /home/airflow/.local/lib/python3.8/site-packages/airflow/example_dags/example_nested_branch_dag.py
[2023-11-22T20:55:28.548+0000] {logging_mixin.py:154} INFO - [2023-11-22T20:55:28.547+0000] {dag.py:2941} INFO - Sync 1 DAGs
[2023-11-22T20:55:28.587+0000] {logging_mixin.py:154} INFO - [2023-11-22T20:55:28.586+0000] {dag.py:3722} INFO - Setting next_dagrun for example_nested_branch_dag to 2023-11-21T00:00:00+00:00, run_after=2023-11-22T00:00:00+00:00
[2023-11-22T20:55:28.615+0000] {processor.py:179} INFO - Processing /home/airflow/.local/lib/python3.8/site-packages/airflow/example_dags/example_nested_branch_dag.py took 0.108 seconds
[2023-11-22T20:55:58.754+0000] {processor.py:157} INFO - Started process (PID=978) to work on /home/airflow/.local/lib/python3.8/site-packages/airflow/example_dags/example_nested_branch_dag.py
[2023-11-22T20:55:58.755+0000] {processor.py:829} INFO - Processing file /home/airflow/.local/lib/python3.8/site-packages/airflow/example_dags/example_nested_branch_dag.py for tasks to queue
[2023-11-22T20:55:58.759+0000] {logging_mixin.py:154} INFO - [2023-11-22T20:55:58.759+0000] {dagbag.py:536} INFO - Filling up the DagBag from /home/airflow/.local/lib/python3.8/site-packages/airflow/example_dags/example_nested_branch_dag.py
[2023-11-22T20:55:58.771+0000] {processor.py:839} INFO - DAG(s) dict_keys(['example_nested_branch_dag']) retrieved from /home/airflow/.local/lib/python3.8/site-packages/airflow/example_dags/example_nested_branch_dag.py
[2023-11-22T20:55:58.794+0000] {logging_mixin.py:154} INFO - [2023-11-22T20:55:58.794+0000] {dag.py:2941} INFO - Sync 1 DAGs
[2023-11-22T20:55:58.818+0000] {logging_mixin.py:154} INFO - [2023-11-22T20:55:58.818+0000] {dag.py:3722} INFO - Setting next_dagrun for example_nested_branch_dag to 2023-11-21T00:00:00+00:00, run_after=2023-11-22T00:00:00+00:00
[2023-11-22T20:55:59.023+0000] {processor.py:179} INFO - Processing /home/airflow/.local/lib/python3.8/site-packages/airflow/example_dags/example_nested_branch_dag.py took 0.274 seconds
[2023-11-22T20:56:29.091+0000] {processor.py:157} INFO - Started process (PID=1032) to work on /home/airflow/.local/lib/python3.8/site-packages/airflow/example_dags/example_nested_branch_dag.py
[2023-11-22T20:56:29.092+0000] {processor.py:829} INFO - Processing file /home/airflow/.local/lib/python3.8/site-packages/airflow/example_dags/example_nested_branch_dag.py for tasks to queue
[2023-11-22T20:56:29.095+0000] {logging_mixin.py:154} INFO - [2023-11-22T20:56:29.095+0000] {dagbag.py:536} INFO - Filling up the DagBag from /home/airflow/.local/lib/python3.8/site-packages/airflow/example_dags/example_nested_branch_dag.py
[2023-11-22T20:56:29.106+0000] {processor.py:839} INFO - DAG(s) dict_keys(['example_nested_branch_dag']) retrieved from /home/airflow/.local/lib/python3.8/site-packages/airflow/example_dags/example_nested_branch_dag.py
[2023-11-22T20:56:29.127+0000] {logging_mixin.py:154} INFO - [2023-11-22T20:56:29.127+0000] {dag.py:2941} INFO - Sync 1 DAGs
[2023-11-22T20:56:29.154+0000] {logging_mixin.py:154} INFO - [2023-11-22T20:56:29.154+0000] {dag.py:3722} INFO - Setting next_dagrun for example_nested_branch_dag to 2023-11-21T00:00:00+00:00, run_after=2023-11-22T00:00:00+00:00
[2023-11-22T20:56:29.176+0000] {processor.py:179} INFO - Processing /home/airflow/.local/lib/python3.8/site-packages/airflow/example_dags/example_nested_branch_dag.py took 0.089 seconds
[2023-11-22T20:57:00.201+0000] {processor.py:157} INFO - Started process (PID=1086) to work on /home/airflow/.local/lib/python3.8/site-packages/airflow/example_dags/example_nested_branch_dag.py
[2023-11-22T20:57:00.203+0000] {processor.py:829} INFO - Processing file /home/airflow/.local/lib/python3.8/site-packages/airflow/example_dags/example_nested_branch_dag.py for tasks to queue
[2023-11-22T20:57:00.206+0000] {logging_mixin.py:154} INFO - [2023-11-22T20:57:00.206+0000] {dagbag.py:536} INFO - Filling up the DagBag from /home/airflow/.local/lib/python3.8/site-packages/airflow/example_dags/example_nested_branch_dag.py
[2023-11-22T20:57:00.217+0000] {processor.py:839} INFO - DAG(s) dict_keys(['example_nested_branch_dag']) retrieved from /home/airflow/.local/lib/python3.8/site-packages/airflow/example_dags/example_nested_branch_dag.py
[2023-11-22T20:57:00.238+0000] {logging_mixin.py:154} INFO - [2023-11-22T20:57:00.238+0000] {dag.py:2941} INFO - Sync 1 DAGs
[2023-11-22T20:57:00.271+0000] {logging_mixin.py:154} INFO - [2023-11-22T20:57:00.271+0000] {dag.py:3722} INFO - Setting next_dagrun for example_nested_branch_dag to 2023-11-21T00:00:00+00:00, run_after=2023-11-22T00:00:00+00:00
[2023-11-22T20:57:00.301+0000] {processor.py:179} INFO - Processing /home/airflow/.local/lib/python3.8/site-packages/airflow/example_dags/example_nested_branch_dag.py took 0.104 seconds
[2023-11-22T20:57:31.131+0000] {processor.py:157} INFO - Started process (PID=1140) to work on /home/airflow/.local/lib/python3.8/site-packages/airflow/example_dags/example_nested_branch_dag.py
[2023-11-22T20:57:31.133+0000] {processor.py:829} INFO - Processing file /home/airflow/.local/lib/python3.8/site-packages/airflow/example_dags/example_nested_branch_dag.py for tasks to queue
[2023-11-22T20:57:31.136+0000] {logging_mixin.py:154} INFO - [2023-11-22T20:57:31.136+0000] {dagbag.py:536} INFO - Filling up the DagBag from /home/airflow/.local/lib/python3.8/site-packages/airflow/example_dags/example_nested_branch_dag.py
[2023-11-22T20:57:31.148+0000] {processor.py:839} INFO - DAG(s) dict_keys(['example_nested_branch_dag']) retrieved from /home/airflow/.local/lib/python3.8/site-packages/airflow/example_dags/example_nested_branch_dag.py
[2023-11-22T20:57:31.168+0000] {logging_mixin.py:154} INFO - [2023-11-22T20:57:31.168+0000] {dag.py:2941} INFO - Sync 1 DAGs
[2023-11-22T20:57:31.371+0000] {logging_mixin.py:154} INFO - [2023-11-22T20:57:31.370+0000] {dag.py:3722} INFO - Setting next_dagrun for example_nested_branch_dag to 2023-11-21T00:00:00+00:00, run_after=2023-11-22T00:00:00+00:00
[2023-11-22T20:57:31.401+0000] {processor.py:179} INFO - Processing /home/airflow/.local/lib/python3.8/site-packages/airflow/example_dags/example_nested_branch_dag.py took 0.274 seconds
[2023-11-22T20:58:02.249+0000] {processor.py:157} INFO - Started process (PID=1194) to work on /home/airflow/.local/lib/python3.8/site-packages/airflow/example_dags/example_nested_branch_dag.py
[2023-11-22T20:58:02.251+0000] {processor.py:829} INFO - Processing file /home/airflow/.local/lib/python3.8/site-packages/airflow/example_dags/example_nested_branch_dag.py for tasks to queue
[2023-11-22T20:58:02.254+0000] {logging_mixin.py:154} INFO - [2023-11-22T20:58:02.254+0000] {dagbag.py:536} INFO - Filling up the DagBag from /home/airflow/.local/lib/python3.8/site-packages/airflow/example_dags/example_nested_branch_dag.py
[2023-11-22T20:58:02.265+0000] {processor.py:839} INFO - DAG(s) dict_keys(['example_nested_branch_dag']) retrieved from /home/airflow/.local/lib/python3.8/site-packages/airflow/example_dags/example_nested_branch_dag.py
[2023-11-22T20:58:02.292+0000] {logging_mixin.py:154} INFO - [2023-11-22T20:58:02.292+0000] {dag.py:2941} INFO - Sync 1 DAGs
[2023-11-22T20:58:02.315+0000] {logging_mixin.py:154} INFO - [2023-11-22T20:58:02.315+0000] {dag.py:3722} INFO - Setting next_dagrun for example_nested_branch_dag to 2023-11-21T00:00:00+00:00, run_after=2023-11-22T00:00:00+00:00
[2023-11-22T20:58:02.376+0000] {processor.py:179} INFO - Processing /home/airflow/.local/lib/python3.8/site-packages/airflow/example_dags/example_nested_branch_dag.py took 0.131 seconds
[2023-11-22T20:58:33.090+0000] {processor.py:157} INFO - Started process (PID=1248) to work on /home/airflow/.local/lib/python3.8/site-packages/airflow/example_dags/example_nested_branch_dag.py
[2023-11-22T20:58:33.091+0000] {processor.py:829} INFO - Processing file /home/airflow/.local/lib/python3.8/site-packages/airflow/example_dags/example_nested_branch_dag.py for tasks to queue
[2023-11-22T20:58:33.094+0000] {logging_mixin.py:154} INFO - [2023-11-22T20:58:33.094+0000] {dagbag.py:536} INFO - Filling up the DagBag from /home/airflow/.local/lib/python3.8/site-packages/airflow/example_dags/example_nested_branch_dag.py
[2023-11-22T20:58:33.110+0000] {processor.py:839} INFO - DAG(s) dict_keys(['example_nested_branch_dag']) retrieved from /home/airflow/.local/lib/python3.8/site-packages/airflow/example_dags/example_nested_branch_dag.py
[2023-11-22T20:58:33.142+0000] {logging_mixin.py:154} INFO - [2023-11-22T20:58:33.142+0000] {dag.py:2941} INFO - Sync 1 DAGs
[2023-11-22T20:58:33.174+0000] {logging_mixin.py:154} INFO - [2023-11-22T20:58:33.174+0000] {dag.py:3722} INFO - Setting next_dagrun for example_nested_branch_dag to 2023-11-21T00:00:00+00:00, run_after=2023-11-22T00:00:00+00:00
[2023-11-22T20:58:33.207+0000] {processor.py:179} INFO - Processing /home/airflow/.local/lib/python3.8/site-packages/airflow/example_dags/example_nested_branch_dag.py took 0.121 seconds
[2023-11-22T20:59:03.666+0000] {processor.py:157} INFO - Started process (PID=1302) to work on /home/airflow/.local/lib/python3.8/site-packages/airflow/example_dags/example_nested_branch_dag.py
[2023-11-22T20:59:03.668+0000] {processor.py:829} INFO - Processing file /home/airflow/.local/lib/python3.8/site-packages/airflow/example_dags/example_nested_branch_dag.py for tasks to queue
[2023-11-22T20:59:03.670+0000] {logging_mixin.py:154} INFO - [2023-11-22T20:59:03.670+0000] {dagbag.py:536} INFO - Filling up the DagBag from /home/airflow/.local/lib/python3.8/site-packages/airflow/example_dags/example_nested_branch_dag.py
[2023-11-22T20:59:03.685+0000] {processor.py:839} INFO - DAG(s) dict_keys(['example_nested_branch_dag']) retrieved from /home/airflow/.local/lib/python3.8/site-packages/airflow/example_dags/example_nested_branch_dag.py
[2023-11-22T20:59:03.710+0000] {logging_mixin.py:154} INFO - [2023-11-22T20:59:03.710+0000] {dag.py:2941} INFO - Sync 1 DAGs
[2023-11-22T20:59:03.898+0000] {logging_mixin.py:154} INFO - [2023-11-22T20:59:03.898+0000] {dag.py:3722} INFO - Setting next_dagrun for example_nested_branch_dag to 2023-11-21T00:00:00+00:00, run_after=2023-11-22T00:00:00+00:00
[2023-11-22T20:59:03.923+0000] {processor.py:179} INFO - Processing /home/airflow/.local/lib/python3.8/site-packages/airflow/example_dags/example_nested_branch_dag.py took 0.261 seconds
[2023-11-22T20:59:34.868+0000] {processor.py:157} INFO - Started process (PID=1356) to work on /home/airflow/.local/lib/python3.8/site-packages/airflow/example_dags/example_nested_branch_dag.py
[2023-11-22T20:59:34.870+0000] {processor.py:829} INFO - Processing file /home/airflow/.local/lib/python3.8/site-packages/airflow/example_dags/example_nested_branch_dag.py for tasks to queue
[2023-11-22T20:59:34.874+0000] {logging_mixin.py:154} INFO - [2023-11-22T20:59:34.873+0000] {dagbag.py:536} INFO - Filling up the DagBag from /home/airflow/.local/lib/python3.8/site-packages/airflow/example_dags/example_nested_branch_dag.py
[2023-11-22T20:59:34.885+0000] {processor.py:839} INFO - DAG(s) dict_keys(['example_nested_branch_dag']) retrieved from /home/airflow/.local/lib/python3.8/site-packages/airflow/example_dags/example_nested_branch_dag.py
[2023-11-22T20:59:34.908+0000] {logging_mixin.py:154} INFO - [2023-11-22T20:59:34.908+0000] {dag.py:2941} INFO - Sync 1 DAGs
[2023-11-22T20:59:34.930+0000] {logging_mixin.py:154} INFO - [2023-11-22T20:59:34.930+0000] {dag.py:3722} INFO - Setting next_dagrun for example_nested_branch_dag to 2023-11-21T00:00:00+00:00, run_after=2023-11-22T00:00:00+00:00
[2023-11-22T20:59:34.962+0000] {processor.py:179} INFO - Processing /home/airflow/.local/lib/python3.8/site-packages/airflow/example_dags/example_nested_branch_dag.py took 0.098 seconds
[2023-11-22T21:00:05.777+0000] {processor.py:157} INFO - Started process (PID=1410) to work on /home/airflow/.local/lib/python3.8/site-packages/airflow/example_dags/example_nested_branch_dag.py
[2023-11-22T21:00:05.778+0000] {processor.py:829} INFO - Processing file /home/airflow/.local/lib/python3.8/site-packages/airflow/example_dags/example_nested_branch_dag.py for tasks to queue
[2023-11-22T21:00:05.781+0000] {logging_mixin.py:154} INFO - [2023-11-22T21:00:05.781+0000] {dagbag.py:536} INFO - Filling up the DagBag from /home/airflow/.local/lib/python3.8/site-packages/airflow/example_dags/example_nested_branch_dag.py
[2023-11-22T21:00:05.793+0000] {processor.py:839} INFO - DAG(s) dict_keys(['example_nested_branch_dag']) retrieved from /home/airflow/.local/lib/python3.8/site-packages/airflow/example_dags/example_nested_branch_dag.py
[2023-11-22T21:00:05.818+0000] {logging_mixin.py:154} INFO - [2023-11-22T21:00:05.818+0000] {dag.py:2941} INFO - Sync 1 DAGs
[2023-11-22T21:00:05.854+0000] {logging_mixin.py:154} INFO - [2023-11-22T21:00:05.854+0000] {dag.py:3722} INFO - Setting next_dagrun for example_nested_branch_dag to 2023-11-21T00:00:00+00:00, run_after=2023-11-22T00:00:00+00:00
[2023-11-22T21:00:05.879+0000] {processor.py:179} INFO - Processing /home/airflow/.local/lib/python3.8/site-packages/airflow/example_dags/example_nested_branch_dag.py took 0.106 seconds
[2023-11-22T21:00:36.097+0000] {processor.py:157} INFO - Started process (PID=1464) to work on /home/airflow/.local/lib/python3.8/site-packages/airflow/example_dags/example_nested_branch_dag.py
[2023-11-22T21:00:36.098+0000] {processor.py:829} INFO - Processing file /home/airflow/.local/lib/python3.8/site-packages/airflow/example_dags/example_nested_branch_dag.py for tasks to queue
[2023-11-22T21:00:36.100+0000] {logging_mixin.py:154} INFO - [2023-11-22T21:00:36.100+0000] {dagbag.py:536} INFO - Filling up the DagBag from /home/airflow/.local/lib/python3.8/site-packages/airflow/example_dags/example_nested_branch_dag.py
[2023-11-22T21:00:36.110+0000] {processor.py:839} INFO - DAG(s) dict_keys(['example_nested_branch_dag']) retrieved from /home/airflow/.local/lib/python3.8/site-packages/airflow/example_dags/example_nested_branch_dag.py
[2023-11-22T21:00:36.131+0000] {logging_mixin.py:154} INFO - [2023-11-22T21:00:36.131+0000] {dag.py:2941} INFO - Sync 1 DAGs
[2023-11-22T21:00:36.304+0000] {logging_mixin.py:154} INFO - [2023-11-22T21:00:36.303+0000] {dag.py:3722} INFO - Setting next_dagrun for example_nested_branch_dag to 2023-11-21T00:00:00+00:00, run_after=2023-11-22T00:00:00+00:00
[2023-11-22T21:00:36.325+0000] {processor.py:179} INFO - Processing /home/airflow/.local/lib/python3.8/site-packages/airflow/example_dags/example_nested_branch_dag.py took 0.232 seconds
[2023-11-22T21:01:06.782+0000] {processor.py:157} INFO - Started process (PID=1518) to work on /home/airflow/.local/lib/python3.8/site-packages/airflow/example_dags/example_nested_branch_dag.py
[2023-11-22T21:01:06.784+0000] {processor.py:829} INFO - Processing file /home/airflow/.local/lib/python3.8/site-packages/airflow/example_dags/example_nested_branch_dag.py for tasks to queue
[2023-11-22T21:01:06.788+0000] {logging_mixin.py:154} INFO - [2023-11-22T21:01:06.787+0000] {dagbag.py:536} INFO - Filling up the DagBag from /home/airflow/.local/lib/python3.8/site-packages/airflow/example_dags/example_nested_branch_dag.py
[2023-11-22T21:01:06.803+0000] {processor.py:839} INFO - DAG(s) dict_keys(['example_nested_branch_dag']) retrieved from /home/airflow/.local/lib/python3.8/site-packages/airflow/example_dags/example_nested_branch_dag.py
[2023-11-22T21:01:06.825+0000] {logging_mixin.py:154} INFO - [2023-11-22T21:01:06.825+0000] {dag.py:2941} INFO - Sync 1 DAGs
[2023-11-22T21:01:06.848+0000] {logging_mixin.py:154} INFO - [2023-11-22T21:01:06.848+0000] {dag.py:3722} INFO - Setting next_dagrun for example_nested_branch_dag to 2023-11-21T00:00:00+00:00, run_after=2023-11-22T00:00:00+00:00
[2023-11-22T21:01:07.024+0000] {processor.py:179} INFO - Processing /home/airflow/.local/lib/python3.8/site-packages/airflow/example_dags/example_nested_branch_dag.py took 0.247 seconds
[2023-11-22T21:01:37.390+0000] {processor.py:157} INFO - Started process (PID=1572) to work on /home/airflow/.local/lib/python3.8/site-packages/airflow/example_dags/example_nested_branch_dag.py
[2023-11-22T21:01:37.391+0000] {processor.py:829} INFO - Processing file /home/airflow/.local/lib/python3.8/site-packages/airflow/example_dags/example_nested_branch_dag.py for tasks to queue
[2023-11-22T21:01:37.394+0000] {logging_mixin.py:154} INFO - [2023-11-22T21:01:37.394+0000] {dagbag.py:536} INFO - Filling up the DagBag from /home/airflow/.local/lib/python3.8/site-packages/airflow/example_dags/example_nested_branch_dag.py
[2023-11-22T21:01:37.404+0000] {processor.py:839} INFO - DAG(s) dict_keys(['example_nested_branch_dag']) retrieved from /home/airflow/.local/lib/python3.8/site-packages/airflow/example_dags/example_nested_branch_dag.py
[2023-11-22T21:01:37.427+0000] {logging_mixin.py:154} INFO - [2023-11-22T21:01:37.427+0000] {dag.py:2941} INFO - Sync 1 DAGs
[2023-11-22T21:01:37.452+0000] {logging_mixin.py:154} INFO - [2023-11-22T21:01:37.452+0000] {dag.py:3722} INFO - Setting next_dagrun for example_nested_branch_dag to 2023-11-21T00:00:00+00:00, run_after=2023-11-22T00:00:00+00:00
[2023-11-22T21:01:37.475+0000] {processor.py:179} INFO - Processing /home/airflow/.local/lib/python3.8/site-packages/airflow/example_dags/example_nested_branch_dag.py took 0.089 seconds
[2023-11-22T21:02:08.424+0000] {processor.py:157} INFO - Started process (PID=1626) to work on /home/airflow/.local/lib/python3.8/site-packages/airflow/example_dags/example_nested_branch_dag.py
[2023-11-22T21:02:08.425+0000] {processor.py:829} INFO - Processing file /home/airflow/.local/lib/python3.8/site-packages/airflow/example_dags/example_nested_branch_dag.py for tasks to queue
[2023-11-22T21:02:08.428+0000] {logging_mixin.py:154} INFO - [2023-11-22T21:02:08.428+0000] {dagbag.py:536} INFO - Filling up the DagBag from /home/airflow/.local/lib/python3.8/site-packages/airflow/example_dags/example_nested_branch_dag.py
[2023-11-22T21:02:08.441+0000] {processor.py:839} INFO - DAG(s) dict_keys(['example_nested_branch_dag']) retrieved from /home/airflow/.local/lib/python3.8/site-packages/airflow/example_dags/example_nested_branch_dag.py
[2023-11-22T21:02:08.468+0000] {logging_mixin.py:154} INFO - [2023-11-22T21:02:08.468+0000] {dag.py:2941} INFO - Sync 1 DAGs
[2023-11-22T21:02:08.645+0000] {logging_mixin.py:154} INFO - [2023-11-22T21:02:08.645+0000] {dag.py:3722} INFO - Setting next_dagrun for example_nested_branch_dag to 2023-11-21T00:00:00+00:00, run_after=2023-11-22T00:00:00+00:00
[2023-11-22T21:02:08.668+0000] {processor.py:179} INFO - Processing /home/airflow/.local/lib/python3.8/site-packages/airflow/example_dags/example_nested_branch_dag.py took 0.248 seconds
[2023-11-22T21:02:38.826+0000] {processor.py:157} INFO - Started process (PID=1681) to work on /home/airflow/.local/lib/python3.8/site-packages/airflow/example_dags/example_nested_branch_dag.py
[2023-11-22T21:02:38.828+0000] {processor.py:829} INFO - Processing file /home/airflow/.local/lib/python3.8/site-packages/airflow/example_dags/example_nested_branch_dag.py for tasks to queue
[2023-11-22T21:02:38.833+0000] {logging_mixin.py:154} INFO - [2023-11-22T21:02:38.832+0000] {dagbag.py:536} INFO - Filling up the DagBag from /home/airflow/.local/lib/python3.8/site-packages/airflow/example_dags/example_nested_branch_dag.py
[2023-11-22T21:02:38.848+0000] {processor.py:839} INFO - DAG(s) dict_keys(['example_nested_branch_dag']) retrieved from /home/airflow/.local/lib/python3.8/site-packages/airflow/example_dags/example_nested_branch_dag.py
[2023-11-22T21:02:38.870+0000] {logging_mixin.py:154} INFO - [2023-11-22T21:02:38.869+0000] {dag.py:2941} INFO - Sync 1 DAGs
[2023-11-22T21:02:38.894+0000] {logging_mixin.py:154} INFO - [2023-11-22T21:02:38.893+0000] {dag.py:3722} INFO - Setting next_dagrun for example_nested_branch_dag to 2023-11-21T00:00:00+00:00, run_after=2023-11-22T00:00:00+00:00
[2023-11-22T21:02:39.100+0000] {processor.py:179} INFO - Processing /home/airflow/.local/lib/python3.8/site-packages/airflow/example_dags/example_nested_branch_dag.py took 0.279 seconds
[2023-11-22T21:03:09.811+0000] {processor.py:157} INFO - Started process (PID=1735) to work on /home/airflow/.local/lib/python3.8/site-packages/airflow/example_dags/example_nested_branch_dag.py
[2023-11-22T21:03:09.813+0000] {processor.py:829} INFO - Processing file /home/airflow/.local/lib/python3.8/site-packages/airflow/example_dags/example_nested_branch_dag.py for tasks to queue
[2023-11-22T21:03:09.816+0000] {logging_mixin.py:154} INFO - [2023-11-22T21:03:09.816+0000] {dagbag.py:536} INFO - Filling up the DagBag from /home/airflow/.local/lib/python3.8/site-packages/airflow/example_dags/example_nested_branch_dag.py
[2023-11-22T21:03:09.827+0000] {processor.py:839} INFO - DAG(s) dict_keys(['example_nested_branch_dag']) retrieved from /home/airflow/.local/lib/python3.8/site-packages/airflow/example_dags/example_nested_branch_dag.py
[2023-11-22T21:03:09.849+0000] {logging_mixin.py:154} INFO - [2023-11-22T21:03:09.849+0000] {dag.py:2941} INFO - Sync 1 DAGs
[2023-11-22T21:03:09.872+0000] {logging_mixin.py:154} INFO - [2023-11-22T21:03:09.872+0000] {dag.py:3722} INFO - Setting next_dagrun for example_nested_branch_dag to 2023-11-21T00:00:00+00:00, run_after=2023-11-22T00:00:00+00:00
[2023-11-22T21:03:09.951+0000] {processor.py:179} INFO - Processing /home/airflow/.local/lib/python3.8/site-packages/airflow/example_dags/example_nested_branch_dag.py took 0.144 seconds
[2023-11-22T21:03:40.169+0000] {processor.py:157} INFO - Started process (PID=1789) to work on /home/airflow/.local/lib/python3.8/site-packages/airflow/example_dags/example_nested_branch_dag.py
[2023-11-22T21:03:40.171+0000] {processor.py:829} INFO - Processing file /home/airflow/.local/lib/python3.8/site-packages/airflow/example_dags/example_nested_branch_dag.py for tasks to queue
[2023-11-22T21:03:40.174+0000] {logging_mixin.py:154} INFO - [2023-11-22T21:03:40.174+0000] {dagbag.py:536} INFO - Filling up the DagBag from /home/airflow/.local/lib/python3.8/site-packages/airflow/example_dags/example_nested_branch_dag.py
[2023-11-22T21:03:40.185+0000] {processor.py:839} INFO - DAG(s) dict_keys(['example_nested_branch_dag']) retrieved from /home/airflow/.local/lib/python3.8/site-packages/airflow/example_dags/example_nested_branch_dag.py
[2023-11-22T21:03:40.211+0000] {logging_mixin.py:154} INFO - [2023-11-22T21:03:40.210+0000] {dag.py:2941} INFO - Sync 1 DAGs
[2023-11-22T21:03:40.238+0000] {logging_mixin.py:154} INFO - [2023-11-22T21:03:40.238+0000] {dag.py:3722} INFO - Setting next_dagrun for example_nested_branch_dag to 2023-11-21T00:00:00+00:00, run_after=2023-11-22T00:00:00+00:00
[2023-11-22T21:03:40.268+0000] {processor.py:179} INFO - Processing /home/airflow/.local/lib/python3.8/site-packages/airflow/example_dags/example_nested_branch_dag.py took 0.104 seconds
[2023-11-22T21:04:10.491+0000] {processor.py:157} INFO - Started process (PID=1843) to work on /home/airflow/.local/lib/python3.8/site-packages/airflow/example_dags/example_nested_branch_dag.py
[2023-11-22T21:04:10.492+0000] {processor.py:829} INFO - Processing file /home/airflow/.local/lib/python3.8/site-packages/airflow/example_dags/example_nested_branch_dag.py for tasks to queue
[2023-11-22T21:04:10.496+0000] {logging_mixin.py:154} INFO - [2023-11-22T21:04:10.496+0000] {dagbag.py:536} INFO - Filling up the DagBag from /home/airflow/.local/lib/python3.8/site-packages/airflow/example_dags/example_nested_branch_dag.py
[2023-11-22T21:04:10.509+0000] {processor.py:839} INFO - DAG(s) dict_keys(['example_nested_branch_dag']) retrieved from /home/airflow/.local/lib/python3.8/site-packages/airflow/example_dags/example_nested_branch_dag.py
[2023-11-22T21:04:10.542+0000] {logging_mixin.py:154} INFO - [2023-11-22T21:04:10.542+0000] {dag.py:2941} INFO - Sync 1 DAGs
[2023-11-22T21:04:10.573+0000] {logging_mixin.py:154} INFO - [2023-11-22T21:04:10.573+0000] {dag.py:3722} INFO - Setting next_dagrun for example_nested_branch_dag to 2023-11-21T00:00:00+00:00, run_after=2023-11-22T00:00:00+00:00
[2023-11-22T21:04:10.596+0000] {processor.py:179} INFO - Processing /home/airflow/.local/lib/python3.8/site-packages/airflow/example_dags/example_nested_branch_dag.py took 0.109 seconds
[2023-11-22T21:04:40.725+0000] {processor.py:157} INFO - Started process (PID=1897) to work on /home/airflow/.local/lib/python3.8/site-packages/airflow/example_dags/example_nested_branch_dag.py
[2023-11-22T21:04:40.727+0000] {processor.py:829} INFO - Processing file /home/airflow/.local/lib/python3.8/site-packages/airflow/example_dags/example_nested_branch_dag.py for tasks to queue
[2023-11-22T21:04:40.731+0000] {logging_mixin.py:154} INFO - [2023-11-22T21:04:40.731+0000] {dagbag.py:536} INFO - Filling up the DagBag from /home/airflow/.local/lib/python3.8/site-packages/airflow/example_dags/example_nested_branch_dag.py
[2023-11-22T21:04:40.741+0000] {processor.py:839} INFO - DAG(s) dict_keys(['example_nested_branch_dag']) retrieved from /home/airflow/.local/lib/python3.8/site-packages/airflow/example_dags/example_nested_branch_dag.py
[2023-11-22T21:04:40.763+0000] {logging_mixin.py:154} INFO - [2023-11-22T21:04:40.763+0000] {dag.py:2941} INFO - Sync 1 DAGs
[2023-11-22T21:04:40.785+0000] {logging_mixin.py:154} INFO - [2023-11-22T21:04:40.785+0000] {dag.py:3722} INFO - Setting next_dagrun for example_nested_branch_dag to 2023-11-21T00:00:00+00:00, run_after=2023-11-22T00:00:00+00:00
[2023-11-22T21:04:40.808+0000] {processor.py:179} INFO - Processing /home/airflow/.local/lib/python3.8/site-packages/airflow/example_dags/example_nested_branch_dag.py took 0.087 seconds
[2023-11-22T21:05:10.962+0000] {processor.py:157} INFO - Started process (PID=1951) to work on /home/airflow/.local/lib/python3.8/site-packages/airflow/example_dags/example_nested_branch_dag.py
[2023-11-22T21:05:10.963+0000] {processor.py:829} INFO - Processing file /home/airflow/.local/lib/python3.8/site-packages/airflow/example_dags/example_nested_branch_dag.py for tasks to queue
[2023-11-22T21:05:10.967+0000] {logging_mixin.py:154} INFO - [2023-11-22T21:05:10.967+0000] {dagbag.py:536} INFO - Filling up the DagBag from /home/airflow/.local/lib/python3.8/site-packages/airflow/example_dags/example_nested_branch_dag.py
[2023-11-22T21:05:10.979+0000] {processor.py:839} INFO - DAG(s) dict_keys(['example_nested_branch_dag']) retrieved from /home/airflow/.local/lib/python3.8/site-packages/airflow/example_dags/example_nested_branch_dag.py
[2023-11-22T21:05:11.000+0000] {logging_mixin.py:154} INFO - [2023-11-22T21:05:10.999+0000] {dag.py:2941} INFO - Sync 1 DAGs
[2023-11-22T21:05:11.022+0000] {logging_mixin.py:154} INFO - [2023-11-22T21:05:11.022+0000] {dag.py:3722} INFO - Setting next_dagrun for example_nested_branch_dag to 2023-11-21T00:00:00+00:00, run_after=2023-11-22T00:00:00+00:00
[2023-11-22T21:05:11.047+0000] {processor.py:179} INFO - Processing /home/airflow/.local/lib/python3.8/site-packages/airflow/example_dags/example_nested_branch_dag.py took 0.090 seconds
[2023-11-22T21:05:41.612+0000] {processor.py:157} INFO - Started process (PID=2005) to work on /home/airflow/.local/lib/python3.8/site-packages/airflow/example_dags/example_nested_branch_dag.py
[2023-11-22T21:05:41.614+0000] {processor.py:829} INFO - Processing file /home/airflow/.local/lib/python3.8/site-packages/airflow/example_dags/example_nested_branch_dag.py for tasks to queue
[2023-11-22T21:05:41.617+0000] {logging_mixin.py:154} INFO - [2023-11-22T21:05:41.617+0000] {dagbag.py:536} INFO - Filling up the DagBag from /home/airflow/.local/lib/python3.8/site-packages/airflow/example_dags/example_nested_branch_dag.py
[2023-11-22T21:05:41.628+0000] {processor.py:839} INFO - DAG(s) dict_keys(['example_nested_branch_dag']) retrieved from /home/airflow/.local/lib/python3.8/site-packages/airflow/example_dags/example_nested_branch_dag.py
[2023-11-22T21:05:41.651+0000] {logging_mixin.py:154} INFO - [2023-11-22T21:05:41.651+0000] {dag.py:2941} INFO - Sync 1 DAGs
[2023-11-22T21:05:41.674+0000] {logging_mixin.py:154} INFO - [2023-11-22T21:05:41.673+0000] {dag.py:3722} INFO - Setting next_dagrun for example_nested_branch_dag to 2023-11-21T00:00:00+00:00, run_after=2023-11-22T00:00:00+00:00
[2023-11-22T21:05:41.696+0000] {processor.py:179} INFO - Processing /home/airflow/.local/lib/python3.8/site-packages/airflow/example_dags/example_nested_branch_dag.py took 0.089 seconds
[2023-11-22T21:06:11.788+0000] {processor.py:157} INFO - Started process (PID=2059) to work on /home/airflow/.local/lib/python3.8/site-packages/airflow/example_dags/example_nested_branch_dag.py
[2023-11-22T21:06:11.789+0000] {processor.py:829} INFO - Processing file /home/airflow/.local/lib/python3.8/site-packages/airflow/example_dags/example_nested_branch_dag.py for tasks to queue
[2023-11-22T21:06:11.793+0000] {logging_mixin.py:154} INFO - [2023-11-22T21:06:11.792+0000] {dagbag.py:536} INFO - Filling up the DagBag from /home/airflow/.local/lib/python3.8/site-packages/airflow/example_dags/example_nested_branch_dag.py
[2023-11-22T21:06:11.804+0000] {processor.py:839} INFO - DAG(s) dict_keys(['example_nested_branch_dag']) retrieved from /home/airflow/.local/lib/python3.8/site-packages/airflow/example_dags/example_nested_branch_dag.py
[2023-11-22T21:06:11.832+0000] {logging_mixin.py:154} INFO - [2023-11-22T21:06:11.832+0000] {dag.py:2941} INFO - Sync 1 DAGs
[2023-11-22T21:06:11.869+0000] {logging_mixin.py:154} INFO - [2023-11-22T21:06:11.869+0000] {dag.py:3722} INFO - Setting next_dagrun for example_nested_branch_dag to 2023-11-21T00:00:00+00:00, run_after=2023-11-22T00:00:00+00:00
[2023-11-22T21:06:11.895+0000] {processor.py:179} INFO - Processing /home/airflow/.local/lib/python3.8/site-packages/airflow/example_dags/example_nested_branch_dag.py took 0.112 seconds
[2023-11-22T21:06:42.175+0000] {processor.py:157} INFO - Started process (PID=2114) to work on /home/airflow/.local/lib/python3.8/site-packages/airflow/example_dags/example_nested_branch_dag.py
[2023-11-22T21:06:42.176+0000] {processor.py:829} INFO - Processing file /home/airflow/.local/lib/python3.8/site-packages/airflow/example_dags/example_nested_branch_dag.py for tasks to queue
[2023-11-22T21:06:42.180+0000] {logging_mixin.py:154} INFO - [2023-11-22T21:06:42.180+0000] {dagbag.py:536} INFO - Filling up the DagBag from /home/airflow/.local/lib/python3.8/site-packages/airflow/example_dags/example_nested_branch_dag.py
[2023-11-22T21:06:42.193+0000] {processor.py:839} INFO - DAG(s) dict_keys(['example_nested_branch_dag']) retrieved from /home/airflow/.local/lib/python3.8/site-packages/airflow/example_dags/example_nested_branch_dag.py
[2023-11-22T21:06:42.218+0000] {logging_mixin.py:154} INFO - [2023-11-22T21:06:42.217+0000] {dag.py:2941} INFO - Sync 1 DAGs
[2023-11-22T21:06:42.250+0000] {logging_mixin.py:154} INFO - [2023-11-22T21:06:42.250+0000] {dag.py:3722} INFO - Setting next_dagrun for example_nested_branch_dag to 2023-11-21T00:00:00+00:00, run_after=2023-11-22T00:00:00+00:00
[2023-11-22T21:06:42.272+0000] {processor.py:179} INFO - Processing /home/airflow/.local/lib/python3.8/site-packages/airflow/example_dags/example_nested_branch_dag.py took 0.100 seconds
[2023-11-22T21:07:12.484+0000] {processor.py:157} INFO - Started process (PID=2168) to work on /home/airflow/.local/lib/python3.8/site-packages/airflow/example_dags/example_nested_branch_dag.py
[2023-11-22T21:07:12.485+0000] {processor.py:829} INFO - Processing file /home/airflow/.local/lib/python3.8/site-packages/airflow/example_dags/example_nested_branch_dag.py for tasks to queue
[2023-11-22T21:07:12.488+0000] {logging_mixin.py:154} INFO - [2023-11-22T21:07:12.488+0000] {dagbag.py:536} INFO - Filling up the DagBag from /home/airflow/.local/lib/python3.8/site-packages/airflow/example_dags/example_nested_branch_dag.py
[2023-11-22T21:07:12.498+0000] {processor.py:839} INFO - DAG(s) dict_keys(['example_nested_branch_dag']) retrieved from /home/airflow/.local/lib/python3.8/site-packages/airflow/example_dags/example_nested_branch_dag.py
[2023-11-22T21:07:12.520+0000] {logging_mixin.py:154} INFO - [2023-11-22T21:07:12.520+0000] {dag.py:2941} INFO - Sync 1 DAGs
[2023-11-22T21:07:12.544+0000] {logging_mixin.py:154} INFO - [2023-11-22T21:07:12.544+0000] {dag.py:3722} INFO - Setting next_dagrun for example_nested_branch_dag to 2023-11-21T00:00:00+00:00, run_after=2023-11-22T00:00:00+00:00
[2023-11-22T21:07:12.568+0000] {processor.py:179} INFO - Processing /home/airflow/.local/lib/python3.8/site-packages/airflow/example_dags/example_nested_branch_dag.py took 0.088 seconds
[2023-11-22T21:07:42.856+0000] {processor.py:157} INFO - Started process (PID=2222) to work on /home/airflow/.local/lib/python3.8/site-packages/airflow/example_dags/example_nested_branch_dag.py
[2023-11-22T21:07:42.858+0000] {processor.py:829} INFO - Processing file /home/airflow/.local/lib/python3.8/site-packages/airflow/example_dags/example_nested_branch_dag.py for tasks to queue
[2023-11-22T21:07:42.860+0000] {logging_mixin.py:154} INFO - [2023-11-22T21:07:42.860+0000] {dagbag.py:536} INFO - Filling up the DagBag from /home/airflow/.local/lib/python3.8/site-packages/airflow/example_dags/example_nested_branch_dag.py
[2023-11-22T21:07:42.871+0000] {processor.py:839} INFO - DAG(s) dict_keys(['example_nested_branch_dag']) retrieved from /home/airflow/.local/lib/python3.8/site-packages/airflow/example_dags/example_nested_branch_dag.py
[2023-11-22T21:07:42.895+0000] {logging_mixin.py:154} INFO - [2023-11-22T21:07:42.895+0000] {dag.py:2941} INFO - Sync 1 DAGs
[2023-11-22T21:07:42.924+0000] {logging_mixin.py:154} INFO - [2023-11-22T21:07:42.924+0000] {dag.py:3722} INFO - Setting next_dagrun for example_nested_branch_dag to 2023-11-21T00:00:00+00:00, run_after=2023-11-22T00:00:00+00:00
[2023-11-22T21:07:42.946+0000] {processor.py:179} INFO - Processing /home/airflow/.local/lib/python3.8/site-packages/airflow/example_dags/example_nested_branch_dag.py took 0.093 seconds
[2023-11-22T21:08:13.093+0000] {processor.py:157} INFO - Started process (PID=2276) to work on /home/airflow/.local/lib/python3.8/site-packages/airflow/example_dags/example_nested_branch_dag.py
[2023-11-22T21:08:13.095+0000] {processor.py:829} INFO - Processing file /home/airflow/.local/lib/python3.8/site-packages/airflow/example_dags/example_nested_branch_dag.py for tasks to queue
[2023-11-22T21:08:13.098+0000] {logging_mixin.py:154} INFO - [2023-11-22T21:08:13.097+0000] {dagbag.py:536} INFO - Filling up the DagBag from /home/airflow/.local/lib/python3.8/site-packages/airflow/example_dags/example_nested_branch_dag.py
[2023-11-22T21:08:13.110+0000] {processor.py:839} INFO - DAG(s) dict_keys(['example_nested_branch_dag']) retrieved from /home/airflow/.local/lib/python3.8/site-packages/airflow/example_dags/example_nested_branch_dag.py
[2023-11-22T21:08:13.173+0000] {logging_mixin.py:154} INFO - [2023-11-22T21:08:13.173+0000] {dag.py:2941} INFO - Sync 1 DAGs
[2023-11-22T21:08:13.197+0000] {logging_mixin.py:154} INFO - [2023-11-22T21:08:13.196+0000] {dag.py:3722} INFO - Setting next_dagrun for example_nested_branch_dag to 2023-11-21T00:00:00+00:00, run_after=2023-11-22T00:00:00+00:00
[2023-11-22T21:08:13.230+0000] {processor.py:179} INFO - Processing /home/airflow/.local/lib/python3.8/site-packages/airflow/example_dags/example_nested_branch_dag.py took 0.141 seconds
[2023-11-22T21:08:43.767+0000] {processor.py:157} INFO - Started process (PID=2330) to work on /home/airflow/.local/lib/python3.8/site-packages/airflow/example_dags/example_nested_branch_dag.py
[2023-11-22T21:08:43.768+0000] {processor.py:829} INFO - Processing file /home/airflow/.local/lib/python3.8/site-packages/airflow/example_dags/example_nested_branch_dag.py for tasks to queue
[2023-11-22T21:08:43.771+0000] {logging_mixin.py:154} INFO - [2023-11-22T21:08:43.771+0000] {dagbag.py:536} INFO - Filling up the DagBag from /home/airflow/.local/lib/python3.8/site-packages/airflow/example_dags/example_nested_branch_dag.py
[2023-11-22T21:08:43.783+0000] {processor.py:839} INFO - DAG(s) dict_keys(['example_nested_branch_dag']) retrieved from /home/airflow/.local/lib/python3.8/site-packages/airflow/example_dags/example_nested_branch_dag.py
[2023-11-22T21:08:43.808+0000] {logging_mixin.py:154} INFO - [2023-11-22T21:08:43.808+0000] {dag.py:2941} INFO - Sync 1 DAGs
[2023-11-22T21:08:43.833+0000] {logging_mixin.py:154} INFO - [2023-11-22T21:08:43.833+0000] {dag.py:3722} INFO - Setting next_dagrun for example_nested_branch_dag to 2023-11-21T00:00:00+00:00, run_after=2023-11-22T00:00:00+00:00
[2023-11-22T21:08:43.886+0000] {processor.py:179} INFO - Processing /home/airflow/.local/lib/python3.8/site-packages/airflow/example_dags/example_nested_branch_dag.py took 0.123 seconds
[2023-11-22T21:09:14.044+0000] {processor.py:157} INFO - Started process (PID=2383) to work on /home/airflow/.local/lib/python3.8/site-packages/airflow/example_dags/example_nested_branch_dag.py
[2023-11-22T21:09:14.045+0000] {processor.py:829} INFO - Processing file /home/airflow/.local/lib/python3.8/site-packages/airflow/example_dags/example_nested_branch_dag.py for tasks to queue
[2023-11-22T21:09:14.048+0000] {logging_mixin.py:154} INFO - [2023-11-22T21:09:14.048+0000] {dagbag.py:536} INFO - Filling up the DagBag from /home/airflow/.local/lib/python3.8/site-packages/airflow/example_dags/example_nested_branch_dag.py
[2023-11-22T21:09:14.059+0000] {processor.py:839} INFO - DAG(s) dict_keys(['example_nested_branch_dag']) retrieved from /home/airflow/.local/lib/python3.8/site-packages/airflow/example_dags/example_nested_branch_dag.py
[2023-11-22T21:09:14.081+0000] {logging_mixin.py:154} INFO - [2023-11-22T21:09:14.081+0000] {dag.py:2941} INFO - Sync 1 DAGs
[2023-11-22T21:09:14.105+0000] {logging_mixin.py:154} INFO - [2023-11-22T21:09:14.105+0000] {dag.py:3722} INFO - Setting next_dagrun for example_nested_branch_dag to 2023-11-21T00:00:00+00:00, run_after=2023-11-22T00:00:00+00:00
[2023-11-22T21:09:14.126+0000] {processor.py:179} INFO - Processing /home/airflow/.local/lib/python3.8/site-packages/airflow/example_dags/example_nested_branch_dag.py took 0.085 seconds
[2023-11-22T21:09:44.222+0000] {processor.py:157} INFO - Started process (PID=2436) to work on /home/airflow/.local/lib/python3.8/site-packages/airflow/example_dags/example_nested_branch_dag.py
[2023-11-22T21:09:44.223+0000] {processor.py:829} INFO - Processing file /home/airflow/.local/lib/python3.8/site-packages/airflow/example_dags/example_nested_branch_dag.py for tasks to queue
[2023-11-22T21:09:44.228+0000] {logging_mixin.py:154} INFO - [2023-11-22T21:09:44.228+0000] {dagbag.py:536} INFO - Filling up the DagBag from /home/airflow/.local/lib/python3.8/site-packages/airflow/example_dags/example_nested_branch_dag.py
[2023-11-22T21:09:44.240+0000] {processor.py:839} INFO - DAG(s) dict_keys(['example_nested_branch_dag']) retrieved from /home/airflow/.local/lib/python3.8/site-packages/airflow/example_dags/example_nested_branch_dag.py
[2023-11-22T21:09:44.307+0000] {logging_mixin.py:154} INFO - [2023-11-22T21:09:44.307+0000] {dag.py:2941} INFO - Sync 1 DAGs
[2023-11-22T21:09:44.331+0000] {logging_mixin.py:154} INFO - [2023-11-22T21:09:44.331+0000] {dag.py:3722} INFO - Setting next_dagrun for example_nested_branch_dag to 2023-11-21T00:00:00+00:00, run_after=2023-11-22T00:00:00+00:00
[2023-11-22T21:09:44.351+0000] {processor.py:179} INFO - Processing /home/airflow/.local/lib/python3.8/site-packages/airflow/example_dags/example_nested_branch_dag.py took 0.132 seconds
[2023-11-22T21:10:14.394+0000] {processor.py:157} INFO - Started process (PID=2490) to work on /home/airflow/.local/lib/python3.8/site-packages/airflow/example_dags/example_nested_branch_dag.py
[2023-11-22T21:10:14.395+0000] {processor.py:829} INFO - Processing file /home/airflow/.local/lib/python3.8/site-packages/airflow/example_dags/example_nested_branch_dag.py for tasks to queue
[2023-11-22T21:10:14.398+0000] {logging_mixin.py:154} INFO - [2023-11-22T21:10:14.398+0000] {dagbag.py:536} INFO - Filling up the DagBag from /home/airflow/.local/lib/python3.8/site-packages/airflow/example_dags/example_nested_branch_dag.py
[2023-11-22T21:10:14.409+0000] {processor.py:839} INFO - DAG(s) dict_keys(['example_nested_branch_dag']) retrieved from /home/airflow/.local/lib/python3.8/site-packages/airflow/example_dags/example_nested_branch_dag.py
[2023-11-22T21:10:14.433+0000] {logging_mixin.py:154} INFO - [2023-11-22T21:10:14.433+0000] {dag.py:2941} INFO - Sync 1 DAGs
[2023-11-22T21:10:14.460+0000] {logging_mixin.py:154} INFO - [2023-11-22T21:10:14.460+0000] {dag.py:3722} INFO - Setting next_dagrun for example_nested_branch_dag to 2023-11-21T00:00:00+00:00, run_after=2023-11-22T00:00:00+00:00
[2023-11-22T21:10:14.480+0000] {processor.py:179} INFO - Processing /home/airflow/.local/lib/python3.8/site-packages/airflow/example_dags/example_nested_branch_dag.py took 0.089 seconds
[2023-11-22T21:10:44.845+0000] {processor.py:157} INFO - Started process (PID=2544) to work on /home/airflow/.local/lib/python3.8/site-packages/airflow/example_dags/example_nested_branch_dag.py
[2023-11-22T21:10:44.847+0000] {processor.py:829} INFO - Processing file /home/airflow/.local/lib/python3.8/site-packages/airflow/example_dags/example_nested_branch_dag.py for tasks to queue
[2023-11-22T21:10:44.851+0000] {logging_mixin.py:154} INFO - [2023-11-22T21:10:44.850+0000] {dagbag.py:536} INFO - Filling up the DagBag from /home/airflow/.local/lib/python3.8/site-packages/airflow/example_dags/example_nested_branch_dag.py
[2023-11-22T21:10:44.867+0000] {processor.py:839} INFO - DAG(s) dict_keys(['example_nested_branch_dag']) retrieved from /home/airflow/.local/lib/python3.8/site-packages/airflow/example_dags/example_nested_branch_dag.py
[2023-11-22T21:10:44.929+0000] {logging_mixin.py:154} INFO - [2023-11-22T21:10:44.928+0000] {dag.py:2941} INFO - Sync 1 DAGs
[2023-11-22T21:10:44.959+0000] {logging_mixin.py:154} INFO - [2023-11-22T21:10:44.958+0000] {dag.py:3722} INFO - Setting next_dagrun for example_nested_branch_dag to 2023-11-21T00:00:00+00:00, run_after=2023-11-22T00:00:00+00:00
[2023-11-22T21:10:44.980+0000] {processor.py:179} INFO - Processing /home/airflow/.local/lib/python3.8/site-packages/airflow/example_dags/example_nested_branch_dag.py took 0.141 seconds
[2023-11-22T21:11:15.594+0000] {processor.py:157} INFO - Started process (PID=2598) to work on /home/airflow/.local/lib/python3.8/site-packages/airflow/example_dags/example_nested_branch_dag.py
[2023-11-22T21:11:15.612+0000] {processor.py:829} INFO - Processing file /home/airflow/.local/lib/python3.8/site-packages/airflow/example_dags/example_nested_branch_dag.py for tasks to queue
[2023-11-22T21:11:15.690+0000] {logging_mixin.py:154} INFO - [2023-11-22T21:11:15.682+0000] {dagbag.py:536} INFO - Filling up the DagBag from /home/airflow/.local/lib/python3.8/site-packages/airflow/example_dags/example_nested_branch_dag.py
[2023-11-22T21:11:15.840+0000] {processor.py:839} INFO - DAG(s) dict_keys(['example_nested_branch_dag']) retrieved from /home/airflow/.local/lib/python3.8/site-packages/airflow/example_dags/example_nested_branch_dag.py
[2023-11-22T21:11:15.944+0000] {logging_mixin.py:154} INFO - [2023-11-22T21:11:15.943+0000] {dag.py:2941} INFO - Sync 1 DAGs
[2023-11-22T21:11:15.974+0000] {logging_mixin.py:154} INFO - [2023-11-22T21:11:15.974+0000] {dag.py:3722} INFO - Setting next_dagrun for example_nested_branch_dag to 2023-11-21T00:00:00+00:00, run_after=2023-11-22T00:00:00+00:00
[2023-11-22T21:11:16.001+0000] {processor.py:179} INFO - Processing /home/airflow/.local/lib/python3.8/site-packages/airflow/example_dags/example_nested_branch_dag.py took 0.498 seconds
[2023-11-22T21:11:46.994+0000] {processor.py:157} INFO - Started process (PID=2652) to work on /home/airflow/.local/lib/python3.8/site-packages/airflow/example_dags/example_nested_branch_dag.py
[2023-11-22T21:11:46.995+0000] {processor.py:829} INFO - Processing file /home/airflow/.local/lib/python3.8/site-packages/airflow/example_dags/example_nested_branch_dag.py for tasks to queue
[2023-11-22T21:11:46.998+0000] {logging_mixin.py:154} INFO - [2023-11-22T21:11:46.998+0000] {dagbag.py:536} INFO - Filling up the DagBag from /home/airflow/.local/lib/python3.8/site-packages/airflow/example_dags/example_nested_branch_dag.py
[2023-11-22T21:11:47.009+0000] {processor.py:839} INFO - DAG(s) dict_keys(['example_nested_branch_dag']) retrieved from /home/airflow/.local/lib/python3.8/site-packages/airflow/example_dags/example_nested_branch_dag.py
[2023-11-22T21:11:47.031+0000] {logging_mixin.py:154} INFO - [2023-11-22T21:11:47.031+0000] {dag.py:2941} INFO - Sync 1 DAGs
[2023-11-22T21:11:47.055+0000] {logging_mixin.py:154} INFO - [2023-11-22T21:11:47.055+0000] {dag.py:3722} INFO - Setting next_dagrun for example_nested_branch_dag to 2023-11-21T00:00:00+00:00, run_after=2023-11-22T00:00:00+00:00
[2023-11-22T21:11:47.076+0000] {processor.py:179} INFO - Processing /home/airflow/.local/lib/python3.8/site-packages/airflow/example_dags/example_nested_branch_dag.py took 0.086 seconds
