[2023-11-22T20:46:44.287+0000] {processor.py:157} INFO - Started process (PID=48) to work on /home/airflow/.local/lib/python3.8/site-packages/airflow/example_dags/example_dynamic_task_mapping_with_no_taskflow_operators.py
[2023-11-22T20:46:44.290+0000] {processor.py:829} INFO - Processing file /home/airflow/.local/lib/python3.8/site-packages/airflow/example_dags/example_dynamic_task_mapping_with_no_taskflow_operators.py for tasks to queue
[2023-11-22T20:46:44.296+0000] {logging_mixin.py:154} INFO - [2023-11-22T20:46:44.295+0000] {dagbag.py:536} INFO - Filling up the DagBag from /home/airflow/.local/lib/python3.8/site-packages/airflow/example_dags/example_dynamic_task_mapping_with_no_taskflow_operators.py
[2023-11-22T20:46:44.321+0000] {processor.py:839} INFO - DAG(s) dict_keys(['example_dynamic_task_mapping_with_no_taskflow_operators']) retrieved from /home/airflow/.local/lib/python3.8/site-packages/airflow/example_dags/example_dynamic_task_mapping_with_no_taskflow_operators.py
[2023-11-22T20:46:44.423+0000] {logging_mixin.py:154} INFO - [2023-11-22T20:46:44.420+0000] {dag.py:2941} INFO - Sync 1 DAGs
[2023-11-22T20:46:44.520+0000] {logging_mixin.py:154} INFO - [2023-11-22T20:46:44.519+0000] {dag.py:3722} INFO - Setting next_dagrun for example_dynamic_task_mapping_with_no_taskflow_operators to 2023-11-21T20:46:44.518575+00:00, run_after=2023-11-22T20:46:44.518575+00:00
[2023-11-22T20:46:44.601+0000] {processor.py:179} INFO - Processing /home/airflow/.local/lib/python3.8/site-packages/airflow/example_dags/example_dynamic_task_mapping_with_no_taskflow_operators.py took 0.321 seconds
[2023-11-22T20:47:20.852+0000] {processor.py:157} INFO - Started process (PID=102) to work on /home/airflow/.local/lib/python3.8/site-packages/airflow/example_dags/example_dynamic_task_mapping_with_no_taskflow_operators.py
[2023-11-22T20:47:20.856+0000] {processor.py:829} INFO - Processing file /home/airflow/.local/lib/python3.8/site-packages/airflow/example_dags/example_dynamic_task_mapping_with_no_taskflow_operators.py for tasks to queue
[2023-11-22T20:47:20.866+0000] {logging_mixin.py:154} INFO - [2023-11-22T20:47:20.866+0000] {dagbag.py:536} INFO - Filling up the DagBag from /home/airflow/.local/lib/python3.8/site-packages/airflow/example_dags/example_dynamic_task_mapping_with_no_taskflow_operators.py
[2023-11-22T20:47:20.884+0000] {processor.py:839} INFO - DAG(s) dict_keys(['example_dynamic_task_mapping_with_no_taskflow_operators']) retrieved from /home/airflow/.local/lib/python3.8/site-packages/airflow/example_dags/example_dynamic_task_mapping_with_no_taskflow_operators.py
[2023-11-22T20:47:20.941+0000] {logging_mixin.py:154} INFO - [2023-11-22T20:47:20.940+0000] {dag.py:2941} INFO - Sync 1 DAGs
[2023-11-22T20:47:21.037+0000] {logging_mixin.py:154} INFO - [2023-11-22T20:47:21.036+0000] {dag.py:3722} INFO - Setting next_dagrun for example_dynamic_task_mapping_with_no_taskflow_operators to 2023-11-21T20:47:21.033910+00:00, run_after=2023-11-22T20:47:21.033910+00:00
[2023-11-22T20:47:21.131+0000] {processor.py:179} INFO - Processing /home/airflow/.local/lib/python3.8/site-packages/airflow/example_dags/example_dynamic_task_mapping_with_no_taskflow_operators.py took 0.292 seconds
[2023-11-22T20:47:51.936+0000] {processor.py:157} INFO - Started process (PID=154) to work on /home/airflow/.local/lib/python3.8/site-packages/airflow/example_dags/example_dynamic_task_mapping_with_no_taskflow_operators.py
[2023-11-22T20:47:51.938+0000] {processor.py:829} INFO - Processing file /home/airflow/.local/lib/python3.8/site-packages/airflow/example_dags/example_dynamic_task_mapping_with_no_taskflow_operators.py for tasks to queue
[2023-11-22T20:47:51.942+0000] {logging_mixin.py:154} INFO - [2023-11-22T20:47:51.941+0000] {dagbag.py:536} INFO - Filling up the DagBag from /home/airflow/.local/lib/python3.8/site-packages/airflow/example_dags/example_dynamic_task_mapping_with_no_taskflow_operators.py
[2023-11-22T20:47:51.949+0000] {processor.py:839} INFO - DAG(s) dict_keys(['example_dynamic_task_mapping_with_no_taskflow_operators']) retrieved from /home/airflow/.local/lib/python3.8/site-packages/airflow/example_dags/example_dynamic_task_mapping_with_no_taskflow_operators.py
[2023-11-22T20:47:51.971+0000] {logging_mixin.py:154} INFO - [2023-11-22T20:47:51.971+0000] {dag.py:2941} INFO - Sync 1 DAGs
[2023-11-22T20:47:51.995+0000] {logging_mixin.py:154} INFO - [2023-11-22T20:47:51.994+0000] {dag.py:3722} INFO - Setting next_dagrun for example_dynamic_task_mapping_with_no_taskflow_operators to 2023-11-21T20:47:51.994686+00:00, run_after=2023-11-22T20:47:51.994686+00:00
[2023-11-22T20:47:52.020+0000] {processor.py:179} INFO - Processing /home/airflow/.local/lib/python3.8/site-packages/airflow/example_dags/example_dynamic_task_mapping_with_no_taskflow_operators.py took 0.087 seconds
[2023-11-22T20:48:22.682+0000] {processor.py:157} INFO - Started process (PID=208) to work on /home/airflow/.local/lib/python3.8/site-packages/airflow/example_dags/example_dynamic_task_mapping_with_no_taskflow_operators.py
[2023-11-22T20:48:22.684+0000] {processor.py:829} INFO - Processing file /home/airflow/.local/lib/python3.8/site-packages/airflow/example_dags/example_dynamic_task_mapping_with_no_taskflow_operators.py for tasks to queue
[2023-11-22T20:48:22.686+0000] {logging_mixin.py:154} INFO - [2023-11-22T20:48:22.686+0000] {dagbag.py:536} INFO - Filling up the DagBag from /home/airflow/.local/lib/python3.8/site-packages/airflow/example_dags/example_dynamic_task_mapping_with_no_taskflow_operators.py
[2023-11-22T20:48:22.693+0000] {processor.py:839} INFO - DAG(s) dict_keys(['example_dynamic_task_mapping_with_no_taskflow_operators']) retrieved from /home/airflow/.local/lib/python3.8/site-packages/airflow/example_dags/example_dynamic_task_mapping_with_no_taskflow_operators.py
[2023-11-22T20:48:22.716+0000] {logging_mixin.py:154} INFO - [2023-11-22T20:48:22.716+0000] {dag.py:2941} INFO - Sync 1 DAGs
[2023-11-22T20:48:22.745+0000] {logging_mixin.py:154} INFO - [2023-11-22T20:48:22.744+0000] {dag.py:3722} INFO - Setting next_dagrun for example_dynamic_task_mapping_with_no_taskflow_operators to 2023-11-21T20:48:22.744624+00:00, run_after=2023-11-22T20:48:22.744624+00:00
[2023-11-22T20:48:22.780+0000] {processor.py:179} INFO - Processing /home/airflow/.local/lib/python3.8/site-packages/airflow/example_dags/example_dynamic_task_mapping_with_no_taskflow_operators.py took 0.101 seconds
[2023-11-22T20:48:53.433+0000] {processor.py:157} INFO - Started process (PID=262) to work on /home/airflow/.local/lib/python3.8/site-packages/airflow/example_dags/example_dynamic_task_mapping_with_no_taskflow_operators.py
[2023-11-22T20:48:53.435+0000] {processor.py:829} INFO - Processing file /home/airflow/.local/lib/python3.8/site-packages/airflow/example_dags/example_dynamic_task_mapping_with_no_taskflow_operators.py for tasks to queue
[2023-11-22T20:48:53.439+0000] {logging_mixin.py:154} INFO - [2023-11-22T20:48:53.438+0000] {dagbag.py:536} INFO - Filling up the DagBag from /home/airflow/.local/lib/python3.8/site-packages/airflow/example_dags/example_dynamic_task_mapping_with_no_taskflow_operators.py
[2023-11-22T20:48:53.446+0000] {processor.py:839} INFO - DAG(s) dict_keys(['example_dynamic_task_mapping_with_no_taskflow_operators']) retrieved from /home/airflow/.local/lib/python3.8/site-packages/airflow/example_dags/example_dynamic_task_mapping_with_no_taskflow_operators.py
[2023-11-22T20:48:53.467+0000] {logging_mixin.py:154} INFO - [2023-11-22T20:48:53.466+0000] {dag.py:2941} INFO - Sync 1 DAGs
[2023-11-22T20:48:53.492+0000] {logging_mixin.py:154} INFO - [2023-11-22T20:48:53.492+0000] {dag.py:3722} INFO - Setting next_dagrun for example_dynamic_task_mapping_with_no_taskflow_operators to 2023-11-21T20:48:53.492536+00:00, run_after=2023-11-22T20:48:53.492536+00:00
[2023-11-22T20:48:53.525+0000] {processor.py:179} INFO - Processing /home/airflow/.local/lib/python3.8/site-packages/airflow/example_dags/example_dynamic_task_mapping_with_no_taskflow_operators.py took 0.096 seconds
[2023-11-22T20:49:23.659+0000] {processor.py:157} INFO - Started process (PID=316) to work on /home/airflow/.local/lib/python3.8/site-packages/airflow/example_dags/example_dynamic_task_mapping_with_no_taskflow_operators.py
[2023-11-22T20:49:23.660+0000] {processor.py:829} INFO - Processing file /home/airflow/.local/lib/python3.8/site-packages/airflow/example_dags/example_dynamic_task_mapping_with_no_taskflow_operators.py for tasks to queue
[2023-11-22T20:49:23.663+0000] {logging_mixin.py:154} INFO - [2023-11-22T20:49:23.663+0000] {dagbag.py:536} INFO - Filling up the DagBag from /home/airflow/.local/lib/python3.8/site-packages/airflow/example_dags/example_dynamic_task_mapping_with_no_taskflow_operators.py
[2023-11-22T20:49:23.670+0000] {processor.py:839} INFO - DAG(s) dict_keys(['example_dynamic_task_mapping_with_no_taskflow_operators']) retrieved from /home/airflow/.local/lib/python3.8/site-packages/airflow/example_dags/example_dynamic_task_mapping_with_no_taskflow_operators.py
[2023-11-22T20:49:23.692+0000] {logging_mixin.py:154} INFO - [2023-11-22T20:49:23.692+0000] {dag.py:2941} INFO - Sync 1 DAGs
[2023-11-22T20:49:23.717+0000] {logging_mixin.py:154} INFO - [2023-11-22T20:49:23.716+0000] {dag.py:3722} INFO - Setting next_dagrun for example_dynamic_task_mapping_with_no_taskflow_operators to 2023-11-21T20:49:23.716680+00:00, run_after=2023-11-22T20:49:23.716680+00:00
[2023-11-22T20:49:23.737+0000] {processor.py:179} INFO - Processing /home/airflow/.local/lib/python3.8/site-packages/airflow/example_dags/example_dynamic_task_mapping_with_no_taskflow_operators.py took 0.083 seconds
[2023-11-22T20:49:53.863+0000] {processor.py:157} INFO - Started process (PID=370) to work on /home/airflow/.local/lib/python3.8/site-packages/airflow/example_dags/example_dynamic_task_mapping_with_no_taskflow_operators.py
[2023-11-22T20:49:53.865+0000] {processor.py:829} INFO - Processing file /home/airflow/.local/lib/python3.8/site-packages/airflow/example_dags/example_dynamic_task_mapping_with_no_taskflow_operators.py for tasks to queue
[2023-11-22T20:49:53.868+0000] {logging_mixin.py:154} INFO - [2023-11-22T20:49:53.867+0000] {dagbag.py:536} INFO - Filling up the DagBag from /home/airflow/.local/lib/python3.8/site-packages/airflow/example_dags/example_dynamic_task_mapping_with_no_taskflow_operators.py
[2023-11-22T20:49:53.875+0000] {processor.py:839} INFO - DAG(s) dict_keys(['example_dynamic_task_mapping_with_no_taskflow_operators']) retrieved from /home/airflow/.local/lib/python3.8/site-packages/airflow/example_dags/example_dynamic_task_mapping_with_no_taskflow_operators.py
[2023-11-22T20:49:53.895+0000] {logging_mixin.py:154} INFO - [2023-11-22T20:49:53.895+0000] {dag.py:2941} INFO - Sync 1 DAGs
[2023-11-22T20:49:53.918+0000] {logging_mixin.py:154} INFO - [2023-11-22T20:49:53.918+0000] {dag.py:3722} INFO - Setting next_dagrun for example_dynamic_task_mapping_with_no_taskflow_operators to 2023-11-21T20:49:53.918415+00:00, run_after=2023-11-22T20:49:53.918415+00:00
[2023-11-22T20:49:53.941+0000] {processor.py:179} INFO - Processing /home/airflow/.local/lib/python3.8/site-packages/airflow/example_dags/example_dynamic_task_mapping_with_no_taskflow_operators.py took 0.082 seconds
[2023-11-22T20:50:23.989+0000] {processor.py:157} INFO - Started process (PID=424) to work on /home/airflow/.local/lib/python3.8/site-packages/airflow/example_dags/example_dynamic_task_mapping_with_no_taskflow_operators.py
[2023-11-22T20:50:23.991+0000] {processor.py:829} INFO - Processing file /home/airflow/.local/lib/python3.8/site-packages/airflow/example_dags/example_dynamic_task_mapping_with_no_taskflow_operators.py for tasks to queue
[2023-11-22T20:50:23.995+0000] {logging_mixin.py:154} INFO - [2023-11-22T20:50:23.994+0000] {dagbag.py:536} INFO - Filling up the DagBag from /home/airflow/.local/lib/python3.8/site-packages/airflow/example_dags/example_dynamic_task_mapping_with_no_taskflow_operators.py
[2023-11-22T20:50:24.004+0000] {processor.py:839} INFO - DAG(s) dict_keys(['example_dynamic_task_mapping_with_no_taskflow_operators']) retrieved from /home/airflow/.local/lib/python3.8/site-packages/airflow/example_dags/example_dynamic_task_mapping_with_no_taskflow_operators.py
[2023-11-22T20:50:24.035+0000] {logging_mixin.py:154} INFO - [2023-11-22T20:50:24.034+0000] {dag.py:2941} INFO - Sync 1 DAGs
[2023-11-22T20:50:24.072+0000] {logging_mixin.py:154} INFO - [2023-11-22T20:50:24.071+0000] {dag.py:3722} INFO - Setting next_dagrun for example_dynamic_task_mapping_with_no_taskflow_operators to 2023-11-21T20:50:24.071327+00:00, run_after=2023-11-22T20:50:24.071327+00:00
[2023-11-22T20:50:24.112+0000] {processor.py:179} INFO - Processing /home/airflow/.local/lib/python3.8/site-packages/airflow/example_dags/example_dynamic_task_mapping_with_no_taskflow_operators.py took 0.128 seconds
[2023-11-22T20:50:55.300+0000] {processor.py:157} INFO - Started process (PID=478) to work on /home/airflow/.local/lib/python3.8/site-packages/airflow/example_dags/example_dynamic_task_mapping_with_no_taskflow_operators.py
[2023-11-22T20:50:55.302+0000] {processor.py:829} INFO - Processing file /home/airflow/.local/lib/python3.8/site-packages/airflow/example_dags/example_dynamic_task_mapping_with_no_taskflow_operators.py for tasks to queue
[2023-11-22T20:50:55.306+0000] {logging_mixin.py:154} INFO - [2023-11-22T20:50:55.306+0000] {dagbag.py:536} INFO - Filling up the DagBag from /home/airflow/.local/lib/python3.8/site-packages/airflow/example_dags/example_dynamic_task_mapping_with_no_taskflow_operators.py
[2023-11-22T20:50:55.314+0000] {processor.py:839} INFO - DAG(s) dict_keys(['example_dynamic_task_mapping_with_no_taskflow_operators']) retrieved from /home/airflow/.local/lib/python3.8/site-packages/airflow/example_dags/example_dynamic_task_mapping_with_no_taskflow_operators.py
[2023-11-22T20:50:55.345+0000] {logging_mixin.py:154} INFO - [2023-11-22T20:50:55.345+0000] {dag.py:2941} INFO - Sync 1 DAGs
[2023-11-22T20:50:55.372+0000] {logging_mixin.py:154} INFO - [2023-11-22T20:50:55.372+0000] {dag.py:3722} INFO - Setting next_dagrun for example_dynamic_task_mapping_with_no_taskflow_operators to 2023-11-21T20:50:55.371910+00:00, run_after=2023-11-22T20:50:55.371910+00:00
[2023-11-22T20:50:55.396+0000] {processor.py:179} INFO - Processing /home/airflow/.local/lib/python3.8/site-packages/airflow/example_dags/example_dynamic_task_mapping_with_no_taskflow_operators.py took 0.101 seconds
[2023-11-22T20:51:26.403+0000] {processor.py:157} INFO - Started process (PID=532) to work on /home/airflow/.local/lib/python3.8/site-packages/airflow/example_dags/example_dynamic_task_mapping_with_no_taskflow_operators.py
[2023-11-22T20:51:26.405+0000] {processor.py:829} INFO - Processing file /home/airflow/.local/lib/python3.8/site-packages/airflow/example_dags/example_dynamic_task_mapping_with_no_taskflow_operators.py for tasks to queue
[2023-11-22T20:51:26.410+0000] {logging_mixin.py:154} INFO - [2023-11-22T20:51:26.409+0000] {dagbag.py:536} INFO - Filling up the DagBag from /home/airflow/.local/lib/python3.8/site-packages/airflow/example_dags/example_dynamic_task_mapping_with_no_taskflow_operators.py
[2023-11-22T20:51:26.419+0000] {processor.py:839} INFO - DAG(s) dict_keys(['example_dynamic_task_mapping_with_no_taskflow_operators']) retrieved from /home/airflow/.local/lib/python3.8/site-packages/airflow/example_dags/example_dynamic_task_mapping_with_no_taskflow_operators.py
[2023-11-22T20:51:26.446+0000] {logging_mixin.py:154} INFO - [2023-11-22T20:51:26.446+0000] {dag.py:2941} INFO - Sync 1 DAGs
[2023-11-22T20:51:26.474+0000] {logging_mixin.py:154} INFO - [2023-11-22T20:51:26.474+0000] {dag.py:3722} INFO - Setting next_dagrun for example_dynamic_task_mapping_with_no_taskflow_operators to 2023-11-21T20:51:26.473597+00:00, run_after=2023-11-22T20:51:26.473597+00:00
[2023-11-22T20:51:26.503+0000] {processor.py:179} INFO - Processing /home/airflow/.local/lib/python3.8/site-packages/airflow/example_dags/example_dynamic_task_mapping_with_no_taskflow_operators.py took 0.103 seconds
[2023-11-22T20:52:14.790+0000] {processor.py:157} INFO - Started process (PID=586) to work on /home/airflow/.local/lib/python3.8/site-packages/airflow/example_dags/example_dynamic_task_mapping_with_no_taskflow_operators.py
[2023-11-22T20:52:14.791+0000] {processor.py:829} INFO - Processing file /home/airflow/.local/lib/python3.8/site-packages/airflow/example_dags/example_dynamic_task_mapping_with_no_taskflow_operators.py for tasks to queue
[2023-11-22T20:52:14.794+0000] {logging_mixin.py:154} INFO - [2023-11-22T20:52:14.793+0000] {dagbag.py:536} INFO - Filling up the DagBag from /home/airflow/.local/lib/python3.8/site-packages/airflow/example_dags/example_dynamic_task_mapping_with_no_taskflow_operators.py
[2023-11-22T20:52:14.802+0000] {processor.py:839} INFO - DAG(s) dict_keys(['example_dynamic_task_mapping_with_no_taskflow_operators']) retrieved from /home/airflow/.local/lib/python3.8/site-packages/airflow/example_dags/example_dynamic_task_mapping_with_no_taskflow_operators.py
[2023-11-22T20:52:14.828+0000] {logging_mixin.py:154} INFO - [2023-11-22T20:52:14.827+0000] {dag.py:2941} INFO - Sync 1 DAGs
[2023-11-22T20:52:14.857+0000] {logging_mixin.py:154} INFO - [2023-11-22T20:52:14.856+0000] {dag.py:3722} INFO - Setting next_dagrun for example_dynamic_task_mapping_with_no_taskflow_operators to 2023-11-21T20:52:14.856480+00:00, run_after=2023-11-22T20:52:14.856480+00:00
[2023-11-22T20:52:14.882+0000] {processor.py:179} INFO - Processing /home/airflow/.local/lib/python3.8/site-packages/airflow/example_dags/example_dynamic_task_mapping_with_no_taskflow_operators.py took 0.096 seconds
[2023-11-22T20:52:45.692+0000] {processor.py:157} INFO - Started process (PID=639) to work on /home/airflow/.local/lib/python3.8/site-packages/airflow/example_dags/example_dynamic_task_mapping_with_no_taskflow_operators.py
[2023-11-22T20:52:45.694+0000] {processor.py:829} INFO - Processing file /home/airflow/.local/lib/python3.8/site-packages/airflow/example_dags/example_dynamic_task_mapping_with_no_taskflow_operators.py for tasks to queue
[2023-11-22T20:52:45.697+0000] {logging_mixin.py:154} INFO - [2023-11-22T20:52:45.696+0000] {dagbag.py:536} INFO - Filling up the DagBag from /home/airflow/.local/lib/python3.8/site-packages/airflow/example_dags/example_dynamic_task_mapping_with_no_taskflow_operators.py
[2023-11-22T20:52:45.709+0000] {processor.py:839} INFO - DAG(s) dict_keys(['example_dynamic_task_mapping_with_no_taskflow_operators']) retrieved from /home/airflow/.local/lib/python3.8/site-packages/airflow/example_dags/example_dynamic_task_mapping_with_no_taskflow_operators.py
[2023-11-22T20:52:45.732+0000] {logging_mixin.py:154} INFO - [2023-11-22T20:52:45.732+0000] {dag.py:2941} INFO - Sync 1 DAGs
[2023-11-22T20:52:45.764+0000] {logging_mixin.py:154} INFO - [2023-11-22T20:52:45.764+0000] {dag.py:3722} INFO - Setting next_dagrun for example_dynamic_task_mapping_with_no_taskflow_operators to 2023-11-21T20:52:45.764144+00:00, run_after=2023-11-22T20:52:45.764144+00:00
[2023-11-22T20:52:45.800+0000] {processor.py:179} INFO - Processing /home/airflow/.local/lib/python3.8/site-packages/airflow/example_dags/example_dynamic_task_mapping_with_no_taskflow_operators.py took 0.112 seconds
[2023-11-22T20:53:16.502+0000] {processor.py:157} INFO - Started process (PID=701) to work on /home/airflow/.local/lib/python3.8/site-packages/airflow/example_dags/example_dynamic_task_mapping_with_no_taskflow_operators.py
[2023-11-22T20:53:16.503+0000] {processor.py:829} INFO - Processing file /home/airflow/.local/lib/python3.8/site-packages/airflow/example_dags/example_dynamic_task_mapping_with_no_taskflow_operators.py for tasks to queue
[2023-11-22T20:53:16.506+0000] {logging_mixin.py:154} INFO - [2023-11-22T20:53:16.506+0000] {dagbag.py:536} INFO - Filling up the DagBag from /home/airflow/.local/lib/python3.8/site-packages/airflow/example_dags/example_dynamic_task_mapping_with_no_taskflow_operators.py
[2023-11-22T20:53:16.513+0000] {processor.py:839} INFO - DAG(s) dict_keys(['example_dynamic_task_mapping_with_no_taskflow_operators']) retrieved from /home/airflow/.local/lib/python3.8/site-packages/airflow/example_dags/example_dynamic_task_mapping_with_no_taskflow_operators.py
[2023-11-22T20:53:16.536+0000] {logging_mixin.py:154} INFO - [2023-11-22T20:53:16.535+0000] {dag.py:2941} INFO - Sync 1 DAGs
[2023-11-22T20:53:16.560+0000] {logging_mixin.py:154} INFO - [2023-11-22T20:53:16.559+0000] {dag.py:3722} INFO - Setting next_dagrun for example_dynamic_task_mapping_with_no_taskflow_operators to 2023-11-21T20:53:16.559622+00:00, run_after=2023-11-22T20:53:16.559622+00:00
[2023-11-22T20:53:16.590+0000] {processor.py:179} INFO - Processing /home/airflow/.local/lib/python3.8/site-packages/airflow/example_dags/example_dynamic_task_mapping_with_no_taskflow_operators.py took 0.092 seconds
[2023-11-22T20:53:47.588+0000] {processor.py:157} INFO - Started process (PID=756) to work on /home/airflow/.local/lib/python3.8/site-packages/airflow/example_dags/example_dynamic_task_mapping_with_no_taskflow_operators.py
[2023-11-22T20:53:47.589+0000] {processor.py:829} INFO - Processing file /home/airflow/.local/lib/python3.8/site-packages/airflow/example_dags/example_dynamic_task_mapping_with_no_taskflow_operators.py for tasks to queue
[2023-11-22T20:53:47.593+0000] {logging_mixin.py:154} INFO - [2023-11-22T20:53:47.592+0000] {dagbag.py:536} INFO - Filling up the DagBag from /home/airflow/.local/lib/python3.8/site-packages/airflow/example_dags/example_dynamic_task_mapping_with_no_taskflow_operators.py
[2023-11-22T20:53:47.607+0000] {processor.py:839} INFO - DAG(s) dict_keys(['example_dynamic_task_mapping_with_no_taskflow_operators']) retrieved from /home/airflow/.local/lib/python3.8/site-packages/airflow/example_dags/example_dynamic_task_mapping_with_no_taskflow_operators.py
[2023-11-22T20:53:47.639+0000] {logging_mixin.py:154} INFO - [2023-11-22T20:53:47.639+0000] {dag.py:2941} INFO - Sync 1 DAGs
[2023-11-22T20:53:47.676+0000] {logging_mixin.py:154} INFO - [2023-11-22T20:53:47.676+0000] {dag.py:3722} INFO - Setting next_dagrun for example_dynamic_task_mapping_with_no_taskflow_operators to 2023-11-21T20:53:47.675729+00:00, run_after=2023-11-22T20:53:47.675729+00:00
[2023-11-22T20:53:47.707+0000] {processor.py:179} INFO - Processing /home/airflow/.local/lib/python3.8/site-packages/airflow/example_dags/example_dynamic_task_mapping_with_no_taskflow_operators.py took 0.125 seconds
[2023-11-22T20:54:18.552+0000] {processor.py:157} INFO - Started process (PID=810) to work on /home/airflow/.local/lib/python3.8/site-packages/airflow/example_dags/example_dynamic_task_mapping_with_no_taskflow_operators.py
[2023-11-22T20:54:18.554+0000] {processor.py:829} INFO - Processing file /home/airflow/.local/lib/python3.8/site-packages/airflow/example_dags/example_dynamic_task_mapping_with_no_taskflow_operators.py for tasks to queue
[2023-11-22T20:54:18.556+0000] {logging_mixin.py:154} INFO - [2023-11-22T20:54:18.556+0000] {dagbag.py:536} INFO - Filling up the DagBag from /home/airflow/.local/lib/python3.8/site-packages/airflow/example_dags/example_dynamic_task_mapping_with_no_taskflow_operators.py
[2023-11-22T20:54:18.565+0000] {processor.py:839} INFO - DAG(s) dict_keys(['example_dynamic_task_mapping_with_no_taskflow_operators']) retrieved from /home/airflow/.local/lib/python3.8/site-packages/airflow/example_dags/example_dynamic_task_mapping_with_no_taskflow_operators.py
[2023-11-22T20:54:18.586+0000] {logging_mixin.py:154} INFO - [2023-11-22T20:54:18.585+0000] {dag.py:2941} INFO - Sync 1 DAGs
[2023-11-22T20:54:18.609+0000] {logging_mixin.py:154} INFO - [2023-11-22T20:54:18.609+0000] {dag.py:3722} INFO - Setting next_dagrun for example_dynamic_task_mapping_with_no_taskflow_operators to 2023-11-21T20:54:18.609026+00:00, run_after=2023-11-22T20:54:18.609026+00:00
[2023-11-22T20:54:18.630+0000] {processor.py:179} INFO - Processing /home/airflow/.local/lib/python3.8/site-packages/airflow/example_dags/example_dynamic_task_mapping_with_no_taskflow_operators.py took 0.081 seconds
[2023-11-22T20:54:48.850+0000] {processor.py:157} INFO - Started process (PID=864) to work on /home/airflow/.local/lib/python3.8/site-packages/airflow/example_dags/example_dynamic_task_mapping_with_no_taskflow_operators.py
[2023-11-22T20:54:48.851+0000] {processor.py:829} INFO - Processing file /home/airflow/.local/lib/python3.8/site-packages/airflow/example_dags/example_dynamic_task_mapping_with_no_taskflow_operators.py for tasks to queue
[2023-11-22T20:54:48.854+0000] {logging_mixin.py:154} INFO - [2023-11-22T20:54:48.853+0000] {dagbag.py:536} INFO - Filling up the DagBag from /home/airflow/.local/lib/python3.8/site-packages/airflow/example_dags/example_dynamic_task_mapping_with_no_taskflow_operators.py
[2023-11-22T20:54:48.860+0000] {processor.py:839} INFO - DAG(s) dict_keys(['example_dynamic_task_mapping_with_no_taskflow_operators']) retrieved from /home/airflow/.local/lib/python3.8/site-packages/airflow/example_dags/example_dynamic_task_mapping_with_no_taskflow_operators.py
[2023-11-22T20:54:48.879+0000] {logging_mixin.py:154} INFO - [2023-11-22T20:54:48.879+0000] {dag.py:2941} INFO - Sync 1 DAGs
[2023-11-22T20:54:48.900+0000] {logging_mixin.py:154} INFO - [2023-11-22T20:54:48.900+0000] {dag.py:3722} INFO - Setting next_dagrun for example_dynamic_task_mapping_with_no_taskflow_operators to 2023-11-21T20:54:48.900213+00:00, run_after=2023-11-22T20:54:48.900213+00:00
[2023-11-22T20:54:48.922+0000] {processor.py:179} INFO - Processing /home/airflow/.local/lib/python3.8/site-packages/airflow/example_dags/example_dynamic_task_mapping_with_no_taskflow_operators.py took 0.074 seconds
[2023-11-22T20:55:19.154+0000] {processor.py:157} INFO - Started process (PID=918) to work on /home/airflow/.local/lib/python3.8/site-packages/airflow/example_dags/example_dynamic_task_mapping_with_no_taskflow_operators.py
[2023-11-22T20:55:19.156+0000] {processor.py:829} INFO - Processing file /home/airflow/.local/lib/python3.8/site-packages/airflow/example_dags/example_dynamic_task_mapping_with_no_taskflow_operators.py for tasks to queue
[2023-11-22T20:55:19.158+0000] {logging_mixin.py:154} INFO - [2023-11-22T20:55:19.158+0000] {dagbag.py:536} INFO - Filling up the DagBag from /home/airflow/.local/lib/python3.8/site-packages/airflow/example_dags/example_dynamic_task_mapping_with_no_taskflow_operators.py
[2023-11-22T20:55:19.167+0000] {processor.py:839} INFO - DAG(s) dict_keys(['example_dynamic_task_mapping_with_no_taskflow_operators']) retrieved from /home/airflow/.local/lib/python3.8/site-packages/airflow/example_dags/example_dynamic_task_mapping_with_no_taskflow_operators.py
[2023-11-22T20:55:19.196+0000] {logging_mixin.py:154} INFO - [2023-11-22T20:55:19.195+0000] {dag.py:2941} INFO - Sync 1 DAGs
[2023-11-22T20:55:19.224+0000] {logging_mixin.py:154} INFO - [2023-11-22T20:55:19.223+0000] {dag.py:3722} INFO - Setting next_dagrun for example_dynamic_task_mapping_with_no_taskflow_operators to 2023-11-21T20:55:19.223568+00:00, run_after=2023-11-22T20:55:19.223568+00:00
[2023-11-22T20:55:19.250+0000] {processor.py:179} INFO - Processing /home/airflow/.local/lib/python3.8/site-packages/airflow/example_dags/example_dynamic_task_mapping_with_no_taskflow_operators.py took 0.099 seconds
[2023-11-22T20:55:49.437+0000] {processor.py:157} INFO - Started process (PID=973) to work on /home/airflow/.local/lib/python3.8/site-packages/airflow/example_dags/example_dynamic_task_mapping_with_no_taskflow_operators.py
[2023-11-22T20:55:49.438+0000] {processor.py:829} INFO - Processing file /home/airflow/.local/lib/python3.8/site-packages/airflow/example_dags/example_dynamic_task_mapping_with_no_taskflow_operators.py for tasks to queue
[2023-11-22T20:55:49.442+0000] {logging_mixin.py:154} INFO - [2023-11-22T20:55:49.441+0000] {dagbag.py:536} INFO - Filling up the DagBag from /home/airflow/.local/lib/python3.8/site-packages/airflow/example_dags/example_dynamic_task_mapping_with_no_taskflow_operators.py
[2023-11-22T20:55:49.450+0000] {processor.py:839} INFO - DAG(s) dict_keys(['example_dynamic_task_mapping_with_no_taskflow_operators']) retrieved from /home/airflow/.local/lib/python3.8/site-packages/airflow/example_dags/example_dynamic_task_mapping_with_no_taskflow_operators.py
[2023-11-22T20:55:49.477+0000] {logging_mixin.py:154} INFO - [2023-11-22T20:55:49.477+0000] {dag.py:2941} INFO - Sync 1 DAGs
[2023-11-22T20:55:49.502+0000] {logging_mixin.py:154} INFO - [2023-11-22T20:55:49.502+0000] {dag.py:3722} INFO - Setting next_dagrun for example_dynamic_task_mapping_with_no_taskflow_operators to 2023-11-21T20:55:49.502503+00:00, run_after=2023-11-22T20:55:49.502503+00:00
[2023-11-22T20:55:49.524+0000] {processor.py:179} INFO - Processing /home/airflow/.local/lib/python3.8/site-packages/airflow/example_dags/example_dynamic_task_mapping_with_no_taskflow_operators.py took 0.092 seconds
[2023-11-22T20:56:19.622+0000] {processor.py:157} INFO - Started process (PID=1027) to work on /home/airflow/.local/lib/python3.8/site-packages/airflow/example_dags/example_dynamic_task_mapping_with_no_taskflow_operators.py
[2023-11-22T20:56:19.623+0000] {processor.py:829} INFO - Processing file /home/airflow/.local/lib/python3.8/site-packages/airflow/example_dags/example_dynamic_task_mapping_with_no_taskflow_operators.py for tasks to queue
[2023-11-22T20:56:19.626+0000] {logging_mixin.py:154} INFO - [2023-11-22T20:56:19.625+0000] {dagbag.py:536} INFO - Filling up the DagBag from /home/airflow/.local/lib/python3.8/site-packages/airflow/example_dags/example_dynamic_task_mapping_with_no_taskflow_operators.py
[2023-11-22T20:56:19.632+0000] {processor.py:839} INFO - DAG(s) dict_keys(['example_dynamic_task_mapping_with_no_taskflow_operators']) retrieved from /home/airflow/.local/lib/python3.8/site-packages/airflow/example_dags/example_dynamic_task_mapping_with_no_taskflow_operators.py
[2023-11-22T20:56:19.653+0000] {logging_mixin.py:154} INFO - [2023-11-22T20:56:19.653+0000] {dag.py:2941} INFO - Sync 1 DAGs
[2023-11-22T20:56:19.676+0000] {logging_mixin.py:154} INFO - [2023-11-22T20:56:19.675+0000] {dag.py:3722} INFO - Setting next_dagrun for example_dynamic_task_mapping_with_no_taskflow_operators to 2023-11-21T20:56:19.675744+00:00, run_after=2023-11-22T20:56:19.675744+00:00
[2023-11-22T20:56:19.697+0000] {processor.py:179} INFO - Processing /home/airflow/.local/lib/python3.8/site-packages/airflow/example_dags/example_dynamic_task_mapping_with_no_taskflow_operators.py took 0.078 seconds
[2023-11-22T20:56:49.850+0000] {processor.py:157} INFO - Started process (PID=1081) to work on /home/airflow/.local/lib/python3.8/site-packages/airflow/example_dags/example_dynamic_task_mapping_with_no_taskflow_operators.py
[2023-11-22T20:56:49.851+0000] {processor.py:829} INFO - Processing file /home/airflow/.local/lib/python3.8/site-packages/airflow/example_dags/example_dynamic_task_mapping_with_no_taskflow_operators.py for tasks to queue
[2023-11-22T20:56:49.853+0000] {logging_mixin.py:154} INFO - [2023-11-22T20:56:49.853+0000] {dagbag.py:536} INFO - Filling up the DagBag from /home/airflow/.local/lib/python3.8/site-packages/airflow/example_dags/example_dynamic_task_mapping_with_no_taskflow_operators.py
[2023-11-22T20:56:49.860+0000] {processor.py:839} INFO - DAG(s) dict_keys(['example_dynamic_task_mapping_with_no_taskflow_operators']) retrieved from /home/airflow/.local/lib/python3.8/site-packages/airflow/example_dags/example_dynamic_task_mapping_with_no_taskflow_operators.py
[2023-11-22T20:56:49.883+0000] {logging_mixin.py:154} INFO - [2023-11-22T20:56:49.883+0000] {dag.py:2941} INFO - Sync 1 DAGs
[2023-11-22T20:56:49.906+0000] {logging_mixin.py:154} INFO - [2023-11-22T20:56:49.906+0000] {dag.py:3722} INFO - Setting next_dagrun for example_dynamic_task_mapping_with_no_taskflow_operators to 2023-11-21T20:56:49.906145+00:00, run_after=2023-11-22T20:56:49.906145+00:00
[2023-11-22T20:56:49.925+0000] {processor.py:179} INFO - Processing /home/airflow/.local/lib/python3.8/site-packages/airflow/example_dags/example_dynamic_task_mapping_with_no_taskflow_operators.py took 0.078 seconds
[2023-11-22T20:57:20.188+0000] {processor.py:157} INFO - Started process (PID=1135) to work on /home/airflow/.local/lib/python3.8/site-packages/airflow/example_dags/example_dynamic_task_mapping_with_no_taskflow_operators.py
[2023-11-22T20:57:20.189+0000] {processor.py:829} INFO - Processing file /home/airflow/.local/lib/python3.8/site-packages/airflow/example_dags/example_dynamic_task_mapping_with_no_taskflow_operators.py for tasks to queue
[2023-11-22T20:57:20.193+0000] {logging_mixin.py:154} INFO - [2023-11-22T20:57:20.192+0000] {dagbag.py:536} INFO - Filling up the DagBag from /home/airflow/.local/lib/python3.8/site-packages/airflow/example_dags/example_dynamic_task_mapping_with_no_taskflow_operators.py
[2023-11-22T20:57:20.200+0000] {processor.py:839} INFO - DAG(s) dict_keys(['example_dynamic_task_mapping_with_no_taskflow_operators']) retrieved from /home/airflow/.local/lib/python3.8/site-packages/airflow/example_dags/example_dynamic_task_mapping_with_no_taskflow_operators.py
[2023-11-22T20:57:20.222+0000] {logging_mixin.py:154} INFO - [2023-11-22T20:57:20.221+0000] {dag.py:2941} INFO - Sync 1 DAGs
[2023-11-22T20:57:20.249+0000] {logging_mixin.py:154} INFO - [2023-11-22T20:57:20.249+0000] {dag.py:3722} INFO - Setting next_dagrun for example_dynamic_task_mapping_with_no_taskflow_operators to 2023-11-21T20:57:20.249010+00:00, run_after=2023-11-22T20:57:20.249010+00:00
[2023-11-22T20:57:20.442+0000] {processor.py:179} INFO - Processing /home/airflow/.local/lib/python3.8/site-packages/airflow/example_dags/example_dynamic_task_mapping_with_no_taskflow_operators.py took 0.257 seconds
[2023-11-22T20:57:50.834+0000] {processor.py:157} INFO - Started process (PID=1189) to work on /home/airflow/.local/lib/python3.8/site-packages/airflow/example_dags/example_dynamic_task_mapping_with_no_taskflow_operators.py
[2023-11-22T20:57:50.836+0000] {processor.py:829} INFO - Processing file /home/airflow/.local/lib/python3.8/site-packages/airflow/example_dags/example_dynamic_task_mapping_with_no_taskflow_operators.py for tasks to queue
[2023-11-22T20:57:50.838+0000] {logging_mixin.py:154} INFO - [2023-11-22T20:57:50.838+0000] {dagbag.py:536} INFO - Filling up the DagBag from /home/airflow/.local/lib/python3.8/site-packages/airflow/example_dags/example_dynamic_task_mapping_with_no_taskflow_operators.py
[2023-11-22T20:57:50.844+0000] {processor.py:839} INFO - DAG(s) dict_keys(['example_dynamic_task_mapping_with_no_taskflow_operators']) retrieved from /home/airflow/.local/lib/python3.8/site-packages/airflow/example_dags/example_dynamic_task_mapping_with_no_taskflow_operators.py
[2023-11-22T20:57:50.864+0000] {logging_mixin.py:154} INFO - [2023-11-22T20:57:50.864+0000] {dag.py:2941} INFO - Sync 1 DAGs
[2023-11-22T20:57:50.885+0000] {logging_mixin.py:154} INFO - [2023-11-22T20:57:50.885+0000] {dag.py:3722} INFO - Setting next_dagrun for example_dynamic_task_mapping_with_no_taskflow_operators to 2023-11-21T20:57:50.885366+00:00, run_after=2023-11-22T20:57:50.885366+00:00
[2023-11-22T20:57:50.933+0000] {processor.py:179} INFO - Processing /home/airflow/.local/lib/python3.8/site-packages/airflow/example_dags/example_dynamic_task_mapping_with_no_taskflow_operators.py took 0.101 seconds
[2023-11-22T20:58:21.886+0000] {processor.py:157} INFO - Started process (PID=1243) to work on /home/airflow/.local/lib/python3.8/site-packages/airflow/example_dags/example_dynamic_task_mapping_with_no_taskflow_operators.py
[2023-11-22T20:58:21.887+0000] {processor.py:829} INFO - Processing file /home/airflow/.local/lib/python3.8/site-packages/airflow/example_dags/example_dynamic_task_mapping_with_no_taskflow_operators.py for tasks to queue
[2023-11-22T20:58:21.889+0000] {logging_mixin.py:154} INFO - [2023-11-22T20:58:21.889+0000] {dagbag.py:536} INFO - Filling up the DagBag from /home/airflow/.local/lib/python3.8/site-packages/airflow/example_dags/example_dynamic_task_mapping_with_no_taskflow_operators.py
[2023-11-22T20:58:21.897+0000] {processor.py:839} INFO - DAG(s) dict_keys(['example_dynamic_task_mapping_with_no_taskflow_operators']) retrieved from /home/airflow/.local/lib/python3.8/site-packages/airflow/example_dags/example_dynamic_task_mapping_with_no_taskflow_operators.py
[2023-11-22T20:58:21.917+0000] {logging_mixin.py:154} INFO - [2023-11-22T20:58:21.917+0000] {dag.py:2941} INFO - Sync 1 DAGs
[2023-11-22T20:58:21.938+0000] {logging_mixin.py:154} INFO - [2023-11-22T20:58:21.938+0000] {dag.py:3722} INFO - Setting next_dagrun for example_dynamic_task_mapping_with_no_taskflow_operators to 2023-11-21T20:58:21.938167+00:00, run_after=2023-11-22T20:58:21.938167+00:00
[2023-11-22T20:58:21.959+0000] {processor.py:179} INFO - Processing /home/airflow/.local/lib/python3.8/site-packages/airflow/example_dags/example_dynamic_task_mapping_with_no_taskflow_operators.py took 0.077 seconds
[2023-11-22T20:58:52.020+0000] {processor.py:157} INFO - Started process (PID=1297) to work on /home/airflow/.local/lib/python3.8/site-packages/airflow/example_dags/example_dynamic_task_mapping_with_no_taskflow_operators.py
[2023-11-22T20:58:52.022+0000] {processor.py:829} INFO - Processing file /home/airflow/.local/lib/python3.8/site-packages/airflow/example_dags/example_dynamic_task_mapping_with_no_taskflow_operators.py for tasks to queue
[2023-11-22T20:58:52.024+0000] {logging_mixin.py:154} INFO - [2023-11-22T20:58:52.024+0000] {dagbag.py:536} INFO - Filling up the DagBag from /home/airflow/.local/lib/python3.8/site-packages/airflow/example_dags/example_dynamic_task_mapping_with_no_taskflow_operators.py
[2023-11-22T20:58:52.031+0000] {processor.py:839} INFO - DAG(s) dict_keys(['example_dynamic_task_mapping_with_no_taskflow_operators']) retrieved from /home/airflow/.local/lib/python3.8/site-packages/airflow/example_dags/example_dynamic_task_mapping_with_no_taskflow_operators.py
[2023-11-22T20:58:52.053+0000] {logging_mixin.py:154} INFO - [2023-11-22T20:58:52.053+0000] {dag.py:2941} INFO - Sync 1 DAGs
[2023-11-22T20:58:52.077+0000] {logging_mixin.py:154} INFO - [2023-11-22T20:58:52.077+0000] {dag.py:3722} INFO - Setting next_dagrun for example_dynamic_task_mapping_with_no_taskflow_operators to 2023-11-21T20:58:52.077340+00:00, run_after=2023-11-22T20:58:52.077340+00:00
[2023-11-22T20:58:52.249+0000] {processor.py:179} INFO - Processing /home/airflow/.local/lib/python3.8/site-packages/airflow/example_dags/example_dynamic_task_mapping_with_no_taskflow_operators.py took 0.232 seconds
[2023-11-22T20:59:22.461+0000] {processor.py:157} INFO - Started process (PID=1351) to work on /home/airflow/.local/lib/python3.8/site-packages/airflow/example_dags/example_dynamic_task_mapping_with_no_taskflow_operators.py
[2023-11-22T20:59:22.462+0000] {processor.py:829} INFO - Processing file /home/airflow/.local/lib/python3.8/site-packages/airflow/example_dags/example_dynamic_task_mapping_with_no_taskflow_operators.py for tasks to queue
[2023-11-22T20:59:22.465+0000] {logging_mixin.py:154} INFO - [2023-11-22T20:59:22.465+0000] {dagbag.py:536} INFO - Filling up the DagBag from /home/airflow/.local/lib/python3.8/site-packages/airflow/example_dags/example_dynamic_task_mapping_with_no_taskflow_operators.py
[2023-11-22T20:59:22.473+0000] {processor.py:839} INFO - DAG(s) dict_keys(['example_dynamic_task_mapping_with_no_taskflow_operators']) retrieved from /home/airflow/.local/lib/python3.8/site-packages/airflow/example_dags/example_dynamic_task_mapping_with_no_taskflow_operators.py
[2023-11-22T20:59:22.493+0000] {logging_mixin.py:154} INFO - [2023-11-22T20:59:22.493+0000] {dag.py:2941} INFO - Sync 1 DAGs
[2023-11-22T20:59:22.515+0000] {logging_mixin.py:154} INFO - [2023-11-22T20:59:22.515+0000] {dag.py:3722} INFO - Setting next_dagrun for example_dynamic_task_mapping_with_no_taskflow_operators to 2023-11-21T20:59:22.514879+00:00, run_after=2023-11-22T20:59:22.514879+00:00
[2023-11-22T20:59:22.536+0000] {processor.py:179} INFO - Processing /home/airflow/.local/lib/python3.8/site-packages/airflow/example_dags/example_dynamic_task_mapping_with_no_taskflow_operators.py took 0.078 seconds
[2023-11-22T20:59:53.292+0000] {processor.py:157} INFO - Started process (PID=1405) to work on /home/airflow/.local/lib/python3.8/site-packages/airflow/example_dags/example_dynamic_task_mapping_with_no_taskflow_operators.py
[2023-11-22T20:59:53.293+0000] {processor.py:829} INFO - Processing file /home/airflow/.local/lib/python3.8/site-packages/airflow/example_dags/example_dynamic_task_mapping_with_no_taskflow_operators.py for tasks to queue
[2023-11-22T20:59:53.296+0000] {logging_mixin.py:154} INFO - [2023-11-22T20:59:53.295+0000] {dagbag.py:536} INFO - Filling up the DagBag from /home/airflow/.local/lib/python3.8/site-packages/airflow/example_dags/example_dynamic_task_mapping_with_no_taskflow_operators.py
[2023-11-22T20:59:53.304+0000] {processor.py:839} INFO - DAG(s) dict_keys(['example_dynamic_task_mapping_with_no_taskflow_operators']) retrieved from /home/airflow/.local/lib/python3.8/site-packages/airflow/example_dags/example_dynamic_task_mapping_with_no_taskflow_operators.py
[2023-11-22T20:59:53.326+0000] {logging_mixin.py:154} INFO - [2023-11-22T20:59:53.326+0000] {dag.py:2941} INFO - Sync 1 DAGs
[2023-11-22T20:59:53.351+0000] {logging_mixin.py:154} INFO - [2023-11-22T20:59:53.351+0000] {dag.py:3722} INFO - Setting next_dagrun for example_dynamic_task_mapping_with_no_taskflow_operators to 2023-11-21T20:59:53.351083+00:00, run_after=2023-11-22T20:59:53.351083+00:00
[2023-11-22T20:59:53.374+0000] {processor.py:179} INFO - Processing /home/airflow/.local/lib/python3.8/site-packages/airflow/example_dags/example_dynamic_task_mapping_with_no_taskflow_operators.py took 0.085 seconds
[2023-11-22T21:00:23.892+0000] {processor.py:157} INFO - Started process (PID=1457) to work on /home/airflow/.local/lib/python3.8/site-packages/airflow/example_dags/example_dynamic_task_mapping_with_no_taskflow_operators.py
[2023-11-22T21:00:23.893+0000] {processor.py:829} INFO - Processing file /home/airflow/.local/lib/python3.8/site-packages/airflow/example_dags/example_dynamic_task_mapping_with_no_taskflow_operators.py for tasks to queue
[2023-11-22T21:00:23.896+0000] {logging_mixin.py:154} INFO - [2023-11-22T21:00:23.896+0000] {dagbag.py:536} INFO - Filling up the DagBag from /home/airflow/.local/lib/python3.8/site-packages/airflow/example_dags/example_dynamic_task_mapping_with_no_taskflow_operators.py
[2023-11-22T21:00:23.904+0000] {processor.py:839} INFO - DAG(s) dict_keys(['example_dynamic_task_mapping_with_no_taskflow_operators']) retrieved from /home/airflow/.local/lib/python3.8/site-packages/airflow/example_dags/example_dynamic_task_mapping_with_no_taskflow_operators.py
[2023-11-22T21:00:23.926+0000] {logging_mixin.py:154} INFO - [2023-11-22T21:00:23.926+0000] {dag.py:2941} INFO - Sync 1 DAGs
[2023-11-22T21:00:24.108+0000] {logging_mixin.py:154} INFO - [2023-11-22T21:00:24.107+0000] {dag.py:3722} INFO - Setting next_dagrun for example_dynamic_task_mapping_with_no_taskflow_operators to 2023-11-21T21:00:24.107550+00:00, run_after=2023-11-22T21:00:24.107550+00:00
[2023-11-22T21:00:24.131+0000] {processor.py:179} INFO - Processing /home/airflow/.local/lib/python3.8/site-packages/airflow/example_dags/example_dynamic_task_mapping_with_no_taskflow_operators.py took 0.242 seconds
[2023-11-22T21:00:54.354+0000] {processor.py:157} INFO - Started process (PID=1511) to work on /home/airflow/.local/lib/python3.8/site-packages/airflow/example_dags/example_dynamic_task_mapping_with_no_taskflow_operators.py
[2023-11-22T21:00:54.356+0000] {processor.py:829} INFO - Processing file /home/airflow/.local/lib/python3.8/site-packages/airflow/example_dags/example_dynamic_task_mapping_with_no_taskflow_operators.py for tasks to queue
[2023-11-22T21:00:54.361+0000] {logging_mixin.py:154} INFO - [2023-11-22T21:00:54.360+0000] {dagbag.py:536} INFO - Filling up the DagBag from /home/airflow/.local/lib/python3.8/site-packages/airflow/example_dags/example_dynamic_task_mapping_with_no_taskflow_operators.py
[2023-11-22T21:00:54.369+0000] {processor.py:839} INFO - DAG(s) dict_keys(['example_dynamic_task_mapping_with_no_taskflow_operators']) retrieved from /home/airflow/.local/lib/python3.8/site-packages/airflow/example_dags/example_dynamic_task_mapping_with_no_taskflow_operators.py
[2023-11-22T21:00:54.397+0000] {logging_mixin.py:154} INFO - [2023-11-22T21:00:54.397+0000] {dag.py:2941} INFO - Sync 1 DAGs
[2023-11-22T21:00:54.425+0000] {logging_mixin.py:154} INFO - [2023-11-22T21:00:54.425+0000] {dag.py:3722} INFO - Setting next_dagrun for example_dynamic_task_mapping_with_no_taskflow_operators to 2023-11-21T21:00:54.424784+00:00, run_after=2023-11-22T21:00:54.424784+00:00
[2023-11-22T21:00:54.445+0000] {processor.py:179} INFO - Processing /home/airflow/.local/lib/python3.8/site-packages/airflow/example_dags/example_dynamic_task_mapping_with_no_taskflow_operators.py took 0.095 seconds
[2023-11-22T21:01:24.881+0000] {processor.py:157} INFO - Started process (PID=1565) to work on /home/airflow/.local/lib/python3.8/site-packages/airflow/example_dags/example_dynamic_task_mapping_with_no_taskflow_operators.py
[2023-11-22T21:01:24.883+0000] {processor.py:829} INFO - Processing file /home/airflow/.local/lib/python3.8/site-packages/airflow/example_dags/example_dynamic_task_mapping_with_no_taskflow_operators.py for tasks to queue
[2023-11-22T21:01:24.885+0000] {logging_mixin.py:154} INFO - [2023-11-22T21:01:24.885+0000] {dagbag.py:536} INFO - Filling up the DagBag from /home/airflow/.local/lib/python3.8/site-packages/airflow/example_dags/example_dynamic_task_mapping_with_no_taskflow_operators.py
[2023-11-22T21:01:24.893+0000] {processor.py:839} INFO - DAG(s) dict_keys(['example_dynamic_task_mapping_with_no_taskflow_operators']) retrieved from /home/airflow/.local/lib/python3.8/site-packages/airflow/example_dags/example_dynamic_task_mapping_with_no_taskflow_operators.py
[2023-11-22T21:01:25.070+0000] {logging_mixin.py:154} INFO - [2023-11-22T21:01:25.070+0000] {dag.py:2941} INFO - Sync 1 DAGs
[2023-11-22T21:01:25.104+0000] {logging_mixin.py:154} INFO - [2023-11-22T21:01:25.104+0000] {dag.py:3722} INFO - Setting next_dagrun for example_dynamic_task_mapping_with_no_taskflow_operators to 2023-11-21T21:01:25.103943+00:00, run_after=2023-11-22T21:01:25.103943+00:00
[2023-11-22T21:01:25.130+0000] {processor.py:179} INFO - Processing /home/airflow/.local/lib/python3.8/site-packages/airflow/example_dags/example_dynamic_task_mapping_with_no_taskflow_operators.py took 0.252 seconds
[2023-11-22T21:01:55.769+0000] {processor.py:157} INFO - Started process (PID=1619) to work on /home/airflow/.local/lib/python3.8/site-packages/airflow/example_dags/example_dynamic_task_mapping_with_no_taskflow_operators.py
[2023-11-22T21:01:55.770+0000] {processor.py:829} INFO - Processing file /home/airflow/.local/lib/python3.8/site-packages/airflow/example_dags/example_dynamic_task_mapping_with_no_taskflow_operators.py for tasks to queue
[2023-11-22T21:01:55.774+0000] {logging_mixin.py:154} INFO - [2023-11-22T21:01:55.774+0000] {dagbag.py:536} INFO - Filling up the DagBag from /home/airflow/.local/lib/python3.8/site-packages/airflow/example_dags/example_dynamic_task_mapping_with_no_taskflow_operators.py
[2023-11-22T21:01:55.782+0000] {processor.py:839} INFO - DAG(s) dict_keys(['example_dynamic_task_mapping_with_no_taskflow_operators']) retrieved from /home/airflow/.local/lib/python3.8/site-packages/airflow/example_dags/example_dynamic_task_mapping_with_no_taskflow_operators.py
[2023-11-22T21:01:55.810+0000] {logging_mixin.py:154} INFO - [2023-11-22T21:01:55.810+0000] {dag.py:2941} INFO - Sync 1 DAGs
[2023-11-22T21:01:55.988+0000] {logging_mixin.py:154} INFO - [2023-11-22T21:01:55.988+0000] {dag.py:3722} INFO - Setting next_dagrun for example_dynamic_task_mapping_with_no_taskflow_operators to 2023-11-21T21:01:55.988158+00:00, run_after=2023-11-22T21:01:55.988158+00:00
[2023-11-22T21:01:56.011+0000] {processor.py:179} INFO - Processing /home/airflow/.local/lib/python3.8/site-packages/airflow/example_dags/example_dynamic_task_mapping_with_no_taskflow_operators.py took 0.247 seconds
[2023-11-22T21:02:27.171+0000] {processor.py:157} INFO - Started process (PID=1674) to work on /home/airflow/.local/lib/python3.8/site-packages/airflow/example_dags/example_dynamic_task_mapping_with_no_taskflow_operators.py
[2023-11-22T21:02:27.173+0000] {processor.py:829} INFO - Processing file /home/airflow/.local/lib/python3.8/site-packages/airflow/example_dags/example_dynamic_task_mapping_with_no_taskflow_operators.py for tasks to queue
[2023-11-22T21:02:27.176+0000] {logging_mixin.py:154} INFO - [2023-11-22T21:02:27.176+0000] {dagbag.py:536} INFO - Filling up the DagBag from /home/airflow/.local/lib/python3.8/site-packages/airflow/example_dags/example_dynamic_task_mapping_with_no_taskflow_operators.py
[2023-11-22T21:02:27.276+0000] {processor.py:839} INFO - DAG(s) dict_keys(['example_dynamic_task_mapping_with_no_taskflow_operators']) retrieved from /home/airflow/.local/lib/python3.8/site-packages/airflow/example_dags/example_dynamic_task_mapping_with_no_taskflow_operators.py
[2023-11-22T21:02:27.361+0000] {logging_mixin.py:154} INFO - [2023-11-22T21:02:27.361+0000] {dag.py:2941} INFO - Sync 1 DAGs
[2023-11-22T21:02:27.383+0000] {logging_mixin.py:154} INFO - [2023-11-22T21:02:27.383+0000] {dag.py:3722} INFO - Setting next_dagrun for example_dynamic_task_mapping_with_no_taskflow_operators to 2023-11-21T21:02:27.383523+00:00, run_after=2023-11-22T21:02:27.383523+00:00
[2023-11-22T21:02:27.579+0000] {processor.py:179} INFO - Processing /home/airflow/.local/lib/python3.8/site-packages/airflow/example_dags/example_dynamic_task_mapping_with_no_taskflow_operators.py took 0.413 seconds
[2023-11-22T21:02:57.675+0000] {processor.py:157} INFO - Started process (PID=1727) to work on /home/airflow/.local/lib/python3.8/site-packages/airflow/example_dags/example_dynamic_task_mapping_with_no_taskflow_operators.py
[2023-11-22T21:02:57.677+0000] {processor.py:829} INFO - Processing file /home/airflow/.local/lib/python3.8/site-packages/airflow/example_dags/example_dynamic_task_mapping_with_no_taskflow_operators.py for tasks to queue
[2023-11-22T21:02:57.681+0000] {logging_mixin.py:154} INFO - [2023-11-22T21:02:57.681+0000] {dagbag.py:536} INFO - Filling up the DagBag from /home/airflow/.local/lib/python3.8/site-packages/airflow/example_dags/example_dynamic_task_mapping_with_no_taskflow_operators.py
[2023-11-22T21:02:57.830+0000] {processor.py:839} INFO - DAG(s) dict_keys(['example_dynamic_task_mapping_with_no_taskflow_operators']) retrieved from /home/airflow/.local/lib/python3.8/site-packages/airflow/example_dags/example_dynamic_task_mapping_with_no_taskflow_operators.py
[2023-11-22T21:02:57.859+0000] {logging_mixin.py:154} INFO - [2023-11-22T21:02:57.859+0000] {dag.py:2941} INFO - Sync 1 DAGs
[2023-11-22T21:02:57.887+0000] {logging_mixin.py:154} INFO - [2023-11-22T21:02:57.887+0000] {dag.py:3722} INFO - Setting next_dagrun for example_dynamic_task_mapping_with_no_taskflow_operators to 2023-11-21T21:02:57.886872+00:00, run_after=2023-11-22T21:02:57.886872+00:00
[2023-11-22T21:02:57.912+0000] {processor.py:179} INFO - Processing /home/airflow/.local/lib/python3.8/site-packages/airflow/example_dags/example_dynamic_task_mapping_with_no_taskflow_operators.py took 0.244 seconds
[2023-11-22T21:03:28.088+0000] {processor.py:157} INFO - Started process (PID=1781) to work on /home/airflow/.local/lib/python3.8/site-packages/airflow/example_dags/example_dynamic_task_mapping_with_no_taskflow_operators.py
[2023-11-22T21:03:28.089+0000] {processor.py:829} INFO - Processing file /home/airflow/.local/lib/python3.8/site-packages/airflow/example_dags/example_dynamic_task_mapping_with_no_taskflow_operators.py for tasks to queue
[2023-11-22T21:03:28.092+0000] {logging_mixin.py:154} INFO - [2023-11-22T21:03:28.092+0000] {dagbag.py:536} INFO - Filling up the DagBag from /home/airflow/.local/lib/python3.8/site-packages/airflow/example_dags/example_dynamic_task_mapping_with_no_taskflow_operators.py
[2023-11-22T21:03:28.102+0000] {processor.py:839} INFO - DAG(s) dict_keys(['example_dynamic_task_mapping_with_no_taskflow_operators']) retrieved from /home/airflow/.local/lib/python3.8/site-packages/airflow/example_dags/example_dynamic_task_mapping_with_no_taskflow_operators.py
[2023-11-22T21:03:28.124+0000] {logging_mixin.py:154} INFO - [2023-11-22T21:03:28.124+0000] {dag.py:2941} INFO - Sync 1 DAGs
[2023-11-22T21:03:28.148+0000] {logging_mixin.py:154} INFO - [2023-11-22T21:03:28.148+0000] {dag.py:3722} INFO - Setting next_dagrun for example_dynamic_task_mapping_with_no_taskflow_operators to 2023-11-21T21:03:28.148159+00:00, run_after=2023-11-22T21:03:28.148159+00:00
[2023-11-22T21:03:28.178+0000] {processor.py:179} INFO - Processing /home/airflow/.local/lib/python3.8/site-packages/airflow/example_dags/example_dynamic_task_mapping_with_no_taskflow_operators.py took 0.094 seconds
[2023-11-22T21:03:58.367+0000] {processor.py:157} INFO - Started process (PID=1835) to work on /home/airflow/.local/lib/python3.8/site-packages/airflow/example_dags/example_dynamic_task_mapping_with_no_taskflow_operators.py
[2023-11-22T21:03:58.369+0000] {processor.py:829} INFO - Processing file /home/airflow/.local/lib/python3.8/site-packages/airflow/example_dags/example_dynamic_task_mapping_with_no_taskflow_operators.py for tasks to queue
[2023-11-22T21:03:58.373+0000] {logging_mixin.py:154} INFO - [2023-11-22T21:03:58.373+0000] {dagbag.py:536} INFO - Filling up the DagBag from /home/airflow/.local/lib/python3.8/site-packages/airflow/example_dags/example_dynamic_task_mapping_with_no_taskflow_operators.py
[2023-11-22T21:03:58.384+0000] {processor.py:839} INFO - DAG(s) dict_keys(['example_dynamic_task_mapping_with_no_taskflow_operators']) retrieved from /home/airflow/.local/lib/python3.8/site-packages/airflow/example_dags/example_dynamic_task_mapping_with_no_taskflow_operators.py
[2023-11-22T21:03:58.412+0000] {logging_mixin.py:154} INFO - [2023-11-22T21:03:58.412+0000] {dag.py:2941} INFO - Sync 1 DAGs
[2023-11-22T21:03:58.435+0000] {logging_mixin.py:154} INFO - [2023-11-22T21:03:58.435+0000] {dag.py:3722} INFO - Setting next_dagrun for example_dynamic_task_mapping_with_no_taskflow_operators to 2023-11-21T21:03:58.435223+00:00, run_after=2023-11-22T21:03:58.435223+00:00
[2023-11-22T21:03:58.457+0000] {processor.py:179} INFO - Processing /home/airflow/.local/lib/python3.8/site-packages/airflow/example_dags/example_dynamic_task_mapping_with_no_taskflow_operators.py took 0.096 seconds
[2023-11-22T21:04:28.657+0000] {processor.py:157} INFO - Started process (PID=1889) to work on /home/airflow/.local/lib/python3.8/site-packages/airflow/example_dags/example_dynamic_task_mapping_with_no_taskflow_operators.py
[2023-11-22T21:04:28.659+0000] {processor.py:829} INFO - Processing file /home/airflow/.local/lib/python3.8/site-packages/airflow/example_dags/example_dynamic_task_mapping_with_no_taskflow_operators.py for tasks to queue
[2023-11-22T21:04:28.663+0000] {logging_mixin.py:154} INFO - [2023-11-22T21:04:28.663+0000] {dagbag.py:536} INFO - Filling up the DagBag from /home/airflow/.local/lib/python3.8/site-packages/airflow/example_dags/example_dynamic_task_mapping_with_no_taskflow_operators.py
[2023-11-22T21:04:28.673+0000] {processor.py:839} INFO - DAG(s) dict_keys(['example_dynamic_task_mapping_with_no_taskflow_operators']) retrieved from /home/airflow/.local/lib/python3.8/site-packages/airflow/example_dags/example_dynamic_task_mapping_with_no_taskflow_operators.py
[2023-11-22T21:04:28.697+0000] {logging_mixin.py:154} INFO - [2023-11-22T21:04:28.697+0000] {dag.py:2941} INFO - Sync 1 DAGs
[2023-11-22T21:04:28.720+0000] {logging_mixin.py:154} INFO - [2023-11-22T21:04:28.720+0000] {dag.py:3722} INFO - Setting next_dagrun for example_dynamic_task_mapping_with_no_taskflow_operators to 2023-11-21T21:04:28.719887+00:00, run_after=2023-11-22T21:04:28.719887+00:00
[2023-11-22T21:04:28.744+0000] {processor.py:179} INFO - Processing /home/airflow/.local/lib/python3.8/site-packages/airflow/example_dags/example_dynamic_task_mapping_with_no_taskflow_operators.py took 0.094 seconds
[2023-11-22T21:04:59.709+0000] {processor.py:157} INFO - Started process (PID=1943) to work on /home/airflow/.local/lib/python3.8/site-packages/airflow/example_dags/example_dynamic_task_mapping_with_no_taskflow_operators.py
[2023-11-22T21:04:59.710+0000] {processor.py:829} INFO - Processing file /home/airflow/.local/lib/python3.8/site-packages/airflow/example_dags/example_dynamic_task_mapping_with_no_taskflow_operators.py for tasks to queue
[2023-11-22T21:04:59.713+0000] {logging_mixin.py:154} INFO - [2023-11-22T21:04:59.713+0000] {dagbag.py:536} INFO - Filling up the DagBag from /home/airflow/.local/lib/python3.8/site-packages/airflow/example_dags/example_dynamic_task_mapping_with_no_taskflow_operators.py
[2023-11-22T21:04:59.725+0000] {processor.py:839} INFO - DAG(s) dict_keys(['example_dynamic_task_mapping_with_no_taskflow_operators']) retrieved from /home/airflow/.local/lib/python3.8/site-packages/airflow/example_dags/example_dynamic_task_mapping_with_no_taskflow_operators.py
[2023-11-22T21:04:59.745+0000] {logging_mixin.py:154} INFO - [2023-11-22T21:04:59.745+0000] {dag.py:2941} INFO - Sync 1 DAGs
[2023-11-22T21:04:59.767+0000] {logging_mixin.py:154} INFO - [2023-11-22T21:04:59.766+0000] {dag.py:3722} INFO - Setting next_dagrun for example_dynamic_task_mapping_with_no_taskflow_operators to 2023-11-21T21:04:59.766703+00:00, run_after=2023-11-22T21:04:59.766703+00:00
[2023-11-22T21:04:59.786+0000] {processor.py:179} INFO - Processing /home/airflow/.local/lib/python3.8/site-packages/airflow/example_dags/example_dynamic_task_mapping_with_no_taskflow_operators.py took 0.081 seconds
[2023-11-22T21:05:29.837+0000] {processor.py:157} INFO - Started process (PID=1997) to work on /home/airflow/.local/lib/python3.8/site-packages/airflow/example_dags/example_dynamic_task_mapping_with_no_taskflow_operators.py
[2023-11-22T21:05:29.839+0000] {processor.py:829} INFO - Processing file /home/airflow/.local/lib/python3.8/site-packages/airflow/example_dags/example_dynamic_task_mapping_with_no_taskflow_operators.py for tasks to queue
[2023-11-22T21:05:29.841+0000] {logging_mixin.py:154} INFO - [2023-11-22T21:05:29.841+0000] {dagbag.py:536} INFO - Filling up the DagBag from /home/airflow/.local/lib/python3.8/site-packages/airflow/example_dags/example_dynamic_task_mapping_with_no_taskflow_operators.py
[2023-11-22T21:05:29.848+0000] {processor.py:839} INFO - DAG(s) dict_keys(['example_dynamic_task_mapping_with_no_taskflow_operators']) retrieved from /home/airflow/.local/lib/python3.8/site-packages/airflow/example_dags/example_dynamic_task_mapping_with_no_taskflow_operators.py
[2023-11-22T21:05:29.869+0000] {logging_mixin.py:154} INFO - [2023-11-22T21:05:29.869+0000] {dag.py:2941} INFO - Sync 1 DAGs
[2023-11-22T21:05:29.896+0000] {logging_mixin.py:154} INFO - [2023-11-22T21:05:29.896+0000] {dag.py:3722} INFO - Setting next_dagrun for example_dynamic_task_mapping_with_no_taskflow_operators to 2023-11-21T21:05:29.895819+00:00, run_after=2023-11-22T21:05:29.895819+00:00
[2023-11-22T21:05:29.918+0000] {processor.py:179} INFO - Processing /home/airflow/.local/lib/python3.8/site-packages/airflow/example_dags/example_dynamic_task_mapping_with_no_taskflow_operators.py took 0.084 seconds
[2023-11-22T21:06:00.064+0000] {processor.py:157} INFO - Started process (PID=2051) to work on /home/airflow/.local/lib/python3.8/site-packages/airflow/example_dags/example_dynamic_task_mapping_with_no_taskflow_operators.py
[2023-11-22T21:06:00.066+0000] {processor.py:829} INFO - Processing file /home/airflow/.local/lib/python3.8/site-packages/airflow/example_dags/example_dynamic_task_mapping_with_no_taskflow_operators.py for tasks to queue
[2023-11-22T21:06:00.070+0000] {logging_mixin.py:154} INFO - [2023-11-22T21:06:00.069+0000] {dagbag.py:536} INFO - Filling up the DagBag from /home/airflow/.local/lib/python3.8/site-packages/airflow/example_dags/example_dynamic_task_mapping_with_no_taskflow_operators.py
[2023-11-22T21:06:00.080+0000] {processor.py:839} INFO - DAG(s) dict_keys(['example_dynamic_task_mapping_with_no_taskflow_operators']) retrieved from /home/airflow/.local/lib/python3.8/site-packages/airflow/example_dags/example_dynamic_task_mapping_with_no_taskflow_operators.py
[2023-11-22T21:06:00.103+0000] {logging_mixin.py:154} INFO - [2023-11-22T21:06:00.102+0000] {dag.py:2941} INFO - Sync 1 DAGs
[2023-11-22T21:06:00.127+0000] {logging_mixin.py:154} INFO - [2023-11-22T21:06:00.127+0000] {dag.py:3722} INFO - Setting next_dagrun for example_dynamic_task_mapping_with_no_taskflow_operators to 2023-11-21T21:06:00.127490+00:00, run_after=2023-11-22T21:06:00.127490+00:00
[2023-11-22T21:06:00.151+0000] {processor.py:179} INFO - Processing /home/airflow/.local/lib/python3.8/site-packages/airflow/example_dags/example_dynamic_task_mapping_with_no_taskflow_operators.py took 0.095 seconds
[2023-11-22T21:06:30.716+0000] {processor.py:157} INFO - Started process (PID=2106) to work on /home/airflow/.local/lib/python3.8/site-packages/airflow/example_dags/example_dynamic_task_mapping_with_no_taskflow_operators.py
[2023-11-22T21:06:30.718+0000] {processor.py:829} INFO - Processing file /home/airflow/.local/lib/python3.8/site-packages/airflow/example_dags/example_dynamic_task_mapping_with_no_taskflow_operators.py for tasks to queue
[2023-11-22T21:06:30.721+0000] {logging_mixin.py:154} INFO - [2023-11-22T21:06:30.720+0000] {dagbag.py:536} INFO - Filling up the DagBag from /home/airflow/.local/lib/python3.8/site-packages/airflow/example_dags/example_dynamic_task_mapping_with_no_taskflow_operators.py
[2023-11-22T21:06:30.728+0000] {processor.py:839} INFO - DAG(s) dict_keys(['example_dynamic_task_mapping_with_no_taskflow_operators']) retrieved from /home/airflow/.local/lib/python3.8/site-packages/airflow/example_dags/example_dynamic_task_mapping_with_no_taskflow_operators.py
[2023-11-22T21:06:30.748+0000] {logging_mixin.py:154} INFO - [2023-11-22T21:06:30.748+0000] {dag.py:2941} INFO - Sync 1 DAGs
[2023-11-22T21:06:30.769+0000] {logging_mixin.py:154} INFO - [2023-11-22T21:06:30.768+0000] {dag.py:3722} INFO - Setting next_dagrun for example_dynamic_task_mapping_with_no_taskflow_operators to 2023-11-21T21:06:30.768649+00:00, run_after=2023-11-22T21:06:30.768649+00:00
[2023-11-22T21:06:30.788+0000] {processor.py:179} INFO - Processing /home/airflow/.local/lib/python3.8/site-packages/airflow/example_dags/example_dynamic_task_mapping_with_no_taskflow_operators.py took 0.076 seconds
[2023-11-22T21:07:01.026+0000] {processor.py:157} INFO - Started process (PID=2160) to work on /home/airflow/.local/lib/python3.8/site-packages/airflow/example_dags/example_dynamic_task_mapping_with_no_taskflow_operators.py
[2023-11-22T21:07:01.027+0000] {processor.py:829} INFO - Processing file /home/airflow/.local/lib/python3.8/site-packages/airflow/example_dags/example_dynamic_task_mapping_with_no_taskflow_operators.py for tasks to queue
[2023-11-22T21:07:01.032+0000] {logging_mixin.py:154} INFO - [2023-11-22T21:07:01.032+0000] {dagbag.py:536} INFO - Filling up the DagBag from /home/airflow/.local/lib/python3.8/site-packages/airflow/example_dags/example_dynamic_task_mapping_with_no_taskflow_operators.py
[2023-11-22T21:07:01.045+0000] {processor.py:839} INFO - DAG(s) dict_keys(['example_dynamic_task_mapping_with_no_taskflow_operators']) retrieved from /home/airflow/.local/lib/python3.8/site-packages/airflow/example_dags/example_dynamic_task_mapping_with_no_taskflow_operators.py
[2023-11-22T21:07:01.071+0000] {logging_mixin.py:154} INFO - [2023-11-22T21:07:01.071+0000] {dag.py:2941} INFO - Sync 1 DAGs
[2023-11-22T21:07:01.097+0000] {logging_mixin.py:154} INFO - [2023-11-22T21:07:01.096+0000] {dag.py:3722} INFO - Setting next_dagrun for example_dynamic_task_mapping_with_no_taskflow_operators to 2023-11-21T21:07:01.095991+00:00, run_after=2023-11-22T21:07:01.095991+00:00
[2023-11-22T21:07:01.124+0000] {processor.py:179} INFO - Processing /home/airflow/.local/lib/python3.8/site-packages/airflow/example_dags/example_dynamic_task_mapping_with_no_taskflow_operators.py took 0.103 seconds
[2023-11-22T21:07:31.352+0000] {processor.py:157} INFO - Started process (PID=2214) to work on /home/airflow/.local/lib/python3.8/site-packages/airflow/example_dags/example_dynamic_task_mapping_with_no_taskflow_operators.py
[2023-11-22T21:07:31.354+0000] {processor.py:829} INFO - Processing file /home/airflow/.local/lib/python3.8/site-packages/airflow/example_dags/example_dynamic_task_mapping_with_no_taskflow_operators.py for tasks to queue
[2023-11-22T21:07:31.357+0000] {logging_mixin.py:154} INFO - [2023-11-22T21:07:31.357+0000] {dagbag.py:536} INFO - Filling up the DagBag from /home/airflow/.local/lib/python3.8/site-packages/airflow/example_dags/example_dynamic_task_mapping_with_no_taskflow_operators.py
[2023-11-22T21:07:31.365+0000] {processor.py:839} INFO - DAG(s) dict_keys(['example_dynamic_task_mapping_with_no_taskflow_operators']) retrieved from /home/airflow/.local/lib/python3.8/site-packages/airflow/example_dags/example_dynamic_task_mapping_with_no_taskflow_operators.py
[2023-11-22T21:07:31.391+0000] {logging_mixin.py:154} INFO - [2023-11-22T21:07:31.391+0000] {dag.py:2941} INFO - Sync 1 DAGs
[2023-11-22T21:07:31.429+0000] {logging_mixin.py:154} INFO - [2023-11-22T21:07:31.429+0000] {dag.py:3722} INFO - Setting next_dagrun for example_dynamic_task_mapping_with_no_taskflow_operators to 2023-11-21T21:07:31.428963+00:00, run_after=2023-11-22T21:07:31.428963+00:00
[2023-11-22T21:07:31.460+0000] {processor.py:179} INFO - Processing /home/airflow/.local/lib/python3.8/site-packages/airflow/example_dags/example_dynamic_task_mapping_with_no_taskflow_operators.py took 0.112 seconds
[2023-11-22T21:08:01.600+0000] {processor.py:157} INFO - Started process (PID=2268) to work on /home/airflow/.local/lib/python3.8/site-packages/airflow/example_dags/example_dynamic_task_mapping_with_no_taskflow_operators.py
[2023-11-22T21:08:01.602+0000] {processor.py:829} INFO - Processing file /home/airflow/.local/lib/python3.8/site-packages/airflow/example_dags/example_dynamic_task_mapping_with_no_taskflow_operators.py for tasks to queue
[2023-11-22T21:08:01.605+0000] {logging_mixin.py:154} INFO - [2023-11-22T21:08:01.604+0000] {dagbag.py:536} INFO - Filling up the DagBag from /home/airflow/.local/lib/python3.8/site-packages/airflow/example_dags/example_dynamic_task_mapping_with_no_taskflow_operators.py
[2023-11-22T21:08:01.612+0000] {processor.py:839} INFO - DAG(s) dict_keys(['example_dynamic_task_mapping_with_no_taskflow_operators']) retrieved from /home/airflow/.local/lib/python3.8/site-packages/airflow/example_dags/example_dynamic_task_mapping_with_no_taskflow_operators.py
[2023-11-22T21:08:01.636+0000] {logging_mixin.py:154} INFO - [2023-11-22T21:08:01.636+0000] {dag.py:2941} INFO - Sync 1 DAGs
[2023-11-22T21:08:01.659+0000] {logging_mixin.py:154} INFO - [2023-11-22T21:08:01.659+0000] {dag.py:3722} INFO - Setting next_dagrun for example_dynamic_task_mapping_with_no_taskflow_operators to 2023-11-21T21:08:01.658981+00:00, run_after=2023-11-22T21:08:01.658981+00:00
[2023-11-22T21:08:01.679+0000] {processor.py:179} INFO - Processing /home/airflow/.local/lib/python3.8/site-packages/airflow/example_dags/example_dynamic_task_mapping_with_no_taskflow_operators.py took 0.082 seconds
[2023-11-22T21:08:31.800+0000] {processor.py:157} INFO - Started process (PID=2322) to work on /home/airflow/.local/lib/python3.8/site-packages/airflow/example_dags/example_dynamic_task_mapping_with_no_taskflow_operators.py
[2023-11-22T21:08:31.801+0000] {processor.py:829} INFO - Processing file /home/airflow/.local/lib/python3.8/site-packages/airflow/example_dags/example_dynamic_task_mapping_with_no_taskflow_operators.py for tasks to queue
[2023-11-22T21:08:31.804+0000] {logging_mixin.py:154} INFO - [2023-11-22T21:08:31.804+0000] {dagbag.py:536} INFO - Filling up the DagBag from /home/airflow/.local/lib/python3.8/site-packages/airflow/example_dags/example_dynamic_task_mapping_with_no_taskflow_operators.py
[2023-11-22T21:08:31.812+0000] {processor.py:839} INFO - DAG(s) dict_keys(['example_dynamic_task_mapping_with_no_taskflow_operators']) retrieved from /home/airflow/.local/lib/python3.8/site-packages/airflow/example_dags/example_dynamic_task_mapping_with_no_taskflow_operators.py
[2023-11-22T21:08:31.850+0000] {logging_mixin.py:154} INFO - [2023-11-22T21:08:31.850+0000] {dag.py:2941} INFO - Sync 1 DAGs
[2023-11-22T21:08:31.871+0000] {logging_mixin.py:154} INFO - [2023-11-22T21:08:31.871+0000] {dag.py:3722} INFO - Setting next_dagrun for example_dynamic_task_mapping_with_no_taskflow_operators to 2023-11-21T21:08:31.871419+00:00, run_after=2023-11-22T21:08:31.871419+00:00
[2023-11-22T21:08:31.893+0000] {processor.py:179} INFO - Processing /home/airflow/.local/lib/python3.8/site-packages/airflow/example_dags/example_dynamic_task_mapping_with_no_taskflow_operators.py took 0.098 seconds
[2023-11-22T21:09:02.468+0000] {processor.py:157} INFO - Started process (PID=2376) to work on /home/airflow/.local/lib/python3.8/site-packages/airflow/example_dags/example_dynamic_task_mapping_with_no_taskflow_operators.py
[2023-11-22T21:09:02.470+0000] {processor.py:829} INFO - Processing file /home/airflow/.local/lib/python3.8/site-packages/airflow/example_dags/example_dynamic_task_mapping_with_no_taskflow_operators.py for tasks to queue
[2023-11-22T21:09:02.474+0000] {logging_mixin.py:154} INFO - [2023-11-22T21:09:02.474+0000] {dagbag.py:536} INFO - Filling up the DagBag from /home/airflow/.local/lib/python3.8/site-packages/airflow/example_dags/example_dynamic_task_mapping_with_no_taskflow_operators.py
[2023-11-22T21:09:02.482+0000] {processor.py:839} INFO - DAG(s) dict_keys(['example_dynamic_task_mapping_with_no_taskflow_operators']) retrieved from /home/airflow/.local/lib/python3.8/site-packages/airflow/example_dags/example_dynamic_task_mapping_with_no_taskflow_operators.py
[2023-11-22T21:09:02.503+0000] {logging_mixin.py:154} INFO - [2023-11-22T21:09:02.502+0000] {dag.py:2941} INFO - Sync 1 DAGs
[2023-11-22T21:09:02.525+0000] {logging_mixin.py:154} INFO - [2023-11-22T21:09:02.525+0000] {dag.py:3722} INFO - Setting next_dagrun for example_dynamic_task_mapping_with_no_taskflow_operators to 2023-11-21T21:09:02.524997+00:00, run_after=2023-11-22T21:09:02.524997+00:00
[2023-11-22T21:09:02.551+0000] {processor.py:179} INFO - Processing /home/airflow/.local/lib/python3.8/site-packages/airflow/example_dags/example_dynamic_task_mapping_with_no_taskflow_operators.py took 0.088 seconds
[2023-11-22T21:09:32.697+0000] {processor.py:157} INFO - Started process (PID=2430) to work on /home/airflow/.local/lib/python3.8/site-packages/airflow/example_dags/example_dynamic_task_mapping_with_no_taskflow_operators.py
[2023-11-22T21:09:32.698+0000] {processor.py:829} INFO - Processing file /home/airflow/.local/lib/python3.8/site-packages/airflow/example_dags/example_dynamic_task_mapping_with_no_taskflow_operators.py for tasks to queue
[2023-11-22T21:09:32.701+0000] {logging_mixin.py:154} INFO - [2023-11-22T21:09:32.701+0000] {dagbag.py:536} INFO - Filling up the DagBag from /home/airflow/.local/lib/python3.8/site-packages/airflow/example_dags/example_dynamic_task_mapping_with_no_taskflow_operators.py
[2023-11-22T21:09:32.708+0000] {processor.py:839} INFO - DAG(s) dict_keys(['example_dynamic_task_mapping_with_no_taskflow_operators']) retrieved from /home/airflow/.local/lib/python3.8/site-packages/airflow/example_dags/example_dynamic_task_mapping_with_no_taskflow_operators.py
[2023-11-22T21:09:32.728+0000] {logging_mixin.py:154} INFO - [2023-11-22T21:09:32.728+0000] {dag.py:2941} INFO - Sync 1 DAGs
[2023-11-22T21:09:32.750+0000] {logging_mixin.py:154} INFO - [2023-11-22T21:09:32.750+0000] {dag.py:3722} INFO - Setting next_dagrun for example_dynamic_task_mapping_with_no_taskflow_operators to 2023-11-21T21:09:32.749858+00:00, run_after=2023-11-22T21:09:32.749858+00:00
[2023-11-22T21:09:32.775+0000] {processor.py:179} INFO - Processing /home/airflow/.local/lib/python3.8/site-packages/airflow/example_dags/example_dynamic_task_mapping_with_no_taskflow_operators.py took 0.082 seconds
[2023-11-22T21:10:02.977+0000] {processor.py:157} INFO - Started process (PID=2484) to work on /home/airflow/.local/lib/python3.8/site-packages/airflow/example_dags/example_dynamic_task_mapping_with_no_taskflow_operators.py
[2023-11-22T21:10:02.978+0000] {processor.py:829} INFO - Processing file /home/airflow/.local/lib/python3.8/site-packages/airflow/example_dags/example_dynamic_task_mapping_with_no_taskflow_operators.py for tasks to queue
[2023-11-22T21:10:02.982+0000] {logging_mixin.py:154} INFO - [2023-11-22T21:10:02.981+0000] {dagbag.py:536} INFO - Filling up the DagBag from /home/airflow/.local/lib/python3.8/site-packages/airflow/example_dags/example_dynamic_task_mapping_with_no_taskflow_operators.py
[2023-11-22T21:10:02.989+0000] {processor.py:839} INFO - DAG(s) dict_keys(['example_dynamic_task_mapping_with_no_taskflow_operators']) retrieved from /home/airflow/.local/lib/python3.8/site-packages/airflow/example_dags/example_dynamic_task_mapping_with_no_taskflow_operators.py
[2023-11-22T21:10:03.009+0000] {logging_mixin.py:154} INFO - [2023-11-22T21:10:03.009+0000] {dag.py:2941} INFO - Sync 1 DAGs
[2023-11-22T21:10:03.036+0000] {logging_mixin.py:154} INFO - [2023-11-22T21:10:03.036+0000] {dag.py:3722} INFO - Setting next_dagrun for example_dynamic_task_mapping_with_no_taskflow_operators to 2023-11-21T21:10:03.035904+00:00, run_after=2023-11-22T21:10:03.035904+00:00
[2023-11-22T21:10:03.061+0000] {processor.py:179} INFO - Processing /home/airflow/.local/lib/python3.8/site-packages/airflow/example_dags/example_dynamic_task_mapping_with_no_taskflow_operators.py took 0.088 seconds
[2023-11-22T21:10:33.467+0000] {processor.py:157} INFO - Started process (PID=2538) to work on /home/airflow/.local/lib/python3.8/site-packages/airflow/example_dags/example_dynamic_task_mapping_with_no_taskflow_operators.py
[2023-11-22T21:10:33.469+0000] {processor.py:829} INFO - Processing file /home/airflow/.local/lib/python3.8/site-packages/airflow/example_dags/example_dynamic_task_mapping_with_no_taskflow_operators.py for tasks to queue
[2023-11-22T21:10:33.473+0000] {logging_mixin.py:154} INFO - [2023-11-22T21:10:33.472+0000] {dagbag.py:536} INFO - Filling up the DagBag from /home/airflow/.local/lib/python3.8/site-packages/airflow/example_dags/example_dynamic_task_mapping_with_no_taskflow_operators.py
[2023-11-22T21:10:33.484+0000] {processor.py:839} INFO - DAG(s) dict_keys(['example_dynamic_task_mapping_with_no_taskflow_operators']) retrieved from /home/airflow/.local/lib/python3.8/site-packages/airflow/example_dags/example_dynamic_task_mapping_with_no_taskflow_operators.py
[2023-11-22T21:10:33.511+0000] {logging_mixin.py:154} INFO - [2023-11-22T21:10:33.511+0000] {dag.py:2941} INFO - Sync 1 DAGs
[2023-11-22T21:10:33.534+0000] {logging_mixin.py:154} INFO - [2023-11-22T21:10:33.534+0000] {dag.py:3722} INFO - Setting next_dagrun for example_dynamic_task_mapping_with_no_taskflow_operators to 2023-11-21T21:10:33.534163+00:00, run_after=2023-11-22T21:10:33.534163+00:00
[2023-11-22T21:10:33.552+0000] {processor.py:179} INFO - Processing /home/airflow/.local/lib/python3.8/site-packages/airflow/example_dags/example_dynamic_task_mapping_with_no_taskflow_operators.py took 0.091 seconds
[2023-11-22T21:11:03.971+0000] {processor.py:157} INFO - Started process (PID=2592) to work on /home/airflow/.local/lib/python3.8/site-packages/airflow/example_dags/example_dynamic_task_mapping_with_no_taskflow_operators.py
[2023-11-22T21:11:03.986+0000] {processor.py:829} INFO - Processing file /home/airflow/.local/lib/python3.8/site-packages/airflow/example_dags/example_dynamic_task_mapping_with_no_taskflow_operators.py for tasks to queue
[2023-11-22T21:11:04.041+0000] {logging_mixin.py:154} INFO - [2023-11-22T21:11:04.038+0000] {dagbag.py:536} INFO - Filling up the DagBag from /home/airflow/.local/lib/python3.8/site-packages/airflow/example_dags/example_dynamic_task_mapping_with_no_taskflow_operators.py
[2023-11-22T21:11:04.058+0000] {processor.py:839} INFO - DAG(s) dict_keys(['example_dynamic_task_mapping_with_no_taskflow_operators']) retrieved from /home/airflow/.local/lib/python3.8/site-packages/airflow/example_dags/example_dynamic_task_mapping_with_no_taskflow_operators.py
[2023-11-22T21:11:04.083+0000] {logging_mixin.py:154} INFO - [2023-11-22T21:11:04.083+0000] {dag.py:2941} INFO - Sync 1 DAGs
[2023-11-22T21:11:04.149+0000] {logging_mixin.py:154} INFO - [2023-11-22T21:11:04.148+0000] {dag.py:3722} INFO - Setting next_dagrun for example_dynamic_task_mapping_with_no_taskflow_operators to 2023-11-21T21:11:04.144591+00:00, run_after=2023-11-22T21:11:04.144591+00:00
[2023-11-22T21:11:04.218+0000] {processor.py:179} INFO - Processing /home/airflow/.local/lib/python3.8/site-packages/airflow/example_dags/example_dynamic_task_mapping_with_no_taskflow_operators.py took 0.329 seconds
[2023-11-22T21:11:34.630+0000] {processor.py:157} INFO - Started process (PID=2646) to work on /home/airflow/.local/lib/python3.8/site-packages/airflow/example_dags/example_dynamic_task_mapping_with_no_taskflow_operators.py
[2023-11-22T21:11:34.635+0000] {processor.py:829} INFO - Processing file /home/airflow/.local/lib/python3.8/site-packages/airflow/example_dags/example_dynamic_task_mapping_with_no_taskflow_operators.py for tasks to queue
[2023-11-22T21:11:34.638+0000] {logging_mixin.py:154} INFO - [2023-11-22T21:11:34.638+0000] {dagbag.py:536} INFO - Filling up the DagBag from /home/airflow/.local/lib/python3.8/site-packages/airflow/example_dags/example_dynamic_task_mapping_with_no_taskflow_operators.py
[2023-11-22T21:11:34.645+0000] {processor.py:839} INFO - DAG(s) dict_keys(['example_dynamic_task_mapping_with_no_taskflow_operators']) retrieved from /home/airflow/.local/lib/python3.8/site-packages/airflow/example_dags/example_dynamic_task_mapping_with_no_taskflow_operators.py
[2023-11-22T21:11:34.665+0000] {logging_mixin.py:154} INFO - [2023-11-22T21:11:34.665+0000] {dag.py:2941} INFO - Sync 1 DAGs
[2023-11-22T21:11:34.688+0000] {logging_mixin.py:154} INFO - [2023-11-22T21:11:34.688+0000] {dag.py:3722} INFO - Setting next_dagrun for example_dynamic_task_mapping_with_no_taskflow_operators to 2023-11-21T21:11:34.688264+00:00, run_after=2023-11-22T21:11:34.688264+00:00
[2023-11-22T21:11:34.722+0000] {processor.py:179} INFO - Processing /home/airflow/.local/lib/python3.8/site-packages/airflow/example_dags/example_dynamic_task_mapping_with_no_taskflow_operators.py took 0.095 seconds
