[2023-11-22T20:47:06.030+0000] {processor.py:157} INFO - Started process (PID=67) to work on /home/airflow/.local/lib/python3.8/site-packages/airflow/example_dags/example_sensor_decorator.py
[2023-11-22T20:47:06.031+0000] {processor.py:829} INFO - Processing file /home/airflow/.local/lib/python3.8/site-packages/airflow/example_dags/example_sensor_decorator.py for tasks to queue
[2023-11-22T20:47:06.036+0000] {logging_mixin.py:154} INFO - [2023-11-22T20:47:06.035+0000] {dagbag.py:536} INFO - Filling up the DagBag from /home/airflow/.local/lib/python3.8/site-packages/airflow/example_dags/example_sensor_decorator.py
[2023-11-22T20:47:06.083+0000] {processor.py:839} INFO - DAG(s) dict_keys(['example_sensor_decorator']) retrieved from /home/airflow/.local/lib/python3.8/site-packages/airflow/example_dags/example_sensor_decorator.py
[2023-11-22T20:47:06.117+0000] {logging_mixin.py:154} INFO - [2023-11-22T20:47:06.116+0000] {dag.py:2941} INFO - Sync 1 DAGs
[2023-11-22T20:47:06.299+0000] {logging_mixin.py:154} INFO - [2023-11-22T20:47:06.299+0000] {dag.py:3722} INFO - Setting next_dagrun for example_sensor_decorator to None, run_after=None
[2023-11-22T20:47:06.577+0000] {processor.py:179} INFO - Processing /home/airflow/.local/lib/python3.8/site-packages/airflow/example_dags/example_sensor_decorator.py took 0.664 seconds
[2023-11-22T20:47:39.685+0000] {processor.py:157} INFO - Started process (PID=121) to work on /home/airflow/.local/lib/python3.8/site-packages/airflow/example_dags/example_sensor_decorator.py
[2023-11-22T20:47:39.686+0000] {processor.py:829} INFO - Processing file /home/airflow/.local/lib/python3.8/site-packages/airflow/example_dags/example_sensor_decorator.py for tasks to queue
[2023-11-22T20:47:39.690+0000] {logging_mixin.py:154} INFO - [2023-11-22T20:47:39.690+0000] {dagbag.py:536} INFO - Filling up the DagBag from /home/airflow/.local/lib/python3.8/site-packages/airflow/example_dags/example_sensor_decorator.py
[2023-11-22T20:47:39.700+0000] {processor.py:839} INFO - DAG(s) dict_keys(['example_sensor_decorator']) retrieved from /home/airflow/.local/lib/python3.8/site-packages/airflow/example_dags/example_sensor_decorator.py
[2023-11-22T20:47:39.740+0000] {logging_mixin.py:154} INFO - [2023-11-22T20:47:39.739+0000] {dag.py:2941} INFO - Sync 1 DAGs
[2023-11-22T20:47:39.763+0000] {logging_mixin.py:154} INFO - [2023-11-22T20:47:39.763+0000] {dag.py:3722} INFO - Setting next_dagrun for example_sensor_decorator to None, run_after=None
[2023-11-22T20:47:39.794+0000] {processor.py:179} INFO - Processing /home/airflow/.local/lib/python3.8/site-packages/airflow/example_dags/example_sensor_decorator.py took 0.113 seconds
[2023-11-22T20:48:10.095+0000] {processor.py:157} INFO - Started process (PID=175) to work on /home/airflow/.local/lib/python3.8/site-packages/airflow/example_dags/example_sensor_decorator.py
[2023-11-22T20:48:10.096+0000] {processor.py:829} INFO - Processing file /home/airflow/.local/lib/python3.8/site-packages/airflow/example_dags/example_sensor_decorator.py for tasks to queue
[2023-11-22T20:48:10.099+0000] {logging_mixin.py:154} INFO - [2023-11-22T20:48:10.099+0000] {dagbag.py:536} INFO - Filling up the DagBag from /home/airflow/.local/lib/python3.8/site-packages/airflow/example_dags/example_sensor_decorator.py
[2023-11-22T20:48:10.105+0000] {processor.py:839} INFO - DAG(s) dict_keys(['example_sensor_decorator']) retrieved from /home/airflow/.local/lib/python3.8/site-packages/airflow/example_dags/example_sensor_decorator.py
[2023-11-22T20:48:10.125+0000] {logging_mixin.py:154} INFO - [2023-11-22T20:48:10.125+0000] {dag.py:2941} INFO - Sync 1 DAGs
[2023-11-22T20:48:10.139+0000] {logging_mixin.py:154} INFO - [2023-11-22T20:48:10.139+0000] {dag.py:3722} INFO - Setting next_dagrun for example_sensor_decorator to None, run_after=None
[2023-11-22T20:48:10.161+0000] {processor.py:179} INFO - Processing /home/airflow/.local/lib/python3.8/site-packages/airflow/example_dags/example_sensor_decorator.py took 0.070 seconds
[2023-11-22T20:48:41.441+0000] {processor.py:157} INFO - Started process (PID=229) to work on /home/airflow/.local/lib/python3.8/site-packages/airflow/example_dags/example_sensor_decorator.py
[2023-11-22T20:48:41.444+0000] {processor.py:829} INFO - Processing file /home/airflow/.local/lib/python3.8/site-packages/airflow/example_dags/example_sensor_decorator.py for tasks to queue
[2023-11-22T20:48:41.452+0000] {logging_mixin.py:154} INFO - [2023-11-22T20:48:41.451+0000] {dagbag.py:536} INFO - Filling up the DagBag from /home/airflow/.local/lib/python3.8/site-packages/airflow/example_dags/example_sensor_decorator.py
[2023-11-22T20:48:41.478+0000] {processor.py:839} INFO - DAG(s) dict_keys(['example_sensor_decorator']) retrieved from /home/airflow/.local/lib/python3.8/site-packages/airflow/example_dags/example_sensor_decorator.py
[2023-11-22T20:48:41.522+0000] {logging_mixin.py:154} INFO - [2023-11-22T20:48:41.522+0000] {dag.py:2941} INFO - Sync 1 DAGs
[2023-11-22T20:48:41.543+0000] {logging_mixin.py:154} INFO - [2023-11-22T20:48:41.542+0000] {dag.py:3722} INFO - Setting next_dagrun for example_sensor_decorator to None, run_after=None
[2023-11-22T20:48:41.573+0000] {processor.py:179} INFO - Processing /home/airflow/.local/lib/python3.8/site-packages/airflow/example_dags/example_sensor_decorator.py took 0.137 seconds
[2023-11-22T20:49:11.735+0000] {processor.py:157} INFO - Started process (PID=283) to work on /home/airflow/.local/lib/python3.8/site-packages/airflow/example_dags/example_sensor_decorator.py
[2023-11-22T20:49:11.737+0000] {processor.py:829} INFO - Processing file /home/airflow/.local/lib/python3.8/site-packages/airflow/example_dags/example_sensor_decorator.py for tasks to queue
[2023-11-22T20:49:11.740+0000] {logging_mixin.py:154} INFO - [2023-11-22T20:49:11.739+0000] {dagbag.py:536} INFO - Filling up the DagBag from /home/airflow/.local/lib/python3.8/site-packages/airflow/example_dags/example_sensor_decorator.py
[2023-11-22T20:49:11.746+0000] {processor.py:839} INFO - DAG(s) dict_keys(['example_sensor_decorator']) retrieved from /home/airflow/.local/lib/python3.8/site-packages/airflow/example_dags/example_sensor_decorator.py
[2023-11-22T20:49:11.768+0000] {logging_mixin.py:154} INFO - [2023-11-22T20:49:11.768+0000] {dag.py:2941} INFO - Sync 1 DAGs
[2023-11-22T20:49:11.782+0000] {logging_mixin.py:154} INFO - [2023-11-22T20:49:11.782+0000] {dag.py:3722} INFO - Setting next_dagrun for example_sensor_decorator to None, run_after=None
[2023-11-22T20:49:11.804+0000] {processor.py:179} INFO - Processing /home/airflow/.local/lib/python3.8/site-packages/airflow/example_dags/example_sensor_decorator.py took 0.073 seconds
[2023-11-22T20:49:42.064+0000] {processor.py:157} INFO - Started process (PID=337) to work on /home/airflow/.local/lib/python3.8/site-packages/airflow/example_dags/example_sensor_decorator.py
[2023-11-22T20:49:42.065+0000] {processor.py:829} INFO - Processing file /home/airflow/.local/lib/python3.8/site-packages/airflow/example_dags/example_sensor_decorator.py for tasks to queue
[2023-11-22T20:49:42.068+0000] {logging_mixin.py:154} INFO - [2023-11-22T20:49:42.068+0000] {dagbag.py:536} INFO - Filling up the DagBag from /home/airflow/.local/lib/python3.8/site-packages/airflow/example_dags/example_sensor_decorator.py
[2023-11-22T20:49:42.075+0000] {processor.py:839} INFO - DAG(s) dict_keys(['example_sensor_decorator']) retrieved from /home/airflow/.local/lib/python3.8/site-packages/airflow/example_dags/example_sensor_decorator.py
[2023-11-22T20:49:42.095+0000] {logging_mixin.py:154} INFO - [2023-11-22T20:49:42.095+0000] {dag.py:2941} INFO - Sync 1 DAGs
[2023-11-22T20:49:42.109+0000] {logging_mixin.py:154} INFO - [2023-11-22T20:49:42.109+0000] {dag.py:3722} INFO - Setting next_dagrun for example_sensor_decorator to None, run_after=None
[2023-11-22T20:49:42.129+0000] {processor.py:179} INFO - Processing /home/airflow/.local/lib/python3.8/site-packages/airflow/example_dags/example_sensor_decorator.py took 0.070 seconds
[2023-11-22T20:50:12.850+0000] {processor.py:157} INFO - Started process (PID=391) to work on /home/airflow/.local/lib/python3.8/site-packages/airflow/example_dags/example_sensor_decorator.py
[2023-11-22T20:50:12.852+0000] {processor.py:829} INFO - Processing file /home/airflow/.local/lib/python3.8/site-packages/airflow/example_dags/example_sensor_decorator.py for tasks to queue
[2023-11-22T20:50:12.857+0000] {logging_mixin.py:154} INFO - [2023-11-22T20:50:12.856+0000] {dagbag.py:536} INFO - Filling up the DagBag from /home/airflow/.local/lib/python3.8/site-packages/airflow/example_dags/example_sensor_decorator.py
[2023-11-22T20:50:12.865+0000] {processor.py:839} INFO - DAG(s) dict_keys(['example_sensor_decorator']) retrieved from /home/airflow/.local/lib/python3.8/site-packages/airflow/example_dags/example_sensor_decorator.py
[2023-11-22T20:50:12.893+0000] {logging_mixin.py:154} INFO - [2023-11-22T20:50:12.893+0000] {dag.py:2941} INFO - Sync 1 DAGs
[2023-11-22T20:50:12.911+0000] {logging_mixin.py:154} INFO - [2023-11-22T20:50:12.911+0000] {dag.py:3722} INFO - Setting next_dagrun for example_sensor_decorator to None, run_after=None
[2023-11-22T20:50:12.960+0000] {processor.py:179} INFO - Processing /home/airflow/.local/lib/python3.8/site-packages/airflow/example_dags/example_sensor_decorator.py took 0.116 seconds
[2023-11-22T20:50:43.067+0000] {processor.py:157} INFO - Started process (PID=445) to work on /home/airflow/.local/lib/python3.8/site-packages/airflow/example_dags/example_sensor_decorator.py
[2023-11-22T20:50:43.068+0000] {processor.py:829} INFO - Processing file /home/airflow/.local/lib/python3.8/site-packages/airflow/example_dags/example_sensor_decorator.py for tasks to queue
[2023-11-22T20:50:43.071+0000] {logging_mixin.py:154} INFO - [2023-11-22T20:50:43.071+0000] {dagbag.py:536} INFO - Filling up the DagBag from /home/airflow/.local/lib/python3.8/site-packages/airflow/example_dags/example_sensor_decorator.py
[2023-11-22T20:50:43.077+0000] {processor.py:839} INFO - DAG(s) dict_keys(['example_sensor_decorator']) retrieved from /home/airflow/.local/lib/python3.8/site-packages/airflow/example_dags/example_sensor_decorator.py
[2023-11-22T20:50:43.096+0000] {logging_mixin.py:154} INFO - [2023-11-22T20:50:43.096+0000] {dag.py:2941} INFO - Sync 1 DAGs
[2023-11-22T20:50:43.110+0000] {logging_mixin.py:154} INFO - [2023-11-22T20:50:43.109+0000] {dag.py:3722} INFO - Setting next_dagrun for example_sensor_decorator to None, run_after=None
[2023-11-22T20:50:43.129+0000] {processor.py:179} INFO - Processing /home/airflow/.local/lib/python3.8/site-packages/airflow/example_dags/example_sensor_decorator.py took 0.065 seconds
[2023-11-22T20:51:13.664+0000] {processor.py:157} INFO - Started process (PID=499) to work on /home/airflow/.local/lib/python3.8/site-packages/airflow/example_dags/example_sensor_decorator.py
[2023-11-22T20:51:13.666+0000] {processor.py:829} INFO - Processing file /home/airflow/.local/lib/python3.8/site-packages/airflow/example_dags/example_sensor_decorator.py for tasks to queue
[2023-11-22T20:51:13.669+0000] {logging_mixin.py:154} INFO - [2023-11-22T20:51:13.669+0000] {dagbag.py:536} INFO - Filling up the DagBag from /home/airflow/.local/lib/python3.8/site-packages/airflow/example_dags/example_sensor_decorator.py
[2023-11-22T20:51:13.675+0000] {processor.py:839} INFO - DAG(s) dict_keys(['example_sensor_decorator']) retrieved from /home/airflow/.local/lib/python3.8/site-packages/airflow/example_dags/example_sensor_decorator.py
[2023-11-22T20:51:13.696+0000] {logging_mixin.py:154} INFO - [2023-11-22T20:51:13.696+0000] {dag.py:2941} INFO - Sync 1 DAGs
[2023-11-22T20:51:13.709+0000] {logging_mixin.py:154} INFO - [2023-11-22T20:51:13.709+0000] {dag.py:3722} INFO - Setting next_dagrun for example_sensor_decorator to None, run_after=None
[2023-11-22T20:51:13.730+0000] {processor.py:179} INFO - Processing /home/airflow/.local/lib/python3.8/site-packages/airflow/example_dags/example_sensor_decorator.py took 0.069 seconds
[2023-11-22T20:51:43.942+0000] {processor.py:157} INFO - Started process (PID=553) to work on /home/airflow/.local/lib/python3.8/site-packages/airflow/example_dags/example_sensor_decorator.py
[2023-11-22T20:51:43.944+0000] {processor.py:829} INFO - Processing file /home/airflow/.local/lib/python3.8/site-packages/airflow/example_dags/example_sensor_decorator.py for tasks to queue
[2023-11-22T20:51:43.946+0000] {logging_mixin.py:154} INFO - [2023-11-22T20:51:43.946+0000] {dagbag.py:536} INFO - Filling up the DagBag from /home/airflow/.local/lib/python3.8/site-packages/airflow/example_dags/example_sensor_decorator.py
[2023-11-22T20:51:43.953+0000] {processor.py:839} INFO - DAG(s) dict_keys(['example_sensor_decorator']) retrieved from /home/airflow/.local/lib/python3.8/site-packages/airflow/example_dags/example_sensor_decorator.py
[2023-11-22T20:51:43.979+0000] {logging_mixin.py:154} INFO - [2023-11-22T20:51:43.979+0000] {dag.py:2941} INFO - Sync 1 DAGs
[2023-11-22T20:51:43.997+0000] {logging_mixin.py:154} INFO - [2023-11-22T20:51:43.997+0000] {dag.py:3722} INFO - Setting next_dagrun for example_sensor_decorator to None, run_after=None
[2023-11-22T20:51:44.020+0000] {processor.py:179} INFO - Processing /home/airflow/.local/lib/python3.8/site-packages/airflow/example_dags/example_sensor_decorator.py took 0.081 seconds
[2023-11-22T20:52:29.585+0000] {processor.py:157} INFO - Started process (PID=611) to work on /home/airflow/.local/lib/python3.8/site-packages/airflow/example_dags/example_sensor_decorator.py
[2023-11-22T20:52:29.587+0000] {processor.py:829} INFO - Processing file /home/airflow/.local/lib/python3.8/site-packages/airflow/example_dags/example_sensor_decorator.py for tasks to queue
[2023-11-22T20:52:29.589+0000] {logging_mixin.py:154} INFO - [2023-11-22T20:52:29.589+0000] {dagbag.py:536} INFO - Filling up the DagBag from /home/airflow/.local/lib/python3.8/site-packages/airflow/example_dags/example_sensor_decorator.py
[2023-11-22T20:52:29.598+0000] {processor.py:839} INFO - DAG(s) dict_keys(['example_sensor_decorator']) retrieved from /home/airflow/.local/lib/python3.8/site-packages/airflow/example_dags/example_sensor_decorator.py
[2023-11-22T20:52:29.631+0000] {logging_mixin.py:154} INFO - [2023-11-22T20:52:29.630+0000] {dag.py:2941} INFO - Sync 1 DAGs
[2023-11-22T20:52:29.655+0000] {logging_mixin.py:154} INFO - [2023-11-22T20:52:29.654+0000] {dag.py:3722} INFO - Setting next_dagrun for example_sensor_decorator to None, run_after=None
[2023-11-22T20:52:29.686+0000] {processor.py:179} INFO - Processing /home/airflow/.local/lib/python3.8/site-packages/airflow/example_dags/example_sensor_decorator.py took 0.105 seconds
[2023-11-22T20:53:00.452+0000] {processor.py:157} INFO - Started process (PID=665) to work on /home/airflow/.local/lib/python3.8/site-packages/airflow/example_dags/example_sensor_decorator.py
[2023-11-22T20:53:00.453+0000] {processor.py:829} INFO - Processing file /home/airflow/.local/lib/python3.8/site-packages/airflow/example_dags/example_sensor_decorator.py for tasks to queue
[2023-11-22T20:53:00.456+0000] {logging_mixin.py:154} INFO - [2023-11-22T20:53:00.456+0000] {dagbag.py:536} INFO - Filling up the DagBag from /home/airflow/.local/lib/python3.8/site-packages/airflow/example_dags/example_sensor_decorator.py
[2023-11-22T20:53:00.462+0000] {processor.py:839} INFO - DAG(s) dict_keys(['example_sensor_decorator']) retrieved from /home/airflow/.local/lib/python3.8/site-packages/airflow/example_dags/example_sensor_decorator.py
[2023-11-22T20:53:00.483+0000] {logging_mixin.py:154} INFO - [2023-11-22T20:53:00.483+0000] {dag.py:2941} INFO - Sync 1 DAGs
[2023-11-22T20:53:00.497+0000] {logging_mixin.py:154} INFO - [2023-11-22T20:53:00.497+0000] {dag.py:3722} INFO - Setting next_dagrun for example_sensor_decorator to None, run_after=None
[2023-11-22T20:53:00.524+0000] {processor.py:179} INFO - Processing /home/airflow/.local/lib/python3.8/site-packages/airflow/example_dags/example_sensor_decorator.py took 0.076 seconds
[2023-11-22T20:53:30.941+0000] {processor.py:157} INFO - Started process (PID=720) to work on /home/airflow/.local/lib/python3.8/site-packages/airflow/example_dags/example_sensor_decorator.py
[2023-11-22T20:53:30.942+0000] {processor.py:829} INFO - Processing file /home/airflow/.local/lib/python3.8/site-packages/airflow/example_dags/example_sensor_decorator.py for tasks to queue
[2023-11-22T20:53:30.951+0000] {logging_mixin.py:154} INFO - [2023-11-22T20:53:30.949+0000] {dagbag.py:536} INFO - Filling up the DagBag from /home/airflow/.local/lib/python3.8/site-packages/airflow/example_dags/example_sensor_decorator.py
[2023-11-22T20:53:30.967+0000] {processor.py:839} INFO - DAG(s) dict_keys(['example_sensor_decorator']) retrieved from /home/airflow/.local/lib/python3.8/site-packages/airflow/example_dags/example_sensor_decorator.py
[2023-11-22T20:53:31.004+0000] {logging_mixin.py:154} INFO - [2023-11-22T20:53:31.004+0000] {dag.py:2941} INFO - Sync 1 DAGs
[2023-11-22T20:53:31.028+0000] {logging_mixin.py:154} INFO - [2023-11-22T20:53:31.028+0000] {dag.py:3722} INFO - Setting next_dagrun for example_sensor_decorator to None, run_after=None
[2023-11-22T20:53:31.057+0000] {processor.py:179} INFO - Processing /home/airflow/.local/lib/python3.8/site-packages/airflow/example_dags/example_sensor_decorator.py took 0.121 seconds
[2023-11-22T20:54:06.644+0000] {processor.py:157} INFO - Started process (PID=777) to work on /home/airflow/.local/lib/python3.8/site-packages/airflow/example_dags/example_sensor_decorator.py
[2023-11-22T20:54:06.646+0000] {processor.py:829} INFO - Processing file /home/airflow/.local/lib/python3.8/site-packages/airflow/example_dags/example_sensor_decorator.py for tasks to queue
[2023-11-22T20:54:06.649+0000] {logging_mixin.py:154} INFO - [2023-11-22T20:54:06.649+0000] {dagbag.py:536} INFO - Filling up the DagBag from /home/airflow/.local/lib/python3.8/site-packages/airflow/example_dags/example_sensor_decorator.py
[2023-11-22T20:54:06.667+0000] {processor.py:839} INFO - DAG(s) dict_keys(['example_sensor_decorator']) retrieved from /home/airflow/.local/lib/python3.8/site-packages/airflow/example_dags/example_sensor_decorator.py
[2023-11-22T20:54:06.700+0000] {logging_mixin.py:154} INFO - [2023-11-22T20:54:06.700+0000] {dag.py:2941} INFO - Sync 1 DAGs
[2023-11-22T20:54:06.718+0000] {logging_mixin.py:154} INFO - [2023-11-22T20:54:06.718+0000] {dag.py:3722} INFO - Setting next_dagrun for example_sensor_decorator to None, run_after=None
[2023-11-22T20:54:06.740+0000] {processor.py:179} INFO - Processing /home/airflow/.local/lib/python3.8/site-packages/airflow/example_dags/example_sensor_decorator.py took 0.102 seconds
[2023-11-22T20:54:38.316+0000] {processor.py:157} INFO - Started process (PID=831) to work on /home/airflow/.local/lib/python3.8/site-packages/airflow/example_dags/example_sensor_decorator.py
[2023-11-22T20:54:38.318+0000] {processor.py:829} INFO - Processing file /home/airflow/.local/lib/python3.8/site-packages/airflow/example_dags/example_sensor_decorator.py for tasks to queue
[2023-11-22T20:54:38.321+0000] {logging_mixin.py:154} INFO - [2023-11-22T20:54:38.320+0000] {dagbag.py:536} INFO - Filling up the DagBag from /home/airflow/.local/lib/python3.8/site-packages/airflow/example_dags/example_sensor_decorator.py
[2023-11-22T20:54:38.327+0000] {processor.py:839} INFO - DAG(s) dict_keys(['example_sensor_decorator']) retrieved from /home/airflow/.local/lib/python3.8/site-packages/airflow/example_dags/example_sensor_decorator.py
[2023-11-22T20:54:38.361+0000] {logging_mixin.py:154} INFO - [2023-11-22T20:54:38.360+0000] {dag.py:2941} INFO - Sync 1 DAGs
[2023-11-22T20:54:38.377+0000] {logging_mixin.py:154} INFO - [2023-11-22T20:54:38.377+0000] {dag.py:3722} INFO - Setting next_dagrun for example_sensor_decorator to None, run_after=None
[2023-11-22T20:54:38.490+0000] {processor.py:179} INFO - Processing /home/airflow/.local/lib/python3.8/site-packages/airflow/example_dags/example_sensor_decorator.py took 0.177 seconds
[2023-11-22T20:55:08.568+0000] {processor.py:157} INFO - Started process (PID=884) to work on /home/airflow/.local/lib/python3.8/site-packages/airflow/example_dags/example_sensor_decorator.py
[2023-11-22T20:55:08.569+0000] {processor.py:829} INFO - Processing file /home/airflow/.local/lib/python3.8/site-packages/airflow/example_dags/example_sensor_decorator.py for tasks to queue
[2023-11-22T20:55:08.572+0000] {logging_mixin.py:154} INFO - [2023-11-22T20:55:08.571+0000] {dagbag.py:536} INFO - Filling up the DagBag from /home/airflow/.local/lib/python3.8/site-packages/airflow/example_dags/example_sensor_decorator.py
[2023-11-22T20:55:08.579+0000] {processor.py:839} INFO - DAG(s) dict_keys(['example_sensor_decorator']) retrieved from /home/airflow/.local/lib/python3.8/site-packages/airflow/example_dags/example_sensor_decorator.py
[2023-11-22T20:55:08.600+0000] {logging_mixin.py:154} INFO - [2023-11-22T20:55:08.600+0000] {dag.py:2941} INFO - Sync 1 DAGs
[2023-11-22T20:55:08.614+0000] {logging_mixin.py:154} INFO - [2023-11-22T20:55:08.614+0000] {dag.py:3722} INFO - Setting next_dagrun for example_sensor_decorator to None, run_after=None
[2023-11-22T20:55:08.633+0000] {processor.py:179} INFO - Processing /home/airflow/.local/lib/python3.8/site-packages/airflow/example_dags/example_sensor_decorator.py took 0.069 seconds
[2023-11-22T20:55:39.466+0000] {processor.py:157} INFO - Started process (PID=938) to work on /home/airflow/.local/lib/python3.8/site-packages/airflow/example_dags/example_sensor_decorator.py
[2023-11-22T20:55:39.467+0000] {processor.py:829} INFO - Processing file /home/airflow/.local/lib/python3.8/site-packages/airflow/example_dags/example_sensor_decorator.py for tasks to queue
[2023-11-22T20:55:39.470+0000] {logging_mixin.py:154} INFO - [2023-11-22T20:55:39.470+0000] {dagbag.py:536} INFO - Filling up the DagBag from /home/airflow/.local/lib/python3.8/site-packages/airflow/example_dags/example_sensor_decorator.py
[2023-11-22T20:55:39.476+0000] {processor.py:839} INFO - DAG(s) dict_keys(['example_sensor_decorator']) retrieved from /home/airflow/.local/lib/python3.8/site-packages/airflow/example_dags/example_sensor_decorator.py
[2023-11-22T20:55:39.498+0000] {logging_mixin.py:154} INFO - [2023-11-22T20:55:39.498+0000] {dag.py:2941} INFO - Sync 1 DAGs
[2023-11-22T20:55:39.510+0000] {logging_mixin.py:154} INFO - [2023-11-22T20:55:39.510+0000] {dag.py:3722} INFO - Setting next_dagrun for example_sensor_decorator to None, run_after=None
[2023-11-22T20:55:39.532+0000] {processor.py:179} INFO - Processing /home/airflow/.local/lib/python3.8/site-packages/airflow/example_dags/example_sensor_decorator.py took 0.070 seconds
[2023-11-22T20:56:09.685+0000] {processor.py:157} INFO - Started process (PID=993) to work on /home/airflow/.local/lib/python3.8/site-packages/airflow/example_dags/example_sensor_decorator.py
[2023-11-22T20:56:09.687+0000] {processor.py:829} INFO - Processing file /home/airflow/.local/lib/python3.8/site-packages/airflow/example_dags/example_sensor_decorator.py for tasks to queue
[2023-11-22T20:56:09.691+0000] {logging_mixin.py:154} INFO - [2023-11-22T20:56:09.691+0000] {dagbag.py:536} INFO - Filling up the DagBag from /home/airflow/.local/lib/python3.8/site-packages/airflow/example_dags/example_sensor_decorator.py
[2023-11-22T20:56:09.699+0000] {processor.py:839} INFO - DAG(s) dict_keys(['example_sensor_decorator']) retrieved from /home/airflow/.local/lib/python3.8/site-packages/airflow/example_dags/example_sensor_decorator.py
[2023-11-22T20:56:09.720+0000] {logging_mixin.py:154} INFO - [2023-11-22T20:56:09.719+0000] {dag.py:2941} INFO - Sync 1 DAGs
[2023-11-22T20:56:09.733+0000] {logging_mixin.py:154} INFO - [2023-11-22T20:56:09.732+0000] {dag.py:3722} INFO - Setting next_dagrun for example_sensor_decorator to None, run_after=None
[2023-11-22T20:56:09.752+0000] {processor.py:179} INFO - Processing /home/airflow/.local/lib/python3.8/site-packages/airflow/example_dags/example_sensor_decorator.py took 0.074 seconds
[2023-11-22T20:56:39.944+0000] {processor.py:157} INFO - Started process (PID=1047) to work on /home/airflow/.local/lib/python3.8/site-packages/airflow/example_dags/example_sensor_decorator.py
[2023-11-22T20:56:39.946+0000] {processor.py:829} INFO - Processing file /home/airflow/.local/lib/python3.8/site-packages/airflow/example_dags/example_sensor_decorator.py for tasks to queue
[2023-11-22T20:56:39.951+0000] {logging_mixin.py:154} INFO - [2023-11-22T20:56:39.950+0000] {dagbag.py:536} INFO - Filling up the DagBag from /home/airflow/.local/lib/python3.8/site-packages/airflow/example_dags/example_sensor_decorator.py
[2023-11-22T20:56:39.959+0000] {processor.py:839} INFO - DAG(s) dict_keys(['example_sensor_decorator']) retrieved from /home/airflow/.local/lib/python3.8/site-packages/airflow/example_dags/example_sensor_decorator.py
[2023-11-22T20:56:39.980+0000] {logging_mixin.py:154} INFO - [2023-11-22T20:56:39.980+0000] {dag.py:2941} INFO - Sync 1 DAGs
[2023-11-22T20:56:39.994+0000] {logging_mixin.py:154} INFO - [2023-11-22T20:56:39.993+0000] {dag.py:3722} INFO - Setting next_dagrun for example_sensor_decorator to None, run_after=None
[2023-11-22T20:56:40.016+0000] {processor.py:179} INFO - Processing /home/airflow/.local/lib/python3.8/site-packages/airflow/example_dags/example_sensor_decorator.py took 0.077 seconds
[2023-11-22T20:57:10.116+0000] {processor.py:157} INFO - Started process (PID=1101) to work on /home/airflow/.local/lib/python3.8/site-packages/airflow/example_dags/example_sensor_decorator.py
[2023-11-22T20:57:10.117+0000] {processor.py:829} INFO - Processing file /home/airflow/.local/lib/python3.8/site-packages/airflow/example_dags/example_sensor_decorator.py for tasks to queue
[2023-11-22T20:57:10.120+0000] {logging_mixin.py:154} INFO - [2023-11-22T20:57:10.120+0000] {dagbag.py:536} INFO - Filling up the DagBag from /home/airflow/.local/lib/python3.8/site-packages/airflow/example_dags/example_sensor_decorator.py
[2023-11-22T20:57:10.126+0000] {processor.py:839} INFO - DAG(s) dict_keys(['example_sensor_decorator']) retrieved from /home/airflow/.local/lib/python3.8/site-packages/airflow/example_dags/example_sensor_decorator.py
[2023-11-22T20:57:10.150+0000] {logging_mixin.py:154} INFO - [2023-11-22T20:57:10.150+0000] {dag.py:2941} INFO - Sync 1 DAGs
[2023-11-22T20:57:10.163+0000] {logging_mixin.py:154} INFO - [2023-11-22T20:57:10.163+0000] {dag.py:3722} INFO - Setting next_dagrun for example_sensor_decorator to None, run_after=None
[2023-11-22T20:57:10.186+0000] {processor.py:179} INFO - Processing /home/airflow/.local/lib/python3.8/site-packages/airflow/example_dags/example_sensor_decorator.py took 0.074 seconds
[2023-11-22T20:57:40.575+0000] {processor.py:157} INFO - Started process (PID=1155) to work on /home/airflow/.local/lib/python3.8/site-packages/airflow/example_dags/example_sensor_decorator.py
[2023-11-22T20:57:40.576+0000] {processor.py:829} INFO - Processing file /home/airflow/.local/lib/python3.8/site-packages/airflow/example_dags/example_sensor_decorator.py for tasks to queue
[2023-11-22T20:57:40.578+0000] {logging_mixin.py:154} INFO - [2023-11-22T20:57:40.578+0000] {dagbag.py:536} INFO - Filling up the DagBag from /home/airflow/.local/lib/python3.8/site-packages/airflow/example_dags/example_sensor_decorator.py
[2023-11-22T20:57:40.585+0000] {processor.py:839} INFO - DAG(s) dict_keys(['example_sensor_decorator']) retrieved from /home/airflow/.local/lib/python3.8/site-packages/airflow/example_dags/example_sensor_decorator.py
[2023-11-22T20:57:40.605+0000] {logging_mixin.py:154} INFO - [2023-11-22T20:57:40.604+0000] {dag.py:2941} INFO - Sync 1 DAGs
[2023-11-22T20:57:40.617+0000] {logging_mixin.py:154} INFO - [2023-11-22T20:57:40.617+0000] {dag.py:3722} INFO - Setting next_dagrun for example_sensor_decorator to None, run_after=None
[2023-11-22T20:57:40.639+0000] {processor.py:179} INFO - Processing /home/airflow/.local/lib/python3.8/site-packages/airflow/example_dags/example_sensor_decorator.py took 0.067 seconds
[2023-11-22T20:58:11.345+0000] {processor.py:157} INFO - Started process (PID=1209) to work on /home/airflow/.local/lib/python3.8/site-packages/airflow/example_dags/example_sensor_decorator.py
[2023-11-22T20:58:11.347+0000] {processor.py:829} INFO - Processing file /home/airflow/.local/lib/python3.8/site-packages/airflow/example_dags/example_sensor_decorator.py for tasks to queue
[2023-11-22T20:58:11.350+0000] {logging_mixin.py:154} INFO - [2023-11-22T20:58:11.350+0000] {dagbag.py:536} INFO - Filling up the DagBag from /home/airflow/.local/lib/python3.8/site-packages/airflow/example_dags/example_sensor_decorator.py
[2023-11-22T20:58:11.356+0000] {processor.py:839} INFO - DAG(s) dict_keys(['example_sensor_decorator']) retrieved from /home/airflow/.local/lib/python3.8/site-packages/airflow/example_dags/example_sensor_decorator.py
[2023-11-22T20:58:12.939+0000] {logging_mixin.py:154} INFO - [2023-11-22T20:58:12.939+0000] {dag.py:2941} INFO - Sync 1 DAGs
[2023-11-22T20:58:12.961+0000] {logging_mixin.py:154} INFO - [2023-11-22T20:58:12.960+0000] {dag.py:3722} INFO - Setting next_dagrun for example_sensor_decorator to None, run_after=None
[2023-11-22T20:58:12.998+0000] {processor.py:179} INFO - Processing /home/airflow/.local/lib/python3.8/site-packages/airflow/example_dags/example_sensor_decorator.py took 1.657 seconds
[2023-11-22T20:58:43.124+0000] {processor.py:157} INFO - Started process (PID=1263) to work on /home/airflow/.local/lib/python3.8/site-packages/airflow/example_dags/example_sensor_decorator.py
[2023-11-22T20:58:43.126+0000] {processor.py:829} INFO - Processing file /home/airflow/.local/lib/python3.8/site-packages/airflow/example_dags/example_sensor_decorator.py for tasks to queue
[2023-11-22T20:58:43.129+0000] {logging_mixin.py:154} INFO - [2023-11-22T20:58:43.129+0000] {dagbag.py:536} INFO - Filling up the DagBag from /home/airflow/.local/lib/python3.8/site-packages/airflow/example_dags/example_sensor_decorator.py
[2023-11-22T20:58:43.138+0000] {processor.py:839} INFO - DAG(s) dict_keys(['example_sensor_decorator']) retrieved from /home/airflow/.local/lib/python3.8/site-packages/airflow/example_dags/example_sensor_decorator.py
[2023-11-22T20:58:43.160+0000] {logging_mixin.py:154} INFO - [2023-11-22T20:58:43.160+0000] {dag.py:2941} INFO - Sync 1 DAGs
[2023-11-22T20:58:43.173+0000] {logging_mixin.py:154} INFO - [2023-11-22T20:58:43.173+0000] {dag.py:3722} INFO - Setting next_dagrun for example_sensor_decorator to None, run_after=None
[2023-11-22T20:58:43.195+0000] {processor.py:179} INFO - Processing /home/airflow/.local/lib/python3.8/site-packages/airflow/example_dags/example_sensor_decorator.py took 0.075 seconds
[2023-11-22T20:59:13.808+0000] {processor.py:157} INFO - Started process (PID=1317) to work on /home/airflow/.local/lib/python3.8/site-packages/airflow/example_dags/example_sensor_decorator.py
[2023-11-22T20:59:13.810+0000] {processor.py:829} INFO - Processing file /home/airflow/.local/lib/python3.8/site-packages/airflow/example_dags/example_sensor_decorator.py for tasks to queue
[2023-11-22T20:59:13.814+0000] {logging_mixin.py:154} INFO - [2023-11-22T20:59:13.813+0000] {dagbag.py:536} INFO - Filling up the DagBag from /home/airflow/.local/lib/python3.8/site-packages/airflow/example_dags/example_sensor_decorator.py
[2023-11-22T20:59:13.821+0000] {processor.py:839} INFO - DAG(s) dict_keys(['example_sensor_decorator']) retrieved from /home/airflow/.local/lib/python3.8/site-packages/airflow/example_dags/example_sensor_decorator.py
[2023-11-22T20:59:13.841+0000] {logging_mixin.py:154} INFO - [2023-11-22T20:59:13.841+0000] {dag.py:2941} INFO - Sync 1 DAGs
[2023-11-22T20:59:13.854+0000] {logging_mixin.py:154} INFO - [2023-11-22T20:59:13.853+0000] {dag.py:3722} INFO - Setting next_dagrun for example_sensor_decorator to None, run_after=None
[2023-11-22T20:59:13.882+0000] {processor.py:179} INFO - Processing /home/airflow/.local/lib/python3.8/site-packages/airflow/example_dags/example_sensor_decorator.py took 0.078 seconds
[2023-11-22T20:59:44.388+0000] {processor.py:157} INFO - Started process (PID=1371) to work on /home/airflow/.local/lib/python3.8/site-packages/airflow/example_dags/example_sensor_decorator.py
[2023-11-22T20:59:44.389+0000] {processor.py:829} INFO - Processing file /home/airflow/.local/lib/python3.8/site-packages/airflow/example_dags/example_sensor_decorator.py for tasks to queue
[2023-11-22T20:59:44.392+0000] {logging_mixin.py:154} INFO - [2023-11-22T20:59:44.392+0000] {dagbag.py:536} INFO - Filling up the DagBag from /home/airflow/.local/lib/python3.8/site-packages/airflow/example_dags/example_sensor_decorator.py
[2023-11-22T20:59:44.400+0000] {processor.py:839} INFO - DAG(s) dict_keys(['example_sensor_decorator']) retrieved from /home/airflow/.local/lib/python3.8/site-packages/airflow/example_dags/example_sensor_decorator.py
[2023-11-22T20:59:44.491+0000] {logging_mixin.py:154} INFO - [2023-11-22T20:59:44.491+0000] {dag.py:2941} INFO - Sync 1 DAGs
[2023-11-22T20:59:44.505+0000] {logging_mixin.py:154} INFO - [2023-11-22T20:59:44.505+0000] {dag.py:3722} INFO - Setting next_dagrun for example_sensor_decorator to None, run_after=None
[2023-11-22T20:59:44.676+0000] {processor.py:179} INFO - Processing /home/airflow/.local/lib/python3.8/site-packages/airflow/example_dags/example_sensor_decorator.py took 0.292 seconds
[2023-11-22T21:00:15.579+0000] {processor.py:157} INFO - Started process (PID=1425) to work on /home/airflow/.local/lib/python3.8/site-packages/airflow/example_dags/example_sensor_decorator.py
[2023-11-22T21:00:15.580+0000] {processor.py:829} INFO - Processing file /home/airflow/.local/lib/python3.8/site-packages/airflow/example_dags/example_sensor_decorator.py for tasks to queue
[2023-11-22T21:00:15.583+0000] {logging_mixin.py:154} INFO - [2023-11-22T21:00:15.583+0000] {dagbag.py:536} INFO - Filling up the DagBag from /home/airflow/.local/lib/python3.8/site-packages/airflow/example_dags/example_sensor_decorator.py
[2023-11-22T21:00:15.590+0000] {processor.py:839} INFO - DAG(s) dict_keys(['example_sensor_decorator']) retrieved from /home/airflow/.local/lib/python3.8/site-packages/airflow/example_dags/example_sensor_decorator.py
[2023-11-22T21:00:15.611+0000] {logging_mixin.py:154} INFO - [2023-11-22T21:00:15.610+0000] {dag.py:2941} INFO - Sync 1 DAGs
[2023-11-22T21:00:15.625+0000] {logging_mixin.py:154} INFO - [2023-11-22T21:00:15.625+0000] {dag.py:3722} INFO - Setting next_dagrun for example_sensor_decorator to None, run_after=None
[2023-11-22T21:00:15.649+0000] {processor.py:179} INFO - Processing /home/airflow/.local/lib/python3.8/site-packages/airflow/example_dags/example_sensor_decorator.py took 0.074 seconds
[2023-11-22T21:00:46.354+0000] {processor.py:157} INFO - Started process (PID=1479) to work on /home/airflow/.local/lib/python3.8/site-packages/airflow/example_dags/example_sensor_decorator.py
[2023-11-22T21:00:46.356+0000] {processor.py:829} INFO - Processing file /home/airflow/.local/lib/python3.8/site-packages/airflow/example_dags/example_sensor_decorator.py for tasks to queue
[2023-11-22T21:00:46.358+0000] {logging_mixin.py:154} INFO - [2023-11-22T21:00:46.358+0000] {dagbag.py:536} INFO - Filling up the DagBag from /home/airflow/.local/lib/python3.8/site-packages/airflow/example_dags/example_sensor_decorator.py
[2023-11-22T21:00:46.364+0000] {processor.py:839} INFO - DAG(s) dict_keys(['example_sensor_decorator']) retrieved from /home/airflow/.local/lib/python3.8/site-packages/airflow/example_dags/example_sensor_decorator.py
[2023-11-22T21:00:46.385+0000] {logging_mixin.py:154} INFO - [2023-11-22T21:00:46.385+0000] {dag.py:2941} INFO - Sync 1 DAGs
[2023-11-22T21:00:46.399+0000] {logging_mixin.py:154} INFO - [2023-11-22T21:00:46.399+0000] {dag.py:3722} INFO - Setting next_dagrun for example_sensor_decorator to None, run_after=None
[2023-11-22T21:00:46.419+0000] {processor.py:179} INFO - Processing /home/airflow/.local/lib/python3.8/site-packages/airflow/example_dags/example_sensor_decorator.py took 0.068 seconds
[2023-11-22T21:01:16.892+0000] {processor.py:157} INFO - Started process (PID=1533) to work on /home/airflow/.local/lib/python3.8/site-packages/airflow/example_dags/example_sensor_decorator.py
[2023-11-22T21:01:16.894+0000] {processor.py:829} INFO - Processing file /home/airflow/.local/lib/python3.8/site-packages/airflow/example_dags/example_sensor_decorator.py for tasks to queue
[2023-11-22T21:01:16.897+0000] {logging_mixin.py:154} INFO - [2023-11-22T21:01:16.897+0000] {dagbag.py:536} INFO - Filling up the DagBag from /home/airflow/.local/lib/python3.8/site-packages/airflow/example_dags/example_sensor_decorator.py
[2023-11-22T21:01:16.904+0000] {processor.py:839} INFO - DAG(s) dict_keys(['example_sensor_decorator']) retrieved from /home/airflow/.local/lib/python3.8/site-packages/airflow/example_dags/example_sensor_decorator.py
[2023-11-22T21:01:16.924+0000] {logging_mixin.py:154} INFO - [2023-11-22T21:01:16.924+0000] {dag.py:2941} INFO - Sync 1 DAGs
[2023-11-22T21:01:16.938+0000] {logging_mixin.py:154} INFO - [2023-11-22T21:01:16.938+0000] {dag.py:3722} INFO - Setting next_dagrun for example_sensor_decorator to None, run_after=None
[2023-11-22T21:01:17.108+0000] {processor.py:179} INFO - Processing /home/airflow/.local/lib/python3.8/site-packages/airflow/example_dags/example_sensor_decorator.py took 0.219 seconds
[2023-11-22T21:01:47.312+0000] {processor.py:157} INFO - Started process (PID=1587) to work on /home/airflow/.local/lib/python3.8/site-packages/airflow/example_dags/example_sensor_decorator.py
[2023-11-22T21:01:47.314+0000] {processor.py:829} INFO - Processing file /home/airflow/.local/lib/python3.8/site-packages/airflow/example_dags/example_sensor_decorator.py for tasks to queue
[2023-11-22T21:01:47.317+0000] {logging_mixin.py:154} INFO - [2023-11-22T21:01:47.316+0000] {dagbag.py:536} INFO - Filling up the DagBag from /home/airflow/.local/lib/python3.8/site-packages/airflow/example_dags/example_sensor_decorator.py
[2023-11-22T21:01:47.323+0000] {processor.py:839} INFO - DAG(s) dict_keys(['example_sensor_decorator']) retrieved from /home/airflow/.local/lib/python3.8/site-packages/airflow/example_dags/example_sensor_decorator.py
[2023-11-22T21:01:47.343+0000] {logging_mixin.py:154} INFO - [2023-11-22T21:01:47.343+0000] {dag.py:2941} INFO - Sync 1 DAGs
[2023-11-22T21:01:47.359+0000] {logging_mixin.py:154} INFO - [2023-11-22T21:01:47.358+0000] {dag.py:3722} INFO - Setting next_dagrun for example_sensor_decorator to None, run_after=None
[2023-11-22T21:01:47.412+0000] {processor.py:179} INFO - Processing /home/airflow/.local/lib/python3.8/site-packages/airflow/example_dags/example_sensor_decorator.py took 0.103 seconds
[2023-11-22T21:02:17.580+0000] {processor.py:157} INFO - Started process (PID=1641) to work on /home/airflow/.local/lib/python3.8/site-packages/airflow/example_dags/example_sensor_decorator.py
[2023-11-22T21:02:17.582+0000] {processor.py:829} INFO - Processing file /home/airflow/.local/lib/python3.8/site-packages/airflow/example_dags/example_sensor_decorator.py for tasks to queue
[2023-11-22T21:02:17.585+0000] {logging_mixin.py:154} INFO - [2023-11-22T21:02:17.585+0000] {dagbag.py:536} INFO - Filling up the DagBag from /home/airflow/.local/lib/python3.8/site-packages/airflow/example_dags/example_sensor_decorator.py
[2023-11-22T21:02:17.592+0000] {processor.py:839} INFO - DAG(s) dict_keys(['example_sensor_decorator']) retrieved from /home/airflow/.local/lib/python3.8/site-packages/airflow/example_dags/example_sensor_decorator.py
[2023-11-22T21:02:17.613+0000] {logging_mixin.py:154} INFO - [2023-11-22T21:02:17.612+0000] {dag.py:2941} INFO - Sync 1 DAGs
[2023-11-22T21:02:17.625+0000] {logging_mixin.py:154} INFO - [2023-11-22T21:02:17.625+0000] {dag.py:3722} INFO - Setting next_dagrun for example_sensor_decorator to None, run_after=None
[2023-11-22T21:02:17.649+0000] {processor.py:179} INFO - Processing /home/airflow/.local/lib/python3.8/site-packages/airflow/example_dags/example_sensor_decorator.py took 0.072 seconds
[2023-11-22T21:02:47.866+0000] {processor.py:157} INFO - Started process (PID=1696) to work on /home/airflow/.local/lib/python3.8/site-packages/airflow/example_dags/example_sensor_decorator.py
[2023-11-22T21:02:47.867+0000] {processor.py:829} INFO - Processing file /home/airflow/.local/lib/python3.8/site-packages/airflow/example_dags/example_sensor_decorator.py for tasks to queue
[2023-11-22T21:02:47.871+0000] {logging_mixin.py:154} INFO - [2023-11-22T21:02:47.871+0000] {dagbag.py:536} INFO - Filling up the DagBag from /home/airflow/.local/lib/python3.8/site-packages/airflow/example_dags/example_sensor_decorator.py
[2023-11-22T21:02:47.878+0000] {processor.py:839} INFO - DAG(s) dict_keys(['example_sensor_decorator']) retrieved from /home/airflow/.local/lib/python3.8/site-packages/airflow/example_dags/example_sensor_decorator.py
[2023-11-22T21:02:47.900+0000] {logging_mixin.py:154} INFO - [2023-11-22T21:02:47.900+0000] {dag.py:2941} INFO - Sync 1 DAGs
[2023-11-22T21:02:48.104+0000] {logging_mixin.py:154} INFO - [2023-11-22T21:02:48.104+0000] {dag.py:3722} INFO - Setting next_dagrun for example_sensor_decorator to None, run_after=None
[2023-11-22T21:02:48.131+0000] {processor.py:179} INFO - Processing /home/airflow/.local/lib/python3.8/site-packages/airflow/example_dags/example_sensor_decorator.py took 0.270 seconds
[2023-11-22T21:03:18.270+0000] {processor.py:157} INFO - Started process (PID=1750) to work on /home/airflow/.local/lib/python3.8/site-packages/airflow/example_dags/example_sensor_decorator.py
[2023-11-22T21:03:18.271+0000] {processor.py:829} INFO - Processing file /home/airflow/.local/lib/python3.8/site-packages/airflow/example_dags/example_sensor_decorator.py for tasks to queue
[2023-11-22T21:03:18.275+0000] {logging_mixin.py:154} INFO - [2023-11-22T21:03:18.274+0000] {dagbag.py:536} INFO - Filling up the DagBag from /home/airflow/.local/lib/python3.8/site-packages/airflow/example_dags/example_sensor_decorator.py
[2023-11-22T21:03:18.281+0000] {processor.py:839} INFO - DAG(s) dict_keys(['example_sensor_decorator']) retrieved from /home/airflow/.local/lib/python3.8/site-packages/airflow/example_dags/example_sensor_decorator.py
[2023-11-22T21:03:18.302+0000] {logging_mixin.py:154} INFO - [2023-11-22T21:03:18.301+0000] {dag.py:2941} INFO - Sync 1 DAGs
[2023-11-22T21:03:18.314+0000] {logging_mixin.py:154} INFO - [2023-11-22T21:03:18.314+0000] {dag.py:3722} INFO - Setting next_dagrun for example_sensor_decorator to None, run_after=None
[2023-11-22T21:03:18.336+0000] {processor.py:179} INFO - Processing /home/airflow/.local/lib/python3.8/site-packages/airflow/example_dags/example_sensor_decorator.py took 0.070 seconds
[2023-11-22T21:03:48.445+0000] {processor.py:157} INFO - Started process (PID=1804) to work on /home/airflow/.local/lib/python3.8/site-packages/airflow/example_dags/example_sensor_decorator.py
[2023-11-22T21:03:48.446+0000] {processor.py:829} INFO - Processing file /home/airflow/.local/lib/python3.8/site-packages/airflow/example_dags/example_sensor_decorator.py for tasks to queue
[2023-11-22T21:03:48.449+0000] {logging_mixin.py:154} INFO - [2023-11-22T21:03:48.448+0000] {dagbag.py:536} INFO - Filling up the DagBag from /home/airflow/.local/lib/python3.8/site-packages/airflow/example_dags/example_sensor_decorator.py
[2023-11-22T21:03:48.455+0000] {processor.py:839} INFO - DAG(s) dict_keys(['example_sensor_decorator']) retrieved from /home/airflow/.local/lib/python3.8/site-packages/airflow/example_dags/example_sensor_decorator.py
[2023-11-22T21:03:48.476+0000] {logging_mixin.py:154} INFO - [2023-11-22T21:03:48.476+0000] {dag.py:2941} INFO - Sync 1 DAGs
[2023-11-22T21:03:48.490+0000] {logging_mixin.py:154} INFO - [2023-11-22T21:03:48.490+0000] {dag.py:3722} INFO - Setting next_dagrun for example_sensor_decorator to None, run_after=None
[2023-11-22T21:03:48.520+0000] {processor.py:179} INFO - Processing /home/airflow/.local/lib/python3.8/site-packages/airflow/example_dags/example_sensor_decorator.py took 0.078 seconds
[2023-11-22T21:04:18.589+0000] {processor.py:157} INFO - Started process (PID=1858) to work on /home/airflow/.local/lib/python3.8/site-packages/airflow/example_dags/example_sensor_decorator.py
[2023-11-22T21:04:18.590+0000] {processor.py:829} INFO - Processing file /home/airflow/.local/lib/python3.8/site-packages/airflow/example_dags/example_sensor_decorator.py for tasks to queue
[2023-11-22T21:04:18.593+0000] {logging_mixin.py:154} INFO - [2023-11-22T21:04:18.593+0000] {dagbag.py:536} INFO - Filling up the DagBag from /home/airflow/.local/lib/python3.8/site-packages/airflow/example_dags/example_sensor_decorator.py
[2023-11-22T21:04:18.599+0000] {processor.py:839} INFO - DAG(s) dict_keys(['example_sensor_decorator']) retrieved from /home/airflow/.local/lib/python3.8/site-packages/airflow/example_dags/example_sensor_decorator.py
[2023-11-22T21:04:18.619+0000] {logging_mixin.py:154} INFO - [2023-11-22T21:04:18.619+0000] {dag.py:2941} INFO - Sync 1 DAGs
[2023-11-22T21:04:18.632+0000] {logging_mixin.py:154} INFO - [2023-11-22T21:04:18.632+0000] {dag.py:3722} INFO - Setting next_dagrun for example_sensor_decorator to None, run_after=None
[2023-11-22T21:04:18.652+0000] {processor.py:179} INFO - Processing /home/airflow/.local/lib/python3.8/site-packages/airflow/example_dags/example_sensor_decorator.py took 0.067 seconds
[2023-11-22T21:04:48.750+0000] {processor.py:157} INFO - Started process (PID=1912) to work on /home/airflow/.local/lib/python3.8/site-packages/airflow/example_dags/example_sensor_decorator.py
[2023-11-22T21:04:48.751+0000] {processor.py:829} INFO - Processing file /home/airflow/.local/lib/python3.8/site-packages/airflow/example_dags/example_sensor_decorator.py for tasks to queue
[2023-11-22T21:04:48.754+0000] {logging_mixin.py:154} INFO - [2023-11-22T21:04:48.754+0000] {dagbag.py:536} INFO - Filling up the DagBag from /home/airflow/.local/lib/python3.8/site-packages/airflow/example_dags/example_sensor_decorator.py
[2023-11-22T21:04:48.761+0000] {processor.py:839} INFO - DAG(s) dict_keys(['example_sensor_decorator']) retrieved from /home/airflow/.local/lib/python3.8/site-packages/airflow/example_dags/example_sensor_decorator.py
[2023-11-22T21:04:48.781+0000] {logging_mixin.py:154} INFO - [2023-11-22T21:04:48.781+0000] {dag.py:2941} INFO - Sync 1 DAGs
[2023-11-22T21:04:48.794+0000] {logging_mixin.py:154} INFO - [2023-11-22T21:04:48.794+0000] {dag.py:3722} INFO - Setting next_dagrun for example_sensor_decorator to None, run_after=None
[2023-11-22T21:04:48.835+0000] {processor.py:179} INFO - Processing /home/airflow/.local/lib/python3.8/site-packages/airflow/example_dags/example_sensor_decorator.py took 0.088 seconds
[2023-11-22T21:05:19.031+0000] {processor.py:157} INFO - Started process (PID=1966) to work on /home/airflow/.local/lib/python3.8/site-packages/airflow/example_dags/example_sensor_decorator.py
[2023-11-22T21:05:19.033+0000] {processor.py:829} INFO - Processing file /home/airflow/.local/lib/python3.8/site-packages/airflow/example_dags/example_sensor_decorator.py for tasks to queue
[2023-11-22T21:05:19.037+0000] {logging_mixin.py:154} INFO - [2023-11-22T21:05:19.036+0000] {dagbag.py:536} INFO - Filling up the DagBag from /home/airflow/.local/lib/python3.8/site-packages/airflow/example_dags/example_sensor_decorator.py
[2023-11-22T21:05:19.042+0000] {processor.py:839} INFO - DAG(s) dict_keys(['example_sensor_decorator']) retrieved from /home/airflow/.local/lib/python3.8/site-packages/airflow/example_dags/example_sensor_decorator.py
[2023-11-22T21:05:19.061+0000] {logging_mixin.py:154} INFO - [2023-11-22T21:05:19.061+0000] {dag.py:2941} INFO - Sync 1 DAGs
[2023-11-22T21:05:19.074+0000] {logging_mixin.py:154} INFO - [2023-11-22T21:05:19.074+0000] {dag.py:3722} INFO - Setting next_dagrun for example_sensor_decorator to None, run_after=None
[2023-11-22T21:05:19.095+0000] {processor.py:179} INFO - Processing /home/airflow/.local/lib/python3.8/site-packages/airflow/example_dags/example_sensor_decorator.py took 0.067 seconds
[2023-11-22T21:05:49.646+0000] {processor.py:157} INFO - Started process (PID=2020) to work on /home/airflow/.local/lib/python3.8/site-packages/airflow/example_dags/example_sensor_decorator.py
[2023-11-22T21:05:49.647+0000] {processor.py:829} INFO - Processing file /home/airflow/.local/lib/python3.8/site-packages/airflow/example_dags/example_sensor_decorator.py for tasks to queue
[2023-11-22T21:05:49.650+0000] {logging_mixin.py:154} INFO - [2023-11-22T21:05:49.650+0000] {dagbag.py:536} INFO - Filling up the DagBag from /home/airflow/.local/lib/python3.8/site-packages/airflow/example_dags/example_sensor_decorator.py
[2023-11-22T21:05:49.656+0000] {processor.py:839} INFO - DAG(s) dict_keys(['example_sensor_decorator']) retrieved from /home/airflow/.local/lib/python3.8/site-packages/airflow/example_dags/example_sensor_decorator.py
[2023-11-22T21:05:49.683+0000] {logging_mixin.py:154} INFO - [2023-11-22T21:05:49.683+0000] {dag.py:2941} INFO - Sync 1 DAGs
[2023-11-22T21:05:49.696+0000] {logging_mixin.py:154} INFO - [2023-11-22T21:05:49.696+0000] {dag.py:3722} INFO - Setting next_dagrun for example_sensor_decorator to None, run_after=None
[2023-11-22T21:05:49.718+0000] {processor.py:179} INFO - Processing /home/airflow/.local/lib/python3.8/site-packages/airflow/example_dags/example_sensor_decorator.py took 0.075 seconds
[2023-11-22T21:06:20.268+0000] {processor.py:157} INFO - Started process (PID=2074) to work on /home/airflow/.local/lib/python3.8/site-packages/airflow/example_dags/example_sensor_decorator.py
[2023-11-22T21:06:20.269+0000] {processor.py:829} INFO - Processing file /home/airflow/.local/lib/python3.8/site-packages/airflow/example_dags/example_sensor_decorator.py for tasks to queue
[2023-11-22T21:06:20.273+0000] {logging_mixin.py:154} INFO - [2023-11-22T21:06:20.272+0000] {dagbag.py:536} INFO - Filling up the DagBag from /home/airflow/.local/lib/python3.8/site-packages/airflow/example_dags/example_sensor_decorator.py
[2023-11-22T21:06:20.279+0000] {processor.py:839} INFO - DAG(s) dict_keys(['example_sensor_decorator']) retrieved from /home/airflow/.local/lib/python3.8/site-packages/airflow/example_dags/example_sensor_decorator.py
[2023-11-22T21:06:20.300+0000] {logging_mixin.py:154} INFO - [2023-11-22T21:06:20.300+0000] {dag.py:2941} INFO - Sync 1 DAGs
[2023-11-22T21:06:20.314+0000] {logging_mixin.py:154} INFO - [2023-11-22T21:06:20.314+0000] {dag.py:3722} INFO - Setting next_dagrun for example_sensor_decorator to None, run_after=None
[2023-11-22T21:06:20.341+0000] {processor.py:179} INFO - Processing /home/airflow/.local/lib/python3.8/site-packages/airflow/example_dags/example_sensor_decorator.py took 0.076 seconds
[2023-11-22T21:06:50.448+0000] {processor.py:157} INFO - Started process (PID=2129) to work on /home/airflow/.local/lib/python3.8/site-packages/airflow/example_dags/example_sensor_decorator.py
[2023-11-22T21:06:50.450+0000] {processor.py:829} INFO - Processing file /home/airflow/.local/lib/python3.8/site-packages/airflow/example_dags/example_sensor_decorator.py for tasks to queue
[2023-11-22T21:06:50.453+0000] {logging_mixin.py:154} INFO - [2023-11-22T21:06:50.453+0000] {dagbag.py:536} INFO - Filling up the DagBag from /home/airflow/.local/lib/python3.8/site-packages/airflow/example_dags/example_sensor_decorator.py
[2023-11-22T21:06:50.462+0000] {processor.py:839} INFO - DAG(s) dict_keys(['example_sensor_decorator']) retrieved from /home/airflow/.local/lib/python3.8/site-packages/airflow/example_dags/example_sensor_decorator.py
[2023-11-22T21:06:50.490+0000] {logging_mixin.py:154} INFO - [2023-11-22T21:06:50.490+0000] {dag.py:2941} INFO - Sync 1 DAGs
[2023-11-22T21:06:50.508+0000] {logging_mixin.py:154} INFO - [2023-11-22T21:06:50.508+0000] {dag.py:3722} INFO - Setting next_dagrun for example_sensor_decorator to None, run_after=None
[2023-11-22T21:06:50.533+0000] {processor.py:179} INFO - Processing /home/airflow/.local/lib/python3.8/site-packages/airflow/example_dags/example_sensor_decorator.py took 0.089 seconds
[2023-11-22T21:07:20.649+0000] {processor.py:157} INFO - Started process (PID=2183) to work on /home/airflow/.local/lib/python3.8/site-packages/airflow/example_dags/example_sensor_decorator.py
[2023-11-22T21:07:20.651+0000] {processor.py:829} INFO - Processing file /home/airflow/.local/lib/python3.8/site-packages/airflow/example_dags/example_sensor_decorator.py for tasks to queue
[2023-11-22T21:07:20.655+0000] {logging_mixin.py:154} INFO - [2023-11-22T21:07:20.655+0000] {dagbag.py:536} INFO - Filling up the DagBag from /home/airflow/.local/lib/python3.8/site-packages/airflow/example_dags/example_sensor_decorator.py
[2023-11-22T21:07:20.662+0000] {processor.py:839} INFO - DAG(s) dict_keys(['example_sensor_decorator']) retrieved from /home/airflow/.local/lib/python3.8/site-packages/airflow/example_dags/example_sensor_decorator.py
[2023-11-22T21:07:20.684+0000] {logging_mixin.py:154} INFO - [2023-11-22T21:07:20.683+0000] {dag.py:2941} INFO - Sync 1 DAGs
[2023-11-22T21:07:20.700+0000] {logging_mixin.py:154} INFO - [2023-11-22T21:07:20.699+0000] {dag.py:3722} INFO - Setting next_dagrun for example_sensor_decorator to None, run_after=None
[2023-11-22T21:07:20.723+0000] {processor.py:179} INFO - Processing /home/airflow/.local/lib/python3.8/site-packages/airflow/example_dags/example_sensor_decorator.py took 0.078 seconds
[2023-11-22T21:07:50.903+0000] {processor.py:157} INFO - Started process (PID=2237) to work on /home/airflow/.local/lib/python3.8/site-packages/airflow/example_dags/example_sensor_decorator.py
[2023-11-22T21:07:50.904+0000] {processor.py:829} INFO - Processing file /home/airflow/.local/lib/python3.8/site-packages/airflow/example_dags/example_sensor_decorator.py for tasks to queue
[2023-11-22T21:07:50.908+0000] {logging_mixin.py:154} INFO - [2023-11-22T21:07:50.908+0000] {dagbag.py:536} INFO - Filling up the DagBag from /home/airflow/.local/lib/python3.8/site-packages/airflow/example_dags/example_sensor_decorator.py
[2023-11-22T21:07:50.915+0000] {processor.py:839} INFO - DAG(s) dict_keys(['example_sensor_decorator']) retrieved from /home/airflow/.local/lib/python3.8/site-packages/airflow/example_dags/example_sensor_decorator.py
[2023-11-22T21:07:50.935+0000] {logging_mixin.py:154} INFO - [2023-11-22T21:07:50.935+0000] {dag.py:2941} INFO - Sync 1 DAGs
[2023-11-22T21:07:50.950+0000] {logging_mixin.py:154} INFO - [2023-11-22T21:07:50.950+0000] {dag.py:3722} INFO - Setting next_dagrun for example_sensor_decorator to None, run_after=None
[2023-11-22T21:07:50.969+0000] {processor.py:179} INFO - Processing /home/airflow/.local/lib/python3.8/site-packages/airflow/example_dags/example_sensor_decorator.py took 0.069 seconds
[2023-11-22T21:08:21.125+0000] {processor.py:157} INFO - Started process (PID=2291) to work on /home/airflow/.local/lib/python3.8/site-packages/airflow/example_dags/example_sensor_decorator.py
[2023-11-22T21:08:21.126+0000] {processor.py:829} INFO - Processing file /home/airflow/.local/lib/python3.8/site-packages/airflow/example_dags/example_sensor_decorator.py for tasks to queue
[2023-11-22T21:08:21.129+0000] {logging_mixin.py:154} INFO - [2023-11-22T21:08:21.129+0000] {dagbag.py:536} INFO - Filling up the DagBag from /home/airflow/.local/lib/python3.8/site-packages/airflow/example_dags/example_sensor_decorator.py
[2023-11-22T21:08:21.136+0000] {processor.py:839} INFO - DAG(s) dict_keys(['example_sensor_decorator']) retrieved from /home/airflow/.local/lib/python3.8/site-packages/airflow/example_dags/example_sensor_decorator.py
[2023-11-22T21:08:21.156+0000] {logging_mixin.py:154} INFO - [2023-11-22T21:08:21.156+0000] {dag.py:2941} INFO - Sync 1 DAGs
[2023-11-22T21:08:21.171+0000] {logging_mixin.py:154} INFO - [2023-11-22T21:08:21.171+0000] {dag.py:3722} INFO - Setting next_dagrun for example_sensor_decorator to None, run_after=None
[2023-11-22T21:08:21.197+0000] {processor.py:179} INFO - Processing /home/airflow/.local/lib/python3.8/site-packages/airflow/example_dags/example_sensor_decorator.py took 0.076 seconds
[2023-11-22T21:08:51.806+0000] {processor.py:157} INFO - Started process (PID=2345) to work on /home/airflow/.local/lib/python3.8/site-packages/airflow/example_dags/example_sensor_decorator.py
[2023-11-22T21:08:51.808+0000] {processor.py:829} INFO - Processing file /home/airflow/.local/lib/python3.8/site-packages/airflow/example_dags/example_sensor_decorator.py for tasks to queue
[2023-11-22T21:08:51.811+0000] {logging_mixin.py:154} INFO - [2023-11-22T21:08:51.811+0000] {dagbag.py:536} INFO - Filling up the DagBag from /home/airflow/.local/lib/python3.8/site-packages/airflow/example_dags/example_sensor_decorator.py
[2023-11-22T21:08:51.817+0000] {processor.py:839} INFO - DAG(s) dict_keys(['example_sensor_decorator']) retrieved from /home/airflow/.local/lib/python3.8/site-packages/airflow/example_dags/example_sensor_decorator.py
[2023-11-22T21:08:51.840+0000] {logging_mixin.py:154} INFO - [2023-11-22T21:08:51.840+0000] {dag.py:2941} INFO - Sync 1 DAGs
[2023-11-22T21:08:51.855+0000] {logging_mixin.py:154} INFO - [2023-11-22T21:08:51.855+0000] {dag.py:3722} INFO - Setting next_dagrun for example_sensor_decorator to None, run_after=None
[2023-11-22T21:08:51.881+0000] {processor.py:179} INFO - Processing /home/airflow/.local/lib/python3.8/site-packages/airflow/example_dags/example_sensor_decorator.py took 0.078 seconds
[2023-11-22T21:09:22.177+0000] {processor.py:157} INFO - Started process (PID=2399) to work on /home/airflow/.local/lib/python3.8/site-packages/airflow/example_dags/example_sensor_decorator.py
[2023-11-22T21:09:22.178+0000] {processor.py:829} INFO - Processing file /home/airflow/.local/lib/python3.8/site-packages/airflow/example_dags/example_sensor_decorator.py for tasks to queue
[2023-11-22T21:09:22.182+0000] {logging_mixin.py:154} INFO - [2023-11-22T21:09:22.182+0000] {dagbag.py:536} INFO - Filling up the DagBag from /home/airflow/.local/lib/python3.8/site-packages/airflow/example_dags/example_sensor_decorator.py
[2023-11-22T21:09:22.189+0000] {processor.py:839} INFO - DAG(s) dict_keys(['example_sensor_decorator']) retrieved from /home/airflow/.local/lib/python3.8/site-packages/airflow/example_dags/example_sensor_decorator.py
[2023-11-22T21:09:22.214+0000] {logging_mixin.py:154} INFO - [2023-11-22T21:09:22.213+0000] {dag.py:2941} INFO - Sync 1 DAGs
[2023-11-22T21:09:22.228+0000] {logging_mixin.py:154} INFO - [2023-11-22T21:09:22.228+0000] {dag.py:3722} INFO - Setting next_dagrun for example_sensor_decorator to None, run_after=None
[2023-11-22T21:09:22.254+0000] {processor.py:179} INFO - Processing /home/airflow/.local/lib/python3.8/site-packages/airflow/example_dags/example_sensor_decorator.py took 0.081 seconds
[2023-11-22T21:09:52.425+0000] {processor.py:157} INFO - Started process (PID=2453) to work on /home/airflow/.local/lib/python3.8/site-packages/airflow/example_dags/example_sensor_decorator.py
[2023-11-22T21:09:52.427+0000] {processor.py:829} INFO - Processing file /home/airflow/.local/lib/python3.8/site-packages/airflow/example_dags/example_sensor_decorator.py for tasks to queue
[2023-11-22T21:09:52.430+0000] {logging_mixin.py:154} INFO - [2023-11-22T21:09:52.430+0000] {dagbag.py:536} INFO - Filling up the DagBag from /home/airflow/.local/lib/python3.8/site-packages/airflow/example_dags/example_sensor_decorator.py
[2023-11-22T21:09:52.437+0000] {processor.py:839} INFO - DAG(s) dict_keys(['example_sensor_decorator']) retrieved from /home/airflow/.local/lib/python3.8/site-packages/airflow/example_dags/example_sensor_decorator.py
[2023-11-22T21:09:52.457+0000] {logging_mixin.py:154} INFO - [2023-11-22T21:09:52.457+0000] {dag.py:2941} INFO - Sync 1 DAGs
[2023-11-22T21:09:52.470+0000] {logging_mixin.py:154} INFO - [2023-11-22T21:09:52.470+0000] {dag.py:3722} INFO - Setting next_dagrun for example_sensor_decorator to None, run_after=None
[2023-11-22T21:09:52.492+0000] {processor.py:179} INFO - Processing /home/airflow/.local/lib/python3.8/site-packages/airflow/example_dags/example_sensor_decorator.py took 0.070 seconds
[2023-11-22T21:10:22.929+0000] {processor.py:157} INFO - Started process (PID=2507) to work on /home/airflow/.local/lib/python3.8/site-packages/airflow/example_dags/example_sensor_decorator.py
[2023-11-22T21:10:22.930+0000] {processor.py:829} INFO - Processing file /home/airflow/.local/lib/python3.8/site-packages/airflow/example_dags/example_sensor_decorator.py for tasks to queue
[2023-11-22T21:10:22.933+0000] {logging_mixin.py:154} INFO - [2023-11-22T21:10:22.932+0000] {dagbag.py:536} INFO - Filling up the DagBag from /home/airflow/.local/lib/python3.8/site-packages/airflow/example_dags/example_sensor_decorator.py
[2023-11-22T21:10:22.939+0000] {processor.py:839} INFO - DAG(s) dict_keys(['example_sensor_decorator']) retrieved from /home/airflow/.local/lib/python3.8/site-packages/airflow/example_dags/example_sensor_decorator.py
[2023-11-22T21:10:22.960+0000] {logging_mixin.py:154} INFO - [2023-11-22T21:10:22.960+0000] {dag.py:2941} INFO - Sync 1 DAGs
[2023-11-22T21:10:22.977+0000] {logging_mixin.py:154} INFO - [2023-11-22T21:10:22.976+0000] {dag.py:3722} INFO - Setting next_dagrun for example_sensor_decorator to None, run_after=None
[2023-11-22T21:10:23.002+0000] {processor.py:179} INFO - Processing /home/airflow/.local/lib/python3.8/site-packages/airflow/example_dags/example_sensor_decorator.py took 0.077 seconds
[2023-11-22T21:10:53.364+0000] {processor.py:157} INFO - Started process (PID=2561) to work on /home/airflow/.local/lib/python3.8/site-packages/airflow/example_dags/example_sensor_decorator.py
[2023-11-22T21:10:53.365+0000] {processor.py:829} INFO - Processing file /home/airflow/.local/lib/python3.8/site-packages/airflow/example_dags/example_sensor_decorator.py for tasks to queue
[2023-11-22T21:10:53.368+0000] {logging_mixin.py:154} INFO - [2023-11-22T21:10:53.368+0000] {dagbag.py:536} INFO - Filling up the DagBag from /home/airflow/.local/lib/python3.8/site-packages/airflow/example_dags/example_sensor_decorator.py
[2023-11-22T21:10:53.375+0000] {processor.py:839} INFO - DAG(s) dict_keys(['example_sensor_decorator']) retrieved from /home/airflow/.local/lib/python3.8/site-packages/airflow/example_dags/example_sensor_decorator.py
[2023-11-22T21:10:53.395+0000] {logging_mixin.py:154} INFO - [2023-11-22T21:10:53.395+0000] {dag.py:2941} INFO - Sync 1 DAGs
[2023-11-22T21:10:53.409+0000] {logging_mixin.py:154} INFO - [2023-11-22T21:10:53.409+0000] {dag.py:3722} INFO - Setting next_dagrun for example_sensor_decorator to None, run_after=None
[2023-11-22T21:10:53.437+0000] {processor.py:179} INFO - Processing /home/airflow/.local/lib/python3.8/site-packages/airflow/example_dags/example_sensor_decorator.py took 0.076 seconds
[2023-11-22T21:11:24.322+0000] {processor.py:157} INFO - Started process (PID=2622) to work on /home/airflow/.local/lib/python3.8/site-packages/airflow/example_dags/example_sensor_decorator.py
[2023-11-22T21:11:24.324+0000] {processor.py:829} INFO - Processing file /home/airflow/.local/lib/python3.8/site-packages/airflow/example_dags/example_sensor_decorator.py for tasks to queue
[2023-11-22T21:11:24.329+0000] {logging_mixin.py:154} INFO - [2023-11-22T21:11:24.328+0000] {dagbag.py:536} INFO - Filling up the DagBag from /home/airflow/.local/lib/python3.8/site-packages/airflow/example_dags/example_sensor_decorator.py
[2023-11-22T21:11:24.337+0000] {processor.py:839} INFO - DAG(s) dict_keys(['example_sensor_decorator']) retrieved from /home/airflow/.local/lib/python3.8/site-packages/airflow/example_dags/example_sensor_decorator.py
[2023-11-22T21:11:24.369+0000] {logging_mixin.py:154} INFO - [2023-11-22T21:11:24.369+0000] {dag.py:2941} INFO - Sync 1 DAGs
[2023-11-22T21:11:24.386+0000] {logging_mixin.py:154} INFO - [2023-11-22T21:11:24.386+0000] {dag.py:3722} INFO - Setting next_dagrun for example_sensor_decorator to None, run_after=None
[2023-11-22T21:11:24.412+0000] {processor.py:179} INFO - Processing /home/airflow/.local/lib/python3.8/site-packages/airflow/example_dags/example_sensor_decorator.py took 0.095 seconds
