[2023-11-22T20:47:13.074+0000] {processor.py:157} INFO - Started process (PID=85) to work on /home/airflow/.local/lib/python3.8/site-packages/airflow/example_dags/example_local_kubernetes_executor.py
[2023-11-22T20:47:13.076+0000] {processor.py:829} INFO - Processing file /home/airflow/.local/lib/python3.8/site-packages/airflow/example_dags/example_local_kubernetes_executor.py for tasks to queue
[2023-11-22T20:47:13.081+0000] {logging_mixin.py:154} INFO - [2023-11-22T20:47:13.081+0000] {dagbag.py:536} INFO - Filling up the DagBag from /home/airflow/.local/lib/python3.8/site-packages/airflow/example_dags/example_local_kubernetes_executor.py
[2023-11-22T20:47:13.215+0000] {processor.py:839} INFO - DAG(s) dict_keys(['example_local_kubernetes_executor']) retrieved from /home/airflow/.local/lib/python3.8/site-packages/airflow/example_dags/example_local_kubernetes_executor.py
[2023-11-22T20:47:13.748+0000] {logging_mixin.py:154} INFO - [2023-11-22T20:47:13.747+0000] {dag.py:2941} INFO - Sync 1 DAGs
[2023-11-22T20:47:13.807+0000] {logging_mixin.py:154} INFO - [2023-11-22T20:47:13.806+0000] {dag.py:3722} INFO - Setting next_dagrun for example_local_kubernetes_executor to None, run_after=None
[2023-11-22T20:47:14.173+0000] {processor.py:179} INFO - Processing /home/airflow/.local/lib/python3.8/site-packages/airflow/example_dags/example_local_kubernetes_executor.py took 1.104 seconds
[2023-11-22T20:47:45.570+0000] {processor.py:157} INFO - Started process (PID=139) to work on /home/airflow/.local/lib/python3.8/site-packages/airflow/example_dags/example_local_kubernetes_executor.py
[2023-11-22T20:47:45.572+0000] {processor.py:829} INFO - Processing file /home/airflow/.local/lib/python3.8/site-packages/airflow/example_dags/example_local_kubernetes_executor.py for tasks to queue
[2023-11-22T20:47:45.576+0000] {logging_mixin.py:154} INFO - [2023-11-22T20:47:45.576+0000] {dagbag.py:536} INFO - Filling up the DagBag from /home/airflow/.local/lib/python3.8/site-packages/airflow/example_dags/example_local_kubernetes_executor.py
[2023-11-22T20:47:45.587+0000] {processor.py:839} INFO - DAG(s) dict_keys(['example_local_kubernetes_executor']) retrieved from /home/airflow/.local/lib/python3.8/site-packages/airflow/example_dags/example_local_kubernetes_executor.py
[2023-11-22T20:47:45.661+0000] {logging_mixin.py:154} INFO - [2023-11-22T20:47:45.661+0000] {dag.py:2941} INFO - Sync 1 DAGs
[2023-11-22T20:47:45.684+0000] {logging_mixin.py:154} INFO - [2023-11-22T20:47:45.684+0000] {dag.py:3722} INFO - Setting next_dagrun for example_local_kubernetes_executor to None, run_after=None
[2023-11-22T20:47:45.732+0000] {processor.py:179} INFO - Processing /home/airflow/.local/lib/python3.8/site-packages/airflow/example_dags/example_local_kubernetes_executor.py took 0.168 seconds
[2023-11-22T20:48:15.878+0000] {processor.py:157} INFO - Started process (PID=193) to work on /home/airflow/.local/lib/python3.8/site-packages/airflow/example_dags/example_local_kubernetes_executor.py
[2023-11-22T20:48:15.881+0000] {processor.py:829} INFO - Processing file /home/airflow/.local/lib/python3.8/site-packages/airflow/example_dags/example_local_kubernetes_executor.py for tasks to queue
[2023-11-22T20:48:15.884+0000] {logging_mixin.py:154} INFO - [2023-11-22T20:48:15.884+0000] {dagbag.py:536} INFO - Filling up the DagBag from /home/airflow/.local/lib/python3.8/site-packages/airflow/example_dags/example_local_kubernetes_executor.py
[2023-11-22T20:48:15.893+0000] {processor.py:839} INFO - DAG(s) dict_keys(['example_local_kubernetes_executor']) retrieved from /home/airflow/.local/lib/python3.8/site-packages/airflow/example_dags/example_local_kubernetes_executor.py
[2023-11-22T20:48:15.934+0000] {logging_mixin.py:154} INFO - [2023-11-22T20:48:15.934+0000] {dag.py:2941} INFO - Sync 1 DAGs
[2023-11-22T20:48:15.952+0000] {logging_mixin.py:154} INFO - [2023-11-22T20:48:15.952+0000] {dag.py:3722} INFO - Setting next_dagrun for example_local_kubernetes_executor to None, run_after=None
[2023-11-22T20:48:15.975+0000] {processor.py:179} INFO - Processing /home/airflow/.local/lib/python3.8/site-packages/airflow/example_dags/example_local_kubernetes_executor.py took 0.100 seconds
[2023-11-22T20:48:46.792+0000] {processor.py:157} INFO - Started process (PID=247) to work on /home/airflow/.local/lib/python3.8/site-packages/airflow/example_dags/example_local_kubernetes_executor.py
[2023-11-22T20:48:47.074+0000] {processor.py:829} INFO - Processing file /home/airflow/.local/lib/python3.8/site-packages/airflow/example_dags/example_local_kubernetes_executor.py for tasks to queue
[2023-11-22T20:48:47.084+0000] {logging_mixin.py:154} INFO - [2023-11-22T20:48:47.083+0000] {dagbag.py:536} INFO - Filling up the DagBag from /home/airflow/.local/lib/python3.8/site-packages/airflow/example_dags/example_local_kubernetes_executor.py
[2023-11-22T20:48:47.105+0000] {processor.py:839} INFO - DAG(s) dict_keys(['example_local_kubernetes_executor']) retrieved from /home/airflow/.local/lib/python3.8/site-packages/airflow/example_dags/example_local_kubernetes_executor.py
[2023-11-22T20:48:47.147+0000] {logging_mixin.py:154} INFO - [2023-11-22T20:48:47.147+0000] {dag.py:2941} INFO - Sync 1 DAGs
[2023-11-22T20:48:47.162+0000] {logging_mixin.py:154} INFO - [2023-11-22T20:48:47.162+0000] {dag.py:3722} INFO - Setting next_dagrun for example_local_kubernetes_executor to None, run_after=None
[2023-11-22T20:48:47.398+0000] {processor.py:179} INFO - Processing /home/airflow/.local/lib/python3.8/site-packages/airflow/example_dags/example_local_kubernetes_executor.py took 0.617 seconds
[2023-11-22T20:49:18.511+0000] {processor.py:157} INFO - Started process (PID=301) to work on /home/airflow/.local/lib/python3.8/site-packages/airflow/example_dags/example_local_kubernetes_executor.py
[2023-11-22T20:49:18.513+0000] {processor.py:829} INFO - Processing file /home/airflow/.local/lib/python3.8/site-packages/airflow/example_dags/example_local_kubernetes_executor.py for tasks to queue
[2023-11-22T20:49:18.516+0000] {logging_mixin.py:154} INFO - [2023-11-22T20:49:18.516+0000] {dagbag.py:536} INFO - Filling up the DagBag from /home/airflow/.local/lib/python3.8/site-packages/airflow/example_dags/example_local_kubernetes_executor.py
[2023-11-22T20:49:18.526+0000] {processor.py:839} INFO - DAG(s) dict_keys(['example_local_kubernetes_executor']) retrieved from /home/airflow/.local/lib/python3.8/site-packages/airflow/example_dags/example_local_kubernetes_executor.py
[2023-11-22T20:49:18.569+0000] {logging_mixin.py:154} INFO - [2023-11-22T20:49:18.569+0000] {dag.py:2941} INFO - Sync 1 DAGs
[2023-11-22T20:49:18.588+0000] {logging_mixin.py:154} INFO - [2023-11-22T20:49:18.587+0000] {dag.py:3722} INFO - Setting next_dagrun for example_local_kubernetes_executor to None, run_after=None
[2023-11-22T20:49:18.620+0000] {processor.py:179} INFO - Processing /home/airflow/.local/lib/python3.8/site-packages/airflow/example_dags/example_local_kubernetes_executor.py took 0.112 seconds
[2023-11-22T20:49:48.809+0000] {processor.py:157} INFO - Started process (PID=355) to work on /home/airflow/.local/lib/python3.8/site-packages/airflow/example_dags/example_local_kubernetes_executor.py
[2023-11-22T20:49:48.810+0000] {processor.py:829} INFO - Processing file /home/airflow/.local/lib/python3.8/site-packages/airflow/example_dags/example_local_kubernetes_executor.py for tasks to queue
[2023-11-22T20:49:48.813+0000] {logging_mixin.py:154} INFO - [2023-11-22T20:49:48.813+0000] {dagbag.py:536} INFO - Filling up the DagBag from /home/airflow/.local/lib/python3.8/site-packages/airflow/example_dags/example_local_kubernetes_executor.py
[2023-11-22T20:49:48.821+0000] {processor.py:839} INFO - DAG(s) dict_keys(['example_local_kubernetes_executor']) retrieved from /home/airflow/.local/lib/python3.8/site-packages/airflow/example_dags/example_local_kubernetes_executor.py
[2023-11-22T20:49:48.855+0000] {logging_mixin.py:154} INFO - [2023-11-22T20:49:48.854+0000] {dag.py:2941} INFO - Sync 1 DAGs
[2023-11-22T20:49:48.870+0000] {logging_mixin.py:154} INFO - [2023-11-22T20:49:48.870+0000] {dag.py:3722} INFO - Setting next_dagrun for example_local_kubernetes_executor to None, run_after=None
[2023-11-22T20:49:48.898+0000] {processor.py:179} INFO - Processing /home/airflow/.local/lib/python3.8/site-packages/airflow/example_dags/example_local_kubernetes_executor.py took 0.092 seconds
[2023-11-22T20:50:19.812+0000] {processor.py:157} INFO - Started process (PID=409) to work on /home/airflow/.local/lib/python3.8/site-packages/airflow/example_dags/example_local_kubernetes_executor.py
[2023-11-22T20:50:19.814+0000] {processor.py:829} INFO - Processing file /home/airflow/.local/lib/python3.8/site-packages/airflow/example_dags/example_local_kubernetes_executor.py for tasks to queue
[2023-11-22T20:50:19.818+0000] {logging_mixin.py:154} INFO - [2023-11-22T20:50:19.817+0000] {dagbag.py:536} INFO - Filling up the DagBag from /home/airflow/.local/lib/python3.8/site-packages/airflow/example_dags/example_local_kubernetes_executor.py
[2023-11-22T20:50:19.831+0000] {processor.py:839} INFO - DAG(s) dict_keys(['example_local_kubernetes_executor']) retrieved from /home/airflow/.local/lib/python3.8/site-packages/airflow/example_dags/example_local_kubernetes_executor.py
[2023-11-22T20:50:19.901+0000] {logging_mixin.py:154} INFO - [2023-11-22T20:50:19.901+0000] {dag.py:2941} INFO - Sync 1 DAGs
[2023-11-22T20:50:19.918+0000] {logging_mixin.py:154} INFO - [2023-11-22T20:50:19.918+0000] {dag.py:3722} INFO - Setting next_dagrun for example_local_kubernetes_executor to None, run_after=None
[2023-11-22T20:50:19.952+0000] {processor.py:179} INFO - Processing /home/airflow/.local/lib/python3.8/site-packages/airflow/example_dags/example_local_kubernetes_executor.py took 0.148 seconds
[2023-11-22T20:50:50.120+0000] {processor.py:157} INFO - Started process (PID=463) to work on /home/airflow/.local/lib/python3.8/site-packages/airflow/example_dags/example_local_kubernetes_executor.py
[2023-11-22T20:50:50.353+0000] {processor.py:829} INFO - Processing file /home/airflow/.local/lib/python3.8/site-packages/airflow/example_dags/example_local_kubernetes_executor.py for tasks to queue
[2023-11-22T20:50:50.356+0000] {logging_mixin.py:154} INFO - [2023-11-22T20:50:50.355+0000] {dagbag.py:536} INFO - Filling up the DagBag from /home/airflow/.local/lib/python3.8/site-packages/airflow/example_dags/example_local_kubernetes_executor.py
[2023-11-22T20:50:50.363+0000] {processor.py:839} INFO - DAG(s) dict_keys(['example_local_kubernetes_executor']) retrieved from /home/airflow/.local/lib/python3.8/site-packages/airflow/example_dags/example_local_kubernetes_executor.py
[2023-11-22T20:50:50.399+0000] {logging_mixin.py:154} INFO - [2023-11-22T20:50:50.399+0000] {dag.py:2941} INFO - Sync 1 DAGs
[2023-11-22T20:50:50.413+0000] {logging_mixin.py:154} INFO - [2023-11-22T20:50:50.413+0000] {dag.py:3722} INFO - Setting next_dagrun for example_local_kubernetes_executor to None, run_after=None
[2023-11-22T20:50:50.580+0000] {processor.py:179} INFO - Processing /home/airflow/.local/lib/python3.8/site-packages/airflow/example_dags/example_local_kubernetes_executor.py took 0.462 seconds
[2023-11-22T20:51:21.304+0000] {processor.py:157} INFO - Started process (PID=517) to work on /home/airflow/.local/lib/python3.8/site-packages/airflow/example_dags/example_local_kubernetes_executor.py
[2023-11-22T20:51:21.306+0000] {processor.py:829} INFO - Processing file /home/airflow/.local/lib/python3.8/site-packages/airflow/example_dags/example_local_kubernetes_executor.py for tasks to queue
[2023-11-22T20:51:21.309+0000] {logging_mixin.py:154} INFO - [2023-11-22T20:51:21.308+0000] {dagbag.py:536} INFO - Filling up the DagBag from /home/airflow/.local/lib/python3.8/site-packages/airflow/example_dags/example_local_kubernetes_executor.py
[2023-11-22T20:51:21.317+0000] {processor.py:839} INFO - DAG(s) dict_keys(['example_local_kubernetes_executor']) retrieved from /home/airflow/.local/lib/python3.8/site-packages/airflow/example_dags/example_local_kubernetes_executor.py
[2023-11-22T20:51:21.353+0000] {logging_mixin.py:154} INFO - [2023-11-22T20:51:21.353+0000] {dag.py:2941} INFO - Sync 1 DAGs
[2023-11-22T20:51:21.366+0000] {logging_mixin.py:154} INFO - [2023-11-22T20:51:21.366+0000] {dag.py:3722} INFO - Setting next_dagrun for example_local_kubernetes_executor to None, run_after=None
[2023-11-22T20:51:21.386+0000] {processor.py:179} INFO - Processing /home/airflow/.local/lib/python3.8/site-packages/airflow/example_dags/example_local_kubernetes_executor.py took 0.085 seconds
[2023-11-22T20:51:51.561+0000] {processor.py:157} INFO - Started process (PID=571) to work on /home/airflow/.local/lib/python3.8/site-packages/airflow/example_dags/example_local_kubernetes_executor.py
[2023-11-22T20:51:51.563+0000] {processor.py:829} INFO - Processing file /home/airflow/.local/lib/python3.8/site-packages/airflow/example_dags/example_local_kubernetes_executor.py for tasks to queue
[2023-11-22T20:51:51.566+0000] {logging_mixin.py:154} INFO - [2023-11-22T20:51:51.566+0000] {dagbag.py:536} INFO - Filling up the DagBag from /home/airflow/.local/lib/python3.8/site-packages/airflow/example_dags/example_local_kubernetes_executor.py
[2023-11-22T20:51:51.574+0000] {processor.py:839} INFO - DAG(s) dict_keys(['example_local_kubernetes_executor']) retrieved from /home/airflow/.local/lib/python3.8/site-packages/airflow/example_dags/example_local_kubernetes_executor.py
[2023-11-22T20:51:51.618+0000] {logging_mixin.py:154} INFO - [2023-11-22T20:51:51.617+0000] {dag.py:2941} INFO - Sync 1 DAGs
[2023-11-22T20:51:51.634+0000] {logging_mixin.py:154} INFO - [2023-11-22T20:51:51.633+0000] {dag.py:3722} INFO - Setting next_dagrun for example_local_kubernetes_executor to None, run_after=None
[2023-11-22T20:51:51.661+0000] {processor.py:179} INFO - Processing /home/airflow/.local/lib/python3.8/site-packages/airflow/example_dags/example_local_kubernetes_executor.py took 0.103 seconds
[2023-11-22T20:52:31.450+0000] {processor.py:157} INFO - Started process (PID=626) to work on /home/airflow/.local/lib/python3.8/site-packages/airflow/example_dags/example_local_kubernetes_executor.py
[2023-11-22T20:52:31.453+0000] {processor.py:829} INFO - Processing file /home/airflow/.local/lib/python3.8/site-packages/airflow/example_dags/example_local_kubernetes_executor.py for tasks to queue
[2023-11-22T20:52:31.456+0000] {logging_mixin.py:154} INFO - [2023-11-22T20:52:31.456+0000] {dagbag.py:536} INFO - Filling up the DagBag from /home/airflow/.local/lib/python3.8/site-packages/airflow/example_dags/example_local_kubernetes_executor.py
[2023-11-22T20:52:31.467+0000] {processor.py:839} INFO - DAG(s) dict_keys(['example_local_kubernetes_executor']) retrieved from /home/airflow/.local/lib/python3.8/site-packages/airflow/example_dags/example_local_kubernetes_executor.py
[2023-11-22T20:52:31.524+0000] {logging_mixin.py:154} INFO - [2023-11-22T20:52:31.523+0000] {dag.py:2941} INFO - Sync 1 DAGs
[2023-11-22T20:52:31.571+0000] {logging_mixin.py:154} INFO - [2023-11-22T20:52:31.571+0000] {dag.py:3722} INFO - Setting next_dagrun for example_local_kubernetes_executor to None, run_after=None
[2023-11-22T20:52:31.599+0000] {processor.py:179} INFO - Processing /home/airflow/.local/lib/python3.8/site-packages/airflow/example_dags/example_local_kubernetes_executor.py took 0.155 seconds
[2023-11-22T20:53:02.144+0000] {processor.py:157} INFO - Started process (PID=678) to work on /home/airflow/.local/lib/python3.8/site-packages/airflow/example_dags/example_local_kubernetes_executor.py
[2023-11-22T20:53:02.146+0000] {processor.py:829} INFO - Processing file /home/airflow/.local/lib/python3.8/site-packages/airflow/example_dags/example_local_kubernetes_executor.py for tasks to queue
[2023-11-22T20:53:02.149+0000] {logging_mixin.py:154} INFO - [2023-11-22T20:53:02.148+0000] {dagbag.py:536} INFO - Filling up the DagBag from /home/airflow/.local/lib/python3.8/site-packages/airflow/example_dags/example_local_kubernetes_executor.py
[2023-11-22T20:53:02.160+0000] {processor.py:839} INFO - DAG(s) dict_keys(['example_local_kubernetes_executor']) retrieved from /home/airflow/.local/lib/python3.8/site-packages/airflow/example_dags/example_local_kubernetes_executor.py
[2023-11-22T20:53:02.213+0000] {logging_mixin.py:154} INFO - [2023-11-22T20:53:02.213+0000] {dag.py:2941} INFO - Sync 1 DAGs
[2023-11-22T20:53:02.236+0000] {logging_mixin.py:154} INFO - [2023-11-22T20:53:02.236+0000] {dag.py:3722} INFO - Setting next_dagrun for example_local_kubernetes_executor to None, run_after=None
[2023-11-22T20:53:02.268+0000] {processor.py:179} INFO - Processing /home/airflow/.local/lib/python3.8/site-packages/airflow/example_dags/example_local_kubernetes_executor.py took 0.127 seconds
[2023-11-22T20:53:32.867+0000] {processor.py:157} INFO - Started process (PID=733) to work on /home/airflow/.local/lib/python3.8/site-packages/airflow/example_dags/example_local_kubernetes_executor.py
[2023-11-22T20:53:32.869+0000] {processor.py:829} INFO - Processing file /home/airflow/.local/lib/python3.8/site-packages/airflow/example_dags/example_local_kubernetes_executor.py for tasks to queue
[2023-11-22T20:53:32.873+0000] {logging_mixin.py:154} INFO - [2023-11-22T20:53:32.872+0000] {dagbag.py:536} INFO - Filling up the DagBag from /home/airflow/.local/lib/python3.8/site-packages/airflow/example_dags/example_local_kubernetes_executor.py
[2023-11-22T20:53:32.881+0000] {processor.py:839} INFO - DAG(s) dict_keys(['example_local_kubernetes_executor']) retrieved from /home/airflow/.local/lib/python3.8/site-packages/airflow/example_dags/example_local_kubernetes_executor.py
[2023-11-22T20:53:32.921+0000] {logging_mixin.py:154} INFO - [2023-11-22T20:53:32.921+0000] {dag.py:2941} INFO - Sync 1 DAGs
[2023-11-22T20:53:32.936+0000] {logging_mixin.py:154} INFO - [2023-11-22T20:53:32.935+0000] {dag.py:3722} INFO - Setting next_dagrun for example_local_kubernetes_executor to None, run_after=None
[2023-11-22T20:53:32.960+0000] {processor.py:179} INFO - Processing /home/airflow/.local/lib/python3.8/site-packages/airflow/example_dags/example_local_kubernetes_executor.py took 0.096 seconds
[2023-11-22T20:54:07.401+0000] {processor.py:157} INFO - Started process (PID=788) to work on /home/airflow/.local/lib/python3.8/site-packages/airflow/example_dags/example_local_kubernetes_executor.py
[2023-11-22T20:54:07.403+0000] {processor.py:829} INFO - Processing file /home/airflow/.local/lib/python3.8/site-packages/airflow/example_dags/example_local_kubernetes_executor.py for tasks to queue
[2023-11-22T20:54:07.406+0000] {logging_mixin.py:154} INFO - [2023-11-22T20:54:07.406+0000] {dagbag.py:536} INFO - Filling up the DagBag from /home/airflow/.local/lib/python3.8/site-packages/airflow/example_dags/example_local_kubernetes_executor.py
[2023-11-22T20:54:07.417+0000] {processor.py:839} INFO - DAG(s) dict_keys(['example_local_kubernetes_executor']) retrieved from /home/airflow/.local/lib/python3.8/site-packages/airflow/example_dags/example_local_kubernetes_executor.py
[2023-11-22T20:54:07.460+0000] {logging_mixin.py:154} INFO - [2023-11-22T20:54:07.460+0000] {dag.py:2941} INFO - Sync 1 DAGs
[2023-11-22T20:54:07.476+0000] {logging_mixin.py:154} INFO - [2023-11-22T20:54:07.476+0000] {dag.py:3722} INFO - Setting next_dagrun for example_local_kubernetes_executor to None, run_after=None
[2023-11-22T20:54:07.504+0000] {processor.py:179} INFO - Processing /home/airflow/.local/lib/python3.8/site-packages/airflow/example_dags/example_local_kubernetes_executor.py took 0.107 seconds
[2023-11-22T20:54:39.344+0000] {processor.py:157} INFO - Started process (PID=842) to work on /home/airflow/.local/lib/python3.8/site-packages/airflow/example_dags/example_local_kubernetes_executor.py
[2023-11-22T20:54:39.345+0000] {processor.py:829} INFO - Processing file /home/airflow/.local/lib/python3.8/site-packages/airflow/example_dags/example_local_kubernetes_executor.py for tasks to queue
[2023-11-22T20:54:39.349+0000] {logging_mixin.py:154} INFO - [2023-11-22T20:54:39.348+0000] {dagbag.py:536} INFO - Filling up the DagBag from /home/airflow/.local/lib/python3.8/site-packages/airflow/example_dags/example_local_kubernetes_executor.py
[2023-11-22T20:54:39.361+0000] {processor.py:839} INFO - DAG(s) dict_keys(['example_local_kubernetes_executor']) retrieved from /home/airflow/.local/lib/python3.8/site-packages/airflow/example_dags/example_local_kubernetes_executor.py
[2023-11-22T20:54:39.403+0000] {logging_mixin.py:154} INFO - [2023-11-22T20:54:39.403+0000] {dag.py:2941} INFO - Sync 1 DAGs
[2023-11-22T20:54:39.419+0000] {logging_mixin.py:154} INFO - [2023-11-22T20:54:39.419+0000] {dag.py:3722} INFO - Setting next_dagrun for example_local_kubernetes_executor to None, run_after=None
[2023-11-22T20:54:39.447+0000] {processor.py:179} INFO - Processing /home/airflow/.local/lib/python3.8/site-packages/airflow/example_dags/example_local_kubernetes_executor.py took 0.107 seconds
[2023-11-22T20:55:10.280+0000] {processor.py:157} INFO - Started process (PID=896) to work on /home/airflow/.local/lib/python3.8/site-packages/airflow/example_dags/example_local_kubernetes_executor.py
[2023-11-22T20:55:10.281+0000] {processor.py:829} INFO - Processing file /home/airflow/.local/lib/python3.8/site-packages/airflow/example_dags/example_local_kubernetes_executor.py for tasks to queue
[2023-11-22T20:55:10.284+0000] {logging_mixin.py:154} INFO - [2023-11-22T20:55:10.284+0000] {dagbag.py:536} INFO - Filling up the DagBag from /home/airflow/.local/lib/python3.8/site-packages/airflow/example_dags/example_local_kubernetes_executor.py
[2023-11-22T20:55:10.291+0000] {processor.py:839} INFO - DAG(s) dict_keys(['example_local_kubernetes_executor']) retrieved from /home/airflow/.local/lib/python3.8/site-packages/airflow/example_dags/example_local_kubernetes_executor.py
[2023-11-22T20:55:10.325+0000] {logging_mixin.py:154} INFO - [2023-11-22T20:55:10.325+0000] {dag.py:2941} INFO - Sync 1 DAGs
[2023-11-22T20:55:10.338+0000] {logging_mixin.py:154} INFO - [2023-11-22T20:55:10.338+0000] {dag.py:3722} INFO - Setting next_dagrun for example_local_kubernetes_executor to None, run_after=None
[2023-11-22T20:55:10.360+0000] {processor.py:179} INFO - Processing /home/airflow/.local/lib/python3.8/site-packages/airflow/example_dags/example_local_kubernetes_executor.py took 0.083 seconds
[2023-11-22T20:55:41.361+0000] {processor.py:157} INFO - Started process (PID=950) to work on /home/airflow/.local/lib/python3.8/site-packages/airflow/example_dags/example_local_kubernetes_executor.py
[2023-11-22T20:55:41.363+0000] {processor.py:829} INFO - Processing file /home/airflow/.local/lib/python3.8/site-packages/airflow/example_dags/example_local_kubernetes_executor.py for tasks to queue
[2023-11-22T20:55:41.366+0000] {logging_mixin.py:154} INFO - [2023-11-22T20:55:41.366+0000] {dagbag.py:536} INFO - Filling up the DagBag from /home/airflow/.local/lib/python3.8/site-packages/airflow/example_dags/example_local_kubernetes_executor.py
[2023-11-22T20:55:41.386+0000] {processor.py:839} INFO - DAG(s) dict_keys(['example_local_kubernetes_executor']) retrieved from /home/airflow/.local/lib/python3.8/site-packages/airflow/example_dags/example_local_kubernetes_executor.py
[2023-11-22T20:55:41.451+0000] {logging_mixin.py:154} INFO - [2023-11-22T20:55:41.450+0000] {dag.py:2941} INFO - Sync 1 DAGs
[2023-11-22T20:55:41.467+0000] {logging_mixin.py:154} INFO - [2023-11-22T20:55:41.467+0000] {dag.py:3722} INFO - Setting next_dagrun for example_local_kubernetes_executor to None, run_after=None
[2023-11-22T20:55:41.487+0000] {processor.py:179} INFO - Processing /home/airflow/.local/lib/python3.8/site-packages/airflow/example_dags/example_local_kubernetes_executor.py took 0.130 seconds
[2023-11-22T20:56:12.120+0000] {processor.py:157} INFO - Started process (PID=1005) to work on /home/airflow/.local/lib/python3.8/site-packages/airflow/example_dags/example_local_kubernetes_executor.py
[2023-11-22T20:56:12.121+0000] {processor.py:829} INFO - Processing file /home/airflow/.local/lib/python3.8/site-packages/airflow/example_dags/example_local_kubernetes_executor.py for tasks to queue
[2023-11-22T20:56:12.124+0000] {logging_mixin.py:154} INFO - [2023-11-22T20:56:12.123+0000] {dagbag.py:536} INFO - Filling up the DagBag from /home/airflow/.local/lib/python3.8/site-packages/airflow/example_dags/example_local_kubernetes_executor.py
[2023-11-22T20:56:12.135+0000] {processor.py:839} INFO - DAG(s) dict_keys(['example_local_kubernetes_executor']) retrieved from /home/airflow/.local/lib/python3.8/site-packages/airflow/example_dags/example_local_kubernetes_executor.py
[2023-11-22T20:56:12.169+0000] {logging_mixin.py:154} INFO - [2023-11-22T20:56:12.169+0000] {dag.py:2941} INFO - Sync 1 DAGs
[2023-11-22T20:56:12.181+0000] {logging_mixin.py:154} INFO - [2023-11-22T20:56:12.181+0000] {dag.py:3722} INFO - Setting next_dagrun for example_local_kubernetes_executor to None, run_after=None
[2023-11-22T20:56:12.204+0000] {processor.py:179} INFO - Processing /home/airflow/.local/lib/python3.8/site-packages/airflow/example_dags/example_local_kubernetes_executor.py took 0.088 seconds
[2023-11-22T20:56:43.151+0000] {processor.py:157} INFO - Started process (PID=1059) to work on /home/airflow/.local/lib/python3.8/site-packages/airflow/example_dags/example_local_kubernetes_executor.py
[2023-11-22T20:56:43.153+0000] {processor.py:829} INFO - Processing file /home/airflow/.local/lib/python3.8/site-packages/airflow/example_dags/example_local_kubernetes_executor.py for tasks to queue
[2023-11-22T20:56:43.156+0000] {logging_mixin.py:154} INFO - [2023-11-22T20:56:43.155+0000] {dagbag.py:536} INFO - Filling up the DagBag from /home/airflow/.local/lib/python3.8/site-packages/airflow/example_dags/example_local_kubernetes_executor.py
[2023-11-22T20:56:43.163+0000] {processor.py:839} INFO - DAG(s) dict_keys(['example_local_kubernetes_executor']) retrieved from /home/airflow/.local/lib/python3.8/site-packages/airflow/example_dags/example_local_kubernetes_executor.py
[2023-11-22T20:56:43.199+0000] {logging_mixin.py:154} INFO - [2023-11-22T20:56:43.198+0000] {dag.py:2941} INFO - Sync 1 DAGs
[2023-11-22T20:56:43.212+0000] {logging_mixin.py:154} INFO - [2023-11-22T20:56:43.212+0000] {dag.py:3722} INFO - Setting next_dagrun for example_local_kubernetes_executor to None, run_after=None
[2023-11-22T20:56:43.233+0000] {processor.py:179} INFO - Processing /home/airflow/.local/lib/python3.8/site-packages/airflow/example_dags/example_local_kubernetes_executor.py took 0.085 seconds
[2023-11-22T20:57:13.317+0000] {processor.py:157} INFO - Started process (PID=1113) to work on /home/airflow/.local/lib/python3.8/site-packages/airflow/example_dags/example_local_kubernetes_executor.py
[2023-11-22T20:57:13.319+0000] {processor.py:829} INFO - Processing file /home/airflow/.local/lib/python3.8/site-packages/airflow/example_dags/example_local_kubernetes_executor.py for tasks to queue
[2023-11-22T20:57:13.321+0000] {logging_mixin.py:154} INFO - [2023-11-22T20:57:13.321+0000] {dagbag.py:536} INFO - Filling up the DagBag from /home/airflow/.local/lib/python3.8/site-packages/airflow/example_dags/example_local_kubernetes_executor.py
[2023-11-22T20:57:13.329+0000] {processor.py:839} INFO - DAG(s) dict_keys(['example_local_kubernetes_executor']) retrieved from /home/airflow/.local/lib/python3.8/site-packages/airflow/example_dags/example_local_kubernetes_executor.py
[2023-11-22T20:57:13.364+0000] {logging_mixin.py:154} INFO - [2023-11-22T20:57:13.364+0000] {dag.py:2941} INFO - Sync 1 DAGs
[2023-11-22T20:57:13.378+0000] {logging_mixin.py:154} INFO - [2023-11-22T20:57:13.378+0000] {dag.py:3722} INFO - Setting next_dagrun for example_local_kubernetes_executor to None, run_after=None
[2023-11-22T20:57:13.398+0000] {processor.py:179} INFO - Processing /home/airflow/.local/lib/python3.8/site-packages/airflow/example_dags/example_local_kubernetes_executor.py took 0.084 seconds
[2023-11-22T20:57:44.337+0000] {processor.py:157} INFO - Started process (PID=1167) to work on /home/airflow/.local/lib/python3.8/site-packages/airflow/example_dags/example_local_kubernetes_executor.py
[2023-11-22T20:57:44.338+0000] {processor.py:829} INFO - Processing file /home/airflow/.local/lib/python3.8/site-packages/airflow/example_dags/example_local_kubernetes_executor.py for tasks to queue
[2023-11-22T20:57:44.340+0000] {logging_mixin.py:154} INFO - [2023-11-22T20:57:44.340+0000] {dagbag.py:536} INFO - Filling up the DagBag from /home/airflow/.local/lib/python3.8/site-packages/airflow/example_dags/example_local_kubernetes_executor.py
[2023-11-22T20:57:44.348+0000] {processor.py:839} INFO - DAG(s) dict_keys(['example_local_kubernetes_executor']) retrieved from /home/airflow/.local/lib/python3.8/site-packages/airflow/example_dags/example_local_kubernetes_executor.py
[2023-11-22T20:57:44.381+0000] {logging_mixin.py:154} INFO - [2023-11-22T20:57:44.381+0000] {dag.py:2941} INFO - Sync 1 DAGs
[2023-11-22T20:57:44.395+0000] {logging_mixin.py:154} INFO - [2023-11-22T20:57:44.395+0000] {dag.py:3722} INFO - Setting next_dagrun for example_local_kubernetes_executor to None, run_after=None
[2023-11-22T20:57:44.415+0000] {processor.py:179} INFO - Processing /home/airflow/.local/lib/python3.8/site-packages/airflow/example_dags/example_local_kubernetes_executor.py took 0.082 seconds
[2023-11-22T20:58:15.423+0000] {processor.py:157} INFO - Started process (PID=1221) to work on /home/airflow/.local/lib/python3.8/site-packages/airflow/example_dags/example_local_kubernetes_executor.py
[2023-11-22T20:58:15.425+0000] {processor.py:829} INFO - Processing file /home/airflow/.local/lib/python3.8/site-packages/airflow/example_dags/example_local_kubernetes_executor.py for tasks to queue
[2023-11-22T20:58:15.429+0000] {logging_mixin.py:154} INFO - [2023-11-22T20:58:15.429+0000] {dagbag.py:536} INFO - Filling up the DagBag from /home/airflow/.local/lib/python3.8/site-packages/airflow/example_dags/example_local_kubernetes_executor.py
[2023-11-22T20:58:15.440+0000] {processor.py:839} INFO - DAG(s) dict_keys(['example_local_kubernetes_executor']) retrieved from /home/airflow/.local/lib/python3.8/site-packages/airflow/example_dags/example_local_kubernetes_executor.py
[2023-11-22T20:58:15.486+0000] {logging_mixin.py:154} INFO - [2023-11-22T20:58:15.486+0000] {dag.py:2941} INFO - Sync 1 DAGs
[2023-11-22T20:58:15.500+0000] {logging_mixin.py:154} INFO - [2023-11-22T20:58:15.500+0000] {dag.py:3722} INFO - Setting next_dagrun for example_local_kubernetes_executor to None, run_after=None
[2023-11-22T20:58:15.524+0000] {processor.py:179} INFO - Processing /home/airflow/.local/lib/python3.8/site-packages/airflow/example_dags/example_local_kubernetes_executor.py took 0.107 seconds
[2023-11-22T20:58:45.886+0000] {processor.py:157} INFO - Started process (PID=1275) to work on /home/airflow/.local/lib/python3.8/site-packages/airflow/example_dags/example_local_kubernetes_executor.py
[2023-11-22T20:58:45.887+0000] {processor.py:829} INFO - Processing file /home/airflow/.local/lib/python3.8/site-packages/airflow/example_dags/example_local_kubernetes_executor.py for tasks to queue
[2023-11-22T20:58:45.890+0000] {logging_mixin.py:154} INFO - [2023-11-22T20:58:45.889+0000] {dagbag.py:536} INFO - Filling up the DagBag from /home/airflow/.local/lib/python3.8/site-packages/airflow/example_dags/example_local_kubernetes_executor.py
[2023-11-22T20:58:45.898+0000] {processor.py:839} INFO - DAG(s) dict_keys(['example_local_kubernetes_executor']) retrieved from /home/airflow/.local/lib/python3.8/site-packages/airflow/example_dags/example_local_kubernetes_executor.py
[2023-11-22T20:58:45.936+0000] {logging_mixin.py:154} INFO - [2023-11-22T20:58:45.936+0000] {dag.py:2941} INFO - Sync 1 DAGs
[2023-11-22T20:58:45.950+0000] {logging_mixin.py:154} INFO - [2023-11-22T20:58:45.949+0000] {dag.py:3722} INFO - Setting next_dagrun for example_local_kubernetes_executor to None, run_after=None
[2023-11-22T20:58:45.970+0000] {processor.py:179} INFO - Processing /home/airflow/.local/lib/python3.8/site-packages/airflow/example_dags/example_local_kubernetes_executor.py took 0.088 seconds
[2023-11-22T20:59:16.725+0000] {processor.py:157} INFO - Started process (PID=1329) to work on /home/airflow/.local/lib/python3.8/site-packages/airflow/example_dags/example_local_kubernetes_executor.py
[2023-11-22T20:59:16.726+0000] {processor.py:829} INFO - Processing file /home/airflow/.local/lib/python3.8/site-packages/airflow/example_dags/example_local_kubernetes_executor.py for tasks to queue
[2023-11-22T20:59:16.729+0000] {logging_mixin.py:154} INFO - [2023-11-22T20:59:16.729+0000] {dagbag.py:536} INFO - Filling up the DagBag from /home/airflow/.local/lib/python3.8/site-packages/airflow/example_dags/example_local_kubernetes_executor.py
[2023-11-22T20:59:16.737+0000] {processor.py:839} INFO - DAG(s) dict_keys(['example_local_kubernetes_executor']) retrieved from /home/airflow/.local/lib/python3.8/site-packages/airflow/example_dags/example_local_kubernetes_executor.py
[2023-11-22T20:59:16.771+0000] {logging_mixin.py:154} INFO - [2023-11-22T20:59:16.771+0000] {dag.py:2941} INFO - Sync 1 DAGs
[2023-11-22T20:59:16.785+0000] {logging_mixin.py:154} INFO - [2023-11-22T20:59:16.785+0000] {dag.py:3722} INFO - Setting next_dagrun for example_local_kubernetes_executor to None, run_after=None
[2023-11-22T20:59:16.804+0000] {processor.py:179} INFO - Processing /home/airflow/.local/lib/python3.8/site-packages/airflow/example_dags/example_local_kubernetes_executor.py took 0.081 seconds
[2023-11-22T20:59:47.678+0000] {processor.py:157} INFO - Started process (PID=1383) to work on /home/airflow/.local/lib/python3.8/site-packages/airflow/example_dags/example_local_kubernetes_executor.py
[2023-11-22T20:59:47.680+0000] {processor.py:829} INFO - Processing file /home/airflow/.local/lib/python3.8/site-packages/airflow/example_dags/example_local_kubernetes_executor.py for tasks to queue
[2023-11-22T20:59:47.684+0000] {logging_mixin.py:154} INFO - [2023-11-22T20:59:47.684+0000] {dagbag.py:536} INFO - Filling up the DagBag from /home/airflow/.local/lib/python3.8/site-packages/airflow/example_dags/example_local_kubernetes_executor.py
[2023-11-22T20:59:47.692+0000] {processor.py:839} INFO - DAG(s) dict_keys(['example_local_kubernetes_executor']) retrieved from /home/airflow/.local/lib/python3.8/site-packages/airflow/example_dags/example_local_kubernetes_executor.py
[2023-11-22T20:59:47.744+0000] {logging_mixin.py:154} INFO - [2023-11-22T20:59:47.744+0000] {dag.py:2941} INFO - Sync 1 DAGs
[2023-11-22T20:59:47.900+0000] {logging_mixin.py:154} INFO - [2023-11-22T20:59:47.900+0000] {dag.py:3722} INFO - Setting next_dagrun for example_local_kubernetes_executor to None, run_after=None
[2023-11-22T20:59:47.923+0000] {processor.py:179} INFO - Processing /home/airflow/.local/lib/python3.8/site-packages/airflow/example_dags/example_local_kubernetes_executor.py took 0.248 seconds
[2023-11-22T21:00:18.708+0000] {processor.py:157} INFO - Started process (PID=1437) to work on /home/airflow/.local/lib/python3.8/site-packages/airflow/example_dags/example_local_kubernetes_executor.py
[2023-11-22T21:00:18.710+0000] {processor.py:829} INFO - Processing file /home/airflow/.local/lib/python3.8/site-packages/airflow/example_dags/example_local_kubernetes_executor.py for tasks to queue
[2023-11-22T21:00:18.713+0000] {logging_mixin.py:154} INFO - [2023-11-22T21:00:18.712+0000] {dagbag.py:536} INFO - Filling up the DagBag from /home/airflow/.local/lib/python3.8/site-packages/airflow/example_dags/example_local_kubernetes_executor.py
[2023-11-22T21:00:18.721+0000] {processor.py:839} INFO - DAG(s) dict_keys(['example_local_kubernetes_executor']) retrieved from /home/airflow/.local/lib/python3.8/site-packages/airflow/example_dags/example_local_kubernetes_executor.py
[2023-11-22T21:00:18.755+0000] {logging_mixin.py:154} INFO - [2023-11-22T21:00:18.755+0000] {dag.py:2941} INFO - Sync 1 DAGs
[2023-11-22T21:00:18.769+0000] {logging_mixin.py:154} INFO - [2023-11-22T21:00:18.769+0000] {dag.py:3722} INFO - Setting next_dagrun for example_local_kubernetes_executor to None, run_after=None
[2023-11-22T21:00:18.940+0000] {processor.py:179} INFO - Processing /home/airflow/.local/lib/python3.8/site-packages/airflow/example_dags/example_local_kubernetes_executor.py took 0.235 seconds
[2023-11-22T21:00:49.501+0000] {processor.py:157} INFO - Started process (PID=1498) to work on /home/airflow/.local/lib/python3.8/site-packages/airflow/example_dags/example_local_kubernetes_executor.py
[2023-11-22T21:00:49.502+0000] {processor.py:829} INFO - Processing file /home/airflow/.local/lib/python3.8/site-packages/airflow/example_dags/example_local_kubernetes_executor.py for tasks to queue
[2023-11-22T21:00:49.506+0000] {logging_mixin.py:154} INFO - [2023-11-22T21:00:49.505+0000] {dagbag.py:536} INFO - Filling up the DagBag from /home/airflow/.local/lib/python3.8/site-packages/airflow/example_dags/example_local_kubernetes_executor.py
[2023-11-22T21:00:49.514+0000] {processor.py:839} INFO - DAG(s) dict_keys(['example_local_kubernetes_executor']) retrieved from /home/airflow/.local/lib/python3.8/site-packages/airflow/example_dags/example_local_kubernetes_executor.py
[2023-11-22T21:00:49.552+0000] {logging_mixin.py:154} INFO - [2023-11-22T21:00:49.552+0000] {dag.py:2941} INFO - Sync 1 DAGs
[2023-11-22T21:00:49.566+0000] {logging_mixin.py:154} INFO - [2023-11-22T21:00:49.566+0000] {dag.py:3722} INFO - Setting next_dagrun for example_local_kubernetes_executor to None, run_after=None
[2023-11-22T21:00:49.589+0000] {processor.py:179} INFO - Processing /home/airflow/.local/lib/python3.8/site-packages/airflow/example_dags/example_local_kubernetes_executor.py took 0.091 seconds
[2023-11-22T21:01:20.487+0000] {processor.py:157} INFO - Started process (PID=1552) to work on /home/airflow/.local/lib/python3.8/site-packages/airflow/example_dags/example_local_kubernetes_executor.py
[2023-11-22T21:01:20.488+0000] {processor.py:829} INFO - Processing file /home/airflow/.local/lib/python3.8/site-packages/airflow/example_dags/example_local_kubernetes_executor.py for tasks to queue
[2023-11-22T21:01:20.491+0000] {logging_mixin.py:154} INFO - [2023-11-22T21:01:20.491+0000] {dagbag.py:536} INFO - Filling up the DagBag from /home/airflow/.local/lib/python3.8/site-packages/airflow/example_dags/example_local_kubernetes_executor.py
[2023-11-22T21:01:20.500+0000] {processor.py:839} INFO - DAG(s) dict_keys(['example_local_kubernetes_executor']) retrieved from /home/airflow/.local/lib/python3.8/site-packages/airflow/example_dags/example_local_kubernetes_executor.py
[2023-11-22T21:01:20.687+0000] {logging_mixin.py:154} INFO - [2023-11-22T21:01:20.687+0000] {dag.py:2941} INFO - Sync 1 DAGs
[2023-11-22T21:01:20.699+0000] {logging_mixin.py:154} INFO - [2023-11-22T21:01:20.699+0000] {dag.py:3722} INFO - Setting next_dagrun for example_local_kubernetes_executor to None, run_after=None
[2023-11-22T21:01:20.721+0000] {processor.py:179} INFO - Processing /home/airflow/.local/lib/python3.8/site-packages/airflow/example_dags/example_local_kubernetes_executor.py took 0.238 seconds
[2023-11-22T21:01:50.918+0000] {processor.py:157} INFO - Started process (PID=1606) to work on /home/airflow/.local/lib/python3.8/site-packages/airflow/example_dags/example_local_kubernetes_executor.py
[2023-11-22T21:01:50.919+0000] {processor.py:829} INFO - Processing file /home/airflow/.local/lib/python3.8/site-packages/airflow/example_dags/example_local_kubernetes_executor.py for tasks to queue
[2023-11-22T21:01:50.923+0000] {logging_mixin.py:154} INFO - [2023-11-22T21:01:50.922+0000] {dagbag.py:536} INFO - Filling up the DagBag from /home/airflow/.local/lib/python3.8/site-packages/airflow/example_dags/example_local_kubernetes_executor.py
[2023-11-22T21:01:50.931+0000] {processor.py:839} INFO - DAG(s) dict_keys(['example_local_kubernetes_executor']) retrieved from /home/airflow/.local/lib/python3.8/site-packages/airflow/example_dags/example_local_kubernetes_executor.py
[2023-11-22T21:01:50.969+0000] {logging_mixin.py:154} INFO - [2023-11-22T21:01:50.968+0000] {dag.py:2941} INFO - Sync 1 DAGs
[2023-11-22T21:01:51.122+0000] {logging_mixin.py:154} INFO - [2023-11-22T21:01:51.122+0000] {dag.py:3722} INFO - Setting next_dagrun for example_local_kubernetes_executor to None, run_after=None
[2023-11-22T21:01:51.149+0000] {processor.py:179} INFO - Processing /home/airflow/.local/lib/python3.8/site-packages/airflow/example_dags/example_local_kubernetes_executor.py took 0.234 seconds
[2023-11-22T21:02:21.603+0000] {processor.py:157} INFO - Started process (PID=1661) to work on /home/airflow/.local/lib/python3.8/site-packages/airflow/example_dags/example_local_kubernetes_executor.py
[2023-11-22T21:02:21.605+0000] {processor.py:829} INFO - Processing file /home/airflow/.local/lib/python3.8/site-packages/airflow/example_dags/example_local_kubernetes_executor.py for tasks to queue
[2023-11-22T21:02:21.608+0000] {logging_mixin.py:154} INFO - [2023-11-22T21:02:21.608+0000] {dagbag.py:536} INFO - Filling up the DagBag from /home/airflow/.local/lib/python3.8/site-packages/airflow/example_dags/example_local_kubernetes_executor.py
[2023-11-22T21:02:21.617+0000] {processor.py:839} INFO - DAG(s) dict_keys(['example_local_kubernetes_executor']) retrieved from /home/airflow/.local/lib/python3.8/site-packages/airflow/example_dags/example_local_kubernetes_executor.py
[2023-11-22T21:02:21.656+0000] {logging_mixin.py:154} INFO - [2023-11-22T21:02:21.655+0000] {dag.py:2941} INFO - Sync 1 DAGs
[2023-11-22T21:02:21.671+0000] {logging_mixin.py:154} INFO - [2023-11-22T21:02:21.671+0000] {dag.py:3722} INFO - Setting next_dagrun for example_local_kubernetes_executor to None, run_after=None
[2023-11-22T21:02:21.691+0000] {processor.py:179} INFO - Processing /home/airflow/.local/lib/python3.8/site-packages/airflow/example_dags/example_local_kubernetes_executor.py took 0.091 seconds
[2023-11-22T21:02:52.155+0000] {processor.py:157} INFO - Started process (PID=1714) to work on /home/airflow/.local/lib/python3.8/site-packages/airflow/example_dags/example_local_kubernetes_executor.py
[2023-11-22T21:02:52.156+0000] {processor.py:829} INFO - Processing file /home/airflow/.local/lib/python3.8/site-packages/airflow/example_dags/example_local_kubernetes_executor.py for tasks to queue
[2023-11-22T21:02:52.159+0000] {logging_mixin.py:154} INFO - [2023-11-22T21:02:52.159+0000] {dagbag.py:536} INFO - Filling up the DagBag from /home/airflow/.local/lib/python3.8/site-packages/airflow/example_dags/example_local_kubernetes_executor.py
[2023-11-22T21:02:52.168+0000] {processor.py:839} INFO - DAG(s) dict_keys(['example_local_kubernetes_executor']) retrieved from /home/airflow/.local/lib/python3.8/site-packages/airflow/example_dags/example_local_kubernetes_executor.py
[2023-11-22T21:02:52.374+0000] {logging_mixin.py:154} INFO - [2023-11-22T21:02:52.374+0000] {dag.py:2941} INFO - Sync 1 DAGs
[2023-11-22T21:02:52.392+0000] {logging_mixin.py:154} INFO - [2023-11-22T21:02:52.392+0000] {dag.py:3722} INFO - Setting next_dagrun for example_local_kubernetes_executor to None, run_after=None
[2023-11-22T21:02:52.416+0000] {processor.py:179} INFO - Processing /home/airflow/.local/lib/python3.8/site-packages/airflow/example_dags/example_local_kubernetes_executor.py took 0.265 seconds
[2023-11-22T21:03:23.260+0000] {processor.py:157} INFO - Started process (PID=1769) to work on /home/airflow/.local/lib/python3.8/site-packages/airflow/example_dags/example_local_kubernetes_executor.py
[2023-11-22T21:03:23.261+0000] {processor.py:829} INFO - Processing file /home/airflow/.local/lib/python3.8/site-packages/airflow/example_dags/example_local_kubernetes_executor.py for tasks to queue
[2023-11-22T21:03:23.265+0000] {logging_mixin.py:154} INFO - [2023-11-22T21:03:23.265+0000] {dagbag.py:536} INFO - Filling up the DagBag from /home/airflow/.local/lib/python3.8/site-packages/airflow/example_dags/example_local_kubernetes_executor.py
[2023-11-22T21:03:23.273+0000] {processor.py:839} INFO - DAG(s) dict_keys(['example_local_kubernetes_executor']) retrieved from /home/airflow/.local/lib/python3.8/site-packages/airflow/example_dags/example_local_kubernetes_executor.py
[2023-11-22T21:03:23.313+0000] {logging_mixin.py:154} INFO - [2023-11-22T21:03:23.312+0000] {dag.py:2941} INFO - Sync 1 DAGs
[2023-11-22T21:03:23.331+0000] {logging_mixin.py:154} INFO - [2023-11-22T21:03:23.331+0000] {dag.py:3722} INFO - Setting next_dagrun for example_local_kubernetes_executor to None, run_after=None
[2023-11-22T21:03:23.352+0000] {processor.py:179} INFO - Processing /home/airflow/.local/lib/python3.8/site-packages/airflow/example_dags/example_local_kubernetes_executor.py took 0.096 seconds
[2023-11-22T21:03:53.437+0000] {processor.py:157} INFO - Started process (PID=1823) to work on /home/airflow/.local/lib/python3.8/site-packages/airflow/example_dags/example_local_kubernetes_executor.py
[2023-11-22T21:03:53.438+0000] {processor.py:829} INFO - Processing file /home/airflow/.local/lib/python3.8/site-packages/airflow/example_dags/example_local_kubernetes_executor.py for tasks to queue
[2023-11-22T21:03:53.441+0000] {logging_mixin.py:154} INFO - [2023-11-22T21:03:53.441+0000] {dagbag.py:536} INFO - Filling up the DagBag from /home/airflow/.local/lib/python3.8/site-packages/airflow/example_dags/example_local_kubernetes_executor.py
[2023-11-22T21:03:53.448+0000] {processor.py:839} INFO - DAG(s) dict_keys(['example_local_kubernetes_executor']) retrieved from /home/airflow/.local/lib/python3.8/site-packages/airflow/example_dags/example_local_kubernetes_executor.py
[2023-11-22T21:03:53.483+0000] {logging_mixin.py:154} INFO - [2023-11-22T21:03:53.482+0000] {dag.py:2941} INFO - Sync 1 DAGs
[2023-11-22T21:03:53.495+0000] {logging_mixin.py:154} INFO - [2023-11-22T21:03:53.495+0000] {dag.py:3722} INFO - Setting next_dagrun for example_local_kubernetes_executor to None, run_after=None
[2023-11-22T21:03:53.516+0000] {processor.py:179} INFO - Processing /home/airflow/.local/lib/python3.8/site-packages/airflow/example_dags/example_local_kubernetes_executor.py took 0.083 seconds
[2023-11-22T21:04:23.591+0000] {processor.py:157} INFO - Started process (PID=1876) to work on /home/airflow/.local/lib/python3.8/site-packages/airflow/example_dags/example_local_kubernetes_executor.py
[2023-11-22T21:04:23.592+0000] {processor.py:829} INFO - Processing file /home/airflow/.local/lib/python3.8/site-packages/airflow/example_dags/example_local_kubernetes_executor.py for tasks to queue
[2023-11-22T21:04:23.596+0000] {logging_mixin.py:154} INFO - [2023-11-22T21:04:23.596+0000] {dagbag.py:536} INFO - Filling up the DagBag from /home/airflow/.local/lib/python3.8/site-packages/airflow/example_dags/example_local_kubernetes_executor.py
[2023-11-22T21:04:23.603+0000] {processor.py:839} INFO - DAG(s) dict_keys(['example_local_kubernetes_executor']) retrieved from /home/airflow/.local/lib/python3.8/site-packages/airflow/example_dags/example_local_kubernetes_executor.py
[2023-11-22T21:04:23.643+0000] {logging_mixin.py:154} INFO - [2023-11-22T21:04:23.642+0000] {dag.py:2941} INFO - Sync 1 DAGs
[2023-11-22T21:04:23.655+0000] {logging_mixin.py:154} INFO - [2023-11-22T21:04:23.655+0000] {dag.py:3722} INFO - Setting next_dagrun for example_local_kubernetes_executor to None, run_after=None
[2023-11-22T21:04:23.674+0000] {processor.py:179} INFO - Processing /home/airflow/.local/lib/python3.8/site-packages/airflow/example_dags/example_local_kubernetes_executor.py took 0.087 seconds
[2023-11-22T21:04:53.793+0000] {processor.py:157} INFO - Started process (PID=1930) to work on /home/airflow/.local/lib/python3.8/site-packages/airflow/example_dags/example_local_kubernetes_executor.py
[2023-11-22T21:04:53.795+0000] {processor.py:829} INFO - Processing file /home/airflow/.local/lib/python3.8/site-packages/airflow/example_dags/example_local_kubernetes_executor.py for tasks to queue
[2023-11-22T21:04:53.798+0000] {logging_mixin.py:154} INFO - [2023-11-22T21:04:53.798+0000] {dagbag.py:536} INFO - Filling up the DagBag from /home/airflow/.local/lib/python3.8/site-packages/airflow/example_dags/example_local_kubernetes_executor.py
[2023-11-22T21:04:53.810+0000] {processor.py:839} INFO - DAG(s) dict_keys(['example_local_kubernetes_executor']) retrieved from /home/airflow/.local/lib/python3.8/site-packages/airflow/example_dags/example_local_kubernetes_executor.py
[2023-11-22T21:04:53.850+0000] {logging_mixin.py:154} INFO - [2023-11-22T21:04:53.850+0000] {dag.py:2941} INFO - Sync 1 DAGs
[2023-11-22T21:04:53.864+0000] {logging_mixin.py:154} INFO - [2023-11-22T21:04:53.864+0000] {dag.py:3722} INFO - Setting next_dagrun for example_local_kubernetes_executor to None, run_after=None
[2023-11-22T21:04:53.889+0000] {processor.py:179} INFO - Processing /home/airflow/.local/lib/python3.8/site-packages/airflow/example_dags/example_local_kubernetes_executor.py took 0.099 seconds
[2023-11-22T21:05:23.954+0000] {processor.py:157} INFO - Started process (PID=1984) to work on /home/airflow/.local/lib/python3.8/site-packages/airflow/example_dags/example_local_kubernetes_executor.py
[2023-11-22T21:05:23.956+0000] {processor.py:829} INFO - Processing file /home/airflow/.local/lib/python3.8/site-packages/airflow/example_dags/example_local_kubernetes_executor.py for tasks to queue
[2023-11-22T21:05:23.959+0000] {logging_mixin.py:154} INFO - [2023-11-22T21:05:23.959+0000] {dagbag.py:536} INFO - Filling up the DagBag from /home/airflow/.local/lib/python3.8/site-packages/airflow/example_dags/example_local_kubernetes_executor.py
[2023-11-22T21:05:23.966+0000] {processor.py:839} INFO - DAG(s) dict_keys(['example_local_kubernetes_executor']) retrieved from /home/airflow/.local/lib/python3.8/site-packages/airflow/example_dags/example_local_kubernetes_executor.py
[2023-11-22T21:05:24.002+0000] {logging_mixin.py:154} INFO - [2023-11-22T21:05:24.002+0000] {dag.py:2941} INFO - Sync 1 DAGs
[2023-11-22T21:05:24.018+0000] {logging_mixin.py:154} INFO - [2023-11-22T21:05:24.018+0000] {dag.py:3722} INFO - Setting next_dagrun for example_local_kubernetes_executor to None, run_after=None
[2023-11-22T21:05:24.039+0000] {processor.py:179} INFO - Processing /home/airflow/.local/lib/python3.8/site-packages/airflow/example_dags/example_local_kubernetes_executor.py took 0.088 seconds
[2023-11-22T21:05:54.309+0000] {processor.py:157} INFO - Started process (PID=2038) to work on /home/airflow/.local/lib/python3.8/site-packages/airflow/example_dags/example_local_kubernetes_executor.py
[2023-11-22T21:05:54.310+0000] {processor.py:829} INFO - Processing file /home/airflow/.local/lib/python3.8/site-packages/airflow/example_dags/example_local_kubernetes_executor.py for tasks to queue
[2023-11-22T21:05:54.313+0000] {logging_mixin.py:154} INFO - [2023-11-22T21:05:54.313+0000] {dagbag.py:536} INFO - Filling up the DagBag from /home/airflow/.local/lib/python3.8/site-packages/airflow/example_dags/example_local_kubernetes_executor.py
[2023-11-22T21:05:54.321+0000] {processor.py:839} INFO - DAG(s) dict_keys(['example_local_kubernetes_executor']) retrieved from /home/airflow/.local/lib/python3.8/site-packages/airflow/example_dags/example_local_kubernetes_executor.py
[2023-11-22T21:05:54.359+0000] {logging_mixin.py:154} INFO - [2023-11-22T21:05:54.359+0000] {dag.py:2941} INFO - Sync 1 DAGs
[2023-11-22T21:05:54.374+0000] {logging_mixin.py:154} INFO - [2023-11-22T21:05:54.374+0000] {dag.py:3722} INFO - Setting next_dagrun for example_local_kubernetes_executor to None, run_after=None
[2023-11-22T21:05:54.397+0000] {processor.py:179} INFO - Processing /home/airflow/.local/lib/python3.8/site-packages/airflow/example_dags/example_local_kubernetes_executor.py took 0.092 seconds
[2023-11-22T21:06:24.915+0000] {processor.py:157} INFO - Started process (PID=2093) to work on /home/airflow/.local/lib/python3.8/site-packages/airflow/example_dags/example_local_kubernetes_executor.py
[2023-11-22T21:06:24.916+0000] {processor.py:829} INFO - Processing file /home/airflow/.local/lib/python3.8/site-packages/airflow/example_dags/example_local_kubernetes_executor.py for tasks to queue
[2023-11-22T21:06:24.919+0000] {logging_mixin.py:154} INFO - [2023-11-22T21:06:24.919+0000] {dagbag.py:536} INFO - Filling up the DagBag from /home/airflow/.local/lib/python3.8/site-packages/airflow/example_dags/example_local_kubernetes_executor.py
[2023-11-22T21:06:24.928+0000] {processor.py:839} INFO - DAG(s) dict_keys(['example_local_kubernetes_executor']) retrieved from /home/airflow/.local/lib/python3.8/site-packages/airflow/example_dags/example_local_kubernetes_executor.py
[2023-11-22T21:06:24.964+0000] {logging_mixin.py:154} INFO - [2023-11-22T21:06:24.963+0000] {dag.py:2941} INFO - Sync 1 DAGs
[2023-11-22T21:06:24.976+0000] {logging_mixin.py:154} INFO - [2023-11-22T21:06:24.976+0000] {dag.py:3722} INFO - Setting next_dagrun for example_local_kubernetes_executor to None, run_after=None
[2023-11-22T21:06:24.996+0000] {processor.py:179} INFO - Processing /home/airflow/.local/lib/python3.8/site-packages/airflow/example_dags/example_local_kubernetes_executor.py took 0.084 seconds
[2023-11-22T21:06:55.198+0000] {processor.py:157} INFO - Started process (PID=2147) to work on /home/airflow/.local/lib/python3.8/site-packages/airflow/example_dags/example_local_kubernetes_executor.py
[2023-11-22T21:06:55.200+0000] {processor.py:829} INFO - Processing file /home/airflow/.local/lib/python3.8/site-packages/airflow/example_dags/example_local_kubernetes_executor.py for tasks to queue
[2023-11-22T21:06:55.203+0000] {logging_mixin.py:154} INFO - [2023-11-22T21:06:55.203+0000] {dagbag.py:536} INFO - Filling up the DagBag from /home/airflow/.local/lib/python3.8/site-packages/airflow/example_dags/example_local_kubernetes_executor.py
[2023-11-22T21:06:55.212+0000] {processor.py:839} INFO - DAG(s) dict_keys(['example_local_kubernetes_executor']) retrieved from /home/airflow/.local/lib/python3.8/site-packages/airflow/example_dags/example_local_kubernetes_executor.py
[2023-11-22T21:06:55.245+0000] {logging_mixin.py:154} INFO - [2023-11-22T21:06:55.244+0000] {dag.py:2941} INFO - Sync 1 DAGs
[2023-11-22T21:06:55.259+0000] {logging_mixin.py:154} INFO - [2023-11-22T21:06:55.258+0000] {dag.py:3722} INFO - Setting next_dagrun for example_local_kubernetes_executor to None, run_after=None
[2023-11-22T21:06:55.278+0000] {processor.py:179} INFO - Processing /home/airflow/.local/lib/python3.8/site-packages/airflow/example_dags/example_local_kubernetes_executor.py took 0.083 seconds
[2023-11-22T21:07:25.455+0000] {processor.py:157} INFO - Started process (PID=2201) to work on /home/airflow/.local/lib/python3.8/site-packages/airflow/example_dags/example_local_kubernetes_executor.py
[2023-11-22T21:07:25.457+0000] {processor.py:829} INFO - Processing file /home/airflow/.local/lib/python3.8/site-packages/airflow/example_dags/example_local_kubernetes_executor.py for tasks to queue
[2023-11-22T21:07:25.461+0000] {logging_mixin.py:154} INFO - [2023-11-22T21:07:25.461+0000] {dagbag.py:536} INFO - Filling up the DagBag from /home/airflow/.local/lib/python3.8/site-packages/airflow/example_dags/example_local_kubernetes_executor.py
[2023-11-22T21:07:25.476+0000] {processor.py:839} INFO - DAG(s) dict_keys(['example_local_kubernetes_executor']) retrieved from /home/airflow/.local/lib/python3.8/site-packages/airflow/example_dags/example_local_kubernetes_executor.py
[2023-11-22T21:07:25.531+0000] {logging_mixin.py:154} INFO - [2023-11-22T21:07:25.530+0000] {dag.py:2941} INFO - Sync 1 DAGs
[2023-11-22T21:07:25.554+0000] {logging_mixin.py:154} INFO - [2023-11-22T21:07:25.554+0000] {dag.py:3722} INFO - Setting next_dagrun for example_local_kubernetes_executor to None, run_after=None
[2023-11-22T21:07:25.584+0000] {processor.py:179} INFO - Processing /home/airflow/.local/lib/python3.8/site-packages/airflow/example_dags/example_local_kubernetes_executor.py took 0.134 seconds
[2023-11-22T21:07:55.773+0000] {processor.py:157} INFO - Started process (PID=2255) to work on /home/airflow/.local/lib/python3.8/site-packages/airflow/example_dags/example_local_kubernetes_executor.py
[2023-11-22T21:07:55.774+0000] {processor.py:829} INFO - Processing file /home/airflow/.local/lib/python3.8/site-packages/airflow/example_dags/example_local_kubernetes_executor.py for tasks to queue
[2023-11-22T21:07:55.778+0000] {logging_mixin.py:154} INFO - [2023-11-22T21:07:55.778+0000] {dagbag.py:536} INFO - Filling up the DagBag from /home/airflow/.local/lib/python3.8/site-packages/airflow/example_dags/example_local_kubernetes_executor.py
[2023-11-22T21:07:55.786+0000] {processor.py:839} INFO - DAG(s) dict_keys(['example_local_kubernetes_executor']) retrieved from /home/airflow/.local/lib/python3.8/site-packages/airflow/example_dags/example_local_kubernetes_executor.py
[2023-11-22T21:07:55.822+0000] {logging_mixin.py:154} INFO - [2023-11-22T21:07:55.822+0000] {dag.py:2941} INFO - Sync 1 DAGs
[2023-11-22T21:07:55.835+0000] {logging_mixin.py:154} INFO - [2023-11-22T21:07:55.835+0000] {dag.py:3722} INFO - Setting next_dagrun for example_local_kubernetes_executor to None, run_after=None
[2023-11-22T21:07:55.857+0000] {processor.py:179} INFO - Processing /home/airflow/.local/lib/python3.8/site-packages/airflow/example_dags/example_local_kubernetes_executor.py took 0.087 seconds
[2023-11-22T21:08:25.967+0000] {processor.py:157} INFO - Started process (PID=2309) to work on /home/airflow/.local/lib/python3.8/site-packages/airflow/example_dags/example_local_kubernetes_executor.py
[2023-11-22T21:08:25.968+0000] {processor.py:829} INFO - Processing file /home/airflow/.local/lib/python3.8/site-packages/airflow/example_dags/example_local_kubernetes_executor.py for tasks to queue
[2023-11-22T21:08:25.972+0000] {logging_mixin.py:154} INFO - [2023-11-22T21:08:25.972+0000] {dagbag.py:536} INFO - Filling up the DagBag from /home/airflow/.local/lib/python3.8/site-packages/airflow/example_dags/example_local_kubernetes_executor.py
[2023-11-22T21:08:25.979+0000] {processor.py:839} INFO - DAG(s) dict_keys(['example_local_kubernetes_executor']) retrieved from /home/airflow/.local/lib/python3.8/site-packages/airflow/example_dags/example_local_kubernetes_executor.py
[2023-11-22T21:08:26.015+0000] {logging_mixin.py:154} INFO - [2023-11-22T21:08:26.015+0000] {dag.py:2941} INFO - Sync 1 DAGs
[2023-11-22T21:08:26.031+0000] {logging_mixin.py:154} INFO - [2023-11-22T21:08:26.031+0000] {dag.py:3722} INFO - Setting next_dagrun for example_local_kubernetes_executor to None, run_after=None
[2023-11-22T21:08:26.053+0000] {processor.py:179} INFO - Processing /home/airflow/.local/lib/python3.8/site-packages/airflow/example_dags/example_local_kubernetes_executor.py took 0.089 seconds
[2023-11-22T21:08:56.668+0000] {processor.py:157} INFO - Started process (PID=2363) to work on /home/airflow/.local/lib/python3.8/site-packages/airflow/example_dags/example_local_kubernetes_executor.py
[2023-11-22T21:08:56.669+0000] {processor.py:829} INFO - Processing file /home/airflow/.local/lib/python3.8/site-packages/airflow/example_dags/example_local_kubernetes_executor.py for tasks to queue
[2023-11-22T21:08:56.674+0000] {logging_mixin.py:154} INFO - [2023-11-22T21:08:56.673+0000] {dagbag.py:536} INFO - Filling up the DagBag from /home/airflow/.local/lib/python3.8/site-packages/airflow/example_dags/example_local_kubernetes_executor.py
[2023-11-22T21:08:56.682+0000] {processor.py:839} INFO - DAG(s) dict_keys(['example_local_kubernetes_executor']) retrieved from /home/airflow/.local/lib/python3.8/site-packages/airflow/example_dags/example_local_kubernetes_executor.py
[2023-11-22T21:08:56.719+0000] {logging_mixin.py:154} INFO - [2023-11-22T21:08:56.719+0000] {dag.py:2941} INFO - Sync 1 DAGs
[2023-11-22T21:08:56.733+0000] {logging_mixin.py:154} INFO - [2023-11-22T21:08:56.733+0000] {dag.py:3722} INFO - Setting next_dagrun for example_local_kubernetes_executor to None, run_after=None
[2023-11-22T21:08:56.762+0000] {processor.py:179} INFO - Processing /home/airflow/.local/lib/python3.8/site-packages/airflow/example_dags/example_local_kubernetes_executor.py took 0.097 seconds
[2023-11-22T21:09:26.989+0000] {processor.py:157} INFO - Started process (PID=2417) to work on /home/airflow/.local/lib/python3.8/site-packages/airflow/example_dags/example_local_kubernetes_executor.py
[2023-11-22T21:09:26.991+0000] {processor.py:829} INFO - Processing file /home/airflow/.local/lib/python3.8/site-packages/airflow/example_dags/example_local_kubernetes_executor.py for tasks to queue
[2023-11-22T21:09:26.994+0000] {logging_mixin.py:154} INFO - [2023-11-22T21:09:26.994+0000] {dagbag.py:536} INFO - Filling up the DagBag from /home/airflow/.local/lib/python3.8/site-packages/airflow/example_dags/example_local_kubernetes_executor.py
[2023-11-22T21:09:27.001+0000] {processor.py:839} INFO - DAG(s) dict_keys(['example_local_kubernetes_executor']) retrieved from /home/airflow/.local/lib/python3.8/site-packages/airflow/example_dags/example_local_kubernetes_executor.py
[2023-11-22T21:09:27.037+0000] {logging_mixin.py:154} INFO - [2023-11-22T21:09:27.037+0000] {dag.py:2941} INFO - Sync 1 DAGs
[2023-11-22T21:09:27.050+0000] {logging_mixin.py:154} INFO - [2023-11-22T21:09:27.050+0000] {dag.py:3722} INFO - Setting next_dagrun for example_local_kubernetes_executor to None, run_after=None
[2023-11-22T21:09:27.071+0000] {processor.py:179} INFO - Processing /home/airflow/.local/lib/python3.8/site-packages/airflow/example_dags/example_local_kubernetes_executor.py took 0.085 seconds
[2023-11-22T21:09:57.257+0000] {processor.py:157} INFO - Started process (PID=2471) to work on /home/airflow/.local/lib/python3.8/site-packages/airflow/example_dags/example_local_kubernetes_executor.py
[2023-11-22T21:09:57.258+0000] {processor.py:829} INFO - Processing file /home/airflow/.local/lib/python3.8/site-packages/airflow/example_dags/example_local_kubernetes_executor.py for tasks to queue
[2023-11-22T21:09:57.261+0000] {logging_mixin.py:154} INFO - [2023-11-22T21:09:57.261+0000] {dagbag.py:536} INFO - Filling up the DagBag from /home/airflow/.local/lib/python3.8/site-packages/airflow/example_dags/example_local_kubernetes_executor.py
[2023-11-22T21:09:57.270+0000] {processor.py:839} INFO - DAG(s) dict_keys(['example_local_kubernetes_executor']) retrieved from /home/airflow/.local/lib/python3.8/site-packages/airflow/example_dags/example_local_kubernetes_executor.py
[2023-11-22T21:09:57.307+0000] {logging_mixin.py:154} INFO - [2023-11-22T21:09:57.307+0000] {dag.py:2941} INFO - Sync 1 DAGs
[2023-11-22T21:09:57.321+0000] {logging_mixin.py:154} INFO - [2023-11-22T21:09:57.321+0000] {dag.py:3722} INFO - Setting next_dagrun for example_local_kubernetes_executor to None, run_after=None
[2023-11-22T21:09:57.344+0000] {processor.py:179} INFO - Processing /home/airflow/.local/lib/python3.8/site-packages/airflow/example_dags/example_local_kubernetes_executor.py took 0.091 seconds
[2023-11-22T21:10:27.711+0000] {processor.py:157} INFO - Started process (PID=2525) to work on /home/airflow/.local/lib/python3.8/site-packages/airflow/example_dags/example_local_kubernetes_executor.py
[2023-11-22T21:10:27.713+0000] {processor.py:829} INFO - Processing file /home/airflow/.local/lib/python3.8/site-packages/airflow/example_dags/example_local_kubernetes_executor.py for tasks to queue
[2023-11-22T21:10:27.717+0000] {logging_mixin.py:154} INFO - [2023-11-22T21:10:27.717+0000] {dagbag.py:536} INFO - Filling up the DagBag from /home/airflow/.local/lib/python3.8/site-packages/airflow/example_dags/example_local_kubernetes_executor.py
[2023-11-22T21:10:27.731+0000] {processor.py:839} INFO - DAG(s) dict_keys(['example_local_kubernetes_executor']) retrieved from /home/airflow/.local/lib/python3.8/site-packages/airflow/example_dags/example_local_kubernetes_executor.py
[2023-11-22T21:10:27.772+0000] {logging_mixin.py:154} INFO - [2023-11-22T21:10:27.772+0000] {dag.py:2941} INFO - Sync 1 DAGs
[2023-11-22T21:10:27.788+0000] {logging_mixin.py:154} INFO - [2023-11-22T21:10:27.788+0000] {dag.py:3722} INFO - Setting next_dagrun for example_local_kubernetes_executor to None, run_after=None
[2023-11-22T21:10:27.810+0000] {processor.py:179} INFO - Processing /home/airflow/.local/lib/python3.8/site-packages/airflow/example_dags/example_local_kubernetes_executor.py took 0.104 seconds
[2023-11-22T21:10:58.196+0000] {processor.py:157} INFO - Started process (PID=2579) to work on /home/airflow/.local/lib/python3.8/site-packages/airflow/example_dags/example_local_kubernetes_executor.py
[2023-11-22T21:10:58.197+0000] {processor.py:829} INFO - Processing file /home/airflow/.local/lib/python3.8/site-packages/airflow/example_dags/example_local_kubernetes_executor.py for tasks to queue
[2023-11-22T21:10:58.201+0000] {logging_mixin.py:154} INFO - [2023-11-22T21:10:58.200+0000] {dagbag.py:536} INFO - Filling up the DagBag from /home/airflow/.local/lib/python3.8/site-packages/airflow/example_dags/example_local_kubernetes_executor.py
[2023-11-22T21:10:58.209+0000] {processor.py:839} INFO - DAG(s) dict_keys(['example_local_kubernetes_executor']) retrieved from /home/airflow/.local/lib/python3.8/site-packages/airflow/example_dags/example_local_kubernetes_executor.py
[2023-11-22T21:10:58.243+0000] {logging_mixin.py:154} INFO - [2023-11-22T21:10:58.242+0000] {dag.py:2941} INFO - Sync 1 DAGs
[2023-11-22T21:10:58.256+0000] {logging_mixin.py:154} INFO - [2023-11-22T21:10:58.256+0000] {dag.py:3722} INFO - Setting next_dagrun for example_local_kubernetes_executor to None, run_after=None
[2023-11-22T21:10:58.276+0000] {processor.py:179} INFO - Processing /home/airflow/.local/lib/python3.8/site-packages/airflow/example_dags/example_local_kubernetes_executor.py took 0.083 seconds
[2023-11-22T21:11:28.976+0000] {processor.py:157} INFO - Started process (PID=2633) to work on /home/airflow/.local/lib/python3.8/site-packages/airflow/example_dags/example_local_kubernetes_executor.py
[2023-11-22T21:11:28.978+0000] {processor.py:829} INFO - Processing file /home/airflow/.local/lib/python3.8/site-packages/airflow/example_dags/example_local_kubernetes_executor.py for tasks to queue
[2023-11-22T21:11:28.984+0000] {logging_mixin.py:154} INFO - [2023-11-22T21:11:28.983+0000] {dagbag.py:536} INFO - Filling up the DagBag from /home/airflow/.local/lib/python3.8/site-packages/airflow/example_dags/example_local_kubernetes_executor.py
[2023-11-22T21:11:28.994+0000] {processor.py:839} INFO - DAG(s) dict_keys(['example_local_kubernetes_executor']) retrieved from /home/airflow/.local/lib/python3.8/site-packages/airflow/example_dags/example_local_kubernetes_executor.py
[2023-11-22T21:11:29.033+0000] {logging_mixin.py:154} INFO - [2023-11-22T21:11:29.033+0000] {dag.py:2941} INFO - Sync 1 DAGs
[2023-11-22T21:11:29.047+0000] {logging_mixin.py:154} INFO - [2023-11-22T21:11:29.047+0000] {dag.py:3722} INFO - Setting next_dagrun for example_local_kubernetes_executor to None, run_after=None
[2023-11-22T21:11:29.070+0000] {processor.py:179} INFO - Processing /home/airflow/.local/lib/python3.8/site-packages/airflow/example_dags/example_local_kubernetes_executor.py took 0.098 seconds
