[2023-11-22T20:47:15.995+0000] {processor.py:157} INFO - Started process (PID=90) to work on /home/airflow/.local/lib/python3.8/site-packages/airflow/example_dags/tutorial.py
[2023-11-22T20:47:15.997+0000] {processor.py:829} INFO - Processing file /home/airflow/.local/lib/python3.8/site-packages/airflow/example_dags/tutorial.py for tasks to queue
[2023-11-22T20:47:16.000+0000] {logging_mixin.py:154} INFO - [2023-11-22T20:47:15.999+0000] {dagbag.py:536} INFO - Filling up the DagBag from /home/airflow/.local/lib/python3.8/site-packages/airflow/example_dags/tutorial.py
[2023-11-22T20:47:16.033+0000] {processor.py:839} INFO - DAG(s) dict_keys(['tutorial']) retrieved from /home/airflow/.local/lib/python3.8/site-packages/airflow/example_dags/tutorial.py
[2023-11-22T20:47:16.289+0000] {logging_mixin.py:154} INFO - [2023-11-22T20:47:16.288+0000] {dag.py:2941} INFO - Sync 1 DAGs
[2023-11-22T20:47:16.536+0000] {logging_mixin.py:154} INFO - [2023-11-22T20:47:16.535+0000] {dag.py:3722} INFO - Setting next_dagrun for tutorial to 2023-11-21T20:47:16.532440+00:00, run_after=2023-11-22T20:47:16.532440+00:00
[2023-11-22T20:47:16.611+0000] {processor.py:179} INFO - Processing /home/airflow/.local/lib/python3.8/site-packages/airflow/example_dags/tutorial.py took 0.619 seconds
[2023-11-22T20:47:47.290+0000] {processor.py:157} INFO - Started process (PID=144) to work on /home/airflow/.local/lib/python3.8/site-packages/airflow/example_dags/tutorial.py
[2023-11-22T20:47:47.294+0000] {processor.py:829} INFO - Processing file /home/airflow/.local/lib/python3.8/site-packages/airflow/example_dags/tutorial.py for tasks to queue
[2023-11-22T20:47:47.298+0000] {logging_mixin.py:154} INFO - [2023-11-22T20:47:47.297+0000] {dagbag.py:536} INFO - Filling up the DagBag from /home/airflow/.local/lib/python3.8/site-packages/airflow/example_dags/tutorial.py
[2023-11-22T20:47:47.308+0000] {processor.py:839} INFO - DAG(s) dict_keys(['tutorial']) retrieved from /home/airflow/.local/lib/python3.8/site-packages/airflow/example_dags/tutorial.py
[2023-11-22T20:47:47.338+0000] {logging_mixin.py:154} INFO - [2023-11-22T20:47:47.337+0000] {dag.py:2941} INFO - Sync 1 DAGs
[2023-11-22T20:47:47.371+0000] {logging_mixin.py:154} INFO - [2023-11-22T20:47:47.370+0000] {dag.py:3722} INFO - Setting next_dagrun for tutorial to 2023-11-21T20:47:47.370262+00:00, run_after=2023-11-22T20:47:47.370262+00:00
[2023-11-22T20:47:47.527+0000] {processor.py:179} INFO - Processing /home/airflow/.local/lib/python3.8/site-packages/airflow/example_dags/tutorial.py took 0.242 seconds
[2023-11-22T20:48:18.182+0000] {processor.py:157} INFO - Started process (PID=198) to work on /home/airflow/.local/lib/python3.8/site-packages/airflow/example_dags/tutorial.py
[2023-11-22T20:48:18.184+0000] {processor.py:829} INFO - Processing file /home/airflow/.local/lib/python3.8/site-packages/airflow/example_dags/tutorial.py for tasks to queue
[2023-11-22T20:48:18.189+0000] {logging_mixin.py:154} INFO - [2023-11-22T20:48:18.189+0000] {dagbag.py:536} INFO - Filling up the DagBag from /home/airflow/.local/lib/python3.8/site-packages/airflow/example_dags/tutorial.py
[2023-11-22T20:48:18.197+0000] {processor.py:839} INFO - DAG(s) dict_keys(['tutorial']) retrieved from /home/airflow/.local/lib/python3.8/site-packages/airflow/example_dags/tutorial.py
[2023-11-22T20:48:18.221+0000] {logging_mixin.py:154} INFO - [2023-11-22T20:48:18.221+0000] {dag.py:2941} INFO - Sync 1 DAGs
[2023-11-22T20:48:18.254+0000] {logging_mixin.py:154} INFO - [2023-11-22T20:48:18.254+0000] {dag.py:3722} INFO - Setting next_dagrun for tutorial to 2023-11-21T20:48:18.254076+00:00, run_after=2023-11-22T20:48:18.254076+00:00
[2023-11-22T20:48:18.281+0000] {processor.py:179} INFO - Processing /home/airflow/.local/lib/python3.8/site-packages/airflow/example_dags/tutorial.py took 0.102 seconds
[2023-11-22T20:48:48.781+0000] {processor.py:157} INFO - Started process (PID=252) to work on /home/airflow/.local/lib/python3.8/site-packages/airflow/example_dags/tutorial.py
[2023-11-22T20:48:48.783+0000] {processor.py:829} INFO - Processing file /home/airflow/.local/lib/python3.8/site-packages/airflow/example_dags/tutorial.py for tasks to queue
[2023-11-22T20:48:48.785+0000] {logging_mixin.py:154} INFO - [2023-11-22T20:48:48.785+0000] {dagbag.py:536} INFO - Filling up the DagBag from /home/airflow/.local/lib/python3.8/site-packages/airflow/example_dags/tutorial.py
[2023-11-22T20:48:48.792+0000] {processor.py:839} INFO - DAG(s) dict_keys(['tutorial']) retrieved from /home/airflow/.local/lib/python3.8/site-packages/airflow/example_dags/tutorial.py
[2023-11-22T20:48:48.814+0000] {logging_mixin.py:154} INFO - [2023-11-22T20:48:48.814+0000] {dag.py:2941} INFO - Sync 1 DAGs
[2023-11-22T20:48:48.837+0000] {logging_mixin.py:154} INFO - [2023-11-22T20:48:48.837+0000] {dag.py:3722} INFO - Setting next_dagrun for tutorial to 2023-11-21T20:48:48.837329+00:00, run_after=2023-11-22T20:48:48.837329+00:00
[2023-11-22T20:48:48.865+0000] {processor.py:179} INFO - Processing /home/airflow/.local/lib/python3.8/site-packages/airflow/example_dags/tutorial.py took 0.087 seconds
[2023-11-22T20:49:19.022+0000] {processor.py:157} INFO - Started process (PID=306) to work on /home/airflow/.local/lib/python3.8/site-packages/airflow/example_dags/tutorial.py
[2023-11-22T20:49:19.024+0000] {processor.py:829} INFO - Processing file /home/airflow/.local/lib/python3.8/site-packages/airflow/example_dags/tutorial.py for tasks to queue
[2023-11-22T20:49:19.028+0000] {logging_mixin.py:154} INFO - [2023-11-22T20:49:19.027+0000] {dagbag.py:536} INFO - Filling up the DagBag from /home/airflow/.local/lib/python3.8/site-packages/airflow/example_dags/tutorial.py
[2023-11-22T20:49:19.039+0000] {processor.py:839} INFO - DAG(s) dict_keys(['tutorial']) retrieved from /home/airflow/.local/lib/python3.8/site-packages/airflow/example_dags/tutorial.py
[2023-11-22T20:49:19.070+0000] {logging_mixin.py:154} INFO - [2023-11-22T20:49:19.070+0000] {dag.py:2941} INFO - Sync 1 DAGs
[2023-11-22T20:49:19.105+0000] {logging_mixin.py:154} INFO - [2023-11-22T20:49:19.105+0000] {dag.py:3722} INFO - Setting next_dagrun for tutorial to 2023-11-21T20:49:19.105241+00:00, run_after=2023-11-22T20:49:19.105241+00:00
[2023-11-22T20:49:19.130+0000] {processor.py:179} INFO - Processing /home/airflow/.local/lib/python3.8/site-packages/airflow/example_dags/tutorial.py took 0.112 seconds
[2023-11-22T20:49:49.220+0000] {processor.py:157} INFO - Started process (PID=360) to work on /home/airflow/.local/lib/python3.8/site-packages/airflow/example_dags/tutorial.py
[2023-11-22T20:49:49.221+0000] {processor.py:829} INFO - Processing file /home/airflow/.local/lib/python3.8/site-packages/airflow/example_dags/tutorial.py for tasks to queue
[2023-11-22T20:49:49.223+0000] {logging_mixin.py:154} INFO - [2023-11-22T20:49:49.223+0000] {dagbag.py:536} INFO - Filling up the DagBag from /home/airflow/.local/lib/python3.8/site-packages/airflow/example_dags/tutorial.py
[2023-11-22T20:49:49.229+0000] {processor.py:839} INFO - DAG(s) dict_keys(['tutorial']) retrieved from /home/airflow/.local/lib/python3.8/site-packages/airflow/example_dags/tutorial.py
[2023-11-22T20:49:49.250+0000] {logging_mixin.py:154} INFO - [2023-11-22T20:49:49.249+0000] {dag.py:2941} INFO - Sync 1 DAGs
[2023-11-22T20:49:49.275+0000] {logging_mixin.py:154} INFO - [2023-11-22T20:49:49.275+0000] {dag.py:3722} INFO - Setting next_dagrun for tutorial to 2023-11-21T20:49:49.275073+00:00, run_after=2023-11-22T20:49:49.275073+00:00
[2023-11-22T20:49:49.295+0000] {processor.py:179} INFO - Processing /home/airflow/.local/lib/python3.8/site-packages/airflow/example_dags/tutorial.py took 0.078 seconds
[2023-11-22T20:50:20.216+0000] {processor.py:157} INFO - Started process (PID=414) to work on /home/airflow/.local/lib/python3.8/site-packages/airflow/example_dags/tutorial.py
[2023-11-22T20:50:20.217+0000] {processor.py:829} INFO - Processing file /home/airflow/.local/lib/python3.8/site-packages/airflow/example_dags/tutorial.py for tasks to queue
[2023-11-22T20:50:20.223+0000] {logging_mixin.py:154} INFO - [2023-11-22T20:50:20.221+0000] {dagbag.py:536} INFO - Filling up the DagBag from /home/airflow/.local/lib/python3.8/site-packages/airflow/example_dags/tutorial.py
[2023-11-22T20:50:20.232+0000] {processor.py:839} INFO - DAG(s) dict_keys(['tutorial']) retrieved from /home/airflow/.local/lib/python3.8/site-packages/airflow/example_dags/tutorial.py
[2023-11-22T20:50:20.263+0000] {logging_mixin.py:154} INFO - [2023-11-22T20:50:20.263+0000] {dag.py:2941} INFO - Sync 1 DAGs
[2023-11-22T20:50:20.293+0000] {logging_mixin.py:154} INFO - [2023-11-22T20:50:20.293+0000] {dag.py:3722} INFO - Setting next_dagrun for tutorial to 2023-11-21T20:50:20.293257+00:00, run_after=2023-11-22T20:50:20.293257+00:00
[2023-11-22T20:50:20.327+0000] {processor.py:179} INFO - Processing /home/airflow/.local/lib/python3.8/site-packages/airflow/example_dags/tutorial.py took 0.115 seconds
[2023-11-22T20:50:51.561+0000] {processor.py:157} INFO - Started process (PID=468) to work on /home/airflow/.local/lib/python3.8/site-packages/airflow/example_dags/tutorial.py
[2023-11-22T20:50:51.635+0000] {processor.py:829} INFO - Processing file /home/airflow/.local/lib/python3.8/site-packages/airflow/example_dags/tutorial.py for tasks to queue
[2023-11-22T20:50:51.639+0000] {logging_mixin.py:154} INFO - [2023-11-22T20:50:51.639+0000] {dagbag.py:536} INFO - Filling up the DagBag from /home/airflow/.local/lib/python3.8/site-packages/airflow/example_dags/tutorial.py
[2023-11-22T20:50:51.649+0000] {processor.py:839} INFO - DAG(s) dict_keys(['tutorial']) retrieved from /home/airflow/.local/lib/python3.8/site-packages/airflow/example_dags/tutorial.py
[2023-11-22T20:50:52.222+0000] {logging_mixin.py:154} INFO - [2023-11-22T20:50:52.222+0000] {dag.py:2941} INFO - Sync 1 DAGs
[2023-11-22T20:50:52.269+0000] {logging_mixin.py:154} INFO - [2023-11-22T20:50:52.269+0000] {dag.py:3722} INFO - Setting next_dagrun for tutorial to 2023-11-21T20:50:52.268500+00:00, run_after=2023-11-22T20:50:52.268500+00:00
[2023-11-22T20:50:52.309+0000] {processor.py:179} INFO - Processing /home/airflow/.local/lib/python3.8/site-packages/airflow/example_dags/tutorial.py took 0.753 seconds
[2023-11-22T20:51:22.704+0000] {processor.py:157} INFO - Started process (PID=523) to work on /home/airflow/.local/lib/python3.8/site-packages/airflow/example_dags/tutorial.py
[2023-11-22T20:51:22.706+0000] {processor.py:829} INFO - Processing file /home/airflow/.local/lib/python3.8/site-packages/airflow/example_dags/tutorial.py for tasks to queue
[2023-11-22T20:51:22.708+0000] {logging_mixin.py:154} INFO - [2023-11-22T20:51:22.708+0000] {dagbag.py:536} INFO - Filling up the DagBag from /home/airflow/.local/lib/python3.8/site-packages/airflow/example_dags/tutorial.py
[2023-11-22T20:51:22.714+0000] {processor.py:839} INFO - DAG(s) dict_keys(['tutorial']) retrieved from /home/airflow/.local/lib/python3.8/site-packages/airflow/example_dags/tutorial.py
[2023-11-22T20:51:22.806+0000] {logging_mixin.py:154} INFO - [2023-11-22T20:51:22.805+0000] {dag.py:2941} INFO - Sync 1 DAGs
[2023-11-22T20:51:22.831+0000] {logging_mixin.py:154} INFO - [2023-11-22T20:51:22.830+0000] {dag.py:3722} INFO - Setting next_dagrun for tutorial to 2023-11-21T20:51:22.830572+00:00, run_after=2023-11-22T20:51:22.830572+00:00
[2023-11-22T20:51:22.851+0000] {processor.py:179} INFO - Processing /home/airflow/.local/lib/python3.8/site-packages/airflow/example_dags/tutorial.py took 0.150 seconds
[2023-11-22T20:51:52.968+0000] {processor.py:157} INFO - Started process (PID=577) to work on /home/airflow/.local/lib/python3.8/site-packages/airflow/example_dags/tutorial.py
[2023-11-22T20:51:52.970+0000] {processor.py:829} INFO - Processing file /home/airflow/.local/lib/python3.8/site-packages/airflow/example_dags/tutorial.py for tasks to queue
[2023-11-22T20:51:52.974+0000] {logging_mixin.py:154} INFO - [2023-11-22T20:51:52.974+0000] {dagbag.py:536} INFO - Filling up the DagBag from /home/airflow/.local/lib/python3.8/site-packages/airflow/example_dags/tutorial.py
[2023-11-22T20:51:52.983+0000] {processor.py:839} INFO - DAG(s) dict_keys(['tutorial']) retrieved from /home/airflow/.local/lib/python3.8/site-packages/airflow/example_dags/tutorial.py
[2023-11-22T20:51:53.010+0000] {logging_mixin.py:154} INFO - [2023-11-22T20:51:53.009+0000] {dag.py:2941} INFO - Sync 1 DAGs
[2023-11-22T20:51:53.041+0000] {logging_mixin.py:154} INFO - [2023-11-22T20:51:53.041+0000] {dag.py:3722} INFO - Setting next_dagrun for tutorial to 2023-11-21T20:51:53.041400+00:00, run_after=2023-11-22T20:51:53.041400+00:00
[2023-11-22T20:51:53.070+0000] {processor.py:179} INFO - Processing /home/airflow/.local/lib/python3.8/site-packages/airflow/example_dags/tutorial.py took 0.107 seconds
[2023-11-22T20:52:31.953+0000] {processor.py:157} INFO - Started process (PID=631) to work on /home/airflow/.local/lib/python3.8/site-packages/airflow/example_dags/tutorial.py
[2023-11-22T20:52:31.955+0000] {processor.py:829} INFO - Processing file /home/airflow/.local/lib/python3.8/site-packages/airflow/example_dags/tutorial.py for tasks to queue
[2023-11-22T20:52:31.960+0000] {logging_mixin.py:154} INFO - [2023-11-22T20:52:31.959+0000] {dagbag.py:536} INFO - Filling up the DagBag from /home/airflow/.local/lib/python3.8/site-packages/airflow/example_dags/tutorial.py
[2023-11-22T20:52:31.967+0000] {processor.py:839} INFO - DAG(s) dict_keys(['tutorial']) retrieved from /home/airflow/.local/lib/python3.8/site-packages/airflow/example_dags/tutorial.py
[2023-11-22T20:52:31.995+0000] {logging_mixin.py:154} INFO - [2023-11-22T20:52:31.995+0000] {dag.py:2941} INFO - Sync 1 DAGs
[2023-11-22T20:52:32.030+0000] {logging_mixin.py:154} INFO - [2023-11-22T20:52:32.030+0000] {dag.py:3722} INFO - Setting next_dagrun for tutorial to 2023-11-21T20:52:32.029688+00:00, run_after=2023-11-22T20:52:32.029688+00:00
[2023-11-22T20:52:32.059+0000] {processor.py:179} INFO - Processing /home/airflow/.local/lib/python3.8/site-packages/airflow/example_dags/tutorial.py took 0.110 seconds
[2023-11-22T20:53:02.716+0000] {processor.py:157} INFO - Started process (PID=685) to work on /home/airflow/.local/lib/python3.8/site-packages/airflow/example_dags/tutorial.py
[2023-11-22T20:53:02.718+0000] {processor.py:829} INFO - Processing file /home/airflow/.local/lib/python3.8/site-packages/airflow/example_dags/tutorial.py for tasks to queue
[2023-11-22T20:53:02.729+0000] {logging_mixin.py:154} INFO - [2023-11-22T20:53:02.728+0000] {dagbag.py:536} INFO - Filling up the DagBag from /home/airflow/.local/lib/python3.8/site-packages/airflow/example_dags/tutorial.py
[2023-11-22T20:53:02.746+0000] {processor.py:839} INFO - DAG(s) dict_keys(['tutorial']) retrieved from /home/airflow/.local/lib/python3.8/site-packages/airflow/example_dags/tutorial.py
[2023-11-22T20:53:02.801+0000] {logging_mixin.py:154} INFO - [2023-11-22T20:53:02.800+0000] {dag.py:2941} INFO - Sync 1 DAGs
[2023-11-22T20:53:02.838+0000] {logging_mixin.py:154} INFO - [2023-11-22T20:53:02.837+0000] {dag.py:3722} INFO - Setting next_dagrun for tutorial to 2023-11-21T20:53:02.837594+00:00, run_after=2023-11-22T20:53:02.837594+00:00
[2023-11-22T20:53:02.865+0000] {processor.py:179} INFO - Processing /home/airflow/.local/lib/python3.8/site-packages/airflow/example_dags/tutorial.py took 0.153 seconds
[2023-11-22T20:53:33.174+0000] {processor.py:157} INFO - Started process (PID=738) to work on /home/airflow/.local/lib/python3.8/site-packages/airflow/example_dags/tutorial.py
[2023-11-22T20:53:33.176+0000] {processor.py:829} INFO - Processing file /home/airflow/.local/lib/python3.8/site-packages/airflow/example_dags/tutorial.py for tasks to queue
[2023-11-22T20:53:33.178+0000] {logging_mixin.py:154} INFO - [2023-11-22T20:53:33.178+0000] {dagbag.py:536} INFO - Filling up the DagBag from /home/airflow/.local/lib/python3.8/site-packages/airflow/example_dags/tutorial.py
[2023-11-22T20:53:33.186+0000] {processor.py:839} INFO - DAG(s) dict_keys(['tutorial']) retrieved from /home/airflow/.local/lib/python3.8/site-packages/airflow/example_dags/tutorial.py
[2023-11-22T20:53:33.209+0000] {logging_mixin.py:154} INFO - [2023-11-22T20:53:33.208+0000] {dag.py:2941} INFO - Sync 1 DAGs
[2023-11-22T20:53:33.236+0000] {logging_mixin.py:154} INFO - [2023-11-22T20:53:33.236+0000] {dag.py:3722} INFO - Setting next_dagrun for tutorial to 2023-11-21T20:53:33.235967+00:00, run_after=2023-11-22T20:53:33.235967+00:00
[2023-11-22T20:53:33.260+0000] {processor.py:179} INFO - Processing /home/airflow/.local/lib/python3.8/site-packages/airflow/example_dags/tutorial.py took 0.089 seconds
[2023-11-22T20:54:07.765+0000] {processor.py:157} INFO - Started process (PID=793) to work on /home/airflow/.local/lib/python3.8/site-packages/airflow/example_dags/tutorial.py
[2023-11-22T20:54:07.766+0000] {processor.py:829} INFO - Processing file /home/airflow/.local/lib/python3.8/site-packages/airflow/example_dags/tutorial.py for tasks to queue
[2023-11-22T20:54:07.768+0000] {logging_mixin.py:154} INFO - [2023-11-22T20:54:07.768+0000] {dagbag.py:536} INFO - Filling up the DagBag from /home/airflow/.local/lib/python3.8/site-packages/airflow/example_dags/tutorial.py
[2023-11-22T20:54:07.775+0000] {processor.py:839} INFO - DAG(s) dict_keys(['tutorial']) retrieved from /home/airflow/.local/lib/python3.8/site-packages/airflow/example_dags/tutorial.py
[2023-11-22T20:54:07.798+0000] {logging_mixin.py:154} INFO - [2023-11-22T20:54:07.798+0000] {dag.py:2941} INFO - Sync 1 DAGs
[2023-11-22T20:54:07.823+0000] {logging_mixin.py:154} INFO - [2023-11-22T20:54:07.823+0000] {dag.py:3722} INFO - Setting next_dagrun for tutorial to 2023-11-21T20:54:07.823429+00:00, run_after=2023-11-22T20:54:07.823429+00:00
[2023-11-22T20:54:07.842+0000] {processor.py:179} INFO - Processing /home/airflow/.local/lib/python3.8/site-packages/airflow/example_dags/tutorial.py took 0.081 seconds
[2023-11-22T20:54:39.819+0000] {processor.py:157} INFO - Started process (PID=847) to work on /home/airflow/.local/lib/python3.8/site-packages/airflow/example_dags/tutorial.py
[2023-11-22T20:54:39.820+0000] {processor.py:829} INFO - Processing file /home/airflow/.local/lib/python3.8/site-packages/airflow/example_dags/tutorial.py for tasks to queue
[2023-11-22T20:54:39.823+0000] {logging_mixin.py:154} INFO - [2023-11-22T20:54:39.822+0000] {dagbag.py:536} INFO - Filling up the DagBag from /home/airflow/.local/lib/python3.8/site-packages/airflow/example_dags/tutorial.py
[2023-11-22T20:54:39.829+0000] {processor.py:839} INFO - DAG(s) dict_keys(['tutorial']) retrieved from /home/airflow/.local/lib/python3.8/site-packages/airflow/example_dags/tutorial.py
[2023-11-22T20:54:39.849+0000] {logging_mixin.py:154} INFO - [2023-11-22T20:54:39.849+0000] {dag.py:2941} INFO - Sync 1 DAGs
[2023-11-22T20:54:39.873+0000] {logging_mixin.py:154} INFO - [2023-11-22T20:54:39.873+0000] {dag.py:3722} INFO - Setting next_dagrun for tutorial to 2023-11-21T20:54:39.872939+00:00, run_after=2023-11-22T20:54:39.872939+00:00
[2023-11-22T20:54:39.894+0000] {processor.py:179} INFO - Processing /home/airflow/.local/lib/python3.8/site-packages/airflow/example_dags/tutorial.py took 0.079 seconds
[2023-11-22T20:55:10.668+0000] {processor.py:157} INFO - Started process (PID=901) to work on /home/airflow/.local/lib/python3.8/site-packages/airflow/example_dags/tutorial.py
[2023-11-22T20:55:10.669+0000] {processor.py:829} INFO - Processing file /home/airflow/.local/lib/python3.8/site-packages/airflow/example_dags/tutorial.py for tasks to queue
[2023-11-22T20:55:10.672+0000] {logging_mixin.py:154} INFO - [2023-11-22T20:55:10.671+0000] {dagbag.py:536} INFO - Filling up the DagBag from /home/airflow/.local/lib/python3.8/site-packages/airflow/example_dags/tutorial.py
[2023-11-22T20:55:10.678+0000] {processor.py:839} INFO - DAG(s) dict_keys(['tutorial']) retrieved from /home/airflow/.local/lib/python3.8/site-packages/airflow/example_dags/tutorial.py
[2023-11-22T20:55:10.700+0000] {logging_mixin.py:154} INFO - [2023-11-22T20:55:10.700+0000] {dag.py:2941} INFO - Sync 1 DAGs
[2023-11-22T20:55:10.723+0000] {logging_mixin.py:154} INFO - [2023-11-22T20:55:10.723+0000] {dag.py:3722} INFO - Setting next_dagrun for tutorial to 2023-11-21T20:55:10.723145+00:00, run_after=2023-11-22T20:55:10.723145+00:00
[2023-11-22T20:55:10.744+0000] {processor.py:179} INFO - Processing /home/airflow/.local/lib/python3.8/site-packages/airflow/example_dags/tutorial.py took 0.079 seconds
[2023-11-22T20:55:41.674+0000] {processor.py:157} INFO - Started process (PID=955) to work on /home/airflow/.local/lib/python3.8/site-packages/airflow/example_dags/tutorial.py
[2023-11-22T20:55:41.675+0000] {processor.py:829} INFO - Processing file /home/airflow/.local/lib/python3.8/site-packages/airflow/example_dags/tutorial.py for tasks to queue
[2023-11-22T20:55:41.677+0000] {logging_mixin.py:154} INFO - [2023-11-22T20:55:41.677+0000] {dagbag.py:536} INFO - Filling up the DagBag from /home/airflow/.local/lib/python3.8/site-packages/airflow/example_dags/tutorial.py
[2023-11-22T20:55:41.683+0000] {processor.py:839} INFO - DAG(s) dict_keys(['tutorial']) retrieved from /home/airflow/.local/lib/python3.8/site-packages/airflow/example_dags/tutorial.py
[2023-11-22T20:55:41.704+0000] {logging_mixin.py:154} INFO - [2023-11-22T20:55:41.704+0000] {dag.py:2941} INFO - Sync 1 DAGs
[2023-11-22T20:55:41.725+0000] {logging_mixin.py:154} INFO - [2023-11-22T20:55:41.725+0000] {dag.py:3722} INFO - Setting next_dagrun for tutorial to 2023-11-21T20:55:41.725077+00:00, run_after=2023-11-22T20:55:41.725077+00:00
[2023-11-22T20:55:41.746+0000] {processor.py:179} INFO - Processing /home/airflow/.local/lib/python3.8/site-packages/airflow/example_dags/tutorial.py took 0.075 seconds
[2023-11-22T20:56:12.375+0000] {processor.py:157} INFO - Started process (PID=1010) to work on /home/airflow/.local/lib/python3.8/site-packages/airflow/example_dags/tutorial.py
[2023-11-22T20:56:12.376+0000] {processor.py:829} INFO - Processing file /home/airflow/.local/lib/python3.8/site-packages/airflow/example_dags/tutorial.py for tasks to queue
[2023-11-22T20:56:12.378+0000] {logging_mixin.py:154} INFO - [2023-11-22T20:56:12.378+0000] {dagbag.py:536} INFO - Filling up the DagBag from /home/airflow/.local/lib/python3.8/site-packages/airflow/example_dags/tutorial.py
[2023-11-22T20:56:12.385+0000] {processor.py:839} INFO - DAG(s) dict_keys(['tutorial']) retrieved from /home/airflow/.local/lib/python3.8/site-packages/airflow/example_dags/tutorial.py
[2023-11-22T20:56:12.405+0000] {logging_mixin.py:154} INFO - [2023-11-22T20:56:12.405+0000] {dag.py:2941} INFO - Sync 1 DAGs
[2023-11-22T20:56:12.428+0000] {logging_mixin.py:154} INFO - [2023-11-22T20:56:12.427+0000] {dag.py:3722} INFO - Setting next_dagrun for tutorial to 2023-11-21T20:56:12.427541+00:00, run_after=2023-11-22T20:56:12.427541+00:00
[2023-11-22T20:56:12.452+0000] {processor.py:179} INFO - Processing /home/airflow/.local/lib/python3.8/site-packages/airflow/example_dags/tutorial.py took 0.080 seconds
[2023-11-22T20:56:43.572+0000] {processor.py:157} INFO - Started process (PID=1064) to work on /home/airflow/.local/lib/python3.8/site-packages/airflow/example_dags/tutorial.py
[2023-11-22T20:56:43.573+0000] {processor.py:829} INFO - Processing file /home/airflow/.local/lib/python3.8/site-packages/airflow/example_dags/tutorial.py for tasks to queue
[2023-11-22T20:56:43.576+0000] {logging_mixin.py:154} INFO - [2023-11-22T20:56:43.576+0000] {dagbag.py:536} INFO - Filling up the DagBag from /home/airflow/.local/lib/python3.8/site-packages/airflow/example_dags/tutorial.py
[2023-11-22T20:56:43.582+0000] {processor.py:839} INFO - DAG(s) dict_keys(['tutorial']) retrieved from /home/airflow/.local/lib/python3.8/site-packages/airflow/example_dags/tutorial.py
[2023-11-22T20:56:43.603+0000] {logging_mixin.py:154} INFO - [2023-11-22T20:56:43.603+0000] {dag.py:2941} INFO - Sync 1 DAGs
[2023-11-22T20:56:43.766+0000] {logging_mixin.py:154} INFO - [2023-11-22T20:56:43.766+0000] {dag.py:3722} INFO - Setting next_dagrun for tutorial to 2023-11-21T20:56:43.765805+00:00, run_after=2023-11-22T20:56:43.765805+00:00
[2023-11-22T20:56:43.793+0000] {processor.py:179} INFO - Processing /home/airflow/.local/lib/python3.8/site-packages/airflow/example_dags/tutorial.py took 0.225 seconds
[2023-11-22T20:57:14.732+0000] {processor.py:157} INFO - Started process (PID=1118) to work on /home/airflow/.local/lib/python3.8/site-packages/airflow/example_dags/tutorial.py
[2023-11-22T20:57:14.733+0000] {processor.py:829} INFO - Processing file /home/airflow/.local/lib/python3.8/site-packages/airflow/example_dags/tutorial.py for tasks to queue
[2023-11-22T20:57:14.736+0000] {logging_mixin.py:154} INFO - [2023-11-22T20:57:14.735+0000] {dagbag.py:536} INFO - Filling up the DagBag from /home/airflow/.local/lib/python3.8/site-packages/airflow/example_dags/tutorial.py
[2023-11-22T20:57:14.743+0000] {processor.py:839} INFO - DAG(s) dict_keys(['tutorial']) retrieved from /home/airflow/.local/lib/python3.8/site-packages/airflow/example_dags/tutorial.py
[2023-11-22T20:57:14.764+0000] {logging_mixin.py:154} INFO - [2023-11-22T20:57:14.764+0000] {dag.py:2941} INFO - Sync 1 DAGs
[2023-11-22T20:57:14.787+0000] {logging_mixin.py:154} INFO - [2023-11-22T20:57:14.786+0000] {dag.py:3722} INFO - Setting next_dagrun for tutorial to 2023-11-21T20:57:14.786652+00:00, run_after=2023-11-22T20:57:14.786652+00:00
[2023-11-22T20:57:14.808+0000] {processor.py:179} INFO - Processing /home/airflow/.local/lib/python3.8/site-packages/airflow/example_dags/tutorial.py took 0.079 seconds
[2023-11-22T20:57:45.642+0000] {processor.py:157} INFO - Started process (PID=1172) to work on /home/airflow/.local/lib/python3.8/site-packages/airflow/example_dags/tutorial.py
[2023-11-22T20:57:45.643+0000] {processor.py:829} INFO - Processing file /home/airflow/.local/lib/python3.8/site-packages/airflow/example_dags/tutorial.py for tasks to queue
[2023-11-22T20:57:45.646+0000] {logging_mixin.py:154} INFO - [2023-11-22T20:57:45.645+0000] {dagbag.py:536} INFO - Filling up the DagBag from /home/airflow/.local/lib/python3.8/site-packages/airflow/example_dags/tutorial.py
[2023-11-22T20:57:45.652+0000] {processor.py:839} INFO - DAG(s) dict_keys(['tutorial']) retrieved from /home/airflow/.local/lib/python3.8/site-packages/airflow/example_dags/tutorial.py
[2023-11-22T20:57:45.673+0000] {logging_mixin.py:154} INFO - [2023-11-22T20:57:45.673+0000] {dag.py:2941} INFO - Sync 1 DAGs
[2023-11-22T20:57:45.696+0000] {logging_mixin.py:154} INFO - [2023-11-22T20:57:45.696+0000] {dag.py:3722} INFO - Setting next_dagrun for tutorial to 2023-11-21T20:57:45.696508+00:00, run_after=2023-11-22T20:57:45.696508+00:00
[2023-11-22T20:57:45.717+0000] {processor.py:179} INFO - Processing /home/airflow/.local/lib/python3.8/site-packages/airflow/example_dags/tutorial.py took 0.078 seconds
[2023-11-22T20:58:16.126+0000] {processor.py:157} INFO - Started process (PID=1226) to work on /home/airflow/.local/lib/python3.8/site-packages/airflow/example_dags/tutorial.py
[2023-11-22T20:58:16.128+0000] {processor.py:829} INFO - Processing file /home/airflow/.local/lib/python3.8/site-packages/airflow/example_dags/tutorial.py for tasks to queue
[2023-11-22T20:58:16.130+0000] {logging_mixin.py:154} INFO - [2023-11-22T20:58:16.130+0000] {dagbag.py:536} INFO - Filling up the DagBag from /home/airflow/.local/lib/python3.8/site-packages/airflow/example_dags/tutorial.py
[2023-11-22T20:58:16.137+0000] {processor.py:839} INFO - DAG(s) dict_keys(['tutorial']) retrieved from /home/airflow/.local/lib/python3.8/site-packages/airflow/example_dags/tutorial.py
[2023-11-22T20:58:16.163+0000] {logging_mixin.py:154} INFO - [2023-11-22T20:58:16.163+0000] {dag.py:2941} INFO - Sync 1 DAGs
[2023-11-22T20:58:16.328+0000] {logging_mixin.py:154} INFO - [2023-11-22T20:58:16.328+0000] {dag.py:3722} INFO - Setting next_dagrun for tutorial to 2023-11-21T20:58:16.327938+00:00, run_after=2023-11-22T20:58:16.327938+00:00
[2023-11-22T20:58:16.348+0000] {processor.py:179} INFO - Processing /home/airflow/.local/lib/python3.8/site-packages/airflow/example_dags/tutorial.py took 0.226 seconds
[2023-11-22T20:58:46.508+0000] {processor.py:157} INFO - Started process (PID=1280) to work on /home/airflow/.local/lib/python3.8/site-packages/airflow/example_dags/tutorial.py
[2023-11-22T20:58:46.509+0000] {processor.py:829} INFO - Processing file /home/airflow/.local/lib/python3.8/site-packages/airflow/example_dags/tutorial.py for tasks to queue
[2023-11-22T20:58:46.512+0000] {logging_mixin.py:154} INFO - [2023-11-22T20:58:46.511+0000] {dagbag.py:536} INFO - Filling up the DagBag from /home/airflow/.local/lib/python3.8/site-packages/airflow/example_dags/tutorial.py
[2023-11-22T20:58:46.518+0000] {processor.py:839} INFO - DAG(s) dict_keys(['tutorial']) retrieved from /home/airflow/.local/lib/python3.8/site-packages/airflow/example_dags/tutorial.py
[2023-11-22T20:58:46.540+0000] {logging_mixin.py:154} INFO - [2023-11-22T20:58:46.540+0000] {dag.py:2941} INFO - Sync 1 DAGs
[2023-11-22T20:58:46.561+0000] {logging_mixin.py:154} INFO - [2023-11-22T20:58:46.561+0000] {dag.py:3722} INFO - Setting next_dagrun for tutorial to 2023-11-21T20:58:46.561322+00:00, run_after=2023-11-22T20:58:46.561322+00:00
[2023-11-22T20:58:46.581+0000] {processor.py:179} INFO - Processing /home/airflow/.local/lib/python3.8/site-packages/airflow/example_dags/tutorial.py took 0.076 seconds
[2023-11-22T20:59:17.043+0000] {processor.py:157} INFO - Started process (PID=1334) to work on /home/airflow/.local/lib/python3.8/site-packages/airflow/example_dags/tutorial.py
[2023-11-22T20:59:17.044+0000] {processor.py:829} INFO - Processing file /home/airflow/.local/lib/python3.8/site-packages/airflow/example_dags/tutorial.py for tasks to queue
[2023-11-22T20:59:17.047+0000] {logging_mixin.py:154} INFO - [2023-11-22T20:59:17.046+0000] {dagbag.py:536} INFO - Filling up the DagBag from /home/airflow/.local/lib/python3.8/site-packages/airflow/example_dags/tutorial.py
[2023-11-22T20:59:17.053+0000] {processor.py:839} INFO - DAG(s) dict_keys(['tutorial']) retrieved from /home/airflow/.local/lib/python3.8/site-packages/airflow/example_dags/tutorial.py
[2023-11-22T20:59:17.075+0000] {logging_mixin.py:154} INFO - [2023-11-22T20:59:17.074+0000] {dag.py:2941} INFO - Sync 1 DAGs
[2023-11-22T20:59:17.098+0000] {logging_mixin.py:154} INFO - [2023-11-22T20:59:17.098+0000] {dag.py:3722} INFO - Setting next_dagrun for tutorial to 2023-11-21T20:59:17.098386+00:00, run_after=2023-11-22T20:59:17.098386+00:00
[2023-11-22T20:59:17.123+0000] {processor.py:179} INFO - Processing /home/airflow/.local/lib/python3.8/site-packages/airflow/example_dags/tutorial.py took 0.083 seconds
[2023-11-22T20:59:48.468+0000] {processor.py:157} INFO - Started process (PID=1388) to work on /home/airflow/.local/lib/python3.8/site-packages/airflow/example_dags/tutorial.py
[2023-11-22T20:59:48.470+0000] {processor.py:829} INFO - Processing file /home/airflow/.local/lib/python3.8/site-packages/airflow/example_dags/tutorial.py for tasks to queue
[2023-11-22T20:59:48.472+0000] {logging_mixin.py:154} INFO - [2023-11-22T20:59:48.472+0000] {dagbag.py:536} INFO - Filling up the DagBag from /home/airflow/.local/lib/python3.8/site-packages/airflow/example_dags/tutorial.py
[2023-11-22T20:59:48.480+0000] {processor.py:839} INFO - DAG(s) dict_keys(['tutorial']) retrieved from /home/airflow/.local/lib/python3.8/site-packages/airflow/example_dags/tutorial.py
[2023-11-22T20:59:48.503+0000] {logging_mixin.py:154} INFO - [2023-11-22T20:59:48.502+0000] {dag.py:2941} INFO - Sync 1 DAGs
[2023-11-22T20:59:48.678+0000] {logging_mixin.py:154} INFO - [2023-11-22T20:59:48.678+0000] {dag.py:3722} INFO - Setting next_dagrun for tutorial to 2023-11-21T20:59:48.678477+00:00, run_after=2023-11-22T20:59:48.678477+00:00
[2023-11-22T20:59:48.698+0000] {processor.py:179} INFO - Processing /home/airflow/.local/lib/python3.8/site-packages/airflow/example_dags/tutorial.py took 0.235 seconds
[2023-11-22T21:00:19.446+0000] {processor.py:157} INFO - Started process (PID=1452) to work on /home/airflow/.local/lib/python3.8/site-packages/airflow/example_dags/tutorial.py
[2023-11-22T21:00:19.447+0000] {processor.py:829} INFO - Processing file /home/airflow/.local/lib/python3.8/site-packages/airflow/example_dags/tutorial.py for tasks to queue
[2023-11-22T21:00:19.450+0000] {logging_mixin.py:154} INFO - [2023-11-22T21:00:19.450+0000] {dagbag.py:536} INFO - Filling up the DagBag from /home/airflow/.local/lib/python3.8/site-packages/airflow/example_dags/tutorial.py
[2023-11-22T21:00:19.458+0000] {processor.py:839} INFO - DAG(s) dict_keys(['tutorial']) retrieved from /home/airflow/.local/lib/python3.8/site-packages/airflow/example_dags/tutorial.py
[2023-11-22T21:00:19.478+0000] {logging_mixin.py:154} INFO - [2023-11-22T21:00:19.478+0000] {dag.py:2941} INFO - Sync 1 DAGs
[2023-11-22T21:00:19.670+0000] {logging_mixin.py:154} INFO - [2023-11-22T21:00:19.669+0000] {dag.py:3722} INFO - Setting next_dagrun for tutorial to 2023-11-21T21:00:19.669241+00:00, run_after=2023-11-22T21:00:19.669241+00:00
[2023-11-22T21:00:19.698+0000] {processor.py:179} INFO - Processing /home/airflow/.local/lib/python3.8/site-packages/airflow/example_dags/tutorial.py took 0.255 seconds
[2023-11-22T21:00:50.035+0000] {processor.py:157} INFO - Started process (PID=1506) to work on /home/airflow/.local/lib/python3.8/site-packages/airflow/example_dags/tutorial.py
[2023-11-22T21:00:50.037+0000] {processor.py:829} INFO - Processing file /home/airflow/.local/lib/python3.8/site-packages/airflow/example_dags/tutorial.py for tasks to queue
[2023-11-22T21:00:50.040+0000] {logging_mixin.py:154} INFO - [2023-11-22T21:00:50.040+0000] {dagbag.py:536} INFO - Filling up the DagBag from /home/airflow/.local/lib/python3.8/site-packages/airflow/example_dags/tutorial.py
[2023-11-22T21:00:50.050+0000] {processor.py:839} INFO - DAG(s) dict_keys(['tutorial']) retrieved from /home/airflow/.local/lib/python3.8/site-packages/airflow/example_dags/tutorial.py
[2023-11-22T21:00:50.077+0000] {logging_mixin.py:154} INFO - [2023-11-22T21:00:50.077+0000] {dag.py:2941} INFO - Sync 1 DAGs
[2023-11-22T21:00:50.101+0000] {logging_mixin.py:154} INFO - [2023-11-22T21:00:50.100+0000] {dag.py:3722} INFO - Setting next_dagrun for tutorial to 2023-11-21T21:00:50.100649+00:00, run_after=2023-11-22T21:00:50.100649+00:00
[2023-11-22T21:00:50.122+0000] {processor.py:179} INFO - Processing /home/airflow/.local/lib/python3.8/site-packages/airflow/example_dags/tutorial.py took 0.092 seconds
[2023-11-22T21:01:21.255+0000] {processor.py:157} INFO - Started process (PID=1560) to work on /home/airflow/.local/lib/python3.8/site-packages/airflow/example_dags/tutorial.py
[2023-11-22T21:01:21.257+0000] {processor.py:829} INFO - Processing file /home/airflow/.local/lib/python3.8/site-packages/airflow/example_dags/tutorial.py for tasks to queue
[2023-11-22T21:01:21.260+0000] {logging_mixin.py:154} INFO - [2023-11-22T21:01:21.260+0000] {dagbag.py:536} INFO - Filling up the DagBag from /home/airflow/.local/lib/python3.8/site-packages/airflow/example_dags/tutorial.py
[2023-11-22T21:01:21.268+0000] {processor.py:839} INFO - DAG(s) dict_keys(['tutorial']) retrieved from /home/airflow/.local/lib/python3.8/site-packages/airflow/example_dags/tutorial.py
[2023-11-22T21:01:21.412+0000] {logging_mixin.py:154} INFO - [2023-11-22T21:01:21.412+0000] {dag.py:2941} INFO - Sync 1 DAGs
[2023-11-22T21:01:21.435+0000] {logging_mixin.py:154} INFO - [2023-11-22T21:01:21.435+0000] {dag.py:3722} INFO - Setting next_dagrun for tutorial to 2023-11-21T21:01:21.434786+00:00, run_after=2023-11-22T21:01:21.434786+00:00
[2023-11-22T21:01:21.455+0000] {processor.py:179} INFO - Processing /home/airflow/.local/lib/python3.8/site-packages/airflow/example_dags/tutorial.py took 0.204 seconds
[2023-11-22T21:01:51.651+0000] {processor.py:157} INFO - Started process (PID=1614) to work on /home/airflow/.local/lib/python3.8/site-packages/airflow/example_dags/tutorial.py
[2023-11-22T21:01:51.653+0000] {processor.py:829} INFO - Processing file /home/airflow/.local/lib/python3.8/site-packages/airflow/example_dags/tutorial.py for tasks to queue
[2023-11-22T21:01:51.658+0000] {logging_mixin.py:154} INFO - [2023-11-22T21:01:51.657+0000] {dagbag.py:536} INFO - Filling up the DagBag from /home/airflow/.local/lib/python3.8/site-packages/airflow/example_dags/tutorial.py
[2023-11-22T21:01:51.668+0000] {processor.py:839} INFO - DAG(s) dict_keys(['tutorial']) retrieved from /home/airflow/.local/lib/python3.8/site-packages/airflow/example_dags/tutorial.py
[2023-11-22T21:01:51.704+0000] {logging_mixin.py:154} INFO - [2023-11-22T21:01:51.704+0000] {dag.py:2941} INFO - Sync 1 DAGs
[2023-11-22T21:01:51.936+0000] {logging_mixin.py:154} INFO - [2023-11-22T21:01:51.935+0000] {dag.py:3722} INFO - Setting next_dagrun for tutorial to 2023-11-21T21:01:51.935446+00:00, run_after=2023-11-22T21:01:51.935446+00:00
[2023-11-22T21:01:51.972+0000] {processor.py:179} INFO - Processing /home/airflow/.local/lib/python3.8/site-packages/airflow/example_dags/tutorial.py took 0.325 seconds
[2023-11-22T21:02:22.290+0000] {processor.py:157} INFO - Started process (PID=1669) to work on /home/airflow/.local/lib/python3.8/site-packages/airflow/example_dags/tutorial.py
[2023-11-22T21:02:22.291+0000] {processor.py:829} INFO - Processing file /home/airflow/.local/lib/python3.8/site-packages/airflow/example_dags/tutorial.py for tasks to queue
[2023-11-22T21:02:22.294+0000] {logging_mixin.py:154} INFO - [2023-11-22T21:02:22.294+0000] {dagbag.py:536} INFO - Filling up the DagBag from /home/airflow/.local/lib/python3.8/site-packages/airflow/example_dags/tutorial.py
[2023-11-22T21:02:22.300+0000] {processor.py:839} INFO - DAG(s) dict_keys(['tutorial']) retrieved from /home/airflow/.local/lib/python3.8/site-packages/airflow/example_dags/tutorial.py
[2023-11-22T21:02:22.320+0000] {logging_mixin.py:154} INFO - [2023-11-22T21:02:22.320+0000] {dag.py:2941} INFO - Sync 1 DAGs
[2023-11-22T21:02:22.340+0000] {logging_mixin.py:154} INFO - [2023-11-22T21:02:22.340+0000] {dag.py:3722} INFO - Setting next_dagrun for tutorial to 2023-11-21T21:02:22.340563+00:00, run_after=2023-11-22T21:02:22.340563+00:00
[2023-11-22T21:02:22.361+0000] {processor.py:179} INFO - Processing /home/airflow/.local/lib/python3.8/site-packages/airflow/example_dags/tutorial.py took 0.076 seconds
[2023-11-22T21:02:52.977+0000] {processor.py:157} INFO - Started process (PID=1720) to work on /home/airflow/.local/lib/python3.8/site-packages/airflow/example_dags/tutorial.py
[2023-11-22T21:02:52.978+0000] {processor.py:829} INFO - Processing file /home/airflow/.local/lib/python3.8/site-packages/airflow/example_dags/tutorial.py for tasks to queue
[2023-11-22T21:02:52.981+0000] {logging_mixin.py:154} INFO - [2023-11-22T21:02:52.981+0000] {dagbag.py:536} INFO - Filling up the DagBag from /home/airflow/.local/lib/python3.8/site-packages/airflow/example_dags/tutorial.py
[2023-11-22T21:02:52.988+0000] {processor.py:839} INFO - DAG(s) dict_keys(['tutorial']) retrieved from /home/airflow/.local/lib/python3.8/site-packages/airflow/example_dags/tutorial.py
[2023-11-22T21:02:53.165+0000] {logging_mixin.py:154} INFO - [2023-11-22T21:02:53.165+0000] {dag.py:2941} INFO - Sync 1 DAGs
[2023-11-22T21:02:53.191+0000] {logging_mixin.py:154} INFO - [2023-11-22T21:02:53.191+0000] {dag.py:3722} INFO - Setting next_dagrun for tutorial to 2023-11-21T21:02:53.191062+00:00, run_after=2023-11-22T21:02:53.191062+00:00
[2023-11-22T21:02:53.212+0000] {processor.py:179} INFO - Processing /home/airflow/.local/lib/python3.8/site-packages/airflow/example_dags/tutorial.py took 0.238 seconds
[2023-11-22T21:03:23.637+0000] {processor.py:157} INFO - Started process (PID=1774) to work on /home/airflow/.local/lib/python3.8/site-packages/airflow/example_dags/tutorial.py
[2023-11-22T21:03:23.639+0000] {processor.py:829} INFO - Processing file /home/airflow/.local/lib/python3.8/site-packages/airflow/example_dags/tutorial.py for tasks to queue
[2023-11-22T21:03:23.641+0000] {logging_mixin.py:154} INFO - [2023-11-22T21:03:23.641+0000] {dagbag.py:536} INFO - Filling up the DagBag from /home/airflow/.local/lib/python3.8/site-packages/airflow/example_dags/tutorial.py
[2023-11-22T21:03:23.652+0000] {processor.py:839} INFO - DAG(s) dict_keys(['tutorial']) retrieved from /home/airflow/.local/lib/python3.8/site-packages/airflow/example_dags/tutorial.py
[2023-11-22T21:03:23.676+0000] {logging_mixin.py:154} INFO - [2023-11-22T21:03:23.676+0000] {dag.py:2941} INFO - Sync 1 DAGs
[2023-11-22T21:03:23.704+0000] {logging_mixin.py:154} INFO - [2023-11-22T21:03:23.704+0000] {dag.py:3722} INFO - Setting next_dagrun for tutorial to 2023-11-21T21:03:23.703958+00:00, run_after=2023-11-22T21:03:23.703958+00:00
[2023-11-22T21:03:23.732+0000] {processor.py:179} INFO - Processing /home/airflow/.local/lib/python3.8/site-packages/airflow/example_dags/tutorial.py took 0.097 seconds
[2023-11-22T21:03:53.795+0000] {processor.py:157} INFO - Started process (PID=1828) to work on /home/airflow/.local/lib/python3.8/site-packages/airflow/example_dags/tutorial.py
[2023-11-22T21:03:53.796+0000] {processor.py:829} INFO - Processing file /home/airflow/.local/lib/python3.8/site-packages/airflow/example_dags/tutorial.py for tasks to queue
[2023-11-22T21:03:53.799+0000] {logging_mixin.py:154} INFO - [2023-11-22T21:03:53.798+0000] {dagbag.py:536} INFO - Filling up the DagBag from /home/airflow/.local/lib/python3.8/site-packages/airflow/example_dags/tutorial.py
[2023-11-22T21:03:53.805+0000] {processor.py:839} INFO - DAG(s) dict_keys(['tutorial']) retrieved from /home/airflow/.local/lib/python3.8/site-packages/airflow/example_dags/tutorial.py
[2023-11-22T21:03:53.826+0000] {logging_mixin.py:154} INFO - [2023-11-22T21:03:53.825+0000] {dag.py:2941} INFO - Sync 1 DAGs
[2023-11-22T21:03:53.847+0000] {logging_mixin.py:154} INFO - [2023-11-22T21:03:53.847+0000] {dag.py:3722} INFO - Setting next_dagrun for tutorial to 2023-11-21T21:03:53.846866+00:00, run_after=2023-11-22T21:03:53.846866+00:00
[2023-11-22T21:03:53.868+0000] {processor.py:179} INFO - Processing /home/airflow/.local/lib/python3.8/site-packages/airflow/example_dags/tutorial.py took 0.076 seconds
[2023-11-22T21:04:24.109+0000] {processor.py:157} INFO - Started process (PID=1882) to work on /home/airflow/.local/lib/python3.8/site-packages/airflow/example_dags/tutorial.py
[2023-11-22T21:04:24.111+0000] {processor.py:829} INFO - Processing file /home/airflow/.local/lib/python3.8/site-packages/airflow/example_dags/tutorial.py for tasks to queue
[2023-11-22T21:04:24.113+0000] {logging_mixin.py:154} INFO - [2023-11-22T21:04:24.113+0000] {dagbag.py:536} INFO - Filling up the DagBag from /home/airflow/.local/lib/python3.8/site-packages/airflow/example_dags/tutorial.py
[2023-11-22T21:04:24.119+0000] {processor.py:839} INFO - DAG(s) dict_keys(['tutorial']) retrieved from /home/airflow/.local/lib/python3.8/site-packages/airflow/example_dags/tutorial.py
[2023-11-22T21:04:24.142+0000] {logging_mixin.py:154} INFO - [2023-11-22T21:04:24.142+0000] {dag.py:2941} INFO - Sync 1 DAGs
[2023-11-22T21:04:24.170+0000] {logging_mixin.py:154} INFO - [2023-11-22T21:04:24.170+0000] {dag.py:3722} INFO - Setting next_dagrun for tutorial to 2023-11-21T21:04:24.169785+00:00, run_after=2023-11-22T21:04:24.169785+00:00
[2023-11-22T21:04:24.196+0000] {processor.py:179} INFO - Processing /home/airflow/.local/lib/python3.8/site-packages/airflow/example_dags/tutorial.py took 0.091 seconds
[2023-11-22T21:04:54.287+0000] {processor.py:157} INFO - Started process (PID=1936) to work on /home/airflow/.local/lib/python3.8/site-packages/airflow/example_dags/tutorial.py
[2023-11-22T21:04:54.288+0000] {processor.py:829} INFO - Processing file /home/airflow/.local/lib/python3.8/site-packages/airflow/example_dags/tutorial.py for tasks to queue
[2023-11-22T21:04:54.291+0000] {logging_mixin.py:154} INFO - [2023-11-22T21:04:54.291+0000] {dagbag.py:536} INFO - Filling up the DagBag from /home/airflow/.local/lib/python3.8/site-packages/airflow/example_dags/tutorial.py
[2023-11-22T21:04:54.298+0000] {processor.py:839} INFO - DAG(s) dict_keys(['tutorial']) retrieved from /home/airflow/.local/lib/python3.8/site-packages/airflow/example_dags/tutorial.py
[2023-11-22T21:04:54.319+0000] {logging_mixin.py:154} INFO - [2023-11-22T21:04:54.319+0000] {dag.py:2941} INFO - Sync 1 DAGs
[2023-11-22T21:04:54.342+0000] {logging_mixin.py:154} INFO - [2023-11-22T21:04:54.341+0000] {dag.py:3722} INFO - Setting next_dagrun for tutorial to 2023-11-21T21:04:54.341733+00:00, run_after=2023-11-22T21:04:54.341733+00:00
[2023-11-22T21:04:54.362+0000] {processor.py:179} INFO - Processing /home/airflow/.local/lib/python3.8/site-packages/airflow/example_dags/tutorial.py took 0.078 seconds
[2023-11-22T21:05:25.403+0000] {processor.py:157} INFO - Started process (PID=1990) to work on /home/airflow/.local/lib/python3.8/site-packages/airflow/example_dags/tutorial.py
[2023-11-22T21:05:25.404+0000] {processor.py:829} INFO - Processing file /home/airflow/.local/lib/python3.8/site-packages/airflow/example_dags/tutorial.py for tasks to queue
[2023-11-22T21:05:25.407+0000] {logging_mixin.py:154} INFO - [2023-11-22T21:05:25.406+0000] {dagbag.py:536} INFO - Filling up the DagBag from /home/airflow/.local/lib/python3.8/site-packages/airflow/example_dags/tutorial.py
[2023-11-22T21:05:25.413+0000] {processor.py:839} INFO - DAG(s) dict_keys(['tutorial']) retrieved from /home/airflow/.local/lib/python3.8/site-packages/airflow/example_dags/tutorial.py
[2023-11-22T21:05:25.434+0000] {logging_mixin.py:154} INFO - [2023-11-22T21:05:25.433+0000] {dag.py:2941} INFO - Sync 1 DAGs
[2023-11-22T21:05:25.455+0000] {logging_mixin.py:154} INFO - [2023-11-22T21:05:25.455+0000] {dag.py:3722} INFO - Setting next_dagrun for tutorial to 2023-11-21T21:05:25.455354+00:00, run_after=2023-11-22T21:05:25.455354+00:00
[2023-11-22T21:05:25.479+0000] {processor.py:179} INFO - Processing /home/airflow/.local/lib/python3.8/site-packages/airflow/example_dags/tutorial.py took 0.080 seconds
[2023-11-22T21:05:55.697+0000] {processor.py:157} INFO - Started process (PID=2044) to work on /home/airflow/.local/lib/python3.8/site-packages/airflow/example_dags/tutorial.py
[2023-11-22T21:05:55.699+0000] {processor.py:829} INFO - Processing file /home/airflow/.local/lib/python3.8/site-packages/airflow/example_dags/tutorial.py for tasks to queue
[2023-11-22T21:05:55.701+0000] {logging_mixin.py:154} INFO - [2023-11-22T21:05:55.701+0000] {dagbag.py:536} INFO - Filling up the DagBag from /home/airflow/.local/lib/python3.8/site-packages/airflow/example_dags/tutorial.py
[2023-11-22T21:05:55.708+0000] {processor.py:839} INFO - DAG(s) dict_keys(['tutorial']) retrieved from /home/airflow/.local/lib/python3.8/site-packages/airflow/example_dags/tutorial.py
[2023-11-22T21:05:55.729+0000] {logging_mixin.py:154} INFO - [2023-11-22T21:05:55.729+0000] {dag.py:2941} INFO - Sync 1 DAGs
[2023-11-22T21:05:55.751+0000] {logging_mixin.py:154} INFO - [2023-11-22T21:05:55.751+0000] {dag.py:3722} INFO - Setting next_dagrun for tutorial to 2023-11-21T21:05:55.751304+00:00, run_after=2023-11-22T21:05:55.751304+00:00
[2023-11-22T21:05:55.774+0000] {processor.py:179} INFO - Processing /home/airflow/.local/lib/python3.8/site-packages/airflow/example_dags/tutorial.py took 0.080 seconds
[2023-11-22T21:06:26.347+0000] {processor.py:157} INFO - Started process (PID=2099) to work on /home/airflow/.local/lib/python3.8/site-packages/airflow/example_dags/tutorial.py
[2023-11-22T21:06:26.348+0000] {processor.py:829} INFO - Processing file /home/airflow/.local/lib/python3.8/site-packages/airflow/example_dags/tutorial.py for tasks to queue
[2023-11-22T21:06:26.351+0000] {logging_mixin.py:154} INFO - [2023-11-22T21:06:26.350+0000] {dagbag.py:536} INFO - Filling up the DagBag from /home/airflow/.local/lib/python3.8/site-packages/airflow/example_dags/tutorial.py
[2023-11-22T21:06:26.357+0000] {processor.py:839} INFO - DAG(s) dict_keys(['tutorial']) retrieved from /home/airflow/.local/lib/python3.8/site-packages/airflow/example_dags/tutorial.py
[2023-11-22T21:06:26.378+0000] {logging_mixin.py:154} INFO - [2023-11-22T21:06:26.378+0000] {dag.py:2941} INFO - Sync 1 DAGs
[2023-11-22T21:06:26.399+0000] {logging_mixin.py:154} INFO - [2023-11-22T21:06:26.399+0000] {dag.py:3722} INFO - Setting next_dagrun for tutorial to 2023-11-21T21:06:26.399434+00:00, run_after=2023-11-22T21:06:26.399434+00:00
[2023-11-22T21:06:26.422+0000] {processor.py:179} INFO - Processing /home/airflow/.local/lib/python3.8/site-packages/airflow/example_dags/tutorial.py took 0.079 seconds
[2023-11-22T21:06:56.650+0000] {processor.py:157} INFO - Started process (PID=2153) to work on /home/airflow/.local/lib/python3.8/site-packages/airflow/example_dags/tutorial.py
[2023-11-22T21:06:56.651+0000] {processor.py:829} INFO - Processing file /home/airflow/.local/lib/python3.8/site-packages/airflow/example_dags/tutorial.py for tasks to queue
[2023-11-22T21:06:56.654+0000] {logging_mixin.py:154} INFO - [2023-11-22T21:06:56.654+0000] {dagbag.py:536} INFO - Filling up the DagBag from /home/airflow/.local/lib/python3.8/site-packages/airflow/example_dags/tutorial.py
[2023-11-22T21:06:56.661+0000] {processor.py:839} INFO - DAG(s) dict_keys(['tutorial']) retrieved from /home/airflow/.local/lib/python3.8/site-packages/airflow/example_dags/tutorial.py
[2023-11-22T21:06:56.683+0000] {logging_mixin.py:154} INFO - [2023-11-22T21:06:56.682+0000] {dag.py:2941} INFO - Sync 1 DAGs
[2023-11-22T21:06:56.708+0000] {logging_mixin.py:154} INFO - [2023-11-22T21:06:56.708+0000] {dag.py:3722} INFO - Setting next_dagrun for tutorial to 2023-11-21T21:06:56.708461+00:00, run_after=2023-11-22T21:06:56.708461+00:00
[2023-11-22T21:06:56.729+0000] {processor.py:179} INFO - Processing /home/airflow/.local/lib/python3.8/site-packages/airflow/example_dags/tutorial.py took 0.082 seconds
[2023-11-22T21:07:26.864+0000] {processor.py:157} INFO - Started process (PID=2207) to work on /home/airflow/.local/lib/python3.8/site-packages/airflow/example_dags/tutorial.py
[2023-11-22T21:07:26.865+0000] {processor.py:829} INFO - Processing file /home/airflow/.local/lib/python3.8/site-packages/airflow/example_dags/tutorial.py for tasks to queue
[2023-11-22T21:07:26.868+0000] {logging_mixin.py:154} INFO - [2023-11-22T21:07:26.868+0000] {dagbag.py:536} INFO - Filling up the DagBag from /home/airflow/.local/lib/python3.8/site-packages/airflow/example_dags/tutorial.py
[2023-11-22T21:07:26.877+0000] {processor.py:839} INFO - DAG(s) dict_keys(['tutorial']) retrieved from /home/airflow/.local/lib/python3.8/site-packages/airflow/example_dags/tutorial.py
[2023-11-22T21:07:26.900+0000] {logging_mixin.py:154} INFO - [2023-11-22T21:07:26.900+0000] {dag.py:2941} INFO - Sync 1 DAGs
[2023-11-22T21:07:26.929+0000] {logging_mixin.py:154} INFO - [2023-11-22T21:07:26.928+0000] {dag.py:3722} INFO - Setting next_dagrun for tutorial to 2023-11-21T21:07:26.928569+00:00, run_after=2023-11-22T21:07:26.928569+00:00
[2023-11-22T21:07:26.952+0000] {processor.py:179} INFO - Processing /home/airflow/.local/lib/python3.8/site-packages/airflow/example_dags/tutorial.py took 0.093 seconds
[2023-11-22T21:07:57.060+0000] {processor.py:157} INFO - Started process (PID=2260) to work on /home/airflow/.local/lib/python3.8/site-packages/airflow/example_dags/tutorial.py
[2023-11-22T21:07:57.061+0000] {processor.py:829} INFO - Processing file /home/airflow/.local/lib/python3.8/site-packages/airflow/example_dags/tutorial.py for tasks to queue
[2023-11-22T21:07:57.064+0000] {logging_mixin.py:154} INFO - [2023-11-22T21:07:57.064+0000] {dagbag.py:536} INFO - Filling up the DagBag from /home/airflow/.local/lib/python3.8/site-packages/airflow/example_dags/tutorial.py
[2023-11-22T21:07:57.070+0000] {processor.py:839} INFO - DAG(s) dict_keys(['tutorial']) retrieved from /home/airflow/.local/lib/python3.8/site-packages/airflow/example_dags/tutorial.py
[2023-11-22T21:07:57.091+0000] {logging_mixin.py:154} INFO - [2023-11-22T21:07:57.091+0000] {dag.py:2941} INFO - Sync 1 DAGs
[2023-11-22T21:07:57.116+0000] {logging_mixin.py:154} INFO - [2023-11-22T21:07:57.115+0000] {dag.py:3722} INFO - Setting next_dagrun for tutorial to 2023-11-21T21:07:57.115642+00:00, run_after=2023-11-22T21:07:57.115642+00:00
[2023-11-22T21:07:57.138+0000] {processor.py:179} INFO - Processing /home/airflow/.local/lib/python3.8/site-packages/airflow/example_dags/tutorial.py took 0.081 seconds
[2023-11-22T21:08:27.291+0000] {processor.py:157} INFO - Started process (PID=2314) to work on /home/airflow/.local/lib/python3.8/site-packages/airflow/example_dags/tutorial.py
[2023-11-22T21:08:27.292+0000] {processor.py:829} INFO - Processing file /home/airflow/.local/lib/python3.8/site-packages/airflow/example_dags/tutorial.py for tasks to queue
[2023-11-22T21:08:27.295+0000] {logging_mixin.py:154} INFO - [2023-11-22T21:08:27.295+0000] {dagbag.py:536} INFO - Filling up the DagBag from /home/airflow/.local/lib/python3.8/site-packages/airflow/example_dags/tutorial.py
[2023-11-22T21:08:27.302+0000] {processor.py:839} INFO - DAG(s) dict_keys(['tutorial']) retrieved from /home/airflow/.local/lib/python3.8/site-packages/airflow/example_dags/tutorial.py
[2023-11-22T21:08:27.323+0000] {logging_mixin.py:154} INFO - [2023-11-22T21:08:27.323+0000] {dag.py:2941} INFO - Sync 1 DAGs
[2023-11-22T21:08:27.346+0000] {logging_mixin.py:154} INFO - [2023-11-22T21:08:27.346+0000] {dag.py:3722} INFO - Setting next_dagrun for tutorial to 2023-11-21T21:08:27.346407+00:00, run_after=2023-11-22T21:08:27.346407+00:00
[2023-11-22T21:08:27.369+0000] {processor.py:179} INFO - Processing /home/airflow/.local/lib/python3.8/site-packages/airflow/example_dags/tutorial.py took 0.081 seconds
[2023-11-22T21:08:57.946+0000] {processor.py:157} INFO - Started process (PID=2368) to work on /home/airflow/.local/lib/python3.8/site-packages/airflow/example_dags/tutorial.py
[2023-11-22T21:08:57.947+0000] {processor.py:829} INFO - Processing file /home/airflow/.local/lib/python3.8/site-packages/airflow/example_dags/tutorial.py for tasks to queue
[2023-11-22T21:08:57.949+0000] {logging_mixin.py:154} INFO - [2023-11-22T21:08:57.949+0000] {dagbag.py:536} INFO - Filling up the DagBag from /home/airflow/.local/lib/python3.8/site-packages/airflow/example_dags/tutorial.py
[2023-11-22T21:08:57.956+0000] {processor.py:839} INFO - DAG(s) dict_keys(['tutorial']) retrieved from /home/airflow/.local/lib/python3.8/site-packages/airflow/example_dags/tutorial.py
[2023-11-22T21:08:57.977+0000] {logging_mixin.py:154} INFO - [2023-11-22T21:08:57.977+0000] {dag.py:2941} INFO - Sync 1 DAGs
[2023-11-22T21:08:58.005+0000] {logging_mixin.py:154} INFO - [2023-11-22T21:08:58.004+0000] {dag.py:3722} INFO - Setting next_dagrun for tutorial to 2023-11-21T21:08:58.004363+00:00, run_after=2023-11-22T21:08:58.004363+00:00
[2023-11-22T21:08:58.027+0000] {processor.py:179} INFO - Processing /home/airflow/.local/lib/python3.8/site-packages/airflow/example_dags/tutorial.py took 0.085 seconds
[2023-11-22T21:09:28.274+0000] {processor.py:157} INFO - Started process (PID=2422) to work on /home/airflow/.local/lib/python3.8/site-packages/airflow/example_dags/tutorial.py
[2023-11-22T21:09:28.275+0000] {processor.py:829} INFO - Processing file /home/airflow/.local/lib/python3.8/site-packages/airflow/example_dags/tutorial.py for tasks to queue
[2023-11-22T21:09:28.279+0000] {logging_mixin.py:154} INFO - [2023-11-22T21:09:28.278+0000] {dagbag.py:536} INFO - Filling up the DagBag from /home/airflow/.local/lib/python3.8/site-packages/airflow/example_dags/tutorial.py
[2023-11-22T21:09:28.285+0000] {processor.py:839} INFO - DAG(s) dict_keys(['tutorial']) retrieved from /home/airflow/.local/lib/python3.8/site-packages/airflow/example_dags/tutorial.py
[2023-11-22T21:09:28.306+0000] {logging_mixin.py:154} INFO - [2023-11-22T21:09:28.305+0000] {dag.py:2941} INFO - Sync 1 DAGs
[2023-11-22T21:09:28.329+0000] {logging_mixin.py:154} INFO - [2023-11-22T21:09:28.329+0000] {dag.py:3722} INFO - Setting next_dagrun for tutorial to 2023-11-21T21:09:28.329039+00:00, run_after=2023-11-22T21:09:28.329039+00:00
[2023-11-22T21:09:28.350+0000] {processor.py:179} INFO - Processing /home/airflow/.local/lib/python3.8/site-packages/airflow/example_dags/tutorial.py took 0.080 seconds
[2023-11-22T21:09:58.534+0000] {processor.py:157} INFO - Started process (PID=2476) to work on /home/airflow/.local/lib/python3.8/site-packages/airflow/example_dags/tutorial.py
[2023-11-22T21:09:58.535+0000] {processor.py:829} INFO - Processing file /home/airflow/.local/lib/python3.8/site-packages/airflow/example_dags/tutorial.py for tasks to queue
[2023-11-22T21:09:58.538+0000] {logging_mixin.py:154} INFO - [2023-11-22T21:09:58.538+0000] {dagbag.py:536} INFO - Filling up the DagBag from /home/airflow/.local/lib/python3.8/site-packages/airflow/example_dags/tutorial.py
[2023-11-22T21:09:58.545+0000] {processor.py:839} INFO - DAG(s) dict_keys(['tutorial']) retrieved from /home/airflow/.local/lib/python3.8/site-packages/airflow/example_dags/tutorial.py
[2023-11-22T21:09:58.566+0000] {logging_mixin.py:154} INFO - [2023-11-22T21:09:58.566+0000] {dag.py:2941} INFO - Sync 1 DAGs
[2023-11-22T21:09:58.591+0000] {logging_mixin.py:154} INFO - [2023-11-22T21:09:58.591+0000] {dag.py:3722} INFO - Setting next_dagrun for tutorial to 2023-11-21T21:09:58.590799+00:00, run_after=2023-11-22T21:09:58.590799+00:00
[2023-11-22T21:09:58.611+0000] {processor.py:179} INFO - Processing /home/airflow/.local/lib/python3.8/site-packages/airflow/example_dags/tutorial.py took 0.080 seconds
[2023-11-22T21:10:28.984+0000] {processor.py:157} INFO - Started process (PID=2530) to work on /home/airflow/.local/lib/python3.8/site-packages/airflow/example_dags/tutorial.py
[2023-11-22T21:10:28.986+0000] {processor.py:829} INFO - Processing file /home/airflow/.local/lib/python3.8/site-packages/airflow/example_dags/tutorial.py for tasks to queue
[2023-11-22T21:10:28.988+0000] {logging_mixin.py:154} INFO - [2023-11-22T21:10:28.988+0000] {dagbag.py:536} INFO - Filling up the DagBag from /home/airflow/.local/lib/python3.8/site-packages/airflow/example_dags/tutorial.py
[2023-11-22T21:10:28.995+0000] {processor.py:839} INFO - DAG(s) dict_keys(['tutorial']) retrieved from /home/airflow/.local/lib/python3.8/site-packages/airflow/example_dags/tutorial.py
[2023-11-22T21:10:29.017+0000] {logging_mixin.py:154} INFO - [2023-11-22T21:10:29.016+0000] {dag.py:2941} INFO - Sync 1 DAGs
[2023-11-22T21:10:29.042+0000] {logging_mixin.py:154} INFO - [2023-11-22T21:10:29.042+0000] {dag.py:3722} INFO - Setting next_dagrun for tutorial to 2023-11-21T21:10:29.041736+00:00, run_after=2023-11-22T21:10:29.041736+00:00
[2023-11-22T21:10:29.066+0000] {processor.py:179} INFO - Processing /home/airflow/.local/lib/python3.8/site-packages/airflow/example_dags/tutorial.py took 0.085 seconds
[2023-11-22T21:10:59.456+0000] {processor.py:157} INFO - Started process (PID=2584) to work on /home/airflow/.local/lib/python3.8/site-packages/airflow/example_dags/tutorial.py
[2023-11-22T21:10:59.458+0000] {processor.py:829} INFO - Processing file /home/airflow/.local/lib/python3.8/site-packages/airflow/example_dags/tutorial.py for tasks to queue
[2023-11-22T21:10:59.461+0000] {logging_mixin.py:154} INFO - [2023-11-22T21:10:59.460+0000] {dagbag.py:536} INFO - Filling up the DagBag from /home/airflow/.local/lib/python3.8/site-packages/airflow/example_dags/tutorial.py
[2023-11-22T21:10:59.467+0000] {processor.py:839} INFO - DAG(s) dict_keys(['tutorial']) retrieved from /home/airflow/.local/lib/python3.8/site-packages/airflow/example_dags/tutorial.py
[2023-11-22T21:10:59.487+0000] {logging_mixin.py:154} INFO - [2023-11-22T21:10:59.487+0000] {dag.py:2941} INFO - Sync 1 DAGs
[2023-11-22T21:10:59.512+0000] {logging_mixin.py:154} INFO - [2023-11-22T21:10:59.512+0000] {dag.py:3722} INFO - Setting next_dagrun for tutorial to 2023-11-21T21:10:59.512483+00:00, run_after=2023-11-22T21:10:59.512483+00:00
[2023-11-22T21:10:59.535+0000] {processor.py:179} INFO - Processing /home/airflow/.local/lib/python3.8/site-packages/airflow/example_dags/tutorial.py took 0.083 seconds
[2023-11-22T21:11:30.275+0000] {processor.py:157} INFO - Started process (PID=2638) to work on /home/airflow/.local/lib/python3.8/site-packages/airflow/example_dags/tutorial.py
[2023-11-22T21:11:30.277+0000] {processor.py:829} INFO - Processing file /home/airflow/.local/lib/python3.8/site-packages/airflow/example_dags/tutorial.py for tasks to queue
[2023-11-22T21:11:30.279+0000] {logging_mixin.py:154} INFO - [2023-11-22T21:11:30.279+0000] {dagbag.py:536} INFO - Filling up the DagBag from /home/airflow/.local/lib/python3.8/site-packages/airflow/example_dags/tutorial.py
[2023-11-22T21:11:30.286+0000] {processor.py:839} INFO - DAG(s) dict_keys(['tutorial']) retrieved from /home/airflow/.local/lib/python3.8/site-packages/airflow/example_dags/tutorial.py
[2023-11-22T21:11:30.307+0000] {logging_mixin.py:154} INFO - [2023-11-22T21:11:30.307+0000] {dag.py:2941} INFO - Sync 1 DAGs
[2023-11-22T21:11:30.333+0000] {logging_mixin.py:154} INFO - [2023-11-22T21:11:30.333+0000] {dag.py:3722} INFO - Setting next_dagrun for tutorial to 2023-11-21T21:11:30.333510+00:00, run_after=2023-11-22T21:11:30.333510+00:00
[2023-11-22T21:11:30.355+0000] {processor.py:179} INFO - Processing /home/airflow/.local/lib/python3.8/site-packages/airflow/example_dags/tutorial.py took 0.083 seconds
